22:22:12.070 [main                     ] DEBUG Logger               - Configured Logger
22:22:12.093 [main                     ] DEBUG GameApplication      - Logging settings
Title: Soot(sin)
Version: 0.0
Width: 700
Height: 360
Fullscreen: false
Intro: false
Profiling: false
Single step:false
App Mode: DEVELOPER
Menu Key: ESCAPE
Stage Style: DECORATED
Scene Factory: class com.almasb.fxgl.app.scene.SceneFactory

22:22:12.547 [JavaFX Application Thread] DEBUG FXGLApplication      - Initializing FXGL
22:22:12.551 [JavaFX Application Thread] INFO  Engine               - FXGL-17.2 (20.08.2022 16.50) on MAC (J:18.0.2.1 FX:18.0.2)
22:22:12.551 [JavaFX Application Thread] DEBUG Engine               - JRE Vendor Name: Oracle Corporation
22:22:12.552 [JavaFX Application Thread] DEBUG Engine               - Running on OS: Mac OS X version 13.4.1
22:22:12.552 [JavaFX Application Thread] DEBUG Engine               - Architecture: aarch64
22:22:12.552 [JavaFX Application Thread] INFO  Engine               - Source code and latest versions at: https://github.com/AlmasB/FXGL
22:22:12.552 [JavaFX Application Thread] INFO  Engine               -       Ask questions and discuss at: https://github.com/AlmasB/FXGL/discussions
22:22:12.552 [JavaFX Application Thread] INFO  Engine               -              Join the FXGL chat at: https://gitter.im/AlmasB/FXGL
22:22:12.615 [JavaFX Application Thread] DEBUG PrimaryStageWindow   - Creating a JavaFX scene
22:22:12.648 [JavaFX Application Thread] DEBUG PrimaryStageWindow   - Target settings size: 700.0 x 360.0
22:22:12.648 [JavaFX Application Thread] DEBUG PrimaryStageWindow   - Scaled scene size:    700.0 x 360.0
22:22:12.648 [JavaFX Application Thread] DEBUG PrimaryStageWindow   - Scaled ratio: (1.0, 1.0)
22:22:12.649 [JavaFX Application Thread] DEBUG PrimaryStageWindow   - Set initial scene to FXGLStartupScene
22:22:12.653 [JavaFX Application Thread] DEBUG PrimaryStageWindow   - Opening main window
22:22:12.841 [JavaFX Application Thread] DEBUG PrimaryStageWindow   - Window border size: (0.0, 28.0)
22:22:12.841 [JavaFX Application Thread] DEBUG PrimaryStageWindow   - Scaled size: 700.0 x 360.0
22:22:12.842 [JavaFX Application Thread] DEBUG PrimaryStageWindow   - Scaled ratio: (1.0, 1.0)
22:22:12.842 [JavaFX Application Thread] DEBUG PrimaryStageWindow   - Scene size: 700.0 x 360.0
22:22:12.842 [JavaFX Application Thread] DEBUG PrimaryStageWindow   - Stage size: 700.0 x 388.0
22:22:12.861 [FXGL Background Thread 1 ] DEBUG Engine               - Initializing environment variables
22:22:12.995 [FXGL Background Thread 1 ] DEBUG FXGLAssetLoaderServi - User app class for loading assets: class com.example.proj.SootApp
22:22:12.995 [FXGL Background Thread 1 ] DEBUG GameApplicationServi - Applying CSS: fxgl_dark.css
22:22:12.996 [FXGL Background Thread 1 ] DEBUG FXGLAssetLoaderServi - Loading from file system: jar:file:///Users/olive/.m2/repository/com/github/almasb/fxgl/17.2/fxgl-17.2.jar!/fxglassets/ui/css/fxgl_dark.css
22:22:13.074 [FXGL Background Thread 1 ] DEBUG GameApplicationServi - Initializing application scenes
22:22:13.434 [FXGL Background Thread 1 ] DEBUG GameWorld            - Game world initialized
22:22:13.487 [FXGL Background Thread 1 ] DEBUG PhysicsWorld         - Physics world initialized: appHeight=360, physics.ppm=50.0
22:22:13.488 [FXGL Background Thread 1 ] DEBUG PhysicsWorld         - Using strategy: BRUTE_FORCE
22:22:13.496 [FXGL Background Thread 1 ] DEBUG GameScene            - Game scene initialized: 700x360
22:22:13.511 [FXGL Background Thread 1 ] WARN  FXGL.DefaultMenu     - FXGLDefaultMenu is not designed for resolutions < 800x600
22:22:13.511 [FXGL Background Thread 1 ] DEBUG FXGL.DefaultMenu     - createMenuBodyGameMenu()
22:22:13.526 [FXGL Background Thread 1 ] DEBUG FXGL.DefaultMenu     - createOptionsMenu()
22:22:13.537 [FXGL Background Thread 1 ] DEBUG FXGLAssetLoaderServi - Loading from file system: jar:file:///Users/olive/.m2/repository/com/github/almasb/fxgl/17.2/fxgl-17.2.jar!/fxglassets/textures/particles/smoke.png
22:22:13.649 [FXGL Background Thread 1 ] DEBUG FXGLAssetLoaderServi - Loading from file system: jar:file:///Users/olive/.m2/repository/com/github/almasb/fxgl/17.2/fxgl-17.2.jar!/fxglassets/textures/particles/trace_horizontal.png
22:22:13.674 [FXGL Background Thread 1 ] DEBUG GameApplicationServi - Application scenes initialized
22:22:13.683 [FXGL Background Thread 1 ] DEBUG SystemBundleService  - Loading FXGL system data
22:22:13.686 [FXGL Background Thread 1 ] DEBUG FileSystemAccess     - Reading from: /Users/olive/Documents/GitHub/Project-Winter/system/fxgl.bundle
22:22:13.693 [FXGL Background Thread 1 ] DEBUG SystemBundleService  - Bundle FXGL: {}
22:22:13.694 [FXGL Background Thread 1 ] DEBUG UpdaterService       - Checking for updates
22:22:13.696 [FXGL Background Thread 4 ] DEBUG FXGLApplication      - Loading fonts
22:22:13.696 [FXGL Background Thread 4 ] DEBUG FXGLAssetLoaderServi - Loading from file system: jar:file:///Users/olive/.m2/repository/com/github/almasb/fxgl/17.2/fxgl-17.2.jar!/fxglassets/ui/fonts/VarelaRound-Regular.ttf
22:22:13.696 [FXGL Background Thread 1 ] DEBUG FXGLApplication      - Loading default localization
22:22:13.697 [FXGL Background Thread 1 ] DEBUG FXGLAssetLoaderServi - Loading from file system: jar:file:///Users/olive/.m2/repository/com/github/almasb/fxgl/17.2/fxgl-17.2.jar!/fxglassets/languages/english.lang
22:22:13.706 [FXGL Background Thread 4 ] DEBUG FXGLAssetLoaderServi - Loading from file system: jar:file:///Users/olive/.m2/repository/com/github/almasb/fxgl/17.2/fxgl-17.2.jar!/fxglassets/ui/fonts/Abel-Regular.ttf
22:22:13.707 [FXGL Background Thread 1 ] INFO  FXGLApplication      - FXGL initialization took: 0.851 sec
22:22:13.707 [FXGL Background Thread 4 ] DEBUG FXGLAssetLoaderServi - Loading from file system: jar:file:///Users/olive/.m2/repository/com/github/almasb/fxgl/17.2/fxgl-17.2.jar!/fxglassets/ui/fonts/TerminalLandMono-Regular.otf
22:22:13.710 [FXGL Background Thread 4 ] DEBUG FXGLAssetLoaderServi - Loading from file system: jar:file:///Users/olive/.m2/repository/com/github/almasb/fxgl/17.2/fxgl-17.2.jar!/fxglassets/ui/fonts/Courier-Prime.ttf
22:22:13.713 [JavaFX Application Thread] DEBUG Input                - Registered new binding: left - Left
22:22:13.713 [JavaFX Application Thread] DEBUG Input                - Registered new binding: right - Right
22:22:13.713 [JavaFX Application Thread] DEBUG Input                - Registered new binding: jump - Up
22:22:13.713 [JavaFX Application Thread] DEBUG FXGLAssetLoaderServi - Loading from file system: jar:file:///Users/olive/.m2/repository/com/github/almasb/fxgl/17.2/fxgl-17.2.jar!/fxglassets/textures/fxgl_icon.png
22:22:13.742 [JavaFX Application Thread] DEBUG FXGLAssetLoaderServi - Loading from file system: jar:file:///Users/olive/.m2/repository/com/github/almasb/fxgl/17.2/fxgl-17.2.jar!/fxglassets/textures/fxgl_default_cursor.png
22:22:13.744 [JavaFX Application Thread] DEBUG Input                - Registered new binding: Screenshot - CTRL+8
22:22:13.744 [JavaFX Application Thread] DEBUG Input                - Registered new binding: System info dump - CTRL+9
22:22:13.744 [JavaFX Application Thread] DEBUG Input                - Registered new binding: Restart - CTRL+R
22:22:13.745 [JavaFX Application Thread] DEBUG Input                - Registered new binding: Toggle Debug Camera - CTRL+7
22:22:13.746 [JavaFX Application Thread] DEBUG LoopRunner           - Starting loop
22:22:13.746 [JavaFX Application Thread] DEBUG LoopRunner           - Initializing JavaFX AnimationTimerLoop
22:22:13.747 [JavaFX Application Thread] DEBUG GameApplicationServi - Starting new game
22:22:13.747 [JavaFX Application Thread] DEBUG Input                - Clearing active input actions
22:22:13.755 [JavaFX Application Thread] DEBUG GameApplicationServi - Removing overlay from FXGLStartupScene and adding to FXGLLoadingScene
22:22:13.756 [JavaFX Application Thread] DEBUG PrimaryStageWindow   - FXGLStartupScene -> FXGLLoadingScene
22:22:13.756 [JavaFX Application Thread] DEBUG GameApplicationServi - Clearing previous game
22:22:13.756 [JavaFX Application Thread] DEBUG GameScene            - Clearing game scene
22:22:13.756 [JavaFX Application Thread] DEBUG GameWorld            - Clearing game world
22:22:13.756 [JavaFX Application Thread] DEBUG PhysicsWorld         - Clearing physics world
22:22:13.757 [FXGL Background Thread 4 ] DEBUG FXGLApplication      - Initializing game
22:22:13.788 [FXGL Background Thread 4 ] DEBUG TMXLevelLoader       - Parsed TiledMap: file:/Users/olive/Documents/GitHub/Project-Winter/proj/target/classes/assets/levels/tmx/Plat1.9.0.tmx
22:22:13.788 [FXGL Background Thread 4 ] DEBUG TMXLevelLoader       - Creating tile layer entities
22:22:13.789 [FXGL Background Thread 4 ] DEBUG TilesetLoader        - Loading view for layer Tile Layer 1
22:22:13.790 [FXGL Background Thread 4 ] DEBUG TilesetLoader        - Created buffer with size 810.0x360.0
22:22:13.811 [FXGL Background Thread 4 ] DEBUG TMXLevelLoader       - Creating object layer entities
22:22:13.815 [JavaFX Application Thread] DEBUG FXGLApplication      - Registering font factories with UI factory
22:22:13.858 [FXGL Background Thread 4 ] DEBUG GameWorld            - Clearing removable entities
22:22:13.858 [FXGL Background Thread 4 ] DEBUG GameWorld            - Setting level: com.almasb.fxgl.entity.level.Level@7c9b9a12
22:22:13.869 [FXGL Background Thread 4 ] DEBUG FXGLAssetLoaderServi - Loading from file system: file:/Users/olive/Documents/GitHub/Project-Winter/proj/target/classes/assets/textures/finalSOOT.gif
22:22:13.873 [FXGL Background Thread 4 ] WARN  Entity               - Entity already has component: com.example.proj.component.PlayerControl
22:22:13.874 [FXGL Background Thread 4 ] DEBUG FXGLAssetLoaderServi - Loading from file system: file:/Users/olive/Documents/GitHub/Project-Winter/proj/target/classes/assets/textures/heart.png
22:22:13.876 [FXGL Background Thread 4 ] INFO  FXGLApplication      - Game initialization took: 0.119 sec
22:22:13.937 [JavaFX Application Thread] DEBUG Input                - Clearing active input actions
22:22:13.943 [JavaFX Application Thread] DEBUG GameApplicationServi - Removing overlay from FXGLLoadingScene and adding to GameScene
22:22:13.944 [JavaFX Application Thread] DEBUG PrimaryStageWindow   - FXGLLoadingScene -> GameScene
22:22:14.075 [FXGL Background Thread 2 ] INFO  UpdaterService       - Your current version:  17.2
22:22:14.075 [FXGL Background Thread 2 ] INFO  UpdaterService       - Latest stable version: 21
22:22:16.700 [FXGL Background Thread 3 ] DEBUG Engine               - Logging environment variables
22:22:16.702 [FXGL Background Thread 3 ] DEBUG Engine               - achievements: []
22:22:16.702 [FXGL Background Thread 3 ] DEBUG Engine               - actualHeight: 360.0
22:22:16.702 [FXGL Background Thread 3 ] DEBUG Engine               - actualHeightProperty: ReadOnlyDoubleProperty [value: 360.0]
22:22:16.702 [FXGL Background Thread 3 ] DEBUG Engine               - actualWidth: 700.0
22:22:16.703 [FXGL Background Thread 3 ] DEBUG Engine               - actualWidthProperty: ReadOnlyDoubleProperty [value: 700.0]
22:22:16.703 [FXGL Background Thread 3 ] DEBUG Engine               - appIcon: fxgl_icon.png
22:22:16.703 [FXGL Background Thread 3 ] DEBUG Engine               - applicationMode: DEVELOPER
22:22:16.703 [FXGL Background Thread 3 ] DEBUG Engine               - cSSList: [fxgl_dark.css]
22:22:16.703 [FXGL Background Thread 3 ] DEBUG Engine               - collisionDetectionStrategy: BRUTE_FORCE
22:22:16.703 [FXGL Background Thread 3 ] DEBUG Engine               - configClass: Optional.empty
22:22:16.703 [FXGL Background Thread 3 ] DEBUG Engine               - credits: []
22:22:16.704 [FXGL Background Thread 3 ] DEBUG Engine               - defaultCursor: CursorInfo(imageName=fxgl_default_cursor.png, hotspotX=7.0, hotspotY=6.0)
22:22:16.705 [FXGL Background Thread 3 ] DEBUG Engine               - devBBoxColorProperty: ObjectProperty [value: 0xff0000ff]
22:22:16.705 [FXGL Background Thread 3 ] DEBUG Engine               - devEnableDebugCameraProperty: BooleanProperty [value: false]
22:22:16.705 [FXGL Background Thread 3 ] DEBUG Engine               - devSensorColorProperty: ObjectProperty [value: 0xffff00ff]
22:22:16.705 [FXGL Background Thread 3 ] DEBUG Engine               - devShowBBoxProperty: BooleanProperty [value: false]
22:22:16.705 [FXGL Background Thread 3 ] DEBUG Engine               - devShowPositionProperty: BooleanProperty [value: false]
22:22:16.705 [FXGL Background Thread 3 ] DEBUG Engine               - enabledMenuItems: []
22:22:16.705 [FXGL Background Thread 3 ] DEBUG Engine               - engineServices: [class com.almasb.fxgl.app.services.FXGLAssetLoaderService, class com.almasb.fxgl.app.FXGLApplication$GameApplicationService, class com.almasb.fxgl.app.services.FXGLDialogService, class com.almasb.fxgl.app.services.IOTaskExecutorService, class com.almasb.fxgl.io.FileSystemService, class com.almasb.fxgl.localization.LocalizationService, class com.almasb.fxgl.app.services.SystemBundleService, class com.almasb.fxgl.profile.SaveLoadService, class com.almasb.fxgl.ui.FXGLUIFactoryServiceProvider, class com.almasb.fxgl.ui.FXGLDialogFactoryServiceProvider, class com.almasb.fxgl.audio.AudioPlayer, class com.almasb.fxgl.notification.impl.NotificationServiceProvider, class com.almasb.fxgl.achievement.AchievementService, class com.almasb.fxgl.cutscene.CutsceneService, class com.almasb.fxgl.minigames.MiniGameService, class com.almasb.fxgl.net.NetService, class com.almasb.fxgl.app.services.UpdaterService, class com.almasb.fxgl.dev.DevService]
22:22:16.705 [FXGL Background Thread 3 ] DEBUG Engine               - fontGame: Abel-Regular.ttf
22:22:16.705 [FXGL Background Thread 3 ] DEBUG Engine               - fontMono: TerminalLandMono-Regular.otf
22:22:16.706 [FXGL Background Thread 3 ] DEBUG Engine               - fontText: Courier-Prime.ttf
22:22:16.706 [FXGL Background Thread 3 ] DEBUG Engine               - fontUI: VarelaRound-Regular.ttf
22:22:16.706 [FXGL Background Thread 3 ] DEBUG Engine               - fullScreen: BooleanProperty [value: false]
22:22:16.706 [FXGL Background Thread 3 ] DEBUG Engine               - gameDifficulty: MEDIUM
22:22:16.706 [FXGL Background Thread 3 ] DEBUG Engine               - gameDifficultyProperty: ObjectProperty [value: MEDIUM]
22:22:16.706 [FXGL Background Thread 3 ] DEBUG Engine               - globalMusicVolume: 0.5
22:22:16.706 [FXGL Background Thread 3 ] DEBUG Engine               - globalMusicVolumeProperty: DoubleProperty [value: 0.5]
22:22:16.706 [FXGL Background Thread 3 ] DEBUG Engine               - globalSoundVolume: 0.5
22:22:16.706 [FXGL Background Thread 3 ] DEBUG Engine               - globalSoundVolumeProperty: DoubleProperty [value: 0.5]
22:22:16.706 [FXGL Background Thread 3 ] DEBUG Engine               - height: 360
22:22:16.706 [FXGL Background Thread 3 ] DEBUG Engine               - is3D: false
22:22:16.706 [FXGL Background Thread 3 ] DEBUG Engine               - isAndroid: false
22:22:16.707 [FXGL Background Thread 3 ] DEBUG Engine               - isBrowser: false
22:22:16.707 [FXGL Background Thread 3 ] DEBUG Engine               - isClickFeedbackEnabled: false
22:22:16.707 [FXGL Background Thread 3 ] DEBUG Engine               - isCloseConfirmation: false
22:22:16.707 [FXGL Background Thread 3 ] DEBUG Engine               - isDesktop: true
22:22:16.707 [FXGL Background Thread 3 ] DEBUG Engine               - isDeveloperMenuEnabled: false
22:22:16.707 [FXGL Background Thread 3 ] DEBUG Engine               - isEmbedded: false
22:22:16.707 [FXGL Background Thread 3 ] DEBUG Engine               - isEntityPreloadEnabled: true
22:22:16.707 [FXGL Background Thread 3 ] DEBUG Engine               - isExperimentalTiledLargeMap: false
22:22:16.707 [FXGL Background Thread 3 ] DEBUG Engine               - isFileSystemWriteAllowed: true
22:22:16.707 [FXGL Background Thread 3 ] DEBUG Engine               - isFullScreenAllowed: false
22:22:16.707 [FXGL Background Thread 3 ] DEBUG Engine               - isFullScreenFromStart: false
22:22:16.708 [FXGL Background Thread 3 ] DEBUG Engine               - isGameMenuEnabled: true
22:22:16.708 [FXGL Background Thread 3 ] DEBUG Engine               - isIOS: false
22:22:16.708 [FXGL Background Thread 3 ] DEBUG Engine               - isIntroEnabled: false
22:22:16.708 [FXGL Background Thread 3 ] DEBUG Engine               - isLinux: false
22:22:16.708 [FXGL Background Thread 3 ] DEBUG Engine               - isMac: true
22:22:16.708 [FXGL Background Thread 3 ] DEBUG Engine               - isMainMenuEnabled: false
22:22:16.708 [FXGL Background Thread 3 ] DEBUG Engine               - isManualResizeEnabled: false
22:22:16.708 [FXGL Background Thread 3 ] DEBUG Engine               - isMobile: false
22:22:16.708 [FXGL Background Thread 3 ] DEBUG Engine               - isNative: false
22:22:16.708 [FXGL Background Thread 3 ] DEBUG Engine               - isPauseMusicWhenMinimized: true
22:22:16.709 [FXGL Background Thread 3 ] DEBUG Engine               - isPreserveResizeRatio: false
22:22:16.709 [FXGL Background Thread 3 ] DEBUG Engine               - isProfilingEnabled: false
22:22:16.709 [FXGL Background Thread 3 ] DEBUG Engine               - isScaleAffectedOnResize: true
22:22:16.709 [FXGL Background Thread 3 ] DEBUG Engine               - isSingleStep: false
22:22:16.709 [FXGL Background Thread 3 ] DEBUG Engine               - isUserProfileEnabled: false
22:22:16.709 [FXGL Background Thread 3 ] DEBUG Engine               - isWindows: false
22:22:16.709 [FXGL Background Thread 3 ] DEBUG Engine               - language: ObjectProperty [value: ENGLISH]
22:22:16.709 [FXGL Background Thread 3 ] DEBUG Engine               - menuKey: ESCAPE
22:22:16.709 [FXGL Background Thread 3 ] DEBUG Engine               - mouseSensitivity: 0.2
22:22:16.709 [FXGL Background Thread 3 ] DEBUG Engine               - notificationViewClass: class com.almasb.fxgl.notification.view.XboxNotificationView
22:22:16.709 [FXGL Background Thread 3 ] DEBUG Engine               - pixelsPerMeter: 50.0
22:22:16.709 [FXGL Background Thread 3 ] DEBUG Engine               - platform: MAC
22:22:16.710 [FXGL Background Thread 3 ] DEBUG Engine               - prefHeightProperty: ReadOnlyDoubleProperty [value: 360.0]
22:22:16.710 [FXGL Background Thread 3 ] DEBUG Engine               - prefWidthProperty: ReadOnlyDoubleProperty [value: 700.0]
22:22:16.710 [FXGL Background Thread 3 ] DEBUG Engine               - profileDir: profiles/
22:22:16.710 [FXGL Background Thread 3 ] DEBUG Engine               - profileName: StringProperty [value: DEFAULT]
22:22:16.710 [FXGL Background Thread 3 ] DEBUG Engine               - randomSeed: -1
22:22:16.710 [FXGL Background Thread 3 ] DEBUG Engine               - runtimeInfo: RuntimeInfo(platform=MAC, version=17.2, build=20.08.2022 16.50)
22:22:16.711 [FXGL Background Thread 3 ] DEBUG Engine               - saveFileExt: sav
22:22:16.711 [FXGL Background Thread 3 ] DEBUG Engine               - scaledHeightProp$fxgl: DoubleProperty [bound, value: 360.0]
22:22:16.711 [FXGL Background Thread 3 ] DEBUG Engine               - scaledWidthProp$fxgl: DoubleProperty [bound, value: 700.0]
22:22:16.711 [FXGL Background Thread 3 ] DEBUG Engine               - sceneFactory: com.almasb.fxgl.app.scene.SceneFactory@4d3242ec
22:22:16.711 [FXGL Background Thread 3 ] DEBUG Engine               - secondsIn24h: 60
22:22:16.711 [FXGL Background Thread 3 ] DEBUG Engine               - soundMenuBack: menu/back.wav
22:22:16.711 [FXGL Background Thread 3 ] DEBUG Engine               - soundMenuPress: menu/press.wav
22:22:16.711 [FXGL Background Thread 3 ] DEBUG Engine               - soundMenuSelect: menu/select.wav
22:22:16.711 [FXGL Background Thread 3 ] DEBUG Engine               - soundNotification: core/notification.wav
22:22:16.711 [FXGL Background Thread 3 ] DEBUG Engine               - stageStyle: DECORATED
22:22:16.711 [FXGL Background Thread 3 ] DEBUG Engine               - supportedLanguages: [ENGLISH, FRENCH, GERMAN, HUNGARIAN, RUSSIAN]
22:22:16.711 [FXGL Background Thread 3 ] DEBUG Engine               - ticksPerSecond: -1
22:22:16.711 [FXGL Background Thread 3 ] DEBUG Engine               - title: Soot(sin)
22:22:16.712 [FXGL Background Thread 3 ] DEBUG Engine               - urlGithub: https://github.com/AlmasB/FXGL
22:22:16.712 [FXGL Background Thread 3 ] DEBUG Engine               - urlLeaderboard: http://fxgl-top.herokuapp.com/
22:22:16.712 [FXGL Background Thread 3 ] DEBUG Engine               - urlPOM: https://raw.githubusercontent.com/AlmasB/FXGL/release/README.md
22:22:16.712 [FXGL Background Thread 3 ] DEBUG Engine               - userAppClass: class com.example.proj.SootApp
22:22:16.712 [FXGL Background Thread 3 ] DEBUG Engine               - version: 0.0
22:22:16.712 [FXGL Background Thread 3 ] DEBUG Engine               - versionCheckDays: 7
22:22:16.712 [FXGL Background Thread 3 ] DEBUG Engine               - width: 700
22:22:16.712 [FXGL Background Thread 3 ] DEBUG Engine               - Logging services
22:22:16.712 [FXGL Background Thread 3 ] DEBUG Engine               - class com.almasb.fxgl.app.services.FXGLAssetLoaderService
22:22:16.712 [FXGL Background Thread 3 ] DEBUG Engine               - class com.almasb.fxgl.app.FXGLApplication$GameApplicationService
22:22:16.712 [FXGL Background Thread 3 ] DEBUG Engine               - class com.almasb.fxgl.app.services.FXGLDialogService
22:22:16.712 [FXGL Background Thread 3 ] DEBUG Engine               - class com.almasb.fxgl.app.services.IOTaskExecutorService
22:22:16.712 [FXGL Background Thread 3 ] DEBUG Engine               - class com.almasb.fxgl.io.FileSystemService
22:22:16.712 [FXGL Background Thread 3 ] DEBUG Engine               - class com.almasb.fxgl.localization.LocalizationService
22:22:16.713 [FXGL Background Thread 3 ] DEBUG Engine               - class com.almasb.fxgl.app.services.SystemBundleService
22:22:16.713 [FXGL Background Thread 3 ] DEBUG Engine               - class com.almasb.fxgl.profile.SaveLoadService
22:22:16.713 [FXGL Background Thread 3 ] DEBUG Engine               - class com.almasb.fxgl.ui.FXGLUIFactoryServiceProvider
22:22:16.713 [FXGL Background Thread 3 ] DEBUG Engine               - class com.almasb.fxgl.ui.FXGLDialogFactoryServiceProvider
22:22:16.713 [FXGL Background Thread 3 ] DEBUG Engine               - class com.almasb.fxgl.audio.AudioPlayer
22:22:16.713 [FXGL Background Thread 3 ] DEBUG Engine               - class com.almasb.fxgl.notification.impl.NotificationServiceProvider
22:22:16.713 [FXGL Background Thread 3 ] DEBUG Engine               - class com.almasb.fxgl.achievement.AchievementService
22:22:16.713 [FXGL Background Thread 3 ] DEBUG Engine               - class com.almasb.fxgl.cutscene.CutsceneService
22:22:16.713 [FXGL Background Thread 3 ] DEBUG Engine               - class com.almasb.fxgl.minigames.MiniGameService
22:22:16.713 [FXGL Background Thread 3 ] DEBUG Engine               - class com.almasb.fxgl.net.NetService
22:22:16.713 [FXGL Background Thread 3 ] DEBUG Engine               - class com.almasb.fxgl.app.services.UpdaterService
22:22:16.713 [FXGL Background Thread 3 ] DEBUG Engine               - class com.almasb.fxgl.dev.DevService
22:22:59.640 [JavaFX Application Thread] DEBUG FXGLApplication      - Exiting FXGL
22:22:59.640 [JavaFX Application Thread] DEBUG LoopRunner           - Stopping loop
22:22:59.640 [JavaFX Application Thread] DEBUG SystemBundleService  - Saving FXGL system data
22:22:59.642 [JavaFX Application Thread] DEBUG FileSystemAccess     - Writing to: /Users/olive/Documents/GitHub/Project-Winter/system/fxgl.bundle
22:22:59.645 [JavaFX Application Thread] DEBUG Async                - Shutting down background threads
22:22:59.645 [JavaFX Application Thread] DEBUG PrimaryStageWindow   - Closing main window
22:22:59.653 [JavaFX Application Thread] DEBUG Logger               - Closing Logger
