23:47:15.203 [main                     ] DEBUG Logger               - Configured Logger
23:47:15.249 [main                     ] DEBUG GameApplication      - Logging settings
Title: Soot(sin)
Version: 0.0
Width: 800
Height: 360
Fullscreen: false
Intro: false
Profiling: false
Single step:false
App Mode: DEVELOPER
Menu Key: ESCAPE
Stage Style: DECORATED
Scene Factory: class com.almasb.fxgl.app.scene.SceneFactory

23:47:15.690 [JavaFX Application Thread] DEBUG FXGLApplication      - Initializing FXGL
23:47:15.702 [JavaFX Application Thread] INFO  Engine               - FXGL-17.2 (20.08.2022 16.50) on WINDOWS (J:18.0.2 FX:18.0.2)
23:47:15.703 [JavaFX Application Thread] DEBUG Engine               - JRE Vendor Name: Amazon.com Inc.
23:47:15.703 [JavaFX Application Thread] DEBUG Engine               - Running on OS: Windows 11 version 10.0
23:47:15.704 [JavaFX Application Thread] DEBUG Engine               - Architecture: amd64
23:47:15.704 [JavaFX Application Thread] INFO  Engine               - Source code and latest versions at: https://github.com/AlmasB/FXGL
23:47:15.704 [JavaFX Application Thread] INFO  Engine               -       Ask questions and discuss at: https://github.com/AlmasB/FXGL/discussions
23:47:15.705 [JavaFX Application Thread] INFO  Engine               -              Join the FXGL chat at: https://gitter.im/AlmasB/FXGL
23:47:15.837 [JavaFX Application Thread] DEBUG PrimaryStageWindow   - Creating a JavaFX scene
23:47:15.897 [JavaFX Application Thread] DEBUG PrimaryStageWindow   - Target settings size: 800.0 x 360.0
23:47:15.897 [JavaFX Application Thread] DEBUG PrimaryStageWindow   - Scaled scene size:    800.0 x 360.0
23:47:15.898 [JavaFX Application Thread] DEBUG PrimaryStageWindow   - Scaled ratio: (1.0, 1.0)
23:47:15.900 [JavaFX Application Thread] DEBUG PrimaryStageWindow   - Set initial scene to FXGLStartupScene
23:47:15.911 [JavaFX Application Thread] DEBUG PrimaryStageWindow   - Opening main window
23:47:16.036 [JavaFX Application Thread] DEBUG PrimaryStageWindow   - Window border size: (14.66668701171875, 37.333343505859375)
23:47:16.036 [JavaFX Application Thread] DEBUG PrimaryStageWindow   - Scaled size: 800.0 x 360.0
23:47:16.037 [JavaFX Application Thread] DEBUG PrimaryStageWindow   - Scaled ratio: (1.0, 1.0)
23:47:16.038 [JavaFX Application Thread] DEBUG PrimaryStageWindow   - Scene size: 800.0 x 360.0
23:47:16.038 [JavaFX Application Thread] DEBUG PrimaryStageWindow   - Stage size: 814.6666870117188 x 397.3333435058594
23:47:16.061 [FXGL Background Thread 1 ] DEBUG Engine               - Initializing environment variables
23:47:16.154 [FXGL Background Thread 1 ] DEBUG FXGLAssetLoaderServi - User app class for loading assets: class com.example.proj.SootApp
23:47:16.155 [FXGL Background Thread 1 ] DEBUG GameApplicationServi - Applying CSS: fxgl_dark.css
23:47:16.156 [FXGL Background Thread 1 ] DEBUG FXGLAssetLoaderServi - Loading from file system: jar:file:///C:/Users/annak/.m2/repository/com/github/almasb/fxgl/17.2/fxgl-17.2.jar!/fxglassets/ui/css/fxgl_dark.css
23:47:16.244 [FXGL Background Thread 1 ] DEBUG GameApplicationServi - Initializing application scenes
23:47:16.303 [FXGL Background Thread 1 ] DEBUG GameWorld            - Game world initialized
23:47:16.391 [FXGL Background Thread 1 ] DEBUG PhysicsWorld         - Physics world initialized: appHeight=360, physics.ppm=50.0
23:47:16.391 [FXGL Background Thread 1 ] DEBUG PhysicsWorld         - Using strategy: BRUTE_FORCE
23:47:16.397 [FXGL Background Thread 1 ] DEBUG GameScene            - Game scene initialized: 800x360
23:47:16.414 [FXGL Background Thread 1 ] WARN  FXGL.DefaultMenu     - FXGLDefaultMenu is not designed for resolutions < 800x600
23:47:16.414 [FXGL Background Thread 1 ] DEBUG FXGL.DefaultMenu     - createMenuBodyGameMenu()
23:47:16.436 [FXGL Background Thread 1 ] DEBUG FXGL.DefaultMenu     - createOptionsMenu()
23:47:16.452 [FXGL Background Thread 1 ] DEBUG FXGLAssetLoaderServi - Loading from file system: jar:file:///C:/Users/annak/.m2/repository/com/github/almasb/fxgl/17.2/fxgl-17.2.jar!/fxglassets/textures/particles/smoke.png
23:47:16.564 [FXGL Background Thread 1 ] DEBUG FXGLAssetLoaderServi - Loading from file system: jar:file:///C:/Users/annak/.m2/repository/com/github/almasb/fxgl/17.2/fxgl-17.2.jar!/fxglassets/textures/particles/trace_horizontal.png
23:47:16.604 [FXGL Background Thread 1 ] DEBUG GameApplicationServi - Application scenes initialized
23:47:16.620 [FXGL Background Thread 1 ] DEBUG SystemBundleService  - Loading FXGL system data
23:47:16.626 [FXGL Background Thread 1 ] DEBUG FileSystemAccess     - Reading from: C:\Users\annak\Documents\GitHub\Project-Winter\system\fxgl.bundle
23:47:16.639 [FXGL Background Thread 1 ] DEBUG SystemBundleService  - Bundle FXGL: {}
23:47:16.639 [FXGL Background Thread 1 ] DEBUG UpdaterService       - Checking for updates
23:47:16.644 [FXGL Background Thread 4 ] DEBUG FXGLApplication      - Loading fonts
23:47:16.645 [FXGL Background Thread 1 ] DEBUG FXGLApplication      - Loading default localization
23:47:16.645 [FXGL Background Thread 4 ] DEBUG FXGLAssetLoaderServi - Loading from file system: jar:file:///C:/Users/annak/.m2/repository/com/github/almasb/fxgl/17.2/fxgl-17.2.jar!/fxglassets/ui/fonts/VarelaRound-Regular.ttf
23:47:16.646 [FXGL Background Thread 1 ] DEBUG FXGLAssetLoaderServi - Loading from file system: jar:file:///C:/Users/annak/.m2/repository/com/github/almasb/fxgl/17.2/fxgl-17.2.jar!/fxglassets/languages/english.lang
23:47:16.669 [FXGL Background Thread 1 ] INFO  FXGLApplication      - FXGL initialization took: 0.608 sec
23:47:16.683 [JavaFX Application Thread] DEBUG Input                - Registered new binding: left - Left
23:47:16.683 [JavaFX Application Thread] DEBUG Input                - Registered new binding: right - Right
23:47:16.684 [JavaFX Application Thread] DEBUG Input                - Registered new binding: jump - Up
23:47:16.684 [JavaFX Application Thread] DEBUG FXGLAssetLoaderServi - Loading from file system: jar:file:///C:/Users/annak/.m2/repository/com/github/almasb/fxgl/17.2/fxgl-17.2.jar!/fxglassets/textures/fxgl_icon.png
23:47:16.721 [FXGL Background Thread 4 ] DEBUG FXGLAssetLoaderServi - Loading from file system: jar:file:///C:/Users/annak/.m2/repository/com/github/almasb/fxgl/17.2/fxgl-17.2.jar!/fxglassets/ui/fonts/Abel-Regular.ttf
23:47:16.724 [JavaFX Application Thread] DEBUG FXGLAssetLoaderServi - Loading from file system: jar:file:///C:/Users/annak/.m2/repository/com/github/almasb/fxgl/17.2/fxgl-17.2.jar!/fxglassets/textures/fxgl_default_cursor.png
23:47:16.726 [FXGL Background Thread 4 ] DEBUG FXGLAssetLoaderServi - Loading from file system: jar:file:///C:/Users/annak/.m2/repository/com/github/almasb/fxgl/17.2/fxgl-17.2.jar!/fxglassets/ui/fonts/TerminalLandMono-Regular.otf
23:47:16.729 [JavaFX Application Thread] DEBUG Input                - Registered new binding: Screenshot - CTRL+8
23:47:16.730 [JavaFX Application Thread] DEBUG Input                - Registered new binding: System info dump - CTRL+9
23:47:16.731 [JavaFX Application Thread] DEBUG Input                - Registered new binding: Restart - CTRL+R
23:47:16.731 [FXGL Background Thread 4 ] DEBUG FXGLAssetLoaderServi - Loading from file system: jar:file:///C:/Users/annak/.m2/repository/com/github/almasb/fxgl/17.2/fxgl-17.2.jar!/fxglassets/ui/fonts/Courier-Prime.ttf
23:47:16.731 [JavaFX Application Thread] DEBUG Input                - Registered new binding: Toggle Debug Camera - CTRL+7
23:47:16.734 [JavaFX Application Thread] DEBUG LoopRunner           - Starting loop
23:47:16.735 [JavaFX Application Thread] DEBUG LoopRunner           - Initializing JavaFX AnimationTimerLoop
23:47:16.736 [JavaFX Application Thread] DEBUG GameApplicationServi - Starting new game
23:47:16.737 [JavaFX Application Thread] DEBUG Input                - Clearing active input actions
23:47:16.752 [JavaFX Application Thread] DEBUG GameApplicationServi - Removing overlay from FXGLStartupScene and adding to FXGLLoadingScene
23:47:16.753 [JavaFX Application Thread] DEBUG PrimaryStageWindow   - FXGLStartupScene -> FXGLLoadingScene
23:47:16.754 [JavaFX Application Thread] DEBUG GameApplicationServi - Clearing previous game
23:47:16.754 [JavaFX Application Thread] DEBUG GameScene            - Clearing game scene
23:47:16.754 [JavaFX Application Thread] DEBUG GameWorld            - Clearing game world
23:47:16.754 [JavaFX Application Thread] DEBUG PhysicsWorld         - Clearing physics world
23:47:16.757 [FXGL Background Thread 4 ] DEBUG FXGLApplication      - Initializing game
23:47:16.757 [JavaFX Application Thread] DEBUG FXGLApplication      - Registering font factories with UI factory
23:47:16.847 [FXGL Background Thread 4 ] DEBUG TMXLevelLoader       - Parsed TiledMap: file:/C:/Users/annak/Documents/GitHub/Project-Winter/proj/target/classes/assets/levels/tmx/Plat1.9.0.tmx
23:47:16.848 [FXGL Background Thread 4 ] DEBUG TMXLevelLoader       - Creating tile layer entities
23:47:16.851 [FXGL Background Thread 4 ] DEBUG TilesetLoader        - Loading view for layer Tile Layer 1
23:47:16.852 [FXGL Background Thread 4 ] DEBUG TilesetLoader        - Created buffer with size 810.0x360.0
23:47:16.874 [FXGL Background Thread 4 ] DEBUG TMXLevelLoader       - Creating object layer entities
23:47:16.946 [FXGL Background Thread 4 ] DEBUG GameWorld            - Clearing removable entities
23:47:16.947 [FXGL Background Thread 4 ] DEBUG GameWorld            - Setting level: com.almasb.fxgl.entity.level.Level@1e6110da
23:47:16.974 [FXGL Background Thread 4 ] DEBUG FXGLAssetLoaderServi - Loading from file system: file:/C:/Users/annak/Documents/GitHub/Project-Winter/proj/target/classes/assets/textures/finalSOOT.gif
23:47:16.989 [FXGL Background Thread 4 ] WARN  Entity               - Entity already has component: com.example.proj.component.PlayerControl
23:47:16.994 [FXGL Background Thread 4 ] DEBUG FXGLAssetLoaderServi - Loading from file system: file:/C:/Users/annak/Documents/GitHub/Project-Winter/proj/target/classes/assets/textures/heart.png
23:47:16.999 [FXGL Background Thread 4 ] INFO  FXGLApplication      - Game initialization took: 0.242 sec
23:47:17.029 [JavaFX Application Thread] DEBUG Input                - Clearing active input actions
23:47:17.049 [JavaFX Application Thread] DEBUG GameApplicationServi - Removing overlay from FXGLLoadingScene and adding to GameScene
23:47:17.050 [JavaFX Application Thread] DEBUG PrimaryStageWindow   - FXGLLoadingScene -> GameScene
23:47:17.513 [FXGL Background Thread 2 ] INFO  UpdaterService       - Your current version:  17.2
23:47:17.513 [FXGL Background Thread 2 ] INFO  UpdaterService       - Latest stable version: 21
23:47:19.643 [FXGL Background Thread 3 ] DEBUG Engine               - Logging environment variables
23:47:19.644 [FXGL Background Thread 3 ] DEBUG Engine               - achievements: []
23:47:19.644 [FXGL Background Thread 3 ] DEBUG Engine               - actualHeight: 360.0
23:47:19.644 [FXGL Background Thread 3 ] DEBUG Engine               - actualHeightProperty: ReadOnlyDoubleProperty [value: 360.0]
23:47:19.644 [FXGL Background Thread 3 ] DEBUG Engine               - actualWidth: 800.0
23:47:19.644 [FXGL Background Thread 3 ] DEBUG Engine               - actualWidthProperty: ReadOnlyDoubleProperty [value: 800.0]
23:47:19.644 [FXGL Background Thread 3 ] DEBUG Engine               - appIcon: fxgl_icon.png
23:47:19.644 [FXGL Background Thread 3 ] DEBUG Engine               - applicationMode: DEVELOPER
23:47:19.644 [FXGL Background Thread 3 ] DEBUG Engine               - cSSList: [fxgl_dark.css]
23:47:19.645 [FXGL Background Thread 3 ] DEBUG Engine               - collisionDetectionStrategy: BRUTE_FORCE
23:47:19.645 [FXGL Background Thread 3 ] DEBUG Engine               - configClass: Optional.empty
23:47:19.645 [FXGL Background Thread 3 ] DEBUG Engine               - credits: []
23:47:19.645 [FXGL Background Thread 3 ] DEBUG Engine               - defaultCursor: CursorInfo(imageName=fxgl_default_cursor.png, hotspotX=7.0, hotspotY=6.0)
23:47:19.646 [FXGL Background Thread 3 ] DEBUG Engine               - devBBoxColorProperty: ObjectProperty [value: 0xff0000ff]
23:47:19.646 [FXGL Background Thread 3 ] DEBUG Engine               - devEnableDebugCameraProperty: BooleanProperty [value: false]
23:47:19.646 [FXGL Background Thread 3 ] DEBUG Engine               - devSensorColorProperty: ObjectProperty [value: 0xffff00ff]
23:47:19.646 [FXGL Background Thread 3 ] DEBUG Engine               - devShowBBoxProperty: BooleanProperty [value: false]
23:47:19.646 [FXGL Background Thread 3 ] DEBUG Engine               - devShowPositionProperty: BooleanProperty [value: false]
23:47:19.646 [FXGL Background Thread 3 ] DEBUG Engine               - enabledMenuItems: []
23:47:19.646 [FXGL Background Thread 3 ] DEBUG Engine               - engineServices: [class com.almasb.fxgl.app.services.FXGLAssetLoaderService, class com.almasb.fxgl.app.FXGLApplication$GameApplicationService, class com.almasb.fxgl.app.services.FXGLDialogService, class com.almasb.fxgl.app.services.IOTaskExecutorService, class com.almasb.fxgl.io.FileSystemService, class com.almasb.fxgl.localization.LocalizationService, class com.almasb.fxgl.app.services.SystemBundleService, class com.almasb.fxgl.profile.SaveLoadService, class com.almasb.fxgl.ui.FXGLUIFactoryServiceProvider, class com.almasb.fxgl.ui.FXGLDialogFactoryServiceProvider, class com.almasb.fxgl.audio.AudioPlayer, class com.almasb.fxgl.notification.impl.NotificationServiceProvider, class com.almasb.fxgl.achievement.AchievementService, class com.almasb.fxgl.cutscene.CutsceneService, class com.almasb.fxgl.minigames.MiniGameService, class com.almasb.fxgl.net.NetService, class com.almasb.fxgl.app.services.UpdaterService, class com.almasb.fxgl.dev.DevService]
23:47:19.646 [FXGL Background Thread 3 ] DEBUG Engine               - fontGame: Abel-Regular.ttf
23:47:19.646 [FXGL Background Thread 3 ] DEBUG Engine               - fontMono: TerminalLandMono-Regular.otf
23:47:19.646 [FXGL Background Thread 3 ] DEBUG Engine               - fontText: Courier-Prime.ttf
23:47:19.646 [FXGL Background Thread 3 ] DEBUG Engine               - fontUI: VarelaRound-Regular.ttf
23:47:19.647 [FXGL Background Thread 3 ] DEBUG Engine               - fullScreen: BooleanProperty [value: false]
23:47:19.647 [FXGL Background Thread 3 ] DEBUG Engine               - gameDifficulty: MEDIUM
23:47:19.647 [FXGL Background Thread 3 ] DEBUG Engine               - gameDifficultyProperty: ObjectProperty [value: MEDIUM]
23:47:19.647 [FXGL Background Thread 3 ] DEBUG Engine               - globalMusicVolume: 0.5
23:47:19.647 [FXGL Background Thread 3 ] DEBUG Engine               - globalMusicVolumeProperty: DoubleProperty [value: 0.5]
23:47:19.647 [FXGL Background Thread 3 ] DEBUG Engine               - globalSoundVolume: 0.5
23:47:19.647 [FXGL Background Thread 3 ] DEBUG Engine               - globalSoundVolumeProperty: DoubleProperty [value: 0.5]
23:47:19.647 [FXGL Background Thread 3 ] DEBUG Engine               - height: 360
23:47:19.647 [FXGL Background Thread 3 ] DEBUG Engine               - is3D: false
23:47:19.647 [FXGL Background Thread 3 ] DEBUG Engine               - isAndroid: false
23:47:19.647 [FXGL Background Thread 3 ] DEBUG Engine               - isBrowser: false
23:47:19.647 [FXGL Background Thread 3 ] DEBUG Engine               - isClickFeedbackEnabled: false
23:47:19.648 [FXGL Background Thread 3 ] DEBUG Engine               - isCloseConfirmation: false
23:47:19.648 [FXGL Background Thread 3 ] DEBUG Engine               - isDesktop: true
23:47:19.648 [FXGL Background Thread 3 ] DEBUG Engine               - isDeveloperMenuEnabled: false
23:47:19.648 [FXGL Background Thread 3 ] DEBUG Engine               - isEmbedded: false
23:47:19.648 [FXGL Background Thread 3 ] DEBUG Engine               - isEntityPreloadEnabled: true
23:47:19.648 [FXGL Background Thread 3 ] DEBUG Engine               - isExperimentalTiledLargeMap: false
23:47:19.648 [FXGL Background Thread 3 ] DEBUG Engine               - isFileSystemWriteAllowed: true
23:47:19.648 [FXGL Background Thread 3 ] DEBUG Engine               - isFullScreenAllowed: false
23:47:19.648 [FXGL Background Thread 3 ] DEBUG Engine               - isFullScreenFromStart: false
23:47:19.648 [FXGL Background Thread 3 ] DEBUG Engine               - isGameMenuEnabled: true
23:47:19.648 [FXGL Background Thread 3 ] DEBUG Engine               - isIOS: false
23:47:19.648 [FXGL Background Thread 3 ] DEBUG Engine               - isIntroEnabled: false
23:47:19.648 [FXGL Background Thread 3 ] DEBUG Engine               - isLinux: false
23:47:19.648 [FXGL Background Thread 3 ] DEBUG Engine               - isMac: false
23:47:19.648 [FXGL Background Thread 3 ] DEBUG Engine               - isMainMenuEnabled: false
23:47:19.648 [FXGL Background Thread 3 ] DEBUG Engine               - isManualResizeEnabled: false
23:47:19.649 [FXGL Background Thread 3 ] DEBUG Engine               - isMobile: false
23:47:19.649 [FXGL Background Thread 3 ] DEBUG Engine               - isNative: false
23:47:19.649 [FXGL Background Thread 3 ] DEBUG Engine               - isPauseMusicWhenMinimized: true
23:47:19.649 [FXGL Background Thread 3 ] DEBUG Engine               - isPreserveResizeRatio: false
23:47:19.649 [FXGL Background Thread 3 ] DEBUG Engine               - isProfilingEnabled: false
23:47:19.649 [FXGL Background Thread 3 ] DEBUG Engine               - isScaleAffectedOnResize: true
23:47:19.649 [FXGL Background Thread 3 ] DEBUG Engine               - isSingleStep: false
23:47:19.649 [FXGL Background Thread 3 ] DEBUG Engine               - isUserProfileEnabled: false
23:47:19.649 [FXGL Background Thread 3 ] DEBUG Engine               - isWindows: true
23:47:19.649 [FXGL Background Thread 3 ] DEBUG Engine               - language: ObjectProperty [value: ENGLISH]
23:47:19.649 [FXGL Background Thread 3 ] DEBUG Engine               - menuKey: ESCAPE
23:47:19.649 [FXGL Background Thread 3 ] DEBUG Engine               - mouseSensitivity: 0.2
23:47:19.649 [FXGL Background Thread 3 ] DEBUG Engine               - notificationViewClass: class com.almasb.fxgl.notification.view.XboxNotificationView
23:47:19.649 [FXGL Background Thread 3 ] DEBUG Engine               - pixelsPerMeter: 50.0
23:47:19.650 [FXGL Background Thread 3 ] DEBUG Engine               - platform: WINDOWS
23:47:19.650 [FXGL Background Thread 3 ] DEBUG Engine               - prefHeightProperty: ReadOnlyDoubleProperty [value: 360.0]
23:47:19.650 [FXGL Background Thread 3 ] DEBUG Engine               - prefWidthProperty: ReadOnlyDoubleProperty [value: 800.0]
23:47:19.650 [FXGL Background Thread 3 ] DEBUG Engine               - profileDir: profiles/
23:47:19.650 [FXGL Background Thread 3 ] DEBUG Engine               - profileName: StringProperty [value: DEFAULT]
23:47:19.650 [FXGL Background Thread 3 ] DEBUG Engine               - randomSeed: -1
23:47:19.650 [FXGL Background Thread 3 ] DEBUG Engine               - runtimeInfo: RuntimeInfo(platform=WINDOWS, version=17.2, build=20.08.2022 16.50)
23:47:19.650 [FXGL Background Thread 3 ] DEBUG Engine               - saveFileExt: sav
23:47:19.651 [FXGL Background Thread 3 ] DEBUG Engine               - scaledHeightProp$fxgl: DoubleProperty [bound, value: 360.0]
23:47:19.651 [FXGL Background Thread 3 ] DEBUG Engine               - scaledWidthProp$fxgl: DoubleProperty [bound, value: 800.0]
23:47:19.651 [FXGL Background Thread 3 ] DEBUG Engine               - sceneFactory: com.almasb.fxgl.app.scene.SceneFactory@695a31b3
23:47:19.651 [FXGL Background Thread 3 ] DEBUG Engine               - secondsIn24h: 60
23:47:19.651 [FXGL Background Thread 3 ] DEBUG Engine               - soundMenuBack: menu/back.wav
23:47:19.651 [FXGL Background Thread 3 ] DEBUG Engine               - soundMenuPress: menu/press.wav
23:47:19.651 [FXGL Background Thread 3 ] DEBUG Engine               - soundMenuSelect: menu/select.wav
23:47:19.651 [FXGL Background Thread 3 ] DEBUG Engine               - soundNotification: core/notification.wav
23:47:19.651 [FXGL Background Thread 3 ] DEBUG Engine               - stageStyle: DECORATED
23:47:19.651 [FXGL Background Thread 3 ] DEBUG Engine               - supportedLanguages: [ENGLISH, FRENCH, GERMAN, HUNGARIAN, RUSSIAN]
23:47:19.651 [FXGL Background Thread 3 ] DEBUG Engine               - ticksPerSecond: -1
23:47:19.651 [FXGL Background Thread 3 ] DEBUG Engine               - title: Soot(sin)
23:47:19.652 [FXGL Background Thread 3 ] DEBUG Engine               - urlGithub: https://github.com/AlmasB/FXGL
23:47:19.652 [FXGL Background Thread 3 ] DEBUG Engine               - urlLeaderboard: http://fxgl-top.herokuapp.com/
23:47:19.652 [FXGL Background Thread 3 ] DEBUG Engine               - urlPOM: https://raw.githubusercontent.com/AlmasB/FXGL/release/README.md
23:47:19.652 [FXGL Background Thread 3 ] DEBUG Engine               - userAppClass: class com.example.proj.SootApp
23:47:19.652 [FXGL Background Thread 3 ] DEBUG Engine               - version: 0.0
23:47:19.652 [FXGL Background Thread 3 ] DEBUG Engine               - versionCheckDays: 7
23:47:19.652 [FXGL Background Thread 3 ] DEBUG Engine               - width: 800
23:47:19.652 [FXGL Background Thread 3 ] DEBUG Engine               - Logging services
23:47:19.652 [FXGL Background Thread 3 ] DEBUG Engine               - class com.almasb.fxgl.app.services.FXGLAssetLoaderService
23:47:19.652 [FXGL Background Thread 3 ] DEBUG Engine               - class com.almasb.fxgl.app.FXGLApplication$GameApplicationService
23:47:19.652 [FXGL Background Thread 3 ] DEBUG Engine               - class com.almasb.fxgl.app.services.FXGLDialogService
23:47:19.652 [FXGL Background Thread 3 ] DEBUG Engine               - class com.almasb.fxgl.app.services.IOTaskExecutorService
23:47:19.652 [FXGL Background Thread 3 ] DEBUG Engine               - class com.almasb.fxgl.io.FileSystemService
23:47:19.652 [FXGL Background Thread 3 ] DEBUG Engine               - class com.almasb.fxgl.localization.LocalizationService
23:47:19.652 [FXGL Background Thread 3 ] DEBUG Engine               - class com.almasb.fxgl.app.services.SystemBundleService
23:47:19.652 [FXGL Background Thread 3 ] DEBUG Engine               - class com.almasb.fxgl.profile.SaveLoadService
23:47:19.652 [FXGL Background Thread 3 ] DEBUG Engine               - class com.almasb.fxgl.ui.FXGLUIFactoryServiceProvider
23:47:19.653 [FXGL Background Thread 3 ] DEBUG Engine               - class com.almasb.fxgl.ui.FXGLDialogFactoryServiceProvider
23:47:19.653 [FXGL Background Thread 3 ] DEBUG Engine               - class com.almasb.fxgl.audio.AudioPlayer
23:47:19.653 [FXGL Background Thread 3 ] DEBUG Engine               - class com.almasb.fxgl.notification.impl.NotificationServiceProvider
23:47:19.653 [FXGL Background Thread 3 ] DEBUG Engine               - class com.almasb.fxgl.achievement.AchievementService
23:47:19.653 [FXGL Background Thread 3 ] DEBUG Engine               - class com.almasb.fxgl.cutscene.CutsceneService
23:47:19.653 [FXGL Background Thread 3 ] DEBUG Engine               - class com.almasb.fxgl.minigames.MiniGameService
23:47:19.653 [FXGL Background Thread 3 ] DEBUG Engine               - class com.almasb.fxgl.net.NetService
23:47:19.653 [FXGL Background Thread 3 ] DEBUG Engine               - class com.almasb.fxgl.app.services.UpdaterService
23:47:19.653 [FXGL Background Thread 3 ] DEBUG Engine               - class com.almasb.fxgl.dev.DevService
23:47:55.706 [JavaFX Application Thread] DEBUG FXGLApplication      - Exiting FXGL
23:47:55.707 [JavaFX Application Thread] DEBUG LoopRunner           - Stopping loop
23:47:55.707 [JavaFX Application Thread] DEBUG SystemBundleService  - Saving FXGL system data
23:47:55.710 [JavaFX Application Thread] DEBUG FileSystemAccess     - Writing to: C:\Users\annak\Documents\GitHub\Project-Winter\system\fxgl.bundle
23:47:55.713 [JavaFX Application Thread] DEBUG Async                - Shutting down background threads
23:47:55.713 [JavaFX Application Thread] DEBUG PrimaryStageWindow   - Closing main window
23:47:55.735 [JavaFX Application Thread] DEBUG Logger               - Closing Logger
