21:51:12.156 [main                     ] DEBUG Logger               - Configured Logger
21:51:12.182 [main                     ] DEBUG GameApplication      - Logging settings
Title: Soot(sin)
Version: 0.0
Width: 700
Height: 360
Fullscreen: false
Intro: false
Profiling: false
Single step:false
App Mode: DEVELOPER
Menu Key: ESCAPE
Stage Style: DECORATED
Scene Factory: class com.almasb.fxgl.app.scene.SceneFactory

21:51:12.562 [JavaFX Application Thread] DEBUG FXGLApplication      - Initializing FXGL
21:51:12.568 [JavaFX Application Thread] INFO  Engine               - FXGL-17.2 (20.08.2022 16.50) on MAC (J:18.0.2.1 FX:18.0.2)
21:51:12.568 [JavaFX Application Thread] DEBUG Engine               - JRE Vendor Name: Oracle Corporation
21:51:12.569 [JavaFX Application Thread] DEBUG Engine               - Running on OS: Mac OS X version 13.4.1
21:51:12.569 [JavaFX Application Thread] DEBUG Engine               - Architecture: aarch64
21:51:12.569 [JavaFX Application Thread] INFO  Engine               - Source code and latest versions at: https://github.com/AlmasB/FXGL
21:51:12.569 [JavaFX Application Thread] INFO  Engine               -       Ask questions and discuss at: https://github.com/AlmasB/FXGL/discussions
21:51:12.569 [JavaFX Application Thread] INFO  Engine               -              Join the FXGL chat at: https://gitter.im/AlmasB/FXGL
21:51:12.675 [JavaFX Application Thread] DEBUG PrimaryStageWindow   - Creating a JavaFX scene
21:51:12.731 [JavaFX Application Thread] DEBUG PrimaryStageWindow   - Target settings size: 700.0 x 360.0
21:51:12.732 [JavaFX Application Thread] DEBUG PrimaryStageWindow   - Scaled scene size:    700.0 x 360.0
21:51:12.732 [JavaFX Application Thread] DEBUG PrimaryStageWindow   - Scaled ratio: (1.0, 1.0)
21:51:12.733 [JavaFX Application Thread] DEBUG PrimaryStageWindow   - Set initial scene to FXGLStartupScene
21:51:12.742 [JavaFX Application Thread] DEBUG PrimaryStageWindow   - Opening main window
21:51:12.956 [JavaFX Application Thread] DEBUG PrimaryStageWindow   - Window border size: (0.0, 28.0)
21:51:12.957 [JavaFX Application Thread] DEBUG PrimaryStageWindow   - Scaled size: 700.0 x 360.0
21:51:12.957 [JavaFX Application Thread] DEBUG PrimaryStageWindow   - Scaled ratio: (1.0, 1.0)
21:51:12.957 [JavaFX Application Thread] DEBUG PrimaryStageWindow   - Scene size: 700.0 x 360.0
21:51:12.957 [JavaFX Application Thread] DEBUG PrimaryStageWindow   - Stage size: 700.0 x 388.0
21:51:12.966 [FXGL Background Thread 1 ] DEBUG Engine               - Initializing environment variables
21:51:13.086 [FXGL Background Thread 1 ] DEBUG FXGLAssetLoaderServi - User app class for loading assets: class com.example.proj.SootApp
21:51:13.089 [FXGL Background Thread 1 ] DEBUG GameApplicationServi - Applying CSS: fxgl_dark.css
21:51:13.098 [FXGL Background Thread 1 ] DEBUG FXGLAssetLoaderServi - Loading from file system: jar:file:///Users/olive/.m2/repository/com/github/almasb/fxgl/17.2/fxgl-17.2.jar!/fxglassets/ui/css/fxgl_dark.css
21:51:13.192 [FXGL Background Thread 1 ] DEBUG GameApplicationServi - Initializing application scenes
21:51:13.652 [FXGL Background Thread 1 ] DEBUG GameWorld            - Game world initialized
21:51:13.715 [FXGL Background Thread 1 ] DEBUG PhysicsWorld         - Physics world initialized: appHeight=360, physics.ppm=50.0
21:51:13.716 [FXGL Background Thread 1 ] DEBUG PhysicsWorld         - Using strategy: BRUTE_FORCE
21:51:13.720 [FXGL Background Thread 1 ] DEBUG GameScene            - Game scene initialized: 700x360
21:51:13.728 [FXGL Background Thread 1 ] WARN  FXGL.DefaultMenu     - FXGLDefaultMenu is not designed for resolutions < 800x600
21:51:13.728 [FXGL Background Thread 1 ] DEBUG FXGL.DefaultMenu     - createMenuBodyGameMenu()
21:51:13.739 [FXGL Background Thread 1 ] DEBUG FXGL.DefaultMenu     - createOptionsMenu()
21:51:13.747 [FXGL Background Thread 1 ] DEBUG FXGLAssetLoaderServi - Loading from file system: jar:file:///Users/olive/.m2/repository/com/github/almasb/fxgl/17.2/fxgl-17.2.jar!/fxglassets/textures/particles/smoke.png
21:51:13.841 [FXGL Background Thread 1 ] DEBUG FXGLAssetLoaderServi - Loading from file system: jar:file:///Users/olive/.m2/repository/com/github/almasb/fxgl/17.2/fxgl-17.2.jar!/fxglassets/textures/particles/trace_horizontal.png
21:51:13.863 [FXGL Background Thread 1 ] DEBUG GameApplicationServi - Application scenes initialized
21:51:13.872 [FXGL Background Thread 1 ] DEBUG SystemBundleService  - Loading FXGL system data
21:51:13.875 [FXGL Background Thread 1 ] DEBUG FileSystemAccess     - Reading from: /Users/olive/Documents/GitHub/Project-Winter/system/fxgl.bundle
21:51:13.882 [FXGL Background Thread 1 ] DEBUG SystemBundleService  - Bundle FXGL: {}
21:51:13.882 [FXGL Background Thread 1 ] DEBUG UpdaterService       - Checking for updates
21:51:13.884 [FXGL Background Thread 4 ] DEBUG FXGLApplication      - Loading fonts
21:51:13.884 [FXGL Background Thread 1 ] DEBUG FXGLApplication      - Loading default localization
21:51:13.884 [FXGL Background Thread 4 ] DEBUG FXGLAssetLoaderServi - Loading from file system: jar:file:///Users/olive/.m2/repository/com/github/almasb/fxgl/17.2/fxgl-17.2.jar!/fxglassets/ui/fonts/VarelaRound-Regular.ttf
21:51:13.884 [FXGL Background Thread 1 ] DEBUG FXGLAssetLoaderServi - Loading from file system: jar:file:///Users/olive/.m2/repository/com/github/almasb/fxgl/17.2/fxgl-17.2.jar!/fxglassets/languages/english.lang
21:51:13.893 [FXGL Background Thread 4 ] DEBUG FXGLAssetLoaderServi - Loading from file system: jar:file:///Users/olive/.m2/repository/com/github/almasb/fxgl/17.2/fxgl-17.2.jar!/fxglassets/ui/fonts/Abel-Regular.ttf
21:51:13.894 [FXGL Background Thread 1 ] INFO  FXGLApplication      - FXGL initialization took: 0.928 sec
21:51:13.896 [FXGL Background Thread 4 ] DEBUG FXGLAssetLoaderServi - Loading from file system: jar:file:///Users/olive/.m2/repository/com/github/almasb/fxgl/17.2/fxgl-17.2.jar!/fxglassets/ui/fonts/TerminalLandMono-Regular.otf
21:51:13.898 [FXGL Background Thread 4 ] DEBUG FXGLAssetLoaderServi - Loading from file system: jar:file:///Users/olive/.m2/repository/com/github/almasb/fxgl/17.2/fxgl-17.2.jar!/fxglassets/ui/fonts/Courier-Prime.ttf
21:51:13.900 [JavaFX Application Thread] DEBUG Input                - Registered new binding: left - Left
21:51:13.900 [JavaFX Application Thread] DEBUG Input                - Registered new binding: right - Right
21:51:13.900 [JavaFX Application Thread] DEBUG Input                - Registered new binding: jump - Up
21:51:13.901 [JavaFX Application Thread] DEBUG FXGLAssetLoaderServi - Loading from file system: jar:file:///Users/olive/.m2/repository/com/github/almasb/fxgl/17.2/fxgl-17.2.jar!/fxglassets/textures/fxgl_icon.png
21:51:13.924 [JavaFX Application Thread] DEBUG FXGLAssetLoaderServi - Loading from file system: jar:file:///Users/olive/.m2/repository/com/github/almasb/fxgl/17.2/fxgl-17.2.jar!/fxglassets/textures/fxgl_default_cursor.png
21:51:13.925 [JavaFX Application Thread] DEBUG Input                - Registered new binding: Screenshot - CTRL+8
21:51:13.926 [JavaFX Application Thread] DEBUG Input                - Registered new binding: System info dump - CTRL+9
21:51:13.926 [JavaFX Application Thread] DEBUG Input                - Registered new binding: Restart - CTRL+R
21:51:13.926 [JavaFX Application Thread] DEBUG Input                - Registered new binding: Toggle Debug Camera - CTRL+7
21:51:13.927 [JavaFX Application Thread] DEBUG LoopRunner           - Starting loop
21:51:13.927 [JavaFX Application Thread] DEBUG LoopRunner           - Initializing JavaFX AnimationTimerLoop
21:51:13.928 [JavaFX Application Thread] DEBUG GameApplicationServi - Starting new game
21:51:13.928 [JavaFX Application Thread] DEBUG Input                - Clearing active input actions
21:51:13.935 [JavaFX Application Thread] DEBUG GameApplicationServi - Removing overlay from FXGLStartupScene and adding to FXGLLoadingScene
21:51:13.935 [JavaFX Application Thread] DEBUG PrimaryStageWindow   - FXGLStartupScene -> FXGLLoadingScene
21:51:13.935 [JavaFX Application Thread] DEBUG GameApplicationServi - Clearing previous game
21:51:13.935 [JavaFX Application Thread] DEBUG GameScene            - Clearing game scene
21:51:13.935 [JavaFX Application Thread] DEBUG GameWorld            - Clearing game world
21:51:13.935 [JavaFX Application Thread] DEBUG PhysicsWorld         - Clearing physics world
21:51:13.936 [FXGL Background Thread 4 ] DEBUG FXGLApplication      - Initializing game
21:51:13.961 [FXGL Background Thread 4 ] DEBUG TMXLevelLoader       - Parsed TiledMap: file:/Users/olive/Documents/GitHub/Project-Winter/proj/target/classes/assets/levels/tmx/Plat1.9.0.tmx
21:51:13.961 [FXGL Background Thread 4 ] DEBUG TMXLevelLoader       - Creating tile layer entities
21:51:13.962 [FXGL Background Thread 4 ] DEBUG TilesetLoader        - Loading view for layer Tile Layer 1
21:51:13.963 [FXGL Background Thread 4 ] DEBUG TilesetLoader        - Created buffer with size 810.0x360.0
21:51:13.966 [JavaFX Application Thread] DEBUG FXGLApplication      - Registering font factories with UI factory
21:51:13.971 [FXGL Background Thread 4 ] DEBUG TMXLevelLoader       - Creating object layer entities
21:51:13.985 [FXGL Background Thread 4 ] DEBUG GameWorld            - Clearing removable entities
21:51:13.985 [FXGL Background Thread 4 ] DEBUG GameWorld            - Setting level: com.almasb.fxgl.entity.level.Level@6717031
21:51:13.990 [FXGL Background Thread 4 ] DEBUG FXGLAssetLoaderServi - Loading from file system: file:/Users/olive/Documents/GitHub/Project-Winter/proj/target/classes/assets/textures/finalSOOT.gif
21:51:13.994 [FXGL Background Thread 4 ] WARN  Entity               - Entity already has component: com.example.proj.component.PlayerControl
21:51:13.995 [FXGL Background Thread 4 ] DEBUG FXGLAssetLoaderServi - Loading from file system: file:/Users/olive/Documents/GitHub/Project-Winter/proj/target/classes/assets/textures/heart.png
21:51:14.003 [FXGL Background Thread 4 ] INFO  FXGLApplication      - Game initialization took: 0.067 sec
21:51:14.054 [JavaFX Application Thread] DEBUG Input                - Clearing active input actions
21:51:14.063 [JavaFX Application Thread] DEBUG GameApplicationServi - Removing overlay from FXGLLoadingScene and adding to GameScene
21:51:14.064 [JavaFX Application Thread] DEBUG PrimaryStageWindow   - FXGLLoadingScene -> GameScene
21:51:14.169 [FXGL Background Thread 2 ] INFO  UpdaterService       - Your current version:  17.2
21:51:14.169 [FXGL Background Thread 2 ] INFO  UpdaterService       - Latest stable version: 21
21:51:16.889 [FXGL Background Thread 3 ] DEBUG Engine               - Logging environment variables
21:51:16.890 [FXGL Background Thread 3 ] DEBUG Engine               - achievements: []
21:51:16.890 [FXGL Background Thread 3 ] DEBUG Engine               - actualHeight: 360.0
21:51:16.891 [FXGL Background Thread 3 ] DEBUG Engine               - actualHeightProperty: ReadOnlyDoubleProperty [value: 360.0]
21:51:16.891 [FXGL Background Thread 3 ] DEBUG Engine               - actualWidth: 700.0
21:51:16.891 [FXGL Background Thread 3 ] DEBUG Engine               - actualWidthProperty: ReadOnlyDoubleProperty [value: 700.0]
21:51:16.891 [FXGL Background Thread 3 ] DEBUG Engine               - appIcon: fxgl_icon.png
21:51:16.891 [FXGL Background Thread 3 ] DEBUG Engine               - applicationMode: DEVELOPER
21:51:16.891 [FXGL Background Thread 3 ] DEBUG Engine               - cSSList: [fxgl_dark.css]
21:51:16.891 [FXGL Background Thread 3 ] DEBUG Engine               - collisionDetectionStrategy: BRUTE_FORCE
21:51:16.891 [FXGL Background Thread 3 ] DEBUG Engine               - configClass: Optional.empty
21:51:16.891 [FXGL Background Thread 3 ] DEBUG Engine               - credits: []
21:51:16.892 [FXGL Background Thread 3 ] DEBUG Engine               - defaultCursor: CursorInfo(imageName=fxgl_default_cursor.png, hotspotX=7.0, hotspotY=6.0)
21:51:16.892 [FXGL Background Thread 3 ] DEBUG Engine               - devBBoxColorProperty: ObjectProperty [value: 0xff0000ff]
21:51:16.892 [FXGL Background Thread 3 ] DEBUG Engine               - devEnableDebugCameraProperty: BooleanProperty [value: false]
21:51:16.893 [FXGL Background Thread 3 ] DEBUG Engine               - devSensorColorProperty: ObjectProperty [value: 0xffff00ff]
21:51:16.893 [FXGL Background Thread 3 ] DEBUG Engine               - devShowBBoxProperty: BooleanProperty [value: false]
21:51:16.893 [FXGL Background Thread 3 ] DEBUG Engine               - devShowPositionProperty: BooleanProperty [value: false]
21:51:16.893 [FXGL Background Thread 3 ] DEBUG Engine               - enabledMenuItems: []
21:51:16.893 [FXGL Background Thread 3 ] DEBUG Engine               - engineServices: [class com.almasb.fxgl.app.services.FXGLAssetLoaderService, class com.almasb.fxgl.app.FXGLApplication$GameApplicationService, class com.almasb.fxgl.app.services.FXGLDialogService, class com.almasb.fxgl.app.services.IOTaskExecutorService, class com.almasb.fxgl.io.FileSystemService, class com.almasb.fxgl.localization.LocalizationService, class com.almasb.fxgl.app.services.SystemBundleService, class com.almasb.fxgl.profile.SaveLoadService, class com.almasb.fxgl.ui.FXGLUIFactoryServiceProvider, class com.almasb.fxgl.ui.FXGLDialogFactoryServiceProvider, class com.almasb.fxgl.audio.AudioPlayer, class com.almasb.fxgl.notification.impl.NotificationServiceProvider, class com.almasb.fxgl.achievement.AchievementService, class com.almasb.fxgl.cutscene.CutsceneService, class com.almasb.fxgl.minigames.MiniGameService, class com.almasb.fxgl.net.NetService, class com.almasb.fxgl.app.services.UpdaterService, class com.almasb.fxgl.dev.DevService]
21:51:16.894 [FXGL Background Thread 3 ] DEBUG Engine               - fontGame: Abel-Regular.ttf
21:51:16.894 [FXGL Background Thread 3 ] DEBUG Engine               - fontMono: TerminalLandMono-Regular.otf
21:51:16.894 [FXGL Background Thread 3 ] DEBUG Engine               - fontText: Courier-Prime.ttf
21:51:16.894 [FXGL Background Thread 3 ] DEBUG Engine               - fontUI: VarelaRound-Regular.ttf
21:51:16.894 [FXGL Background Thread 3 ] DEBUG Engine               - fullScreen: BooleanProperty [value: false]
21:51:16.894 [FXGL Background Thread 3 ] DEBUG Engine               - gameDifficulty: MEDIUM
21:51:16.894 [FXGL Background Thread 3 ] DEBUG Engine               - gameDifficultyProperty: ObjectProperty [value: MEDIUM]
21:51:16.894 [FXGL Background Thread 3 ] DEBUG Engine               - globalMusicVolume: 0.5
21:51:16.894 [FXGL Background Thread 3 ] DEBUG Engine               - globalMusicVolumeProperty: DoubleProperty [value: 0.5]
21:51:16.894 [FXGL Background Thread 3 ] DEBUG Engine               - globalSoundVolume: 0.5
21:51:16.894 [FXGL Background Thread 3 ] DEBUG Engine               - globalSoundVolumeProperty: DoubleProperty [value: 0.5]
21:51:16.895 [FXGL Background Thread 3 ] DEBUG Engine               - height: 360
21:51:16.895 [FXGL Background Thread 3 ] DEBUG Engine               - is3D: false
21:51:16.895 [FXGL Background Thread 3 ] DEBUG Engine               - isAndroid: false
21:51:16.895 [FXGL Background Thread 3 ] DEBUG Engine               - isBrowser: false
21:51:16.895 [FXGL Background Thread 3 ] DEBUG Engine               - isClickFeedbackEnabled: false
21:51:16.895 [FXGL Background Thread 3 ] DEBUG Engine               - isCloseConfirmation: false
21:51:16.895 [FXGL Background Thread 3 ] DEBUG Engine               - isDesktop: true
21:51:16.895 [FXGL Background Thread 3 ] DEBUG Engine               - isDeveloperMenuEnabled: false
21:51:16.895 [FXGL Background Thread 3 ] DEBUG Engine               - isEmbedded: false
21:51:16.895 [FXGL Background Thread 3 ] DEBUG Engine               - isEntityPreloadEnabled: true
21:51:16.895 [FXGL Background Thread 3 ] DEBUG Engine               - isExperimentalTiledLargeMap: false
21:51:16.896 [FXGL Background Thread 3 ] DEBUG Engine               - isFileSystemWriteAllowed: true
21:51:16.896 [FXGL Background Thread 3 ] DEBUG Engine               - isFullScreenAllowed: false
21:51:16.896 [FXGL Background Thread 3 ] DEBUG Engine               - isFullScreenFromStart: false
21:51:16.897 [FXGL Background Thread 3 ] DEBUG Engine               - isGameMenuEnabled: true
21:51:16.897 [FXGL Background Thread 3 ] DEBUG Engine               - isIOS: false
21:51:16.897 [FXGL Background Thread 3 ] DEBUG Engine               - isIntroEnabled: false
21:51:16.897 [FXGL Background Thread 3 ] DEBUG Engine               - isLinux: false
21:51:16.897 [FXGL Background Thread 3 ] DEBUG Engine               - isMac: true
21:51:16.897 [FXGL Background Thread 3 ] DEBUG Engine               - isMainMenuEnabled: false
21:51:16.897 [FXGL Background Thread 3 ] DEBUG Engine               - isManualResizeEnabled: false
21:51:16.897 [FXGL Background Thread 3 ] DEBUG Engine               - isMobile: false
21:51:16.897 [FXGL Background Thread 3 ] DEBUG Engine               - isNative: false
21:51:16.898 [FXGL Background Thread 3 ] DEBUG Engine               - isPauseMusicWhenMinimized: true
21:51:16.898 [FXGL Background Thread 3 ] DEBUG Engine               - isPreserveResizeRatio: false
21:51:16.898 [FXGL Background Thread 3 ] DEBUG Engine               - isProfilingEnabled: false
21:51:16.898 [FXGL Background Thread 3 ] DEBUG Engine               - isScaleAffectedOnResize: true
21:51:16.898 [FXGL Background Thread 3 ] DEBUG Engine               - isSingleStep: false
21:51:16.898 [FXGL Background Thread 3 ] DEBUG Engine               - isUserProfileEnabled: false
21:51:16.898 [FXGL Background Thread 3 ] DEBUG Engine               - isWindows: false
21:51:16.898 [FXGL Background Thread 3 ] DEBUG Engine               - language: ObjectProperty [value: ENGLISH]
21:51:16.898 [FXGL Background Thread 3 ] DEBUG Engine               - menuKey: ESCAPE
21:51:16.898 [FXGL Background Thread 3 ] DEBUG Engine               - mouseSensitivity: 0.2
21:51:16.898 [FXGL Background Thread 3 ] DEBUG Engine               - notificationViewClass: class com.almasb.fxgl.notification.view.XboxNotificationView
21:51:16.898 [FXGL Background Thread 3 ] DEBUG Engine               - pixelsPerMeter: 50.0
21:51:16.898 [FXGL Background Thread 3 ] DEBUG Engine               - platform: MAC
21:51:16.898 [FXGL Background Thread 3 ] DEBUG Engine               - prefHeightProperty: ReadOnlyDoubleProperty [value: 360.0]
21:51:16.899 [FXGL Background Thread 3 ] DEBUG Engine               - prefWidthProperty: ReadOnlyDoubleProperty [value: 700.0]
21:51:16.899 [FXGL Background Thread 3 ] DEBUG Engine               - profileDir: profiles/
21:51:16.899 [FXGL Background Thread 3 ] DEBUG Engine               - profileName: StringProperty [value: DEFAULT]
21:51:16.899 [FXGL Background Thread 3 ] DEBUG Engine               - randomSeed: -1
21:51:16.899 [FXGL Background Thread 3 ] DEBUG Engine               - runtimeInfo: RuntimeInfo(platform=MAC, version=17.2, build=20.08.2022 16.50)
21:51:16.899 [FXGL Background Thread 3 ] DEBUG Engine               - saveFileExt: sav
21:51:16.899 [FXGL Background Thread 3 ] DEBUG Engine               - scaledHeightProp$fxgl: DoubleProperty [bound, value: 360.0]
21:51:16.900 [FXGL Background Thread 3 ] DEBUG Engine               - scaledWidthProp$fxgl: DoubleProperty [bound, value: 700.0]
21:51:16.900 [FXGL Background Thread 3 ] DEBUG Engine               - sceneFactory: com.almasb.fxgl.app.scene.SceneFactory@202366a0
21:51:16.900 [FXGL Background Thread 3 ] DEBUG Engine               - secondsIn24h: 60
21:51:16.900 [FXGL Background Thread 3 ] DEBUG Engine               - soundMenuBack: menu/back.wav
21:51:16.900 [FXGL Background Thread 3 ] DEBUG Engine               - soundMenuPress: menu/press.wav
21:51:16.900 [FXGL Background Thread 3 ] DEBUG Engine               - soundMenuSelect: menu/select.wav
21:51:16.900 [FXGL Background Thread 3 ] DEBUG Engine               - soundNotification: core/notification.wav
21:51:16.900 [FXGL Background Thread 3 ] DEBUG Engine               - stageStyle: DECORATED
21:51:16.900 [FXGL Background Thread 3 ] DEBUG Engine               - supportedLanguages: [ENGLISH, FRENCH, GERMAN, HUNGARIAN, RUSSIAN]
21:51:16.900 [FXGL Background Thread 3 ] DEBUG Engine               - ticksPerSecond: -1
21:51:16.900 [FXGL Background Thread 3 ] DEBUG Engine               - title: Soot(sin)
21:51:16.900 [FXGL Background Thread 3 ] DEBUG Engine               - urlGithub: https://github.com/AlmasB/FXGL
21:51:16.900 [FXGL Background Thread 3 ] DEBUG Engine               - urlLeaderboard: http://fxgl-top.herokuapp.com/
21:51:16.900 [FXGL Background Thread 3 ] DEBUG Engine               - urlPOM: https://raw.githubusercontent.com/AlmasB/FXGL/release/README.md
21:51:16.900 [FXGL Background Thread 3 ] DEBUG Engine               - userAppClass: class com.example.proj.SootApp
21:51:16.900 [FXGL Background Thread 3 ] DEBUG Engine               - version: 0.0
21:51:16.900 [FXGL Background Thread 3 ] DEBUG Engine               - versionCheckDays: 7
21:51:16.900 [FXGL Background Thread 3 ] DEBUG Engine               - width: 700
21:51:16.901 [FXGL Background Thread 3 ] DEBUG Engine               - Logging services
21:51:16.901 [FXGL Background Thread 3 ] DEBUG Engine               - class com.almasb.fxgl.app.services.FXGLAssetLoaderService
21:51:16.901 [FXGL Background Thread 3 ] DEBUG Engine               - class com.almasb.fxgl.app.FXGLApplication$GameApplicationService
21:51:16.901 [FXGL Background Thread 3 ] DEBUG Engine               - class com.almasb.fxgl.app.services.FXGLDialogService
21:51:16.901 [FXGL Background Thread 3 ] DEBUG Engine               - class com.almasb.fxgl.app.services.IOTaskExecutorService
21:51:16.901 [FXGL Background Thread 3 ] DEBUG Engine               - class com.almasb.fxgl.io.FileSystemService
21:51:16.901 [FXGL Background Thread 3 ] DEBUG Engine               - class com.almasb.fxgl.localization.LocalizationService
21:51:16.901 [FXGL Background Thread 3 ] DEBUG Engine               - class com.almasb.fxgl.app.services.SystemBundleService
21:51:16.901 [FXGL Background Thread 3 ] DEBUG Engine               - class com.almasb.fxgl.profile.SaveLoadService
21:51:16.901 [FXGL Background Thread 3 ] DEBUG Engine               - class com.almasb.fxgl.ui.FXGLUIFactoryServiceProvider
21:51:16.901 [FXGL Background Thread 3 ] DEBUG Engine               - class com.almasb.fxgl.ui.FXGLDialogFactoryServiceProvider
21:51:16.901 [FXGL Background Thread 3 ] DEBUG Engine               - class com.almasb.fxgl.audio.AudioPlayer
21:51:16.901 [FXGL Background Thread 3 ] DEBUG Engine               - class com.almasb.fxgl.notification.impl.NotificationServiceProvider
21:51:16.901 [FXGL Background Thread 3 ] DEBUG Engine               - class com.almasb.fxgl.achievement.AchievementService
21:51:16.901 [FXGL Background Thread 3 ] DEBUG Engine               - class com.almasb.fxgl.cutscene.CutsceneService
21:51:16.901 [FXGL Background Thread 3 ] DEBUG Engine               - class com.almasb.fxgl.minigames.MiniGameService
21:51:16.901 [FXGL Background Thread 3 ] DEBUG Engine               - class com.almasb.fxgl.net.NetService
21:51:16.901 [FXGL Background Thread 3 ] DEBUG Engine               - class com.almasb.fxgl.app.services.UpdaterService
21:51:16.901 [FXGL Background Thread 3 ] DEBUG Engine               - class com.almasb.fxgl.dev.DevService
21:51:29.207 [JavaFX Application Thread] DEBUG PrimaryStageWindow   - Push state: DialogSubScene
21:51:29.208 [JavaFX Application Thread] DEBUG Input                - Clearing active input actions
21:51:29.209 [JavaFX Application Thread] DEBUG GameApplicationServi - Removing overlay from GameScene and adding to DialogSubScene
21:51:29.210 [JavaFX Application Thread] DEBUG PrimaryStageWindow   - GameScene -> DialogSubScene
21:51:30.863 [JavaFX Application Thread] DEBUG PrimaryStageWindow   - Pop state: DialogSubScene
21:51:30.863 [JavaFX Application Thread] DEBUG Input                - Clearing active input actions
21:51:30.864 [JavaFX Application Thread] DEBUG GameApplicationServi - Removing overlay from DialogSubScene and adding to GameScene
21:51:30.865 [JavaFX Application Thread] DEBUG PrimaryStageWindow   - GameScene <- DialogSubScene
21:51:30.865 [JavaFX Application Thread] DEBUG GameApplicationServi - Starting new game
21:51:30.865 [JavaFX Application Thread] DEBUG Input                - Clearing active input actions
21:51:30.870 [JavaFX Application Thread] DEBUG GameApplicationServi - Removing overlay from GameScene and adding to FXGLLoadingScene
21:51:30.870 [JavaFX Application Thread] DEBUG PrimaryStageWindow   - GameScene -> FXGLLoadingScene
21:51:30.870 [JavaFX Application Thread] DEBUG GameApplicationServi - Clearing previous game
21:51:30.870 [JavaFX Application Thread] DEBUG GameScene            - Clearing game scene
21:51:30.870 [JavaFX Application Thread] DEBUG GameWorld            - Clearing game world
21:51:30.874 [JavaFX Application Thread] DEBUG PhysicsWorld         - Clearing physics world
21:51:30.874 [FXGL Background Thread 2 ] DEBUG FXGLApplication      - Initializing game
21:51:30.878 [FXGL Background Thread 2 ] DEBUG TMXLevelLoader       - Parsed TiledMap: file:/Users/olive/Documents/GitHub/Project-Winter/proj/target/classes/assets/levels/tmx/Plat1.9.0.tmx
21:51:30.878 [FXGL Background Thread 2 ] DEBUG TMXLevelLoader       - Creating tile layer entities
21:51:30.879 [FXGL Background Thread 2 ] DEBUG TilesetLoader        - Loading view for layer Tile Layer 1
21:51:30.879 [FXGL Background Thread 2 ] DEBUG TilesetLoader        - Created buffer with size 810.0x360.0
21:51:30.882 [FXGL Background Thread 2 ] DEBUG TMXLevelLoader       - Creating object layer entities
21:51:30.884 [FXGL Background Thread 2 ] DEBUG GameWorld            - Clearing removable entities
21:51:30.884 [FXGL Background Thread 2 ] DEBUG GameWorld            - Setting level: com.almasb.fxgl.entity.level.Level@65707deb
21:51:30.886 [FXGL Background Thread 2 ] WARN  Entity               - Entity already has component: com.example.proj.component.PlayerControl
21:51:30.886 [FXGL Background Thread 2 ] INFO  FXGLApplication      - Game initialization took: 0.012 sec
21:51:30.886 [JavaFX Application Thread] DEBUG Input                - Clearing active input actions
21:51:30.890 [JavaFX Application Thread] DEBUG GameApplicationServi - Removing overlay from FXGLLoadingScene and adding to GameScene
21:51:30.890 [JavaFX Application Thread] DEBUG PrimaryStageWindow   - FXGLLoadingScene -> GameScene
21:51:32.134 [JavaFX Application Thread] DEBUG FXGLApplication      - Exiting FXGL
21:51:32.135 [JavaFX Application Thread] DEBUG LoopRunner           - Stopping loop
21:51:32.135 [JavaFX Application Thread] DEBUG SystemBundleService  - Saving FXGL system data
21:51:32.138 [JavaFX Application Thread] DEBUG FileSystemAccess     - Writing to: /Users/olive/Documents/GitHub/Project-Winter/system/fxgl.bundle
21:51:32.140 [JavaFX Application Thread] DEBUG Async                - Shutting down background threads
21:51:32.140 [JavaFX Application Thread] DEBUG PrimaryStageWindow   - Closing main window
21:51:32.148 [JavaFX Application Thread] DEBUG Logger               - Closing Logger
