22:01:37.660 [main                     ] DEBUG Logger               - Configured Logger
22:01:37.693 [main                     ] DEBUG GameApplication      - Logging settings
Title: Soot(sin)
Version: 0.0
Width: 700
Height: 360
Fullscreen: false
Intro: false
Profiling: false
Single step:false
App Mode: DEVELOPER
Menu Key: ESCAPE
Stage Style: DECORATED
Scene Factory: class com.almasb.fxgl.app.scene.SceneFactory

22:01:38.226 [JavaFX Application Thread] DEBUG FXGLApplication      - Initializing FXGL
22:01:38.231 [JavaFX Application Thread] INFO  Engine               - FXGL-17.2 (20.08.2022 16.50) on MAC (J:18.0.2.1 FX:18.0.2)
22:01:38.231 [JavaFX Application Thread] DEBUG Engine               - JRE Vendor Name: Oracle Corporation
22:01:38.232 [JavaFX Application Thread] DEBUG Engine               - Running on OS: Mac OS X version 13.4.1
22:01:38.232 [JavaFX Application Thread] DEBUG Engine               - Architecture: aarch64
22:01:38.232 [JavaFX Application Thread] INFO  Engine               - Source code and latest versions at: https://github.com/AlmasB/FXGL
22:01:38.232 [JavaFX Application Thread] INFO  Engine               -       Ask questions and discuss at: https://github.com/AlmasB/FXGL/discussions
22:01:38.232 [JavaFX Application Thread] INFO  Engine               -              Join the FXGL chat at: https://gitter.im/AlmasB/FXGL
22:01:38.299 [JavaFX Application Thread] DEBUG PrimaryStageWindow   - Creating a JavaFX scene
22:01:38.331 [JavaFX Application Thread] DEBUG PrimaryStageWindow   - Target settings size: 700.0 x 360.0
22:01:38.331 [JavaFX Application Thread] DEBUG PrimaryStageWindow   - Scaled scene size:    700.0 x 360.0
22:01:38.331 [JavaFX Application Thread] DEBUG PrimaryStageWindow   - Scaled ratio: (1.0, 1.0)
22:01:38.332 [JavaFX Application Thread] DEBUG PrimaryStageWindow   - Set initial scene to FXGLStartupScene
22:01:38.337 [JavaFX Application Thread] DEBUG PrimaryStageWindow   - Opening main window
22:01:38.564 [JavaFX Application Thread] DEBUG PrimaryStageWindow   - Window border size: (0.0, 28.0)
22:01:38.565 [JavaFX Application Thread] DEBUG PrimaryStageWindow   - Scaled size: 700.0 x 360.0
22:01:38.565 [JavaFX Application Thread] DEBUG PrimaryStageWindow   - Scaled ratio: (1.0, 1.0)
22:01:38.565 [JavaFX Application Thread] DEBUG PrimaryStageWindow   - Scene size: 700.0 x 360.0
22:01:38.565 [JavaFX Application Thread] DEBUG PrimaryStageWindow   - Stage size: 700.0 x 388.0
22:01:38.593 [FXGL Background Thread 1 ] DEBUG Engine               - Initializing environment variables
22:01:39.128 [FXGL Background Thread 1 ] DEBUG FXGLAssetLoaderServi - User app class for loading assets: class com.example.proj.SootApp
22:01:39.128 [FXGL Background Thread 1 ] DEBUG GameApplicationServi - Applying CSS: fxgl_dark.css
22:01:39.129 [FXGL Background Thread 1 ] DEBUG FXGLAssetLoaderServi - Loading from file system: jar:file:///Users/olive/.m2/repository/com/github/almasb/fxgl/17.2/fxgl-17.2.jar!/fxglassets/ui/css/fxgl_dark.css
22:01:39.241 [FXGL Background Thread 1 ] DEBUG GameApplicationServi - Initializing application scenes
22:01:39.928 [FXGL Background Thread 1 ] DEBUG GameWorld            - Game world initialized
22:01:40.000 [FXGL Background Thread 1 ] DEBUG PhysicsWorld         - Physics world initialized: appHeight=360, physics.ppm=50.0
22:01:40.000 [FXGL Background Thread 1 ] DEBUG PhysicsWorld         - Using strategy: BRUTE_FORCE
22:01:40.003 [FXGL Background Thread 1 ] DEBUG GameScene            - Game scene initialized: 700x360
22:01:40.012 [FXGL Background Thread 1 ] WARN  FXGL.DefaultMenu     - FXGLDefaultMenu is not designed for resolutions < 800x600
22:01:40.012 [FXGL Background Thread 1 ] DEBUG FXGL.DefaultMenu     - createMenuBodyGameMenu()
22:01:40.026 [FXGL Background Thread 1 ] DEBUG FXGL.DefaultMenu     - createOptionsMenu()
22:01:40.034 [FXGL Background Thread 1 ] DEBUG FXGLAssetLoaderServi - Loading from file system: jar:file:///Users/olive/.m2/repository/com/github/almasb/fxgl/17.2/fxgl-17.2.jar!/fxglassets/textures/particles/smoke.png
22:01:40.137 [FXGL Background Thread 1 ] DEBUG FXGLAssetLoaderServi - Loading from file system: jar:file:///Users/olive/.m2/repository/com/github/almasb/fxgl/17.2/fxgl-17.2.jar!/fxglassets/textures/particles/trace_horizontal.png
22:01:40.161 [FXGL Background Thread 1 ] DEBUG GameApplicationServi - Application scenes initialized
22:01:40.170 [FXGL Background Thread 1 ] DEBUG SystemBundleService  - Loading FXGL system data
22:01:40.173 [FXGL Background Thread 1 ] DEBUG FileSystemAccess     - Reading from: /Users/olive/Documents/GitHub/Project-Winter/system/fxgl.bundle
22:01:40.181 [FXGL Background Thread 1 ] DEBUG SystemBundleService  - Bundle FXGL: {}
22:01:40.181 [FXGL Background Thread 1 ] DEBUG UpdaterService       - Checking for updates
22:01:40.184 [FXGL Background Thread 4 ] DEBUG FXGLApplication      - Loading fonts
22:01:40.184 [FXGL Background Thread 1 ] DEBUG FXGLApplication      - Loading default localization
22:01:40.184 [FXGL Background Thread 4 ] DEBUG FXGLAssetLoaderServi - Loading from file system: jar:file:///Users/olive/.m2/repository/com/github/almasb/fxgl/17.2/fxgl-17.2.jar!/fxglassets/ui/fonts/VarelaRound-Regular.ttf
22:01:40.185 [FXGL Background Thread 1 ] DEBUG FXGLAssetLoaderServi - Loading from file system: jar:file:///Users/olive/.m2/repository/com/github/almasb/fxgl/17.2/fxgl-17.2.jar!/fxglassets/languages/english.lang
22:01:40.196 [FXGL Background Thread 4 ] DEBUG FXGLAssetLoaderServi - Loading from file system: jar:file:///Users/olive/.m2/repository/com/github/almasb/fxgl/17.2/fxgl-17.2.jar!/fxglassets/ui/fonts/Abel-Regular.ttf
22:01:40.198 [FXGL Background Thread 4 ] DEBUG FXGLAssetLoaderServi - Loading from file system: jar:file:///Users/olive/.m2/repository/com/github/almasb/fxgl/17.2/fxgl-17.2.jar!/fxglassets/ui/fonts/TerminalLandMono-Regular.otf
22:01:40.198 [FXGL Background Thread 1 ] INFO  FXGLApplication      - FXGL initialization took: 1.605 sec
22:01:40.202 [FXGL Background Thread 4 ] DEBUG FXGLAssetLoaderServi - Loading from file system: jar:file:///Users/olive/.m2/repository/com/github/almasb/fxgl/17.2/fxgl-17.2.jar!/fxglassets/ui/fonts/Courier-Prime.ttf
22:01:40.205 [JavaFX Application Thread] DEBUG Input                - Registered new binding: left - Left
22:01:40.205 [JavaFX Application Thread] DEBUG Input                - Registered new binding: right - Right
22:01:40.205 [JavaFX Application Thread] DEBUG Input                - Registered new binding: jump - Up
22:01:40.206 [JavaFX Application Thread] DEBUG FXGLAssetLoaderServi - Loading from file system: jar:file:///Users/olive/.m2/repository/com/github/almasb/fxgl/17.2/fxgl-17.2.jar!/fxglassets/textures/fxgl_icon.png
22:01:40.234 [JavaFX Application Thread] DEBUG FXGLAssetLoaderServi - Loading from file system: jar:file:///Users/olive/.m2/repository/com/github/almasb/fxgl/17.2/fxgl-17.2.jar!/fxglassets/textures/fxgl_default_cursor.png
22:01:40.237 [JavaFX Application Thread] DEBUG Input                - Registered new binding: Screenshot - CTRL+8
22:01:40.237 [JavaFX Application Thread] DEBUG Input                - Registered new binding: System info dump - CTRL+9
22:01:40.237 [JavaFX Application Thread] DEBUG Input                - Registered new binding: Restart - CTRL+R
22:01:40.237 [JavaFX Application Thread] DEBUG Input                - Registered new binding: Toggle Debug Camera - CTRL+7
22:01:40.239 [JavaFX Application Thread] DEBUG LoopRunner           - Starting loop
22:01:40.239 [JavaFX Application Thread] DEBUG LoopRunner           - Initializing JavaFX AnimationTimerLoop
22:01:40.240 [JavaFX Application Thread] DEBUG GameApplicationServi - Starting new game
22:01:40.240 [JavaFX Application Thread] DEBUG Input                - Clearing active input actions
22:01:40.248 [JavaFX Application Thread] DEBUG GameApplicationServi - Removing overlay from FXGLStartupScene and adding to FXGLLoadingScene
22:01:40.248 [JavaFX Application Thread] DEBUG PrimaryStageWindow   - FXGLStartupScene -> FXGLLoadingScene
22:01:40.248 [JavaFX Application Thread] DEBUG GameApplicationServi - Clearing previous game
22:01:40.248 [JavaFX Application Thread] DEBUG GameScene            - Clearing game scene
22:01:40.248 [JavaFX Application Thread] DEBUG GameWorld            - Clearing game world
22:01:40.248 [JavaFX Application Thread] DEBUG PhysicsWorld         - Clearing physics world
22:01:40.250 [FXGL Background Thread 4 ] DEBUG FXGLApplication      - Initializing game
22:01:40.287 [FXGL Background Thread 4 ] DEBUG TMXLevelLoader       - Parsed TiledMap: file:/Users/olive/Documents/GitHub/Project-Winter/proj/target/classes/assets/levels/tmx/Plat1.9.0.tmx
22:01:40.288 [FXGL Background Thread 4 ] DEBUG TMXLevelLoader       - Creating tile layer entities
22:01:40.289 [FXGL Background Thread 4 ] DEBUG TilesetLoader        - Loading view for layer Tile Layer 1
22:01:40.290 [FXGL Background Thread 4 ] DEBUG TilesetLoader        - Created buffer with size 810.0x360.0
22:01:40.302 [FXGL Background Thread 4 ] DEBUG TMXLevelLoader       - Creating object layer entities
22:01:40.306 [JavaFX Application Thread] DEBUG FXGLApplication      - Registering font factories with UI factory
22:01:40.325 [FXGL Background Thread 4 ] DEBUG GameWorld            - Clearing removable entities
22:01:40.325 [FXGL Background Thread 4 ] DEBUG GameWorld            - Setting level: com.almasb.fxgl.entity.level.Level@1ca90532
22:01:40.332 [FXGL Background Thread 4 ] DEBUG FXGLAssetLoaderServi - Loading from file system: file:/Users/olive/Documents/GitHub/Project-Winter/proj/target/classes/assets/textures/finalSOOT.gif
22:01:40.337 [FXGL Background Thread 4 ] WARN  Entity               - Entity already has component: com.example.proj.component.PlayerControl
22:01:40.338 [FXGL Background Thread 4 ] DEBUG FXGLAssetLoaderServi - Loading from file system: file:/Users/olive/Documents/GitHub/Project-Winter/proj/target/classes/assets/textures/heart.png
22:01:40.341 [FXGL Background Thread 4 ] INFO  FXGLApplication      - Game initialization took: 0.092 sec
22:01:40.344 [JavaFX Application Thread] DEBUG Input                - Clearing active input actions
22:01:40.354 [JavaFX Application Thread] DEBUG GameApplicationServi - Removing overlay from FXGLLoadingScene and adding to GameScene
22:01:40.354 [JavaFX Application Thread] DEBUG PrimaryStageWindow   - FXGLLoadingScene -> GameScene
22:01:40.598 [FXGL Background Thread 2 ] INFO  UpdaterService       - Your current version:  17.2
22:01:40.598 [FXGL Background Thread 2 ] INFO  UpdaterService       - Latest stable version: 21
22:01:43.188 [FXGL Background Thread 3 ] DEBUG Engine               - Logging environment variables
22:01:43.190 [FXGL Background Thread 3 ] DEBUG Engine               - achievements: []
22:01:43.190 [FXGL Background Thread 3 ] DEBUG Engine               - actualHeight: 360.0
22:01:43.191 [FXGL Background Thread 3 ] DEBUG Engine               - actualHeightProperty: ReadOnlyDoubleProperty [value: 360.0]
22:01:43.191 [FXGL Background Thread 3 ] DEBUG Engine               - actualWidth: 700.0
22:01:43.191 [FXGL Background Thread 3 ] DEBUG Engine               - actualWidthProperty: ReadOnlyDoubleProperty [value: 700.0]
22:01:43.191 [FXGL Background Thread 3 ] DEBUG Engine               - appIcon: fxgl_icon.png
22:01:43.191 [FXGL Background Thread 3 ] DEBUG Engine               - applicationMode: DEVELOPER
22:01:43.191 [FXGL Background Thread 3 ] DEBUG Engine               - cSSList: [fxgl_dark.css]
22:01:43.191 [FXGL Background Thread 3 ] DEBUG Engine               - collisionDetectionStrategy: BRUTE_FORCE
22:01:43.191 [FXGL Background Thread 3 ] DEBUG Engine               - configClass: Optional.empty
22:01:43.191 [FXGL Background Thread 3 ] DEBUG Engine               - credits: []
22:01:43.192 [FXGL Background Thread 3 ] DEBUG Engine               - defaultCursor: CursorInfo(imageName=fxgl_default_cursor.png, hotspotX=7.0, hotspotY=6.0)
22:01:43.192 [FXGL Background Thread 3 ] DEBUG Engine               - devBBoxColorProperty: ObjectProperty [value: 0xff0000ff]
22:01:43.193 [FXGL Background Thread 3 ] DEBUG Engine               - devEnableDebugCameraProperty: BooleanProperty [value: false]
22:01:43.193 [FXGL Background Thread 3 ] DEBUG Engine               - devSensorColorProperty: ObjectProperty [value: 0xffff00ff]
22:01:43.193 [FXGL Background Thread 3 ] DEBUG Engine               - devShowBBoxProperty: BooleanProperty [value: false]
22:01:43.193 [FXGL Background Thread 3 ] DEBUG Engine               - devShowPositionProperty: BooleanProperty [value: false]
22:01:43.193 [FXGL Background Thread 3 ] DEBUG Engine               - enabledMenuItems: []
22:01:43.193 [FXGL Background Thread 3 ] DEBUG Engine               - engineServices: [class com.almasb.fxgl.app.services.FXGLAssetLoaderService, class com.almasb.fxgl.app.FXGLApplication$GameApplicationService, class com.almasb.fxgl.app.services.FXGLDialogService, class com.almasb.fxgl.app.services.IOTaskExecutorService, class com.almasb.fxgl.io.FileSystemService, class com.almasb.fxgl.localization.LocalizationService, class com.almasb.fxgl.app.services.SystemBundleService, class com.almasb.fxgl.profile.SaveLoadService, class com.almasb.fxgl.ui.FXGLUIFactoryServiceProvider, class com.almasb.fxgl.ui.FXGLDialogFactoryServiceProvider, class com.almasb.fxgl.audio.AudioPlayer, class com.almasb.fxgl.notification.impl.NotificationServiceProvider, class com.almasb.fxgl.achievement.AchievementService, class com.almasb.fxgl.cutscene.CutsceneService, class com.almasb.fxgl.minigames.MiniGameService, class com.almasb.fxgl.net.NetService, class com.almasb.fxgl.app.services.UpdaterService, class com.almasb.fxgl.dev.DevService]
22:01:43.193 [FXGL Background Thread 3 ] DEBUG Engine               - fontGame: Abel-Regular.ttf
22:01:43.193 [FXGL Background Thread 3 ] DEBUG Engine               - fontMono: TerminalLandMono-Regular.otf
22:01:43.193 [FXGL Background Thread 3 ] DEBUG Engine               - fontText: Courier-Prime.ttf
22:01:43.193 [FXGL Background Thread 3 ] DEBUG Engine               - fontUI: VarelaRound-Regular.ttf
22:01:43.193 [FXGL Background Thread 3 ] DEBUG Engine               - fullScreen: BooleanProperty [value: false]
22:01:43.194 [FXGL Background Thread 3 ] DEBUG Engine               - gameDifficulty: MEDIUM
22:01:43.194 [FXGL Background Thread 3 ] DEBUG Engine               - gameDifficultyProperty: ObjectProperty [value: MEDIUM]
22:01:43.194 [FXGL Background Thread 3 ] DEBUG Engine               - globalMusicVolume: 0.5
22:01:43.194 [FXGL Background Thread 3 ] DEBUG Engine               - globalMusicVolumeProperty: DoubleProperty [value: 0.5]
22:01:43.194 [FXGL Background Thread 3 ] DEBUG Engine               - globalSoundVolume: 0.5
22:01:43.194 [FXGL Background Thread 3 ] DEBUG Engine               - globalSoundVolumeProperty: DoubleProperty [value: 0.5]
22:01:43.194 [FXGL Background Thread 3 ] DEBUG Engine               - height: 360
22:01:43.194 [FXGL Background Thread 3 ] DEBUG Engine               - is3D: false
22:01:43.194 [FXGL Background Thread 3 ] DEBUG Engine               - isAndroid: false
22:01:43.194 [FXGL Background Thread 3 ] DEBUG Engine               - isBrowser: false
22:01:43.194 [FXGL Background Thread 3 ] DEBUG Engine               - isClickFeedbackEnabled: false
22:01:43.195 [FXGL Background Thread 3 ] DEBUG Engine               - isCloseConfirmation: false
22:01:43.195 [FXGL Background Thread 3 ] DEBUG Engine               - isDesktop: true
22:01:43.195 [FXGL Background Thread 3 ] DEBUG Engine               - isDeveloperMenuEnabled: false
22:01:43.195 [FXGL Background Thread 3 ] DEBUG Engine               - isEmbedded: false
22:01:43.195 [FXGL Background Thread 3 ] DEBUG Engine               - isEntityPreloadEnabled: true
22:01:43.195 [FXGL Background Thread 3 ] DEBUG Engine               - isExperimentalTiledLargeMap: false
22:01:43.195 [FXGL Background Thread 3 ] DEBUG Engine               - isFileSystemWriteAllowed: true
22:01:43.195 [FXGL Background Thread 3 ] DEBUG Engine               - isFullScreenAllowed: false
22:01:43.195 [FXGL Background Thread 3 ] DEBUG Engine               - isFullScreenFromStart: false
22:01:43.195 [FXGL Background Thread 3 ] DEBUG Engine               - isGameMenuEnabled: true
22:01:43.195 [FXGL Background Thread 3 ] DEBUG Engine               - isIOS: false
22:01:43.195 [FXGL Background Thread 3 ] DEBUG Engine               - isIntroEnabled: false
22:01:43.196 [FXGL Background Thread 3 ] DEBUG Engine               - isLinux: false
22:01:43.196 [FXGL Background Thread 3 ] DEBUG Engine               - isMac: true
22:01:43.196 [FXGL Background Thread 3 ] DEBUG Engine               - isMainMenuEnabled: false
22:01:43.196 [FXGL Background Thread 3 ] DEBUG Engine               - isManualResizeEnabled: false
22:01:43.196 [FXGL Background Thread 3 ] DEBUG Engine               - isMobile: false
22:01:43.196 [FXGL Background Thread 3 ] DEBUG Engine               - isNative: false
22:01:43.196 [FXGL Background Thread 3 ] DEBUG Engine               - isPauseMusicWhenMinimized: true
22:01:43.196 [FXGL Background Thread 3 ] DEBUG Engine               - isPreserveResizeRatio: false
22:01:43.196 [FXGL Background Thread 3 ] DEBUG Engine               - isProfilingEnabled: false
22:01:43.196 [FXGL Background Thread 3 ] DEBUG Engine               - isScaleAffectedOnResize: true
22:01:43.196 [FXGL Background Thread 3 ] DEBUG Engine               - isSingleStep: false
22:01:43.196 [FXGL Background Thread 3 ] DEBUG Engine               - isUserProfileEnabled: false
22:01:43.196 [FXGL Background Thread 3 ] DEBUG Engine               - isWindows: false
22:01:43.196 [FXGL Background Thread 3 ] DEBUG Engine               - language: ObjectProperty [value: ENGLISH]
22:01:43.196 [FXGL Background Thread 3 ] DEBUG Engine               - menuKey: ESCAPE
22:01:43.197 [FXGL Background Thread 3 ] DEBUG Engine               - mouseSensitivity: 0.2
22:01:43.197 [FXGL Background Thread 3 ] DEBUG Engine               - notificationViewClass: class com.almasb.fxgl.notification.view.XboxNotificationView
22:01:43.197 [FXGL Background Thread 3 ] DEBUG Engine               - pixelsPerMeter: 50.0
22:01:43.197 [FXGL Background Thread 3 ] DEBUG Engine               - platform: MAC
22:01:43.197 [FXGL Background Thread 3 ] DEBUG Engine               - prefHeightProperty: ReadOnlyDoubleProperty [value: 360.0]
22:01:43.197 [FXGL Background Thread 3 ] DEBUG Engine               - prefWidthProperty: ReadOnlyDoubleProperty [value: 700.0]
22:01:43.197 [FXGL Background Thread 3 ] DEBUG Engine               - profileDir: profiles/
22:01:43.197 [FXGL Background Thread 3 ] DEBUG Engine               - profileName: StringProperty [value: DEFAULT]
22:01:43.197 [FXGL Background Thread 3 ] DEBUG Engine               - randomSeed: -1
22:01:43.198 [FXGL Background Thread 3 ] DEBUG Engine               - runtimeInfo: RuntimeInfo(platform=MAC, version=17.2, build=20.08.2022 16.50)
22:01:43.198 [FXGL Background Thread 3 ] DEBUG Engine               - saveFileExt: sav
22:01:43.198 [FXGL Background Thread 3 ] DEBUG Engine               - scaledHeightProp$fxgl: DoubleProperty [bound, value: 360.0]
22:01:43.198 [FXGL Background Thread 3 ] DEBUG Engine               - scaledWidthProp$fxgl: DoubleProperty [bound, value: 700.0]
22:01:43.198 [FXGL Background Thread 3 ] DEBUG Engine               - sceneFactory: com.almasb.fxgl.app.scene.SceneFactory@2903353d
22:01:43.198 [FXGL Background Thread 3 ] DEBUG Engine               - secondsIn24h: 60
22:01:43.198 [FXGL Background Thread 3 ] DEBUG Engine               - soundMenuBack: menu/back.wav
22:01:43.198 [FXGL Background Thread 3 ] DEBUG Engine               - soundMenuPress: menu/press.wav
22:01:43.198 [FXGL Background Thread 3 ] DEBUG Engine               - soundMenuSelect: menu/select.wav
22:01:43.198 [FXGL Background Thread 3 ] DEBUG Engine               - soundNotification: core/notification.wav
22:01:43.198 [FXGL Background Thread 3 ] DEBUG Engine               - stageStyle: DECORATED
22:01:43.198 [FXGL Background Thread 3 ] DEBUG Engine               - supportedLanguages: [ENGLISH, FRENCH, GERMAN, HUNGARIAN, RUSSIAN]
22:01:43.198 [FXGL Background Thread 3 ] DEBUG Engine               - ticksPerSecond: -1
22:01:43.199 [FXGL Background Thread 3 ] DEBUG Engine               - title: Soot(sin)
22:01:43.199 [FXGL Background Thread 3 ] DEBUG Engine               - urlGithub: https://github.com/AlmasB/FXGL
22:01:43.199 [FXGL Background Thread 3 ] DEBUG Engine               - urlLeaderboard: http://fxgl-top.herokuapp.com/
22:01:43.199 [FXGL Background Thread 3 ] DEBUG Engine               - urlPOM: https://raw.githubusercontent.com/AlmasB/FXGL/release/README.md
22:01:43.199 [FXGL Background Thread 3 ] DEBUG Engine               - userAppClass: class com.example.proj.SootApp
22:01:43.199 [FXGL Background Thread 3 ] DEBUG Engine               - version: 0.0
22:01:43.199 [FXGL Background Thread 3 ] DEBUG Engine               - versionCheckDays: 7
22:01:43.199 [FXGL Background Thread 3 ] DEBUG Engine               - width: 700
22:01:43.199 [FXGL Background Thread 3 ] DEBUG Engine               - Logging services
22:01:43.199 [FXGL Background Thread 3 ] DEBUG Engine               - class com.almasb.fxgl.app.services.FXGLAssetLoaderService
22:01:43.199 [FXGL Background Thread 3 ] DEBUG Engine               - class com.almasb.fxgl.app.FXGLApplication$GameApplicationService
22:01:43.199 [FXGL Background Thread 3 ] DEBUG Engine               - class com.almasb.fxgl.app.services.FXGLDialogService
22:01:43.199 [FXGL Background Thread 3 ] DEBUG Engine               - class com.almasb.fxgl.app.services.IOTaskExecutorService
22:01:43.199 [FXGL Background Thread 3 ] DEBUG Engine               - class com.almasb.fxgl.io.FileSystemService
22:01:43.199 [FXGL Background Thread 3 ] DEBUG Engine               - class com.almasb.fxgl.localization.LocalizationService
22:01:43.199 [FXGL Background Thread 3 ] DEBUG Engine               - class com.almasb.fxgl.app.services.SystemBundleService
22:01:43.199 [FXGL Background Thread 3 ] DEBUG Engine               - class com.almasb.fxgl.profile.SaveLoadService
22:01:43.199 [FXGL Background Thread 3 ] DEBUG Engine               - class com.almasb.fxgl.ui.FXGLUIFactoryServiceProvider
22:01:43.199 [FXGL Background Thread 3 ] DEBUG Engine               - class com.almasb.fxgl.ui.FXGLDialogFactoryServiceProvider
22:01:43.199 [FXGL Background Thread 3 ] DEBUG Engine               - class com.almasb.fxgl.audio.AudioPlayer
22:01:43.200 [FXGL Background Thread 3 ] DEBUG Engine               - class com.almasb.fxgl.notification.impl.NotificationServiceProvider
22:01:43.200 [FXGL Background Thread 3 ] DEBUG Engine               - class com.almasb.fxgl.achievement.AchievementService
22:01:43.200 [FXGL Background Thread 3 ] DEBUG Engine               - class com.almasb.fxgl.cutscene.CutsceneService
22:01:43.200 [FXGL Background Thread 3 ] DEBUG Engine               - class com.almasb.fxgl.minigames.MiniGameService
22:01:43.200 [FXGL Background Thread 3 ] DEBUG Engine               - class com.almasb.fxgl.net.NetService
22:01:43.200 [FXGL Background Thread 3 ] DEBUG Engine               - class com.almasb.fxgl.app.services.UpdaterService
22:01:43.200 [FXGL Background Thread 3 ] DEBUG Engine               - class com.almasb.fxgl.dev.DevService
22:01:54.352 [JavaFX Application Thread] DEBUG FXGLApplication      - Exiting FXGL
22:01:54.352 [JavaFX Application Thread] DEBUG LoopRunner           - Stopping loop
22:01:54.352 [JavaFX Application Thread] DEBUG SystemBundleService  - Saving FXGL system data
22:01:54.354 [JavaFX Application Thread] DEBUG FileSystemAccess     - Writing to: /Users/olive/Documents/GitHub/Project-Winter/system/fxgl.bundle
22:01:54.355 [JavaFX Application Thread] DEBUG Async                - Shutting down background threads
22:01:54.355 [JavaFX Application Thread] DEBUG PrimaryStageWindow   - Closing main window
22:01:54.363 [JavaFX Application Thread] DEBUG Logger               - Closing Logger
