19:17:04.568 [main                     ] DEBUG Logger               - Configured Logger
19:17:04.610 [main                     ] DEBUG GameApplication      - Logging settings
Title: Soot(sin)
Version: 0.0
Width: 450
Height: 360
Fullscreen: false
Intro: false
Profiling: false
Single step:false
App Mode: DEVELOPER
Menu Key: ESCAPE
Stage Style: DECORATED
Scene Factory: class com.almasb.fxgl.app.scene.SceneFactory

19:17:05.106 [JavaFX Application Thread] DEBUG FXGLApplication      - Initializing FXGL
19:17:05.119 [JavaFX Application Thread] INFO  Engine               - FXGL-17.2 (20.08.2022 16.50) on WINDOWS (J:18.0.2.1 FX:18.0.2)
19:17:05.119 [JavaFX Application Thread] DEBUG Engine               - JRE Vendor Name: Oracle Corporation
19:17:05.120 [JavaFX Application Thread] DEBUG Engine               - Running on OS: Windows 11 version 10.0
19:17:05.120 [JavaFX Application Thread] DEBUG Engine               - Architecture: amd64
19:17:05.120 [JavaFX Application Thread] INFO  Engine               - Source code and latest versions at: https://github.com/AlmasB/FXGL
19:17:05.120 [JavaFX Application Thread] INFO  Engine               -       Ask questions and discuss at: https://github.com/AlmasB/FXGL/discussions
19:17:05.121 [JavaFX Application Thread] INFO  Engine               -              Join the FXGL chat at: https://gitter.im/AlmasB/FXGL
19:17:05.300 [JavaFX Application Thread] DEBUG PrimaryStageWindow   - Creating a JavaFX scene
19:17:05.507 [JavaFX Application Thread] DEBUG PrimaryStageWindow   - Target settings size: 450.0 x 360.0
19:17:05.508 [JavaFX Application Thread] DEBUG PrimaryStageWindow   - Scaled scene size:    450.0 x 360.0
19:17:05.508 [JavaFX Application Thread] DEBUG PrimaryStageWindow   - Scaled ratio: (1.0, 1.0)
19:17:05.512 [JavaFX Application Thread] DEBUG PrimaryStageWindow   - Set initial scene to FXGLStartupScene
19:17:05.526 [JavaFX Application Thread] DEBUG PrimaryStageWindow   - Opening main window
19:17:05.711 [JavaFX Application Thread] DEBUG PrimaryStageWindow   - Window border size: (14.666656494140625, 37.333343505859375)
19:17:05.712 [JavaFX Application Thread] DEBUG PrimaryStageWindow   - Scaled size: 450.0 x 360.0
19:17:05.712 [JavaFX Application Thread] DEBUG PrimaryStageWindow   - Scaled ratio: (1.0, 1.0)
19:17:05.715 [JavaFX Application Thread] DEBUG PrimaryStageWindow   - Scene size: 450.0 x 360.0
19:17:05.715 [JavaFX Application Thread] DEBUG PrimaryStageWindow   - Stage size: 464.6666564941406 x 397.3333435058594
19:17:05.731 [FXGL Background Thread 1 ] DEBUG Engine               - Initializing environment variables
19:17:05.835 [FXGL Background Thread 1 ] DEBUG FXGLAssetLoaderServi - User app class for loading assets: class com.example.proj.SootApp
19:17:05.835 [FXGL Background Thread 1 ] DEBUG GameApplicationServi - Applying CSS: fxgl_dark.css
19:17:05.836 [FXGL Background Thread 1 ] DEBUG FXGLAssetLoaderServi - Loading from file system: jar:file:///C:/Users/aasth/.m2/repository/com/github/almasb/fxgl/17.2/fxgl-17.2.jar!/fxglassets/ui/css/fxgl_dark.css
19:17:05.931 [FXGL Background Thread 1 ] DEBUG GameApplicationServi - Initializing application scenes
19:17:06.009 [FXGL Background Thread 1 ] DEBUG GameWorld            - Game world initialized
19:17:06.100 [FXGL Background Thread 1 ] DEBUG PhysicsWorld         - Physics world initialized: appHeight=360, physics.ppm=50.0
19:17:06.101 [FXGL Background Thread 1 ] DEBUG PhysicsWorld         - Using strategy: BRUTE_FORCE
19:17:06.106 [FXGL Background Thread 1 ] DEBUG GameScene            - Game scene initialized: 450x360
19:17:06.117 [FXGL Background Thread 1 ] WARN  FXGL.DefaultMenu     - FXGLDefaultMenu is not designed for resolutions < 800x600
19:17:06.117 [FXGL Background Thread 1 ] DEBUG FXGL.DefaultMenu     - createMenuBodyGameMenu()
19:17:06.138 [FXGL Background Thread 1 ] DEBUG FXGL.DefaultMenu     - createOptionsMenu()
19:17:06.155 [FXGL Background Thread 1 ] DEBUG FXGLAssetLoaderServi - Loading from file system: jar:file:///C:/Users/aasth/.m2/repository/com/github/almasb/fxgl/17.2/fxgl-17.2.jar!/fxglassets/textures/particles/smoke.png
19:17:06.284 [FXGL Background Thread 1 ] DEBUG FXGLAssetLoaderServi - Loading from file system: jar:file:///C:/Users/aasth/.m2/repository/com/github/almasb/fxgl/17.2/fxgl-17.2.jar!/fxglassets/textures/particles/trace_horizontal.png
19:17:06.322 [FXGL Background Thread 1 ] DEBUG GameApplicationServi - Application scenes initialized
19:17:06.338 [FXGL Background Thread 1 ] DEBUG SystemBundleService  - Loading FXGL system data
19:17:06.345 [FXGL Background Thread 1 ] DEBUG FileSystemAccess     - Reading from: C:\Users\aasth\OneDrive\Documents\GitHub\Project-Winter\system\fxgl.bundle
19:17:06.365 [FXGL Background Thread 1 ] DEBUG SystemBundleService  - Bundle FXGL: {}
19:17:06.365 [FXGL Background Thread 1 ] DEBUG UpdaterService       - Checking for updates
19:17:06.373 [FXGL Background Thread 4 ] DEBUG FXGLApplication      - Loading fonts
19:17:06.373 [FXGL Background Thread 1 ] DEBUG FXGLApplication      - Loading default localization
19:17:06.374 [FXGL Background Thread 4 ] DEBUG FXGLAssetLoaderServi - Loading from file system: jar:file:///C:/Users/aasth/.m2/repository/com/github/almasb/fxgl/17.2/fxgl-17.2.jar!/fxglassets/ui/fonts/VarelaRound-Regular.ttf
19:17:06.374 [FXGL Background Thread 1 ] DEBUG FXGLAssetLoaderServi - Loading from file system: jar:file:///C:/Users/aasth/.m2/repository/com/github/almasb/fxgl/17.2/fxgl-17.2.jar!/fxglassets/languages/english.lang
19:17:06.408 [FXGL Background Thread 1 ] INFO  FXGLApplication      - FXGL initialization took: 0.677 sec
19:17:06.423 [JavaFX Application Thread] DEBUG Input                - Registered new binding: left - Left
19:17:06.423 [JavaFX Application Thread] DEBUG Input                - Registered new binding: right - Right
19:17:06.424 [JavaFX Application Thread] DEBUG Input                - Registered new binding: jump - Up
19:17:06.424 [JavaFX Application Thread] DEBUG FXGLAssetLoaderServi - Loading from file system: jar:file:///C:/Users/aasth/.m2/repository/com/github/almasb/fxgl/17.2/fxgl-17.2.jar!/fxglassets/textures/fxgl_icon.png
19:17:06.454 [JavaFX Application Thread] DEBUG FXGLAssetLoaderServi - Loading from file system: jar:file:///C:/Users/aasth/.m2/repository/com/github/almasb/fxgl/17.2/fxgl-17.2.jar!/fxglassets/textures/fxgl_default_cursor.png
19:17:06.459 [JavaFX Application Thread] DEBUG Input                - Registered new binding: Screenshot - CTRL+8
19:17:06.460 [JavaFX Application Thread] DEBUG Input                - Registered new binding: System info dump - CTRL+9
19:17:06.461 [JavaFX Application Thread] DEBUG Input                - Registered new binding: Restart - CTRL+R
19:17:06.461 [JavaFX Application Thread] DEBUG Input                - Registered new binding: Toggle Debug Camera - CTRL+7
19:17:06.465 [JavaFX Application Thread] DEBUG LoopRunner           - Starting loop
19:17:06.465 [JavaFX Application Thread] DEBUG LoopRunner           - Initializing JavaFX AnimationTimerLoop
19:17:06.467 [JavaFX Application Thread] DEBUG GameApplicationServi - Starting new game
19:17:06.468 [JavaFX Application Thread] DEBUG Input                - Clearing active input actions
19:17:06.473 [FXGL Background Thread 4 ] DEBUG FXGLAssetLoaderServi - Loading from file system: jar:file:///C:/Users/aasth/.m2/repository/com/github/almasb/fxgl/17.2/fxgl-17.2.jar!/fxglassets/ui/fonts/Abel-Regular.ttf
19:17:06.476 [FXGL Background Thread 4 ] DEBUG FXGLAssetLoaderServi - Loading from file system: jar:file:///C:/Users/aasth/.m2/repository/com/github/almasb/fxgl/17.2/fxgl-17.2.jar!/fxglassets/ui/fonts/TerminalLandMono-Regular.otf
19:17:06.481 [FXGL Background Thread 4 ] DEBUG FXGLAssetLoaderServi - Loading from file system: jar:file:///C:/Users/aasth/.m2/repository/com/github/almasb/fxgl/17.2/fxgl-17.2.jar!/fxglassets/ui/fonts/Courier-Prime.ttf
19:17:06.484 [JavaFX Application Thread] DEBUG GameApplicationServi - Removing overlay from FXGLStartupScene and adding to FXGLLoadingScene
19:17:06.484 [JavaFX Application Thread] DEBUG PrimaryStageWindow   - FXGLStartupScene -> FXGLLoadingScene
19:17:06.485 [JavaFX Application Thread] DEBUG GameApplicationServi - Clearing previous game
19:17:06.485 [JavaFX Application Thread] DEBUG GameScene            - Clearing game scene
19:17:06.485 [JavaFX Application Thread] DEBUG GameWorld            - Clearing game world
19:17:06.485 [JavaFX Application Thread] DEBUG PhysicsWorld         - Clearing physics world
19:17:06.489 [FXGL Background Thread 4 ] DEBUG FXGLApplication      - Initializing game
19:17:06.544 [JavaFX Application Thread] DEBUG FXGLApplication      - Registering font factories with UI factory
19:17:06.565 [FXGL Background Thread 4 ] DEBUG TMXLevelLoader       - Parsed TiledMap: file:/C:/Users/aasth/OneDrive/Documents/GitHub/Project-Winter/proj/target/classes/assets/levels/tmx/Plat1.9.0.tmx
19:17:06.567 [FXGL Background Thread 4 ] DEBUG TMXLevelLoader       - Creating tile layer entities
19:17:06.569 [FXGL Background Thread 4 ] DEBUG TilesetLoader        - Loading view for layer Tile Layer 1
19:17:06.570 [FXGL Background Thread 4 ] DEBUG TilesetLoader        - Created buffer with size 450.0x360.0
19:17:06.583 [FXGL Background Thread 4 ] DEBUG TMXLevelLoader       - Creating object layer entities
19:17:06.613 [FXGL Background Thread 4 ] DEBUG GameWorld            - Clearing removable entities
19:17:06.614 [FXGL Background Thread 4 ] DEBUG GameWorld            - Setting level: com.almasb.fxgl.entity.level.Level@70362bc8
19:17:06.625 [FXGL Background Thread 4 ] DEBUG FXGLAssetLoaderServi - Loading from file system: file:/C:/Users/aasth/OneDrive/Documents/GitHub/Project-Winter/proj/target/classes/assets/textures/finalSOOT.gif
19:17:06.643 [FXGL Background Thread 4 ] WARN  Entity               - Entity already has component: com.example.proj.component.PlayerControl
19:17:06.645 [FXGL Background Thread 4 ] INFO  FXGLApplication      - Game initialization took: 0.157 sec
19:17:06.689 [JavaFX Application Thread] DEBUG Input                - Clearing active input actions
19:17:06.709 [JavaFX Application Thread] DEBUG GameApplicationServi - Removing overlay from FXGLLoadingScene and adding to GameScene
19:17:06.710 [JavaFX Application Thread] DEBUG PrimaryStageWindow   - FXGLLoadingScene -> GameScene
19:17:07.122 [FXGL Background Thread 2 ] INFO  UpdaterService       - Your current version:  17.2
19:17:07.124 [FXGL Background Thread 2 ] INFO  UpdaterService       - Latest stable version: 21
19:17:09.371 [FXGL Background Thread 3 ] DEBUG Engine               - Logging environment variables
19:17:09.372 [FXGL Background Thread 3 ] DEBUG Engine               - achievements: []
19:17:09.372 [FXGL Background Thread 3 ] DEBUG Engine               - actualHeight: 360.0
19:17:09.372 [FXGL Background Thread 3 ] DEBUG Engine               - actualHeightProperty: ReadOnlyDoubleProperty [value: 360.0]
19:17:09.372 [FXGL Background Thread 3 ] DEBUG Engine               - actualWidth: 450.0
19:17:09.372 [FXGL Background Thread 3 ] DEBUG Engine               - actualWidthProperty: ReadOnlyDoubleProperty [value: 450.0]
19:17:09.372 [FXGL Background Thread 3 ] DEBUG Engine               - appIcon: fxgl_icon.png
19:17:09.372 [FXGL Background Thread 3 ] DEBUG Engine               - applicationMode: DEVELOPER
19:17:09.372 [FXGL Background Thread 3 ] DEBUG Engine               - cSSList: [fxgl_dark.css]
19:17:09.373 [FXGL Background Thread 3 ] DEBUG Engine               - collisionDetectionStrategy: BRUTE_FORCE
19:17:09.373 [FXGL Background Thread 3 ] DEBUG Engine               - configClass: Optional.empty
19:17:09.373 [FXGL Background Thread 3 ] DEBUG Engine               - credits: []
19:17:09.373 [FXGL Background Thread 3 ] DEBUG Engine               - defaultCursor: CursorInfo(imageName=fxgl_default_cursor.png, hotspotX=7.0, hotspotY=6.0)
19:17:09.373 [FXGL Background Thread 3 ] DEBUG Engine               - devBBoxColorProperty: ObjectProperty [value: 0xff0000ff]
19:17:09.374 [FXGL Background Thread 3 ] DEBUG Engine               - devEnableDebugCameraProperty: BooleanProperty [value: false]
19:17:09.374 [FXGL Background Thread 3 ] DEBUG Engine               - devSensorColorProperty: ObjectProperty [value: 0xffff00ff]
19:17:09.374 [FXGL Background Thread 3 ] DEBUG Engine               - devShowBBoxProperty: BooleanProperty [value: false]
19:17:09.374 [FXGL Background Thread 3 ] DEBUG Engine               - devShowPositionProperty: BooleanProperty [value: false]
19:17:09.374 [FXGL Background Thread 3 ] DEBUG Engine               - enabledMenuItems: []
19:17:09.374 [FXGL Background Thread 3 ] DEBUG Engine               - engineServices: [class com.almasb.fxgl.app.services.FXGLAssetLoaderService, class com.almasb.fxgl.app.FXGLApplication$GameApplicationService, class com.almasb.fxgl.app.services.FXGLDialogService, class com.almasb.fxgl.app.services.IOTaskExecutorService, class com.almasb.fxgl.io.FileSystemService, class com.almasb.fxgl.localization.LocalizationService, class com.almasb.fxgl.app.services.SystemBundleService, class com.almasb.fxgl.profile.SaveLoadService, class com.almasb.fxgl.ui.FXGLUIFactoryServiceProvider, class com.almasb.fxgl.ui.FXGLDialogFactoryServiceProvider, class com.almasb.fxgl.audio.AudioPlayer, class com.almasb.fxgl.notification.impl.NotificationServiceProvider, class com.almasb.fxgl.achievement.AchievementService, class com.almasb.fxgl.cutscene.CutsceneService, class com.almasb.fxgl.minigames.MiniGameService, class com.almasb.fxgl.net.NetService, class com.almasb.fxgl.app.services.UpdaterService, class com.almasb.fxgl.dev.DevService]
19:17:09.374 [FXGL Background Thread 3 ] DEBUG Engine               - fontGame: Abel-Regular.ttf
19:17:09.374 [FXGL Background Thread 3 ] DEBUG Engine               - fontMono: TerminalLandMono-Regular.otf
19:17:09.374 [FXGL Background Thread 3 ] DEBUG Engine               - fontText: Courier-Prime.ttf
19:17:09.374 [FXGL Background Thread 3 ] DEBUG Engine               - fontUI: VarelaRound-Regular.ttf
19:17:09.374 [FXGL Background Thread 3 ] DEBUG Engine               - fullScreen: BooleanProperty [value: false]
19:17:09.374 [FXGL Background Thread 3 ] DEBUG Engine               - gameDifficulty: MEDIUM
19:17:09.374 [FXGL Background Thread 3 ] DEBUG Engine               - gameDifficultyProperty: ObjectProperty [value: MEDIUM]
19:17:09.374 [FXGL Background Thread 3 ] DEBUG Engine               - globalMusicVolume: 0.5
19:17:09.374 [FXGL Background Thread 3 ] DEBUG Engine               - globalMusicVolumeProperty: DoubleProperty [value: 0.5]
19:17:09.375 [FXGL Background Thread 3 ] DEBUG Engine               - globalSoundVolume: 0.5
19:17:09.375 [FXGL Background Thread 3 ] DEBUG Engine               - globalSoundVolumeProperty: DoubleProperty [value: 0.5]
19:17:09.375 [FXGL Background Thread 3 ] DEBUG Engine               - height: 360
19:17:09.375 [FXGL Background Thread 3 ] DEBUG Engine               - is3D: false
19:17:09.375 [FXGL Background Thread 3 ] DEBUG Engine               - isAndroid: false
19:17:09.375 [FXGL Background Thread 3 ] DEBUG Engine               - isBrowser: false
19:17:09.375 [FXGL Background Thread 3 ] DEBUG Engine               - isClickFeedbackEnabled: false
19:17:09.375 [FXGL Background Thread 3 ] DEBUG Engine               - isCloseConfirmation: false
19:17:09.375 [FXGL Background Thread 3 ] DEBUG Engine               - isDesktop: true
19:17:09.375 [FXGL Background Thread 3 ] DEBUG Engine               - isDeveloperMenuEnabled: false
19:17:09.375 [FXGL Background Thread 3 ] DEBUG Engine               - isEmbedded: false
19:17:09.375 [FXGL Background Thread 3 ] DEBUG Engine               - isEntityPreloadEnabled: true
19:17:09.375 [FXGL Background Thread 3 ] DEBUG Engine               - isExperimentalTiledLargeMap: false
19:17:09.375 [FXGL Background Thread 3 ] DEBUG Engine               - isFileSystemWriteAllowed: true
19:17:09.375 [FXGL Background Thread 3 ] DEBUG Engine               - isFullScreenAllowed: false
19:17:09.375 [FXGL Background Thread 3 ] DEBUG Engine               - isFullScreenFromStart: false
19:17:09.375 [FXGL Background Thread 3 ] DEBUG Engine               - isGameMenuEnabled: true
19:17:09.376 [FXGL Background Thread 3 ] DEBUG Engine               - isIOS: false
19:17:09.376 [FXGL Background Thread 3 ] DEBUG Engine               - isIntroEnabled: false
19:17:09.376 [FXGL Background Thread 3 ] DEBUG Engine               - isLinux: false
19:17:09.376 [FXGL Background Thread 3 ] DEBUG Engine               - isMac: false
19:17:09.376 [FXGL Background Thread 3 ] DEBUG Engine               - isMainMenuEnabled: false
19:17:09.376 [FXGL Background Thread 3 ] DEBUG Engine               - isManualResizeEnabled: false
19:17:09.376 [FXGL Background Thread 3 ] DEBUG Engine               - isMobile: false
19:17:09.376 [FXGL Background Thread 3 ] DEBUG Engine               - isNative: false
19:17:09.376 [FXGL Background Thread 3 ] DEBUG Engine               - isPauseMusicWhenMinimized: true
19:17:09.376 [FXGL Background Thread 3 ] DEBUG Engine               - isPreserveResizeRatio: false
19:17:09.376 [FXGL Background Thread 3 ] DEBUG Engine               - isProfilingEnabled: false
19:17:09.376 [FXGL Background Thread 3 ] DEBUG Engine               - isScaleAffectedOnResize: true
19:17:09.376 [FXGL Background Thread 3 ] DEBUG Engine               - isSingleStep: false
19:17:09.376 [FXGL Background Thread 3 ] DEBUG Engine               - isUserProfileEnabled: false
19:17:09.376 [FXGL Background Thread 3 ] DEBUG Engine               - isWindows: true
19:17:09.376 [FXGL Background Thread 3 ] DEBUG Engine               - language: ObjectProperty [value: ENGLISH]
19:17:09.376 [FXGL Background Thread 3 ] DEBUG Engine               - menuKey: ESCAPE
19:17:09.376 [FXGL Background Thread 3 ] DEBUG Engine               - mouseSensitivity: 0.2
19:17:09.376 [FXGL Background Thread 3 ] DEBUG Engine               - notificationViewClass: class com.almasb.fxgl.notification.view.XboxNotificationView
19:17:09.377 [FXGL Background Thread 3 ] DEBUG Engine               - pixelsPerMeter: 50.0
19:17:09.377 [FXGL Background Thread 3 ] DEBUG Engine               - platform: WINDOWS
19:17:09.377 [FXGL Background Thread 3 ] DEBUG Engine               - prefHeightProperty: ReadOnlyDoubleProperty [value: 360.0]
19:17:09.377 [FXGL Background Thread 3 ] DEBUG Engine               - prefWidthProperty: ReadOnlyDoubleProperty [value: 450.0]
19:17:09.377 [FXGL Background Thread 3 ] DEBUG Engine               - profileDir: profiles/
19:17:09.377 [FXGL Background Thread 3 ] DEBUG Engine               - profileName: StringProperty [value: DEFAULT]
19:17:09.377 [FXGL Background Thread 3 ] DEBUG Engine               - randomSeed: -1
19:17:09.377 [FXGL Background Thread 3 ] DEBUG Engine               - runtimeInfo: RuntimeInfo(platform=WINDOWS, version=17.2, build=20.08.2022 16.50)
19:17:09.378 [FXGL Background Thread 3 ] DEBUG Engine               - saveFileExt: sav
19:17:09.378 [FXGL Background Thread 3 ] DEBUG Engine               - scaledHeightProp$fxgl: DoubleProperty [bound, value: 360.0]
19:17:09.378 [FXGL Background Thread 3 ] DEBUG Engine               - scaledWidthProp$fxgl: DoubleProperty [bound, value: 450.0]
19:17:09.378 [FXGL Background Thread 3 ] DEBUG Engine               - sceneFactory: com.almasb.fxgl.app.scene.SceneFactory@1d38497f
19:17:09.378 [FXGL Background Thread 3 ] DEBUG Engine               - secondsIn24h: 60
19:17:09.378 [FXGL Background Thread 3 ] DEBUG Engine               - soundMenuBack: menu/back.wav
19:17:09.378 [FXGL Background Thread 3 ] DEBUG Engine               - soundMenuPress: menu/press.wav
19:17:09.378 [FXGL Background Thread 3 ] DEBUG Engine               - soundMenuSelect: menu/select.wav
19:17:09.378 [FXGL Background Thread 3 ] DEBUG Engine               - soundNotification: core/notification.wav
19:17:09.378 [FXGL Background Thread 3 ] DEBUG Engine               - stageStyle: DECORATED
19:17:09.379 [FXGL Background Thread 3 ] DEBUG Engine               - supportedLanguages: [ENGLISH, FRENCH, GERMAN, HUNGARIAN, RUSSIAN]
19:17:09.379 [FXGL Background Thread 3 ] DEBUG Engine               - ticksPerSecond: -1
19:17:09.379 [FXGL Background Thread 3 ] DEBUG Engine               - title: Soot(sin)
19:17:09.379 [FXGL Background Thread 3 ] DEBUG Engine               - urlGithub: https://github.com/AlmasB/FXGL
19:17:09.379 [FXGL Background Thread 3 ] DEBUG Engine               - urlLeaderboard: http://fxgl-top.herokuapp.com/
19:17:09.379 [FXGL Background Thread 3 ] DEBUG Engine               - urlPOM: https://raw.githubusercontent.com/AlmasB/FXGL/release/README.md
19:17:09.379 [FXGL Background Thread 3 ] DEBUG Engine               - userAppClass: class com.example.proj.SootApp
19:17:09.379 [FXGL Background Thread 3 ] DEBUG Engine               - version: 0.0
19:17:09.379 [FXGL Background Thread 3 ] DEBUG Engine               - versionCheckDays: 7
19:17:09.379 [FXGL Background Thread 3 ] DEBUG Engine               - width: 450
19:17:09.379 [FXGL Background Thread 3 ] DEBUG Engine               - Logging services
19:17:09.379 [FXGL Background Thread 3 ] DEBUG Engine               - class com.almasb.fxgl.app.services.FXGLAssetLoaderService
19:17:09.379 [FXGL Background Thread 3 ] DEBUG Engine               - class com.almasb.fxgl.app.FXGLApplication$GameApplicationService
19:17:09.379 [FXGL Background Thread 3 ] DEBUG Engine               - class com.almasb.fxgl.app.services.FXGLDialogService
19:17:09.379 [FXGL Background Thread 3 ] DEBUG Engine               - class com.almasb.fxgl.app.services.IOTaskExecutorService
19:17:09.379 [FXGL Background Thread 3 ] DEBUG Engine               - class com.almasb.fxgl.io.FileSystemService
19:17:09.379 [FXGL Background Thread 3 ] DEBUG Engine               - class com.almasb.fxgl.localization.LocalizationService
19:17:09.379 [FXGL Background Thread 3 ] DEBUG Engine               - class com.almasb.fxgl.app.services.SystemBundleService
19:17:09.379 [FXGL Background Thread 3 ] DEBUG Engine               - class com.almasb.fxgl.profile.SaveLoadService
19:17:09.379 [FXGL Background Thread 3 ] DEBUG Engine               - class com.almasb.fxgl.ui.FXGLUIFactoryServiceProvider
19:17:09.380 [FXGL Background Thread 3 ] DEBUG Engine               - class com.almasb.fxgl.ui.FXGLDialogFactoryServiceProvider
19:17:09.380 [FXGL Background Thread 3 ] DEBUG Engine               - class com.almasb.fxgl.audio.AudioPlayer
19:17:09.380 [FXGL Background Thread 3 ] DEBUG Engine               - class com.almasb.fxgl.notification.impl.NotificationServiceProvider
19:17:09.380 [FXGL Background Thread 3 ] DEBUG Engine               - class com.almasb.fxgl.achievement.AchievementService
19:17:09.380 [FXGL Background Thread 3 ] DEBUG Engine               - class com.almasb.fxgl.cutscene.CutsceneService
19:17:09.380 [FXGL Background Thread 3 ] DEBUG Engine               - class com.almasb.fxgl.minigames.MiniGameService
19:17:09.380 [FXGL Background Thread 3 ] DEBUG Engine               - class com.almasb.fxgl.net.NetService
19:17:09.380 [FXGL Background Thread 3 ] DEBUG Engine               - class com.almasb.fxgl.app.services.UpdaterService
19:17:09.380 [FXGL Background Thread 3 ] DEBUG Engine               - class com.almasb.fxgl.dev.DevService
19:17:15.654 [JavaFX Application Thread] DEBUG FXGLApplication      - Exiting FXGL
19:17:15.654 [JavaFX Application Thread] DEBUG LoopRunner           - Stopping loop
19:17:15.654 [JavaFX Application Thread] DEBUG SystemBundleService  - Saving FXGL system data
19:17:15.659 [JavaFX Application Thread] DEBUG FileSystemAccess     - Writing to: C:\Users\aasth\OneDrive\Documents\GitHub\Project-Winter\system\fxgl.bundle
19:17:15.663 [JavaFX Application Thread] DEBUG Async                - Shutting down background threads
19:17:15.663 [JavaFX Application Thread] DEBUG PrimaryStageWindow   - Closing main window
19:17:15.676 [JavaFX Application Thread] DEBUG Logger               - Closing Logger
