16:01:07.796 [main                     ] DEBUG Logger               - Configured Logger
16:01:07.830 [main                     ] DEBUG GameApplication      - Logging settings
Title: Soot(sin)
Version: 0.0
Width: 450
Height: 360
Fullscreen: false
Intro: false
Profiling: false
Single step:false
App Mode: DEVELOPER
Menu Key: ESCAPE
Stage Style: DECORATED
Scene Factory: class com.almasb.fxgl.app.scene.SceneFactory

16:01:08.166 [JavaFX Application Thread] DEBUG FXGLApplication      - Initializing FXGL
16:01:08.175 [JavaFX Application Thread] INFO  Engine               - FXGL-17.2 (20.08.2022 16.50) on WINDOWS (J:18.0.2.1 FX:18.0.2)
16:01:08.176 [JavaFX Application Thread] DEBUG Engine               - JRE Vendor Name: Oracle Corporation
16:01:08.176 [JavaFX Application Thread] DEBUG Engine               - Running on OS: Windows 11 version 10.0
16:01:08.176 [JavaFX Application Thread] DEBUG Engine               - Architecture: amd64
16:01:08.176 [JavaFX Application Thread] INFO  Engine               - Source code and latest versions at: https://github.com/AlmasB/FXGL
16:01:08.176 [JavaFX Application Thread] INFO  Engine               -       Ask questions and discuss at: https://github.com/AlmasB/FXGL/discussions
16:01:08.178 [JavaFX Application Thread] INFO  Engine               -              Join the FXGL chat at: https://gitter.im/AlmasB/FXGL
16:01:08.282 [JavaFX Application Thread] DEBUG PrimaryStageWindow   - Creating a JavaFX scene
16:01:08.334 [JavaFX Application Thread] DEBUG PrimaryStageWindow   - Target settings size: 450.0 x 360.0
16:01:08.334 [JavaFX Application Thread] DEBUG PrimaryStageWindow   - Scaled scene size:    450.0 x 360.0
16:01:08.334 [JavaFX Application Thread] DEBUG PrimaryStageWindow   - Scaled ratio: (1.0, 1.0)
16:01:08.336 [JavaFX Application Thread] DEBUG PrimaryStageWindow   - Set initial scene to FXGLStartupScene
16:01:08.345 [JavaFX Application Thread] DEBUG PrimaryStageWindow   - Opening main window
16:01:08.458 [JavaFX Application Thread] DEBUG PrimaryStageWindow   - Window border size: (14.666656494140625, 37.333343505859375)
16:01:08.459 [JavaFX Application Thread] DEBUG PrimaryStageWindow   - Scaled size: 450.0 x 360.0
16:01:08.459 [JavaFX Application Thread] DEBUG PrimaryStageWindow   - Scaled ratio: (1.0, 1.0)
16:01:08.460 [JavaFX Application Thread] DEBUG PrimaryStageWindow   - Scene size: 450.0 x 360.0
16:01:08.460 [JavaFX Application Thread] DEBUG PrimaryStageWindow   - Stage size: 464.6666564941406 x 397.3333435058594
16:01:08.471 [FXGL Background Thread 1 ] DEBUG Engine               - Initializing environment variables
16:01:08.541 [FXGL Background Thread 1 ] DEBUG FXGLAssetLoaderServi - User app class for loading assets: class com.example.proj.SootApp
16:01:08.542 [FXGL Background Thread 1 ] DEBUG GameApplicationServi - Applying CSS: fxgl_dark.css
16:01:08.543 [FXGL Background Thread 1 ] DEBUG FXGLAssetLoaderServi - Loading from file system: jar:file:///C:/Users/aasth/.m2/repository/com/github/almasb/fxgl/17.2/fxgl-17.2.jar!/fxglassets/ui/css/fxgl_dark.css
16:01:08.602 [FXGL Background Thread 1 ] DEBUG GameApplicationServi - Initializing application scenes
16:01:08.653 [FXGL Background Thread 1 ] DEBUG GameWorld            - Game world initialized
16:01:08.730 [FXGL Background Thread 1 ] DEBUG PhysicsWorld         - Physics world initialized: appHeight=360, physics.ppm=50.0
16:01:08.730 [FXGL Background Thread 1 ] DEBUG PhysicsWorld         - Using strategy: BRUTE_FORCE
16:01:08.735 [FXGL Background Thread 1 ] DEBUG GameScene            - Game scene initialized: 450x360
16:01:08.747 [FXGL Background Thread 1 ] WARN  FXGL.DefaultMenu     - FXGLDefaultMenu is not designed for resolutions < 800x600
16:01:08.747 [FXGL Background Thread 1 ] DEBUG FXGL.DefaultMenu     - createMenuBodyGameMenu()
16:01:08.761 [FXGL Background Thread 1 ] DEBUG FXGL.DefaultMenu     - createOptionsMenu()
16:01:08.773 [FXGL Background Thread 1 ] DEBUG FXGLAssetLoaderServi - Loading from file system: jar:file:///C:/Users/aasth/.m2/repository/com/github/almasb/fxgl/17.2/fxgl-17.2.jar!/fxglassets/textures/particles/smoke.png
16:01:08.870 [FXGL Background Thread 1 ] DEBUG FXGLAssetLoaderServi - Loading from file system: jar:file:///C:/Users/aasth/.m2/repository/com/github/almasb/fxgl/17.2/fxgl-17.2.jar!/fxglassets/textures/particles/trace_horizontal.png
16:01:08.910 [FXGL Background Thread 1 ] DEBUG GameApplicationServi - Application scenes initialized
16:01:08.921 [FXGL Background Thread 1 ] DEBUG SystemBundleService  - Loading FXGL system data
16:01:08.928 [FXGL Background Thread 1 ] DEBUG FileSystemAccess     - Reading from: C:\Users\aasth\OneDrive\Documents\GitHub\Project-Winter\system\fxgl.bundle
16:01:08.938 [FXGL Background Thread 1 ] DEBUG SystemBundleService  - Bundle FXGL: {}
16:01:08.938 [FXGL Background Thread 1 ] DEBUG UpdaterService       - Checking for updates
16:01:08.943 [FXGL Background Thread 4 ] DEBUG FXGLApplication      - Loading fonts
16:01:08.943 [FXGL Background Thread 1 ] DEBUG FXGLApplication      - Loading default localization
16:01:08.944 [FXGL Background Thread 4 ] DEBUG FXGLAssetLoaderServi - Loading from file system: jar:file:///C:/Users/aasth/.m2/repository/com/github/almasb/fxgl/17.2/fxgl-17.2.jar!/fxglassets/ui/fonts/VarelaRound-Regular.ttf
16:01:08.944 [FXGL Background Thread 1 ] DEBUG FXGLAssetLoaderServi - Loading from file system: jar:file:///C:/Users/aasth/.m2/repository/com/github/almasb/fxgl/17.2/fxgl-17.2.jar!/fxglassets/languages/english.lang
16:01:08.972 [FXGL Background Thread 1 ] INFO  FXGLApplication      - FXGL initialization took: 0.501 sec
16:01:08.992 [JavaFX Application Thread] DEBUG Input                - Registered new binding: left - Left
16:01:08.993 [JavaFX Application Thread] DEBUG Input                - Registered new binding: right - Right
16:01:08.994 [JavaFX Application Thread] DEBUG Input                - Registered new binding: jump - Up
16:01:08.994 [JavaFX Application Thread] DEBUG FXGLAssetLoaderServi - Loading from file system: jar:file:///C:/Users/aasth/.m2/repository/com/github/almasb/fxgl/17.2/fxgl-17.2.jar!/fxglassets/textures/fxgl_icon.png
16:01:09.020 [JavaFX Application Thread] DEBUG FXGLAssetLoaderServi - Loading from file system: jar:file:///C:/Users/aasth/.m2/repository/com/github/almasb/fxgl/17.2/fxgl-17.2.jar!/fxglassets/textures/fxgl_default_cursor.png
16:01:09.023 [JavaFX Application Thread] DEBUG Input                - Registered new binding: Screenshot - CTRL+8
16:01:09.024 [JavaFX Application Thread] DEBUG Input                - Registered new binding: System info dump - CTRL+9
16:01:09.027 [JavaFX Application Thread] DEBUG Input                - Registered new binding: Restart - CTRL+R
16:01:09.028 [JavaFX Application Thread] DEBUG Input                - Registered new binding: Toggle Debug Camera - CTRL+7
16:01:09.031 [JavaFX Application Thread] DEBUG LoopRunner           - Starting loop
16:01:09.031 [JavaFX Application Thread] DEBUG LoopRunner           - Initializing JavaFX AnimationTimerLoop
16:01:09.032 [JavaFX Application Thread] DEBUG GameApplicationServi - Starting new game
16:01:09.034 [JavaFX Application Thread] DEBUG Input                - Clearing active input actions
16:01:09.043 [FXGL Background Thread 4 ] DEBUG FXGLAssetLoaderServi - Loading from file system: jar:file:///C:/Users/aasth/.m2/repository/com/github/almasb/fxgl/17.2/fxgl-17.2.jar!/fxglassets/ui/fonts/Abel-Regular.ttf
16:01:09.047 [FXGL Background Thread 4 ] DEBUG FXGLAssetLoaderServi - Loading from file system: jar:file:///C:/Users/aasth/.m2/repository/com/github/almasb/fxgl/17.2/fxgl-17.2.jar!/fxglassets/ui/fonts/TerminalLandMono-Regular.otf
16:01:09.048 [JavaFX Application Thread] DEBUG GameApplicationServi - Removing overlay from FXGLStartupScene and adding to FXGLLoadingScene
16:01:09.048 [JavaFX Application Thread] DEBUG PrimaryStageWindow   - FXGLStartupScene -> FXGLLoadingScene
16:01:09.049 [JavaFX Application Thread] DEBUG GameApplicationServi - Clearing previous game
16:01:09.049 [JavaFX Application Thread] DEBUG GameScene            - Clearing game scene
16:01:09.049 [JavaFX Application Thread] DEBUG GameWorld            - Clearing game world
16:01:09.049 [JavaFX Application Thread] DEBUG PhysicsWorld         - Clearing physics world
16:01:09.050 [FXGL Background Thread 4 ] DEBUG FXGLAssetLoaderServi - Loading from file system: jar:file:///C:/Users/aasth/.m2/repository/com/github/almasb/fxgl/17.2/fxgl-17.2.jar!/fxglassets/ui/fonts/Courier-Prime.ttf
16:01:09.051 [FXGL Background Thread 1 ] DEBUG FXGLApplication      - Initializing game
16:01:09.096 [JavaFX Application Thread] DEBUG FXGLApplication      - Registering font factories with UI factory
16:01:09.100 [FXGL Background Thread 1 ] DEBUG TMXLevelLoader       - Parsed TiledMap: file:/C:/Users/aasth/OneDrive/Documents/GitHub/Project-Winter/proj/target/classes/assets/levels/tmx/Plat1.9.0.tmx
16:01:09.101 [FXGL Background Thread 1 ] DEBUG TMXLevelLoader       - Creating tile layer entities
16:01:09.102 [FXGL Background Thread 1 ] DEBUG TilesetLoader        - Loading view for layer Tile Layer 1
16:01:09.103 [FXGL Background Thread 1 ] DEBUG TilesetLoader        - Created buffer with size 450.0x360.0
16:01:09.113 [FXGL Background Thread 1 ] DEBUG TMXLevelLoader       - Creating object layer entities
16:01:09.141 [FXGL Background Thread 1 ] DEBUG GameWorld            - Clearing removable entities
16:01:09.142 [FXGL Background Thread 1 ] DEBUG GameWorld            - Setting level: com.almasb.fxgl.entity.level.Level@336e40e5
16:01:09.152 [FXGL Background Thread 1 ] DEBUG FXGLAssetLoaderServi - Loading from file system: file:/C:/Users/aasth/OneDrive/Documents/GitHub/Project-Winter/proj/target/classes/assets/textures/finalSOOT.gif
16:01:09.171 [FXGL Background Thread 1 ] WARN  Entity               - Entity already has component: com.example.proj.component.PlayerControl
16:01:09.175 [FXGL Background Thread 1 ] INFO  FXGLApplication      - Game initialization took: 0.123 sec
16:01:09.204 [JavaFX Application Thread] DEBUG Input                - Clearing active input actions
16:01:09.217 [JavaFX Application Thread] DEBUG GameApplicationServi - Removing overlay from FXGLLoadingScene and adding to GameScene
16:01:09.219 [JavaFX Application Thread] DEBUG PrimaryStageWindow   - FXGLLoadingScene -> GameScene
16:01:09.400 [FXGL Background Thread 2 ] INFO  UpdaterService       - Your current version:  17.2
16:01:09.401 [FXGL Background Thread 2 ] INFO  UpdaterService       - Latest stable version: 21
16:01:11.942 [FXGL Background Thread 3 ] DEBUG Engine               - Logging environment variables
16:01:11.943 [FXGL Background Thread 3 ] DEBUG Engine               - achievements: []
16:01:11.943 [FXGL Background Thread 3 ] DEBUG Engine               - actualHeight: 360.0
16:01:11.944 [FXGL Background Thread 3 ] DEBUG Engine               - actualHeightProperty: ReadOnlyDoubleProperty [value: 360.0]
16:01:11.944 [FXGL Background Thread 3 ] DEBUG Engine               - actualWidth: 450.0
16:01:11.944 [FXGL Background Thread 3 ] DEBUG Engine               - actualWidthProperty: ReadOnlyDoubleProperty [value: 450.0]
16:01:11.944 [FXGL Background Thread 3 ] DEBUG Engine               - appIcon: fxgl_icon.png
16:01:11.944 [FXGL Background Thread 3 ] DEBUG Engine               - applicationMode: DEVELOPER
16:01:11.945 [FXGL Background Thread 3 ] DEBUG Engine               - cSSList: [fxgl_dark.css]
16:01:11.945 [FXGL Background Thread 3 ] DEBUG Engine               - collisionDetectionStrategy: BRUTE_FORCE
16:01:11.945 [FXGL Background Thread 3 ] DEBUG Engine               - configClass: Optional.empty
16:01:11.945 [FXGL Background Thread 3 ] DEBUG Engine               - credits: []
16:01:11.946 [FXGL Background Thread 3 ] DEBUG Engine               - defaultCursor: CursorInfo(imageName=fxgl_default_cursor.png, hotspotX=7.0, hotspotY=6.0)
16:01:11.946 [FXGL Background Thread 3 ] DEBUG Engine               - devBBoxColorProperty: ObjectProperty [value: 0xff0000ff]
16:01:11.946 [FXGL Background Thread 3 ] DEBUG Engine               - devEnableDebugCameraProperty: BooleanProperty [value: false]
16:01:11.946 [FXGL Background Thread 3 ] DEBUG Engine               - devSensorColorProperty: ObjectProperty [value: 0xffff00ff]
16:01:11.946 [FXGL Background Thread 3 ] DEBUG Engine               - devShowBBoxProperty: BooleanProperty [value: false]
16:01:11.946 [FXGL Background Thread 3 ] DEBUG Engine               - devShowPositionProperty: BooleanProperty [value: false]
16:01:11.946 [FXGL Background Thread 3 ] DEBUG Engine               - enabledMenuItems: []
16:01:11.947 [FXGL Background Thread 3 ] DEBUG Engine               - engineServices: [class com.almasb.fxgl.app.services.FXGLAssetLoaderService, class com.almasb.fxgl.app.FXGLApplication$GameApplicationService, class com.almasb.fxgl.app.services.FXGLDialogService, class com.almasb.fxgl.app.services.IOTaskExecutorService, class com.almasb.fxgl.io.FileSystemService, class com.almasb.fxgl.localization.LocalizationService, class com.almasb.fxgl.app.services.SystemBundleService, class com.almasb.fxgl.profile.SaveLoadService, class com.almasb.fxgl.ui.FXGLUIFactoryServiceProvider, class com.almasb.fxgl.ui.FXGLDialogFactoryServiceProvider, class com.almasb.fxgl.audio.AudioPlayer, class com.almasb.fxgl.notification.impl.NotificationServiceProvider, class com.almasb.fxgl.achievement.AchievementService, class com.almasb.fxgl.cutscene.CutsceneService, class com.almasb.fxgl.minigames.MiniGameService, class com.almasb.fxgl.net.NetService, class com.almasb.fxgl.app.services.UpdaterService, class com.almasb.fxgl.dev.DevService]
16:01:11.947 [FXGL Background Thread 3 ] DEBUG Engine               - fontGame: Abel-Regular.ttf
16:01:11.947 [FXGL Background Thread 3 ] DEBUG Engine               - fontMono: TerminalLandMono-Regular.otf
16:01:11.947 [FXGL Background Thread 3 ] DEBUG Engine               - fontText: Courier-Prime.ttf
16:01:11.947 [FXGL Background Thread 3 ] DEBUG Engine               - fontUI: VarelaRound-Regular.ttf
16:01:11.947 [FXGL Background Thread 3 ] DEBUG Engine               - fullScreen: BooleanProperty [value: false]
16:01:11.947 [FXGL Background Thread 3 ] DEBUG Engine               - gameDifficulty: MEDIUM
16:01:11.947 [FXGL Background Thread 3 ] DEBUG Engine               - gameDifficultyProperty: ObjectProperty [value: MEDIUM]
16:01:11.947 [FXGL Background Thread 3 ] DEBUG Engine               - globalMusicVolume: 0.5
16:01:11.947 [FXGL Background Thread 3 ] DEBUG Engine               - globalMusicVolumeProperty: DoubleProperty [value: 0.5]
16:01:11.947 [FXGL Background Thread 3 ] DEBUG Engine               - globalSoundVolume: 0.5
16:01:11.947 [FXGL Background Thread 3 ] DEBUG Engine               - globalSoundVolumeProperty: DoubleProperty [value: 0.5]
16:01:11.948 [FXGL Background Thread 3 ] DEBUG Engine               - height: 360
16:01:11.948 [FXGL Background Thread 3 ] DEBUG Engine               - is3D: false
16:01:11.948 [FXGL Background Thread 3 ] DEBUG Engine               - isAndroid: false
16:01:11.948 [FXGL Background Thread 3 ] DEBUG Engine               - isBrowser: false
16:01:11.948 [FXGL Background Thread 3 ] DEBUG Engine               - isClickFeedbackEnabled: false
16:01:11.948 [FXGL Background Thread 3 ] DEBUG Engine               - isCloseConfirmation: false
16:01:11.948 [FXGL Background Thread 3 ] DEBUG Engine               - isDesktop: true
16:01:11.948 [FXGL Background Thread 3 ] DEBUG Engine               - isDeveloperMenuEnabled: false
16:01:11.948 [FXGL Background Thread 3 ] DEBUG Engine               - isEmbedded: false
16:01:11.948 [FXGL Background Thread 3 ] DEBUG Engine               - isEntityPreloadEnabled: true
16:01:11.948 [FXGL Background Thread 3 ] DEBUG Engine               - isExperimentalTiledLargeMap: false
16:01:11.949 [FXGL Background Thread 3 ] DEBUG Engine               - isFileSystemWriteAllowed: true
16:01:11.949 [FXGL Background Thread 3 ] DEBUG Engine               - isFullScreenAllowed: false
16:01:11.949 [FXGL Background Thread 3 ] DEBUG Engine               - isFullScreenFromStart: false
16:01:11.949 [FXGL Background Thread 3 ] DEBUG Engine               - isGameMenuEnabled: true
16:01:11.949 [FXGL Background Thread 3 ] DEBUG Engine               - isIOS: false
16:01:11.949 [FXGL Background Thread 3 ] DEBUG Engine               - isIntroEnabled: false
16:01:11.949 [FXGL Background Thread 3 ] DEBUG Engine               - isLinux: false
16:01:11.949 [FXGL Background Thread 3 ] DEBUG Engine               - isMac: false
16:01:11.949 [FXGL Background Thread 3 ] DEBUG Engine               - isMainMenuEnabled: false
16:01:11.949 [FXGL Background Thread 3 ] DEBUG Engine               - isManualResizeEnabled: false
16:01:11.950 [FXGL Background Thread 3 ] DEBUG Engine               - isMobile: false
16:01:11.950 [FXGL Background Thread 3 ] DEBUG Engine               - isNative: false
16:01:11.950 [FXGL Background Thread 3 ] DEBUG Engine               - isPauseMusicWhenMinimized: true
16:01:11.950 [FXGL Background Thread 3 ] DEBUG Engine               - isPreserveResizeRatio: false
16:01:11.950 [FXGL Background Thread 3 ] DEBUG Engine               - isProfilingEnabled: false
16:01:11.950 [FXGL Background Thread 3 ] DEBUG Engine               - isScaleAffectedOnResize: true
16:01:11.950 [FXGL Background Thread 3 ] DEBUG Engine               - isSingleStep: false
16:01:11.950 [FXGL Background Thread 3 ] DEBUG Engine               - isUserProfileEnabled: false
16:01:11.950 [FXGL Background Thread 3 ] DEBUG Engine               - isWindows: true
16:01:11.950 [FXGL Background Thread 3 ] DEBUG Engine               - language: ObjectProperty [value: ENGLISH]
16:01:11.950 [FXGL Background Thread 3 ] DEBUG Engine               - menuKey: ESCAPE
16:01:11.950 [FXGL Background Thread 3 ] DEBUG Engine               - mouseSensitivity: 0.2
16:01:11.950 [FXGL Background Thread 3 ] DEBUG Engine               - notificationViewClass: class com.almasb.fxgl.notification.view.XboxNotificationView
16:01:11.950 [FXGL Background Thread 3 ] DEBUG Engine               - pixelsPerMeter: 50.0
16:01:11.950 [FXGL Background Thread 3 ] DEBUG Engine               - platform: WINDOWS
16:01:11.950 [FXGL Background Thread 3 ] DEBUG Engine               - prefHeightProperty: ReadOnlyDoubleProperty [value: 360.0]
16:01:11.950 [FXGL Background Thread 3 ] DEBUG Engine               - prefWidthProperty: ReadOnlyDoubleProperty [value: 450.0]
16:01:11.950 [FXGL Background Thread 3 ] DEBUG Engine               - profileDir: profiles/
16:01:11.950 [FXGL Background Thread 3 ] DEBUG Engine               - profileName: StringProperty [value: DEFAULT]
16:01:11.951 [FXGL Background Thread 3 ] DEBUG Engine               - randomSeed: -1
16:01:11.951 [FXGL Background Thread 3 ] DEBUG Engine               - runtimeInfo: RuntimeInfo(platform=WINDOWS, version=17.2, build=20.08.2022 16.50)
16:01:11.951 [FXGL Background Thread 3 ] DEBUG Engine               - saveFileExt: sav
16:01:11.951 [FXGL Background Thread 3 ] DEBUG Engine               - scaledHeightProp$fxgl: DoubleProperty [bound, value: 360.0]
16:01:11.951 [FXGL Background Thread 3 ] DEBUG Engine               - scaledWidthProp$fxgl: DoubleProperty [bound, value: 450.0]
16:01:11.951 [FXGL Background Thread 3 ] DEBUG Engine               - sceneFactory: com.almasb.fxgl.app.scene.SceneFactory@74345656
16:01:11.951 [FXGL Background Thread 3 ] DEBUG Engine               - secondsIn24h: 60
16:01:11.951 [FXGL Background Thread 3 ] DEBUG Engine               - soundMenuBack: menu/back.wav
16:01:11.952 [FXGL Background Thread 3 ] DEBUG Engine               - soundMenuPress: menu/press.wav
16:01:11.952 [FXGL Background Thread 3 ] DEBUG Engine               - soundMenuSelect: menu/select.wav
16:01:11.952 [FXGL Background Thread 3 ] DEBUG Engine               - soundNotification: core/notification.wav
16:01:11.952 [FXGL Background Thread 3 ] DEBUG Engine               - stageStyle: DECORATED
16:01:11.952 [FXGL Background Thread 3 ] DEBUG Engine               - supportedLanguages: [ENGLISH, FRENCH, GERMAN, HUNGARIAN, RUSSIAN]
16:01:11.952 [FXGL Background Thread 3 ] DEBUG Engine               - ticksPerSecond: -1
16:01:11.952 [FXGL Background Thread 3 ] DEBUG Engine               - title: Soot(sin)
16:01:11.952 [FXGL Background Thread 3 ] DEBUG Engine               - urlGithub: https://github.com/AlmasB/FXGL
16:01:11.952 [FXGL Background Thread 3 ] DEBUG Engine               - urlLeaderboard: http://fxgl-top.herokuapp.com/
16:01:11.952 [FXGL Background Thread 3 ] DEBUG Engine               - urlPOM: https://raw.githubusercontent.com/AlmasB/FXGL/release/README.md
16:01:11.952 [FXGL Background Thread 3 ] DEBUG Engine               - userAppClass: class com.example.proj.SootApp
16:01:11.952 [FXGL Background Thread 3 ] DEBUG Engine               - version: 0.0
16:01:11.952 [FXGL Background Thread 3 ] DEBUG Engine               - versionCheckDays: 7
16:01:11.953 [FXGL Background Thread 3 ] DEBUG Engine               - width: 450
16:01:11.953 [FXGL Background Thread 3 ] DEBUG Engine               - Logging services
16:01:11.953 [FXGL Background Thread 3 ] DEBUG Engine               - class com.almasb.fxgl.app.services.FXGLAssetLoaderService
16:01:11.953 [FXGL Background Thread 3 ] DEBUG Engine               - class com.almasb.fxgl.app.FXGLApplication$GameApplicationService
16:01:11.953 [FXGL Background Thread 3 ] DEBUG Engine               - class com.almasb.fxgl.app.services.FXGLDialogService
16:01:11.953 [FXGL Background Thread 3 ] DEBUG Engine               - class com.almasb.fxgl.app.services.IOTaskExecutorService
16:01:11.953 [FXGL Background Thread 3 ] DEBUG Engine               - class com.almasb.fxgl.io.FileSystemService
16:01:11.953 [FXGL Background Thread 3 ] DEBUG Engine               - class com.almasb.fxgl.localization.LocalizationService
16:01:11.953 [FXGL Background Thread 3 ] DEBUG Engine               - class com.almasb.fxgl.app.services.SystemBundleService
16:01:11.953 [FXGL Background Thread 3 ] DEBUG Engine               - class com.almasb.fxgl.profile.SaveLoadService
16:01:11.953 [FXGL Background Thread 3 ] DEBUG Engine               - class com.almasb.fxgl.ui.FXGLUIFactoryServiceProvider
16:01:11.953 [FXGL Background Thread 3 ] DEBUG Engine               - class com.almasb.fxgl.ui.FXGLDialogFactoryServiceProvider
16:01:11.953 [FXGL Background Thread 3 ] DEBUG Engine               - class com.almasb.fxgl.audio.AudioPlayer
16:01:11.953 [FXGL Background Thread 3 ] DEBUG Engine               - class com.almasb.fxgl.notification.impl.NotificationServiceProvider
16:01:11.953 [FXGL Background Thread 3 ] DEBUG Engine               - class com.almasb.fxgl.achievement.AchievementService
16:01:11.954 [FXGL Background Thread 3 ] DEBUG Engine               - class com.almasb.fxgl.cutscene.CutsceneService
16:01:11.954 [FXGL Background Thread 3 ] DEBUG Engine               - class com.almasb.fxgl.minigames.MiniGameService
16:01:11.954 [FXGL Background Thread 3 ] DEBUG Engine               - class com.almasb.fxgl.net.NetService
16:01:11.954 [FXGL Background Thread 3 ] DEBUG Engine               - class com.almasb.fxgl.app.services.UpdaterService
16:01:11.954 [FXGL Background Thread 3 ] DEBUG Engine               - class com.almasb.fxgl.dev.DevService
16:01:14.840 [JavaFX Application Thread] DEBUG FXGLApplication      - Exiting FXGL
16:01:14.840 [JavaFX Application Thread] DEBUG LoopRunner           - Stopping loop
16:01:14.840 [JavaFX Application Thread] DEBUG SystemBundleService  - Saving FXGL system data
16:01:14.846 [JavaFX Application Thread] DEBUG FileSystemAccess     - Writing to: C:\Users\aasth\OneDrive\Documents\GitHub\Project-Winter\system\fxgl.bundle
16:01:14.850 [JavaFX Application Thread] DEBUG Async                - Shutting down background threads
16:01:14.850 [JavaFX Application Thread] DEBUG PrimaryStageWindow   - Closing main window
16:01:14.911 [JavaFX Application Thread] DEBUG Logger               - Closing Logger
