08:59:33.404 [main                     ] DEBUG Logger               - Configured Logger
08:59:33.430 [main                     ] DEBUG GameApplication      - Logging settings
Title: Soot(sin)
Version: 0.0
Width: 500
Height: 320
Fullscreen: false
Intro: false
Profiling: false
Single step:false
App Mode: DEVELOPER
Menu Key: ESCAPE
Stage Style: DECORATED
Scene Factory: class com.almasb.fxgl.app.scene.SceneFactory

08:59:33.807 [JavaFX Application Thread] DEBUG FXGLApplication      - Initializing FXGL
08:59:33.811 [JavaFX Application Thread] INFO  Engine               - FXGL-17.2 (20.08.2022 16.50) on MAC (J:18.0.2.1 FX:18.0.2)
08:59:33.811 [JavaFX Application Thread] DEBUG Engine               - JRE Vendor Name: Oracle Corporation
08:59:33.811 [JavaFX Application Thread] DEBUG Engine               - Running on OS: Mac OS X version 13.4.1
08:59:33.812 [JavaFX Application Thread] DEBUG Engine               - Architecture: aarch64
08:59:33.812 [JavaFX Application Thread] INFO  Engine               - Source code and latest versions at: https://github.com/AlmasB/FXGL
08:59:33.812 [JavaFX Application Thread] INFO  Engine               -       Ask questions and discuss at: https://github.com/AlmasB/FXGL/discussions
08:59:33.812 [JavaFX Application Thread] INFO  Engine               -              Join the FXGL chat at: https://gitter.im/AlmasB/FXGL
08:59:33.869 [JavaFX Application Thread] DEBUG PrimaryStageWindow   - Creating a JavaFX scene
08:59:33.895 [JavaFX Application Thread] DEBUG PrimaryStageWindow   - Target settings size: 500.0 x 320.0
08:59:33.895 [JavaFX Application Thread] DEBUG PrimaryStageWindow   - Scaled scene size:    500.0 x 320.0
08:59:33.895 [JavaFX Application Thread] DEBUG PrimaryStageWindow   - Scaled ratio: (1.0, 1.0)
08:59:33.896 [JavaFX Application Thread] DEBUG PrimaryStageWindow   - Set initial scene to FXGLStartupScene
08:59:33.899 [JavaFX Application Thread] DEBUG PrimaryStageWindow   - Opening main window
08:59:33.959 [JavaFX Application Thread] DEBUG PrimaryStageWindow   - Window border size: (0.0, 28.0)
08:59:33.959 [JavaFX Application Thread] DEBUG PrimaryStageWindow   - Scaled size: 500.0 x 320.0
08:59:33.959 [JavaFX Application Thread] DEBUG PrimaryStageWindow   - Scaled ratio: (1.0, 1.0)
08:59:33.960 [JavaFX Application Thread] DEBUG PrimaryStageWindow   - Scene size: 500.0 x 320.0
08:59:33.960 [JavaFX Application Thread] DEBUG PrimaryStageWindow   - Stage size: 500.0 x 348.0
08:59:33.963 [FXGL Background Thread 1 ] DEBUG Engine               - Initializing environment variables
08:59:34.014 [FXGL Background Thread 1 ] DEBUG FXGLAssetLoaderServi - User app class for loading assets: class com.example.proj.SootApp
08:59:34.014 [FXGL Background Thread 1 ] DEBUG GameApplicationServi - Applying CSS: fxgl_dark.css
08:59:34.015 [FXGL Background Thread 1 ] DEBUG FXGLAssetLoaderServi - Loading from file system: jar:file:///Users/olive/.m2/repository/com/github/almasb/fxgl/17.2/fxgl-17.2.jar!/fxglassets/ui/css/fxgl_dark.css
08:59:34.073 [FXGL Background Thread 1 ] DEBUG GameApplicationServi - Initializing application scenes
08:59:34.262 [FXGL Background Thread 1 ] DEBUG GameWorld            - Game world initialized
08:59:34.304 [FXGL Background Thread 1 ] DEBUG PhysicsWorld         - Physics world initialized: appHeight=320, physics.ppm=50.0
08:59:34.305 [FXGL Background Thread 1 ] DEBUG PhysicsWorld         - Using strategy: BRUTE_FORCE
08:59:34.307 [FXGL Background Thread 1 ] DEBUG GameScene            - Game scene initialized: 500x320
08:59:34.314 [FXGL Background Thread 1 ] WARN  FXGL.DefaultMenu     - FXGLDefaultMenu is not designed for resolutions < 800x600
08:59:34.314 [FXGL Background Thread 1 ] DEBUG FXGL.DefaultMenu     - createMenuBodyGameMenu()
08:59:34.324 [FXGL Background Thread 1 ] DEBUG FXGL.DefaultMenu     - createOptionsMenu()
08:59:34.330 [FXGL Background Thread 1 ] DEBUG FXGLAssetLoaderServi - Loading from file system: jar:file:///Users/olive/.m2/repository/com/github/almasb/fxgl/17.2/fxgl-17.2.jar!/fxglassets/textures/particles/smoke.png
08:59:34.426 [FXGL Background Thread 1 ] DEBUG FXGLAssetLoaderServi - Loading from file system: jar:file:///Users/olive/.m2/repository/com/github/almasb/fxgl/17.2/fxgl-17.2.jar!/fxglassets/textures/particles/trace_horizontal.png
08:59:34.460 [FXGL Background Thread 1 ] DEBUG GameApplicationServi - Application scenes initialized
08:59:34.484 [FXGL Background Thread 1 ] DEBUG SystemBundleService  - Loading FXGL system data
08:59:34.497 [FXGL Background Thread 1 ] DEBUG FileSystemAccess     - Reading from: /Users/olive/Documents/GitHub/Project-Winter/system/fxgl.bundle
08:59:34.513 [FXGL Background Thread 1 ] DEBUG SystemBundleService  - Bundle FXGL: {}
08:59:34.514 [FXGL Background Thread 1 ] DEBUG UpdaterService       - Checking for updates
08:59:34.535 [FXGL Background Thread 1 ] DEBUG FXGLApplication      - Loading default localization
08:59:34.536 [FXGL Background Thread 4 ] DEBUG FXGLApplication      - Loading fonts
08:59:34.536 [FXGL Background Thread 4 ] DEBUG FXGLAssetLoaderServi - Loading from file system: jar:file:///Users/olive/.m2/repository/com/github/almasb/fxgl/17.2/fxgl-17.2.jar!/fxglassets/ui/fonts/VarelaRound-Regular.ttf
08:59:34.536 [FXGL Background Thread 1 ] DEBUG FXGLAssetLoaderServi - Loading from file system: jar:file:///Users/olive/.m2/repository/com/github/almasb/fxgl/17.2/fxgl-17.2.jar!/fxglassets/languages/english.lang
08:59:34.554 [FXGL Background Thread 1 ] INFO  FXGLApplication      - FXGL initialization took: 0.589 sec
08:59:34.563 [JavaFX Application Thread] DEBUG Input                - Registered new binding: left - Left
08:59:34.563 [JavaFX Application Thread] DEBUG Input                - Registered new binding: right - Right
08:59:34.563 [JavaFX Application Thread] DEBUG Input                - Registered new binding: jump - Up
08:59:34.563 [JavaFX Application Thread] DEBUG FXGLAssetLoaderServi - Loading from file system: jar:file:///Users/olive/.m2/repository/com/github/almasb/fxgl/17.2/fxgl-17.2.jar!/fxglassets/textures/fxgl_icon.png
08:59:34.569 [FXGL Background Thread 4 ] DEBUG FXGLAssetLoaderServi - Loading from file system: jar:file:///Users/olive/.m2/repository/com/github/almasb/fxgl/17.2/fxgl-17.2.jar!/fxglassets/ui/fonts/Abel-Regular.ttf
08:59:34.574 [FXGL Background Thread 4 ] DEBUG FXGLAssetLoaderServi - Loading from file system: jar:file:///Users/olive/.m2/repository/com/github/almasb/fxgl/17.2/fxgl-17.2.jar!/fxglassets/ui/fonts/TerminalLandMono-Regular.otf
08:59:34.581 [FXGL Background Thread 4 ] DEBUG FXGLAssetLoaderServi - Loading from file system: jar:file:///Users/olive/.m2/repository/com/github/almasb/fxgl/17.2/fxgl-17.2.jar!/fxglassets/ui/fonts/Courier-Prime.ttf
08:59:34.591 [JavaFX Application Thread] DEBUG FXGLAssetLoaderServi - Loading from file system: jar:file:///Users/olive/.m2/repository/com/github/almasb/fxgl/17.2/fxgl-17.2.jar!/fxglassets/textures/fxgl_default_cursor.png
08:59:34.593 [JavaFX Application Thread] DEBUG Input                - Registered new binding: Screenshot - CTRL+8
08:59:34.594 [JavaFX Application Thread] DEBUG Input                - Registered new binding: System info dump - CTRL+9
08:59:34.594 [JavaFX Application Thread] DEBUG Input                - Registered new binding: Restart - CTRL+R
08:59:34.594 [JavaFX Application Thread] DEBUG Input                - Registered new binding: Toggle Debug Camera - CTRL+7
08:59:34.596 [JavaFX Application Thread] DEBUG LoopRunner           - Starting loop
08:59:34.596 [JavaFX Application Thread] DEBUG LoopRunner           - Initializing JavaFX AnimationTimerLoop
08:59:34.597 [JavaFX Application Thread] DEBUG GameApplicationServi - Starting new game
08:59:34.597 [JavaFX Application Thread] DEBUG Input                - Clearing active input actions
08:59:34.610 [JavaFX Application Thread] DEBUG GameApplicationServi - Removing overlay from FXGLStartupScene and adding to FXGLLoadingScene
08:59:34.611 [JavaFX Application Thread] DEBUG PrimaryStageWindow   - FXGLStartupScene -> FXGLLoadingScene
08:59:34.611 [JavaFX Application Thread] DEBUG GameApplicationServi - Clearing previous game
08:59:34.611 [JavaFX Application Thread] DEBUG GameScene            - Clearing game scene
08:59:34.611 [JavaFX Application Thread] DEBUG GameWorld            - Clearing game world
08:59:34.611 [JavaFX Application Thread] DEBUG PhysicsWorld         - Clearing physics world
08:59:34.614 [FXGL Background Thread 4 ] DEBUG FXGLApplication      - Initializing game
08:59:34.653 [JavaFX Application Thread] DEBUG FXGLApplication      - Registering font factories with UI factory
08:59:34.700 [FXGL Background Thread 4 ] DEBUG TMXLevelLoader       - Parsed TiledMap: file:/Users/olive/Documents/GitHub/Project-Winter/proj/target/classes/assets/levels/tmx/Plat1.9.0.tmx
08:59:34.700 [FXGL Background Thread 4 ] DEBUG TMXLevelLoader       - Creating tile layer entities
08:59:34.701 [FXGL Background Thread 4 ] DEBUG TilesetLoader        - Loading view for layer Tile Layer 1
08:59:34.702 [FXGL Background Thread 4 ] DEBUG TilesetLoader        - Created buffer with size 450.0x360.0
08:59:34.739 [FXGL Background Thread 4 ] DEBUG TMXLevelLoader       - Creating object layer entities
08:59:34.754 [FXGL Background Thread 4 ] DEBUG GameWorld            - Clearing removable entities
08:59:34.755 [FXGL Background Thread 4 ] DEBUG GameWorld            - Setting level: com.almasb.fxgl.entity.level.Level@1bb01ee8
08:59:34.760 [FXGL Background Thread 4 ] DEBUG FXGLAssetLoaderServi - Loading from file system: file:/Users/olive/Documents/GitHub/Project-Winter/proj/target/classes/assets/textures/finalSOOT.gif
08:59:34.763 [FXGL Background Thread 4 ] WARN  Entity               - Entity already has component: com.example.proj.component.PlayerControl
08:59:34.764 [FXGL Background Thread 4 ] INFO  FXGLApplication      - Game initialization took: 0.150 sec
08:59:34.766 [JavaFX Application Thread] DEBUG Input                - Clearing active input actions
08:59:34.772 [JavaFX Application Thread] DEBUG GameApplicationServi - Removing overlay from FXGLLoadingScene and adding to GameScene
08:59:34.772 [JavaFX Application Thread] DEBUG PrimaryStageWindow   - FXGLLoadingScene -> GameScene
08:59:35.352 [FXGL Background Thread 2 ] INFO  UpdaterService       - Your current version:  17.2
08:59:35.352 [FXGL Background Thread 2 ] INFO  UpdaterService       - Latest stable version: 21
08:59:36.603 [JavaFX Application Thread] DEBUG FXGLApplication      - Exiting FXGL
08:59:36.603 [JavaFX Application Thread] DEBUG LoopRunner           - Stopping loop
08:59:36.603 [JavaFX Application Thread] DEBUG SystemBundleService  - Saving FXGL system data
08:59:36.604 [JavaFX Application Thread] DEBUG FileSystemAccess     - Writing to: /Users/olive/Documents/GitHub/Project-Winter/system/fxgl.bundle
08:59:36.606 [JavaFX Application Thread] DEBUG Async                - Shutting down background threads
08:59:36.606 [JavaFX Application Thread] DEBUG PrimaryStageWindow   - Closing main window
08:59:36.617 [JavaFX Application Thread] DEBUG Logger               - Closing Logger
