17:42:23.942 [main                     ] DEBUG Logger               - Configured Logger
17:42:23.991 [main                     ] DEBUG GameApplication      - Logging settings
Title: Soot(sin)
Version: 0.0
Width: 450
Height: 360
Fullscreen: false
Intro: false
Profiling: false
Single step:false
App Mode: DEVELOPER
Menu Key: ESCAPE
Stage Style: DECORATED
Scene Factory: class com.almasb.fxgl.app.scene.SceneFactory

17:42:24.438 [JavaFX Application Thread] DEBUG FXGLApplication      - Initializing FXGL
17:42:24.449 [JavaFX Application Thread] INFO  Engine               - FXGL-17.2 (20.08.2022 16.50) on WINDOWS (J:18.0.2 FX:18.0.2)
17:42:24.450 [JavaFX Application Thread] DEBUG Engine               - JRE Vendor Name: Amazon.com Inc.
17:42:24.450 [JavaFX Application Thread] DEBUG Engine               - Running on OS: Windows 11 version 10.0
17:42:24.450 [JavaFX Application Thread] DEBUG Engine               - Architecture: amd64
17:42:24.450 [JavaFX Application Thread] INFO  Engine               - Source code and latest versions at: https://github.com/AlmasB/FXGL
17:42:24.451 [JavaFX Application Thread] INFO  Engine               -       Ask questions and discuss at: https://github.com/AlmasB/FXGL/discussions
17:42:24.451 [JavaFX Application Thread] INFO  Engine               -              Join the FXGL chat at: https://gitter.im/AlmasB/FXGL
17:42:24.571 [JavaFX Application Thread] DEBUG PrimaryStageWindow   - Creating a JavaFX scene
17:42:24.630 [JavaFX Application Thread] DEBUG PrimaryStageWindow   - Target settings size: 450.0 x 360.0
17:42:24.631 [JavaFX Application Thread] DEBUG PrimaryStageWindow   - Scaled scene size:    450.0 x 360.0
17:42:24.631 [JavaFX Application Thread] DEBUG PrimaryStageWindow   - Scaled ratio: (1.0, 1.0)
17:42:24.632 [JavaFX Application Thread] DEBUG PrimaryStageWindow   - Set initial scene to FXGLStartupScene
17:42:24.642 [JavaFX Application Thread] DEBUG PrimaryStageWindow   - Opening main window
17:42:24.769 [JavaFX Application Thread] DEBUG PrimaryStageWindow   - Window border size: (14.666656494140625, 37.333343505859375)
17:42:24.770 [JavaFX Application Thread] DEBUG PrimaryStageWindow   - Scaled size: 450.0 x 360.0
17:42:24.771 [JavaFX Application Thread] DEBUG PrimaryStageWindow   - Scaled ratio: (1.0, 1.0)
17:42:24.771 [JavaFX Application Thread] DEBUG PrimaryStageWindow   - Scene size: 450.0 x 360.0
17:42:24.772 [JavaFX Application Thread] DEBUG PrimaryStageWindow   - Stage size: 464.6666564941406 x 397.3333435058594
17:42:24.791 [FXGL Background Thread 1 ] DEBUG Engine               - Initializing environment variables
17:42:24.903 [FXGL Background Thread 1 ] DEBUG FXGLAssetLoaderServi - User app class for loading assets: class com.example.proj.SootApp
17:42:24.904 [FXGL Background Thread 1 ] DEBUG GameApplicationServi - Applying CSS: fxgl_dark.css
17:42:24.906 [FXGL Background Thread 1 ] DEBUG FXGLAssetLoaderServi - Loading from file system: jar:file:///C:/Users/annak/.m2/repository/com/github/almasb/fxgl/17.2/fxgl-17.2.jar!/fxglassets/ui/css/fxgl_dark.css
17:42:25.004 [FXGL Background Thread 1 ] DEBUG GameApplicationServi - Initializing application scenes
17:42:25.079 [FXGL Background Thread 1 ] DEBUG GameWorld            - Game world initialized
17:42:25.172 [FXGL Background Thread 1 ] DEBUG PhysicsWorld         - Physics world initialized: appHeight=360, physics.ppm=50.0
17:42:25.173 [FXGL Background Thread 1 ] DEBUG PhysicsWorld         - Using strategy: BRUTE_FORCE
17:42:25.178 [FXGL Background Thread 1 ] DEBUG GameScene            - Game scene initialized: 450x360
17:42:25.197 [FXGL Background Thread 1 ] WARN  FXGL.DefaultMenu     - FXGLDefaultMenu is not designed for resolutions < 800x600
17:42:25.197 [FXGL Background Thread 1 ] DEBUG FXGL.DefaultMenu     - createMenuBodyGameMenu()
17:42:25.215 [FXGL Background Thread 1 ] DEBUG FXGL.DefaultMenu     - createOptionsMenu()
17:42:25.230 [FXGL Background Thread 1 ] DEBUG FXGLAssetLoaderServi - Loading from file system: jar:file:///C:/Users/annak/.m2/repository/com/github/almasb/fxgl/17.2/fxgl-17.2.jar!/fxglassets/textures/particles/smoke.png
17:42:25.357 [FXGL Background Thread 1 ] DEBUG FXGLAssetLoaderServi - Loading from file system: jar:file:///C:/Users/annak/.m2/repository/com/github/almasb/fxgl/17.2/fxgl-17.2.jar!/fxglassets/textures/particles/trace_horizontal.png
17:42:25.412 [FXGL Background Thread 1 ] DEBUG GameApplicationServi - Application scenes initialized
17:42:25.438 [FXGL Background Thread 1 ] DEBUG SystemBundleService  - Loading FXGL system data
17:42:25.447 [FXGL Background Thread 1 ] DEBUG FileSystemAccess     - Reading from: C:\Users\annak\Documents\GitHub\Project-Winter\system\fxgl.bundle
17:42:25.466 [FXGL Background Thread 1 ] DEBUG SystemBundleService  - Bundle FXGL: {}
17:42:25.466 [FXGL Background Thread 1 ] DEBUG UpdaterService       - Checking for updates
17:42:25.475 [FXGL Background Thread 4 ] DEBUG FXGLApplication      - Loading fonts
17:42:25.476 [FXGL Background Thread 1 ] DEBUG FXGLApplication      - Loading default localization
17:42:25.476 [FXGL Background Thread 4 ] DEBUG FXGLAssetLoaderServi - Loading from file system: jar:file:///C:/Users/annak/.m2/repository/com/github/almasb/fxgl/17.2/fxgl-17.2.jar!/fxglassets/ui/fonts/VarelaRound-Regular.ttf
17:42:25.477 [FXGL Background Thread 1 ] DEBUG FXGLAssetLoaderServi - Loading from file system: jar:file:///C:/Users/annak/.m2/repository/com/github/almasb/fxgl/17.2/fxgl-17.2.jar!/fxglassets/languages/english.lang
17:42:25.513 [FXGL Background Thread 1 ] INFO  FXGLApplication      - FXGL initialization took: 0.723 sec
17:42:25.532 [JavaFX Application Thread] DEBUG Input                - Registered new binding: left - Left
17:42:25.533 [JavaFX Application Thread] DEBUG Input                - Registered new binding: right - Right
17:42:25.533 [JavaFX Application Thread] DEBUG Input                - Registered new binding: jump - Up
17:42:25.534 [JavaFX Application Thread] DEBUG FXGLAssetLoaderServi - Loading from file system: jar:file:///C:/Users/annak/.m2/repository/com/github/almasb/fxgl/17.2/fxgl-17.2.jar!/fxglassets/textures/fxgl_icon.png
17:42:25.572 [JavaFX Application Thread] DEBUG FXGLAssetLoaderServi - Loading from file system: jar:file:///C:/Users/annak/.m2/repository/com/github/almasb/fxgl/17.2/fxgl-17.2.jar!/fxglassets/textures/fxgl_default_cursor.png
17:42:25.576 [JavaFX Application Thread] DEBUG Input                - Registered new binding: Screenshot - CTRL+8
17:42:25.577 [JavaFX Application Thread] DEBUG Input                - Registered new binding: System info dump - CTRL+9
17:42:25.578 [JavaFX Application Thread] DEBUG Input                - Registered new binding: Restart - CTRL+R
17:42:25.579 [JavaFX Application Thread] DEBUG Input                - Registered new binding: Toggle Debug Camera - CTRL+7
17:42:25.583 [JavaFX Application Thread] DEBUG LoopRunner           - Starting loop
17:42:25.583 [JavaFX Application Thread] DEBUG LoopRunner           - Initializing JavaFX AnimationTimerLoop
17:42:25.585 [JavaFX Application Thread] DEBUG GameApplicationServi - Starting new game
17:42:25.586 [JavaFX Application Thread] DEBUG Input                - Clearing active input actions
17:42:25.604 [JavaFX Application Thread] DEBUG GameApplicationServi - Removing overlay from FXGLStartupScene and adding to FXGLLoadingScene
17:42:25.605 [JavaFX Application Thread] DEBUG PrimaryStageWindow   - FXGLStartupScene -> FXGLLoadingScene
17:42:25.605 [JavaFX Application Thread] DEBUG GameApplicationServi - Clearing previous game
17:42:25.605 [JavaFX Application Thread] DEBUG GameScene            - Clearing game scene
17:42:25.605 [JavaFX Application Thread] DEBUG GameWorld            - Clearing game world
17:42:25.606 [JavaFX Application Thread] DEBUG PhysicsWorld         - Clearing physics world
17:42:25.610 [FXGL Background Thread 1 ] DEBUG FXGLApplication      - Initializing game
17:42:25.621 [FXGL Background Thread 4 ] DEBUG FXGLAssetLoaderServi - Loading from file system: jar:file:///C:/Users/annak/.m2/repository/com/github/almasb/fxgl/17.2/fxgl-17.2.jar!/fxglassets/ui/fonts/Abel-Regular.ttf
17:42:25.628 [FXGL Background Thread 4 ] DEBUG FXGLAssetLoaderServi - Loading from file system: jar:file:///C:/Users/annak/.m2/repository/com/github/almasb/fxgl/17.2/fxgl-17.2.jar!/fxglassets/ui/fonts/TerminalLandMono-Regular.otf
17:42:25.638 [FXGL Background Thread 4 ] DEBUG FXGLAssetLoaderServi - Loading from file system: jar:file:///C:/Users/annak/.m2/repository/com/github/almasb/fxgl/17.2/fxgl-17.2.jar!/fxglassets/ui/fonts/Courier-Prime.ttf
17:42:25.670 [JavaFX Application Thread] DEBUG FXGLApplication      - Registering font factories with UI factory
17:42:25.701 [FXGL Background Thread 1 ] DEBUG TMXLevelLoader       - Parsed TiledMap: file:/C:/Users/annak/Documents/GitHub/Project-Winter/proj/target/classes/assets/levels/tmx/Plat1.9.0.tmx
17:42:25.703 [FXGL Background Thread 1 ] DEBUG TMXLevelLoader       - Creating tile layer entities
17:42:25.705 [FXGL Background Thread 1 ] DEBUG TilesetLoader        - Loading view for layer Tile Layer 1
17:42:25.707 [FXGL Background Thread 1 ] DEBUG TilesetLoader        - Created buffer with size 810.0x360.0
17:42:25.734 [FXGL Background Thread 1 ] DEBUG TMXLevelLoader       - Creating object layer entities
17:42:25.800 [FXGL Background Thread 1 ] DEBUG GameWorld            - Clearing removable entities
17:42:25.802 [FXGL Background Thread 1 ] DEBUG GameWorld            - Setting level: com.almasb.fxgl.entity.level.Level@4dd2c2a7
17:42:25.817 [FXGL Background Thread 1 ] DEBUG FXGLAssetLoaderServi - Loading from file system: file:/C:/Users/annak/Documents/GitHub/Project-Winter/proj/target/classes/assets/textures/finalSOOT.gif
17:42:25.827 [FXGL Background Thread 1 ] WARN  Entity               - Entity already has component: com.example.proj.component.PlayerControl
17:42:25.829 [FXGL Background Thread 1 ] INFO  FXGLApplication      - Game initialization took: 0.219 sec
17:42:25.858 [JavaFX Application Thread] DEBUG Input                - Clearing active input actions
17:42:25.874 [JavaFX Application Thread] DEBUG GameApplicationServi - Removing overlay from FXGLLoadingScene and adding to GameScene
17:42:25.874 [JavaFX Application Thread] DEBUG PrimaryStageWindow   - FXGLLoadingScene -> GameScene
17:42:26.211 [FXGL Background Thread 2 ] INFO  UpdaterService       - Your current version:  17.2
17:42:26.211 [FXGL Background Thread 2 ] INFO  UpdaterService       - Latest stable version: 21
17:42:28.474 [FXGL Background Thread 3 ] DEBUG Engine               - Logging environment variables
17:42:28.474 [FXGL Background Thread 3 ] DEBUG Engine               - achievements: []
17:42:28.475 [FXGL Background Thread 3 ] DEBUG Engine               - actualHeight: 360.0
17:42:28.475 [FXGL Background Thread 3 ] DEBUG Engine               - actualHeightProperty: ReadOnlyDoubleProperty [value: 360.0]
17:42:28.475 [FXGL Background Thread 3 ] DEBUG Engine               - actualWidth: 450.0
17:42:28.475 [FXGL Background Thread 3 ] DEBUG Engine               - actualWidthProperty: ReadOnlyDoubleProperty [value: 450.0]
17:42:28.475 [FXGL Background Thread 3 ] DEBUG Engine               - appIcon: fxgl_icon.png
17:42:28.475 [FXGL Background Thread 3 ] DEBUG Engine               - applicationMode: DEVELOPER
17:42:28.475 [FXGL Background Thread 3 ] DEBUG Engine               - cSSList: [fxgl_dark.css]
17:42:28.475 [FXGL Background Thread 3 ] DEBUG Engine               - collisionDetectionStrategy: BRUTE_FORCE
17:42:28.475 [FXGL Background Thread 3 ] DEBUG Engine               - configClass: Optional.empty
17:42:28.475 [FXGL Background Thread 3 ] DEBUG Engine               - credits: []
17:42:28.476 [FXGL Background Thread 3 ] DEBUG Engine               - defaultCursor: CursorInfo(imageName=fxgl_default_cursor.png, hotspotX=7.0, hotspotY=6.0)
17:42:28.476 [FXGL Background Thread 3 ] DEBUG Engine               - devBBoxColorProperty: ObjectProperty [value: 0xff0000ff]
17:42:28.476 [FXGL Background Thread 3 ] DEBUG Engine               - devEnableDebugCameraProperty: BooleanProperty [value: false]
17:42:28.476 [FXGL Background Thread 3 ] DEBUG Engine               - devSensorColorProperty: ObjectProperty [value: 0xffff00ff]
17:42:28.476 [FXGL Background Thread 3 ] DEBUG Engine               - devShowBBoxProperty: BooleanProperty [value: false]
17:42:28.476 [FXGL Background Thread 3 ] DEBUG Engine               - devShowPositionProperty: BooleanProperty [value: false]
17:42:28.476 [FXGL Background Thread 3 ] DEBUG Engine               - enabledMenuItems: []
17:42:28.477 [FXGL Background Thread 3 ] DEBUG Engine               - engineServices: [class com.almasb.fxgl.app.services.FXGLAssetLoaderService, class com.almasb.fxgl.app.FXGLApplication$GameApplicationService, class com.almasb.fxgl.app.services.FXGLDialogService, class com.almasb.fxgl.app.services.IOTaskExecutorService, class com.almasb.fxgl.io.FileSystemService, class com.almasb.fxgl.localization.LocalizationService, class com.almasb.fxgl.app.services.SystemBundleService, class com.almasb.fxgl.profile.SaveLoadService, class com.almasb.fxgl.ui.FXGLUIFactoryServiceProvider, class com.almasb.fxgl.ui.FXGLDialogFactoryServiceProvider, class com.almasb.fxgl.audio.AudioPlayer, class com.almasb.fxgl.notification.impl.NotificationServiceProvider, class com.almasb.fxgl.achievement.AchievementService, class com.almasb.fxgl.cutscene.CutsceneService, class com.almasb.fxgl.minigames.MiniGameService, class com.almasb.fxgl.net.NetService, class com.almasb.fxgl.app.services.UpdaterService, class com.almasb.fxgl.dev.DevService]
17:42:28.477 [FXGL Background Thread 3 ] DEBUG Engine               - fontGame: Abel-Regular.ttf
17:42:28.477 [FXGL Background Thread 3 ] DEBUG Engine               - fontMono: TerminalLandMono-Regular.otf
17:42:28.477 [FXGL Background Thread 3 ] DEBUG Engine               - fontText: Courier-Prime.ttf
17:42:28.477 [FXGL Background Thread 3 ] DEBUG Engine               - fontUI: VarelaRound-Regular.ttf
17:42:28.477 [FXGL Background Thread 3 ] DEBUG Engine               - fullScreen: BooleanProperty [value: false]
17:42:28.477 [FXGL Background Thread 3 ] DEBUG Engine               - gameDifficulty: MEDIUM
17:42:28.477 [FXGL Background Thread 3 ] DEBUG Engine               - gameDifficultyProperty: ObjectProperty [value: MEDIUM]
17:42:28.477 [FXGL Background Thread 3 ] DEBUG Engine               - globalMusicVolume: 0.5
17:42:28.477 [FXGL Background Thread 3 ] DEBUG Engine               - globalMusicVolumeProperty: DoubleProperty [value: 0.5]
17:42:28.478 [FXGL Background Thread 3 ] DEBUG Engine               - globalSoundVolume: 0.5
17:42:28.478 [FXGL Background Thread 3 ] DEBUG Engine               - globalSoundVolumeProperty: DoubleProperty [value: 0.5]
17:42:28.478 [FXGL Background Thread 3 ] DEBUG Engine               - height: 360
17:42:28.478 [FXGL Background Thread 3 ] DEBUG Engine               - is3D: false
17:42:28.478 [FXGL Background Thread 3 ] DEBUG Engine               - isAndroid: false
17:42:28.478 [FXGL Background Thread 3 ] DEBUG Engine               - isBrowser: false
17:42:28.478 [FXGL Background Thread 3 ] DEBUG Engine               - isClickFeedbackEnabled: false
17:42:28.478 [FXGL Background Thread 3 ] DEBUG Engine               - isCloseConfirmation: false
17:42:28.478 [FXGL Background Thread 3 ] DEBUG Engine               - isDesktop: true
17:42:28.478 [FXGL Background Thread 3 ] DEBUG Engine               - isDeveloperMenuEnabled: false
17:42:28.478 [FXGL Background Thread 3 ] DEBUG Engine               - isEmbedded: false
17:42:28.478 [FXGL Background Thread 3 ] DEBUG Engine               - isEntityPreloadEnabled: true
17:42:28.479 [FXGL Background Thread 3 ] DEBUG Engine               - isExperimentalTiledLargeMap: false
17:42:28.479 [FXGL Background Thread 3 ] DEBUG Engine               - isFileSystemWriteAllowed: true
17:42:28.479 [FXGL Background Thread 3 ] DEBUG Engine               - isFullScreenAllowed: false
17:42:28.479 [FXGL Background Thread 3 ] DEBUG Engine               - isFullScreenFromStart: false
17:42:28.479 [FXGL Background Thread 3 ] DEBUG Engine               - isGameMenuEnabled: true
17:42:28.479 [FXGL Background Thread 3 ] DEBUG Engine               - isIOS: false
17:42:28.479 [FXGL Background Thread 3 ] DEBUG Engine               - isIntroEnabled: false
17:42:28.479 [FXGL Background Thread 3 ] DEBUG Engine               - isLinux: false
17:42:28.479 [FXGL Background Thread 3 ] DEBUG Engine               - isMac: false
17:42:28.479 [FXGL Background Thread 3 ] DEBUG Engine               - isMainMenuEnabled: false
17:42:28.479 [FXGL Background Thread 3 ] DEBUG Engine               - isManualResizeEnabled: false
17:42:28.479 [FXGL Background Thread 3 ] DEBUG Engine               - isMobile: false
17:42:28.479 [FXGL Background Thread 3 ] DEBUG Engine               - isNative: false
17:42:28.479 [FXGL Background Thread 3 ] DEBUG Engine               - isPauseMusicWhenMinimized: true
17:42:28.479 [FXGL Background Thread 3 ] DEBUG Engine               - isPreserveResizeRatio: false
17:42:28.479 [FXGL Background Thread 3 ] DEBUG Engine               - isProfilingEnabled: false
17:42:28.479 [FXGL Background Thread 3 ] DEBUG Engine               - isScaleAffectedOnResize: true
17:42:28.479 [FXGL Background Thread 3 ] DEBUG Engine               - isSingleStep: false
17:42:28.480 [FXGL Background Thread 3 ] DEBUG Engine               - isUserProfileEnabled: false
17:42:28.480 [FXGL Background Thread 3 ] DEBUG Engine               - isWindows: true
17:42:28.480 [FXGL Background Thread 3 ] DEBUG Engine               - language: ObjectProperty [value: ENGLISH]
17:42:28.480 [FXGL Background Thread 3 ] DEBUG Engine               - menuKey: ESCAPE
17:42:28.480 [FXGL Background Thread 3 ] DEBUG Engine               - mouseSensitivity: 0.2
17:42:28.480 [FXGL Background Thread 3 ] DEBUG Engine               - notificationViewClass: class com.almasb.fxgl.notification.view.XboxNotificationView
17:42:28.480 [FXGL Background Thread 3 ] DEBUG Engine               - pixelsPerMeter: 50.0
17:42:28.480 [FXGL Background Thread 3 ] DEBUG Engine               - platform: WINDOWS
17:42:28.480 [FXGL Background Thread 3 ] DEBUG Engine               - prefHeightProperty: ReadOnlyDoubleProperty [value: 360.0]
17:42:28.480 [FXGL Background Thread 3 ] DEBUG Engine               - prefWidthProperty: ReadOnlyDoubleProperty [value: 450.0]
17:42:28.480 [FXGL Background Thread 3 ] DEBUG Engine               - profileDir: profiles/
17:42:28.480 [FXGL Background Thread 3 ] DEBUG Engine               - profileName: StringProperty [value: DEFAULT]
17:42:28.480 [FXGL Background Thread 3 ] DEBUG Engine               - randomSeed: -1
17:42:28.481 [FXGL Background Thread 3 ] DEBUG Engine               - runtimeInfo: RuntimeInfo(platform=WINDOWS, version=17.2, build=20.08.2022 16.50)
17:42:28.481 [FXGL Background Thread 3 ] DEBUG Engine               - saveFileExt: sav
17:42:28.481 [FXGL Background Thread 3 ] DEBUG Engine               - scaledHeightProp$fxgl: DoubleProperty [bound, value: 360.0]
17:42:28.481 [FXGL Background Thread 3 ] DEBUG Engine               - scaledWidthProp$fxgl: DoubleProperty [bound, value: 450.0]
17:42:28.481 [FXGL Background Thread 3 ] DEBUG Engine               - sceneFactory: com.almasb.fxgl.app.scene.SceneFactory@36040429
17:42:28.481 [FXGL Background Thread 3 ] DEBUG Engine               - secondsIn24h: 60
17:42:28.481 [FXGL Background Thread 3 ] DEBUG Engine               - soundMenuBack: menu/back.wav
17:42:28.481 [FXGL Background Thread 3 ] DEBUG Engine               - soundMenuPress: menu/press.wav
17:42:28.481 [FXGL Background Thread 3 ] DEBUG Engine               - soundMenuSelect: menu/select.wav
17:42:28.481 [FXGL Background Thread 3 ] DEBUG Engine               - soundNotification: core/notification.wav
17:42:28.481 [FXGL Background Thread 3 ] DEBUG Engine               - stageStyle: DECORATED
17:42:28.481 [FXGL Background Thread 3 ] DEBUG Engine               - supportedLanguages: [ENGLISH, FRENCH, GERMAN, HUNGARIAN, RUSSIAN]
17:42:28.482 [FXGL Background Thread 3 ] DEBUG Engine               - ticksPerSecond: -1
17:42:28.482 [FXGL Background Thread 3 ] DEBUG Engine               - title: Soot(sin)
17:42:28.482 [FXGL Background Thread 3 ] DEBUG Engine               - urlGithub: https://github.com/AlmasB/FXGL
17:42:28.482 [FXGL Background Thread 3 ] DEBUG Engine               - urlLeaderboard: http://fxgl-top.herokuapp.com/
17:42:28.482 [FXGL Background Thread 3 ] DEBUG Engine               - urlPOM: https://raw.githubusercontent.com/AlmasB/FXGL/release/README.md
17:42:28.482 [FXGL Background Thread 3 ] DEBUG Engine               - userAppClass: class com.example.proj.SootApp
17:42:28.482 [FXGL Background Thread 3 ] DEBUG Engine               - version: 0.0
17:42:28.482 [FXGL Background Thread 3 ] DEBUG Engine               - versionCheckDays: 7
17:42:28.482 [FXGL Background Thread 3 ] DEBUG Engine               - width: 450
17:42:28.482 [FXGL Background Thread 3 ] DEBUG Engine               - Logging services
17:42:28.482 [FXGL Background Thread 3 ] DEBUG Engine               - class com.almasb.fxgl.app.services.FXGLAssetLoaderService
17:42:28.483 [FXGL Background Thread 3 ] DEBUG Engine               - class com.almasb.fxgl.app.FXGLApplication$GameApplicationService
17:42:28.483 [FXGL Background Thread 3 ] DEBUG Engine               - class com.almasb.fxgl.app.services.FXGLDialogService
17:42:28.483 [FXGL Background Thread 3 ] DEBUG Engine               - class com.almasb.fxgl.app.services.IOTaskExecutorService
17:42:28.483 [FXGL Background Thread 3 ] DEBUG Engine               - class com.almasb.fxgl.io.FileSystemService
17:42:28.483 [FXGL Background Thread 3 ] DEBUG Engine               - class com.almasb.fxgl.localization.LocalizationService
17:42:28.483 [FXGL Background Thread 3 ] DEBUG Engine               - class com.almasb.fxgl.app.services.SystemBundleService
17:42:28.483 [FXGL Background Thread 3 ] DEBUG Engine               - class com.almasb.fxgl.profile.SaveLoadService
17:42:28.483 [FXGL Background Thread 3 ] DEBUG Engine               - class com.almasb.fxgl.ui.FXGLUIFactoryServiceProvider
17:42:28.483 [FXGL Background Thread 3 ] DEBUG Engine               - class com.almasb.fxgl.ui.FXGLDialogFactoryServiceProvider
17:42:28.483 [FXGL Background Thread 3 ] DEBUG Engine               - class com.almasb.fxgl.audio.AudioPlayer
17:42:28.483 [FXGL Background Thread 3 ] DEBUG Engine               - class com.almasb.fxgl.notification.impl.NotificationServiceProvider
17:42:28.483 [FXGL Background Thread 3 ] DEBUG Engine               - class com.almasb.fxgl.achievement.AchievementService
17:42:28.483 [FXGL Background Thread 3 ] DEBUG Engine               - class com.almasb.fxgl.cutscene.CutsceneService
17:42:28.483 [FXGL Background Thread 3 ] DEBUG Engine               - class com.almasb.fxgl.minigames.MiniGameService
17:42:28.483 [FXGL Background Thread 3 ] DEBUG Engine               - class com.almasb.fxgl.net.NetService
17:42:28.483 [FXGL Background Thread 3 ] DEBUG Engine               - class com.almasb.fxgl.app.services.UpdaterService
17:42:28.484 [FXGL Background Thread 3 ] DEBUG Engine               - class com.almasb.fxgl.dev.DevService
17:42:29.660 [JavaFX Application Thread] DEBUG FXGLApplication      - Exiting FXGL
17:42:29.660 [JavaFX Application Thread] DEBUG LoopRunner           - Stopping loop
17:42:29.660 [JavaFX Application Thread] DEBUG SystemBundleService  - Saving FXGL system data
17:42:29.662 [JavaFX Application Thread] DEBUG FileSystemAccess     - Writing to: C:\Users\annak\Documents\GitHub\Project-Winter\system\fxgl.bundle
17:42:29.665 [JavaFX Application Thread] DEBUG Async                - Shutting down background threads
17:42:29.666 [JavaFX Application Thread] DEBUG PrimaryStageWindow   - Closing main window
17:42:29.681 [JavaFX Application Thread] DEBUG Logger               - Closing Logger
