09:10:54.545 [main                     ] DEBUG Logger               - Configured Logger
09:10:54.566 [main                     ] DEBUG GameApplication      - Logging settings
Title: Soot(sin)
Version: 0.0
Width: 800
Height: 360
Fullscreen: false
Intro: false
Profiling: false
Single step:false
App Mode: DEVELOPER
Menu Key: ESCAPE
Stage Style: DECORATED
Scene Factory: class com.almasb.fxgl.app.scene.SceneFactory

09:10:54.860 [JavaFX Application Thread] DEBUG FXGLApplication      - Initializing FXGL
09:10:54.864 [JavaFX Application Thread] INFO  Engine               - FXGL-17.2 (20.08.2022 16.50) on MAC (J:18.0.2.1 FX:18.0.2)
09:10:54.864 [JavaFX Application Thread] DEBUG Engine               - JRE Vendor Name: Oracle Corporation
09:10:54.864 [JavaFX Application Thread] DEBUG Engine               - Running on OS: Mac OS X version 13.4.1
09:10:54.865 [JavaFX Application Thread] DEBUG Engine               - Architecture: aarch64
09:10:54.865 [JavaFX Application Thread] INFO  Engine               - Source code and latest versions at: https://github.com/AlmasB/FXGL
09:10:54.865 [JavaFX Application Thread] INFO  Engine               -       Ask questions and discuss at: https://github.com/AlmasB/FXGL/discussions
09:10:54.865 [JavaFX Application Thread] INFO  Engine               -              Join the FXGL chat at: https://gitter.im/AlmasB/FXGL
09:10:54.925 [JavaFX Application Thread] DEBUG PrimaryStageWindow   - Creating a JavaFX scene
09:10:54.951 [JavaFX Application Thread] DEBUG PrimaryStageWindow   - Target settings size: 800.0 x 360.0
09:10:54.952 [JavaFX Application Thread] DEBUG PrimaryStageWindow   - Scaled scene size:    800.0 x 360.0
09:10:54.952 [JavaFX Application Thread] DEBUG PrimaryStageWindow   - Scaled ratio: (1.0, 1.0)
09:10:54.952 [JavaFX Application Thread] DEBUG PrimaryStageWindow   - Set initial scene to FXGLStartupScene
09:10:54.956 [JavaFX Application Thread] DEBUG PrimaryStageWindow   - Opening main window
09:10:55.030 [JavaFX Application Thread] DEBUG PrimaryStageWindow   - Window border size: (0.0, 28.0)
09:10:55.030 [JavaFX Application Thread] DEBUG PrimaryStageWindow   - Scaled size: 800.0 x 360.0
09:10:55.030 [JavaFX Application Thread] DEBUG PrimaryStageWindow   - Scaled ratio: (1.0, 1.0)
09:10:55.031 [JavaFX Application Thread] DEBUG PrimaryStageWindow   - Scene size: 800.0 x 360.0
09:10:55.031 [JavaFX Application Thread] DEBUG PrimaryStageWindow   - Stage size: 800.0 x 388.0
09:10:55.034 [FXGL Background Thread 1 ] DEBUG Engine               - Initializing environment variables
09:10:55.066 [FXGL Background Thread 1 ] DEBUG FXGLAssetLoaderServi - User app class for loading assets: class com.example.proj.SootApp
09:10:55.066 [FXGL Background Thread 1 ] DEBUG GameApplicationServi - Applying CSS: fxgl_dark.css
09:10:55.067 [FXGL Background Thread 1 ] DEBUG FXGLAssetLoaderServi - Loading from file system: jar:file:///Users/olive/.m2/repository/com/github/almasb/fxgl/17.2/fxgl-17.2.jar!/fxglassets/ui/css/fxgl_dark.css
09:10:55.103 [FXGL Background Thread 1 ] DEBUG GameApplicationServi - Initializing application scenes
09:10:55.496 [FXGL Background Thread 1 ] DEBUG GameWorld            - Game world initialized
09:10:55.534 [FXGL Background Thread 1 ] DEBUG PhysicsWorld         - Physics world initialized: appHeight=360, physics.ppm=50.0
09:10:55.534 [FXGL Background Thread 1 ] DEBUG PhysicsWorld         - Using strategy: BRUTE_FORCE
09:10:55.537 [FXGL Background Thread 1 ] DEBUG GameScene            - Game scene initialized: 800x360
09:10:55.543 [FXGL Background Thread 1 ] WARN  FXGL.DefaultMenu     - FXGLDefaultMenu is not designed for resolutions < 800x600
09:10:55.544 [FXGL Background Thread 1 ] DEBUG FXGL.DefaultMenu     - createMenuBodyGameMenu()
09:10:55.553 [FXGL Background Thread 1 ] DEBUG FXGL.DefaultMenu     - createOptionsMenu()
09:10:55.559 [FXGL Background Thread 1 ] DEBUG FXGLAssetLoaderServi - Loading from file system: jar:file:///Users/olive/.m2/repository/com/github/almasb/fxgl/17.2/fxgl-17.2.jar!/fxglassets/textures/particles/smoke.png
09:10:55.641 [FXGL Background Thread 1 ] DEBUG FXGLAssetLoaderServi - Loading from file system: jar:file:///Users/olive/.m2/repository/com/github/almasb/fxgl/17.2/fxgl-17.2.jar!/fxglassets/textures/particles/trace_horizontal.png
09:10:55.680 [FXGL Background Thread 1 ] DEBUG GameApplicationServi - Application scenes initialized
09:10:55.700 [FXGL Background Thread 1 ] DEBUG SystemBundleService  - Loading FXGL system data
09:10:55.704 [FXGL Background Thread 1 ] DEBUG FileSystemAccess     - Reading from: /Users/olive/Documents/GitHub/Project-Winter/system/fxgl.bundle
09:10:55.720 [FXGL Background Thread 1 ] DEBUG SystemBundleService  - Bundle FXGL: {}
09:10:55.721 [FXGL Background Thread 1 ] DEBUG UpdaterService       - Checking for updates
09:10:55.733 [FXGL Background Thread 1 ] DEBUG FXGLApplication      - Loading default localization
09:10:55.733 [FXGL Background Thread 1 ] DEBUG FXGLAssetLoaderServi - Loading from file system: jar:file:///Users/olive/.m2/repository/com/github/almasb/fxgl/17.2/fxgl-17.2.jar!/fxglassets/languages/english.lang
09:10:55.735 [FXGL Background Thread 4 ] DEBUG FXGLApplication      - Loading fonts
09:10:55.736 [FXGL Background Thread 4 ] DEBUG FXGLAssetLoaderServi - Loading from file system: jar:file:///Users/olive/.m2/repository/com/github/almasb/fxgl/17.2/fxgl-17.2.jar!/fxglassets/ui/fonts/VarelaRound-Regular.ttf
09:10:55.767 [FXGL Background Thread 1 ] INFO  FXGLApplication      - FXGL initialization took: 0.732 sec
09:10:55.781 [FXGL Background Thread 4 ] DEBUG FXGLAssetLoaderServi - Loading from file system: jar:file:///Users/olive/.m2/repository/com/github/almasb/fxgl/17.2/fxgl-17.2.jar!/fxglassets/ui/fonts/Abel-Regular.ttf
09:10:55.782 [JavaFX Application Thread] DEBUG Input                - Registered new binding: left - Left
09:10:55.782 [JavaFX Application Thread] DEBUG Input                - Registered new binding: right - Right
09:10:55.782 [JavaFX Application Thread] DEBUG Input                - Registered new binding: jump - Up
09:10:55.782 [JavaFX Application Thread] DEBUG FXGLAssetLoaderServi - Loading from file system: jar:file:///Users/olive/.m2/repository/com/github/almasb/fxgl/17.2/fxgl-17.2.jar!/fxglassets/textures/fxgl_icon.png
09:10:55.785 [FXGL Background Thread 4 ] DEBUG FXGLAssetLoaderServi - Loading from file system: jar:file:///Users/olive/.m2/repository/com/github/almasb/fxgl/17.2/fxgl-17.2.jar!/fxglassets/ui/fonts/TerminalLandMono-Regular.otf
09:10:55.792 [FXGL Background Thread 4 ] DEBUG FXGLAssetLoaderServi - Loading from file system: jar:file:///Users/olive/.m2/repository/com/github/almasb/fxgl/17.2/fxgl-17.2.jar!/fxglassets/ui/fonts/Courier-Prime.ttf
09:10:55.807 [JavaFX Application Thread] DEBUG FXGLAssetLoaderServi - Loading from file system: jar:file:///Users/olive/.m2/repository/com/github/almasb/fxgl/17.2/fxgl-17.2.jar!/fxglassets/textures/fxgl_default_cursor.png
09:10:55.809 [JavaFX Application Thread] DEBUG Input                - Registered new binding: Screenshot - CTRL+8
09:10:55.809 [JavaFX Application Thread] DEBUG Input                - Registered new binding: System info dump - CTRL+9
09:10:55.809 [JavaFX Application Thread] DEBUG Input                - Registered new binding: Restart - CTRL+R
09:10:55.810 [JavaFX Application Thread] DEBUG Input                - Registered new binding: Toggle Debug Camera - CTRL+7
09:10:55.811 [JavaFX Application Thread] DEBUG LoopRunner           - Starting loop
09:10:55.811 [JavaFX Application Thread] DEBUG LoopRunner           - Initializing JavaFX AnimationTimerLoop
09:10:55.811 [JavaFX Application Thread] DEBUG GameApplicationServi - Starting new game
09:10:55.811 [JavaFX Application Thread] DEBUG Input                - Clearing active input actions
09:10:55.817 [JavaFX Application Thread] DEBUG GameApplicationServi - Removing overlay from FXGLStartupScene and adding to FXGLLoadingScene
09:10:55.818 [JavaFX Application Thread] DEBUG PrimaryStageWindow   - FXGLStartupScene -> FXGLLoadingScene
09:10:55.818 [JavaFX Application Thread] DEBUG GameApplicationServi - Clearing previous game
09:10:55.818 [JavaFX Application Thread] DEBUG GameScene            - Clearing game scene
09:10:55.818 [JavaFX Application Thread] DEBUG GameWorld            - Clearing game world
09:10:55.818 [JavaFX Application Thread] DEBUG PhysicsWorld         - Clearing physics world
09:10:55.819 [FXGL Background Thread 4 ] DEBUG FXGLApplication      - Initializing game
09:10:55.855 [JavaFX Application Thread] DEBUG FXGLApplication      - Registering font factories with UI factory
09:10:55.943 [FXGL Background Thread 4 ] DEBUG TMXLevelLoader       - Parsed TiledMap: file:/Users/olive/Documents/GitHub/Project-Winter/proj/target/classes/assets/levels/tmx/Plat1.9.0.tmx
09:10:55.944 [FXGL Background Thread 4 ] DEBUG TMXLevelLoader       - Creating tile layer entities
09:10:55.945 [FXGL Background Thread 4 ] DEBUG TilesetLoader        - Loading view for layer Tile Layer 1
09:10:55.945 [FXGL Background Thread 4 ] DEBUG TilesetLoader        - Created buffer with size 810.0x360.0
09:10:55.979 [FXGL Background Thread 4 ] DEBUG TMXLevelLoader       - Creating object layer entities
09:10:56.027 [FXGL Background Thread 4 ] DEBUG GameWorld            - Clearing removable entities
09:10:56.028 [FXGL Background Thread 4 ] DEBUG GameWorld            - Setting level: com.almasb.fxgl.entity.level.Level@1b3f49ca
09:10:56.046 [FXGL Background Thread 4 ] DEBUG FXGLAssetLoaderServi - Loading from file system: file:/Users/olive/Documents/GitHub/Project-Winter/proj/target/classes/assets/textures/finalSOOT.gif
09:10:56.051 [FXGL Background Thread 4 ] WARN  Entity               - Entity already has component: com.example.proj.component.PlayerControl
09:10:56.056 [FXGL Background Thread 4 ] DEBUG FXGLAssetLoaderServi - Loading from file system: file:/Users/olive/Documents/GitHub/Project-Winter/proj/target/classes/assets/textures/heart.png
09:10:56.058 [FXGL Background Thread 4 ] INFO  FXGLApplication      - Game initialization took: 0.239 sec
09:10:56.060 [JavaFX Application Thread] DEBUG Input                - Clearing active input actions
09:10:56.067 [JavaFX Application Thread] DEBUG GameApplicationServi - Removing overlay from FXGLLoadingScene and adding to GameScene
09:10:56.067 [JavaFX Application Thread] DEBUG PrimaryStageWindow   - FXGLLoadingScene -> GameScene
09:10:56.527 [FXGL Background Thread 2 ] INFO  UpdaterService       - Your current version:  17.2
09:10:56.527 [FXGL Background Thread 2 ] INFO  UpdaterService       - Latest stable version: 21
09:10:58.388 [JavaFX Application Thread] DEBUG PrimaryStageWindow   - Push state: DialogSubScene
09:10:58.388 [JavaFX Application Thread] DEBUG Input                - Clearing active input actions
09:10:58.390 [JavaFX Application Thread] DEBUG GameApplicationServi - Removing overlay from GameScene and adding to DialogSubScene
09:10:58.390 [JavaFX Application Thread] DEBUG PrimaryStageWindow   - GameScene -> DialogSubScene
09:10:58.734 [FXGL Background Thread 3 ] DEBUG Engine               - Logging environment variables
09:10:58.735 [FXGL Background Thread 3 ] DEBUG Engine               - achievements: []
09:10:58.735 [FXGL Background Thread 3 ] DEBUG Engine               - actualHeight: 360.0
09:10:58.735 [FXGL Background Thread 3 ] DEBUG Engine               - actualHeightProperty: ReadOnlyDoubleProperty [value: 360.0]
09:10:58.735 [FXGL Background Thread 3 ] DEBUG Engine               - actualWidth: 800.0
09:10:58.735 [FXGL Background Thread 3 ] DEBUG Engine               - actualWidthProperty: ReadOnlyDoubleProperty [value: 800.0]
09:10:58.735 [FXGL Background Thread 3 ] DEBUG Engine               - appIcon: fxgl_icon.png
09:10:58.736 [FXGL Background Thread 3 ] DEBUG Engine               - applicationMode: DEVELOPER
09:10:58.736 [FXGL Background Thread 3 ] DEBUG Engine               - cSSList: [fxgl_dark.css]
09:10:58.736 [FXGL Background Thread 3 ] DEBUG Engine               - collisionDetectionStrategy: BRUTE_FORCE
09:10:58.736 [FXGL Background Thread 3 ] DEBUG Engine               - configClass: Optional.empty
09:10:58.736 [FXGL Background Thread 3 ] DEBUG Engine               - credits: []
09:10:58.736 [FXGL Background Thread 3 ] DEBUG Engine               - defaultCursor: CursorInfo(imageName=fxgl_default_cursor.png, hotspotX=7.0, hotspotY=6.0)
09:10:58.737 [FXGL Background Thread 3 ] DEBUG Engine               - devBBoxColorProperty: ObjectProperty [value: 0xff0000ff]
09:10:58.737 [FXGL Background Thread 3 ] DEBUG Engine               - devEnableDebugCameraProperty: BooleanProperty [value: false]
09:10:58.737 [FXGL Background Thread 3 ] DEBUG Engine               - devSensorColorProperty: ObjectProperty [value: 0xffff00ff]
09:10:58.737 [FXGL Background Thread 3 ] DEBUG Engine               - devShowBBoxProperty: BooleanProperty [value: false]
09:10:58.737 [FXGL Background Thread 3 ] DEBUG Engine               - devShowPositionProperty: BooleanProperty [value: false]
09:10:58.737 [FXGL Background Thread 3 ] DEBUG Engine               - enabledMenuItems: []
09:10:58.737 [FXGL Background Thread 3 ] DEBUG Engine               - engineServices: [class com.almasb.fxgl.app.services.FXGLAssetLoaderService, class com.almasb.fxgl.app.FXGLApplication$GameApplicationService, class com.almasb.fxgl.app.services.FXGLDialogService, class com.almasb.fxgl.app.services.IOTaskExecutorService, class com.almasb.fxgl.io.FileSystemService, class com.almasb.fxgl.localization.LocalizationService, class com.almasb.fxgl.app.services.SystemBundleService, class com.almasb.fxgl.profile.SaveLoadService, class com.almasb.fxgl.ui.FXGLUIFactoryServiceProvider, class com.almasb.fxgl.ui.FXGLDialogFactoryServiceProvider, class com.almasb.fxgl.audio.AudioPlayer, class com.almasb.fxgl.notification.impl.NotificationServiceProvider, class com.almasb.fxgl.achievement.AchievementService, class com.almasb.fxgl.cutscene.CutsceneService, class com.almasb.fxgl.minigames.MiniGameService, class com.almasb.fxgl.net.NetService, class com.almasb.fxgl.app.services.UpdaterService, class com.almasb.fxgl.dev.DevService]
09:10:58.737 [FXGL Background Thread 3 ] DEBUG Engine               - fontGame: Abel-Regular.ttf
09:10:58.737 [FXGL Background Thread 3 ] DEBUG Engine               - fontMono: TerminalLandMono-Regular.otf
09:10:58.737 [FXGL Background Thread 3 ] DEBUG Engine               - fontText: Courier-Prime.ttf
09:10:58.737 [FXGL Background Thread 3 ] DEBUG Engine               - fontUI: VarelaRound-Regular.ttf
09:10:58.737 [FXGL Background Thread 3 ] DEBUG Engine               - fullScreen: BooleanProperty [value: false]
09:10:58.738 [FXGL Background Thread 3 ] DEBUG Engine               - gameDifficulty: MEDIUM
09:10:58.738 [FXGL Background Thread 3 ] DEBUG Engine               - gameDifficultyProperty: ObjectProperty [value: MEDIUM]
09:10:58.738 [FXGL Background Thread 3 ] DEBUG Engine               - globalMusicVolume: 0.5
09:10:58.738 [FXGL Background Thread 3 ] DEBUG Engine               - globalMusicVolumeProperty: DoubleProperty [value: 0.5]
09:10:58.738 [FXGL Background Thread 3 ] DEBUG Engine               - globalSoundVolume: 0.5
09:10:58.738 [FXGL Background Thread 3 ] DEBUG Engine               - globalSoundVolumeProperty: DoubleProperty [value: 0.5]
09:10:58.738 [FXGL Background Thread 3 ] DEBUG Engine               - height: 360
09:10:58.738 [FXGL Background Thread 3 ] DEBUG Engine               - is3D: false
09:10:58.738 [FXGL Background Thread 3 ] DEBUG Engine               - isAndroid: false
09:10:58.738 [FXGL Background Thread 3 ] DEBUG Engine               - isBrowser: false
09:10:58.738 [FXGL Background Thread 3 ] DEBUG Engine               - isClickFeedbackEnabled: false
09:10:58.738 [FXGL Background Thread 3 ] DEBUG Engine               - isCloseConfirmation: false
09:10:58.738 [FXGL Background Thread 3 ] DEBUG Engine               - isDesktop: true
09:10:58.738 [FXGL Background Thread 3 ] DEBUG Engine               - isDeveloperMenuEnabled: false
09:10:58.738 [FXGL Background Thread 3 ] DEBUG Engine               - isEmbedded: false
09:10:58.738 [FXGL Background Thread 3 ] DEBUG Engine               - isEntityPreloadEnabled: true
09:10:58.738 [FXGL Background Thread 3 ] DEBUG Engine               - isExperimentalTiledLargeMap: false
09:10:58.738 [FXGL Background Thread 3 ] DEBUG Engine               - isFileSystemWriteAllowed: true
09:10:58.738 [FXGL Background Thread 3 ] DEBUG Engine               - isFullScreenAllowed: false
09:10:58.738 [FXGL Background Thread 3 ] DEBUG Engine               - isFullScreenFromStart: false
09:10:58.739 [FXGL Background Thread 3 ] DEBUG Engine               - isGameMenuEnabled: true
09:10:58.739 [FXGL Background Thread 3 ] DEBUG Engine               - isIOS: false
09:10:58.739 [FXGL Background Thread 3 ] DEBUG Engine               - isIntroEnabled: false
09:10:58.739 [FXGL Background Thread 3 ] DEBUG Engine               - isLinux: false
09:10:58.739 [FXGL Background Thread 3 ] DEBUG Engine               - isMac: true
09:10:58.739 [FXGL Background Thread 3 ] DEBUG Engine               - isMainMenuEnabled: false
09:10:58.739 [FXGL Background Thread 3 ] DEBUG Engine               - isManualResizeEnabled: false
09:10:58.739 [FXGL Background Thread 3 ] DEBUG Engine               - isMobile: false
09:10:58.739 [FXGL Background Thread 3 ] DEBUG Engine               - isNative: false
09:10:58.739 [FXGL Background Thread 3 ] DEBUG Engine               - isPauseMusicWhenMinimized: true
09:10:58.739 [FXGL Background Thread 3 ] DEBUG Engine               - isPreserveResizeRatio: false
09:10:58.739 [FXGL Background Thread 3 ] DEBUG Engine               - isProfilingEnabled: false
09:10:58.739 [FXGL Background Thread 3 ] DEBUG Engine               - isScaleAffectedOnResize: true
09:10:58.739 [FXGL Background Thread 3 ] DEBUG Engine               - isSingleStep: false
09:10:58.739 [FXGL Background Thread 3 ] DEBUG Engine               - isUserProfileEnabled: false
09:10:58.739 [FXGL Background Thread 3 ] DEBUG Engine               - isWindows: false
09:10:58.739 [FXGL Background Thread 3 ] DEBUG Engine               - language: ObjectProperty [value: ENGLISH]
09:10:58.739 [FXGL Background Thread 3 ] DEBUG Engine               - menuKey: ESCAPE
09:10:58.739 [FXGL Background Thread 3 ] DEBUG Engine               - mouseSensitivity: 0.2
09:10:58.739 [FXGL Background Thread 3 ] DEBUG Engine               - notificationViewClass: class com.almasb.fxgl.notification.view.XboxNotificationView
09:10:58.740 [FXGL Background Thread 3 ] DEBUG Engine               - pixelsPerMeter: 50.0
09:10:58.740 [FXGL Background Thread 3 ] DEBUG Engine               - platform: MAC
09:10:58.740 [FXGL Background Thread 3 ] DEBUG Engine               - prefHeightProperty: ReadOnlyDoubleProperty [value: 360.0]
09:10:58.740 [FXGL Background Thread 3 ] DEBUG Engine               - prefWidthProperty: ReadOnlyDoubleProperty [value: 800.0]
09:10:58.740 [FXGL Background Thread 3 ] DEBUG Engine               - profileDir: profiles/
09:10:58.740 [FXGL Background Thread 3 ] DEBUG Engine               - profileName: StringProperty [value: DEFAULT]
09:10:58.740 [FXGL Background Thread 3 ] DEBUG Engine               - randomSeed: -1
09:10:58.740 [FXGL Background Thread 3 ] DEBUG Engine               - runtimeInfo: RuntimeInfo(platform=MAC, version=17.2, build=20.08.2022 16.50)
09:10:58.740 [FXGL Background Thread 3 ] DEBUG Engine               - saveFileExt: sav
09:10:58.740 [FXGL Background Thread 3 ] DEBUG Engine               - scaledHeightProp$fxgl: DoubleProperty [bound, value: 360.0]
09:10:58.740 [FXGL Background Thread 3 ] DEBUG Engine               - scaledWidthProp$fxgl: DoubleProperty [bound, value: 800.0]
09:10:58.740 [FXGL Background Thread 3 ] DEBUG Engine               - sceneFactory: com.almasb.fxgl.app.scene.SceneFactory@1fcfee5d
09:10:58.740 [FXGL Background Thread 3 ] DEBUG Engine               - secondsIn24h: 60
09:10:58.741 [FXGL Background Thread 3 ] DEBUG Engine               - soundMenuBack: menu/back.wav
09:10:58.741 [FXGL Background Thread 3 ] DEBUG Engine               - soundMenuPress: menu/press.wav
09:10:58.741 [FXGL Background Thread 3 ] DEBUG Engine               - soundMenuSelect: menu/select.wav
09:10:58.741 [FXGL Background Thread 3 ] DEBUG Engine               - soundNotification: core/notification.wav
09:10:58.741 [FXGL Background Thread 3 ] DEBUG Engine               - stageStyle: DECORATED
09:10:58.741 [FXGL Background Thread 3 ] DEBUG Engine               - supportedLanguages: [ENGLISH, FRENCH, GERMAN, HUNGARIAN, RUSSIAN]
09:10:58.741 [FXGL Background Thread 3 ] DEBUG Engine               - ticksPerSecond: -1
09:10:58.741 [FXGL Background Thread 3 ] DEBUG Engine               - title: Soot(sin)
09:10:58.741 [FXGL Background Thread 3 ] DEBUG Engine               - urlGithub: https://github.com/AlmasB/FXGL
09:10:58.741 [FXGL Background Thread 3 ] DEBUG Engine               - urlLeaderboard: http://fxgl-top.herokuapp.com/
09:10:58.741 [FXGL Background Thread 3 ] DEBUG Engine               - urlPOM: https://raw.githubusercontent.com/AlmasB/FXGL/release/README.md
09:10:58.741 [FXGL Background Thread 3 ] DEBUG Engine               - userAppClass: class com.example.proj.SootApp
09:10:58.741 [FXGL Background Thread 3 ] DEBUG Engine               - version: 0.0
09:10:58.741 [FXGL Background Thread 3 ] DEBUG Engine               - versionCheckDays: 7
09:10:58.741 [FXGL Background Thread 3 ] DEBUG Engine               - width: 800
09:10:58.741 [FXGL Background Thread 3 ] DEBUG Engine               - Logging services
09:10:58.741 [FXGL Background Thread 3 ] DEBUG Engine               - class com.almasb.fxgl.app.services.FXGLAssetLoaderService
09:10:58.741 [FXGL Background Thread 3 ] DEBUG Engine               - class com.almasb.fxgl.app.FXGLApplication$GameApplicationService
09:10:58.741 [FXGL Background Thread 3 ] DEBUG Engine               - class com.almasb.fxgl.app.services.FXGLDialogService
09:10:58.741 [FXGL Background Thread 3 ] DEBUG Engine               - class com.almasb.fxgl.app.services.IOTaskExecutorService
09:10:58.741 [FXGL Background Thread 3 ] DEBUG Engine               - class com.almasb.fxgl.io.FileSystemService
09:10:58.741 [FXGL Background Thread 3 ] DEBUG Engine               - class com.almasb.fxgl.localization.LocalizationService
09:10:58.741 [FXGL Background Thread 3 ] DEBUG Engine               - class com.almasb.fxgl.app.services.SystemBundleService
09:10:58.741 [FXGL Background Thread 3 ] DEBUG Engine               - class com.almasb.fxgl.profile.SaveLoadService
09:10:58.741 [FXGL Background Thread 3 ] DEBUG Engine               - class com.almasb.fxgl.ui.FXGLUIFactoryServiceProvider
09:10:58.741 [FXGL Background Thread 3 ] DEBUG Engine               - class com.almasb.fxgl.ui.FXGLDialogFactoryServiceProvider
09:10:58.741 [FXGL Background Thread 3 ] DEBUG Engine               - class com.almasb.fxgl.audio.AudioPlayer
09:10:58.742 [FXGL Background Thread 3 ] DEBUG Engine               - class com.almasb.fxgl.notification.impl.NotificationServiceProvider
09:10:58.742 [FXGL Background Thread 3 ] DEBUG Engine               - class com.almasb.fxgl.achievement.AchievementService
09:10:58.742 [FXGL Background Thread 3 ] DEBUG Engine               - class com.almasb.fxgl.cutscene.CutsceneService
09:10:58.742 [FXGL Background Thread 3 ] DEBUG Engine               - class com.almasb.fxgl.minigames.MiniGameService
09:10:58.742 [FXGL Background Thread 3 ] DEBUG Engine               - class com.almasb.fxgl.net.NetService
09:10:58.742 [FXGL Background Thread 3 ] DEBUG Engine               - class com.almasb.fxgl.app.services.UpdaterService
09:10:58.742 [FXGL Background Thread 3 ] DEBUG Engine               - class com.almasb.fxgl.dev.DevService
09:11:07.052 [JavaFX Application Thread] DEBUG PrimaryStageWindow   - Pop state: DialogSubScene
09:11:07.052 [JavaFX Application Thread] DEBUG Input                - Clearing active input actions
09:11:07.054 [JavaFX Application Thread] DEBUG GameApplicationServi - Removing overlay from DialogSubScene and adding to GameScene
09:11:07.054 [JavaFX Application Thread] DEBUG PrimaryStageWindow   - GameScene <- DialogSubScene
09:11:13.520 [JavaFX Application Thread] DEBUG PrimaryStageWindow   - Push state: DialogSubScene
09:11:13.520 [JavaFX Application Thread] DEBUG Input                - Clearing active input actions
09:11:13.522 [JavaFX Application Thread] DEBUG GameApplicationServi - Removing overlay from GameScene and adding to DialogSubScene
09:11:13.522 [JavaFX Application Thread] DEBUG PrimaryStageWindow   - GameScene -> DialogSubScene
09:11:19.114 [JavaFX Application Thread] DEBUG PrimaryStageWindow   - Pop state: DialogSubScene
09:11:19.114 [JavaFX Application Thread] DEBUG Input                - Clearing active input actions
09:11:19.116 [JavaFX Application Thread] DEBUG GameApplicationServi - Removing overlay from DialogSubScene and adding to GameScene
09:11:19.116 [JavaFX Application Thread] DEBUG PrimaryStageWindow   - GameScene <- DialogSubScene
09:11:24.366 [JavaFX Application Thread] DEBUG PrimaryStageWindow   - Push state: DialogSubScene
09:11:24.366 [JavaFX Application Thread] DEBUG Input                - Clearing active input actions
09:11:24.368 [JavaFX Application Thread] DEBUG GameApplicationServi - Removing overlay from GameScene and adding to DialogSubScene
09:11:24.368 [JavaFX Application Thread] DEBUG PrimaryStageWindow   - GameScene -> DialogSubScene
09:11:30.298 [JavaFX Application Thread] DEBUG PrimaryStageWindow   - Pop state: DialogSubScene
09:11:30.299 [JavaFX Application Thread] DEBUG Input                - Clearing active input actions
09:11:30.300 [JavaFX Application Thread] DEBUG GameApplicationServi - Removing overlay from DialogSubScene and adding to GameScene
09:11:30.300 [JavaFX Application Thread] DEBUG PrimaryStageWindow   - GameScene <- DialogSubScene
09:12:02.768 [JavaFX Application Thread] DEBUG PrimaryStageWindow   - Push state: DialogSubScene
09:12:02.768 [JavaFX Application Thread] DEBUG Input                - Clearing active input actions
09:12:02.770 [JavaFX Application Thread] DEBUG GameApplicationServi - Removing overlay from GameScene and adding to DialogSubScene
09:12:02.770 [JavaFX Application Thread] DEBUG PrimaryStageWindow   - GameScene -> DialogSubScene
09:12:05.159 [JavaFX Application Thread] DEBUG PrimaryStageWindow   - Pop state: DialogSubScene
09:12:05.160 [JavaFX Application Thread] DEBUG Input                - Clearing active input actions
09:12:05.161 [JavaFX Application Thread] DEBUG GameApplicationServi - Removing overlay from DialogSubScene and adding to GameScene
09:12:05.161 [JavaFX Application Thread] DEBUG PrimaryStageWindow   - GameScene <- DialogSubScene
09:12:05.161 [JavaFX Application Thread] DEBUG GameApplicationServi - Starting new game
09:12:05.161 [JavaFX Application Thread] DEBUG Input                - Clearing active input actions
09:12:05.170 [JavaFX Application Thread] DEBUG GameApplicationServi - Removing overlay from GameScene and adding to FXGLLoadingScene
09:12:05.170 [JavaFX Application Thread] DEBUG PrimaryStageWindow   - GameScene -> FXGLLoadingScene
09:12:05.170 [JavaFX Application Thread] DEBUG GameApplicationServi - Clearing previous game
09:12:05.170 [JavaFX Application Thread] DEBUG GameScene            - Clearing game scene
09:12:05.170 [JavaFX Application Thread] DEBUG GameWorld            - Clearing game world
09:12:05.174 [JavaFX Application Thread] DEBUG PhysicsWorld         - Clearing physics world
09:12:05.174 [FXGL Background Thread 5 ] DEBUG FXGLApplication      - Initializing game
09:12:05.181 [FXGL Background Thread 5 ] DEBUG TMXLevelLoader       - Parsed TiledMap: file:/Users/olive/Documents/GitHub/Project-Winter/proj/target/classes/assets/levels/tmx/Plat1.9.0.tmx
09:12:05.181 [FXGL Background Thread 5 ] DEBUG TMXLevelLoader       - Creating tile layer entities
09:12:05.181 [FXGL Background Thread 5 ] DEBUG TilesetLoader        - Loading view for layer Tile Layer 1
09:12:05.182 [FXGL Background Thread 5 ] DEBUG TilesetLoader        - Created buffer with size 810.0x360.0
09:12:05.185 [FXGL Background Thread 5 ] DEBUG TMXLevelLoader       - Creating object layer entities
09:12:05.188 [FXGL Background Thread 5 ] DEBUG GameWorld            - Clearing removable entities
09:12:05.188 [FXGL Background Thread 5 ] DEBUG GameWorld            - Setting level: com.almasb.fxgl.entity.level.Level@26595963
09:12:05.189 [FXGL Background Thread 5 ] WARN  Entity               - Entity already has component: com.example.proj.component.PlayerControl
09:12:05.191 [FXGL Background Thread 5 ] INFO  FXGLApplication      - Game initialization took: 0.016 sec
09:12:05.192 [JavaFX Application Thread] DEBUG Input                - Clearing active input actions
09:12:05.200 [JavaFX Application Thread] DEBUG GameApplicationServi - Removing overlay from FXGLLoadingScene and adding to GameScene
09:12:05.200 [JavaFX Application Thread] DEBUG PrimaryStageWindow   - FXGLLoadingScene -> GameScene
09:14:07.001 [JavaFX Application Thread] DEBUG FXGLApplication      - Exiting FXGL
09:14:07.002 [JavaFX Application Thread] DEBUG LoopRunner           - Stopping loop
09:14:07.002 [JavaFX Application Thread] DEBUG SystemBundleService  - Saving FXGL system data
09:14:07.007 [JavaFX Application Thread] DEBUG FileSystemAccess     - Writing to: /Users/olive/Documents/GitHub/Project-Winter/system/fxgl.bundle
09:14:07.010 [JavaFX Application Thread] DEBUG Async                - Shutting down background threads
09:14:07.010 [JavaFX Application Thread] DEBUG PrimaryStageWindow   - Closing main window
09:14:07.029 [JavaFX Application Thread] DEBUG Logger               - Closing Logger
