10:37:47.741 [main                     ] DEBUG Logger               - Configured Logger
10:37:47.772 [main                     ] DEBUG GameApplication      - Logging settings
Title: Soot(sin)
Version: 0.0
Width: 500
Height: 300
Fullscreen: false
Intro: false
Profiling: false
Single step:false
App Mode: DEVELOPER
Menu Key: ESCAPE
Stage Style: DECORATED
Scene Factory: class com.almasb.fxgl.app.scene.SceneFactory

10:37:48.358 [JavaFX Application Thread] DEBUG FXGLApplication      - Initializing FXGL
10:37:48.363 [JavaFX Application Thread] INFO  Engine               - FXGL-17.2 (20.08.2022 16.50) on MAC (J:18.0.2.1 FX:18.0.2)
10:37:48.363 [JavaFX Application Thread] DEBUG Engine               - JRE Vendor Name: Oracle Corporation
10:37:48.364 [JavaFX Application Thread] DEBUG Engine               - Running on OS: Mac OS X version 13.4.1
10:37:48.364 [JavaFX Application Thread] DEBUG Engine               - Architecture: aarch64
10:37:48.364 [JavaFX Application Thread] INFO  Engine               - Source code and latest versions at: https://github.com/AlmasB/FXGL
10:37:48.364 [JavaFX Application Thread] INFO  Engine               -       Ask questions and discuss at: https://github.com/AlmasB/FXGL/discussions
10:37:48.364 [JavaFX Application Thread] INFO  Engine               -              Join the FXGL chat at: https://gitter.im/AlmasB/FXGL
10:37:48.438 [JavaFX Application Thread] DEBUG PrimaryStageWindow   - Creating a JavaFX scene
10:37:48.472 [JavaFX Application Thread] DEBUG PrimaryStageWindow   - Target settings size: 500.0 x 300.0
10:37:48.473 [JavaFX Application Thread] DEBUG PrimaryStageWindow   - Scaled scene size:    500.0 x 300.0
10:37:48.473 [JavaFX Application Thread] DEBUG PrimaryStageWindow   - Scaled ratio: (1.0, 1.0)
10:37:48.473 [JavaFX Application Thread] DEBUG PrimaryStageWindow   - Set initial scene to FXGLStartupScene
10:37:48.478 [JavaFX Application Thread] DEBUG PrimaryStageWindow   - Opening main window
10:37:48.559 [JavaFX Application Thread] DEBUG PrimaryStageWindow   - Window border size: (0.0, 28.0)
10:37:48.560 [JavaFX Application Thread] DEBUG PrimaryStageWindow   - Scaled size: 500.0 x 300.0
10:37:48.560 [JavaFX Application Thread] DEBUG PrimaryStageWindow   - Scaled ratio: (1.0, 1.0)
10:37:48.560 [JavaFX Application Thread] DEBUG PrimaryStageWindow   - Scene size: 500.0 x 300.0
10:37:48.560 [JavaFX Application Thread] DEBUG PrimaryStageWindow   - Stage size: 500.0 x 328.0
10:37:48.565 [FXGL Background Thread 1 ] DEBUG Engine               - Initializing environment variables
10:37:48.602 [FXGL Background Thread 1 ] DEBUG FXGLAssetLoaderServi - User app class for loading assets: class com.example.proj.SootApp
10:37:48.602 [FXGL Background Thread 1 ] DEBUG GameApplicationServi - Applying CSS: fxgl_dark.css
10:37:48.603 [FXGL Background Thread 1 ] DEBUG FXGLAssetLoaderServi - Loading from file system: jar:file:///Users/olive/.m2/repository/com/github/almasb/fxgl/17.2/fxgl-17.2.jar!/fxglassets/ui/css/fxgl_dark.css
10:37:48.646 [FXGL Background Thread 1 ] DEBUG GameApplicationServi - Initializing application scenes
10:37:48.916 [FXGL Background Thread 1 ] DEBUG GameWorld            - Game world initialized
10:37:48.964 [FXGL Background Thread 1 ] DEBUG PhysicsWorld         - Physics world initialized: appHeight=300, physics.ppm=50.0
10:37:48.965 [FXGL Background Thread 1 ] DEBUG PhysicsWorld         - Using strategy: BRUTE_FORCE
10:37:48.967 [FXGL Background Thread 1 ] DEBUG GameScene            - Game scene initialized: 500x300
10:37:48.987 [FXGL Background Thread 1 ] WARN  FXGL.DefaultMenu     - FXGLDefaultMenu is not designed for resolutions < 800x600
10:37:48.987 [FXGL Background Thread 1 ] DEBUG FXGL.DefaultMenu     - createMenuBodyGameMenu()
10:37:49.010 [FXGL Background Thread 1 ] DEBUG FXGL.DefaultMenu     - createOptionsMenu()
10:37:49.026 [FXGL Background Thread 1 ] DEBUG FXGLAssetLoaderServi - Loading from file system: jar:file:///Users/olive/.m2/repository/com/github/almasb/fxgl/17.2/fxgl-17.2.jar!/fxglassets/textures/particles/smoke.png
10:37:49.537 [FXGL Background Thread 1 ] DEBUG FXGLAssetLoaderServi - Loading from file system: jar:file:///Users/olive/.m2/repository/com/github/almasb/fxgl/17.2/fxgl-17.2.jar!/fxglassets/textures/particles/trace_horizontal.png
10:37:49.673 [FXGL Background Thread 1 ] DEBUG GameApplicationServi - Application scenes initialized
10:37:49.689 [FXGL Background Thread 1 ] DEBUG SystemBundleService  - Loading FXGL system data
10:37:49.695 [FXGL Background Thread 1 ] DEBUG FileSystemAccess     - Reading from: /Users/olive/Documents/GitHub/Project-Winter/system/fxgl.bundle
10:37:49.708 [FXGL Background Thread 1 ] DEBUG SystemBundleService  - Bundle FXGL: {}
10:37:49.709 [FXGL Background Thread 1 ] DEBUG UpdaterService       - Checking for updates
10:37:49.713 [FXGL Background Thread 4 ] DEBUG FXGLApplication      - Loading fonts
10:37:49.714 [FXGL Background Thread 1 ] DEBUG FXGLApplication      - Loading default localization
10:37:49.714 [FXGL Background Thread 4 ] DEBUG FXGLAssetLoaderServi - Loading from file system: jar:file:///Users/olive/.m2/repository/com/github/almasb/fxgl/17.2/fxgl-17.2.jar!/fxglassets/ui/fonts/VarelaRound-Regular.ttf
10:37:49.714 [FXGL Background Thread 1 ] DEBUG FXGLAssetLoaderServi - Loading from file system: jar:file:///Users/olive/.m2/repository/com/github/almasb/fxgl/17.2/fxgl-17.2.jar!/fxglassets/languages/english.lang
10:37:49.730 [FXGL Background Thread 4 ] DEBUG FXGLAssetLoaderServi - Loading from file system: jar:file:///Users/olive/.m2/repository/com/github/almasb/fxgl/17.2/fxgl-17.2.jar!/fxglassets/ui/fonts/Abel-Regular.ttf
10:37:49.735 [FXGL Background Thread 4 ] DEBUG FXGLAssetLoaderServi - Loading from file system: jar:file:///Users/olive/.m2/repository/com/github/almasb/fxgl/17.2/fxgl-17.2.jar!/fxglassets/ui/fonts/TerminalLandMono-Regular.otf
10:37:49.739 [FXGL Background Thread 1 ] INFO  FXGLApplication      - FXGL initialization took: 1.173 sec
10:37:49.740 [FXGL Background Thread 4 ] DEBUG FXGLAssetLoaderServi - Loading from file system: jar:file:///Users/olive/.m2/repository/com/github/almasb/fxgl/17.2/fxgl-17.2.jar!/fxglassets/ui/fonts/Courier-Prime.ttf
10:37:49.749 [JavaFX Application Thread] DEBUG Input                - Registered new binding: right - Right
10:37:49.749 [JavaFX Application Thread] DEBUG Input                - Registered new binding: left - Left
10:37:49.750 [JavaFX Application Thread] DEBUG FXGLAssetLoaderServi - Loading from file system: jar:file:///Users/olive/.m2/repository/com/github/almasb/fxgl/17.2/fxgl-17.2.jar!/fxglassets/textures/fxgl_icon.png
10:37:49.781 [JavaFX Application Thread] DEBUG FXGLAssetLoaderServi - Loading from file system: jar:file:///Users/olive/.m2/repository/com/github/almasb/fxgl/17.2/fxgl-17.2.jar!/fxglassets/textures/fxgl_default_cursor.png
10:37:49.784 [JavaFX Application Thread] DEBUG Input                - Registered new binding: Screenshot - CTRL+8
10:37:49.784 [JavaFX Application Thread] DEBUG Input                - Registered new binding: System info dump - CTRL+9
10:37:49.784 [JavaFX Application Thread] DEBUG Input                - Registered new binding: Restart - CTRL+R
10:37:49.785 [JavaFX Application Thread] DEBUG Input                - Registered new binding: Toggle Debug Camera - CTRL+7
10:37:49.786 [JavaFX Application Thread] DEBUG LoopRunner           - Starting loop
10:37:49.787 [JavaFX Application Thread] DEBUG LoopRunner           - Initializing JavaFX AnimationTimerLoop
10:37:49.787 [JavaFX Application Thread] DEBUG GameApplicationServi - Starting new game
10:37:49.788 [JavaFX Application Thread] DEBUG Input                - Clearing active input actions
10:37:49.798 [JavaFX Application Thread] DEBUG GameApplicationServi - Removing overlay from FXGLStartupScene and adding to FXGLLoadingScene
10:37:49.798 [JavaFX Application Thread] DEBUG PrimaryStageWindow   - FXGLStartupScene -> FXGLLoadingScene
10:37:49.798 [JavaFX Application Thread] DEBUG GameApplicationServi - Clearing previous game
10:37:49.798 [JavaFX Application Thread] DEBUG GameScene            - Clearing game scene
10:37:49.799 [JavaFX Application Thread] DEBUG GameWorld            - Clearing game world
10:37:49.799 [JavaFX Application Thread] DEBUG PhysicsWorld         - Clearing physics world
10:37:49.801 [FXGL Background Thread 4 ] DEBUG FXGLApplication      - Initializing game
10:37:49.808 [FXGL Background Thread 4 ] DEBUG FXGLAssetLoaderServi - Loading from file system: file:/Users/olive/Documents/GitHub/Project-Winter/proj/target/classes/assets/textures/finalSOOT.gif
10:37:49.843 [JavaFX Application Thread] DEBUG FXGLApplication      - Registering font factories with UI factory
10:37:49.901 [FXGL Background Thread 4 ] DEBUG TMXLevelLoader       - Parsed TiledMap: file:/Users/olive/Documents/GitHub/Project-Winter/proj/target/classes/assets/levels/tmx/Plat1.9.0.tmx
10:37:49.903 [FXGL Background Thread 4 ] DEBUG TMXLevelLoader       - Creating tile layer entities
10:37:49.904 [FXGL Background Thread 4 ] DEBUG TilesetLoader        - Loading view for layer Tile Layer 1
10:37:49.905 [FXGL Background Thread 4 ] DEBUG TilesetLoader        - Created buffer with size 450.0x360.0
10:37:49.916 [FXGL Background Thread 4 ] DEBUG TMXLevelLoader       - Creating object layer entities
10:37:49.921 [FXGL Background Thread 4 ] DEBUG GameWorld            - Clearing removable entities
10:37:49.923 [FXGL Background Thread 4 ] DEBUG GameWorld            - Setting level: com.almasb.fxgl.entity.level.Level@5f25adb2
10:37:49.931 [FXGL Background Thread 4 ] INFO  FXGLApplication      - Game initialization took: 0.129 sec
10:37:50.003 [JavaFX Application Thread] DEBUG Input                - Clearing active input actions
10:37:50.010 [JavaFX Application Thread] DEBUG GameApplicationServi - Removing overlay from FXGLLoadingScene and adding to GameScene
10:37:50.010 [JavaFX Application Thread] DEBUG PrimaryStageWindow   - FXGLLoadingScene -> GameScene
10:37:51.336 [FXGL Background Thread 2 ] INFO  UpdaterService       - Your current version:  17.2
10:37:51.336 [FXGL Background Thread 2 ] INFO  UpdaterService       - Latest stable version: 21
10:37:51.714 [JavaFX Application Thread] DEBUG FXGLApplication      - Exiting FXGL
10:37:51.714 [JavaFX Application Thread] DEBUG LoopRunner           - Stopping loop
10:37:51.714 [JavaFX Application Thread] DEBUG SystemBundleService  - Saving FXGL system data
10:37:51.716 [JavaFX Application Thread] DEBUG FileSystemAccess     - Writing to: /Users/olive/Documents/GitHub/Project-Winter/system/fxgl.bundle
10:37:51.717 [JavaFX Application Thread] DEBUG Async                - Shutting down background threads
10:37:51.717 [JavaFX Application Thread] DEBUG PrimaryStageWindow   - Closing main window
10:37:51.724 [JavaFX Application Thread] DEBUG Logger               - Closing Logger
