11:14:56.759 [main                     ] DEBUG Logger               - Configured Logger
11:14:56.771 [main                     ] DEBUG GameApplication      - Logging settings
Title: Soot(sin)
Version: 0.0
Width: 800
Height: 360
Fullscreen: false
Intro: false
Profiling: false
Single step:false
App Mode: DEVELOPER
Menu Key: ESCAPE
Stage Style: DECORATED
Scene Factory: class com.almasb.fxgl.app.scene.SceneFactory

11:14:57.071 [JavaFX Application Thread] DEBUG FXGLApplication      - Initializing FXGL
11:14:57.073 [JavaFX Application Thread] INFO  Engine               - FXGL-17.2 (20.08.2022 16.50) on MAC (J:18.0.2.1 FX:18.0.2)
11:14:57.074 [JavaFX Application Thread] DEBUG Engine               - JRE Vendor Name: Oracle Corporation
11:14:57.074 [JavaFX Application Thread] DEBUG Engine               - Running on OS: Mac OS X version 13.4.1
11:14:57.074 [JavaFX Application Thread] DEBUG Engine               - Architecture: aarch64
11:14:57.074 [JavaFX Application Thread] INFO  Engine               - Source code and latest versions at: https://github.com/AlmasB/FXGL
11:14:57.074 [JavaFX Application Thread] INFO  Engine               -       Ask questions and discuss at: https://github.com/AlmasB/FXGL/discussions
11:14:57.074 [JavaFX Application Thread] INFO  Engine               -              Join the FXGL chat at: https://gitter.im/AlmasB/FXGL
11:14:57.119 [JavaFX Application Thread] DEBUG PrimaryStageWindow   - Creating a JavaFX scene
11:14:57.139 [JavaFX Application Thread] DEBUG PrimaryStageWindow   - Target settings size: 800.0 x 360.0
11:14:57.139 [JavaFX Application Thread] DEBUG PrimaryStageWindow   - Scaled scene size:    800.0 x 360.0
11:14:57.139 [JavaFX Application Thread] DEBUG PrimaryStageWindow   - Scaled ratio: (1.0, 1.0)
11:14:57.140 [JavaFX Application Thread] DEBUG PrimaryStageWindow   - Set initial scene to FXGLStartupScene
11:14:57.142 [JavaFX Application Thread] DEBUG PrimaryStageWindow   - Opening main window
11:14:57.211 [JavaFX Application Thread] DEBUG PrimaryStageWindow   - Window border size: (0.0, 28.0)
11:14:57.211 [JavaFX Application Thread] DEBUG PrimaryStageWindow   - Scaled size: 800.0 x 360.0
11:14:57.211 [JavaFX Application Thread] DEBUG PrimaryStageWindow   - Scaled ratio: (1.0, 1.0)
11:14:57.211 [JavaFX Application Thread] DEBUG PrimaryStageWindow   - Scene size: 800.0 x 360.0
11:14:57.211 [JavaFX Application Thread] DEBUG PrimaryStageWindow   - Stage size: 800.0 x 388.0
11:14:57.215 [FXGL Background Thread 1 ] DEBUG Engine               - Initializing environment variables
11:14:57.234 [FXGL Background Thread 1 ] DEBUG FXGLAssetLoaderServi - User app class for loading assets: class com.example.proj.SootApp
11:14:57.234 [FXGL Background Thread 1 ] DEBUG GameApplicationServi - Applying CSS: fxgl_dark.css
11:14:57.235 [FXGL Background Thread 1 ] DEBUG FXGLAssetLoaderServi - Loading from file system: jar:file:///Users/olive/.m2/repository/com/github/almasb/fxgl/17.2/fxgl-17.2.jar!/fxglassets/ui/css/fxgl_dark.css
11:14:57.257 [FXGL Background Thread 1 ] DEBUG GameApplicationServi - Initializing application scenes
11:14:57.566 [FXGL Background Thread 1 ] DEBUG GameWorld            - Game world initialized
11:14:57.623 [FXGL Background Thread 1 ] DEBUG PhysicsWorld         - Physics world initialized: appHeight=360, physics.ppm=50.0
11:14:57.623 [FXGL Background Thread 1 ] DEBUG PhysicsWorld         - Using strategy: BRUTE_FORCE
11:14:57.628 [FXGL Background Thread 1 ] DEBUG GameScene            - Game scene initialized: 800x360
11:14:57.635 [FXGL Background Thread 1 ] WARN  FXGL.DefaultMenu     - FXGLDefaultMenu is not designed for resolutions < 800x600
11:14:57.635 [FXGL Background Thread 1 ] DEBUG FXGL.DefaultMenu     - createMenuBodyGameMenu()
11:14:57.643 [FXGL Background Thread 1 ] DEBUG FXGL.DefaultMenu     - createOptionsMenu()
11:14:57.648 [FXGL Background Thread 1 ] DEBUG FXGLAssetLoaderServi - Loading from file system: jar:file:///Users/olive/.m2/repository/com/github/almasb/fxgl/17.2/fxgl-17.2.jar!/fxglassets/textures/particles/smoke.png
11:14:57.710 [FXGL Background Thread 1 ] DEBUG FXGLAssetLoaderServi - Loading from file system: jar:file:///Users/olive/.m2/repository/com/github/almasb/fxgl/17.2/fxgl-17.2.jar!/fxglassets/textures/particles/trace_horizontal.png
11:14:57.724 [FXGL Background Thread 1 ] DEBUG GameApplicationServi - Application scenes initialized
11:14:57.729 [FXGL Background Thread 1 ] DEBUG SystemBundleService  - Loading FXGL system data
11:14:57.731 [FXGL Background Thread 1 ] DEBUG FileSystemAccess     - Reading from: /Users/olive/Documents/GitHub/Project-Winter/system/fxgl.bundle
11:14:57.742 [FXGL Background Thread 1 ] DEBUG SystemBundleService  - Bundle FXGL: {}
11:14:57.742 [FXGL Background Thread 1 ] DEBUG UpdaterService       - Checking for updates
11:14:57.746 [FXGL Background Thread 4 ] DEBUG FXGLApplication      - Loading fonts
11:14:57.746 [FXGL Background Thread 1 ] DEBUG FXGLApplication      - Loading default localization
11:14:57.746 [FXGL Background Thread 4 ] DEBUG FXGLAssetLoaderServi - Loading from file system: jar:file:///Users/olive/.m2/repository/com/github/almasb/fxgl/17.2/fxgl-17.2.jar!/fxglassets/ui/fonts/VarelaRound-Regular.ttf
11:14:57.747 [FXGL Background Thread 1 ] DEBUG FXGLAssetLoaderServi - Loading from file system: jar:file:///Users/olive/.m2/repository/com/github/almasb/fxgl/17.2/fxgl-17.2.jar!/fxglassets/languages/english.lang
11:14:57.757 [FXGL Background Thread 1 ] INFO  FXGLApplication      - FXGL initialization took: 0.542 sec
11:14:57.758 [FXGL Background Thread 4 ] DEBUG FXGLAssetLoaderServi - Loading from file system: jar:file:///Users/olive/.m2/repository/com/github/almasb/fxgl/17.2/fxgl-17.2.jar!/fxglassets/ui/fonts/Abel-Regular.ttf
11:14:57.760 [FXGL Background Thread 4 ] DEBUG FXGLAssetLoaderServi - Loading from file system: jar:file:///Users/olive/.m2/repository/com/github/almasb/fxgl/17.2/fxgl-17.2.jar!/fxglassets/ui/fonts/TerminalLandMono-Regular.otf
11:14:57.761 [JavaFX Application Thread] DEBUG Input                - Registered new binding: left - Left
11:14:57.761 [JavaFX Application Thread] DEBUG Input                - Registered new binding: right - Right
11:14:57.761 [JavaFX Application Thread] DEBUG Input                - Registered new binding: jump - Up
11:14:57.761 [JavaFX Application Thread] DEBUG FXGLAssetLoaderServi - Loading from file system: jar:file:///Users/olive/.m2/repository/com/github/almasb/fxgl/17.2/fxgl-17.2.jar!/fxglassets/textures/fxgl_icon.png
11:14:57.764 [FXGL Background Thread 4 ] DEBUG FXGLAssetLoaderServi - Loading from file system: jar:file:///Users/olive/.m2/repository/com/github/almasb/fxgl/17.2/fxgl-17.2.jar!/fxglassets/ui/fonts/Courier-Prime.ttf
11:14:57.778 [JavaFX Application Thread] DEBUG FXGLAssetLoaderServi - Loading from file system: jar:file:///Users/olive/.m2/repository/com/github/almasb/fxgl/17.2/fxgl-17.2.jar!/fxglassets/textures/fxgl_default_cursor.png
11:14:57.779 [JavaFX Application Thread] DEBUG Input                - Registered new binding: Screenshot - CTRL+8
11:14:57.779 [JavaFX Application Thread] DEBUG Input                - Registered new binding: System info dump - CTRL+9
11:14:57.779 [JavaFX Application Thread] DEBUG Input                - Registered new binding: Restart - CTRL+R
11:14:57.780 [JavaFX Application Thread] DEBUG Input                - Registered new binding: Toggle Debug Camera - CTRL+7
11:14:57.780 [JavaFX Application Thread] DEBUG LoopRunner           - Starting loop
11:14:57.780 [JavaFX Application Thread] DEBUG LoopRunner           - Initializing JavaFX AnimationTimerLoop
11:14:57.781 [JavaFX Application Thread] DEBUG GameApplicationServi - Starting new game
11:14:57.781 [JavaFX Application Thread] DEBUG Input                - Clearing active input actions
11:14:57.786 [JavaFX Application Thread] DEBUG GameApplicationServi - Removing overlay from FXGLStartupScene and adding to FXGLLoadingScene
11:14:57.786 [JavaFX Application Thread] DEBUG PrimaryStageWindow   - FXGLStartupScene -> FXGLLoadingScene
11:14:57.786 [JavaFX Application Thread] DEBUG GameApplicationServi - Clearing previous game
11:14:57.786 [JavaFX Application Thread] DEBUG GameScene            - Clearing game scene
11:14:57.786 [JavaFX Application Thread] DEBUG GameWorld            - Clearing game world
11:14:57.786 [JavaFX Application Thread] DEBUG PhysicsWorld         - Clearing physics world
11:14:57.790 [FXGL Background Thread 4 ] DEBUG FXGLApplication      - Initializing game
11:14:57.835 [JavaFX Application Thread] DEBUG FXGLApplication      - Registering font factories with UI factory
11:14:57.887 [FXGL Background Thread 4 ] DEBUG TMXLevelLoader       - Parsed TiledMap: file:/Users/olive/Documents/GitHub/Project-Winter/proj/target/classes/assets/levels/tmx/Plat1Temp.tmx
11:14:57.887 [FXGL Background Thread 4 ] DEBUG TMXLevelLoader       - Creating tile layer entities
11:14:57.888 [FXGL Background Thread 4 ] DEBUG TilesetLoader        - Loading view for layer Tile Layer 1
11:14:57.889 [FXGL Background Thread 4 ] DEBUG TilesetLoader        - Created buffer with size 810.0x360.0
11:14:57.898 [FXGL Background Thread 4 ] DEBUG TMXLevelLoader       - Creating object layer entities
11:14:57.917 [FXGL Background Thread 4 ] DEBUG GameWorld            - Clearing removable entities
11:14:57.918 [FXGL Background Thread 4 ] DEBUG GameWorld            - Setting level: com.almasb.fxgl.entity.level.Level@440119e9
11:14:57.926 [FXGL Background Thread 4 ] DEBUG FXGLAssetLoaderServi - Loading from file system: file:/Users/olive/Documents/GitHub/Project-Winter/proj/target/classes/assets/textures/finalSOOT.gif
11:14:57.932 [FXGL Background Thread 4 ] DEBUG FXGLAssetLoaderServi - Loading from file system: file:/Users/olive/Documents/GitHub/Project-Winter/proj/target/classes/assets/textures/heart.png
11:14:57.934 [FXGL Background Thread 4 ] INFO  FXGLApplication      - Game initialization took: 0.144 sec
11:14:57.974 [JavaFX Application Thread] DEBUG Input                - Clearing active input actions
11:14:57.979 [JavaFX Application Thread] DEBUG GameApplicationServi - Removing overlay from FXGLLoadingScene and adding to GameScene
11:14:57.979 [JavaFX Application Thread] DEBUG PrimaryStageWindow   - FXGLLoadingScene -> GameScene
11:14:58.077 [FXGL Background Thread 2 ] INFO  UpdaterService       - Your current version:  17.2
11:14:58.077 [FXGL Background Thread 2 ] INFO  UpdaterService       - Latest stable version: 21.1
11:15:00.750 [FXGL Background Thread 3 ] DEBUG Engine               - Logging environment variables
11:15:00.752 [FXGL Background Thread 3 ] DEBUG Engine               - achievements: []
11:15:00.752 [FXGL Background Thread 3 ] DEBUG Engine               - actualHeight: 360.0
11:15:00.752 [FXGL Background Thread 3 ] DEBUG Engine               - actualHeightProperty: ReadOnlyDoubleProperty [value: 360.0]
11:15:00.752 [FXGL Background Thread 3 ] DEBUG Engine               - actualWidth: 800.0
11:15:00.753 [FXGL Background Thread 3 ] DEBUG Engine               - actualWidthProperty: ReadOnlyDoubleProperty [value: 800.0]
11:15:00.753 [FXGL Background Thread 3 ] DEBUG Engine               - appIcon: fxgl_icon.png
11:15:00.753 [FXGL Background Thread 3 ] DEBUG Engine               - applicationMode: DEVELOPER
11:15:00.753 [FXGL Background Thread 3 ] DEBUG Engine               - cSSList: [fxgl_dark.css]
11:15:00.753 [FXGL Background Thread 3 ] DEBUG Engine               - collisionDetectionStrategy: BRUTE_FORCE
11:15:00.753 [FXGL Background Thread 3 ] DEBUG Engine               - configClass: Optional.empty
11:15:00.753 [FXGL Background Thread 3 ] DEBUG Engine               - credits: []
11:15:00.754 [FXGL Background Thread 3 ] DEBUG Engine               - defaultCursor: CursorInfo(imageName=fxgl_default_cursor.png, hotspotX=7.0, hotspotY=6.0)
11:15:00.754 [FXGL Background Thread 3 ] DEBUG Engine               - devBBoxColorProperty: ObjectProperty [value: 0xff0000ff]
11:15:00.754 [FXGL Background Thread 3 ] DEBUG Engine               - devEnableDebugCameraProperty: BooleanProperty [value: false]
11:15:00.754 [FXGL Background Thread 3 ] DEBUG Engine               - devSensorColorProperty: ObjectProperty [value: 0xffff00ff]
11:15:00.755 [FXGL Background Thread 3 ] DEBUG Engine               - devShowBBoxProperty: BooleanProperty [value: false]
11:15:00.755 [FXGL Background Thread 3 ] DEBUG Engine               - devShowPositionProperty: BooleanProperty [value: false]
11:15:00.755 [FXGL Background Thread 3 ] DEBUG Engine               - enabledMenuItems: []
11:15:00.755 [FXGL Background Thread 3 ] DEBUG Engine               - engineServices: [class com.almasb.fxgl.app.services.FXGLAssetLoaderService, class com.almasb.fxgl.app.FXGLApplication$GameApplicationService, class com.almasb.fxgl.app.services.FXGLDialogService, class com.almasb.fxgl.app.services.IOTaskExecutorService, class com.almasb.fxgl.io.FileSystemService, class com.almasb.fxgl.localization.LocalizationService, class com.almasb.fxgl.app.services.SystemBundleService, class com.almasb.fxgl.profile.SaveLoadService, class com.almasb.fxgl.ui.FXGLUIFactoryServiceProvider, class com.almasb.fxgl.ui.FXGLDialogFactoryServiceProvider, class com.almasb.fxgl.audio.AudioPlayer, class com.almasb.fxgl.notification.impl.NotificationServiceProvider, class com.almasb.fxgl.achievement.AchievementService, class com.almasb.fxgl.cutscene.CutsceneService, class com.almasb.fxgl.minigames.MiniGameService, class com.almasb.fxgl.net.NetService, class com.almasb.fxgl.app.services.UpdaterService, class com.almasb.fxgl.dev.DevService]
11:15:00.755 [FXGL Background Thread 3 ] DEBUG Engine               - fontGame: Abel-Regular.ttf
11:15:00.755 [FXGL Background Thread 3 ] DEBUG Engine               - fontMono: TerminalLandMono-Regular.otf
11:15:00.755 [FXGL Background Thread 3 ] DEBUG Engine               - fontText: Courier-Prime.ttf
11:15:00.755 [FXGL Background Thread 3 ] DEBUG Engine               - fontUI: VarelaRound-Regular.ttf
11:15:00.755 [FXGL Background Thread 3 ] DEBUG Engine               - fullScreen: BooleanProperty [value: false]
11:15:00.755 [FXGL Background Thread 3 ] DEBUG Engine               - gameDifficulty: MEDIUM
11:15:00.755 [FXGL Background Thread 3 ] DEBUG Engine               - gameDifficultyProperty: ObjectProperty [value: MEDIUM]
11:15:00.756 [FXGL Background Thread 3 ] DEBUG Engine               - globalMusicVolume: 0.5
11:15:00.756 [FXGL Background Thread 3 ] DEBUG Engine               - globalMusicVolumeProperty: DoubleProperty [value: 0.5]
11:15:00.756 [FXGL Background Thread 3 ] DEBUG Engine               - globalSoundVolume: 0.5
11:15:00.756 [FXGL Background Thread 3 ] DEBUG Engine               - globalSoundVolumeProperty: DoubleProperty [value: 0.5]
11:15:00.756 [FXGL Background Thread 3 ] DEBUG Engine               - height: 360
11:15:00.756 [FXGL Background Thread 3 ] DEBUG Engine               - is3D: false
11:15:00.756 [FXGL Background Thread 3 ] DEBUG Engine               - isAndroid: false
11:15:00.756 [FXGL Background Thread 3 ] DEBUG Engine               - isBrowser: false
11:15:00.756 [FXGL Background Thread 3 ] DEBUG Engine               - isClickFeedbackEnabled: false
11:15:00.756 [FXGL Background Thread 3 ] DEBUG Engine               - isCloseConfirmation: false
11:15:00.756 [FXGL Background Thread 3 ] DEBUG Engine               - isDesktop: true
11:15:00.757 [FXGL Background Thread 3 ] DEBUG Engine               - isDeveloperMenuEnabled: false
11:15:00.757 [FXGL Background Thread 3 ] DEBUG Engine               - isEmbedded: false
11:15:00.757 [FXGL Background Thread 3 ] DEBUG Engine               - isEntityPreloadEnabled: true
11:15:00.757 [FXGL Background Thread 3 ] DEBUG Engine               - isExperimentalTiledLargeMap: false
11:15:00.757 [FXGL Background Thread 3 ] DEBUG Engine               - isFileSystemWriteAllowed: true
11:15:00.757 [FXGL Background Thread 3 ] DEBUG Engine               - isFullScreenAllowed: false
11:15:00.757 [FXGL Background Thread 3 ] DEBUG Engine               - isFullScreenFromStart: false
11:15:00.757 [FXGL Background Thread 3 ] DEBUG Engine               - isGameMenuEnabled: true
11:15:00.757 [FXGL Background Thread 3 ] DEBUG Engine               - isIOS: false
11:15:00.757 [FXGL Background Thread 3 ] DEBUG Engine               - isIntroEnabled: false
11:15:00.757 [FXGL Background Thread 3 ] DEBUG Engine               - isLinux: false
11:15:00.758 [FXGL Background Thread 3 ] DEBUG Engine               - isMac: true
11:15:00.758 [FXGL Background Thread 3 ] DEBUG Engine               - isMainMenuEnabled: false
11:15:00.758 [FXGL Background Thread 3 ] DEBUG Engine               - isManualResizeEnabled: false
11:15:00.758 [FXGL Background Thread 3 ] DEBUG Engine               - isMobile: false
11:15:00.758 [FXGL Background Thread 3 ] DEBUG Engine               - isNative: false
11:15:00.758 [FXGL Background Thread 3 ] DEBUG Engine               - isPauseMusicWhenMinimized: true
11:15:00.758 [FXGL Background Thread 3 ] DEBUG Engine               - isPreserveResizeRatio: false
11:15:00.758 [FXGL Background Thread 3 ] DEBUG Engine               - isProfilingEnabled: false
11:15:00.758 [FXGL Background Thread 3 ] DEBUG Engine               - isScaleAffectedOnResize: true
11:15:00.758 [FXGL Background Thread 3 ] DEBUG Engine               - isSingleStep: false
11:15:00.758 [FXGL Background Thread 3 ] DEBUG Engine               - isUserProfileEnabled: false
11:15:00.758 [FXGL Background Thread 3 ] DEBUG Engine               - isWindows: false
11:15:00.758 [FXGL Background Thread 3 ] DEBUG Engine               - language: ObjectProperty [value: ENGLISH]
11:15:00.759 [FXGL Background Thread 3 ] DEBUG Engine               - menuKey: ESCAPE
11:15:00.759 [FXGL Background Thread 3 ] DEBUG Engine               - mouseSensitivity: 0.2
11:15:00.759 [FXGL Background Thread 3 ] DEBUG Engine               - notificationViewClass: class com.almasb.fxgl.notification.view.XboxNotificationView
11:15:00.759 [FXGL Background Thread 3 ] DEBUG Engine               - pixelsPerMeter: 50.0
11:15:00.759 [FXGL Background Thread 3 ] DEBUG Engine               - platform: MAC
11:15:00.759 [FXGL Background Thread 3 ] DEBUG Engine               - prefHeightProperty: ReadOnlyDoubleProperty [value: 360.0]
11:15:00.759 [FXGL Background Thread 3 ] DEBUG Engine               - prefWidthProperty: ReadOnlyDoubleProperty [value: 800.0]
11:15:00.759 [FXGL Background Thread 3 ] DEBUG Engine               - profileDir: profiles/
11:15:00.760 [FXGL Background Thread 3 ] DEBUG Engine               - profileName: StringProperty [value: DEFAULT]
11:15:00.760 [FXGL Background Thread 3 ] DEBUG Engine               - randomSeed: -1
11:15:00.760 [FXGL Background Thread 3 ] DEBUG Engine               - runtimeInfo: RuntimeInfo(platform=MAC, version=17.2, build=20.08.2022 16.50)
11:15:00.760 [FXGL Background Thread 3 ] DEBUG Engine               - saveFileExt: sav
11:15:00.760 [FXGL Background Thread 3 ] DEBUG Engine               - scaledHeightProp$fxgl: DoubleProperty [bound, value: 360.0]
11:15:00.760 [FXGL Background Thread 3 ] DEBUG Engine               - scaledWidthProp$fxgl: DoubleProperty [bound, value: 800.0]
11:15:00.760 [FXGL Background Thread 3 ] DEBUG Engine               - sceneFactory: com.almasb.fxgl.app.scene.SceneFactory@769cbcc0
11:15:00.761 [FXGL Background Thread 3 ] DEBUG Engine               - secondsIn24h: 60
11:15:00.761 [FXGL Background Thread 3 ] DEBUG Engine               - soundMenuBack: menu/back.wav
11:15:00.761 [FXGL Background Thread 3 ] DEBUG Engine               - soundMenuPress: menu/press.wav
11:15:00.761 [FXGL Background Thread 3 ] DEBUG Engine               - soundMenuSelect: menu/select.wav
11:15:00.761 [FXGL Background Thread 3 ] DEBUG Engine               - soundNotification: core/notification.wav
11:15:00.761 [FXGL Background Thread 3 ] DEBUG Engine               - stageStyle: DECORATED
11:15:00.761 [FXGL Background Thread 3 ] DEBUG Engine               - supportedLanguages: [ENGLISH, FRENCH, GERMAN, HUNGARIAN, RUSSIAN]
11:15:00.761 [FXGL Background Thread 3 ] DEBUG Engine               - ticksPerSecond: -1
11:15:00.761 [FXGL Background Thread 3 ] DEBUG Engine               - title: Soot(sin)
11:15:00.761 [FXGL Background Thread 3 ] DEBUG Engine               - urlGithub: https://github.com/AlmasB/FXGL
11:15:00.761 [FXGL Background Thread 3 ] DEBUG Engine               - urlLeaderboard: http://fxgl-top.herokuapp.com/
11:15:00.761 [FXGL Background Thread 3 ] DEBUG Engine               - urlPOM: https://raw.githubusercontent.com/AlmasB/FXGL/release/README.md
11:15:00.761 [FXGL Background Thread 3 ] DEBUG Engine               - userAppClass: class com.example.proj.SootApp
11:15:00.761 [FXGL Background Thread 3 ] DEBUG Engine               - version: 0.0
11:15:00.761 [FXGL Background Thread 3 ] DEBUG Engine               - versionCheckDays: 7
11:15:00.761 [FXGL Background Thread 3 ] DEBUG Engine               - width: 800
11:15:00.761 [FXGL Background Thread 3 ] DEBUG Engine               - Logging services
11:15:00.762 [FXGL Background Thread 3 ] DEBUG Engine               - class com.almasb.fxgl.app.services.FXGLAssetLoaderService
11:15:00.762 [FXGL Background Thread 3 ] DEBUG Engine               - class com.almasb.fxgl.app.FXGLApplication$GameApplicationService
11:15:00.762 [FXGL Background Thread 3 ] DEBUG Engine               - class com.almasb.fxgl.app.services.FXGLDialogService
11:15:00.762 [FXGL Background Thread 3 ] DEBUG Engine               - class com.almasb.fxgl.app.services.IOTaskExecutorService
11:15:00.762 [FXGL Background Thread 3 ] DEBUG Engine               - class com.almasb.fxgl.io.FileSystemService
11:15:00.762 [FXGL Background Thread 3 ] DEBUG Engine               - class com.almasb.fxgl.localization.LocalizationService
11:15:00.762 [FXGL Background Thread 3 ] DEBUG Engine               - class com.almasb.fxgl.app.services.SystemBundleService
11:15:00.762 [FXGL Background Thread 3 ] DEBUG Engine               - class com.almasb.fxgl.profile.SaveLoadService
11:15:00.762 [FXGL Background Thread 3 ] DEBUG Engine               - class com.almasb.fxgl.ui.FXGLUIFactoryServiceProvider
11:15:00.762 [FXGL Background Thread 3 ] DEBUG Engine               - class com.almasb.fxgl.ui.FXGLDialogFactoryServiceProvider
11:15:00.762 [FXGL Background Thread 3 ] DEBUG Engine               - class com.almasb.fxgl.audio.AudioPlayer
11:15:00.762 [FXGL Background Thread 3 ] DEBUG Engine               - class com.almasb.fxgl.notification.impl.NotificationServiceProvider
11:15:00.762 [FXGL Background Thread 3 ] DEBUG Engine               - class com.almasb.fxgl.achievement.AchievementService
11:15:00.762 [FXGL Background Thread 3 ] DEBUG Engine               - class com.almasb.fxgl.cutscene.CutsceneService
11:15:00.762 [FXGL Background Thread 3 ] DEBUG Engine               - class com.almasb.fxgl.minigames.MiniGameService
11:15:00.762 [FXGL Background Thread 3 ] DEBUG Engine               - class com.almasb.fxgl.net.NetService
11:15:00.762 [FXGL Background Thread 3 ] DEBUG Engine               - class com.almasb.fxgl.app.services.UpdaterService
11:15:00.762 [FXGL Background Thread 3 ] DEBUG Engine               - class com.almasb.fxgl.dev.DevService
11:15:18.429 [JavaFX Application Thread] DEBUG TMXLevelLoader       - Parsed TiledMap: file:/Users/olive/Documents/GitHub/Project-Winter/proj/target/classes/assets/levels/tmx/Plat2Temp.tmx
11:15:18.429 [JavaFX Application Thread] DEBUG TMXLevelLoader       - Creating tile layer entities
11:15:18.430 [JavaFX Application Thread] DEBUG TilesetLoader        - Loading view for layer Tile Layer 1
11:15:18.430 [JavaFX Application Thread] DEBUG TilesetLoader        - Created buffer with size 810.0x360.0
11:15:18.434 [JavaFX Application Thread] DEBUG TMXLevelLoader       - Creating object layer entities
11:15:18.439 [JavaFX Application Thread] DEBUG GameWorld            - Clearing removable entities
11:15:18.441 [JavaFX Application Thread] DEBUG GameWorld            - Setting level: com.almasb.fxgl.entity.level.Level@87cf95a
11:15:32.068 [JavaFX Application Thread] DEBUG PrimaryStageWindow   - Push state: DialogSubScene
11:15:32.069 [JavaFX Application Thread] DEBUG Input                - Clearing active input actions
11:15:32.070 [JavaFX Application Thread] DEBUG GameApplicationServi - Removing overlay from GameScene and adding to DialogSubScene
11:15:32.070 [JavaFX Application Thread] DEBUG PrimaryStageWindow   - GameScene -> DialogSubScene
11:15:38.062 [JavaFX Application Thread] DEBUG PrimaryStageWindow   - Pop state: DialogSubScene
11:15:38.062 [JavaFX Application Thread] DEBUG Input                - Clearing active input actions
11:15:38.062 [JavaFX Application Thread] DEBUG GameApplicationServi - Removing overlay from DialogSubScene and adding to GameScene
11:15:38.062 [JavaFX Application Thread] DEBUG PrimaryStageWindow   - GameScene <- DialogSubScene
11:15:52.092 [JavaFX Application Thread] DEBUG PrimaryStageWindow   - Push state: DialogSubScene
11:15:52.092 [JavaFX Application Thread] DEBUG Input                - Clearing active input actions
11:15:52.094 [JavaFX Application Thread] DEBUG GameApplicationServi - Removing overlay from GameScene and adding to DialogSubScene
11:15:52.094 [JavaFX Application Thread] DEBUG PrimaryStageWindow   - GameScene -> DialogSubScene
11:15:58.102 [JavaFX Application Thread] DEBUG PrimaryStageWindow   - Pop state: DialogSubScene
11:15:58.103 [JavaFX Application Thread] DEBUG Input                - Clearing active input actions
11:15:58.104 [JavaFX Application Thread] DEBUG GameApplicationServi - Removing overlay from DialogSubScene and adding to GameScene
11:15:58.105 [JavaFX Application Thread] DEBUG PrimaryStageWindow   - GameScene <- DialogSubScene
11:16:00.323 [JavaFX Application Thread] DEBUG PrimaryStageWindow   - Push state: DialogSubScene
11:16:00.323 [JavaFX Application Thread] DEBUG Input                - Clearing active input actions
11:16:00.325 [JavaFX Application Thread] DEBUG GameApplicationServi - Removing overlay from GameScene and adding to DialogSubScene
11:16:00.325 [JavaFX Application Thread] DEBUG PrimaryStageWindow   - GameScene -> DialogSubScene
11:16:05.044 [JavaFX Application Thread] DEBUG PrimaryStageWindow   - Pop state: DialogSubScene
11:16:05.044 [JavaFX Application Thread] DEBUG Input                - Clearing active input actions
11:16:05.046 [JavaFX Application Thread] DEBUG GameApplicationServi - Removing overlay from DialogSubScene and adding to GameScene
11:16:05.046 [JavaFX Application Thread] DEBUG PrimaryStageWindow   - GameScene <- DialogSubScene
11:16:12.635 [JavaFX Application Thread] DEBUG FXGLApplication      - Exiting FXGL
11:16:12.635 [JavaFX Application Thread] DEBUG LoopRunner           - Stopping loop
11:16:12.635 [JavaFX Application Thread] DEBUG SystemBundleService  - Saving FXGL system data
11:16:12.639 [JavaFX Application Thread] DEBUG FileSystemAccess     - Writing to: /Users/olive/Documents/GitHub/Project-Winter/system/fxgl.bundle
11:16:12.641 [JavaFX Application Thread] DEBUG Async                - Shutting down background threads
11:16:12.641 [JavaFX Application Thread] DEBUG PrimaryStageWindow   - Closing main window
11:16:12.646 [JavaFX Application Thread] DEBUG Logger               - Closing Logger
