09:17:30.238 [main                     ] DEBUG Logger               - Configured Logger
09:17:30.258 [main                     ] DEBUG GameApplication      - Logging settings
Title: Soot(sin)
Version: 0.0
Width: 800
Height: 360
Fullscreen: false
Intro: false
Profiling: false
Single step:false
App Mode: DEVELOPER
Menu Key: ESCAPE
Stage Style: DECORATED
Scene Factory: class com.almasb.fxgl.app.scene.SceneFactory

09:17:30.449 [JavaFX Application Thread] DEBUG FXGLApplication      - Initializing FXGL
09:17:30.452 [JavaFX Application Thread] INFO  Engine               - FXGL-17.2 (20.08.2022 16.50) on WINDOWS (J:18.0.1.1 FX:18.0.2)
09:17:30.452 [JavaFX Application Thread] DEBUG Engine               - JRE Vendor Name: Oracle Corporation
09:17:30.453 [JavaFX Application Thread] DEBUG Engine               - Running on OS: Windows 10 version 10.0
09:17:30.453 [JavaFX Application Thread] DEBUG Engine               - Architecture: amd64
09:17:30.453 [JavaFX Application Thread] INFO  Engine               - Source code and latest versions at: https://github.com/AlmasB/FXGL
09:17:30.453 [JavaFX Application Thread] INFO  Engine               -       Ask questions and discuss at: https://github.com/AlmasB/FXGL/discussions
09:17:30.453 [JavaFX Application Thread] INFO  Engine               -              Join the FXGL chat at: https://gitter.im/AlmasB/FXGL
09:17:30.508 [JavaFX Application Thread] DEBUG PrimaryStageWindow   - Creating a JavaFX scene
09:17:30.536 [JavaFX Application Thread] DEBUG PrimaryStageWindow   - Target settings size: 800.0 x 360.0
09:17:30.536 [JavaFX Application Thread] DEBUG PrimaryStageWindow   - Scaled scene size:    800.0 x 360.0
09:17:30.537 [JavaFX Application Thread] DEBUG PrimaryStageWindow   - Scaled ratio: (1.0, 1.0)
09:17:30.537 [JavaFX Application Thread] DEBUG PrimaryStageWindow   - Set initial scene to FXGLStartupScene
09:17:30.542 [JavaFX Application Thread] DEBUG PrimaryStageWindow   - Opening main window
09:17:30.591 [JavaFX Application Thread] DEBUG PrimaryStageWindow   - Window border size: (16.0, 39.0)
09:17:30.592 [JavaFX Application Thread] DEBUG PrimaryStageWindow   - Scaled size: 800.0 x 360.0
09:17:30.592 [JavaFX Application Thread] DEBUG PrimaryStageWindow   - Scaled ratio: (1.0, 1.0)
09:17:30.592 [JavaFX Application Thread] DEBUG PrimaryStageWindow   - Scene size: 800.0 x 360.0
09:17:30.592 [JavaFX Application Thread] DEBUG PrimaryStageWindow   - Stage size: 816.0 x 399.0
09:17:30.598 [FXGL Background Thread 1 ] DEBUG Engine               - Initializing environment variables
09:17:30.629 [FXGL Background Thread 1 ] DEBUG FXGLAssetLoaderServi - User app class for loading assets: class com.example.proj.SootApp
09:17:30.629 [FXGL Background Thread 1 ] DEBUG GameApplicationServi - Applying CSS: fxgl_dark.css
09:17:30.630 [FXGL Background Thread 1 ] DEBUG FXGLAssetLoaderServi - Loading from file system: jar:file:///C:/Users/2145488/.m2/repository/com/github/almasb/fxgl/17.2/fxgl-17.2.jar!/fxglassets/ui/css/fxgl_dark.css
09:17:30.665 [FXGL Background Thread 1 ] DEBUG GameApplicationServi - Initializing application scenes
09:17:30.699 [FXGL Background Thread 1 ] DEBUG GameWorld            - Game world initialized
09:17:30.741 [FXGL Background Thread 1 ] DEBUG PhysicsWorld         - Physics world initialized: appHeight=360, physics.ppm=50.0
09:17:30.741 [FXGL Background Thread 1 ] DEBUG PhysicsWorld         - Using strategy: BRUTE_FORCE
09:17:30.744 [FXGL Background Thread 1 ] DEBUG GameScene            - Game scene initialized: 800x360
09:17:30.751 [FXGL Background Thread 1 ] WARN  FXGL.DefaultMenu     - FXGLDefaultMenu is not designed for resolutions < 800x600
09:17:30.751 [FXGL Background Thread 1 ] DEBUG FXGL.DefaultMenu     - createMenuBodyGameMenu()
09:17:30.762 [FXGL Background Thread 1 ] DEBUG FXGL.DefaultMenu     - createOptionsMenu()
09:17:30.768 [FXGL Background Thread 1 ] DEBUG FXGLAssetLoaderServi - Loading from file system: jar:file:///C:/Users/2145488/.m2/repository/com/github/almasb/fxgl/17.2/fxgl-17.2.jar!/fxglassets/textures/particles/smoke.png
09:17:30.834 [FXGL Background Thread 1 ] DEBUG FXGLAssetLoaderServi - Loading from file system: jar:file:///C:/Users/2145488/.m2/repository/com/github/almasb/fxgl/17.2/fxgl-17.2.jar!/fxglassets/textures/particles/trace_horizontal.png
09:17:30.861 [FXGL Background Thread 1 ] DEBUG GameApplicationServi - Application scenes initialized
09:17:30.870 [FXGL Background Thread 1 ] DEBUG SystemBundleService  - Loading FXGL system data
09:17:30.873 [FXGL Background Thread 1 ] DEBUG FileSystemAccess     - Reading from: C:\Users\2145488\Documents\GitHub\Project-Winter\system\fxgl.bundle
09:17:30.879 [FXGL Background Thread 1 ] DEBUG SystemBundleService  - Bundle FXGL: {}
09:17:30.879 [FXGL Background Thread 1 ] DEBUG UpdaterService       - Checking for updates
09:17:30.882 [FXGL Background Thread 4 ] DEBUG FXGLApplication      - Loading fonts
09:17:30.882 [FXGL Background Thread 1 ] DEBUG FXGLApplication      - Loading default localization
09:17:30.882 [FXGL Background Thread 4 ] DEBUG FXGLAssetLoaderServi - Loading from file system: jar:file:///C:/Users/2145488/.m2/repository/com/github/almasb/fxgl/17.2/fxgl-17.2.jar!/fxglassets/ui/fonts/VarelaRound-Regular.ttf
09:17:30.883 [FXGL Background Thread 1 ] DEBUG FXGLAssetLoaderServi - Loading from file system: jar:file:///C:/Users/2145488/.m2/repository/com/github/almasb/fxgl/17.2/fxgl-17.2.jar!/fxglassets/languages/english.lang
09:17:30.894 [FXGL Background Thread 1 ] INFO  FXGLApplication      - FXGL initialization took: 0.296 sec
09:17:30.901 [JavaFX Application Thread] DEBUG Input                - Registered new binding: left - Left
09:17:30.901 [JavaFX Application Thread] DEBUG Input                - Registered new binding: right - Right
09:17:30.901 [JavaFX Application Thread] DEBUG Input                - Registered new binding: jump - Up
09:17:30.902 [JavaFX Application Thread] DEBUG FXGLAssetLoaderServi - Loading from file system: jar:file:///C:/Users/2145488/.m2/repository/com/github/almasb/fxgl/17.2/fxgl-17.2.jar!/fxglassets/textures/fxgl_icon.png
09:17:30.917 [JavaFX Application Thread] DEBUG FXGLAssetLoaderServi - Loading from file system: jar:file:///C:/Users/2145488/.m2/repository/com/github/almasb/fxgl/17.2/fxgl-17.2.jar!/fxglassets/textures/fxgl_default_cursor.png
09:17:30.918 [FXGL Background Thread 4 ] DEBUG FXGLAssetLoaderServi - Loading from file system: jar:file:///C:/Users/2145488/.m2/repository/com/github/almasb/fxgl/17.2/fxgl-17.2.jar!/fxglassets/ui/fonts/Abel-Regular.ttf
09:17:30.919 [JavaFX Application Thread] DEBUG Input                - Registered new binding: Screenshot - CTRL+8
09:17:30.919 [JavaFX Application Thread] DEBUG Input                - Registered new binding: System info dump - CTRL+9
09:17:30.920 [JavaFX Application Thread] DEBUG Input                - Registered new binding: Restart - CTRL+R
09:17:30.920 [JavaFX Application Thread] DEBUG Input                - Registered new binding: Toggle Debug Camera - CTRL+7
09:17:30.921 [FXGL Background Thread 4 ] DEBUG FXGLAssetLoaderServi - Loading from file system: jar:file:///C:/Users/2145488/.m2/repository/com/github/almasb/fxgl/17.2/fxgl-17.2.jar!/fxglassets/ui/fonts/TerminalLandMono-Regular.otf
09:17:30.922 [JavaFX Application Thread] DEBUG LoopRunner           - Starting loop
09:17:30.922 [JavaFX Application Thread] DEBUG LoopRunner           - Initializing JavaFX AnimationTimerLoop
09:17:30.923 [JavaFX Application Thread] DEBUG GameApplicationServi - Starting new game
09:17:30.923 [FXGL Background Thread 4 ] DEBUG FXGLAssetLoaderServi - Loading from file system: jar:file:///C:/Users/2145488/.m2/repository/com/github/almasb/fxgl/17.2/fxgl-17.2.jar!/fxglassets/ui/fonts/Courier-Prime.ttf
09:17:30.923 [JavaFX Application Thread] DEBUG Input                - Clearing active input actions
09:17:30.933 [JavaFX Application Thread] DEBUG GameApplicationServi - Removing overlay from FXGLStartupScene and adding to FXGLLoadingScene
09:17:30.933 [JavaFX Application Thread] DEBUG PrimaryStageWindow   - FXGLStartupScene -> FXGLLoadingScene
09:17:30.933 [JavaFX Application Thread] DEBUG GameApplicationServi - Clearing previous game
09:17:30.933 [JavaFX Application Thread] DEBUG GameScene            - Clearing game scene
09:17:30.933 [JavaFX Application Thread] DEBUG GameWorld            - Clearing game world
09:17:30.933 [JavaFX Application Thread] DEBUG PhysicsWorld         - Clearing physics world
09:17:30.935 [FXGL Background Thread 4 ] DEBUG FXGLApplication      - Initializing game
09:17:30.935 [JavaFX Application Thread] DEBUG FXGLApplication      - Registering font factories with UI factory
09:17:30.977 [FXGL Background Thread 4 ] DEBUG TMXLevelLoader       - Parsed TiledMap: file:/C:/Users/2145488/Documents/GitHub/Project-Winter/proj/target/classes/assets/levels/tmx/Plat1.9.0.tmx
09:17:30.978 [FXGL Background Thread 4 ] DEBUG TMXLevelLoader       - Creating tile layer entities
09:17:30.980 [FXGL Background Thread 4 ] DEBUG TilesetLoader        - Loading view for layer Tile Layer 1
09:17:30.980 [FXGL Background Thread 4 ] DEBUG TilesetLoader        - Created buffer with size 810.0x360.0
09:17:30.985 [FXGL Background Thread 4 ] DEBUG TMXLevelLoader       - Creating object layer entities
09:17:31.006 [FXGL Background Thread 4 ] DEBUG GameWorld            - Clearing removable entities
09:17:31.007 [FXGL Background Thread 4 ] DEBUG GameWorld            - Setting level: com.almasb.fxgl.entity.level.Level@de7c973
09:17:31.015 [FXGL Background Thread 4 ] DEBUG FXGLAssetLoaderServi - Loading from file system: file:/C:/Users/2145488/Documents/GitHub/Project-Winter/proj/target/classes/assets/textures/finalSOOT.gif
09:17:31.018 [FXGL Background Thread 4 ] WARN  Entity               - Entity already has component: com.example.proj.component.PlayerControl
09:17:31.019 [FXGL Background Thread 4 ] DEBUG FXGLAssetLoaderServi - Loading from file system: file:/C:/Users/2145488/Documents/GitHub/Project-Winter/proj/target/classes/assets/textures/heart.png
09:17:31.021 [FXGL Background Thread 4 ] INFO  FXGLApplication      - Game initialization took: 0.085 sec
09:17:31.040 [JavaFX Application Thread] DEBUG Input                - Clearing active input actions
09:17:31.046 [JavaFX Application Thread] DEBUG GameApplicationServi - Removing overlay from FXGLLoadingScene and adding to GameScene
09:17:31.047 [JavaFX Application Thread] DEBUG PrimaryStageWindow   - FXGLLoadingScene -> GameScene
09:17:31.122 [FXGL Background Thread 2 ] INFO  UpdaterService       - Your current version:  17.2
09:17:31.122 [FXGL Background Thread 2 ] INFO  UpdaterService       - Latest stable version: 21.1
09:17:33.883 [FXGL Background Thread 3 ] DEBUG Engine               - Logging environment variables
09:17:33.885 [FXGL Background Thread 3 ] DEBUG Engine               - achievements: []
09:17:33.885 [FXGL Background Thread 3 ] DEBUG Engine               - actualHeight: 360.0
09:17:33.885 [FXGL Background Thread 3 ] DEBUG Engine               - actualHeightProperty: ReadOnlyDoubleProperty [value: 360.0]
09:17:33.885 [FXGL Background Thread 3 ] DEBUG Engine               - actualWidth: 800.0
09:17:33.886 [FXGL Background Thread 3 ] DEBUG Engine               - actualWidthProperty: ReadOnlyDoubleProperty [value: 800.0]
09:17:33.886 [FXGL Background Thread 3 ] DEBUG Engine               - appIcon: fxgl_icon.png
09:17:33.886 [FXGL Background Thread 3 ] DEBUG Engine               - applicationMode: DEVELOPER
09:17:33.886 [FXGL Background Thread 3 ] DEBUG Engine               - cSSList: [fxgl_dark.css]
09:17:33.886 [FXGL Background Thread 3 ] DEBUG Engine               - collisionDetectionStrategy: BRUTE_FORCE
09:17:33.887 [FXGL Background Thread 3 ] DEBUG Engine               - configClass: Optional.empty
09:17:33.887 [FXGL Background Thread 3 ] DEBUG Engine               - credits: []
09:17:33.890 [FXGL Background Thread 3 ] DEBUG Engine               - defaultCursor: CursorInfo(imageName=fxgl_default_cursor.png, hotspotX=7.0, hotspotY=6.0)
09:17:33.891 [FXGL Background Thread 3 ] DEBUG Engine               - devBBoxColorProperty: ObjectProperty [value: 0xff0000ff]
09:17:33.891 [FXGL Background Thread 3 ] DEBUG Engine               - devEnableDebugCameraProperty: BooleanProperty [value: false]
09:17:33.892 [FXGL Background Thread 3 ] DEBUG Engine               - devSensorColorProperty: ObjectProperty [value: 0xffff00ff]
09:17:33.892 [FXGL Background Thread 3 ] DEBUG Engine               - devShowBBoxProperty: BooleanProperty [value: false]
09:17:33.892 [FXGL Background Thread 3 ] DEBUG Engine               - devShowPositionProperty: BooleanProperty [value: false]
09:17:33.892 [FXGL Background Thread 3 ] DEBUG Engine               - enabledMenuItems: []
09:17:33.892 [FXGL Background Thread 3 ] DEBUG Engine               - engineServices: [class com.almasb.fxgl.app.services.FXGLAssetLoaderService, class com.almasb.fxgl.app.FXGLApplication$GameApplicationService, class com.almasb.fxgl.app.services.FXGLDialogService, class com.almasb.fxgl.app.services.IOTaskExecutorService, class com.almasb.fxgl.io.FileSystemService, class com.almasb.fxgl.localization.LocalizationService, class com.almasb.fxgl.app.services.SystemBundleService, class com.almasb.fxgl.profile.SaveLoadService, class com.almasb.fxgl.ui.FXGLUIFactoryServiceProvider, class com.almasb.fxgl.ui.FXGLDialogFactoryServiceProvider, class com.almasb.fxgl.audio.AudioPlayer, class com.almasb.fxgl.notification.impl.NotificationServiceProvider, class com.almasb.fxgl.achievement.AchievementService, class com.almasb.fxgl.cutscene.CutsceneService, class com.almasb.fxgl.minigames.MiniGameService, class com.almasb.fxgl.net.NetService, class com.almasb.fxgl.app.services.UpdaterService, class com.almasb.fxgl.dev.DevService]
09:17:33.893 [FXGL Background Thread 3 ] DEBUG Engine               - fontGame: Abel-Regular.ttf
09:17:33.893 [FXGL Background Thread 3 ] DEBUG Engine               - fontMono: TerminalLandMono-Regular.otf
09:17:33.893 [FXGL Background Thread 3 ] DEBUG Engine               - fontText: Courier-Prime.ttf
09:17:33.893 [FXGL Background Thread 3 ] DEBUG Engine               - fontUI: VarelaRound-Regular.ttf
09:17:33.893 [FXGL Background Thread 3 ] DEBUG Engine               - fullScreen: BooleanProperty [value: false]
09:17:33.893 [FXGL Background Thread 3 ] DEBUG Engine               - gameDifficulty: MEDIUM
09:17:33.894 [FXGL Background Thread 3 ] DEBUG Engine               - gameDifficultyProperty: ObjectProperty [value: MEDIUM]
09:17:33.894 [FXGL Background Thread 3 ] DEBUG Engine               - globalMusicVolume: 0.5
09:17:33.894 [FXGL Background Thread 3 ] DEBUG Engine               - globalMusicVolumeProperty: DoubleProperty [value: 0.5]
09:17:33.894 [FXGL Background Thread 3 ] DEBUG Engine               - globalSoundVolume: 0.5
09:17:33.894 [FXGL Background Thread 3 ] DEBUG Engine               - globalSoundVolumeProperty: DoubleProperty [value: 0.5]
09:17:33.894 [FXGL Background Thread 3 ] DEBUG Engine               - height: 360
09:17:33.894 [FXGL Background Thread 3 ] DEBUG Engine               - is3D: false
09:17:33.894 [FXGL Background Thread 3 ] DEBUG Engine               - isAndroid: false
09:17:33.894 [FXGL Background Thread 3 ] DEBUG Engine               - isBrowser: false
09:17:33.894 [FXGL Background Thread 3 ] DEBUG Engine               - isClickFeedbackEnabled: false
09:17:33.894 [FXGL Background Thread 3 ] DEBUG Engine               - isCloseConfirmation: false
09:17:33.894 [FXGL Background Thread 3 ] DEBUG Engine               - isDesktop: true
09:17:33.894 [FXGL Background Thread 3 ] DEBUG Engine               - isDeveloperMenuEnabled: false
09:17:33.894 [FXGL Background Thread 3 ] DEBUG Engine               - isEmbedded: false
09:17:33.894 [FXGL Background Thread 3 ] DEBUG Engine               - isEntityPreloadEnabled: true
09:17:33.894 [FXGL Background Thread 3 ] DEBUG Engine               - isExperimentalTiledLargeMap: false
09:17:33.894 [FXGL Background Thread 3 ] DEBUG Engine               - isFileSystemWriteAllowed: true
09:17:33.894 [FXGL Background Thread 3 ] DEBUG Engine               - isFullScreenAllowed: false
09:17:33.894 [FXGL Background Thread 3 ] DEBUG Engine               - isFullScreenFromStart: false
09:17:33.894 [FXGL Background Thread 3 ] DEBUG Engine               - isGameMenuEnabled: true
09:17:33.894 [FXGL Background Thread 3 ] DEBUG Engine               - isIOS: false
09:17:33.894 [FXGL Background Thread 3 ] DEBUG Engine               - isIntroEnabled: false
09:17:33.894 [FXGL Background Thread 3 ] DEBUG Engine               - isLinux: false
09:17:33.895 [FXGL Background Thread 3 ] DEBUG Engine               - isMac: false
09:17:33.895 [FXGL Background Thread 3 ] DEBUG Engine               - isMainMenuEnabled: false
09:17:33.895 [FXGL Background Thread 3 ] DEBUG Engine               - isManualResizeEnabled: false
09:17:33.895 [FXGL Background Thread 3 ] DEBUG Engine               - isMobile: false
09:17:33.895 [FXGL Background Thread 3 ] DEBUG Engine               - isNative: false
09:17:33.895 [FXGL Background Thread 3 ] DEBUG Engine               - isPauseMusicWhenMinimized: true
09:17:33.895 [FXGL Background Thread 3 ] DEBUG Engine               - isPreserveResizeRatio: false
09:17:33.895 [FXGL Background Thread 3 ] DEBUG Engine               - isProfilingEnabled: false
09:17:33.895 [FXGL Background Thread 3 ] DEBUG Engine               - isScaleAffectedOnResize: true
09:17:33.895 [FXGL Background Thread 3 ] DEBUG Engine               - isSingleStep: false
09:17:33.895 [FXGL Background Thread 3 ] DEBUG Engine               - isUserProfileEnabled: false
09:17:33.895 [FXGL Background Thread 3 ] DEBUG Engine               - isWindows: true
09:17:33.895 [FXGL Background Thread 3 ] DEBUG Engine               - language: ObjectProperty [value: ENGLISH]
09:17:33.895 [FXGL Background Thread 3 ] DEBUG Engine               - menuKey: ESCAPE
09:17:33.895 [FXGL Background Thread 3 ] DEBUG Engine               - mouseSensitivity: 0.2
09:17:33.895 [FXGL Background Thread 3 ] DEBUG Engine               - notificationViewClass: class com.almasb.fxgl.notification.view.XboxNotificationView
09:17:33.895 [FXGL Background Thread 3 ] DEBUG Engine               - pixelsPerMeter: 50.0
09:17:33.895 [FXGL Background Thread 3 ] DEBUG Engine               - platform: WINDOWS
09:17:33.895 [FXGL Background Thread 3 ] DEBUG Engine               - prefHeightProperty: ReadOnlyDoubleProperty [value: 360.0]
09:17:33.895 [FXGL Background Thread 3 ] DEBUG Engine               - prefWidthProperty: ReadOnlyDoubleProperty [value: 800.0]
09:17:33.895 [FXGL Background Thread 3 ] DEBUG Engine               - profileDir: profiles/
09:17:33.895 [FXGL Background Thread 3 ] DEBUG Engine               - profileName: StringProperty [value: DEFAULT]
09:17:33.895 [FXGL Background Thread 3 ] DEBUG Engine               - randomSeed: -1
09:17:33.896 [FXGL Background Thread 3 ] DEBUG Engine               - runtimeInfo: RuntimeInfo(platform=WINDOWS, version=17.2, build=20.08.2022 16.50)
09:17:33.896 [FXGL Background Thread 3 ] DEBUG Engine               - saveFileExt: sav
09:17:33.896 [FXGL Background Thread 3 ] DEBUG Engine               - scaledHeightProp$fxgl: DoubleProperty [bound, value: 360.0]
09:17:33.896 [FXGL Background Thread 3 ] DEBUG Engine               - scaledWidthProp$fxgl: DoubleProperty [bound, value: 800.0]
09:17:33.896 [FXGL Background Thread 3 ] DEBUG Engine               - sceneFactory: com.almasb.fxgl.app.scene.SceneFactory@23a5cc2f
09:17:33.896 [FXGL Background Thread 3 ] DEBUG Engine               - secondsIn24h: 60
09:17:33.896 [FXGL Background Thread 3 ] DEBUG Engine               - soundMenuBack: menu/back.wav
09:17:33.896 [FXGL Background Thread 3 ] DEBUG Engine               - soundMenuPress: menu/press.wav
09:17:33.896 [FXGL Background Thread 3 ] DEBUG Engine               - soundMenuSelect: menu/select.wav
09:17:33.896 [FXGL Background Thread 3 ] DEBUG Engine               - soundNotification: core/notification.wav
09:17:33.896 [FXGL Background Thread 3 ] DEBUG Engine               - stageStyle: DECORATED
09:17:33.896 [FXGL Background Thread 3 ] DEBUG Engine               - supportedLanguages: [ENGLISH, FRENCH, GERMAN, HUNGARIAN, RUSSIAN]
09:17:33.896 [FXGL Background Thread 3 ] DEBUG Engine               - ticksPerSecond: -1
09:17:33.896 [FXGL Background Thread 3 ] DEBUG Engine               - title: Soot(sin)
09:17:33.896 [FXGL Background Thread 3 ] DEBUG Engine               - urlGithub: https://github.com/AlmasB/FXGL
09:17:33.896 [FXGL Background Thread 3 ] DEBUG Engine               - urlLeaderboard: http://fxgl-top.herokuapp.com/
09:17:33.896 [FXGL Background Thread 3 ] DEBUG Engine               - urlPOM: https://raw.githubusercontent.com/AlmasB/FXGL/release/README.md
09:17:33.896 [FXGL Background Thread 3 ] DEBUG Engine               - userAppClass: class com.example.proj.SootApp
09:17:33.896 [FXGL Background Thread 3 ] DEBUG Engine               - version: 0.0
09:17:33.896 [FXGL Background Thread 3 ] DEBUG Engine               - versionCheckDays: 7
09:17:33.896 [FXGL Background Thread 3 ] DEBUG Engine               - width: 800
09:17:33.896 [FXGL Background Thread 3 ] DEBUG Engine               - Logging services
09:17:33.896 [FXGL Background Thread 3 ] DEBUG Engine               - class com.almasb.fxgl.app.services.FXGLAssetLoaderService
09:17:33.896 [FXGL Background Thread 3 ] DEBUG Engine               - class com.almasb.fxgl.app.FXGLApplication$GameApplicationService
09:17:33.896 [FXGL Background Thread 3 ] DEBUG Engine               - class com.almasb.fxgl.app.services.FXGLDialogService
09:17:33.896 [FXGL Background Thread 3 ] DEBUG Engine               - class com.almasb.fxgl.app.services.IOTaskExecutorService
09:17:33.896 [FXGL Background Thread 3 ] DEBUG Engine               - class com.almasb.fxgl.io.FileSystemService
09:17:33.896 [FXGL Background Thread 3 ] DEBUG Engine               - class com.almasb.fxgl.localization.LocalizationService
09:17:33.896 [FXGL Background Thread 3 ] DEBUG Engine               - class com.almasb.fxgl.app.services.SystemBundleService
09:17:33.896 [FXGL Background Thread 3 ] DEBUG Engine               - class com.almasb.fxgl.profile.SaveLoadService
09:17:33.896 [FXGL Background Thread 3 ] DEBUG Engine               - class com.almasb.fxgl.ui.FXGLUIFactoryServiceProvider
09:17:33.897 [FXGL Background Thread 3 ] DEBUG Engine               - class com.almasb.fxgl.ui.FXGLDialogFactoryServiceProvider
09:17:33.897 [FXGL Background Thread 3 ] DEBUG Engine               - class com.almasb.fxgl.audio.AudioPlayer
09:17:33.897 [FXGL Background Thread 3 ] DEBUG Engine               - class com.almasb.fxgl.notification.impl.NotificationServiceProvider
09:17:33.897 [FXGL Background Thread 3 ] DEBUG Engine               - class com.almasb.fxgl.achievement.AchievementService
09:17:33.897 [FXGL Background Thread 3 ] DEBUG Engine               - class com.almasb.fxgl.cutscene.CutsceneService
09:17:33.897 [FXGL Background Thread 3 ] DEBUG Engine               - class com.almasb.fxgl.minigames.MiniGameService
09:17:33.897 [FXGL Background Thread 3 ] DEBUG Engine               - class com.almasb.fxgl.net.NetService
09:17:33.897 [FXGL Background Thread 3 ] DEBUG Engine               - class com.almasb.fxgl.app.services.UpdaterService
09:17:33.897 [FXGL Background Thread 3 ] DEBUG Engine               - class com.almasb.fxgl.dev.DevService
09:17:51.375 [JavaFX Application Thread] DEBUG FXGLApplication      - Exiting FXGL
09:17:51.375 [JavaFX Application Thread] DEBUG LoopRunner           - Stopping loop
09:17:51.375 [JavaFX Application Thread] DEBUG SystemBundleService  - Saving FXGL system data
09:17:51.377 [JavaFX Application Thread] DEBUG FileSystemAccess     - Writing to: C:\Users\2145488\Documents\GitHub\Project-Winter\system\fxgl.bundle
09:17:51.378 [JavaFX Application Thread] DEBUG Async                - Shutting down background threads
09:17:51.378 [JavaFX Application Thread] DEBUG PrimaryStageWindow   - Closing main window
09:17:51.382 [JavaFX Application Thread] DEBUG Logger               - Closing Logger
