10:34:12.108 [main                     ] DEBUG Logger               - Configured Logger
10:34:12.156 [main                     ] DEBUG GameApplication      - Logging settings
Title: Soot(sin)
Version: 0.0
Width: 800
Height: 360
Fullscreen: false
Intro: false
Profiling: false
Single step:false
App Mode: DEVELOPER
Menu Key: ESCAPE
Stage Style: DECORATED
Scene Factory: class com.almasb.fxgl.app.scene.SceneFactory

10:34:12.609 [JavaFX Application Thread] DEBUG FXGLApplication      - Initializing FXGL
10:34:12.620 [JavaFX Application Thread] INFO  Engine               - FXGL-17.2 (20.08.2022 16.50) on WINDOWS (J:18.0.2 FX:18.0.2)
10:34:12.620 [JavaFX Application Thread] DEBUG Engine               - JRE Vendor Name: Amazon.com Inc.
10:34:12.621 [JavaFX Application Thread] DEBUG Engine               - Running on OS: Windows 11 version 10.0
10:34:12.621 [JavaFX Application Thread] DEBUG Engine               - Architecture: amd64
10:34:12.621 [JavaFX Application Thread] INFO  Engine               - Source code and latest versions at: https://github.com/AlmasB/FXGL
10:34:12.622 [JavaFX Application Thread] INFO  Engine               -       Ask questions and discuss at: https://github.com/AlmasB/FXGL/discussions
10:34:12.622 [JavaFX Application Thread] INFO  Engine               -              Join the FXGL chat at: https://gitter.im/AlmasB/FXGL
10:34:12.755 [JavaFX Application Thread] DEBUG PrimaryStageWindow   - Creating a JavaFX scene
10:34:12.821 [JavaFX Application Thread] DEBUG PrimaryStageWindow   - Target settings size: 800.0 x 360.0
10:34:12.822 [JavaFX Application Thread] DEBUG PrimaryStageWindow   - Scaled scene size:    800.0 x 360.0
10:34:12.822 [JavaFX Application Thread] DEBUG PrimaryStageWindow   - Scaled ratio: (1.0, 1.0)
10:34:12.824 [JavaFX Application Thread] DEBUG PrimaryStageWindow   - Set initial scene to FXGLStartupScene
10:34:12.838 [JavaFX Application Thread] DEBUG PrimaryStageWindow   - Opening main window
10:34:12.958 [JavaFX Application Thread] DEBUG PrimaryStageWindow   - Window border size: (14.66668701171875, 37.333343505859375)
10:34:12.959 [JavaFX Application Thread] DEBUG PrimaryStageWindow   - Scaled size: 800.0 x 360.0
10:34:12.960 [JavaFX Application Thread] DEBUG PrimaryStageWindow   - Scaled ratio: (1.0, 1.0)
10:34:12.960 [JavaFX Application Thread] DEBUG PrimaryStageWindow   - Scene size: 800.0 x 360.0
10:34:12.961 [JavaFX Application Thread] DEBUG PrimaryStageWindow   - Stage size: 814.6666870117188 x 397.3333435058594
10:34:12.976 [FXGL Background Thread 1 ] DEBUG Engine               - Initializing environment variables
10:34:13.083 [FXGL Background Thread 1 ] DEBUG FXGLAssetLoaderServi - User app class for loading assets: class com.example.proj.SootApp
10:34:13.084 [FXGL Background Thread 1 ] DEBUG GameApplicationServi - Applying CSS: fxgl_dark.css
10:34:13.086 [FXGL Background Thread 1 ] DEBUG FXGLAssetLoaderServi - Loading from file system: jar:file:///C:/Users/annak/.m2/repository/com/github/almasb/fxgl/17.2/fxgl-17.2.jar!/fxglassets/ui/css/fxgl_dark.css
10:34:13.190 [FXGL Background Thread 1 ] DEBUG GameApplicationServi - Initializing application scenes
10:34:13.261 [FXGL Background Thread 1 ] DEBUG GameWorld            - Game world initialized
10:34:13.352 [FXGL Background Thread 1 ] DEBUG PhysicsWorld         - Physics world initialized: appHeight=360, physics.ppm=50.0
10:34:13.352 [FXGL Background Thread 1 ] DEBUG PhysicsWorld         - Using strategy: BRUTE_FORCE
10:34:13.359 [FXGL Background Thread 1 ] DEBUG GameScene            - Game scene initialized: 800x360
10:34:13.378 [FXGL Background Thread 1 ] WARN  FXGL.DefaultMenu     - FXGLDefaultMenu is not designed for resolutions < 800x600
10:34:13.378 [FXGL Background Thread 1 ] DEBUG FXGL.DefaultMenu     - createMenuBodyGameMenu()
10:34:13.398 [FXGL Background Thread 1 ] DEBUG FXGL.DefaultMenu     - createOptionsMenu()
10:34:13.414 [FXGL Background Thread 1 ] DEBUG FXGLAssetLoaderServi - Loading from file system: jar:file:///C:/Users/annak/.m2/repository/com/github/almasb/fxgl/17.2/fxgl-17.2.jar!/fxglassets/textures/particles/smoke.png
10:34:13.534 [FXGL Background Thread 1 ] DEBUG FXGLAssetLoaderServi - Loading from file system: jar:file:///C:/Users/annak/.m2/repository/com/github/almasb/fxgl/17.2/fxgl-17.2.jar!/fxglassets/textures/particles/trace_horizontal.png
10:34:13.579 [FXGL Background Thread 1 ] DEBUG GameApplicationServi - Application scenes initialized
10:34:13.599 [FXGL Background Thread 1 ] DEBUG SystemBundleService  - Loading FXGL system data
10:34:13.605 [FXGL Background Thread 1 ] DEBUG FileSystemAccess     - Reading from: C:\Users\annak\Documents\GitHub\Project-Winter\system\fxgl.bundle
10:34:13.617 [FXGL Background Thread 1 ] DEBUG SystemBundleService  - Bundle FXGL: {}
10:34:13.618 [FXGL Background Thread 1 ] DEBUG UpdaterService       - Checking for updates
10:34:13.624 [FXGL Background Thread 4 ] DEBUG FXGLApplication      - Loading fonts
10:34:13.625 [FXGL Background Thread 1 ] DEBUG FXGLApplication      - Loading default localization
10:34:13.625 [FXGL Background Thread 4 ] DEBUG FXGLAssetLoaderServi - Loading from file system: jar:file:///C:/Users/annak/.m2/repository/com/github/almasb/fxgl/17.2/fxgl-17.2.jar!/fxglassets/ui/fonts/VarelaRound-Regular.ttf
10:34:13.626 [FXGL Background Thread 1 ] DEBUG FXGLAssetLoaderServi - Loading from file system: jar:file:///C:/Users/annak/.m2/repository/com/github/almasb/fxgl/17.2/fxgl-17.2.jar!/fxglassets/languages/english.lang
10:34:13.648 [FXGL Background Thread 1 ] INFO  FXGLApplication      - FXGL initialization took: 0.671 sec
10:34:13.663 [JavaFX Application Thread] DEBUG Input                - Registered new binding: left - Left
10:34:13.663 [JavaFX Application Thread] DEBUG Input                - Registered new binding: right - Right
10:34:13.663 [JavaFX Application Thread] DEBUG Input                - Registered new binding: jump - Up
10:34:13.664 [JavaFX Application Thread] DEBUG FXGLAssetLoaderServi - Loading from file system: jar:file:///C:/Users/annak/.m2/repository/com/github/almasb/fxgl/17.2/fxgl-17.2.jar!/fxglassets/textures/fxgl_icon.png
10:34:13.701 [FXGL Background Thread 4 ] DEBUG FXGLAssetLoaderServi - Loading from file system: jar:file:///C:/Users/annak/.m2/repository/com/github/almasb/fxgl/17.2/fxgl-17.2.jar!/fxglassets/ui/fonts/Abel-Regular.ttf
10:34:13.703 [JavaFX Application Thread] DEBUG FXGLAssetLoaderServi - Loading from file system: jar:file:///C:/Users/annak/.m2/repository/com/github/almasb/fxgl/17.2/fxgl-17.2.jar!/fxglassets/textures/fxgl_default_cursor.png
10:34:13.706 [FXGL Background Thread 4 ] DEBUG FXGLAssetLoaderServi - Loading from file system: jar:file:///C:/Users/annak/.m2/repository/com/github/almasb/fxgl/17.2/fxgl-17.2.jar!/fxglassets/ui/fonts/TerminalLandMono-Regular.otf
10:34:13.708 [JavaFX Application Thread] DEBUG Input                - Registered new binding: Screenshot - CTRL+8
10:34:13.709 [JavaFX Application Thread] DEBUG Input                - Registered new binding: System info dump - CTRL+9
10:34:13.709 [JavaFX Application Thread] DEBUG Input                - Registered new binding: Restart - CTRL+R
10:34:13.711 [FXGL Background Thread 4 ] DEBUG FXGLAssetLoaderServi - Loading from file system: jar:file:///C:/Users/annak/.m2/repository/com/github/almasb/fxgl/17.2/fxgl-17.2.jar!/fxglassets/ui/fonts/Courier-Prime.ttf
10:34:13.711 [JavaFX Application Thread] DEBUG Input                - Registered new binding: Toggle Debug Camera - CTRL+7
10:34:13.714 [JavaFX Application Thread] DEBUG LoopRunner           - Starting loop
10:34:13.714 [JavaFX Application Thread] DEBUG LoopRunner           - Initializing JavaFX AnimationTimerLoop
10:34:13.716 [JavaFX Application Thread] DEBUG GameApplicationServi - Starting new game
10:34:13.716 [JavaFX Application Thread] DEBUG Input                - Clearing active input actions
10:34:13.730 [JavaFX Application Thread] DEBUG GameApplicationServi - Removing overlay from FXGLStartupScene and adding to FXGLLoadingScene
10:34:13.731 [JavaFX Application Thread] DEBUG PrimaryStageWindow   - FXGLStartupScene -> FXGLLoadingScene
10:34:13.731 [JavaFX Application Thread] DEBUG GameApplicationServi - Clearing previous game
10:34:13.731 [JavaFX Application Thread] DEBUG GameScene            - Clearing game scene
10:34:13.731 [JavaFX Application Thread] DEBUG GameWorld            - Clearing game world
10:34:13.731 [JavaFX Application Thread] DEBUG PhysicsWorld         - Clearing physics world
10:34:13.733 [FXGL Background Thread 4 ] DEBUG FXGLApplication      - Initializing game
10:34:13.733 [JavaFX Application Thread] DEBUG FXGLApplication      - Registering font factories with UI factory
10:34:13.787 [FXGL Background Thread 4 ] DEBUG TMXLevelLoader       - Parsed TiledMap: file:/C:/Users/annak/Documents/GitHub/Project-Winter/proj/target/classes/assets/levels/tmx/Plat1.9.0.tmx
10:34:13.789 [FXGL Background Thread 4 ] DEBUG TMXLevelLoader       - Creating tile layer entities
10:34:13.790 [FXGL Background Thread 4 ] DEBUG TilesetLoader        - Loading view for layer Tile Layer 1
10:34:13.791 [FXGL Background Thread 4 ] DEBUG TilesetLoader        - Created buffer with size 810.0x360.0
10:34:13.808 [FXGL Background Thread 4 ] DEBUG TMXLevelLoader       - Creating object layer entities
10:34:13.838 [FXGL Background Thread 4 ] DEBUG GameWorld            - Clearing removable entities
10:34:13.839 [FXGL Background Thread 4 ] DEBUG GameWorld            - Setting level: com.almasb.fxgl.entity.level.Level@40a01d65
10:34:13.867 [FXGL Background Thread 4 ] DEBUG FXGLAssetLoaderServi - Loading from file system: file:/C:/Users/annak/Documents/GitHub/Project-Winter/proj/target/classes/assets/textures/finalSOOT.gif
10:34:13.877 [FXGL Background Thread 4 ] WARN  Entity               - Entity already has component: com.example.proj.component.PlayerControl
10:34:13.880 [FXGL Background Thread 4 ] DEBUG FXGLAssetLoaderServi - Loading from file system: file:/C:/Users/annak/Documents/GitHub/Project-Winter/proj/target/classes/assets/textures/heart.png
10:34:13.884 [FXGL Background Thread 4 ] INFO  FXGLApplication      - Game initialization took: 0.151 sec
10:34:13.912 [JavaFX Application Thread] DEBUG Input                - Clearing active input actions
10:34:13.926 [JavaFX Application Thread] DEBUG GameApplicationServi - Removing overlay from FXGLLoadingScene and adding to GameScene
10:34:13.927 [JavaFX Application Thread] DEBUG PrimaryStageWindow   - FXGLLoadingScene -> GameScene
10:34:14.169 [FXGL Background Thread 2 ] INFO  UpdaterService       - Your current version:  17.2
10:34:14.169 [FXGL Background Thread 2 ] INFO  UpdaterService       - Latest stable version: 21
10:34:15.483 [JavaFX Application Thread] DEBUG FXGLApplication      - Exiting FXGL
10:34:15.483 [JavaFX Application Thread] DEBUG LoopRunner           - Stopping loop
10:34:15.483 [JavaFX Application Thread] DEBUG SystemBundleService  - Saving FXGL system data
10:34:15.487 [JavaFX Application Thread] DEBUG FileSystemAccess     - Writing to: C:\Users\annak\Documents\GitHub\Project-Winter\system\fxgl.bundle
10:34:15.491 [JavaFX Application Thread] DEBUG Async                - Shutting down background threads
10:34:15.491 [JavaFX Application Thread] DEBUG PrimaryStageWindow   - Closing main window
10:34:15.511 [JavaFX Application Thread] DEBUG Logger               - Closing Logger
