10:50:58.555 [main                     ] DEBUG Logger               - Configured Logger
10:50:58.571 [main                     ] DEBUG GameApplication      - Logging settings
Title: Soot(sin)
Version: 0.0
Width: 800
Height: 360
Fullscreen: false
Intro: false
Profiling: false
Single step:false
App Mode: DEVELOPER
Menu Key: ESCAPE
Stage Style: DECORATED
Scene Factory: class com.almasb.fxgl.app.scene.SceneFactory

10:50:58.881 [JavaFX Application Thread] DEBUG FXGLApplication      - Initializing FXGL
10:50:58.884 [JavaFX Application Thread] INFO  Engine               - FXGL-17.2 (20.08.2022 16.50) on MAC (J:18.0.2.1 FX:18.0.2)
10:50:58.884 [JavaFX Application Thread] DEBUG Engine               - JRE Vendor Name: Oracle Corporation
10:50:58.884 [JavaFX Application Thread] DEBUG Engine               - Running on OS: Mac OS X version 13.4.1
10:50:58.884 [JavaFX Application Thread] DEBUG Engine               - Architecture: aarch64
10:50:58.884 [JavaFX Application Thread] INFO  Engine               - Source code and latest versions at: https://github.com/AlmasB/FXGL
10:50:58.884 [JavaFX Application Thread] INFO  Engine               -       Ask questions and discuss at: https://github.com/AlmasB/FXGL/discussions
10:50:58.884 [JavaFX Application Thread] INFO  Engine               -              Join the FXGL chat at: https://gitter.im/AlmasB/FXGL
10:50:58.926 [JavaFX Application Thread] DEBUG PrimaryStageWindow   - Creating a JavaFX scene
10:50:58.944 [JavaFX Application Thread] DEBUG PrimaryStageWindow   - Target settings size: 800.0 x 360.0
10:50:58.945 [JavaFX Application Thread] DEBUG PrimaryStageWindow   - Scaled scene size:    800.0 x 360.0
10:50:58.945 [JavaFX Application Thread] DEBUG PrimaryStageWindow   - Scaled ratio: (1.0, 1.0)
10:50:58.945 [JavaFX Application Thread] DEBUG PrimaryStageWindow   - Set initial scene to FXGLStartupScene
10:50:58.947 [JavaFX Application Thread] DEBUG PrimaryStageWindow   - Opening main window
10:50:59.028 [JavaFX Application Thread] DEBUG PrimaryStageWindow   - Window border size: (0.0, 28.0)
10:50:59.028 [JavaFX Application Thread] DEBUG PrimaryStageWindow   - Scaled size: 800.0 x 360.0
10:50:59.028 [JavaFX Application Thread] DEBUG PrimaryStageWindow   - Scaled ratio: (1.0, 1.0)
10:50:59.028 [JavaFX Application Thread] DEBUG PrimaryStageWindow   - Scene size: 800.0 x 360.0
10:50:59.028 [JavaFX Application Thread] DEBUG PrimaryStageWindow   - Stage size: 800.0 x 388.0
10:50:59.031 [FXGL Background Thread 1 ] DEBUG Engine               - Initializing environment variables
10:50:59.051 [FXGL Background Thread 1 ] DEBUG FXGLAssetLoaderServi - User app class for loading assets: class com.example.proj.SootApp
10:50:59.051 [FXGL Background Thread 1 ] DEBUG GameApplicationServi - Applying CSS: fxgl_dark.css
10:50:59.051 [FXGL Background Thread 1 ] DEBUG FXGLAssetLoaderServi - Loading from file system: jar:file:///Users/olive/.m2/repository/com/github/almasb/fxgl/17.2/fxgl-17.2.jar!/fxglassets/ui/css/fxgl_dark.css
10:50:59.070 [FXGL Background Thread 1 ] DEBUG GameApplicationServi - Initializing application scenes
10:50:59.286 [FXGL Background Thread 1 ] DEBUG GameWorld            - Game world initialized
10:50:59.310 [FXGL Background Thread 1 ] DEBUG PhysicsWorld         - Physics world initialized: appHeight=360, physics.ppm=50.0
10:50:59.310 [FXGL Background Thread 1 ] DEBUG PhysicsWorld         - Using strategy: BRUTE_FORCE
10:50:59.312 [FXGL Background Thread 1 ] DEBUG GameScene            - Game scene initialized: 800x360
10:50:59.317 [FXGL Background Thread 1 ] WARN  FXGL.DefaultMenu     - FXGLDefaultMenu is not designed for resolutions < 800x600
10:50:59.317 [FXGL Background Thread 1 ] DEBUG FXGL.DefaultMenu     - createMenuBodyGameMenu()
10:50:59.323 [FXGL Background Thread 1 ] DEBUG FXGL.DefaultMenu     - createOptionsMenu()
10:50:59.327 [FXGL Background Thread 1 ] DEBUG FXGLAssetLoaderServi - Loading from file system: jar:file:///Users/olive/.m2/repository/com/github/almasb/fxgl/17.2/fxgl-17.2.jar!/fxglassets/textures/particles/smoke.png
10:50:59.379 [FXGL Background Thread 1 ] DEBUG FXGLAssetLoaderServi - Loading from file system: jar:file:///Users/olive/.m2/repository/com/github/almasb/fxgl/17.2/fxgl-17.2.jar!/fxglassets/textures/particles/trace_horizontal.png
10:50:59.393 [FXGL Background Thread 1 ] DEBUG GameApplicationServi - Application scenes initialized
10:50:59.397 [FXGL Background Thread 1 ] DEBUG SystemBundleService  - Loading FXGL system data
10:50:59.399 [FXGL Background Thread 1 ] DEBUG FileSystemAccess     - Reading from: /Users/olive/Documents/GitHub/Project-Winter/system/fxgl.bundle
10:50:59.404 [FXGL Background Thread 1 ] DEBUG SystemBundleService  - Bundle FXGL: {}
10:50:59.404 [FXGL Background Thread 1 ] DEBUG UpdaterService       - Checking for updates
10:50:59.405 [FXGL Background Thread 4 ] DEBUG FXGLApplication      - Loading fonts
10:50:59.405 [FXGL Background Thread 4 ] DEBUG FXGLAssetLoaderServi - Loading from file system: jar:file:///Users/olive/.m2/repository/com/github/almasb/fxgl/17.2/fxgl-17.2.jar!/fxglassets/ui/fonts/VarelaRound-Regular.ttf
10:50:59.405 [FXGL Background Thread 1 ] DEBUG FXGLApplication      - Loading default localization
10:50:59.406 [FXGL Background Thread 1 ] DEBUG FXGLAssetLoaderServi - Loading from file system: jar:file:///Users/olive/.m2/repository/com/github/almasb/fxgl/17.2/fxgl-17.2.jar!/fxglassets/languages/english.lang
10:50:59.413 [FXGL Background Thread 4 ] DEBUG FXGLAssetLoaderServi - Loading from file system: jar:file:///Users/olive/.m2/repository/com/github/almasb/fxgl/17.2/fxgl-17.2.jar!/fxglassets/ui/fonts/Abel-Regular.ttf
10:50:59.414 [FXGL Background Thread 1 ] INFO  FXGLApplication      - FXGL initialization took: 0.383 sec
10:50:59.415 [FXGL Background Thread 4 ] DEBUG FXGLAssetLoaderServi - Loading from file system: jar:file:///Users/olive/.m2/repository/com/github/almasb/fxgl/17.2/fxgl-17.2.jar!/fxglassets/ui/fonts/TerminalLandMono-Regular.otf
10:50:59.417 [JavaFX Application Thread] DEBUG Input                - Registered new binding: left - Left
10:50:59.417 [JavaFX Application Thread] DEBUG Input                - Registered new binding: right - Right
10:50:59.418 [JavaFX Application Thread] DEBUG Input                - Registered new binding: jump - Up
10:50:59.418 [JavaFX Application Thread] DEBUG FXGLAssetLoaderServi - Loading from file system: jar:file:///Users/olive/.m2/repository/com/github/almasb/fxgl/17.2/fxgl-17.2.jar!/fxglassets/textures/fxgl_icon.png
10:50:59.418 [FXGL Background Thread 4 ] DEBUG FXGLAssetLoaderServi - Loading from file system: jar:file:///Users/olive/.m2/repository/com/github/almasb/fxgl/17.2/fxgl-17.2.jar!/fxglassets/ui/fonts/Courier-Prime.ttf
10:50:59.432 [JavaFX Application Thread] DEBUG FXGLAssetLoaderServi - Loading from file system: jar:file:///Users/olive/.m2/repository/com/github/almasb/fxgl/17.2/fxgl-17.2.jar!/fxglassets/textures/fxgl_default_cursor.png
10:50:59.433 [JavaFX Application Thread] DEBUG Input                - Registered new binding: Screenshot - CTRL+8
10:50:59.433 [JavaFX Application Thread] DEBUG Input                - Registered new binding: System info dump - CTRL+9
10:50:59.433 [JavaFX Application Thread] DEBUG Input                - Registered new binding: Restart - CTRL+R
10:50:59.433 [JavaFX Application Thread] DEBUG Input                - Registered new binding: Toggle Debug Camera - CTRL+7
10:50:59.434 [JavaFX Application Thread] DEBUG LoopRunner           - Starting loop
10:50:59.434 [JavaFX Application Thread] DEBUG LoopRunner           - Initializing JavaFX AnimationTimerLoop
10:50:59.434 [JavaFX Application Thread] DEBUG GameApplicationServi - Starting new game
10:50:59.434 [JavaFX Application Thread] DEBUG Input                - Clearing active input actions
10:50:59.438 [JavaFX Application Thread] DEBUG GameApplicationServi - Removing overlay from FXGLStartupScene and adding to FXGLLoadingScene
10:50:59.439 [JavaFX Application Thread] DEBUG PrimaryStageWindow   - FXGLStartupScene -> FXGLLoadingScene
10:50:59.439 [JavaFX Application Thread] DEBUG GameApplicationServi - Clearing previous game
10:50:59.439 [JavaFX Application Thread] DEBUG GameScene            - Clearing game scene
10:50:59.439 [JavaFX Application Thread] DEBUG GameWorld            - Clearing game world
10:50:59.439 [JavaFX Application Thread] DEBUG PhysicsWorld         - Clearing physics world
10:50:59.439 [FXGL Background Thread 4 ] DEBUG FXGLApplication      - Initializing game
10:50:59.463 [FXGL Background Thread 4 ] DEBUG TMXLevelLoader       - Parsed TiledMap: file:/Users/olive/Documents/GitHub/Project-Winter/proj/target/classes/assets/levels/tmx/Plat1Temp.tmx
10:50:59.463 [FXGL Background Thread 4 ] DEBUG TMXLevelLoader       - Creating tile layer entities
10:50:59.464 [FXGL Background Thread 4 ] DEBUG TilesetLoader        - Loading view for layer Tile Layer 1
10:50:59.464 [FXGL Background Thread 4 ] DEBUG TilesetLoader        - Created buffer with size 810.0x360.0
10:50:59.469 [FXGL Background Thread 4 ] DEBUG TMXLevelLoader       - Creating object layer entities
10:50:59.472 [JavaFX Application Thread] DEBUG FXGLApplication      - Registering font factories with UI factory
10:50:59.480 [FXGL Background Thread 4 ] DEBUG GameWorld            - Clearing removable entities
10:50:59.480 [FXGL Background Thread 4 ] DEBUG GameWorld            - Setting level: com.almasb.fxgl.entity.level.Level@7c275e67
10:50:59.486 [FXGL Background Thread 4 ] DEBUG FXGLAssetLoaderServi - Loading from file system: file:/Users/olive/Documents/GitHub/Project-Winter/proj/target/classes/assets/textures/finalSOOT.gif
10:50:59.490 [FXGL Background Thread 4 ] DEBUG FXGLAssetLoaderServi - Loading from file system: file:/Users/olive/Documents/GitHub/Project-Winter/proj/target/classes/assets/textures/heart.png
10:50:59.492 [FXGL Background Thread 4 ] INFO  FXGLApplication      - Game initialization took: 0.052 sec
10:50:59.492 [JavaFX Application Thread] DEBUG Input                - Clearing active input actions
10:50:59.497 [JavaFX Application Thread] DEBUG GameApplicationServi - Removing overlay from FXGLLoadingScene and adding to GameScene
10:50:59.497 [JavaFX Application Thread] DEBUG PrimaryStageWindow   - FXGLLoadingScene -> GameScene
10:50:59.686 [FXGL Background Thread 2 ] INFO  UpdaterService       - Your current version:  17.2
10:50:59.686 [FXGL Background Thread 2 ] INFO  UpdaterService       - Latest stable version: 21.1
10:51:02.410 [FXGL Background Thread 3 ] DEBUG Engine               - Logging environment variables
10:51:02.412 [FXGL Background Thread 3 ] DEBUG Engine               - achievements: []
10:51:02.412 [FXGL Background Thread 3 ] DEBUG Engine               - actualHeight: 360.0
10:51:02.412 [FXGL Background Thread 3 ] DEBUG Engine               - actualHeightProperty: ReadOnlyDoubleProperty [value: 360.0]
10:51:02.412 [FXGL Background Thread 3 ] DEBUG Engine               - actualWidth: 800.0
10:51:02.413 [FXGL Background Thread 3 ] DEBUG Engine               - actualWidthProperty: ReadOnlyDoubleProperty [value: 800.0]
10:51:02.413 [FXGL Background Thread 3 ] DEBUG Engine               - appIcon: fxgl_icon.png
10:51:02.413 [FXGL Background Thread 3 ] DEBUG Engine               - applicationMode: DEVELOPER
10:51:02.413 [FXGL Background Thread 3 ] DEBUG Engine               - cSSList: [fxgl_dark.css]
10:51:02.413 [FXGL Background Thread 3 ] DEBUG Engine               - collisionDetectionStrategy: BRUTE_FORCE
10:51:02.413 [FXGL Background Thread 3 ] DEBUG Engine               - configClass: Optional.empty
10:51:02.413 [FXGL Background Thread 3 ] DEBUG Engine               - credits: []
10:51:02.413 [FXGL Background Thread 3 ] DEBUG Engine               - defaultCursor: CursorInfo(imageName=fxgl_default_cursor.png, hotspotX=7.0, hotspotY=6.0)
10:51:02.414 [FXGL Background Thread 3 ] DEBUG Engine               - devBBoxColorProperty: ObjectProperty [value: 0xff0000ff]
10:51:02.414 [FXGL Background Thread 3 ] DEBUG Engine               - devEnableDebugCameraProperty: BooleanProperty [value: false]
10:51:02.414 [FXGL Background Thread 3 ] DEBUG Engine               - devSensorColorProperty: ObjectProperty [value: 0xffff00ff]
10:51:02.414 [FXGL Background Thread 3 ] DEBUG Engine               - devShowBBoxProperty: BooleanProperty [value: false]
10:51:02.414 [FXGL Background Thread 3 ] DEBUG Engine               - devShowPositionProperty: BooleanProperty [value: false]
10:51:02.414 [FXGL Background Thread 3 ] DEBUG Engine               - enabledMenuItems: []
10:51:02.414 [FXGL Background Thread 3 ] DEBUG Engine               - engineServices: [class com.almasb.fxgl.app.services.FXGLAssetLoaderService, class com.almasb.fxgl.app.FXGLApplication$GameApplicationService, class com.almasb.fxgl.app.services.FXGLDialogService, class com.almasb.fxgl.app.services.IOTaskExecutorService, class com.almasb.fxgl.io.FileSystemService, class com.almasb.fxgl.localization.LocalizationService, class com.almasb.fxgl.app.services.SystemBundleService, class com.almasb.fxgl.profile.SaveLoadService, class com.almasb.fxgl.ui.FXGLUIFactoryServiceProvider, class com.almasb.fxgl.ui.FXGLDialogFactoryServiceProvider, class com.almasb.fxgl.audio.AudioPlayer, class com.almasb.fxgl.notification.impl.NotificationServiceProvider, class com.almasb.fxgl.achievement.AchievementService, class com.almasb.fxgl.cutscene.CutsceneService, class com.almasb.fxgl.minigames.MiniGameService, class com.almasb.fxgl.net.NetService, class com.almasb.fxgl.app.services.UpdaterService, class com.almasb.fxgl.dev.DevService]
10:51:02.414 [FXGL Background Thread 3 ] DEBUG Engine               - fontGame: Abel-Regular.ttf
10:51:02.414 [FXGL Background Thread 3 ] DEBUG Engine               - fontMono: TerminalLandMono-Regular.otf
10:51:02.414 [FXGL Background Thread 3 ] DEBUG Engine               - fontText: Courier-Prime.ttf
10:51:02.414 [FXGL Background Thread 3 ] DEBUG Engine               - fontUI: VarelaRound-Regular.ttf
10:51:02.415 [FXGL Background Thread 3 ] DEBUG Engine               - fullScreen: BooleanProperty [value: false]
10:51:02.415 [FXGL Background Thread 3 ] DEBUG Engine               - gameDifficulty: MEDIUM
10:51:02.415 [FXGL Background Thread 3 ] DEBUG Engine               - gameDifficultyProperty: ObjectProperty [value: MEDIUM]
10:51:02.415 [FXGL Background Thread 3 ] DEBUG Engine               - globalMusicVolume: 0.5
10:51:02.415 [FXGL Background Thread 3 ] DEBUG Engine               - globalMusicVolumeProperty: DoubleProperty [value: 0.5]
10:51:02.415 [FXGL Background Thread 3 ] DEBUG Engine               - globalSoundVolume: 0.5
10:51:02.415 [FXGL Background Thread 3 ] DEBUG Engine               - globalSoundVolumeProperty: DoubleProperty [value: 0.5]
10:51:02.415 [FXGL Background Thread 3 ] DEBUG Engine               - height: 360
10:51:02.415 [FXGL Background Thread 3 ] DEBUG Engine               - is3D: false
10:51:02.415 [FXGL Background Thread 3 ] DEBUG Engine               - isAndroid: false
10:51:02.415 [FXGL Background Thread 3 ] DEBUG Engine               - isBrowser: false
10:51:02.415 [FXGL Background Thread 3 ] DEBUG Engine               - isClickFeedbackEnabled: false
10:51:02.415 [FXGL Background Thread 3 ] DEBUG Engine               - isCloseConfirmation: false
10:51:02.415 [FXGL Background Thread 3 ] DEBUG Engine               - isDesktop: true
10:51:02.415 [FXGL Background Thread 3 ] DEBUG Engine               - isDeveloperMenuEnabled: false
10:51:02.415 [FXGL Background Thread 3 ] DEBUG Engine               - isEmbedded: false
10:51:02.415 [FXGL Background Thread 3 ] DEBUG Engine               - isEntityPreloadEnabled: true
10:51:02.416 [FXGL Background Thread 3 ] DEBUG Engine               - isExperimentalTiledLargeMap: false
10:51:02.416 [FXGL Background Thread 3 ] DEBUG Engine               - isFileSystemWriteAllowed: true
10:51:02.416 [FXGL Background Thread 3 ] DEBUG Engine               - isFullScreenAllowed: false
10:51:02.416 [FXGL Background Thread 3 ] DEBUG Engine               - isFullScreenFromStart: false
10:51:02.416 [FXGL Background Thread 3 ] DEBUG Engine               - isGameMenuEnabled: true
10:51:02.416 [FXGL Background Thread 3 ] DEBUG Engine               - isIOS: false
10:51:02.416 [FXGL Background Thread 3 ] DEBUG Engine               - isIntroEnabled: false
10:51:02.416 [FXGL Background Thread 3 ] DEBUG Engine               - isLinux: false
10:51:02.416 [FXGL Background Thread 3 ] DEBUG Engine               - isMac: true
10:51:02.416 [FXGL Background Thread 3 ] DEBUG Engine               - isMainMenuEnabled: false
10:51:02.416 [FXGL Background Thread 3 ] DEBUG Engine               - isManualResizeEnabled: false
10:51:02.416 [FXGL Background Thread 3 ] DEBUG Engine               - isMobile: false
10:51:02.416 [FXGL Background Thread 3 ] DEBUG Engine               - isNative: false
10:51:02.416 [FXGL Background Thread 3 ] DEBUG Engine               - isPauseMusicWhenMinimized: true
10:51:02.416 [FXGL Background Thread 3 ] DEBUG Engine               - isPreserveResizeRatio: false
10:51:02.416 [FXGL Background Thread 3 ] DEBUG Engine               - isProfilingEnabled: false
10:51:02.416 [FXGL Background Thread 3 ] DEBUG Engine               - isScaleAffectedOnResize: true
10:51:02.416 [FXGL Background Thread 3 ] DEBUG Engine               - isSingleStep: false
10:51:02.416 [FXGL Background Thread 3 ] DEBUG Engine               - isUserProfileEnabled: false
10:51:02.416 [FXGL Background Thread 3 ] DEBUG Engine               - isWindows: false
10:51:02.417 [FXGL Background Thread 3 ] DEBUG Engine               - language: ObjectProperty [value: ENGLISH]
10:51:02.417 [FXGL Background Thread 3 ] DEBUG Engine               - menuKey: ESCAPE
10:51:02.417 [FXGL Background Thread 3 ] DEBUG Engine               - mouseSensitivity: 0.2
10:51:02.417 [FXGL Background Thread 3 ] DEBUG Engine               - notificationViewClass: class com.almasb.fxgl.notification.view.XboxNotificationView
10:51:02.417 [FXGL Background Thread 3 ] DEBUG Engine               - pixelsPerMeter: 50.0
10:51:02.417 [FXGL Background Thread 3 ] DEBUG Engine               - platform: MAC
10:51:02.417 [FXGL Background Thread 3 ] DEBUG Engine               - prefHeightProperty: ReadOnlyDoubleProperty [value: 360.0]
10:51:02.417 [FXGL Background Thread 3 ] DEBUG Engine               - prefWidthProperty: ReadOnlyDoubleProperty [value: 800.0]
10:51:02.417 [FXGL Background Thread 3 ] DEBUG Engine               - profileDir: profiles/
10:51:02.417 [FXGL Background Thread 3 ] DEBUG Engine               - profileName: StringProperty [value: DEFAULT]
10:51:02.417 [FXGL Background Thread 3 ] DEBUG Engine               - randomSeed: -1
10:51:02.418 [FXGL Background Thread 3 ] DEBUG Engine               - runtimeInfo: RuntimeInfo(platform=MAC, version=17.2, build=20.08.2022 16.50)
10:51:02.418 [FXGL Background Thread 3 ] DEBUG Engine               - saveFileExt: sav
10:51:02.418 [FXGL Background Thread 3 ] DEBUG Engine               - scaledHeightProp$fxgl: DoubleProperty [bound, value: 360.0]
10:51:02.418 [FXGL Background Thread 3 ] DEBUG Engine               - scaledWidthProp$fxgl: DoubleProperty [bound, value: 800.0]
10:51:02.418 [FXGL Background Thread 3 ] DEBUG Engine               - sceneFactory: com.almasb.fxgl.app.scene.SceneFactory@303acfd4
10:51:02.418 [FXGL Background Thread 3 ] DEBUG Engine               - secondsIn24h: 60
10:51:02.418 [FXGL Background Thread 3 ] DEBUG Engine               - soundMenuBack: menu/back.wav
10:51:02.418 [FXGL Background Thread 3 ] DEBUG Engine               - soundMenuPress: menu/press.wav
10:51:02.418 [FXGL Background Thread 3 ] DEBUG Engine               - soundMenuSelect: menu/select.wav
10:51:02.418 [FXGL Background Thread 3 ] DEBUG Engine               - soundNotification: core/notification.wav
10:51:02.418 [FXGL Background Thread 3 ] DEBUG Engine               - stageStyle: DECORATED
10:51:02.418 [FXGL Background Thread 3 ] DEBUG Engine               - supportedLanguages: [ENGLISH, FRENCH, GERMAN, HUNGARIAN, RUSSIAN]
10:51:02.418 [FXGL Background Thread 3 ] DEBUG Engine               - ticksPerSecond: -1
10:51:02.418 [FXGL Background Thread 3 ] DEBUG Engine               - title: Soot(sin)
10:51:02.418 [FXGL Background Thread 3 ] DEBUG Engine               - urlGithub: https://github.com/AlmasB/FXGL
10:51:02.418 [FXGL Background Thread 3 ] DEBUG Engine               - urlLeaderboard: http://fxgl-top.herokuapp.com/
10:51:02.418 [FXGL Background Thread 3 ] DEBUG Engine               - urlPOM: https://raw.githubusercontent.com/AlmasB/FXGL/release/README.md
10:51:02.419 [FXGL Background Thread 3 ] DEBUG Engine               - userAppClass: class com.example.proj.SootApp
10:51:02.419 [FXGL Background Thread 3 ] DEBUG Engine               - version: 0.0
10:51:02.419 [FXGL Background Thread 3 ] DEBUG Engine               - versionCheckDays: 7
10:51:02.419 [FXGL Background Thread 3 ] DEBUG Engine               - width: 800
10:51:02.419 [FXGL Background Thread 3 ] DEBUG Engine               - Logging services
10:51:02.419 [FXGL Background Thread 3 ] DEBUG Engine               - class com.almasb.fxgl.app.services.FXGLAssetLoaderService
10:51:02.419 [FXGL Background Thread 3 ] DEBUG Engine               - class com.almasb.fxgl.app.FXGLApplication$GameApplicationService
10:51:02.419 [FXGL Background Thread 3 ] DEBUG Engine               - class com.almasb.fxgl.app.services.FXGLDialogService
10:51:02.419 [FXGL Background Thread 3 ] DEBUG Engine               - class com.almasb.fxgl.app.services.IOTaskExecutorService
10:51:02.419 [FXGL Background Thread 3 ] DEBUG Engine               - class com.almasb.fxgl.io.FileSystemService
10:51:02.419 [FXGL Background Thread 3 ] DEBUG Engine               - class com.almasb.fxgl.localization.LocalizationService
10:51:02.419 [FXGL Background Thread 3 ] DEBUG Engine               - class com.almasb.fxgl.app.services.SystemBundleService
10:51:02.419 [FXGL Background Thread 3 ] DEBUG Engine               - class com.almasb.fxgl.profile.SaveLoadService
10:51:02.419 [FXGL Background Thread 3 ] DEBUG Engine               - class com.almasb.fxgl.ui.FXGLUIFactoryServiceProvider
10:51:02.419 [FXGL Background Thread 3 ] DEBUG Engine               - class com.almasb.fxgl.ui.FXGLDialogFactoryServiceProvider
10:51:02.419 [FXGL Background Thread 3 ] DEBUG Engine               - class com.almasb.fxgl.audio.AudioPlayer
10:51:02.419 [FXGL Background Thread 3 ] DEBUG Engine               - class com.almasb.fxgl.notification.impl.NotificationServiceProvider
10:51:02.419 [FXGL Background Thread 3 ] DEBUG Engine               - class com.almasb.fxgl.achievement.AchievementService
10:51:02.419 [FXGL Background Thread 3 ] DEBUG Engine               - class com.almasb.fxgl.cutscene.CutsceneService
10:51:02.419 [FXGL Background Thread 3 ] DEBUG Engine               - class com.almasb.fxgl.minigames.MiniGameService
10:51:02.419 [FXGL Background Thread 3 ] DEBUG Engine               - class com.almasb.fxgl.net.NetService
10:51:02.419 [FXGL Background Thread 3 ] DEBUG Engine               - class com.almasb.fxgl.app.services.UpdaterService
10:51:02.419 [FXGL Background Thread 3 ] DEBUG Engine               - class com.almasb.fxgl.dev.DevService
10:51:20.576 [JavaFX Application Thread] DEBUG TMXLevelLoader       - Parsed TiledMap: file:/Users/olive/Documents/GitHub/Project-Winter/proj/target/classes/assets/levels/tmx/Plat2Temp.tmx
10:51:20.576 [JavaFX Application Thread] DEBUG TMXLevelLoader       - Creating tile layer entities
10:51:20.577 [JavaFX Application Thread] DEBUG TilesetLoader        - Loading view for layer Tile Layer 1
10:51:20.577 [JavaFX Application Thread] DEBUG TilesetLoader        - Created buffer with size 810.0x360.0
10:51:20.583 [JavaFX Application Thread] DEBUG TMXLevelLoader       - Creating object layer entities
10:51:20.588 [JavaFX Application Thread] DEBUG GameWorld            - Clearing removable entities
10:51:20.591 [JavaFX Application Thread] DEBUG GameWorld            - Setting level: com.almasb.fxgl.entity.level.Level@352cf957
10:51:41.114 [JavaFX Application Thread] DEBUG FXGLApplication      - Exiting FXGL
10:51:41.115 [JavaFX Application Thread] DEBUG LoopRunner           - Stopping loop
10:51:41.115 [JavaFX Application Thread] DEBUG SystemBundleService  - Saving FXGL system data
10:51:41.118 [JavaFX Application Thread] DEBUG FileSystemAccess     - Writing to: /Users/olive/Documents/GitHub/Project-Winter/system/fxgl.bundle
10:51:41.119 [JavaFX Application Thread] DEBUG Async                - Shutting down background threads
10:51:41.119 [JavaFX Application Thread] DEBUG PrimaryStageWindow   - Closing main window
10:51:41.122 [JavaFX Application Thread] DEBUG Logger               - Closing Logger
