16:59:06.513 [main                     ] DEBUG Logger               - Configured Logger
16:59:06.538 [main                     ] DEBUG GameApplication      - Logging settings
Title: Soot(sin)
Version: 0.0
Width: 450
Height: 360
Fullscreen: false
Intro: false
Profiling: false
Single step:false
App Mode: DEVELOPER
Menu Key: ESCAPE
Stage Style: DECORATED
Scene Factory: class com.almasb.fxgl.app.scene.SceneFactory

16:59:07.002 [JavaFX Application Thread] DEBUG FXGLApplication      - Initializing FXGL
16:59:07.006 [JavaFX Application Thread] INFO  Engine               - FXGL-17.2 (20.08.2022 16.50) on MAC (J:18.0.2.1 FX:18.0.2)
16:59:07.006 [JavaFX Application Thread] DEBUG Engine               - JRE Vendor Name: Oracle Corporation
16:59:07.006 [JavaFX Application Thread] DEBUG Engine               - Running on OS: Mac OS X version 13.4.1
16:59:07.006 [JavaFX Application Thread] DEBUG Engine               - Architecture: aarch64
16:59:07.006 [JavaFX Application Thread] INFO  Engine               - Source code and latest versions at: https://github.com/AlmasB/FXGL
16:59:07.006 [JavaFX Application Thread] INFO  Engine               -       Ask questions and discuss at: https://github.com/AlmasB/FXGL/discussions
16:59:07.007 [JavaFX Application Thread] INFO  Engine               -              Join the FXGL chat at: https://gitter.im/AlmasB/FXGL
16:59:07.069 [JavaFX Application Thread] DEBUG PrimaryStageWindow   - Creating a JavaFX scene
16:59:07.099 [JavaFX Application Thread] DEBUG PrimaryStageWindow   - Target settings size: 450.0 x 360.0
16:59:07.099 [JavaFX Application Thread] DEBUG PrimaryStageWindow   - Scaled scene size:    450.0 x 360.0
16:59:07.099 [JavaFX Application Thread] DEBUG PrimaryStageWindow   - Scaled ratio: (1.0, 1.0)
16:59:07.100 [JavaFX Application Thread] DEBUG PrimaryStageWindow   - Set initial scene to FXGLStartupScene
16:59:07.105 [JavaFX Application Thread] DEBUG PrimaryStageWindow   - Opening main window
16:59:07.329 [JavaFX Application Thread] DEBUG PrimaryStageWindow   - Window border size: (0.0, 28.0)
16:59:07.330 [JavaFX Application Thread] DEBUG PrimaryStageWindow   - Scaled size: 450.0 x 360.0
16:59:07.330 [JavaFX Application Thread] DEBUG PrimaryStageWindow   - Scaled ratio: (1.0, 1.0)
16:59:07.330 [JavaFX Application Thread] DEBUG PrimaryStageWindow   - Scene size: 450.0 x 360.0
16:59:07.330 [JavaFX Application Thread] DEBUG PrimaryStageWindow   - Stage size: 450.0 x 388.0
16:59:07.342 [FXGL Background Thread 1 ] DEBUG Engine               - Initializing environment variables
16:59:07.506 [FXGL Background Thread 1 ] DEBUG FXGLAssetLoaderServi - User app class for loading assets: class com.example.proj.SootApp
16:59:07.506 [FXGL Background Thread 1 ] DEBUG GameApplicationServi - Applying CSS: fxgl_dark.css
16:59:07.507 [FXGL Background Thread 1 ] DEBUG FXGLAssetLoaderServi - Loading from file system: jar:file:///Users/olive/.m2/repository/com/github/almasb/fxgl/17.2/fxgl-17.2.jar!/fxglassets/ui/css/fxgl_dark.css
16:59:07.545 [FXGL Background Thread 1 ] DEBUG GameApplicationServi - Initializing application scenes
16:59:07.723 [FXGL Background Thread 1 ] DEBUG GameWorld            - Game world initialized
16:59:07.769 [FXGL Background Thread 1 ] DEBUG PhysicsWorld         - Physics world initialized: appHeight=360, physics.ppm=50.0
16:59:07.769 [FXGL Background Thread 1 ] DEBUG PhysicsWorld         - Using strategy: BRUTE_FORCE
16:59:07.775 [FXGL Background Thread 1 ] DEBUG GameScene            - Game scene initialized: 450x360
16:59:07.790 [FXGL Background Thread 1 ] WARN  FXGL.DefaultMenu     - FXGLDefaultMenu is not designed for resolutions < 800x600
16:59:07.791 [FXGL Background Thread 1 ] DEBUG FXGL.DefaultMenu     - createMenuBodyGameMenu()
16:59:07.806 [FXGL Background Thread 1 ] DEBUG FXGL.DefaultMenu     - createOptionsMenu()
16:59:07.820 [FXGL Background Thread 1 ] DEBUG FXGLAssetLoaderServi - Loading from file system: jar:file:///Users/olive/.m2/repository/com/github/almasb/fxgl/17.2/fxgl-17.2.jar!/fxglassets/textures/particles/smoke.png
16:59:08.059 [FXGL Background Thread 1 ] DEBUG FXGLAssetLoaderServi - Loading from file system: jar:file:///Users/olive/.m2/repository/com/github/almasb/fxgl/17.2/fxgl-17.2.jar!/fxglassets/textures/particles/trace_horizontal.png
16:59:08.083 [FXGL Background Thread 1 ] DEBUG GameApplicationServi - Application scenes initialized
16:59:08.091 [FXGL Background Thread 1 ] DEBUG SystemBundleService  - Loading FXGL system data
16:59:08.094 [FXGL Background Thread 1 ] DEBUG FileSystemAccess     - Reading from: /Users/olive/Documents/GitHub/Project-Winter/system/fxgl.bundle
16:59:08.100 [FXGL Background Thread 1 ] DEBUG SystemBundleService  - Bundle FXGL: {}
16:59:08.101 [FXGL Background Thread 1 ] DEBUG UpdaterService       - Checking for updates
16:59:08.103 [FXGL Background Thread 4 ] DEBUG FXGLApplication      - Loading fonts
16:59:08.103 [FXGL Background Thread 4 ] DEBUG FXGLAssetLoaderServi - Loading from file system: jar:file:///Users/olive/.m2/repository/com/github/almasb/fxgl/17.2/fxgl-17.2.jar!/fxglassets/ui/fonts/VarelaRound-Regular.ttf
16:59:08.103 [FXGL Background Thread 1 ] DEBUG FXGLApplication      - Loading default localization
16:59:08.104 [FXGL Background Thread 1 ] DEBUG FXGLAssetLoaderServi - Loading from file system: jar:file:///Users/olive/.m2/repository/com/github/almasb/fxgl/17.2/fxgl-17.2.jar!/fxglassets/languages/english.lang
16:59:08.113 [FXGL Background Thread 4 ] DEBUG FXGLAssetLoaderServi - Loading from file system: jar:file:///Users/olive/.m2/repository/com/github/almasb/fxgl/17.2/fxgl-17.2.jar!/fxglassets/ui/fonts/Abel-Regular.ttf
16:59:08.115 [FXGL Background Thread 4 ] DEBUG FXGLAssetLoaderServi - Loading from file system: jar:file:///Users/olive/.m2/repository/com/github/almasb/fxgl/17.2/fxgl-17.2.jar!/fxglassets/ui/fonts/TerminalLandMono-Regular.otf
16:59:08.116 [FXGL Background Thread 1 ] INFO  FXGLApplication      - FXGL initialization took: 0.774 sec
16:59:08.119 [FXGL Background Thread 4 ] DEBUG FXGLAssetLoaderServi - Loading from file system: jar:file:///Users/olive/.m2/repository/com/github/almasb/fxgl/17.2/fxgl-17.2.jar!/fxglassets/ui/fonts/Courier-Prime.ttf
16:59:08.122 [JavaFX Application Thread] DEBUG Input                - Registered new binding: left - Left
16:59:08.122 [JavaFX Application Thread] DEBUG Input                - Registered new binding: right - Right
16:59:08.122 [JavaFX Application Thread] DEBUG Input                - Registered new binding: jump - Up
16:59:08.122 [JavaFX Application Thread] DEBUG FXGLAssetLoaderServi - Loading from file system: jar:file:///Users/olive/.m2/repository/com/github/almasb/fxgl/17.2/fxgl-17.2.jar!/fxglassets/textures/fxgl_icon.png
16:59:08.148 [JavaFX Application Thread] DEBUG FXGLAssetLoaderServi - Loading from file system: jar:file:///Users/olive/.m2/repository/com/github/almasb/fxgl/17.2/fxgl-17.2.jar!/fxglassets/textures/fxgl_default_cursor.png
16:59:08.150 [JavaFX Application Thread] DEBUG Input                - Registered new binding: Screenshot - CTRL+8
16:59:08.150 [JavaFX Application Thread] DEBUG Input                - Registered new binding: System info dump - CTRL+9
16:59:08.150 [JavaFX Application Thread] DEBUG Input                - Registered new binding: Restart - CTRL+R
16:59:08.150 [JavaFX Application Thread] DEBUG Input                - Registered new binding: Toggle Debug Camera - CTRL+7
16:59:08.151 [JavaFX Application Thread] DEBUG LoopRunner           - Starting loop
16:59:08.151 [JavaFX Application Thread] DEBUG LoopRunner           - Initializing JavaFX AnimationTimerLoop
16:59:08.152 [JavaFX Application Thread] DEBUG GameApplicationServi - Starting new game
16:59:08.152 [JavaFX Application Thread] DEBUG Input                - Clearing active input actions
16:59:08.158 [JavaFX Application Thread] DEBUG GameApplicationServi - Removing overlay from FXGLStartupScene and adding to FXGLLoadingScene
16:59:08.158 [JavaFX Application Thread] DEBUG PrimaryStageWindow   - FXGLStartupScene -> FXGLLoadingScene
16:59:08.158 [JavaFX Application Thread] DEBUG GameApplicationServi - Clearing previous game
16:59:08.158 [JavaFX Application Thread] DEBUG GameScene            - Clearing game scene
16:59:08.158 [JavaFX Application Thread] DEBUG GameWorld            - Clearing game world
16:59:08.158 [JavaFX Application Thread] DEBUG PhysicsWorld         - Clearing physics world
16:59:08.159 [FXGL Background Thread 4 ] DEBUG FXGLApplication      - Initializing game
16:59:08.189 [FXGL Background Thread 4 ] DEBUG TMXLevelLoader       - Parsed TiledMap: file:/Users/olive/Documents/GitHub/Project-Winter/proj/target/classes/assets/levels/tmx/Plat1.9.0.tmx
16:59:08.190 [FXGL Background Thread 4 ] DEBUG TMXLevelLoader       - Creating tile layer entities
16:59:08.191 [FXGL Background Thread 4 ] DEBUG TilesetLoader        - Loading view for layer Tile Layer 1
16:59:08.191 [FXGL Background Thread 4 ] DEBUG TilesetLoader        - Created buffer with size 450.0x360.0
16:59:08.201 [FXGL Background Thread 4 ] DEBUG TMXLevelLoader       - Creating object layer entities
16:59:08.215 [FXGL Background Thread 4 ] DEBUG GameWorld            - Clearing removable entities
16:59:08.216 [FXGL Background Thread 4 ] DEBUG GameWorld            - Setting level: com.almasb.fxgl.entity.level.Level@18c6ce7f
16:59:08.220 [FXGL Background Thread 4 ] DEBUG FXGLAssetLoaderServi - Loading from file system: file:/Users/olive/Documents/GitHub/Project-Winter/proj/target/classes/assets/textures/finalSOOT.gif
16:59:08.220 [JavaFX Application Thread] DEBUG FXGLApplication      - Registering font factories with UI factory
16:59:08.225 [FXGL Background Thread 4 ] WARN  Entity               - Entity already has component: com.example.proj.component.PlayerControl
16:59:08.226 [FXGL Background Thread 4 ] INFO  FXGLApplication      - Game initialization took: 0.067 sec
16:59:08.247 [JavaFX Application Thread] DEBUG Input                - Clearing active input actions
16:59:08.258 [JavaFX Application Thread] DEBUG GameApplicationServi - Removing overlay from FXGLLoadingScene and adding to GameScene
16:59:08.258 [JavaFX Application Thread] DEBUG PrimaryStageWindow   - FXGLLoadingScene -> GameScene
16:59:08.403 [FXGL Background Thread 2 ] INFO  UpdaterService       - Your current version:  17.2
16:59:08.403 [FXGL Background Thread 2 ] INFO  UpdaterService       - Latest stable version: 21
16:59:10.345 [JavaFX Application Thread] DEBUG PrimaryStageWindow   - Push state: DialogSubScene
16:59:10.345 [JavaFX Application Thread] DEBUG Input                - Clearing active input actions
16:59:10.348 [JavaFX Application Thread] DEBUG GameApplicationServi - Removing overlay from GameScene and adding to DialogSubScene
16:59:10.348 [JavaFX Application Thread] DEBUG PrimaryStageWindow   - GameScene -> DialogSubScene
16:59:11.105 [FXGL Background Thread 3 ] DEBUG Engine               - Logging environment variables
16:59:11.106 [FXGL Background Thread 3 ] DEBUG Engine               - achievements: []
16:59:11.107 [FXGL Background Thread 3 ] DEBUG Engine               - actualHeight: 360.0
16:59:11.107 [FXGL Background Thread 3 ] DEBUG Engine               - actualHeightProperty: ReadOnlyDoubleProperty [value: 360.0]
16:59:11.107 [FXGL Background Thread 3 ] DEBUG Engine               - actualWidth: 450.0
16:59:11.107 [FXGL Background Thread 3 ] DEBUG Engine               - actualWidthProperty: ReadOnlyDoubleProperty [value: 450.0]
16:59:11.107 [FXGL Background Thread 3 ] DEBUG Engine               - appIcon: fxgl_icon.png
16:59:11.107 [FXGL Background Thread 3 ] DEBUG Engine               - applicationMode: DEVELOPER
16:59:11.107 [FXGL Background Thread 3 ] DEBUG Engine               - cSSList: [fxgl_dark.css]
16:59:11.107 [FXGL Background Thread 3 ] DEBUG Engine               - collisionDetectionStrategy: BRUTE_FORCE
16:59:11.107 [FXGL Background Thread 3 ] DEBUG Engine               - configClass: Optional.empty
16:59:11.107 [FXGL Background Thread 3 ] DEBUG Engine               - credits: []
16:59:11.108 [FXGL Background Thread 3 ] DEBUG Engine               - defaultCursor: CursorInfo(imageName=fxgl_default_cursor.png, hotspotX=7.0, hotspotY=6.0)
16:59:11.108 [FXGL Background Thread 3 ] DEBUG Engine               - devBBoxColorProperty: ObjectProperty [value: 0xff0000ff]
16:59:11.108 [FXGL Background Thread 3 ] DEBUG Engine               - devEnableDebugCameraProperty: BooleanProperty [value: false]
16:59:11.109 [FXGL Background Thread 3 ] DEBUG Engine               - devSensorColorProperty: ObjectProperty [value: 0xffff00ff]
16:59:11.109 [FXGL Background Thread 3 ] DEBUG Engine               - devShowBBoxProperty: BooleanProperty [value: false]
16:59:11.109 [FXGL Background Thread 3 ] DEBUG Engine               - devShowPositionProperty: BooleanProperty [value: false]
16:59:11.109 [FXGL Background Thread 3 ] DEBUG Engine               - enabledMenuItems: []
16:59:11.109 [FXGL Background Thread 3 ] DEBUG Engine               - engineServices: [class com.almasb.fxgl.app.services.FXGLAssetLoaderService, class com.almasb.fxgl.app.FXGLApplication$GameApplicationService, class com.almasb.fxgl.app.services.FXGLDialogService, class com.almasb.fxgl.app.services.IOTaskExecutorService, class com.almasb.fxgl.io.FileSystemService, class com.almasb.fxgl.localization.LocalizationService, class com.almasb.fxgl.app.services.SystemBundleService, class com.almasb.fxgl.profile.SaveLoadService, class com.almasb.fxgl.ui.FXGLUIFactoryServiceProvider, class com.almasb.fxgl.ui.FXGLDialogFactoryServiceProvider, class com.almasb.fxgl.audio.AudioPlayer, class com.almasb.fxgl.notification.impl.NotificationServiceProvider, class com.almasb.fxgl.achievement.AchievementService, class com.almasb.fxgl.cutscene.CutsceneService, class com.almasb.fxgl.minigames.MiniGameService, class com.almasb.fxgl.net.NetService, class com.almasb.fxgl.app.services.UpdaterService, class com.almasb.fxgl.dev.DevService]
16:59:11.109 [FXGL Background Thread 3 ] DEBUG Engine               - fontGame: Abel-Regular.ttf
16:59:11.109 [FXGL Background Thread 3 ] DEBUG Engine               - fontMono: TerminalLandMono-Regular.otf
16:59:11.109 [FXGL Background Thread 3 ] DEBUG Engine               - fontText: Courier-Prime.ttf
16:59:11.109 [FXGL Background Thread 3 ] DEBUG Engine               - fontUI: VarelaRound-Regular.ttf
16:59:11.109 [FXGL Background Thread 3 ] DEBUG Engine               - fullScreen: BooleanProperty [value: false]
16:59:11.109 [FXGL Background Thread 3 ] DEBUG Engine               - gameDifficulty: MEDIUM
16:59:11.109 [FXGL Background Thread 3 ] DEBUG Engine               - gameDifficultyProperty: ObjectProperty [value: MEDIUM]
16:59:11.110 [FXGL Background Thread 3 ] DEBUG Engine               - globalMusicVolume: 0.5
16:59:11.110 [FXGL Background Thread 3 ] DEBUG Engine               - globalMusicVolumeProperty: DoubleProperty [value: 0.5]
16:59:11.110 [FXGL Background Thread 3 ] DEBUG Engine               - globalSoundVolume: 0.5
16:59:11.110 [FXGL Background Thread 3 ] DEBUG Engine               - globalSoundVolumeProperty: DoubleProperty [value: 0.5]
16:59:11.110 [FXGL Background Thread 3 ] DEBUG Engine               - height: 360
16:59:11.110 [FXGL Background Thread 3 ] DEBUG Engine               - is3D: false
16:59:11.110 [FXGL Background Thread 3 ] DEBUG Engine               - isAndroid: false
16:59:11.110 [FXGL Background Thread 3 ] DEBUG Engine               - isBrowser: false
16:59:11.110 [FXGL Background Thread 3 ] DEBUG Engine               - isClickFeedbackEnabled: false
16:59:11.110 [FXGL Background Thread 3 ] DEBUG Engine               - isCloseConfirmation: false
16:59:11.110 [FXGL Background Thread 3 ] DEBUG Engine               - isDesktop: true
16:59:11.110 [FXGL Background Thread 3 ] DEBUG Engine               - isDeveloperMenuEnabled: false
16:59:11.110 [FXGL Background Thread 3 ] DEBUG Engine               - isEmbedded: false
16:59:11.111 [FXGL Background Thread 3 ] DEBUG Engine               - isEntityPreloadEnabled: true
16:59:11.111 [FXGL Background Thread 3 ] DEBUG Engine               - isExperimentalTiledLargeMap: false
16:59:11.111 [FXGL Background Thread 3 ] DEBUG Engine               - isFileSystemWriteAllowed: true
16:59:11.111 [FXGL Background Thread 3 ] DEBUG Engine               - isFullScreenAllowed: false
16:59:11.111 [FXGL Background Thread 3 ] DEBUG Engine               - isFullScreenFromStart: false
16:59:11.111 [FXGL Background Thread 3 ] DEBUG Engine               - isGameMenuEnabled: true
16:59:11.111 [FXGL Background Thread 3 ] DEBUG Engine               - isIOS: false
16:59:11.111 [FXGL Background Thread 3 ] DEBUG Engine               - isIntroEnabled: false
16:59:11.111 [FXGL Background Thread 3 ] DEBUG Engine               - isLinux: false
16:59:11.111 [FXGL Background Thread 3 ] DEBUG Engine               - isMac: true
16:59:11.111 [FXGL Background Thread 3 ] DEBUG Engine               - isMainMenuEnabled: false
16:59:11.111 [FXGL Background Thread 3 ] DEBUG Engine               - isManualResizeEnabled: false
16:59:11.111 [FXGL Background Thread 3 ] DEBUG Engine               - isMobile: false
16:59:11.111 [FXGL Background Thread 3 ] DEBUG Engine               - isNative: false
16:59:11.111 [FXGL Background Thread 3 ] DEBUG Engine               - isPauseMusicWhenMinimized: true
16:59:11.111 [FXGL Background Thread 3 ] DEBUG Engine               - isPreserveResizeRatio: false
16:59:11.111 [FXGL Background Thread 3 ] DEBUG Engine               - isProfilingEnabled: false
16:59:11.112 [FXGL Background Thread 3 ] DEBUG Engine               - isScaleAffectedOnResize: true
16:59:11.112 [FXGL Background Thread 3 ] DEBUG Engine               - isSingleStep: false
16:59:11.112 [FXGL Background Thread 3 ] DEBUG Engine               - isUserProfileEnabled: false
16:59:11.112 [FXGL Background Thread 3 ] DEBUG Engine               - isWindows: false
16:59:11.112 [FXGL Background Thread 3 ] DEBUG Engine               - language: ObjectProperty [value: ENGLISH]
16:59:11.112 [FXGL Background Thread 3 ] DEBUG Engine               - menuKey: ESCAPE
16:59:11.112 [FXGL Background Thread 3 ] DEBUG Engine               - mouseSensitivity: 0.2
16:59:11.112 [FXGL Background Thread 3 ] DEBUG Engine               - notificationViewClass: class com.almasb.fxgl.notification.view.XboxNotificationView
16:59:11.112 [FXGL Background Thread 3 ] DEBUG Engine               - pixelsPerMeter: 50.0
16:59:11.112 [FXGL Background Thread 3 ] DEBUG Engine               - platform: MAC
16:59:11.112 [FXGL Background Thread 3 ] DEBUG Engine               - prefHeightProperty: ReadOnlyDoubleProperty [value: 360.0]
16:59:11.112 [FXGL Background Thread 3 ] DEBUG Engine               - prefWidthProperty: ReadOnlyDoubleProperty [value: 450.0]
16:59:11.112 [FXGL Background Thread 3 ] DEBUG Engine               - profileDir: profiles/
16:59:11.112 [FXGL Background Thread 3 ] DEBUG Engine               - profileName: StringProperty [value: DEFAULT]
16:59:11.112 [FXGL Background Thread 3 ] DEBUG Engine               - randomSeed: -1
16:59:11.113 [FXGL Background Thread 3 ] DEBUG Engine               - runtimeInfo: RuntimeInfo(platform=MAC, version=17.2, build=20.08.2022 16.50)
16:59:11.113 [FXGL Background Thread 3 ] DEBUG Engine               - saveFileExt: sav
16:59:11.113 [FXGL Background Thread 3 ] DEBUG Engine               - scaledHeightProp$fxgl: DoubleProperty [bound, value: 360.0]
16:59:11.113 [FXGL Background Thread 3 ] DEBUG Engine               - scaledWidthProp$fxgl: DoubleProperty [bound, value: 450.0]
16:59:11.113 [FXGL Background Thread 3 ] DEBUG Engine               - sceneFactory: com.almasb.fxgl.app.scene.SceneFactory@44a0e7f9
16:59:11.113 [FXGL Background Thread 3 ] DEBUG Engine               - secondsIn24h: 60
16:59:11.113 [FXGL Background Thread 3 ] DEBUG Engine               - soundMenuBack: menu/back.wav
16:59:11.113 [FXGL Background Thread 3 ] DEBUG Engine               - soundMenuPress: menu/press.wav
16:59:11.113 [FXGL Background Thread 3 ] DEBUG Engine               - soundMenuSelect: menu/select.wav
16:59:11.113 [FXGL Background Thread 3 ] DEBUG Engine               - soundNotification: core/notification.wav
16:59:11.113 [FXGL Background Thread 3 ] DEBUG Engine               - stageStyle: DECORATED
16:59:11.113 [FXGL Background Thread 3 ] DEBUG Engine               - supportedLanguages: [ENGLISH, FRENCH, GERMAN, HUNGARIAN, RUSSIAN]
16:59:11.113 [FXGL Background Thread 3 ] DEBUG Engine               - ticksPerSecond: -1
16:59:11.113 [FXGL Background Thread 3 ] DEBUG Engine               - title: Soot(sin)
16:59:11.114 [FXGL Background Thread 3 ] DEBUG Engine               - urlGithub: https://github.com/AlmasB/FXGL
16:59:11.114 [FXGL Background Thread 3 ] DEBUG Engine               - urlLeaderboard: http://fxgl-top.herokuapp.com/
16:59:11.114 [FXGL Background Thread 3 ] DEBUG Engine               - urlPOM: https://raw.githubusercontent.com/AlmasB/FXGL/release/README.md
16:59:11.114 [FXGL Background Thread 3 ] DEBUG Engine               - userAppClass: class com.example.proj.SootApp
16:59:11.114 [FXGL Background Thread 3 ] DEBUG Engine               - version: 0.0
16:59:11.114 [FXGL Background Thread 3 ] DEBUG Engine               - versionCheckDays: 7
16:59:11.114 [FXGL Background Thread 3 ] DEBUG Engine               - width: 450
16:59:11.114 [FXGL Background Thread 3 ] DEBUG Engine               - Logging services
16:59:11.114 [FXGL Background Thread 3 ] DEBUG Engine               - class com.almasb.fxgl.app.services.FXGLAssetLoaderService
16:59:11.114 [FXGL Background Thread 3 ] DEBUG Engine               - class com.almasb.fxgl.app.FXGLApplication$GameApplicationService
16:59:11.114 [FXGL Background Thread 3 ] DEBUG Engine               - class com.almasb.fxgl.app.services.FXGLDialogService
16:59:11.114 [FXGL Background Thread 3 ] DEBUG Engine               - class com.almasb.fxgl.app.services.IOTaskExecutorService
16:59:11.114 [FXGL Background Thread 3 ] DEBUG Engine               - class com.almasb.fxgl.io.FileSystemService
16:59:11.114 [FXGL Background Thread 3 ] DEBUG Engine               - class com.almasb.fxgl.localization.LocalizationService
16:59:11.114 [FXGL Background Thread 3 ] DEBUG Engine               - class com.almasb.fxgl.app.services.SystemBundleService
16:59:11.114 [FXGL Background Thread 3 ] DEBUG Engine               - class com.almasb.fxgl.profile.SaveLoadService
16:59:11.114 [FXGL Background Thread 3 ] DEBUG Engine               - class com.almasb.fxgl.ui.FXGLUIFactoryServiceProvider
16:59:11.114 [FXGL Background Thread 3 ] DEBUG Engine               - class com.almasb.fxgl.ui.FXGLDialogFactoryServiceProvider
16:59:11.114 [FXGL Background Thread 3 ] DEBUG Engine               - class com.almasb.fxgl.audio.AudioPlayer
16:59:11.114 [FXGL Background Thread 3 ] DEBUG Engine               - class com.almasb.fxgl.notification.impl.NotificationServiceProvider
16:59:11.114 [FXGL Background Thread 3 ] DEBUG Engine               - class com.almasb.fxgl.achievement.AchievementService
16:59:11.114 [FXGL Background Thread 3 ] DEBUG Engine               - class com.almasb.fxgl.cutscene.CutsceneService
16:59:11.115 [FXGL Background Thread 3 ] DEBUG Engine               - class com.almasb.fxgl.minigames.MiniGameService
16:59:11.115 [FXGL Background Thread 3 ] DEBUG Engine               - class com.almasb.fxgl.net.NetService
16:59:11.115 [FXGL Background Thread 3 ] DEBUG Engine               - class com.almasb.fxgl.app.services.UpdaterService
16:59:11.115 [FXGL Background Thread 3 ] DEBUG Engine               - class com.almasb.fxgl.dev.DevService
16:59:20.812 [JavaFX Application Thread] DEBUG PrimaryStageWindow   - Pop state: DialogSubScene
16:59:20.813 [JavaFX Application Thread] DEBUG Input                - Clearing active input actions
16:59:20.814 [JavaFX Application Thread] DEBUG GameApplicationServi - Removing overlay from DialogSubScene and adding to GameScene
16:59:20.815 [JavaFX Application Thread] DEBUG PrimaryStageWindow   - GameScene <- DialogSubScene
16:59:26.306 [JavaFX Application Thread] DEBUG PrimaryStageWindow   - Push state: DialogSubScene
16:59:26.307 [JavaFX Application Thread] DEBUG Input                - Clearing active input actions
16:59:26.309 [JavaFX Application Thread] DEBUG GameApplicationServi - Removing overlay from GameScene and adding to DialogSubScene
16:59:26.309 [JavaFX Application Thread] DEBUG PrimaryStageWindow   - GameScene -> DialogSubScene
16:59:31.860 [JavaFX Application Thread] DEBUG PrimaryStageWindow   - Pop state: DialogSubScene
16:59:31.860 [JavaFX Application Thread] DEBUG Input                - Clearing active input actions
16:59:31.861 [JavaFX Application Thread] DEBUG GameApplicationServi - Removing overlay from DialogSubScene and adding to GameScene
16:59:31.861 [JavaFX Application Thread] DEBUG PrimaryStageWindow   - GameScene <- DialogSubScene
16:59:38.163 [JavaFX Application Thread] DEBUG FXGLApplication      - Exiting FXGL
16:59:38.163 [JavaFX Application Thread] DEBUG LoopRunner           - Stopping loop
16:59:38.163 [JavaFX Application Thread] DEBUG SystemBundleService  - Saving FXGL system data
16:59:38.167 [JavaFX Application Thread] DEBUG FileSystemAccess     - Writing to: /Users/olive/Documents/GitHub/Project-Winter/system/fxgl.bundle
16:59:38.169 [JavaFX Application Thread] DEBUG Async                - Shutting down background threads
16:59:38.169 [JavaFX Application Thread] DEBUG PrimaryStageWindow   - Closing main window
16:59:38.177 [JavaFX Application Thread] DEBUG Logger               - Closing Logger
