19:00:14.465 [main                     ] DEBUG Logger               - Configured Logger
19:00:14.507 [main                     ] DEBUG GameApplication      - Logging settings
Title: Soot(sin)
Version: 0.0
Width: 450
Height: 360
Fullscreen: false
Intro: false
Profiling: false
Single step:false
App Mode: DEVELOPER
Menu Key: ESCAPE
Stage Style: DECORATED
Scene Factory: class com.almasb.fxgl.app.scene.SceneFactory

19:00:14.949 [JavaFX Application Thread] DEBUG FXGLApplication      - Initializing FXGL
19:00:14.959 [JavaFX Application Thread] INFO  Engine               - FXGL-17.2 (20.08.2022 16.50) on WINDOWS (J:18.0.2 FX:18.0.2)
19:00:14.959 [JavaFX Application Thread] DEBUG Engine               - JRE Vendor Name: Amazon.com Inc.
19:00:14.960 [JavaFX Application Thread] DEBUG Engine               - Running on OS: Windows 11 version 10.0
19:00:14.960 [JavaFX Application Thread] DEBUG Engine               - Architecture: amd64
19:00:14.960 [JavaFX Application Thread] INFO  Engine               - Source code and latest versions at: https://github.com/AlmasB/FXGL
19:00:14.960 [JavaFX Application Thread] INFO  Engine               -       Ask questions and discuss at: https://github.com/AlmasB/FXGL/discussions
19:00:14.960 [JavaFX Application Thread] INFO  Engine               -              Join the FXGL chat at: https://gitter.im/AlmasB/FXGL
19:00:15.083 [JavaFX Application Thread] DEBUG PrimaryStageWindow   - Creating a JavaFX scene
19:00:15.154 [JavaFX Application Thread] DEBUG PrimaryStageWindow   - Target settings size: 450.0 x 360.0
19:00:15.154 [JavaFX Application Thread] DEBUG PrimaryStageWindow   - Scaled scene size:    450.0 x 360.0
19:00:15.155 [JavaFX Application Thread] DEBUG PrimaryStageWindow   - Scaled ratio: (1.0, 1.0)
19:00:15.156 [JavaFX Application Thread] DEBUG PrimaryStageWindow   - Set initial scene to FXGLStartupScene
19:00:15.168 [JavaFX Application Thread] DEBUG PrimaryStageWindow   - Opening main window
19:00:15.302 [JavaFX Application Thread] DEBUG PrimaryStageWindow   - Window border size: (14.666656494140625, 37.333343505859375)
19:00:15.302 [JavaFX Application Thread] DEBUG PrimaryStageWindow   - Scaled size: 450.0 x 360.0
19:00:15.303 [JavaFX Application Thread] DEBUG PrimaryStageWindow   - Scaled ratio: (1.0, 1.0)
19:00:15.304 [JavaFX Application Thread] DEBUG PrimaryStageWindow   - Scene size: 450.0 x 360.0
19:00:15.304 [JavaFX Application Thread] DEBUG PrimaryStageWindow   - Stage size: 464.6666564941406 x 397.3333435058594
19:00:15.319 [FXGL Background Thread 1 ] DEBUG Engine               - Initializing environment variables
19:00:15.423 [FXGL Background Thread 1 ] DEBUG FXGLAssetLoaderServi - User app class for loading assets: class com.example.proj.SootApp
19:00:15.424 [FXGL Background Thread 1 ] DEBUG GameApplicationServi - Applying CSS: fxgl_dark.css
19:00:15.426 [FXGL Background Thread 1 ] DEBUG FXGLAssetLoaderServi - Loading from file system: jar:file:///C:/Users/annak/.m2/repository/com/github/almasb/fxgl/17.2/fxgl-17.2.jar!/fxglassets/ui/css/fxgl_dark.css
19:00:15.515 [FXGL Background Thread 1 ] DEBUG GameApplicationServi - Initializing application scenes
19:00:15.607 [FXGL Background Thread 1 ] DEBUG GameWorld            - Game world initialized
19:00:15.685 [FXGL Background Thread 1 ] DEBUG PhysicsWorld         - Physics world initialized: appHeight=360, physics.ppm=50.0
19:00:15.686 [FXGL Background Thread 1 ] DEBUG PhysicsWorld         - Using strategy: BRUTE_FORCE
19:00:15.691 [FXGL Background Thread 1 ] DEBUG GameScene            - Game scene initialized: 450x360
19:00:15.710 [FXGL Background Thread 1 ] WARN  FXGL.DefaultMenu     - FXGLDefaultMenu is not designed for resolutions < 800x600
19:00:15.710 [FXGL Background Thread 1 ] DEBUG FXGL.DefaultMenu     - createMenuBodyGameMenu()
19:00:15.727 [FXGL Background Thread 1 ] DEBUG FXGL.DefaultMenu     - createOptionsMenu()
19:00:15.742 [FXGL Background Thread 1 ] DEBUG FXGLAssetLoaderServi - Loading from file system: jar:file:///C:/Users/annak/.m2/repository/com/github/almasb/fxgl/17.2/fxgl-17.2.jar!/fxglassets/textures/particles/smoke.png
19:00:15.859 [FXGL Background Thread 1 ] DEBUG FXGLAssetLoaderServi - Loading from file system: jar:file:///C:/Users/annak/.m2/repository/com/github/almasb/fxgl/17.2/fxgl-17.2.jar!/fxglassets/textures/particles/trace_horizontal.png
19:00:15.906 [FXGL Background Thread 1 ] DEBUG GameApplicationServi - Application scenes initialized
19:00:15.935 [FXGL Background Thread 1 ] DEBUG SystemBundleService  - Loading FXGL system data
19:00:15.943 [FXGL Background Thread 1 ] DEBUG FileSystemAccess     - Reading from: C:\Users\annak\Documents\GitHub\Project-Winter\system\fxgl.bundle
19:00:15.962 [FXGL Background Thread 1 ] DEBUG SystemBundleService  - Bundle FXGL: {}
19:00:15.963 [FXGL Background Thread 1 ] DEBUG UpdaterService       - Checking for updates
19:00:15.973 [FXGL Background Thread 1 ] DEBUG FXGLApplication      - Loading default localization
19:00:15.975 [FXGL Background Thread 1 ] DEBUG FXGLAssetLoaderServi - Loading from file system: jar:file:///C:/Users/annak/.m2/repository/com/github/almasb/fxgl/17.2/fxgl-17.2.jar!/fxglassets/languages/english.lang
19:00:16.001 [FXGL Background Thread 1 ] INFO  FXGLApplication      - FXGL initialization took: 0.681 sec
19:00:16.012 [FXGL Background Thread 4 ] DEBUG FXGLApplication      - Loading fonts
19:00:16.013 [FXGL Background Thread 4 ] DEBUG FXGLAssetLoaderServi - Loading from file system: jar:file:///C:/Users/annak/.m2/repository/com/github/almasb/fxgl/17.2/fxgl-17.2.jar!/fxglassets/ui/fonts/VarelaRound-Regular.ttf
19:00:16.017 [JavaFX Application Thread] DEBUG Input                - Registered new binding: left - Left
19:00:16.018 [JavaFX Application Thread] DEBUG Input                - Registered new binding: right - Right
19:00:16.018 [JavaFX Application Thread] DEBUG Input                - Registered new binding: jump - Up
19:00:16.019 [JavaFX Application Thread] DEBUG FXGLAssetLoaderServi - Loading from file system: jar:file:///C:/Users/annak/.m2/repository/com/github/almasb/fxgl/17.2/fxgl-17.2.jar!/fxglassets/textures/fxgl_icon.png
19:00:16.054 [JavaFX Application Thread] DEBUG FXGLAssetLoaderServi - Loading from file system: jar:file:///C:/Users/annak/.m2/repository/com/github/almasb/fxgl/17.2/fxgl-17.2.jar!/fxglassets/textures/fxgl_default_cursor.png
19:00:16.058 [JavaFX Application Thread] DEBUG Input                - Registered new binding: Screenshot - CTRL+8
19:00:16.058 [JavaFX Application Thread] DEBUG Input                - Registered new binding: System info dump - CTRL+9
19:00:16.059 [JavaFX Application Thread] DEBUG Input                - Registered new binding: Restart - CTRL+R
19:00:16.060 [JavaFX Application Thread] DEBUG Input                - Registered new binding: Toggle Debug Camera - CTRL+7
19:00:16.064 [JavaFX Application Thread] DEBUG LoopRunner           - Starting loop
19:00:16.064 [JavaFX Application Thread] DEBUG LoopRunner           - Initializing JavaFX AnimationTimerLoop
19:00:16.067 [JavaFX Application Thread] DEBUG GameApplicationServi - Starting new game
19:00:16.067 [JavaFX Application Thread] DEBUG Input                - Clearing active input actions
19:00:16.083 [JavaFX Application Thread] DEBUG GameApplicationServi - Removing overlay from FXGLStartupScene and adding to FXGLLoadingScene
19:00:16.084 [JavaFX Application Thread] DEBUG PrimaryStageWindow   - FXGLStartupScene -> FXGLLoadingScene
19:00:16.084 [JavaFX Application Thread] DEBUG GameApplicationServi - Clearing previous game
19:00:16.084 [JavaFX Application Thread] DEBUG GameScene            - Clearing game scene
19:00:16.085 [JavaFX Application Thread] DEBUG GameWorld            - Clearing game world
19:00:16.085 [JavaFX Application Thread] DEBUG PhysicsWorld         - Clearing physics world
19:00:16.088 [FXGL Background Thread 1 ] DEBUG FXGLApplication      - Initializing game
19:00:16.160 [FXGL Background Thread 4 ] DEBUG FXGLAssetLoaderServi - Loading from file system: jar:file:///C:/Users/annak/.m2/repository/com/github/almasb/fxgl/17.2/fxgl-17.2.jar!/fxglassets/ui/fonts/Abel-Regular.ttf
19:00:16.167 [FXGL Background Thread 4 ] DEBUG FXGLAssetLoaderServi - Loading from file system: jar:file:///C:/Users/annak/.m2/repository/com/github/almasb/fxgl/17.2/fxgl-17.2.jar!/fxglassets/ui/fonts/TerminalLandMono-Regular.otf
19:00:16.172 [FXGL Background Thread 4 ] DEBUG FXGLAssetLoaderServi - Loading from file system: jar:file:///C:/Users/annak/.m2/repository/com/github/almasb/fxgl/17.2/fxgl-17.2.jar!/fxglassets/ui/fonts/Courier-Prime.ttf
19:00:16.190 [FXGL Background Thread 1 ] DEBUG TMXLevelLoader       - Parsed TiledMap: file:/C:/Users/annak/Documents/GitHub/Project-Winter/proj/target/classes/assets/levels/tmx/Plat1.9.0.tmx
19:00:16.191 [FXGL Background Thread 1 ] DEBUG TMXLevelLoader       - Creating tile layer entities
19:00:16.194 [FXGL Background Thread 1 ] DEBUG TilesetLoader        - Loading view for layer Tile Layer 1
19:00:16.194 [FXGL Background Thread 1 ] DEBUG TilesetLoader        - Created buffer with size 450.0x360.0
19:00:16.211 [FXGL Background Thread 1 ] DEBUG TMXLevelLoader       - Creating object layer entities
19:00:16.244 [JavaFX Application Thread] DEBUG FXGLApplication      - Registering font factories with UI factory
19:00:16.258 [FXGL Background Thread 1 ] DEBUG GameWorld            - Clearing removable entities
19:00:16.259 [FXGL Background Thread 1 ] DEBUG GameWorld            - Setting level: com.almasb.fxgl.entity.level.Level@33e1403f
19:00:16.294 [FXGL Background Thread 1 ] DEBUG FXGLAssetLoaderServi - Loading from file system: file:/C:/Users/annak/Documents/GitHub/Project-Winter/proj/target/classes/assets/textures/finalSOOT.gif
19:00:16.304 [FXGL Background Thread 1 ] WARN  Entity               - Entity already has component: com.example.proj.component.PlayerControl
19:00:16.306 [FXGL Background Thread 1 ] INFO  FXGLApplication      - Game initialization took: 0.219 sec
19:00:16.384 [JavaFX Application Thread] DEBUG Input                - Clearing active input actions
19:00:16.397 [JavaFX Application Thread] DEBUG GameApplicationServi - Removing overlay from FXGLLoadingScene and adding to GameScene
19:00:16.398 [JavaFX Application Thread] DEBUG PrimaryStageWindow   - FXGLLoadingScene -> GameScene
19:00:17.135 [FXGL Background Thread 2 ] INFO  UpdaterService       - Your current version:  17.2
19:00:17.135 [FXGL Background Thread 2 ] INFO  UpdaterService       - Latest stable version: 21
19:00:18.971 [FXGL Background Thread 3 ] DEBUG Engine               - Logging environment variables
19:00:18.972 [FXGL Background Thread 3 ] DEBUG Engine               - achievements: []
19:00:18.972 [FXGL Background Thread 3 ] DEBUG Engine               - actualHeight: 360.0
19:00:18.972 [FXGL Background Thread 3 ] DEBUG Engine               - actualHeightProperty: ReadOnlyDoubleProperty [value: 360.0]
19:00:18.972 [FXGL Background Thread 3 ] DEBUG Engine               - actualWidth: 450.0
19:00:18.972 [FXGL Background Thread 3 ] DEBUG Engine               - actualWidthProperty: ReadOnlyDoubleProperty [value: 450.0]
19:00:18.972 [FXGL Background Thread 3 ] DEBUG Engine               - appIcon: fxgl_icon.png
19:00:18.972 [FXGL Background Thread 3 ] DEBUG Engine               - applicationMode: DEVELOPER
19:00:18.974 [FXGL Background Thread 3 ] DEBUG Engine               - cSSList: [fxgl_dark.css]
19:00:18.974 [FXGL Background Thread 3 ] DEBUG Engine               - collisionDetectionStrategy: BRUTE_FORCE
19:00:18.974 [FXGL Background Thread 3 ] DEBUG Engine               - configClass: Optional.empty
19:00:18.974 [FXGL Background Thread 3 ] DEBUG Engine               - credits: []
19:00:18.974 [FXGL Background Thread 3 ] DEBUG Engine               - defaultCursor: CursorInfo(imageName=fxgl_default_cursor.png, hotspotX=7.0, hotspotY=6.0)
19:00:18.975 [FXGL Background Thread 3 ] DEBUG Engine               - devBBoxColorProperty: ObjectProperty [value: 0xff0000ff]
19:00:18.975 [FXGL Background Thread 3 ] DEBUG Engine               - devEnableDebugCameraProperty: BooleanProperty [value: false]
19:00:18.975 [FXGL Background Thread 3 ] DEBUG Engine               - devSensorColorProperty: ObjectProperty [value: 0xffff00ff]
19:00:18.975 [FXGL Background Thread 3 ] DEBUG Engine               - devShowBBoxProperty: BooleanProperty [value: false]
19:00:18.976 [FXGL Background Thread 3 ] DEBUG Engine               - devShowPositionProperty: BooleanProperty [value: false]
19:00:18.976 [FXGL Background Thread 3 ] DEBUG Engine               - enabledMenuItems: []
19:00:18.976 [FXGL Background Thread 3 ] DEBUG Engine               - engineServices: [class com.almasb.fxgl.app.services.FXGLAssetLoaderService, class com.almasb.fxgl.app.FXGLApplication$GameApplicationService, class com.almasb.fxgl.app.services.FXGLDialogService, class com.almasb.fxgl.app.services.IOTaskExecutorService, class com.almasb.fxgl.io.FileSystemService, class com.almasb.fxgl.localization.LocalizationService, class com.almasb.fxgl.app.services.SystemBundleService, class com.almasb.fxgl.profile.SaveLoadService, class com.almasb.fxgl.ui.FXGLUIFactoryServiceProvider, class com.almasb.fxgl.ui.FXGLDialogFactoryServiceProvider, class com.almasb.fxgl.audio.AudioPlayer, class com.almasb.fxgl.notification.impl.NotificationServiceProvider, class com.almasb.fxgl.achievement.AchievementService, class com.almasb.fxgl.cutscene.CutsceneService, class com.almasb.fxgl.minigames.MiniGameService, class com.almasb.fxgl.net.NetService, class com.almasb.fxgl.app.services.UpdaterService, class com.almasb.fxgl.dev.DevService]
19:00:18.976 [FXGL Background Thread 3 ] DEBUG Engine               - fontGame: Abel-Regular.ttf
19:00:18.976 [FXGL Background Thread 3 ] DEBUG Engine               - fontMono: TerminalLandMono-Regular.otf
19:00:18.976 [FXGL Background Thread 3 ] DEBUG Engine               - fontText: Courier-Prime.ttf
19:00:18.976 [FXGL Background Thread 3 ] DEBUG Engine               - fontUI: VarelaRound-Regular.ttf
19:00:18.976 [FXGL Background Thread 3 ] DEBUG Engine               - fullScreen: BooleanProperty [value: false]
19:00:18.976 [FXGL Background Thread 3 ] DEBUG Engine               - gameDifficulty: MEDIUM
19:00:18.977 [FXGL Background Thread 3 ] DEBUG Engine               - gameDifficultyProperty: ObjectProperty [value: MEDIUM]
19:00:18.977 [FXGL Background Thread 3 ] DEBUG Engine               - globalMusicVolume: 0.5
19:00:18.977 [FXGL Background Thread 3 ] DEBUG Engine               - globalMusicVolumeProperty: DoubleProperty [value: 0.5]
19:00:18.977 [FXGL Background Thread 3 ] DEBUG Engine               - globalSoundVolume: 0.5
19:00:18.977 [FXGL Background Thread 3 ] DEBUG Engine               - globalSoundVolumeProperty: DoubleProperty [value: 0.5]
19:00:18.977 [FXGL Background Thread 3 ] DEBUG Engine               - height: 360
19:00:18.977 [FXGL Background Thread 3 ] DEBUG Engine               - is3D: false
19:00:18.977 [FXGL Background Thread 3 ] DEBUG Engine               - isAndroid: false
19:00:18.977 [FXGL Background Thread 3 ] DEBUG Engine               - isBrowser: false
19:00:18.977 [FXGL Background Thread 3 ] DEBUG Engine               - isClickFeedbackEnabled: false
19:00:18.978 [FXGL Background Thread 3 ] DEBUG Engine               - isCloseConfirmation: false
19:00:18.978 [FXGL Background Thread 3 ] DEBUG Engine               - isDesktop: true
19:00:18.978 [FXGL Background Thread 3 ] DEBUG Engine               - isDeveloperMenuEnabled: false
19:00:18.978 [FXGL Background Thread 3 ] DEBUG Engine               - isEmbedded: false
19:00:18.978 [FXGL Background Thread 3 ] DEBUG Engine               - isEntityPreloadEnabled: true
19:00:18.978 [FXGL Background Thread 3 ] DEBUG Engine               - isExperimentalTiledLargeMap: false
19:00:18.978 [FXGL Background Thread 3 ] DEBUG Engine               - isFileSystemWriteAllowed: true
19:00:18.978 [FXGL Background Thread 3 ] DEBUG Engine               - isFullScreenAllowed: false
19:00:18.979 [FXGL Background Thread 3 ] DEBUG Engine               - isFullScreenFromStart: false
19:00:18.979 [FXGL Background Thread 3 ] DEBUG Engine               - isGameMenuEnabled: true
19:00:18.979 [FXGL Background Thread 3 ] DEBUG Engine               - isIOS: false
19:00:18.979 [FXGL Background Thread 3 ] DEBUG Engine               - isIntroEnabled: false
19:00:18.979 [FXGL Background Thread 3 ] DEBUG Engine               - isLinux: false
19:00:18.979 [FXGL Background Thread 3 ] DEBUG Engine               - isMac: false
19:00:18.979 [FXGL Background Thread 3 ] DEBUG Engine               - isMainMenuEnabled: false
19:00:18.979 [FXGL Background Thread 3 ] DEBUG Engine               - isManualResizeEnabled: false
19:00:18.979 [FXGL Background Thread 3 ] DEBUG Engine               - isMobile: false
19:00:18.979 [FXGL Background Thread 3 ] DEBUG Engine               - isNative: false
19:00:18.980 [FXGL Background Thread 3 ] DEBUG Engine               - isPauseMusicWhenMinimized: true
19:00:18.980 [FXGL Background Thread 3 ] DEBUG Engine               - isPreserveResizeRatio: false
19:00:18.980 [FXGL Background Thread 3 ] DEBUG Engine               - isProfilingEnabled: false
19:00:18.980 [FXGL Background Thread 3 ] DEBUG Engine               - isScaleAffectedOnResize: true
19:00:18.980 [FXGL Background Thread 3 ] DEBUG Engine               - isSingleStep: false
19:00:18.980 [FXGL Background Thread 3 ] DEBUG Engine               - isUserProfileEnabled: false
19:00:18.980 [FXGL Background Thread 3 ] DEBUG Engine               - isWindows: true
19:00:18.980 [FXGL Background Thread 3 ] DEBUG Engine               - language: ObjectProperty [value: ENGLISH]
19:00:18.980 [FXGL Background Thread 3 ] DEBUG Engine               - menuKey: ESCAPE
19:00:18.980 [FXGL Background Thread 3 ] DEBUG Engine               - mouseSensitivity: 0.2
19:00:18.980 [FXGL Background Thread 3 ] DEBUG Engine               - notificationViewClass: class com.almasb.fxgl.notification.view.XboxNotificationView
19:00:18.980 [FXGL Background Thread 3 ] DEBUG Engine               - pixelsPerMeter: 50.0
19:00:18.981 [FXGL Background Thread 3 ] DEBUG Engine               - platform: WINDOWS
19:00:18.981 [FXGL Background Thread 3 ] DEBUG Engine               - prefHeightProperty: ReadOnlyDoubleProperty [value: 360.0]
19:00:18.981 [FXGL Background Thread 3 ] DEBUG Engine               - prefWidthProperty: ReadOnlyDoubleProperty [value: 450.0]
19:00:18.981 [FXGL Background Thread 3 ] DEBUG Engine               - profileDir: profiles/
19:00:18.981 [FXGL Background Thread 3 ] DEBUG Engine               - profileName: StringProperty [value: DEFAULT]
19:00:18.981 [FXGL Background Thread 3 ] DEBUG Engine               - randomSeed: -1
19:00:18.982 [FXGL Background Thread 3 ] DEBUG Engine               - runtimeInfo: RuntimeInfo(platform=WINDOWS, version=17.2, build=20.08.2022 16.50)
19:00:18.982 [FXGL Background Thread 3 ] DEBUG Engine               - saveFileExt: sav
19:00:18.982 [FXGL Background Thread 3 ] DEBUG Engine               - scaledHeightProp$fxgl: DoubleProperty [bound, value: 360.0]
19:00:18.982 [FXGL Background Thread 3 ] DEBUG Engine               - scaledWidthProp$fxgl: DoubleProperty [bound, value: 450.0]
19:00:18.982 [FXGL Background Thread 3 ] DEBUG Engine               - sceneFactory: com.almasb.fxgl.app.scene.SceneFactory@5b89e2f4
19:00:18.982 [FXGL Background Thread 3 ] DEBUG Engine               - secondsIn24h: 60
19:00:18.982 [FXGL Background Thread 3 ] DEBUG Engine               - soundMenuBack: menu/back.wav
19:00:18.982 [FXGL Background Thread 3 ] DEBUG Engine               - soundMenuPress: menu/press.wav
19:00:18.982 [FXGL Background Thread 3 ] DEBUG Engine               - soundMenuSelect: menu/select.wav
19:00:18.982 [FXGL Background Thread 3 ] DEBUG Engine               - soundNotification: core/notification.wav
19:00:18.983 [FXGL Background Thread 3 ] DEBUG Engine               - stageStyle: DECORATED
19:00:18.983 [FXGL Background Thread 3 ] DEBUG Engine               - supportedLanguages: [ENGLISH, FRENCH, GERMAN, HUNGARIAN, RUSSIAN]
19:00:18.983 [FXGL Background Thread 3 ] DEBUG Engine               - ticksPerSecond: -1
19:00:18.983 [FXGL Background Thread 3 ] DEBUG Engine               - title: Soot(sin)
19:00:18.983 [FXGL Background Thread 3 ] DEBUG Engine               - urlGithub: https://github.com/AlmasB/FXGL
19:00:18.983 [FXGL Background Thread 3 ] DEBUG Engine               - urlLeaderboard: http://fxgl-top.herokuapp.com/
19:00:18.983 [FXGL Background Thread 3 ] DEBUG Engine               - urlPOM: https://raw.githubusercontent.com/AlmasB/FXGL/release/README.md
19:00:18.983 [FXGL Background Thread 3 ] DEBUG Engine               - userAppClass: class com.example.proj.SootApp
19:00:18.984 [FXGL Background Thread 3 ] DEBUG Engine               - version: 0.0
19:00:18.984 [FXGL Background Thread 3 ] DEBUG Engine               - versionCheckDays: 7
19:00:18.984 [FXGL Background Thread 3 ] DEBUG Engine               - width: 450
19:00:18.984 [FXGL Background Thread 3 ] DEBUG Engine               - Logging services
19:00:18.984 [FXGL Background Thread 3 ] DEBUG Engine               - class com.almasb.fxgl.app.services.FXGLAssetLoaderService
19:00:18.984 [FXGL Background Thread 3 ] DEBUG Engine               - class com.almasb.fxgl.app.FXGLApplication$GameApplicationService
19:00:18.984 [FXGL Background Thread 3 ] DEBUG Engine               - class com.almasb.fxgl.app.services.FXGLDialogService
19:00:18.984 [FXGL Background Thread 3 ] DEBUG Engine               - class com.almasb.fxgl.app.services.IOTaskExecutorService
19:00:18.984 [FXGL Background Thread 3 ] DEBUG Engine               - class com.almasb.fxgl.io.FileSystemService
19:00:18.984 [FXGL Background Thread 3 ] DEBUG Engine               - class com.almasb.fxgl.localization.LocalizationService
19:00:18.984 [FXGL Background Thread 3 ] DEBUG Engine               - class com.almasb.fxgl.app.services.SystemBundleService
19:00:18.984 [FXGL Background Thread 3 ] DEBUG Engine               - class com.almasb.fxgl.profile.SaveLoadService
19:00:18.984 [FXGL Background Thread 3 ] DEBUG Engine               - class com.almasb.fxgl.ui.FXGLUIFactoryServiceProvider
19:00:18.984 [FXGL Background Thread 3 ] DEBUG Engine               - class com.almasb.fxgl.ui.FXGLDialogFactoryServiceProvider
19:00:18.984 [FXGL Background Thread 3 ] DEBUG Engine               - class com.almasb.fxgl.audio.AudioPlayer
19:00:18.984 [FXGL Background Thread 3 ] DEBUG Engine               - class com.almasb.fxgl.notification.impl.NotificationServiceProvider
19:00:18.984 [FXGL Background Thread 3 ] DEBUG Engine               - class com.almasb.fxgl.achievement.AchievementService
19:00:18.985 [FXGL Background Thread 3 ] DEBUG Engine               - class com.almasb.fxgl.cutscene.CutsceneService
19:00:18.985 [FXGL Background Thread 3 ] DEBUG Engine               - class com.almasb.fxgl.minigames.MiniGameService
19:00:18.985 [FXGL Background Thread 3 ] DEBUG Engine               - class com.almasb.fxgl.net.NetService
19:00:18.985 [FXGL Background Thread 3 ] DEBUG Engine               - class com.almasb.fxgl.app.services.UpdaterService
19:00:18.985 [FXGL Background Thread 3 ] DEBUG Engine               - class com.almasb.fxgl.dev.DevService
19:00:24.531 [JavaFX Application Thread] DEBUG LoopRunner           - Stopping loop
19:00:24.534 [JavaFX Application Thread] FATAL FXGLApplication      - Uncaught Exception:
java.lang.NullPointerException: Parameter specified as non-null is null: method com.almasb.fxgl.app.scene.GameScene.removeUINode, parameter n
	at com.almasb.fxgl.all@17.2/com.almasb.fxgl.app.scene.GameScene.removeUINode(GameScene.kt)
	at com.example.proj.main/com.example.proj.SootApp$6.onCollisionBegin(SootApp.java:181)
	at com.almasb.fxgl.entity@17.2/com.almasb.fxgl.physics.CollisionPair.collisionBegin(CollisionPair.java:37)
	at com.almasb.fxgl.entity@17.2/com.almasb.fxgl.physics.PhysicsWorld.collisionBeginFor(PhysicsWorld.java:453)
	at com.almasb.fxgl.entity@17.2/com.almasb.fxgl.physics.PhysicsWorld.beginContact(PhysicsWorld.java:235)
	at com.almasb.fxgl.entity@17.2/com.almasb.fxgl.physics.box2d.dynamics.contacts.Contact.update(Contact.java:269)
	at com.almasb.fxgl.entity@17.2/com.almasb.fxgl.physics.box2d.dynamics.ContactManager.collide(ContactManager.java:303)
	at com.almasb.fxgl.entity@17.2/com.almasb.fxgl.physics.box2d.dynamics.World.step(World.java:272)
	at com.almasb.fxgl.entity@17.2/com.almasb.fxgl.physics.PhysicsWorld.onUpdate(PhysicsWorld.java:176)
	at com.almasb.fxgl.all@17.2/com.almasb.fxgl.app.scene.GameScene.step(GameScene.kt:229)
	at com.almasb.fxgl.all@17.2/com.almasb.fxgl.app.scene.GameScene.onUpdate(GameScene.kt:224)
	at com.almasb.fxgl.scene@17.2/com.almasb.fxgl.scene.Scene.update(Scene.kt:105)
	at com.almasb.fxgl.all@17.2/com.almasb.fxgl.app.MainWindow$update$1.invoke(MainWindow.kt:115)
	at com.almasb.fxgl.all@17.2/com.almasb.fxgl.app.MainWindow$update$1.invoke(MainWindow.kt:115)
	at com.almasb.fxgl.core@17.2/com.almasb.fxgl.core.fsm.StateMachine.runOnActiveStates(StateMachine.kt:69)
	at com.almasb.fxgl.all@17.2/com.almasb.fxgl.app.MainWindow.update(MainWindow.kt:115)
	at com.almasb.fxgl.all@17.2/com.almasb.fxgl.app.FXGLApplication$GameApplicationService.onUpdate(FXGLApplication.kt:426)
	at com.almasb.fxgl.all@17.2/com.almasb.fxgl.app.Engine.loop(Engine.kt:134)
	at com.almasb.fxgl.all@17.2/com.almasb.fxgl.app.Engine.access$loop(Engine.kt:24)
	at com.almasb.fxgl.all@17.2/com.almasb.fxgl.app.Engine$loop$1.invoke(Engine.kt:28)
	at com.almasb.fxgl.all@17.2/com.almasb.fxgl.app.Engine$loop$1.invoke(Engine.kt:28)
	at com.almasb.fxgl.all@17.2/com.almasb.fxgl.app.LoopRunner.frame(LoopRunner.kt:103)
	at com.almasb.fxgl.all@17.2/com.almasb.fxgl.app.LoopRunner.access$frame(LoopRunner.kt:23)
	at com.almasb.fxgl.all@17.2/com.almasb.fxgl.app.LoopRunner$impl$2$1.onTick(LoopRunner.kt:57)
	at com.almasb.fxgl.all@17.2/com.almasb.fxgl.app.AnimationTimerLoop$timer$1.handle(LoopRunner.kt:137)
	at javafx.graphics@18.0.2/javafx.animation.AnimationTimer$AnimationTimerReceiver.lambda$handle$0(AnimationTimer.java:58)
	at java.base/java.security.AccessController.doPrivileged(AccessController.java:399)
	at javafx.graphics@18.0.2/javafx.animation.AnimationTimer$AnimationTimerReceiver.handle(AnimationTimer.java:57)
	at javafx.graphics@18.0.2/com.sun.scenario.animation.AbstractPrimaryTimer.timePulseImpl(AbstractPrimaryTimer.java:356)
	at javafx.graphics@18.0.2/com.sun.scenario.animation.AbstractPrimaryTimer$MainLoop.run(AbstractPrimaryTimer.java:266)
	at javafx.graphics@18.0.2/com.sun.javafx.tk.quantum.QuantumToolkit.pulse(QuantumToolkit.java:571)
	at javafx.graphics@18.0.2/com.sun.javafx.tk.quantum.QuantumToolkit.pulse(QuantumToolkit.java:555)
	at javafx.graphics@18.0.2/com.sun.javafx.tk.quantum.QuantumToolkit.pulseFromQueue(QuantumToolkit.java:548)
	at javafx.graphics@18.0.2/com.sun.javafx.tk.quantum.QuantumToolkit.lambda$runToolkit$11(QuantumToolkit.java:352)
	at javafx.graphics@18.0.2/com.sun.glass.ui.InvokeLaterDispatcher$Future.run(InvokeLaterDispatcher.java:96)
	at javafx.graphics@18.0.2/com.sun.glass.ui.win.WinApplication._runLoop(Native Method)
	at javafx.graphics@18.0.2/com.sun.glass.ui.win.WinApplication.lambda$runLoop$3(WinApplication.java:184)
	at java.base/java.lang.Thread.run(Thread.java:833)

19:00:24.535 [JavaFX Application Thread] FATAL FXGLApplication      - Application will now exit
19:00:24.567 [JavaFX Application Thread] DEBUG PrimaryStageWindow   - Push state: ErrorSubScene
19:00:24.567 [JavaFX Application Thread] DEBUG Input                - Clearing active input actions
19:00:24.571 [JavaFX Application Thread] DEBUG GameApplicationServi - Removing overlay from GameScene and adding to ErrorSubScene
19:00:24.571 [JavaFX Application Thread] DEBUG PrimaryStageWindow   - GameScene -> ErrorSubScene
19:00:28.323 [JavaFX Application Thread] DEBUG FXGLApplication      - Exiting FXGL
19:00:28.323 [JavaFX Application Thread] DEBUG Async                - Shutting down background threads
19:00:28.324 [JavaFX Application Thread] DEBUG PrimaryStageWindow   - Closing main window
19:00:28.348 [JavaFX Application Thread] DEBUG Logger               - Closing Logger
