22:08:50.793 [main                     ] DEBUG Logger               - Configured Logger
22:08:50.811 [main                     ] DEBUG GameApplication      - Logging settings
Title: Soot(sin)
Version: 0.0
Width: 700
Height: 360
Fullscreen: false
Intro: false
Profiling: false
Single step:false
App Mode: DEVELOPER
Menu Key: ESCAPE
Stage Style: DECORATED
Scene Factory: class com.almasb.fxgl.app.scene.SceneFactory

22:08:51.119 [JavaFX Application Thread] DEBUG FXGLApplication      - Initializing FXGL
22:08:51.125 [JavaFX Application Thread] INFO  Engine               - FXGL-17.2 (20.08.2022 16.50) on MAC (J:18.0.2.1 FX:18.0.2)
22:08:51.125 [JavaFX Application Thread] DEBUG Engine               - JRE Vendor Name: Oracle Corporation
22:08:51.126 [JavaFX Application Thread] DEBUG Engine               - Running on OS: Mac OS X version 13.4.1
22:08:51.126 [JavaFX Application Thread] DEBUG Engine               - Architecture: aarch64
22:08:51.126 [JavaFX Application Thread] INFO  Engine               - Source code and latest versions at: https://github.com/AlmasB/FXGL
22:08:51.126 [JavaFX Application Thread] INFO  Engine               -       Ask questions and discuss at: https://github.com/AlmasB/FXGL/discussions
22:08:51.126 [JavaFX Application Thread] INFO  Engine               -              Join the FXGL chat at: https://gitter.im/AlmasB/FXGL
22:08:51.219 [JavaFX Application Thread] DEBUG PrimaryStageWindow   - Creating a JavaFX scene
22:08:51.286 [JavaFX Application Thread] DEBUG PrimaryStageWindow   - Target settings size: 700.0 x 360.0
22:08:51.287 [JavaFX Application Thread] DEBUG PrimaryStageWindow   - Scaled scene size:    700.0 x 360.0
22:08:51.287 [JavaFX Application Thread] DEBUG PrimaryStageWindow   - Scaled ratio: (1.0, 1.0)
22:08:51.288 [JavaFX Application Thread] DEBUG PrimaryStageWindow   - Set initial scene to FXGLStartupScene
22:08:51.294 [JavaFX Application Thread] DEBUG PrimaryStageWindow   - Opening main window
22:08:51.603 [JavaFX Application Thread] DEBUG PrimaryStageWindow   - Window border size: (0.0, 28.0)
22:08:51.604 [JavaFX Application Thread] DEBUG PrimaryStageWindow   - Scaled size: 700.0 x 360.0
22:08:51.604 [JavaFX Application Thread] DEBUG PrimaryStageWindow   - Scaled ratio: (1.0, 1.0)
22:08:51.604 [JavaFX Application Thread] DEBUG PrimaryStageWindow   - Scene size: 700.0 x 360.0
22:08:51.605 [JavaFX Application Thread] DEBUG PrimaryStageWindow   - Stage size: 700.0 x 388.0
22:08:51.615 [FXGL Background Thread 1 ] DEBUG Engine               - Initializing environment variables
22:08:51.771 [FXGL Background Thread 1 ] DEBUG FXGLAssetLoaderServi - User app class for loading assets: class com.example.proj.SootApp
22:08:51.771 [FXGL Background Thread 1 ] DEBUG GameApplicationServi - Applying CSS: fxgl_dark.css
22:08:51.773 [FXGL Background Thread 1 ] DEBUG FXGLAssetLoaderServi - Loading from file system: jar:file:///Users/olive/.m2/repository/com/github/almasb/fxgl/17.2/fxgl-17.2.jar!/fxglassets/ui/css/fxgl_dark.css
22:08:51.862 [FXGL Background Thread 1 ] DEBUG GameApplicationServi - Initializing application scenes
22:08:52.098 [FXGL Background Thread 1 ] DEBUG GameWorld            - Game world initialized
22:08:52.139 [FXGL Background Thread 1 ] DEBUG PhysicsWorld         - Physics world initialized: appHeight=360, physics.ppm=50.0
22:08:52.139 [FXGL Background Thread 1 ] DEBUG PhysicsWorld         - Using strategy: BRUTE_FORCE
22:08:52.141 [FXGL Background Thread 1 ] DEBUG GameScene            - Game scene initialized: 700x360
22:08:52.147 [FXGL Background Thread 1 ] WARN  FXGL.DefaultMenu     - FXGLDefaultMenu is not designed for resolutions < 800x600
22:08:52.147 [FXGL Background Thread 1 ] DEBUG FXGL.DefaultMenu     - createMenuBodyGameMenu()
22:08:52.156 [FXGL Background Thread 1 ] DEBUG FXGL.DefaultMenu     - createOptionsMenu()
22:08:52.162 [FXGL Background Thread 1 ] DEBUG FXGLAssetLoaderServi - Loading from file system: jar:file:///Users/olive/.m2/repository/com/github/almasb/fxgl/17.2/fxgl-17.2.jar!/fxglassets/textures/particles/smoke.png
22:08:52.324 [FXGL Background Thread 1 ] DEBUG FXGLAssetLoaderServi - Loading from file system: jar:file:///Users/olive/.m2/repository/com/github/almasb/fxgl/17.2/fxgl-17.2.jar!/fxglassets/textures/particles/trace_horizontal.png
22:08:52.543 [FXGL Background Thread 1 ] DEBUG GameApplicationServi - Application scenes initialized
22:08:52.662 [FXGL Background Thread 1 ] DEBUG SystemBundleService  - Loading FXGL system data
22:08:52.674 [FXGL Background Thread 1 ] DEBUG FileSystemAccess     - Reading from: /Users/olive/Documents/GitHub/Project-Winter/system/fxgl.bundle
22:08:52.687 [FXGL Background Thread 1 ] DEBUG SystemBundleService  - Bundle FXGL: {}
22:08:52.687 [FXGL Background Thread 1 ] DEBUG UpdaterService       - Checking for updates
22:08:52.705 [FXGL Background Thread 4 ] DEBUG FXGLApplication      - Loading fonts
22:08:52.705 [FXGL Background Thread 4 ] DEBUG FXGLAssetLoaderServi - Loading from file system: jar:file:///Users/olive/.m2/repository/com/github/almasb/fxgl/17.2/fxgl-17.2.jar!/fxglassets/ui/fonts/VarelaRound-Regular.ttf
22:08:52.706 [FXGL Background Thread 1 ] DEBUG FXGLApplication      - Loading default localization
22:08:52.709 [FXGL Background Thread 1 ] DEBUG FXGLAssetLoaderServi - Loading from file system: jar:file:///Users/olive/.m2/repository/com/github/almasb/fxgl/17.2/fxgl-17.2.jar!/fxglassets/languages/english.lang
22:08:52.723 [FXGL Background Thread 4 ] DEBUG FXGLAssetLoaderServi - Loading from file system: jar:file:///Users/olive/.m2/repository/com/github/almasb/fxgl/17.2/fxgl-17.2.jar!/fxglassets/ui/fonts/Abel-Regular.ttf
22:08:52.727 [FXGL Background Thread 4 ] DEBUG FXGLAssetLoaderServi - Loading from file system: jar:file:///Users/olive/.m2/repository/com/github/almasb/fxgl/17.2/fxgl-17.2.jar!/fxglassets/ui/fonts/TerminalLandMono-Regular.otf
22:08:52.732 [FXGL Background Thread 4 ] DEBUG FXGLAssetLoaderServi - Loading from file system: jar:file:///Users/olive/.m2/repository/com/github/almasb/fxgl/17.2/fxgl-17.2.jar!/fxglassets/ui/fonts/Courier-Prime.ttf
22:08:52.737 [JavaFX Application Thread] DEBUG FXGLApplication      - Registering font factories with UI factory
22:08:52.738 [FXGL Background Thread 1 ] INFO  FXGLApplication      - FXGL initialization took: 1.122 sec
22:08:52.752 [JavaFX Application Thread] DEBUG Input                - Registered new binding: left - Left
22:08:52.752 [JavaFX Application Thread] DEBUG Input                - Registered new binding: right - Right
22:08:52.752 [JavaFX Application Thread] DEBUG Input                - Registered new binding: jump - Up
22:08:52.752 [JavaFX Application Thread] DEBUG FXGLAssetLoaderServi - Loading from file system: jar:file:///Users/olive/.m2/repository/com/github/almasb/fxgl/17.2/fxgl-17.2.jar!/fxglassets/textures/fxgl_icon.png
22:08:52.788 [JavaFX Application Thread] DEBUG FXGLAssetLoaderServi - Loading from file system: jar:file:///Users/olive/.m2/repository/com/github/almasb/fxgl/17.2/fxgl-17.2.jar!/fxglassets/textures/fxgl_default_cursor.png
22:08:52.790 [JavaFX Application Thread] DEBUG Input                - Registered new binding: Screenshot - CTRL+8
22:08:52.791 [JavaFX Application Thread] DEBUG Input                - Registered new binding: System info dump - CTRL+9
22:08:52.791 [JavaFX Application Thread] DEBUG Input                - Registered new binding: Restart - CTRL+R
22:08:52.791 [JavaFX Application Thread] DEBUG Input                - Registered new binding: Toggle Debug Camera - CTRL+7
22:08:52.793 [JavaFX Application Thread] DEBUG LoopRunner           - Starting loop
22:08:52.793 [JavaFX Application Thread] DEBUG LoopRunner           - Initializing JavaFX AnimationTimerLoop
22:08:52.794 [JavaFX Application Thread] DEBUG GameApplicationServi - Starting new game
22:08:52.794 [JavaFX Application Thread] DEBUG Input                - Clearing active input actions
22:08:52.805 [JavaFX Application Thread] DEBUG GameApplicationServi - Removing overlay from FXGLStartupScene and adding to FXGLLoadingScene
22:08:52.805 [JavaFX Application Thread] DEBUG PrimaryStageWindow   - FXGLStartupScene -> FXGLLoadingScene
22:08:52.805 [JavaFX Application Thread] DEBUG GameApplicationServi - Clearing previous game
22:08:52.805 [JavaFX Application Thread] DEBUG GameScene            - Clearing game scene
22:08:52.805 [JavaFX Application Thread] DEBUG GameWorld            - Clearing game world
22:08:52.806 [JavaFX Application Thread] DEBUG PhysicsWorld         - Clearing physics world
22:08:52.808 [FXGL Background Thread 1 ] DEBUG FXGLApplication      - Initializing game
22:08:52.856 [FXGL Background Thread 1 ] DEBUG TMXLevelLoader       - Parsed TiledMap: file:/Users/olive/Documents/GitHub/Project-Winter/proj/target/classes/assets/levels/tmx/Plat1.9.0.tmx
22:08:52.857 [FXGL Background Thread 1 ] DEBUG TMXLevelLoader       - Creating tile layer entities
22:08:52.858 [FXGL Background Thread 1 ] DEBUG TilesetLoader        - Loading view for layer Tile Layer 1
22:08:52.859 [FXGL Background Thread 1 ] DEBUG TilesetLoader        - Created buffer with size 810.0x360.0
22:08:52.870 [FXGL Background Thread 1 ] DEBUG TMXLevelLoader       - Creating object layer entities
22:08:52.892 [FXGL Background Thread 1 ] DEBUG GameWorld            - Clearing removable entities
22:08:52.892 [FXGL Background Thread 1 ] DEBUG GameWorld            - Setting level: com.almasb.fxgl.entity.level.Level@448f80f3
22:08:52.908 [FXGL Background Thread 1 ] DEBUG FXGLAssetLoaderServi - Loading from file system: file:/Users/olive/Documents/GitHub/Project-Winter/proj/target/classes/assets/textures/finalSOOT.gif
22:08:52.924 [FXGL Background Thread 1 ] WARN  Entity               - Entity already has component: com.example.proj.component.PlayerControl
22:08:52.927 [FXGL Background Thread 1 ] DEBUG FXGLAssetLoaderServi - Loading from file system: file:/Users/olive/Documents/GitHub/Project-Winter/proj/target/classes/assets/textures/heart.png
22:08:52.930 [FXGL Background Thread 1 ] INFO  FXGLApplication      - Game initialization took: 0.122 sec
22:08:52.939 [JavaFX Application Thread] DEBUG Input                - Clearing active input actions
22:08:52.961 [JavaFX Application Thread] DEBUG GameApplicationServi - Removing overlay from FXGLLoadingScene and adding to GameScene
22:08:52.961 [JavaFX Application Thread] DEBUG PrimaryStageWindow   - FXGLLoadingScene -> GameScene
22:08:53.208 [FXGL Background Thread 2 ] INFO  UpdaterService       - Your current version:  17.2
22:08:53.209 [FXGL Background Thread 2 ] INFO  UpdaterService       - Latest stable version: 21
22:08:55.704 [FXGL Background Thread 3 ] DEBUG Engine               - Logging environment variables
22:08:55.706 [FXGL Background Thread 3 ] DEBUG Engine               - achievements: []
22:08:55.706 [FXGL Background Thread 3 ] DEBUG Engine               - actualHeight: 360.0
22:08:55.706 [FXGL Background Thread 3 ] DEBUG Engine               - actualHeightProperty: ReadOnlyDoubleProperty [value: 360.0]
22:08:55.706 [FXGL Background Thread 3 ] DEBUG Engine               - actualWidth: 700.0
22:08:55.707 [FXGL Background Thread 3 ] DEBUG Engine               - actualWidthProperty: ReadOnlyDoubleProperty [value: 700.0]
22:08:55.707 [FXGL Background Thread 3 ] DEBUG Engine               - appIcon: fxgl_icon.png
22:08:55.707 [FXGL Background Thread 3 ] DEBUG Engine               - applicationMode: DEVELOPER
22:08:55.707 [FXGL Background Thread 3 ] DEBUG Engine               - cSSList: [fxgl_dark.css]
22:08:55.707 [FXGL Background Thread 3 ] DEBUG Engine               - collisionDetectionStrategy: BRUTE_FORCE
22:08:55.707 [FXGL Background Thread 3 ] DEBUG Engine               - configClass: Optional.empty
22:08:55.707 [FXGL Background Thread 3 ] DEBUG Engine               - credits: []
22:08:55.708 [FXGL Background Thread 3 ] DEBUG Engine               - defaultCursor: CursorInfo(imageName=fxgl_default_cursor.png, hotspotX=7.0, hotspotY=6.0)
22:08:55.709 [FXGL Background Thread 3 ] DEBUG Engine               - devBBoxColorProperty: ObjectProperty [value: 0xff0000ff]
22:08:55.709 [FXGL Background Thread 3 ] DEBUG Engine               - devEnableDebugCameraProperty: BooleanProperty [value: false]
22:08:55.709 [FXGL Background Thread 3 ] DEBUG Engine               - devSensorColorProperty: ObjectProperty [value: 0xffff00ff]
22:08:55.709 [FXGL Background Thread 3 ] DEBUG Engine               - devShowBBoxProperty: BooleanProperty [value: false]
22:08:55.709 [FXGL Background Thread 3 ] DEBUG Engine               - devShowPositionProperty: BooleanProperty [value: false]
22:08:55.709 [FXGL Background Thread 3 ] DEBUG Engine               - enabledMenuItems: []
22:08:55.710 [FXGL Background Thread 3 ] DEBUG Engine               - engineServices: [class com.almasb.fxgl.app.services.FXGLAssetLoaderService, class com.almasb.fxgl.app.FXGLApplication$GameApplicationService, class com.almasb.fxgl.app.services.FXGLDialogService, class com.almasb.fxgl.app.services.IOTaskExecutorService, class com.almasb.fxgl.io.FileSystemService, class com.almasb.fxgl.localization.LocalizationService, class com.almasb.fxgl.app.services.SystemBundleService, class com.almasb.fxgl.profile.SaveLoadService, class com.almasb.fxgl.ui.FXGLUIFactoryServiceProvider, class com.almasb.fxgl.ui.FXGLDialogFactoryServiceProvider, class com.almasb.fxgl.audio.AudioPlayer, class com.almasb.fxgl.notification.impl.NotificationServiceProvider, class com.almasb.fxgl.achievement.AchievementService, class com.almasb.fxgl.cutscene.CutsceneService, class com.almasb.fxgl.minigames.MiniGameService, class com.almasb.fxgl.net.NetService, class com.almasb.fxgl.app.services.UpdaterService, class com.almasb.fxgl.dev.DevService]
22:08:55.710 [FXGL Background Thread 3 ] DEBUG Engine               - fontGame: Abel-Regular.ttf
22:08:55.710 [FXGL Background Thread 3 ] DEBUG Engine               - fontMono: TerminalLandMono-Regular.otf
22:08:55.710 [FXGL Background Thread 3 ] DEBUG Engine               - fontText: Courier-Prime.ttf
22:08:55.710 [FXGL Background Thread 3 ] DEBUG Engine               - fontUI: VarelaRound-Regular.ttf
22:08:55.710 [FXGL Background Thread 3 ] DEBUG Engine               - fullScreen: BooleanProperty [value: false]
22:08:55.710 [FXGL Background Thread 3 ] DEBUG Engine               - gameDifficulty: MEDIUM
22:08:55.710 [FXGL Background Thread 3 ] DEBUG Engine               - gameDifficultyProperty: ObjectProperty [value: MEDIUM]
22:08:55.710 [FXGL Background Thread 3 ] DEBUG Engine               - globalMusicVolume: 0.5
22:08:55.711 [FXGL Background Thread 3 ] DEBUG Engine               - globalMusicVolumeProperty: DoubleProperty [value: 0.5]
22:08:55.711 [FXGL Background Thread 3 ] DEBUG Engine               - globalSoundVolume: 0.5
22:08:55.711 [FXGL Background Thread 3 ] DEBUG Engine               - globalSoundVolumeProperty: DoubleProperty [value: 0.5]
22:08:55.711 [FXGL Background Thread 3 ] DEBUG Engine               - height: 360
22:08:55.711 [FXGL Background Thread 3 ] DEBUG Engine               - is3D: false
22:08:55.711 [FXGL Background Thread 3 ] DEBUG Engine               - isAndroid: false
22:08:55.711 [FXGL Background Thread 3 ] DEBUG Engine               - isBrowser: false
22:08:55.711 [FXGL Background Thread 3 ] DEBUG Engine               - isClickFeedbackEnabled: false
22:08:55.711 [FXGL Background Thread 3 ] DEBUG Engine               - isCloseConfirmation: false
22:08:55.711 [FXGL Background Thread 3 ] DEBUG Engine               - isDesktop: true
22:08:55.711 [FXGL Background Thread 3 ] DEBUG Engine               - isDeveloperMenuEnabled: false
22:08:55.711 [FXGL Background Thread 3 ] DEBUG Engine               - isEmbedded: false
22:08:55.711 [FXGL Background Thread 3 ] DEBUG Engine               - isEntityPreloadEnabled: true
22:08:55.711 [FXGL Background Thread 3 ] DEBUG Engine               - isExperimentalTiledLargeMap: false
22:08:55.711 [FXGL Background Thread 3 ] DEBUG Engine               - isFileSystemWriteAllowed: true
22:08:55.712 [FXGL Background Thread 3 ] DEBUG Engine               - isFullScreenAllowed: false
22:08:55.712 [FXGL Background Thread 3 ] DEBUG Engine               - isFullScreenFromStart: false
22:08:55.712 [FXGL Background Thread 3 ] DEBUG Engine               - isGameMenuEnabled: true
22:08:55.712 [FXGL Background Thread 3 ] DEBUG Engine               - isIOS: false
22:08:55.712 [FXGL Background Thread 3 ] DEBUG Engine               - isIntroEnabled: false
22:08:55.712 [FXGL Background Thread 3 ] DEBUG Engine               - isLinux: false
22:08:55.712 [FXGL Background Thread 3 ] DEBUG Engine               - isMac: true
22:08:55.712 [FXGL Background Thread 3 ] DEBUG Engine               - isMainMenuEnabled: false
22:08:55.712 [FXGL Background Thread 3 ] DEBUG Engine               - isManualResizeEnabled: false
22:08:55.712 [FXGL Background Thread 3 ] DEBUG Engine               - isMobile: false
22:08:55.712 [FXGL Background Thread 3 ] DEBUG Engine               - isNative: false
22:08:55.712 [FXGL Background Thread 3 ] DEBUG Engine               - isPauseMusicWhenMinimized: true
22:08:55.712 [FXGL Background Thread 3 ] DEBUG Engine               - isPreserveResizeRatio: false
22:08:55.712 [FXGL Background Thread 3 ] DEBUG Engine               - isProfilingEnabled: false
22:08:55.712 [FXGL Background Thread 3 ] DEBUG Engine               - isScaleAffectedOnResize: true
22:08:55.712 [FXGL Background Thread 3 ] DEBUG Engine               - isSingleStep: false
22:08:55.712 [FXGL Background Thread 3 ] DEBUG Engine               - isUserProfileEnabled: false
22:08:55.713 [FXGL Background Thread 3 ] DEBUG Engine               - isWindows: false
22:08:55.713 [FXGL Background Thread 3 ] DEBUG Engine               - language: ObjectProperty [value: ENGLISH]
22:08:55.713 [FXGL Background Thread 3 ] DEBUG Engine               - menuKey: ESCAPE
22:08:55.713 [FXGL Background Thread 3 ] DEBUG Engine               - mouseSensitivity: 0.2
22:08:55.713 [FXGL Background Thread 3 ] DEBUG Engine               - notificationViewClass: class com.almasb.fxgl.notification.view.XboxNotificationView
22:08:55.713 [FXGL Background Thread 3 ] DEBUG Engine               - pixelsPerMeter: 50.0
22:08:55.713 [FXGL Background Thread 3 ] DEBUG Engine               - platform: MAC
22:08:55.713 [FXGL Background Thread 3 ] DEBUG Engine               - prefHeightProperty: ReadOnlyDoubleProperty [value: 360.0]
22:08:55.713 [FXGL Background Thread 3 ] DEBUG Engine               - prefWidthProperty: ReadOnlyDoubleProperty [value: 700.0]
22:08:55.713 [FXGL Background Thread 3 ] DEBUG Engine               - profileDir: profiles/
22:08:55.713 [FXGL Background Thread 3 ] DEBUG Engine               - profileName: StringProperty [value: DEFAULT]
22:08:55.713 [FXGL Background Thread 3 ] DEBUG Engine               - randomSeed: -1
22:08:55.714 [FXGL Background Thread 3 ] DEBUG Engine               - runtimeInfo: RuntimeInfo(platform=MAC, version=17.2, build=20.08.2022 16.50)
22:08:55.714 [FXGL Background Thread 3 ] DEBUG Engine               - saveFileExt: sav
22:08:55.714 [FXGL Background Thread 3 ] DEBUG Engine               - scaledHeightProp$fxgl: DoubleProperty [bound, value: 360.0]
22:08:55.714 [FXGL Background Thread 3 ] DEBUG Engine               - scaledWidthProp$fxgl: DoubleProperty [bound, value: 700.0]
22:08:55.714 [FXGL Background Thread 3 ] DEBUG Engine               - sceneFactory: com.almasb.fxgl.app.scene.SceneFactory@ca52ab7
22:08:55.714 [FXGL Background Thread 3 ] DEBUG Engine               - secondsIn24h: 60
22:08:55.714 [FXGL Background Thread 3 ] DEBUG Engine               - soundMenuBack: menu/back.wav
22:08:55.714 [FXGL Background Thread 3 ] DEBUG Engine               - soundMenuPress: menu/press.wav
22:08:55.714 [FXGL Background Thread 3 ] DEBUG Engine               - soundMenuSelect: menu/select.wav
22:08:55.714 [FXGL Background Thread 3 ] DEBUG Engine               - soundNotification: core/notification.wav
22:08:55.715 [FXGL Background Thread 3 ] DEBUG Engine               - stageStyle: DECORATED
22:08:55.715 [FXGL Background Thread 3 ] DEBUG Engine               - supportedLanguages: [ENGLISH, FRENCH, GERMAN, HUNGARIAN, RUSSIAN]
22:08:55.715 [FXGL Background Thread 3 ] DEBUG Engine               - ticksPerSecond: -1
22:08:55.715 [FXGL Background Thread 3 ] DEBUG Engine               - title: Soot(sin)
22:08:55.715 [FXGL Background Thread 3 ] DEBUG Engine               - urlGithub: https://github.com/AlmasB/FXGL
22:08:55.715 [FXGL Background Thread 3 ] DEBUG Engine               - urlLeaderboard: http://fxgl-top.herokuapp.com/
22:08:55.715 [FXGL Background Thread 3 ] DEBUG Engine               - urlPOM: https://raw.githubusercontent.com/AlmasB/FXGL/release/README.md
22:08:55.715 [FXGL Background Thread 3 ] DEBUG Engine               - userAppClass: class com.example.proj.SootApp
22:08:55.715 [FXGL Background Thread 3 ] DEBUG Engine               - version: 0.0
22:08:55.715 [FXGL Background Thread 3 ] DEBUG Engine               - versionCheckDays: 7
22:08:55.715 [FXGL Background Thread 3 ] DEBUG Engine               - width: 700
22:08:55.715 [FXGL Background Thread 3 ] DEBUG Engine               - Logging services
22:08:55.715 [FXGL Background Thread 3 ] DEBUG Engine               - class com.almasb.fxgl.app.services.FXGLAssetLoaderService
22:08:55.715 [FXGL Background Thread 3 ] DEBUG Engine               - class com.almasb.fxgl.app.FXGLApplication$GameApplicationService
22:08:55.715 [FXGL Background Thread 3 ] DEBUG Engine               - class com.almasb.fxgl.app.services.FXGLDialogService
22:08:55.715 [FXGL Background Thread 3 ] DEBUG Engine               - class com.almasb.fxgl.app.services.IOTaskExecutorService
22:08:55.715 [FXGL Background Thread 3 ] DEBUG Engine               - class com.almasb.fxgl.io.FileSystemService
22:08:55.715 [FXGL Background Thread 3 ] DEBUG Engine               - class com.almasb.fxgl.localization.LocalizationService
22:08:55.715 [FXGL Background Thread 3 ] DEBUG Engine               - class com.almasb.fxgl.app.services.SystemBundleService
22:08:55.715 [FXGL Background Thread 3 ] DEBUG Engine               - class com.almasb.fxgl.profile.SaveLoadService
22:08:55.715 [FXGL Background Thread 3 ] DEBUG Engine               - class com.almasb.fxgl.ui.FXGLUIFactoryServiceProvider
22:08:55.715 [FXGL Background Thread 3 ] DEBUG Engine               - class com.almasb.fxgl.ui.FXGLDialogFactoryServiceProvider
22:08:55.715 [FXGL Background Thread 3 ] DEBUG Engine               - class com.almasb.fxgl.audio.AudioPlayer
22:08:55.716 [FXGL Background Thread 3 ] DEBUG Engine               - class com.almasb.fxgl.notification.impl.NotificationServiceProvider
22:08:55.716 [FXGL Background Thread 3 ] DEBUG Engine               - class com.almasb.fxgl.achievement.AchievementService
22:08:55.716 [FXGL Background Thread 3 ] DEBUG Engine               - class com.almasb.fxgl.cutscene.CutsceneService
22:08:55.716 [FXGL Background Thread 3 ] DEBUG Engine               - class com.almasb.fxgl.minigames.MiniGameService
22:08:55.716 [FXGL Background Thread 3 ] DEBUG Engine               - class com.almasb.fxgl.net.NetService
22:08:55.716 [FXGL Background Thread 3 ] DEBUG Engine               - class com.almasb.fxgl.app.services.UpdaterService
22:08:55.716 [FXGL Background Thread 3 ] DEBUG Engine               - class com.almasb.fxgl.dev.DevService
22:09:05.861 [JavaFX Application Thread] DEBUG PrimaryStageWindow   - Push state: DialogSubScene
22:09:05.862 [JavaFX Application Thread] DEBUG Input                - Clearing active input actions
22:09:05.864 [JavaFX Application Thread] DEBUG GameApplicationServi - Removing overlay from GameScene and adding to DialogSubScene
22:09:05.864 [JavaFX Application Thread] DEBUG PrimaryStageWindow   - GameScene -> DialogSubScene
22:09:08.830 [JavaFX Application Thread] DEBUG PrimaryStageWindow   - Pop state: DialogSubScene
22:09:08.830 [JavaFX Application Thread] DEBUG Input                - Clearing active input actions
22:09:08.831 [JavaFX Application Thread] DEBUG GameApplicationServi - Removing overlay from DialogSubScene and adding to GameScene
22:09:08.832 [JavaFX Application Thread] DEBUG PrimaryStageWindow   - GameScene <- DialogSubScene
22:09:08.832 [JavaFX Application Thread] DEBUG GameApplicationServi - Starting new game
22:09:08.832 [JavaFX Application Thread] DEBUG Input                - Clearing active input actions
22:09:08.841 [JavaFX Application Thread] DEBUG GameApplicationServi - Removing overlay from GameScene and adding to FXGLLoadingScene
22:09:08.841 [JavaFX Application Thread] DEBUG PrimaryStageWindow   - GameScene -> FXGLLoadingScene
22:09:08.841 [JavaFX Application Thread] DEBUG GameApplicationServi - Clearing previous game
22:09:08.841 [JavaFX Application Thread] DEBUG GameScene            - Clearing game scene
22:09:08.841 [JavaFX Application Thread] DEBUG GameWorld            - Clearing game world
22:09:08.846 [JavaFX Application Thread] DEBUG PhysicsWorld         - Clearing physics world
22:09:08.846 [FXGL Background Thread 2 ] DEBUG FXGLApplication      - Initializing game
22:09:08.851 [FXGL Background Thread 2 ] DEBUG TMXLevelLoader       - Parsed TiledMap: file:/Users/olive/Documents/GitHub/Project-Winter/proj/target/classes/assets/levels/tmx/Plat1.9.0.tmx
22:09:08.851 [FXGL Background Thread 2 ] DEBUG TMXLevelLoader       - Creating tile layer entities
22:09:08.851 [FXGL Background Thread 2 ] DEBUG TilesetLoader        - Loading view for layer Tile Layer 1
22:09:08.851 [FXGL Background Thread 2 ] DEBUG TilesetLoader        - Created buffer with size 810.0x360.0
22:09:08.855 [FXGL Background Thread 2 ] DEBUG TMXLevelLoader       - Creating object layer entities
22:09:08.858 [FXGL Background Thread 2 ] DEBUG GameWorld            - Clearing removable entities
22:09:08.858 [FXGL Background Thread 2 ] DEBUG GameWorld            - Setting level: com.almasb.fxgl.entity.level.Level@1c084ad8
22:09:08.860 [FXGL Background Thread 2 ] WARN  Entity               - Entity already has component: com.example.proj.component.PlayerControl
22:09:08.860 [FXGL Background Thread 2 ] INFO  FXGLApplication      - Game initialization took: 0.014 sec
22:09:08.861 [JavaFX Application Thread] DEBUG Input                - Clearing active input actions
22:09:08.864 [JavaFX Application Thread] DEBUG GameApplicationServi - Removing overlay from FXGLLoadingScene and adding to GameScene
22:09:08.864 [JavaFX Application Thread] DEBUG PrimaryStageWindow   - FXGLLoadingScene -> GameScene
22:09:48.108 [JavaFX Application Thread] DEBUG PrimaryStageWindow   - Push state: DialogSubScene
22:09:48.109 [JavaFX Application Thread] DEBUG Input                - Clearing active input actions
22:09:48.111 [JavaFX Application Thread] DEBUG GameApplicationServi - Removing overlay from GameScene and adding to DialogSubScene
22:09:48.111 [JavaFX Application Thread] DEBUG PrimaryStageWindow   - GameScene -> DialogSubScene
22:09:53.955 [JavaFX Application Thread] DEBUG PrimaryStageWindow   - Pop state: DialogSubScene
22:09:53.955 [JavaFX Application Thread] DEBUG Input                - Clearing active input actions
22:09:53.956 [JavaFX Application Thread] DEBUG GameApplicationServi - Removing overlay from DialogSubScene and adding to GameScene
22:09:53.956 [JavaFX Application Thread] DEBUG PrimaryStageWindow   - GameScene <- DialogSubScene
22:09:53.956 [JavaFX Application Thread] DEBUG GameApplicationServi - Starting new game
22:09:53.956 [JavaFX Application Thread] DEBUG Input                - Clearing active input actions
22:09:53.963 [JavaFX Application Thread] DEBUG GameApplicationServi - Removing overlay from GameScene and adding to FXGLLoadingScene
22:09:53.964 [JavaFX Application Thread] DEBUG PrimaryStageWindow   - GameScene -> FXGLLoadingScene
22:09:53.964 [JavaFX Application Thread] DEBUG GameApplicationServi - Clearing previous game
22:09:53.964 [JavaFX Application Thread] DEBUG GameScene            - Clearing game scene
22:09:53.964 [JavaFX Application Thread] DEBUG GameWorld            - Clearing game world
22:09:53.965 [JavaFX Application Thread] DEBUG PhysicsWorld         - Clearing physics world
22:09:53.969 [FXGL Background Thread 2 ] DEBUG FXGLApplication      - Initializing game
22:09:53.975 [FXGL Background Thread 2 ] DEBUG TMXLevelLoader       - Parsed TiledMap: file:/Users/olive/Documents/GitHub/Project-Winter/proj/target/classes/assets/levels/tmx/Plat1.9.0.tmx
22:09:53.975 [FXGL Background Thread 2 ] DEBUG TMXLevelLoader       - Creating tile layer entities
22:09:53.975 [FXGL Background Thread 2 ] DEBUG TilesetLoader        - Loading view for layer Tile Layer 1
22:09:53.976 [FXGL Background Thread 2 ] DEBUG TilesetLoader        - Created buffer with size 810.0x360.0
22:09:53.979 [FXGL Background Thread 2 ] DEBUG TMXLevelLoader       - Creating object layer entities
22:09:53.981 [FXGL Background Thread 2 ] DEBUG GameWorld            - Clearing removable entities
22:09:53.981 [FXGL Background Thread 2 ] DEBUG GameWorld            - Setting level: com.almasb.fxgl.entity.level.Level@368f3a64
22:09:53.983 [FXGL Background Thread 2 ] WARN  Entity               - Entity already has component: com.example.proj.component.PlayerControl
22:09:53.983 [FXGL Background Thread 2 ] INFO  FXGLApplication      - Game initialization took: 0.014 sec
22:09:53.984 [JavaFX Application Thread] DEBUG Input                - Clearing active input actions
22:09:53.986 [JavaFX Application Thread] DEBUG GameApplicationServi - Removing overlay from FXGLLoadingScene and adding to GameScene
22:09:53.987 [JavaFX Application Thread] DEBUG PrimaryStageWindow   - FXGLLoadingScene -> GameScene
22:11:30.122 [JavaFX Application Thread] DEBUG FXGLApplication      - Exiting FXGL
22:11:30.123 [JavaFX Application Thread] DEBUG LoopRunner           - Stopping loop
22:11:30.123 [JavaFX Application Thread] DEBUG SystemBundleService  - Saving FXGL system data
22:11:30.127 [JavaFX Application Thread] DEBUG FileSystemAccess     - Writing to: /Users/olive/Documents/GitHub/Project-Winter/system/fxgl.bundle
22:11:30.130 [JavaFX Application Thread] DEBUG Async                - Shutting down background threads
22:11:30.130 [JavaFX Application Thread] DEBUG PrimaryStageWindow   - Closing main window
22:11:30.136 [JavaFX Application Thread] DEBUG Logger               - Closing Logger
