11:28:45.742 [main                     ] DEBUG Logger               - Configured Logger
11:28:45.755 [main                     ] DEBUG GameApplication      - Logging settings
Title: Soot(sin)
Version: 0.0
Width: 800
Height: 360
Fullscreen: false
Intro: false
Profiling: false
Single step:false
App Mode: DEVELOPER
Menu Key: ESCAPE
Stage Style: DECORATED
Scene Factory: class com.almasb.fxgl.app.scene.SceneFactory

11:28:46.041 [JavaFX Application Thread] DEBUG FXGLApplication      - Initializing FXGL
11:28:46.044 [JavaFX Application Thread] INFO  Engine               - FXGL-17.2 (20.08.2022 16.50) on MAC (J:18.0.2.1 FX:18.0.2)
11:28:46.044 [JavaFX Application Thread] DEBUG Engine               - JRE Vendor Name: Oracle Corporation
11:28:46.044 [JavaFX Application Thread] DEBUG Engine               - Running on OS: Mac OS X version 13.4.1
11:28:46.044 [JavaFX Application Thread] DEBUG Engine               - Architecture: aarch64
11:28:46.044 [JavaFX Application Thread] INFO  Engine               - Source code and latest versions at: https://github.com/AlmasB/FXGL
11:28:46.044 [JavaFX Application Thread] INFO  Engine               -       Ask questions and discuss at: https://github.com/AlmasB/FXGL/discussions
11:28:46.044 [JavaFX Application Thread] INFO  Engine               -              Join the FXGL chat at: https://gitter.im/AlmasB/FXGL
11:28:46.087 [JavaFX Application Thread] DEBUG PrimaryStageWindow   - Creating a JavaFX scene
11:28:46.106 [JavaFX Application Thread] DEBUG PrimaryStageWindow   - Target settings size: 800.0 x 360.0
11:28:46.106 [JavaFX Application Thread] DEBUG PrimaryStageWindow   - Scaled scene size:    800.0 x 360.0
11:28:46.106 [JavaFX Application Thread] DEBUG PrimaryStageWindow   - Scaled ratio: (1.0, 1.0)
11:28:46.107 [JavaFX Application Thread] DEBUG PrimaryStageWindow   - Set initial scene to FXGLStartupScene
11:28:46.109 [JavaFX Application Thread] DEBUG PrimaryStageWindow   - Opening main window
11:28:46.170 [JavaFX Application Thread] DEBUG PrimaryStageWindow   - Window border size: (0.0, 28.0)
11:28:46.170 [JavaFX Application Thread] DEBUG PrimaryStageWindow   - Scaled size: 800.0 x 360.0
11:28:46.170 [JavaFX Application Thread] DEBUG PrimaryStageWindow   - Scaled ratio: (1.0, 1.0)
11:28:46.170 [JavaFX Application Thread] DEBUG PrimaryStageWindow   - Scene size: 800.0 x 360.0
11:28:46.170 [JavaFX Application Thread] DEBUG PrimaryStageWindow   - Stage size: 800.0 x 388.0
11:28:46.173 [FXGL Background Thread 1 ] DEBUG Engine               - Initializing environment variables
11:28:46.198 [FXGL Background Thread 1 ] DEBUG FXGLAssetLoaderServi - User app class for loading assets: class com.example.proj.SootApp
11:28:46.198 [FXGL Background Thread 1 ] DEBUG GameApplicationServi - Applying CSS: fxgl_dark.css
11:28:46.199 [FXGL Background Thread 1 ] DEBUG FXGLAssetLoaderServi - Loading from file system: jar:file:///Users/olive/.m2/repository/com/github/almasb/fxgl/17.2/fxgl-17.2.jar!/fxglassets/ui/css/fxgl_dark.css
11:28:46.221 [FXGL Background Thread 1 ] DEBUG GameApplicationServi - Initializing application scenes
11:28:46.447 [FXGL Background Thread 1 ] DEBUG GameWorld            - Game world initialized
11:28:46.471 [FXGL Background Thread 1 ] DEBUG PhysicsWorld         - Physics world initialized: appHeight=360, physics.ppm=50.0
11:28:46.471 [FXGL Background Thread 1 ] DEBUG PhysicsWorld         - Using strategy: BRUTE_FORCE
11:28:46.472 [FXGL Background Thread 1 ] DEBUG GameScene            - Game scene initialized: 800x360
11:28:46.477 [FXGL Background Thread 1 ] WARN  FXGL.DefaultMenu     - FXGLDefaultMenu is not designed for resolutions < 800x600
11:28:46.477 [FXGL Background Thread 1 ] DEBUG FXGL.DefaultMenu     - createMenuBodyGameMenu()
11:28:46.482 [FXGL Background Thread 1 ] DEBUG FXGL.DefaultMenu     - createOptionsMenu()
11:28:46.486 [FXGL Background Thread 1 ] DEBUG FXGLAssetLoaderServi - Loading from file system: jar:file:///Users/olive/.m2/repository/com/github/almasb/fxgl/17.2/fxgl-17.2.jar!/fxglassets/textures/particles/smoke.png
11:28:46.566 [FXGL Background Thread 1 ] DEBUG FXGLAssetLoaderServi - Loading from file system: jar:file:///Users/olive/.m2/repository/com/github/almasb/fxgl/17.2/fxgl-17.2.jar!/fxglassets/textures/particles/trace_horizontal.png
11:28:46.584 [FXGL Background Thread 1 ] DEBUG GameApplicationServi - Application scenes initialized
11:28:46.590 [FXGL Background Thread 1 ] DEBUG SystemBundleService  - Loading FXGL system data
11:28:46.593 [FXGL Background Thread 1 ] DEBUG FileSystemAccess     - Reading from: /Users/olive/Documents/GitHub/Project-Winter/system/fxgl.bundle
11:28:46.601 [FXGL Background Thread 1 ] DEBUG SystemBundleService  - Bundle FXGL: {}
11:28:46.601 [FXGL Background Thread 1 ] DEBUG UpdaterService       - Checking for updates
11:28:46.605 [FXGL Background Thread 1 ] DEBUG FXGLApplication      - Loading default localization
11:28:46.605 [FXGL Background Thread 4 ] DEBUG FXGLApplication      - Loading fonts
11:28:46.605 [FXGL Background Thread 1 ] DEBUG FXGLAssetLoaderServi - Loading from file system: jar:file:///Users/olive/.m2/repository/com/github/almasb/fxgl/17.2/fxgl-17.2.jar!/fxglassets/languages/english.lang
11:28:46.605 [FXGL Background Thread 4 ] DEBUG FXGLAssetLoaderServi - Loading from file system: jar:file:///Users/olive/.m2/repository/com/github/almasb/fxgl/17.2/fxgl-17.2.jar!/fxglassets/ui/fonts/VarelaRound-Regular.ttf
11:28:46.617 [FXGL Background Thread 1 ] INFO  FXGLApplication      - FXGL initialization took: 0.444 sec
11:28:46.620 [FXGL Background Thread 4 ] DEBUG FXGLAssetLoaderServi - Loading from file system: jar:file:///Users/olive/.m2/repository/com/github/almasb/fxgl/17.2/fxgl-17.2.jar!/fxglassets/ui/fonts/Abel-Regular.ttf
11:28:46.621 [JavaFX Application Thread] DEBUG Input                - Registered new binding: left - Left
11:28:46.621 [JavaFX Application Thread] DEBUG Input                - Registered new binding: right - Right
11:28:46.621 [JavaFX Application Thread] DEBUG Input                - Registered new binding: jump - Up
11:28:46.621 [JavaFX Application Thread] DEBUG FXGLAssetLoaderServi - Loading from file system: jar:file:///Users/olive/.m2/repository/com/github/almasb/fxgl/17.2/fxgl-17.2.jar!/fxglassets/textures/fxgl_icon.png
11:28:46.624 [FXGL Background Thread 4 ] DEBUG FXGLAssetLoaderServi - Loading from file system: jar:file:///Users/olive/.m2/repository/com/github/almasb/fxgl/17.2/fxgl-17.2.jar!/fxglassets/ui/fonts/TerminalLandMono-Regular.otf
11:28:46.627 [FXGL Background Thread 4 ] DEBUG FXGLAssetLoaderServi - Loading from file system: jar:file:///Users/olive/.m2/repository/com/github/almasb/fxgl/17.2/fxgl-17.2.jar!/fxglassets/ui/fonts/Courier-Prime.ttf
11:28:46.638 [JavaFX Application Thread] DEBUG FXGLAssetLoaderServi - Loading from file system: jar:file:///Users/olive/.m2/repository/com/github/almasb/fxgl/17.2/fxgl-17.2.jar!/fxglassets/textures/fxgl_default_cursor.png
11:28:46.639 [JavaFX Application Thread] DEBUG Input                - Registered new binding: Screenshot - CTRL+8
11:28:46.639 [JavaFX Application Thread] DEBUG Input                - Registered new binding: System info dump - CTRL+9
11:28:46.639 [JavaFX Application Thread] DEBUG Input                - Registered new binding: Restart - CTRL+R
11:28:46.639 [JavaFX Application Thread] DEBUG Input                - Registered new binding: Toggle Debug Camera - CTRL+7
11:28:46.640 [JavaFX Application Thread] DEBUG LoopRunner           - Starting loop
11:28:46.640 [JavaFX Application Thread] DEBUG LoopRunner           - Initializing JavaFX AnimationTimerLoop
11:28:46.640 [JavaFX Application Thread] DEBUG GameApplicationServi - Starting new game
11:28:46.641 [JavaFX Application Thread] DEBUG Input                - Clearing active input actions
11:28:46.644 [JavaFX Application Thread] DEBUG GameApplicationServi - Removing overlay from FXGLStartupScene and adding to FXGLLoadingScene
11:28:46.644 [JavaFX Application Thread] DEBUG PrimaryStageWindow   - FXGLStartupScene -> FXGLLoadingScene
11:28:46.645 [JavaFX Application Thread] DEBUG GameApplicationServi - Clearing previous game
11:28:46.645 [JavaFX Application Thread] DEBUG GameScene            - Clearing game scene
11:28:46.645 [JavaFX Application Thread] DEBUG GameWorld            - Clearing game world
11:28:46.645 [JavaFX Application Thread] DEBUG PhysicsWorld         - Clearing physics world
11:28:46.645 [FXGL Background Thread 4 ] DEBUG FXGLApplication      - Initializing game
11:28:46.667 [JavaFX Application Thread] DEBUG FXGLApplication      - Registering font factories with UI factory
11:28:46.671 [FXGL Background Thread 4 ] DEBUG TMXLevelLoader       - Parsed TiledMap: file:/Users/olive/Documents/GitHub/Project-Winter/proj/target/classes/assets/levels/tmx/Plat1Temp.tmx
11:28:46.675 [FXGL Background Thread 4 ] DEBUG TMXLevelLoader       - Creating tile layer entities
11:28:46.677 [FXGL Background Thread 4 ] DEBUG TilesetLoader        - Loading view for layer Tile Layer 1
11:28:46.678 [FXGL Background Thread 4 ] DEBUG TilesetLoader        - Created buffer with size 810.0x360.0
11:28:46.690 [FXGL Background Thread 4 ] DEBUG TMXLevelLoader       - Creating object layer entities
11:28:46.707 [FXGL Background Thread 4 ] DEBUG GameWorld            - Clearing removable entities
11:28:46.708 [FXGL Background Thread 4 ] DEBUG GameWorld            - Setting level: com.almasb.fxgl.entity.level.Level@65551944
11:28:46.734 [FXGL Background Thread 4 ] DEBUG FXGLAssetLoaderServi - Loading from file system: file:/Users/olive/Documents/GitHub/Project-Winter/proj/target/classes/assets/textures/finalSOOT.gif
11:28:46.746 [FXGL Background Thread 4 ] DEBUG FXGLAssetLoaderServi - Loading from file system: file:/Users/olive/Documents/GitHub/Project-Winter/proj/target/classes/assets/textures/heart.png
11:28:46.750 [FXGL Background Thread 4 ] INFO  FXGLApplication      - Game initialization took: 0.105 sec
11:28:46.819 [JavaFX Application Thread] DEBUG Input                - Clearing active input actions
11:28:46.836 [JavaFX Application Thread] DEBUG GameApplicationServi - Removing overlay from FXGLLoadingScene and adding to GameScene
11:28:46.836 [JavaFX Application Thread] DEBUG PrimaryStageWindow   - FXGLLoadingScene -> GameScene
11:28:47.123 [FXGL Background Thread 2 ] INFO  UpdaterService       - Your current version:  17.2
11:28:47.123 [FXGL Background Thread 2 ] INFO  UpdaterService       - Latest stable version: 21.1
11:28:49.609 [FXGL Background Thread 3 ] DEBUG Engine               - Logging environment variables
11:28:49.611 [FXGL Background Thread 3 ] DEBUG Engine               - achievements: []
11:28:49.611 [FXGL Background Thread 3 ] DEBUG Engine               - actualHeight: 360.0
11:28:49.611 [FXGL Background Thread 3 ] DEBUG Engine               - actualHeightProperty: ReadOnlyDoubleProperty [value: 360.0]
11:28:49.611 [FXGL Background Thread 3 ] DEBUG Engine               - actualWidth: 800.0
11:28:49.611 [FXGL Background Thread 3 ] DEBUG Engine               - actualWidthProperty: ReadOnlyDoubleProperty [value: 800.0]
11:28:49.611 [FXGL Background Thread 3 ] DEBUG Engine               - appIcon: fxgl_icon.png
11:28:49.611 [FXGL Background Thread 3 ] DEBUG Engine               - applicationMode: DEVELOPER
11:28:49.612 [FXGL Background Thread 3 ] DEBUG Engine               - cSSList: [fxgl_dark.css]
11:28:49.612 [FXGL Background Thread 3 ] DEBUG Engine               - collisionDetectionStrategy: BRUTE_FORCE
11:28:49.612 [FXGL Background Thread 3 ] DEBUG Engine               - configClass: Optional.empty
11:28:49.612 [FXGL Background Thread 3 ] DEBUG Engine               - credits: []
11:28:49.613 [FXGL Background Thread 3 ] DEBUG Engine               - defaultCursor: CursorInfo(imageName=fxgl_default_cursor.png, hotspotX=7.0, hotspotY=6.0)
11:28:49.613 [FXGL Background Thread 3 ] DEBUG Engine               - devBBoxColorProperty: ObjectProperty [value: 0xff0000ff]
11:28:49.613 [FXGL Background Thread 3 ] DEBUG Engine               - devEnableDebugCameraProperty: BooleanProperty [value: false]
11:28:49.613 [FXGL Background Thread 3 ] DEBUG Engine               - devSensorColorProperty: ObjectProperty [value: 0xffff00ff]
11:28:49.614 [FXGL Background Thread 3 ] DEBUG Engine               - devShowBBoxProperty: BooleanProperty [value: false]
11:28:49.614 [FXGL Background Thread 3 ] DEBUG Engine               - devShowPositionProperty: BooleanProperty [value: false]
11:28:49.614 [FXGL Background Thread 3 ] DEBUG Engine               - enabledMenuItems: []
11:28:49.614 [FXGL Background Thread 3 ] DEBUG Engine               - engineServices: [class com.almasb.fxgl.app.services.FXGLAssetLoaderService, class com.almasb.fxgl.app.FXGLApplication$GameApplicationService, class com.almasb.fxgl.app.services.FXGLDialogService, class com.almasb.fxgl.app.services.IOTaskExecutorService, class com.almasb.fxgl.io.FileSystemService, class com.almasb.fxgl.localization.LocalizationService, class com.almasb.fxgl.app.services.SystemBundleService, class com.almasb.fxgl.profile.SaveLoadService, class com.almasb.fxgl.ui.FXGLUIFactoryServiceProvider, class com.almasb.fxgl.ui.FXGLDialogFactoryServiceProvider, class com.almasb.fxgl.audio.AudioPlayer, class com.almasb.fxgl.notification.impl.NotificationServiceProvider, class com.almasb.fxgl.achievement.AchievementService, class com.almasb.fxgl.cutscene.CutsceneService, class com.almasb.fxgl.minigames.MiniGameService, class com.almasb.fxgl.net.NetService, class com.almasb.fxgl.app.services.UpdaterService, class com.almasb.fxgl.dev.DevService]
11:28:49.614 [FXGL Background Thread 3 ] DEBUG Engine               - fontGame: Abel-Regular.ttf
11:28:49.614 [FXGL Background Thread 3 ] DEBUG Engine               - fontMono: TerminalLandMono-Regular.otf
11:28:49.614 [FXGL Background Thread 3 ] DEBUG Engine               - fontText: Courier-Prime.ttf
11:28:49.614 [FXGL Background Thread 3 ] DEBUG Engine               - fontUI: VarelaRound-Regular.ttf
11:28:49.614 [FXGL Background Thread 3 ] DEBUG Engine               - fullScreen: BooleanProperty [value: false]
11:28:49.614 [FXGL Background Thread 3 ] DEBUG Engine               - gameDifficulty: MEDIUM
11:28:49.615 [FXGL Background Thread 3 ] DEBUG Engine               - gameDifficultyProperty: ObjectProperty [value: MEDIUM]
11:28:49.615 [FXGL Background Thread 3 ] DEBUG Engine               - globalMusicVolume: 0.5
11:28:49.615 [FXGL Background Thread 3 ] DEBUG Engine               - globalMusicVolumeProperty: DoubleProperty [value: 0.5]
11:28:49.616 [FXGL Background Thread 3 ] DEBUG Engine               - globalSoundVolume: 0.5
11:28:49.616 [FXGL Background Thread 3 ] DEBUG Engine               - globalSoundVolumeProperty: DoubleProperty [value: 0.5]
11:28:49.616 [FXGL Background Thread 3 ] DEBUG Engine               - height: 360
11:28:49.616 [FXGL Background Thread 3 ] DEBUG Engine               - is3D: false
11:28:49.616 [FXGL Background Thread 3 ] DEBUG Engine               - isAndroid: false
11:28:49.616 [FXGL Background Thread 3 ] DEBUG Engine               - isBrowser: false
11:28:49.616 [FXGL Background Thread 3 ] DEBUG Engine               - isClickFeedbackEnabled: false
11:28:49.617 [FXGL Background Thread 3 ] DEBUG Engine               - isCloseConfirmation: false
11:28:49.617 [FXGL Background Thread 3 ] DEBUG Engine               - isDesktop: true
11:28:49.617 [FXGL Background Thread 3 ] DEBUG Engine               - isDeveloperMenuEnabled: false
11:28:49.617 [FXGL Background Thread 3 ] DEBUG Engine               - isEmbedded: false
11:28:49.617 [FXGL Background Thread 3 ] DEBUG Engine               - isEntityPreloadEnabled: true
11:28:49.618 [FXGL Background Thread 3 ] DEBUG Engine               - isExperimentalTiledLargeMap: false
11:28:49.618 [FXGL Background Thread 3 ] DEBUG Engine               - isFileSystemWriteAllowed: true
11:28:49.618 [FXGL Background Thread 3 ] DEBUG Engine               - isFullScreenAllowed: false
11:28:49.618 [FXGL Background Thread 3 ] DEBUG Engine               - isFullScreenFromStart: false
11:28:49.618 [FXGL Background Thread 3 ] DEBUG Engine               - isGameMenuEnabled: true
11:28:49.618 [FXGL Background Thread 3 ] DEBUG Engine               - isIOS: false
11:28:49.618 [FXGL Background Thread 3 ] DEBUG Engine               - isIntroEnabled: false
11:28:49.618 [FXGL Background Thread 3 ] DEBUG Engine               - isLinux: false
11:28:49.618 [FXGL Background Thread 3 ] DEBUG Engine               - isMac: true
11:28:49.618 [FXGL Background Thread 3 ] DEBUG Engine               - isMainMenuEnabled: false
11:28:49.618 [FXGL Background Thread 3 ] DEBUG Engine               - isManualResizeEnabled: false
11:28:49.618 [FXGL Background Thread 3 ] DEBUG Engine               - isMobile: false
11:28:49.618 [FXGL Background Thread 3 ] DEBUG Engine               - isNative: false
11:28:49.618 [FXGL Background Thread 3 ] DEBUG Engine               - isPauseMusicWhenMinimized: true
11:28:49.619 [FXGL Background Thread 3 ] DEBUG Engine               - isPreserveResizeRatio: false
11:28:49.619 [FXGL Background Thread 3 ] DEBUG Engine               - isProfilingEnabled: false
11:28:49.619 [FXGL Background Thread 3 ] DEBUG Engine               - isScaleAffectedOnResize: true
11:28:49.619 [FXGL Background Thread 3 ] DEBUG Engine               - isSingleStep: false
11:28:49.619 [FXGL Background Thread 3 ] DEBUG Engine               - isUserProfileEnabled: false
11:28:49.619 [FXGL Background Thread 3 ] DEBUG Engine               - isWindows: false
11:28:49.619 [FXGL Background Thread 3 ] DEBUG Engine               - language: ObjectProperty [value: ENGLISH]
11:28:49.619 [FXGL Background Thread 3 ] DEBUG Engine               - menuKey: ESCAPE
11:28:49.619 [FXGL Background Thread 3 ] DEBUG Engine               - mouseSensitivity: 0.2
11:28:49.619 [FXGL Background Thread 3 ] DEBUG Engine               - notificationViewClass: class com.almasb.fxgl.notification.view.XboxNotificationView
11:28:49.619 [FXGL Background Thread 3 ] DEBUG Engine               - pixelsPerMeter: 50.0
11:28:49.619 [FXGL Background Thread 3 ] DEBUG Engine               - platform: MAC
11:28:49.619 [FXGL Background Thread 3 ] DEBUG Engine               - prefHeightProperty: ReadOnlyDoubleProperty [value: 360.0]
11:28:49.619 [FXGL Background Thread 3 ] DEBUG Engine               - prefWidthProperty: ReadOnlyDoubleProperty [value: 800.0]
11:28:49.619 [FXGL Background Thread 3 ] DEBUG Engine               - profileDir: profiles/
11:28:49.620 [FXGL Background Thread 3 ] DEBUG Engine               - profileName: StringProperty [value: DEFAULT]
11:28:49.620 [FXGL Background Thread 3 ] DEBUG Engine               - randomSeed: -1
11:28:49.621 [FXGL Background Thread 3 ] DEBUG Engine               - runtimeInfo: RuntimeInfo(platform=MAC, version=17.2, build=20.08.2022 16.50)
11:28:49.621 [FXGL Background Thread 3 ] DEBUG Engine               - saveFileExt: sav
11:28:49.621 [FXGL Background Thread 3 ] DEBUG Engine               - scaledHeightProp$fxgl: DoubleProperty [bound, value: 360.0]
11:28:49.621 [FXGL Background Thread 3 ] DEBUG Engine               - scaledWidthProp$fxgl: DoubleProperty [bound, value: 800.0]
11:28:49.621 [FXGL Background Thread 3 ] DEBUG Engine               - sceneFactory: com.almasb.fxgl.app.scene.SceneFactory@769cbcc0
11:28:49.621 [FXGL Background Thread 3 ] DEBUG Engine               - secondsIn24h: 60
11:28:49.621 [FXGL Background Thread 3 ] DEBUG Engine               - soundMenuBack: menu/back.wav
11:28:49.621 [FXGL Background Thread 3 ] DEBUG Engine               - soundMenuPress: menu/press.wav
11:28:49.621 [FXGL Background Thread 3 ] DEBUG Engine               - soundMenuSelect: menu/select.wav
11:28:49.621 [FXGL Background Thread 3 ] DEBUG Engine               - soundNotification: core/notification.wav
11:28:49.621 [FXGL Background Thread 3 ] DEBUG Engine               - stageStyle: DECORATED
11:28:49.621 [FXGL Background Thread 3 ] DEBUG Engine               - supportedLanguages: [ENGLISH, FRENCH, GERMAN, HUNGARIAN, RUSSIAN]
11:28:49.621 [FXGL Background Thread 3 ] DEBUG Engine               - ticksPerSecond: -1
11:28:49.621 [FXGL Background Thread 3 ] DEBUG Engine               - title: Soot(sin)
11:28:49.621 [FXGL Background Thread 3 ] DEBUG Engine               - urlGithub: https://github.com/AlmasB/FXGL
11:28:49.622 [FXGL Background Thread 3 ] DEBUG Engine               - urlLeaderboard: http://fxgl-top.herokuapp.com/
11:28:49.622 [FXGL Background Thread 3 ] DEBUG Engine               - urlPOM: https://raw.githubusercontent.com/AlmasB/FXGL/release/README.md
11:28:49.622 [FXGL Background Thread 3 ] DEBUG Engine               - userAppClass: class com.example.proj.SootApp
11:28:49.622 [FXGL Background Thread 3 ] DEBUG Engine               - version: 0.0
11:28:49.622 [FXGL Background Thread 3 ] DEBUG Engine               - versionCheckDays: 7
11:28:49.622 [FXGL Background Thread 3 ] DEBUG Engine               - width: 800
11:28:49.622 [FXGL Background Thread 3 ] DEBUG Engine               - Logging services
11:28:49.622 [FXGL Background Thread 3 ] DEBUG Engine               - class com.almasb.fxgl.app.services.FXGLAssetLoaderService
11:28:49.622 [FXGL Background Thread 3 ] DEBUG Engine               - class com.almasb.fxgl.app.FXGLApplication$GameApplicationService
11:28:49.622 [FXGL Background Thread 3 ] DEBUG Engine               - class com.almasb.fxgl.app.services.FXGLDialogService
11:28:49.622 [FXGL Background Thread 3 ] DEBUG Engine               - class com.almasb.fxgl.app.services.IOTaskExecutorService
11:28:49.622 [FXGL Background Thread 3 ] DEBUG Engine               - class com.almasb.fxgl.io.FileSystemService
11:28:49.622 [FXGL Background Thread 3 ] DEBUG Engine               - class com.almasb.fxgl.localization.LocalizationService
11:28:49.622 [FXGL Background Thread 3 ] DEBUG Engine               - class com.almasb.fxgl.app.services.SystemBundleService
11:28:49.622 [FXGL Background Thread 3 ] DEBUG Engine               - class com.almasb.fxgl.profile.SaveLoadService
11:28:49.622 [FXGL Background Thread 3 ] DEBUG Engine               - class com.almasb.fxgl.ui.FXGLUIFactoryServiceProvider
11:28:49.622 [FXGL Background Thread 3 ] DEBUG Engine               - class com.almasb.fxgl.ui.FXGLDialogFactoryServiceProvider
11:28:49.622 [FXGL Background Thread 3 ] DEBUG Engine               - class com.almasb.fxgl.audio.AudioPlayer
11:28:49.622 [FXGL Background Thread 3 ] DEBUG Engine               - class com.almasb.fxgl.notification.impl.NotificationServiceProvider
11:28:49.622 [FXGL Background Thread 3 ] DEBUG Engine               - class com.almasb.fxgl.achievement.AchievementService
11:28:49.622 [FXGL Background Thread 3 ] DEBUG Engine               - class com.almasb.fxgl.cutscene.CutsceneService
11:28:49.622 [FXGL Background Thread 3 ] DEBUG Engine               - class com.almasb.fxgl.minigames.MiniGameService
11:28:49.622 [FXGL Background Thread 3 ] DEBUG Engine               - class com.almasb.fxgl.net.NetService
11:28:49.622 [FXGL Background Thread 3 ] DEBUG Engine               - class com.almasb.fxgl.app.services.UpdaterService
11:28:49.623 [FXGL Background Thread 3 ] DEBUG Engine               - class com.almasb.fxgl.dev.DevService
11:29:00.848 [JavaFX Application Thread] DEBUG Input                - Clearing active input actions
11:29:05.332 [JavaFX Application Thread] DEBUG LoopRunner           - Stopping loop
11:29:05.335 [JavaFX Application Thread] FATAL FXGLApplication      - Uncaught Exception:
java.lang.IllegalArgumentException: Action already exists: left
	at com.almasb.fxgl.core@17.2/com.almasb.fxgl.input.Input.addBinding(Input.kt:511)
	at com.almasb.fxgl.core@17.2/com.almasb.fxgl.input.Input.addAction(Input.kt:507)
	at com.almasb.fxgl.core@17.2/com.almasb.fxgl.input.Input.addAction$default(Input.kt:504)
	at com.almasb.fxgl.core@17.2/com.almasb.fxgl.input.Input.addAction(Input.kt)
	at com.example.proj.main/com.example.proj.SootApp.initInput(SootApp.java:74)
	at com.example.proj.main/com.example.proj.SootApp.initLevel(SootApp.java:212)
	at com.example.proj.main/com.example.proj.SootApp.nextLevel(SootApp.java:201)
	at com.example.proj.main/com.example.proj.SootApp.lambda$verifyAnswer$4(SootApp.java:313)
	at com.almasb.fxgl.all@17.2/com.almasb.fxgl.app.scene.Viewport.updateFadeFlash(Viewport.kt:418)
	at com.almasb.fxgl.all@17.2/com.almasb.fxgl.app.scene.Viewport.onUpdate(Viewport.kt:330)
	at com.almasb.fxgl.all@17.2/com.almasb.fxgl.app.scene.GameScene.step(GameScene.kt:230)
	at com.almasb.fxgl.all@17.2/com.almasb.fxgl.app.scene.GameScene.onUpdate(GameScene.kt:224)
	at com.almasb.fxgl.scene@17.2/com.almasb.fxgl.scene.Scene.update(Scene.kt:105)
	at com.almasb.fxgl.all@17.2/com.almasb.fxgl.app.MainWindow$update$1.invoke(MainWindow.kt:115)
	at com.almasb.fxgl.all@17.2/com.almasb.fxgl.app.MainWindow$update$1.invoke(MainWindow.kt:115)
	at com.almasb.fxgl.core@17.2/com.almasb.fxgl.core.fsm.StateMachine.runOnActiveStates(StateMachine.kt:69)
	at com.almasb.fxgl.all@17.2/com.almasb.fxgl.app.MainWindow.update(MainWindow.kt:115)
	at com.almasb.fxgl.all@17.2/com.almasb.fxgl.app.FXGLApplication$GameApplicationService.onUpdate(FXGLApplication.kt:426)
	at com.almasb.fxgl.all@17.2/com.almasb.fxgl.app.Engine.loop(Engine.kt:134)
	at com.almasb.fxgl.all@17.2/com.almasb.fxgl.app.Engine.access$loop(Engine.kt:24)
	at com.almasb.fxgl.all@17.2/com.almasb.fxgl.app.Engine$loop$1.invoke(Engine.kt:28)
	at com.almasb.fxgl.all@17.2/com.almasb.fxgl.app.Engine$loop$1.invoke(Engine.kt:28)
	at com.almasb.fxgl.all@17.2/com.almasb.fxgl.app.LoopRunner.frame(LoopRunner.kt:103)
	at com.almasb.fxgl.all@17.2/com.almasb.fxgl.app.LoopRunner.access$frame(LoopRunner.kt:23)
	at com.almasb.fxgl.all@17.2/com.almasb.fxgl.app.LoopRunner$impl$2$1.onTick(LoopRunner.kt:57)
	at com.almasb.fxgl.all@17.2/com.almasb.fxgl.app.AnimationTimerLoop$timer$1.handle(LoopRunner.kt:137)
	at javafx.graphics@18.0.2/javafx.animation.AnimationTimer$AnimationTimerReceiver.lambda$handle$0(AnimationTimer.java:58)
	at java.base/java.security.AccessController.doPrivileged(AccessController.java:399)
	at javafx.graphics@18.0.2/javafx.animation.AnimationTimer$AnimationTimerReceiver.handle(AnimationTimer.java:57)
	at javafx.graphics@18.0.2/com.sun.scenario.animation.AbstractPrimaryTimer.timePulseImpl(AbstractPrimaryTimer.java:356)
	at javafx.graphics@18.0.2/com.sun.scenario.animation.AbstractPrimaryTimer$MainLoop.run(AbstractPrimaryTimer.java:266)
	at javafx.graphics@18.0.2/com.sun.javafx.tk.quantum.QuantumToolkit.pulse(QuantumToolkit.java:571)
	at javafx.graphics@18.0.2/com.sun.javafx.tk.quantum.QuantumToolkit.pulse(QuantumToolkit.java:555)
	at javafx.graphics@18.0.2/com.sun.javafx.tk.quantum.QuantumToolkit.pulseFromQueue(QuantumToolkit.java:548)
	at javafx.graphics@18.0.2/com.sun.javafx.tk.quantum.QuantumToolkit.lambda$runToolkit$11(QuantumToolkit.java:352)
	at javafx.graphics@18.0.2/com.sun.glass.ui.InvokeLaterDispatcher$Future.run(InvokeLaterDispatcher.java:96)

11:29:05.336 [JavaFX Application Thread] FATAL FXGLApplication      - Application will now exit
11:29:05.353 [JavaFX Application Thread] DEBUG PrimaryStageWindow   - Push state: ErrorSubScene
11:29:05.353 [JavaFX Application Thread] DEBUG Input                - Clearing active input actions
11:29:05.355 [JavaFX Application Thread] DEBUG GameApplicationServi - Removing overlay from GameScene and adding to ErrorSubScene
11:29:05.355 [JavaFX Application Thread] DEBUG PrimaryStageWindow   - GameScene -> ErrorSubScene
11:29:06.814 [JavaFX Application Thread] DEBUG FXGLApplication      - Exiting FXGL
11:29:06.815 [JavaFX Application Thread] DEBUG Async                - Shutting down background threads
11:29:06.815 [JavaFX Application Thread] DEBUG PrimaryStageWindow   - Closing main window
11:29:06.822 [JavaFX Application Thread] DEBUG Logger               - Closing Logger
