23:12:56.513 [main                     ] DEBUG Logger               - Configured Logger
23:12:56.536 [main                     ] DEBUG GameApplication      - Logging settings
Title: Soot(sin)
Version: 0.0
Width: 800
Height: 360
Fullscreen: false
Intro: false
Profiling: false
Single step:false
App Mode: DEVELOPER
Menu Key: ESCAPE
Stage Style: DECORATED
Scene Factory: class com.almasb.fxgl.app.scene.SceneFactory

23:12:56.986 [JavaFX Application Thread] DEBUG FXGLApplication      - Initializing FXGL
23:12:56.992 [JavaFX Application Thread] INFO  Engine               - FXGL-17.2 (20.08.2022 16.50) on MAC (J:18.0.2.1 FX:18.0.2)
23:12:56.993 [JavaFX Application Thread] DEBUG Engine               - JRE Vendor Name: Oracle Corporation
23:12:56.993 [JavaFX Application Thread] DEBUG Engine               - Running on OS: Mac OS X version 13.4.1
23:12:56.993 [JavaFX Application Thread] DEBUG Engine               - Architecture: aarch64
23:12:56.993 [JavaFX Application Thread] INFO  Engine               - Source code and latest versions at: https://github.com/AlmasB/FXGL
23:12:56.994 [JavaFX Application Thread] INFO  Engine               -       Ask questions and discuss at: https://github.com/AlmasB/FXGL/discussions
23:12:56.994 [JavaFX Application Thread] INFO  Engine               -              Join the FXGL chat at: https://gitter.im/AlmasB/FXGL
23:12:57.116 [JavaFX Application Thread] DEBUG PrimaryStageWindow   - Creating a JavaFX scene
23:12:57.174 [JavaFX Application Thread] DEBUG PrimaryStageWindow   - Target settings size: 800.0 x 360.0
23:12:57.174 [JavaFX Application Thread] DEBUG PrimaryStageWindow   - Scaled scene size:    800.0 x 360.0
23:12:57.174 [JavaFX Application Thread] DEBUG PrimaryStageWindow   - Scaled ratio: (1.0, 1.0)
23:12:57.175 [JavaFX Application Thread] DEBUG PrimaryStageWindow   - Set initial scene to FXGLStartupScene
23:12:57.181 [JavaFX Application Thread] DEBUG PrimaryStageWindow   - Opening main window
23:12:57.400 [JavaFX Application Thread] DEBUG PrimaryStageWindow   - Window border size: (0.0, 28.0)
23:12:57.400 [JavaFX Application Thread] DEBUG PrimaryStageWindow   - Scaled size: 800.0 x 360.0
23:12:57.401 [JavaFX Application Thread] DEBUG PrimaryStageWindow   - Scaled ratio: (1.0, 1.0)
23:12:57.401 [JavaFX Application Thread] DEBUG PrimaryStageWindow   - Scene size: 800.0 x 360.0
23:12:57.401 [JavaFX Application Thread] DEBUG PrimaryStageWindow   - Stage size: 800.0 x 388.0
23:12:57.411 [FXGL Background Thread 1 ] DEBUG Engine               - Initializing environment variables
23:12:57.527 [FXGL Background Thread 1 ] DEBUG FXGLAssetLoaderServi - User app class for loading assets: class com.example.proj.SootApp
23:12:57.528 [FXGL Background Thread 1 ] DEBUG GameApplicationServi - Applying CSS: fxgl_dark.css
23:12:57.529 [FXGL Background Thread 1 ] DEBUG FXGLAssetLoaderServi - Loading from file system: jar:file:///Users/olive/.m2/repository/com/github/almasb/fxgl/17.2/fxgl-17.2.jar!/fxglassets/ui/css/fxgl_dark.css
23:12:57.621 [FXGL Background Thread 1 ] DEBUG GameApplicationServi - Initializing application scenes
23:12:57.878 [FXGL Background Thread 1 ] DEBUG GameWorld            - Game world initialized
23:12:57.926 [FXGL Background Thread 1 ] DEBUG PhysicsWorld         - Physics world initialized: appHeight=360, physics.ppm=50.0
23:12:57.927 [FXGL Background Thread 1 ] DEBUG PhysicsWorld         - Using strategy: BRUTE_FORCE
23:12:57.934 [FXGL Background Thread 1 ] DEBUG GameScene            - Game scene initialized: 800x360
23:12:57.948 [FXGL Background Thread 1 ] WARN  FXGL.DefaultMenu     - FXGLDefaultMenu is not designed for resolutions < 800x600
23:12:57.949 [FXGL Background Thread 1 ] DEBUG FXGL.DefaultMenu     - createMenuBodyGameMenu()
23:12:57.971 [FXGL Background Thread 1 ] DEBUG FXGL.DefaultMenu     - createOptionsMenu()
23:12:57.981 [FXGL Background Thread 1 ] DEBUG FXGLAssetLoaderServi - Loading from file system: jar:file:///Users/olive/.m2/repository/com/github/almasb/fxgl/17.2/fxgl-17.2.jar!/fxglassets/textures/particles/smoke.png
23:12:58.111 [FXGL Background Thread 1 ] DEBUG FXGLAssetLoaderServi - Loading from file system: jar:file:///Users/olive/.m2/repository/com/github/almasb/fxgl/17.2/fxgl-17.2.jar!/fxglassets/textures/particles/trace_horizontal.png
23:12:58.146 [FXGL Background Thread 1 ] DEBUG GameApplicationServi - Application scenes initialized
23:12:58.155 [FXGL Background Thread 1 ] DEBUG SystemBundleService  - Loading FXGL system data
23:12:58.160 [FXGL Background Thread 1 ] DEBUG FileSystemAccess     - Reading from: /Users/olive/Documents/GitHub/Project-Winter/system/fxgl.bundle
23:12:58.170 [FXGL Background Thread 1 ] DEBUG SystemBundleService  - Bundle FXGL: {}
23:12:58.170 [FXGL Background Thread 1 ] DEBUG UpdaterService       - Checking for updates
23:12:58.174 [FXGL Background Thread 4 ] DEBUG FXGLApplication      - Loading fonts
23:12:58.174 [FXGL Background Thread 1 ] DEBUG FXGLApplication      - Loading default localization
23:12:58.174 [FXGL Background Thread 4 ] DEBUG FXGLAssetLoaderServi - Loading from file system: jar:file:///Users/olive/.m2/repository/com/github/almasb/fxgl/17.2/fxgl-17.2.jar!/fxglassets/ui/fonts/VarelaRound-Regular.ttf
23:12:58.174 [FXGL Background Thread 1 ] DEBUG FXGLAssetLoaderServi - Loading from file system: jar:file:///Users/olive/.m2/repository/com/github/almasb/fxgl/17.2/fxgl-17.2.jar!/fxglassets/languages/english.lang
23:12:58.197 [FXGL Background Thread 1 ] INFO  FXGLApplication      - FXGL initialization took: 0.787 sec
23:12:58.197 [FXGL Background Thread 4 ] DEBUG FXGLAssetLoaderServi - Loading from file system: jar:file:///Users/olive/.m2/repository/com/github/almasb/fxgl/17.2/fxgl-17.2.jar!/fxglassets/ui/fonts/Abel-Regular.ttf
23:12:58.201 [FXGL Background Thread 4 ] DEBUG FXGLAssetLoaderServi - Loading from file system: jar:file:///Users/olive/.m2/repository/com/github/almasb/fxgl/17.2/fxgl-17.2.jar!/fxglassets/ui/fonts/TerminalLandMono-Regular.otf
23:12:58.206 [JavaFX Application Thread] DEBUG Input                - Registered new binding: left - Left
23:12:58.206 [JavaFX Application Thread] DEBUG Input                - Registered new binding: right - Right
23:12:58.206 [JavaFX Application Thread] DEBUG Input                - Registered new binding: jump - Up
23:12:58.207 [JavaFX Application Thread] DEBUG FXGLAssetLoaderServi - Loading from file system: jar:file:///Users/olive/.m2/repository/com/github/almasb/fxgl/17.2/fxgl-17.2.jar!/fxglassets/textures/fxgl_icon.png
23:12:58.207 [FXGL Background Thread 4 ] DEBUG FXGLAssetLoaderServi - Loading from file system: jar:file:///Users/olive/.m2/repository/com/github/almasb/fxgl/17.2/fxgl-17.2.jar!/fxglassets/ui/fonts/Courier-Prime.ttf
23:12:58.244 [JavaFX Application Thread] DEBUG FXGLAssetLoaderServi - Loading from file system: jar:file:///Users/olive/.m2/repository/com/github/almasb/fxgl/17.2/fxgl-17.2.jar!/fxglassets/textures/fxgl_default_cursor.png
23:12:58.247 [JavaFX Application Thread] DEBUG Input                - Registered new binding: Screenshot - CTRL+8
23:12:58.247 [JavaFX Application Thread] DEBUG Input                - Registered new binding: System info dump - CTRL+9
23:12:58.247 [JavaFX Application Thread] DEBUG Input                - Registered new binding: Restart - CTRL+R
23:12:58.247 [JavaFX Application Thread] DEBUG Input                - Registered new binding: Toggle Debug Camera - CTRL+7
23:12:58.249 [JavaFX Application Thread] DEBUG LoopRunner           - Starting loop
23:12:58.249 [JavaFX Application Thread] DEBUG LoopRunner           - Initializing JavaFX AnimationTimerLoop
23:12:58.250 [JavaFX Application Thread] DEBUG GameApplicationServi - Starting new game
23:12:58.250 [JavaFX Application Thread] DEBUG Input                - Clearing active input actions
23:12:58.260 [JavaFX Application Thread] DEBUG GameApplicationServi - Removing overlay from FXGLStartupScene and adding to FXGLLoadingScene
23:12:58.261 [JavaFX Application Thread] DEBUG PrimaryStageWindow   - FXGLStartupScene -> FXGLLoadingScene
23:12:58.261 [JavaFX Application Thread] DEBUG GameApplicationServi - Clearing previous game
23:12:58.261 [JavaFX Application Thread] DEBUG GameScene            - Clearing game scene
23:12:58.261 [JavaFX Application Thread] DEBUG GameWorld            - Clearing game world
23:12:58.261 [JavaFX Application Thread] DEBUG PhysicsWorld         - Clearing physics world
23:12:58.262 [FXGL Background Thread 4 ] DEBUG FXGLApplication      - Initializing game
23:12:58.336 [JavaFX Application Thread] DEBUG FXGLApplication      - Registering font factories with UI factory
23:12:58.351 [FXGL Background Thread 4 ] DEBUG TMXLevelLoader       - Parsed TiledMap: file:/Users/olive/Documents/GitHub/Project-Winter/proj/target/classes/assets/levels/tmx/Plat1.9.0.tmx
23:12:58.353 [FXGL Background Thread 4 ] DEBUG TMXLevelLoader       - Creating tile layer entities
23:12:58.355 [FXGL Background Thread 4 ] DEBUG TilesetLoader        - Loading view for layer Tile Layer 1
23:12:58.356 [FXGL Background Thread 4 ] DEBUG TilesetLoader        - Created buffer with size 810.0x360.0
23:12:58.369 [FXGL Background Thread 4 ] DEBUG TMXLevelLoader       - Creating object layer entities
23:12:58.396 [FXGL Background Thread 4 ] DEBUG GameWorld            - Clearing removable entities
23:12:58.396 [FXGL Background Thread 4 ] DEBUG GameWorld            - Setting level: com.almasb.fxgl.entity.level.Level@3a8a2ac9
23:12:58.402 [FXGL Background Thread 4 ] DEBUG FXGLAssetLoaderServi - Loading from file system: file:/Users/olive/Documents/GitHub/Project-Winter/proj/target/classes/assets/textures/finalSOOT.gif
23:12:58.410 [FXGL Background Thread 4 ] WARN  Entity               - Entity already has component: com.example.proj.component.PlayerControl
23:12:58.412 [FXGL Background Thread 4 ] DEBUG FXGLAssetLoaderServi - Loading from file system: file:/Users/olive/Documents/GitHub/Project-Winter/proj/target/classes/assets/textures/heart.png
23:12:58.415 [FXGL Background Thread 4 ] INFO  FXGLApplication      - Game initialization took: 0.152 sec
23:12:58.505 [JavaFX Application Thread] DEBUG Input                - Clearing active input actions
23:12:58.516 [JavaFX Application Thread] DEBUG GameApplicationServi - Removing overlay from FXGLLoadingScene and adding to GameScene
23:12:58.516 [JavaFX Application Thread] DEBUG PrimaryStageWindow   - FXGLLoadingScene -> GameScene
23:12:58.738 [FXGL Background Thread 2 ] INFO  UpdaterService       - Your current version:  17.2
23:12:58.738 [FXGL Background Thread 2 ] INFO  UpdaterService       - Latest stable version: 21
23:12:59.935 [JavaFX Application Thread] DEBUG PrimaryStageWindow   - Push state: DialogSubScene
23:12:59.935 [JavaFX Application Thread] DEBUG Input                - Clearing active input actions
23:12:59.937 [JavaFX Application Thread] DEBUG GameApplicationServi - Removing overlay from GameScene and adding to DialogSubScene
23:12:59.937 [JavaFX Application Thread] DEBUG PrimaryStageWindow   - GameScene -> DialogSubScene
23:13:01.178 [FXGL Background Thread 3 ] DEBUG Engine               - Logging environment variables
23:13:01.178 [FXGL Background Thread 3 ] DEBUG Engine               - achievements: []
23:13:01.178 [FXGL Background Thread 3 ] DEBUG Engine               - actualHeight: 360.0
23:13:01.178 [FXGL Background Thread 3 ] DEBUG Engine               - actualHeightProperty: ReadOnlyDoubleProperty [value: 360.0]
23:13:01.178 [FXGL Background Thread 3 ] DEBUG Engine               - actualWidth: 800.0
23:13:01.178 [FXGL Background Thread 3 ] DEBUG Engine               - actualWidthProperty: ReadOnlyDoubleProperty [value: 800.0]
23:13:01.178 [FXGL Background Thread 3 ] DEBUG Engine               - appIcon: fxgl_icon.png
23:13:01.178 [FXGL Background Thread 3 ] DEBUG Engine               - applicationMode: DEVELOPER
23:13:01.179 [FXGL Background Thread 3 ] DEBUG Engine               - cSSList: [fxgl_dark.css]
23:13:01.179 [FXGL Background Thread 3 ] DEBUG Engine               - collisionDetectionStrategy: BRUTE_FORCE
23:13:01.179 [FXGL Background Thread 3 ] DEBUG Engine               - configClass: Optional.empty
23:13:01.179 [FXGL Background Thread 3 ] DEBUG Engine               - credits: []
23:13:01.179 [FXGL Background Thread 3 ] DEBUG Engine               - defaultCursor: CursorInfo(imageName=fxgl_default_cursor.png, hotspotX=7.0, hotspotY=6.0)
23:13:01.179 [FXGL Background Thread 3 ] DEBUG Engine               - devBBoxColorProperty: ObjectProperty [value: 0xff0000ff]
23:13:01.179 [FXGL Background Thread 3 ] DEBUG Engine               - devEnableDebugCameraProperty: BooleanProperty [value: false]
23:13:01.179 [FXGL Background Thread 3 ] DEBUG Engine               - devSensorColorProperty: ObjectProperty [value: 0xffff00ff]
23:13:01.179 [FXGL Background Thread 3 ] DEBUG Engine               - devShowBBoxProperty: BooleanProperty [value: false]
23:13:01.179 [FXGL Background Thread 3 ] DEBUG Engine               - devShowPositionProperty: BooleanProperty [value: false]
23:13:01.179 [FXGL Background Thread 3 ] DEBUG Engine               - enabledMenuItems: []
23:13:01.179 [FXGL Background Thread 3 ] DEBUG Engine               - engineServices: [class com.almasb.fxgl.app.services.FXGLAssetLoaderService, class com.almasb.fxgl.app.FXGLApplication$GameApplicationService, class com.almasb.fxgl.app.services.FXGLDialogService, class com.almasb.fxgl.app.services.IOTaskExecutorService, class com.almasb.fxgl.io.FileSystemService, class com.almasb.fxgl.localization.LocalizationService, class com.almasb.fxgl.app.services.SystemBundleService, class com.almasb.fxgl.profile.SaveLoadService, class com.almasb.fxgl.ui.FXGLUIFactoryServiceProvider, class com.almasb.fxgl.ui.FXGLDialogFactoryServiceProvider, class com.almasb.fxgl.audio.AudioPlayer, class com.almasb.fxgl.notification.impl.NotificationServiceProvider, class com.almasb.fxgl.achievement.AchievementService, class com.almasb.fxgl.cutscene.CutsceneService, class com.almasb.fxgl.minigames.MiniGameService, class com.almasb.fxgl.net.NetService, class com.almasb.fxgl.app.services.UpdaterService, class com.almasb.fxgl.dev.DevService]
23:13:01.179 [FXGL Background Thread 3 ] DEBUG Engine               - fontGame: Abel-Regular.ttf
23:13:01.179 [FXGL Background Thread 3 ] DEBUG Engine               - fontMono: TerminalLandMono-Regular.otf
23:13:01.180 [FXGL Background Thread 3 ] DEBUG Engine               - fontText: Courier-Prime.ttf
23:13:01.180 [FXGL Background Thread 3 ] DEBUG Engine               - fontUI: VarelaRound-Regular.ttf
23:13:01.180 [FXGL Background Thread 3 ] DEBUG Engine               - fullScreen: BooleanProperty [value: false]
23:13:01.180 [FXGL Background Thread 3 ] DEBUG Engine               - gameDifficulty: MEDIUM
23:13:01.180 [FXGL Background Thread 3 ] DEBUG Engine               - gameDifficultyProperty: ObjectProperty [value: MEDIUM]
23:13:01.180 [FXGL Background Thread 3 ] DEBUG Engine               - globalMusicVolume: 0.5
23:13:01.180 [FXGL Background Thread 3 ] DEBUG Engine               - globalMusicVolumeProperty: DoubleProperty [value: 0.5]
23:13:01.180 [FXGL Background Thread 3 ] DEBUG Engine               - globalSoundVolume: 0.5
23:13:01.180 [FXGL Background Thread 3 ] DEBUG Engine               - globalSoundVolumeProperty: DoubleProperty [value: 0.5]
23:13:01.180 [FXGL Background Thread 3 ] DEBUG Engine               - height: 360
23:13:01.180 [FXGL Background Thread 3 ] DEBUG Engine               - is3D: false
23:13:01.180 [FXGL Background Thread 3 ] DEBUG Engine               - isAndroid: false
23:13:01.180 [FXGL Background Thread 3 ] DEBUG Engine               - isBrowser: false
23:13:01.180 [FXGL Background Thread 3 ] DEBUG Engine               - isClickFeedbackEnabled: false
23:13:01.180 [FXGL Background Thread 3 ] DEBUG Engine               - isCloseConfirmation: false
23:13:01.180 [FXGL Background Thread 3 ] DEBUG Engine               - isDesktop: true
23:13:01.180 [FXGL Background Thread 3 ] DEBUG Engine               - isDeveloperMenuEnabled: false
23:13:01.180 [FXGL Background Thread 3 ] DEBUG Engine               - isEmbedded: false
23:13:01.180 [FXGL Background Thread 3 ] DEBUG Engine               - isEntityPreloadEnabled: true
23:13:01.180 [FXGL Background Thread 3 ] DEBUG Engine               - isExperimentalTiledLargeMap: false
23:13:01.180 [FXGL Background Thread 3 ] DEBUG Engine               - isFileSystemWriteAllowed: true
23:13:01.180 [FXGL Background Thread 3 ] DEBUG Engine               - isFullScreenAllowed: false
23:13:01.180 [FXGL Background Thread 3 ] DEBUG Engine               - isFullScreenFromStart: false
23:13:01.180 [FXGL Background Thread 3 ] DEBUG Engine               - isGameMenuEnabled: true
23:13:01.180 [FXGL Background Thread 3 ] DEBUG Engine               - isIOS: false
23:13:01.180 [FXGL Background Thread 3 ] DEBUG Engine               - isIntroEnabled: false
23:13:01.180 [FXGL Background Thread 3 ] DEBUG Engine               - isLinux: false
23:13:01.181 [FXGL Background Thread 3 ] DEBUG Engine               - isMac: true
23:13:01.181 [FXGL Background Thread 3 ] DEBUG Engine               - isMainMenuEnabled: false
23:13:01.181 [FXGL Background Thread 3 ] DEBUG Engine               - isManualResizeEnabled: false
23:13:01.181 [FXGL Background Thread 3 ] DEBUG Engine               - isMobile: false
23:13:01.181 [FXGL Background Thread 3 ] DEBUG Engine               - isNative: false
23:13:01.181 [FXGL Background Thread 3 ] DEBUG Engine               - isPauseMusicWhenMinimized: true
23:13:01.181 [FXGL Background Thread 3 ] DEBUG Engine               - isPreserveResizeRatio: false
23:13:01.181 [FXGL Background Thread 3 ] DEBUG Engine               - isProfilingEnabled: false
23:13:01.181 [FXGL Background Thread 3 ] DEBUG Engine               - isScaleAffectedOnResize: true
23:13:01.181 [FXGL Background Thread 3 ] DEBUG Engine               - isSingleStep: false
23:13:01.181 [FXGL Background Thread 3 ] DEBUG Engine               - isUserProfileEnabled: false
23:13:01.181 [FXGL Background Thread 3 ] DEBUG Engine               - isWindows: false
23:13:01.181 [FXGL Background Thread 3 ] DEBUG Engine               - language: ObjectProperty [value: ENGLISH]
23:13:01.181 [FXGL Background Thread 3 ] DEBUG Engine               - menuKey: ESCAPE
23:13:01.181 [FXGL Background Thread 3 ] DEBUG Engine               - mouseSensitivity: 0.2
23:13:01.181 [FXGL Background Thread 3 ] DEBUG Engine               - notificationViewClass: class com.almasb.fxgl.notification.view.XboxNotificationView
23:13:01.181 [FXGL Background Thread 3 ] DEBUG Engine               - pixelsPerMeter: 50.0
23:13:01.181 [FXGL Background Thread 3 ] DEBUG Engine               - platform: MAC
23:13:01.181 [FXGL Background Thread 3 ] DEBUG Engine               - prefHeightProperty: ReadOnlyDoubleProperty [value: 360.0]
23:13:01.181 [FXGL Background Thread 3 ] DEBUG Engine               - prefWidthProperty: ReadOnlyDoubleProperty [value: 800.0]
23:13:01.181 [FXGL Background Thread 3 ] DEBUG Engine               - profileDir: profiles/
23:13:01.181 [FXGL Background Thread 3 ] DEBUG Engine               - profileName: StringProperty [value: DEFAULT]
23:13:01.181 [FXGL Background Thread 3 ] DEBUG Engine               - randomSeed: -1
23:13:01.181 [FXGL Background Thread 3 ] DEBUG Engine               - runtimeInfo: RuntimeInfo(platform=MAC, version=17.2, build=20.08.2022 16.50)
23:13:01.181 [FXGL Background Thread 3 ] DEBUG Engine               - saveFileExt: sav
23:13:01.181 [FXGL Background Thread 3 ] DEBUG Engine               - scaledHeightProp$fxgl: DoubleProperty [bound, value: 360.0]
23:13:01.181 [FXGL Background Thread 3 ] DEBUG Engine               - scaledWidthProp$fxgl: DoubleProperty [bound, value: 800.0]
23:13:01.182 [FXGL Background Thread 3 ] DEBUG Engine               - sceneFactory: com.almasb.fxgl.app.scene.SceneFactory@481eb4e6
23:13:01.182 [FXGL Background Thread 3 ] DEBUG Engine               - secondsIn24h: 60
23:13:01.182 [FXGL Background Thread 3 ] DEBUG Engine               - soundMenuBack: menu/back.wav
23:13:01.182 [FXGL Background Thread 3 ] DEBUG Engine               - soundMenuPress: menu/press.wav
23:13:01.182 [FXGL Background Thread 3 ] DEBUG Engine               - soundMenuSelect: menu/select.wav
23:13:01.182 [FXGL Background Thread 3 ] DEBUG Engine               - soundNotification: core/notification.wav
23:13:01.182 [FXGL Background Thread 3 ] DEBUG Engine               - stageStyle: DECORATED
23:13:01.182 [FXGL Background Thread 3 ] DEBUG Engine               - supportedLanguages: [ENGLISH, FRENCH, GERMAN, HUNGARIAN, RUSSIAN]
23:13:01.182 [FXGL Background Thread 3 ] DEBUG Engine               - ticksPerSecond: -1
23:13:01.182 [FXGL Background Thread 3 ] DEBUG Engine               - title: Soot(sin)
23:13:01.182 [FXGL Background Thread 3 ] DEBUG Engine               - urlGithub: https://github.com/AlmasB/FXGL
23:13:01.182 [FXGL Background Thread 3 ] DEBUG Engine               - urlLeaderboard: http://fxgl-top.herokuapp.com/
23:13:01.182 [FXGL Background Thread 3 ] DEBUG Engine               - urlPOM: https://raw.githubusercontent.com/AlmasB/FXGL/release/README.md
23:13:01.182 [FXGL Background Thread 3 ] DEBUG Engine               - userAppClass: class com.example.proj.SootApp
23:13:01.182 [FXGL Background Thread 3 ] DEBUG Engine               - version: 0.0
23:13:01.182 [FXGL Background Thread 3 ] DEBUG Engine               - versionCheckDays: 7
23:13:01.182 [FXGL Background Thread 3 ] DEBUG Engine               - width: 800
23:13:01.182 [FXGL Background Thread 3 ] DEBUG Engine               - Logging services
23:13:01.182 [FXGL Background Thread 3 ] DEBUG Engine               - class com.almasb.fxgl.app.services.FXGLAssetLoaderService
23:13:01.182 [FXGL Background Thread 3 ] DEBUG Engine               - class com.almasb.fxgl.app.FXGLApplication$GameApplicationService
23:13:01.182 [FXGL Background Thread 3 ] DEBUG Engine               - class com.almasb.fxgl.app.services.FXGLDialogService
23:13:01.182 [FXGL Background Thread 3 ] DEBUG Engine               - class com.almasb.fxgl.app.services.IOTaskExecutorService
23:13:01.182 [FXGL Background Thread 3 ] DEBUG Engine               - class com.almasb.fxgl.io.FileSystemService
23:13:01.182 [FXGL Background Thread 3 ] DEBUG Engine               - class com.almasb.fxgl.localization.LocalizationService
23:13:01.182 [FXGL Background Thread 3 ] DEBUG Engine               - class com.almasb.fxgl.app.services.SystemBundleService
23:13:01.182 [FXGL Background Thread 3 ] DEBUG Engine               - class com.almasb.fxgl.profile.SaveLoadService
23:13:01.182 [FXGL Background Thread 3 ] DEBUG Engine               - class com.almasb.fxgl.ui.FXGLUIFactoryServiceProvider
23:13:01.182 [FXGL Background Thread 3 ] DEBUG Engine               - class com.almasb.fxgl.ui.FXGLDialogFactoryServiceProvider
23:13:01.182 [FXGL Background Thread 3 ] DEBUG Engine               - class com.almasb.fxgl.audio.AudioPlayer
23:13:01.182 [FXGL Background Thread 3 ] DEBUG Engine               - class com.almasb.fxgl.notification.impl.NotificationServiceProvider
23:13:01.182 [FXGL Background Thread 3 ] DEBUG Engine               - class com.almasb.fxgl.achievement.AchievementService
23:13:01.182 [FXGL Background Thread 3 ] DEBUG Engine               - class com.almasb.fxgl.cutscene.CutsceneService
23:13:01.182 [FXGL Background Thread 3 ] DEBUG Engine               - class com.almasb.fxgl.minigames.MiniGameService
23:13:01.182 [FXGL Background Thread 3 ] DEBUG Engine               - class com.almasb.fxgl.net.NetService
23:13:01.182 [FXGL Background Thread 3 ] DEBUG Engine               - class com.almasb.fxgl.app.services.UpdaterService
23:13:01.182 [FXGL Background Thread 3 ] DEBUG Engine               - class com.almasb.fxgl.dev.DevService
23:13:05.831 [JavaFX Application Thread] DEBUG PrimaryStageWindow   - Pop state: DialogSubScene
23:13:05.831 [JavaFX Application Thread] DEBUG Input                - Clearing active input actions
23:13:05.832 [JavaFX Application Thread] DEBUG GameApplicationServi - Removing overlay from DialogSubScene and adding to GameScene
23:13:05.833 [JavaFX Application Thread] DEBUG PrimaryStageWindow   - GameScene <- DialogSubScene
23:13:07.512 [JavaFX Application Thread] DEBUG PrimaryStageWindow   - Push state: DialogSubScene
23:13:07.512 [JavaFX Application Thread] DEBUG Input                - Clearing active input actions
23:13:07.514 [JavaFX Application Thread] DEBUG GameApplicationServi - Removing overlay from GameScene and adding to DialogSubScene
23:13:07.514 [JavaFX Application Thread] DEBUG PrimaryStageWindow   - GameScene -> DialogSubScene
23:13:13.535 [JavaFX Application Thread] DEBUG PrimaryStageWindow   - Pop state: DialogSubScene
23:13:13.536 [JavaFX Application Thread] DEBUG Input                - Clearing active input actions
23:13:13.537 [JavaFX Application Thread] DEBUG GameApplicationServi - Removing overlay from DialogSubScene and adding to GameScene
23:13:13.537 [JavaFX Application Thread] DEBUG PrimaryStageWindow   - GameScene <- DialogSubScene
23:13:15.443 [JavaFX Application Thread] DEBUG PrimaryStageWindow   - Push state: DialogSubScene
23:13:15.444 [JavaFX Application Thread] DEBUG Input                - Clearing active input actions
23:13:15.445 [JavaFX Application Thread] DEBUG GameApplicationServi - Removing overlay from GameScene and adding to DialogSubScene
23:13:15.446 [JavaFX Application Thread] DEBUG PrimaryStageWindow   - GameScene -> DialogSubScene
23:13:18.093 [JavaFX Application Thread] DEBUG FXGLApplication      - Exiting FXGL
23:13:18.093 [JavaFX Application Thread] DEBUG LoopRunner           - Stopping loop
23:13:18.093 [JavaFX Application Thread] DEBUG SystemBundleService  - Saving FXGL system data
23:13:18.095 [JavaFX Application Thread] DEBUG FileSystemAccess     - Writing to: /Users/olive/Documents/GitHub/Project-Winter/system/fxgl.bundle
23:13:18.096 [JavaFX Application Thread] DEBUG Async                - Shutting down background threads
23:13:18.097 [JavaFX Application Thread] DEBUG PrimaryStageWindow   - Closing main window
23:13:18.105 [JavaFX Application Thread] DEBUG Logger               - Closing Logger
