15:13:17.008 [main                     ] DEBUG Logger               - Configured Logger
15:13:17.033 [main                     ] DEBUG GameApplication      - Logging settings
Title: Soot(sin)
Version: 0.0
Width: 450
Height: 360
Fullscreen: false
Intro: false
Profiling: false
Single step:false
App Mode: DEVELOPER
Menu Key: ESCAPE
Stage Style: DECORATED
Scene Factory: class com.almasb.fxgl.app.scene.SceneFactory

15:13:17.408 [JavaFX Application Thread] DEBUG FXGLApplication      - Initializing FXGL
15:13:17.413 [JavaFX Application Thread] INFO  Engine               - FXGL-17.2 (20.08.2022 16.50) on MAC (J:18.0.2.1 FX:18.0.2)
15:13:17.413 [JavaFX Application Thread] DEBUG Engine               - JRE Vendor Name: Oracle Corporation
15:13:17.413 [JavaFX Application Thread] DEBUG Engine               - Running on OS: Mac OS X version 13.4.1
15:13:17.413 [JavaFX Application Thread] DEBUG Engine               - Architecture: aarch64
15:13:17.413 [JavaFX Application Thread] INFO  Engine               - Source code and latest versions at: https://github.com/AlmasB/FXGL
15:13:17.414 [JavaFX Application Thread] INFO  Engine               -       Ask questions and discuss at: https://github.com/AlmasB/FXGL/discussions
15:13:17.414 [JavaFX Application Thread] INFO  Engine               -              Join the FXGL chat at: https://gitter.im/AlmasB/FXGL
15:13:17.495 [JavaFX Application Thread] DEBUG PrimaryStageWindow   - Creating a JavaFX scene
15:13:17.546 [JavaFX Application Thread] DEBUG PrimaryStageWindow   - Target settings size: 450.0 x 360.0
15:13:17.546 [JavaFX Application Thread] DEBUG PrimaryStageWindow   - Scaled scene size:    450.0 x 360.0
15:13:17.547 [JavaFX Application Thread] DEBUG PrimaryStageWindow   - Scaled ratio: (1.0, 1.0)
15:13:17.548 [JavaFX Application Thread] DEBUG PrimaryStageWindow   - Set initial scene to FXGLStartupScene
15:13:17.552 [JavaFX Application Thread] DEBUG PrimaryStageWindow   - Opening main window
15:13:17.704 [JavaFX Application Thread] DEBUG PrimaryStageWindow   - Window border size: (0.0, 28.0)
15:13:17.705 [JavaFX Application Thread] DEBUG PrimaryStageWindow   - Scaled size: 450.0 x 360.0
15:13:17.705 [JavaFX Application Thread] DEBUG PrimaryStageWindow   - Scaled ratio: (1.0, 1.0)
15:13:17.705 [JavaFX Application Thread] DEBUG PrimaryStageWindow   - Scene size: 450.0 x 360.0
15:13:17.705 [JavaFX Application Thread] DEBUG PrimaryStageWindow   - Stage size: 450.0 x 388.0
15:13:17.723 [FXGL Background Thread 1 ] DEBUG Engine               - Initializing environment variables
15:13:17.816 [FXGL Background Thread 1 ] DEBUG FXGLAssetLoaderServi - User app class for loading assets: class com.example.proj.SootApp
15:13:17.816 [FXGL Background Thread 1 ] DEBUG GameApplicationServi - Applying CSS: fxgl_dark.css
15:13:17.820 [FXGL Background Thread 1 ] DEBUG FXGLAssetLoaderServi - Loading from file system: jar:file:///Users/olive/.m2/repository/com/github/almasb/fxgl/17.2/fxgl-17.2.jar!/fxglassets/ui/css/fxgl_dark.css
15:13:17.919 [FXGL Background Thread 1 ] DEBUG GameApplicationServi - Initializing application scenes
15:13:18.135 [FXGL Background Thread 1 ] DEBUG GameWorld            - Game world initialized
15:13:18.176 [FXGL Background Thread 1 ] DEBUG PhysicsWorld         - Physics world initialized: appHeight=360, physics.ppm=50.0
15:13:18.176 [FXGL Background Thread 1 ] DEBUG PhysicsWorld         - Using strategy: BRUTE_FORCE
15:13:18.179 [FXGL Background Thread 1 ] DEBUG GameScene            - Game scene initialized: 450x360
15:13:18.186 [FXGL Background Thread 1 ] WARN  FXGL.DefaultMenu     - FXGLDefaultMenu is not designed for resolutions < 800x600
15:13:18.186 [FXGL Background Thread 1 ] DEBUG FXGL.DefaultMenu     - createMenuBodyGameMenu()
15:13:18.210 [FXGL Background Thread 1 ] DEBUG FXGL.DefaultMenu     - createOptionsMenu()
15:13:18.235 [FXGL Background Thread 1 ] DEBUG FXGLAssetLoaderServi - Loading from file system: jar:file:///Users/olive/.m2/repository/com/github/almasb/fxgl/17.2/fxgl-17.2.jar!/fxglassets/textures/particles/smoke.png
15:13:18.550 [FXGL Background Thread 1 ] DEBUG FXGLAssetLoaderServi - Loading from file system: jar:file:///Users/olive/.m2/repository/com/github/almasb/fxgl/17.2/fxgl-17.2.jar!/fxglassets/textures/particles/trace_horizontal.png
15:13:18.572 [FXGL Background Thread 1 ] DEBUG GameApplicationServi - Application scenes initialized
15:13:18.582 [FXGL Background Thread 1 ] DEBUG SystemBundleService  - Loading FXGL system data
15:13:18.586 [FXGL Background Thread 1 ] DEBUG FileSystemAccess     - Reading from: /Users/olive/Documents/GitHub/Project-Winter/system/fxgl.bundle
15:13:18.594 [FXGL Background Thread 1 ] DEBUG SystemBundleService  - Bundle FXGL: {}
15:13:18.594 [FXGL Background Thread 1 ] DEBUG UpdaterService       - Checking for updates
15:13:18.597 [FXGL Background Thread 4 ] DEBUG FXGLApplication      - Loading fonts
15:13:18.597 [FXGL Background Thread 4 ] DEBUG FXGLAssetLoaderServi - Loading from file system: jar:file:///Users/olive/.m2/repository/com/github/almasb/fxgl/17.2/fxgl-17.2.jar!/fxglassets/ui/fonts/VarelaRound-Regular.ttf
15:13:18.597 [FXGL Background Thread 1 ] DEBUG FXGLApplication      - Loading default localization
15:13:18.598 [FXGL Background Thread 1 ] DEBUG FXGLAssetLoaderServi - Loading from file system: jar:file:///Users/olive/.m2/repository/com/github/almasb/fxgl/17.2/fxgl-17.2.jar!/fxglassets/languages/english.lang
15:13:18.606 [FXGL Background Thread 4 ] DEBUG FXGLAssetLoaderServi - Loading from file system: jar:file:///Users/olive/.m2/repository/com/github/almasb/fxgl/17.2/fxgl-17.2.jar!/fxglassets/ui/fonts/Abel-Regular.ttf
15:13:18.608 [FXGL Background Thread 4 ] DEBUG FXGLAssetLoaderServi - Loading from file system: jar:file:///Users/olive/.m2/repository/com/github/almasb/fxgl/17.2/fxgl-17.2.jar!/fxglassets/ui/fonts/TerminalLandMono-Regular.otf
15:13:18.610 [FXGL Background Thread 1 ] INFO  FXGLApplication      - FXGL initialization took: 0.887 sec
15:13:18.610 [FXGL Background Thread 4 ] DEBUG FXGLAssetLoaderServi - Loading from file system: jar:file:///Users/olive/.m2/repository/com/github/almasb/fxgl/17.2/fxgl-17.2.jar!/fxglassets/ui/fonts/Courier-Prime.ttf
15:13:18.616 [JavaFX Application Thread] DEBUG Input                - Registered new binding: left - Left
15:13:18.616 [JavaFX Application Thread] DEBUG Input                - Registered new binding: right - Right
15:13:18.616 [JavaFX Application Thread] DEBUG Input                - Registered new binding: jump - Up
15:13:18.617 [JavaFX Application Thread] DEBUG FXGLAssetLoaderServi - Loading from file system: jar:file:///Users/olive/.m2/repository/com/github/almasb/fxgl/17.2/fxgl-17.2.jar!/fxglassets/textures/fxgl_icon.png
15:13:18.642 [JavaFX Application Thread] DEBUG FXGLAssetLoaderServi - Loading from file system: jar:file:///Users/olive/.m2/repository/com/github/almasb/fxgl/17.2/fxgl-17.2.jar!/fxglassets/textures/fxgl_default_cursor.png
15:13:18.643 [JavaFX Application Thread] DEBUG Input                - Registered new binding: Screenshot - CTRL+8
15:13:18.644 [JavaFX Application Thread] DEBUG Input                - Registered new binding: System info dump - CTRL+9
15:13:18.644 [JavaFX Application Thread] DEBUG Input                - Registered new binding: Restart - CTRL+R
15:13:18.644 [JavaFX Application Thread] DEBUG Input                - Registered new binding: Toggle Debug Camera - CTRL+7
15:13:18.645 [JavaFX Application Thread] DEBUG LoopRunner           - Starting loop
15:13:18.645 [JavaFX Application Thread] DEBUG LoopRunner           - Initializing JavaFX AnimationTimerLoop
15:13:18.645 [JavaFX Application Thread] DEBUG GameApplicationServi - Starting new game
15:13:18.646 [JavaFX Application Thread] DEBUG Input                - Clearing active input actions
15:13:18.651 [JavaFX Application Thread] DEBUG GameApplicationServi - Removing overlay from FXGLStartupScene and adding to FXGLLoadingScene
15:13:18.652 [JavaFX Application Thread] DEBUG PrimaryStageWindow   - FXGLStartupScene -> FXGLLoadingScene
15:13:18.652 [JavaFX Application Thread] DEBUG GameApplicationServi - Clearing previous game
15:13:18.652 [JavaFX Application Thread] DEBUG GameScene            - Clearing game scene
15:13:18.652 [JavaFX Application Thread] DEBUG GameWorld            - Clearing game world
15:13:18.652 [JavaFX Application Thread] DEBUG PhysicsWorld         - Clearing physics world
15:13:18.653 [FXGL Background Thread 4 ] DEBUG FXGLApplication      - Initializing game
15:13:18.680 [JavaFX Application Thread] DEBUG FXGLApplication      - Registering font factories with UI factory
15:13:18.682 [FXGL Background Thread 4 ] DEBUG TMXLevelLoader       - Parsed TiledMap: file:/Users/olive/Documents/GitHub/Project-Winter/proj/target/classes/assets/levels/tmx/Plat1.9.0.tmx
15:13:18.684 [FXGL Background Thread 4 ] DEBUG TMXLevelLoader       - Creating tile layer entities
15:13:18.684 [FXGL Background Thread 4 ] DEBUG TilesetLoader        - Loading view for layer Tile Layer 1
15:13:18.685 [FXGL Background Thread 4 ] DEBUG TilesetLoader        - Created buffer with size 450.0x360.0
15:13:18.693 [FXGL Background Thread 4 ] DEBUG TMXLevelLoader       - Creating object layer entities
15:13:18.707 [FXGL Background Thread 4 ] DEBUG GameWorld            - Clearing removable entities
15:13:18.708 [FXGL Background Thread 4 ] DEBUG GameWorld            - Setting level: com.almasb.fxgl.entity.level.Level@61b2f00f
15:13:18.713 [FXGL Background Thread 4 ] DEBUG FXGLAssetLoaderServi - Loading from file system: file:/Users/olive/Documents/GitHub/Project-Winter/proj/target/classes/assets/textures/finalSOOT.gif
15:13:18.717 [FXGL Background Thread 4 ] WARN  Entity               - Entity already has component: com.example.proj.component.PlayerControl
15:13:18.718 [FXGL Background Thread 4 ] INFO  FXGLApplication      - Game initialization took: 0.065 sec
15:13:18.762 [JavaFX Application Thread] DEBUG Input                - Clearing active input actions
15:13:18.767 [JavaFX Application Thread] DEBUG GameApplicationServi - Removing overlay from FXGLLoadingScene and adding to GameScene
15:13:18.767 [JavaFX Application Thread] DEBUG PrimaryStageWindow   - FXGLLoadingScene -> GameScene
15:13:18.862 [FXGL Background Thread 2 ] INFO  UpdaterService       - Your current version:  17.2
15:13:18.862 [FXGL Background Thread 2 ] INFO  UpdaterService       - Latest stable version: 21
15:13:21.598 [FXGL Background Thread 3 ] DEBUG Engine               - Logging environment variables
15:13:21.599 [FXGL Background Thread 3 ] DEBUG Engine               - achievements: []
15:13:21.599 [FXGL Background Thread 3 ] DEBUG Engine               - actualHeight: 360.0
15:13:21.599 [FXGL Background Thread 3 ] DEBUG Engine               - actualHeightProperty: ReadOnlyDoubleProperty [value: 360.0]
15:13:21.599 [FXGL Background Thread 3 ] DEBUG Engine               - actualWidth: 450.0
15:13:21.599 [FXGL Background Thread 3 ] DEBUG Engine               - actualWidthProperty: ReadOnlyDoubleProperty [value: 450.0]
15:13:21.599 [FXGL Background Thread 3 ] DEBUG Engine               - appIcon: fxgl_icon.png
15:13:21.599 [FXGL Background Thread 3 ] DEBUG Engine               - applicationMode: DEVELOPER
15:13:21.600 [FXGL Background Thread 3 ] DEBUG Engine               - cSSList: [fxgl_dark.css]
15:13:21.600 [FXGL Background Thread 3 ] DEBUG Engine               - collisionDetectionStrategy: BRUTE_FORCE
15:13:21.600 [FXGL Background Thread 3 ] DEBUG Engine               - configClass: Optional.empty
15:13:21.600 [FXGL Background Thread 3 ] DEBUG Engine               - credits: []
15:13:21.600 [FXGL Background Thread 3 ] DEBUG Engine               - defaultCursor: CursorInfo(imageName=fxgl_default_cursor.png, hotspotX=7.0, hotspotY=6.0)
15:13:21.601 [FXGL Background Thread 3 ] DEBUG Engine               - devBBoxColorProperty: ObjectProperty [value: 0xff0000ff]
15:13:21.601 [FXGL Background Thread 3 ] DEBUG Engine               - devEnableDebugCameraProperty: BooleanProperty [value: false]
15:13:21.601 [FXGL Background Thread 3 ] DEBUG Engine               - devSensorColorProperty: ObjectProperty [value: 0xffff00ff]
15:13:21.601 [FXGL Background Thread 3 ] DEBUG Engine               - devShowBBoxProperty: BooleanProperty [value: false]
15:13:21.601 [FXGL Background Thread 3 ] DEBUG Engine               - devShowPositionProperty: BooleanProperty [value: false]
15:13:21.601 [FXGL Background Thread 3 ] DEBUG Engine               - enabledMenuItems: []
15:13:21.601 [FXGL Background Thread 3 ] DEBUG Engine               - engineServices: [class com.almasb.fxgl.app.services.FXGLAssetLoaderService, class com.almasb.fxgl.app.FXGLApplication$GameApplicationService, class com.almasb.fxgl.app.services.FXGLDialogService, class com.almasb.fxgl.app.services.IOTaskExecutorService, class com.almasb.fxgl.io.FileSystemService, class com.almasb.fxgl.localization.LocalizationService, class com.almasb.fxgl.app.services.SystemBundleService, class com.almasb.fxgl.profile.SaveLoadService, class com.almasb.fxgl.ui.FXGLUIFactoryServiceProvider, class com.almasb.fxgl.ui.FXGLDialogFactoryServiceProvider, class com.almasb.fxgl.audio.AudioPlayer, class com.almasb.fxgl.notification.impl.NotificationServiceProvider, class com.almasb.fxgl.achievement.AchievementService, class com.almasb.fxgl.cutscene.CutsceneService, class com.almasb.fxgl.minigames.MiniGameService, class com.almasb.fxgl.net.NetService, class com.almasb.fxgl.app.services.UpdaterService, class com.almasb.fxgl.dev.DevService]
15:13:21.601 [FXGL Background Thread 3 ] DEBUG Engine               - fontGame: Abel-Regular.ttf
15:13:21.601 [FXGL Background Thread 3 ] DEBUG Engine               - fontMono: TerminalLandMono-Regular.otf
15:13:21.601 [FXGL Background Thread 3 ] DEBUG Engine               - fontText: Courier-Prime.ttf
15:13:21.601 [FXGL Background Thread 3 ] DEBUG Engine               - fontUI: VarelaRound-Regular.ttf
15:13:21.601 [FXGL Background Thread 3 ] DEBUG Engine               - fullScreen: BooleanProperty [value: false]
15:13:21.601 [FXGL Background Thread 3 ] DEBUG Engine               - gameDifficulty: MEDIUM
15:13:21.601 [FXGL Background Thread 3 ] DEBUG Engine               - gameDifficultyProperty: ObjectProperty [value: MEDIUM]
15:13:21.602 [FXGL Background Thread 3 ] DEBUG Engine               - globalMusicVolume: 0.5
15:13:21.602 [FXGL Background Thread 3 ] DEBUG Engine               - globalMusicVolumeProperty: DoubleProperty [value: 0.5]
15:13:21.602 [FXGL Background Thread 3 ] DEBUG Engine               - globalSoundVolume: 0.5
15:13:21.602 [FXGL Background Thread 3 ] DEBUG Engine               - globalSoundVolumeProperty: DoubleProperty [value: 0.5]
15:13:21.602 [FXGL Background Thread 3 ] DEBUG Engine               - height: 360
15:13:21.602 [FXGL Background Thread 3 ] DEBUG Engine               - is3D: false
15:13:21.602 [FXGL Background Thread 3 ] DEBUG Engine               - isAndroid: false
15:13:21.602 [FXGL Background Thread 3 ] DEBUG Engine               - isBrowser: false
15:13:21.602 [FXGL Background Thread 3 ] DEBUG Engine               - isClickFeedbackEnabled: false
15:13:21.602 [FXGL Background Thread 3 ] DEBUG Engine               - isCloseConfirmation: false
15:13:21.602 [FXGL Background Thread 3 ] DEBUG Engine               - isDesktop: true
15:13:21.602 [FXGL Background Thread 3 ] DEBUG Engine               - isDeveloperMenuEnabled: false
15:13:21.602 [FXGL Background Thread 3 ] DEBUG Engine               - isEmbedded: false
15:13:21.602 [FXGL Background Thread 3 ] DEBUG Engine               - isEntityPreloadEnabled: true
15:13:21.602 [FXGL Background Thread 3 ] DEBUG Engine               - isExperimentalTiledLargeMap: false
15:13:21.602 [FXGL Background Thread 3 ] DEBUG Engine               - isFileSystemWriteAllowed: true
15:13:21.603 [FXGL Background Thread 3 ] DEBUG Engine               - isFullScreenAllowed: false
15:13:21.603 [FXGL Background Thread 3 ] DEBUG Engine               - isFullScreenFromStart: false
15:13:21.603 [FXGL Background Thread 3 ] DEBUG Engine               - isGameMenuEnabled: true
15:13:21.603 [FXGL Background Thread 3 ] DEBUG Engine               - isIOS: false
15:13:21.603 [FXGL Background Thread 3 ] DEBUG Engine               - isIntroEnabled: false
15:13:21.603 [FXGL Background Thread 3 ] DEBUG Engine               - isLinux: false
15:13:21.603 [FXGL Background Thread 3 ] DEBUG Engine               - isMac: true
15:13:21.603 [FXGL Background Thread 3 ] DEBUG Engine               - isMainMenuEnabled: false
15:13:21.603 [FXGL Background Thread 3 ] DEBUG Engine               - isManualResizeEnabled: false
15:13:21.603 [FXGL Background Thread 3 ] DEBUG Engine               - isMobile: false
15:13:21.603 [FXGL Background Thread 3 ] DEBUG Engine               - isNative: false
15:13:21.603 [FXGL Background Thread 3 ] DEBUG Engine               - isPauseMusicWhenMinimized: true
15:13:21.603 [FXGL Background Thread 3 ] DEBUG Engine               - isPreserveResizeRatio: false
15:13:21.604 [FXGL Background Thread 3 ] DEBUG Engine               - isProfilingEnabled: false
15:13:21.604 [FXGL Background Thread 3 ] DEBUG Engine               - isScaleAffectedOnResize: true
15:13:21.604 [FXGL Background Thread 3 ] DEBUG Engine               - isSingleStep: false
15:13:21.604 [FXGL Background Thread 3 ] DEBUG Engine               - isUserProfileEnabled: false
15:13:21.604 [FXGL Background Thread 3 ] DEBUG Engine               - isWindows: false
15:13:21.604 [FXGL Background Thread 3 ] DEBUG Engine               - language: ObjectProperty [value: ENGLISH]
15:13:21.604 [FXGL Background Thread 3 ] DEBUG Engine               - menuKey: ESCAPE
15:13:21.604 [FXGL Background Thread 3 ] DEBUG Engine               - mouseSensitivity: 0.2
15:13:21.604 [FXGL Background Thread 3 ] DEBUG Engine               - notificationViewClass: class com.almasb.fxgl.notification.view.XboxNotificationView
15:13:21.604 [FXGL Background Thread 3 ] DEBUG Engine               - pixelsPerMeter: 50.0
15:13:21.604 [FXGL Background Thread 3 ] DEBUG Engine               - platform: MAC
15:13:21.604 [FXGL Background Thread 3 ] DEBUG Engine               - prefHeightProperty: ReadOnlyDoubleProperty [value: 360.0]
15:13:21.604 [FXGL Background Thread 3 ] DEBUG Engine               - prefWidthProperty: ReadOnlyDoubleProperty [value: 450.0]
15:13:21.604 [FXGL Background Thread 3 ] DEBUG Engine               - profileDir: profiles/
15:13:21.604 [FXGL Background Thread 3 ] DEBUG Engine               - profileName: StringProperty [value: DEFAULT]
15:13:21.604 [FXGL Background Thread 3 ] DEBUG Engine               - randomSeed: -1
15:13:21.605 [FXGL Background Thread 3 ] DEBUG Engine               - runtimeInfo: RuntimeInfo(platform=MAC, version=17.2, build=20.08.2022 16.50)
15:13:21.605 [FXGL Background Thread 3 ] DEBUG Engine               - saveFileExt: sav
15:13:21.605 [FXGL Background Thread 3 ] DEBUG Engine               - scaledHeightProp$fxgl: DoubleProperty [bound, value: 360.0]
15:13:21.605 [FXGL Background Thread 3 ] DEBUG Engine               - scaledWidthProp$fxgl: DoubleProperty [bound, value: 450.0]
15:13:21.605 [FXGL Background Thread 3 ] DEBUG Engine               - sceneFactory: com.almasb.fxgl.app.scene.SceneFactory@764271c8
15:13:21.605 [FXGL Background Thread 3 ] DEBUG Engine               - secondsIn24h: 60
15:13:21.605 [FXGL Background Thread 3 ] DEBUG Engine               - soundMenuBack: menu/back.wav
15:13:21.605 [FXGL Background Thread 3 ] DEBUG Engine               - soundMenuPress: menu/press.wav
15:13:21.605 [FXGL Background Thread 3 ] DEBUG Engine               - soundMenuSelect: menu/select.wav
15:13:21.605 [FXGL Background Thread 3 ] DEBUG Engine               - soundNotification: core/notification.wav
15:13:21.605 [FXGL Background Thread 3 ] DEBUG Engine               - stageStyle: DECORATED
15:13:21.605 [FXGL Background Thread 3 ] DEBUG Engine               - supportedLanguages: [ENGLISH, FRENCH, GERMAN, HUNGARIAN, RUSSIAN]
15:13:21.605 [FXGL Background Thread 3 ] DEBUG Engine               - ticksPerSecond: -1
15:13:21.605 [FXGL Background Thread 3 ] DEBUG Engine               - title: Soot(sin)
15:13:21.605 [FXGL Background Thread 3 ] DEBUG Engine               - urlGithub: https://github.com/AlmasB/FXGL
15:13:21.605 [FXGL Background Thread 3 ] DEBUG Engine               - urlLeaderboard: http://fxgl-top.herokuapp.com/
15:13:21.605 [FXGL Background Thread 3 ] DEBUG Engine               - urlPOM: https://raw.githubusercontent.com/AlmasB/FXGL/release/README.md
15:13:21.605 [FXGL Background Thread 3 ] DEBUG Engine               - userAppClass: class com.example.proj.SootApp
15:13:21.605 [FXGL Background Thread 3 ] DEBUG Engine               - version: 0.0
15:13:21.605 [FXGL Background Thread 3 ] DEBUG Engine               - versionCheckDays: 7
15:13:21.606 [FXGL Background Thread 3 ] DEBUG Engine               - width: 450
15:13:21.606 [FXGL Background Thread 3 ] DEBUG Engine               - Logging services
15:13:21.606 [FXGL Background Thread 3 ] DEBUG Engine               - class com.almasb.fxgl.app.services.FXGLAssetLoaderService
15:13:21.606 [FXGL Background Thread 3 ] DEBUG Engine               - class com.almasb.fxgl.app.FXGLApplication$GameApplicationService
15:13:21.606 [FXGL Background Thread 3 ] DEBUG Engine               - class com.almasb.fxgl.app.services.FXGLDialogService
15:13:21.606 [FXGL Background Thread 3 ] DEBUG Engine               - class com.almasb.fxgl.app.services.IOTaskExecutorService
15:13:21.606 [FXGL Background Thread 3 ] DEBUG Engine               - class com.almasb.fxgl.io.FileSystemService
15:13:21.606 [FXGL Background Thread 3 ] DEBUG Engine               - class com.almasb.fxgl.localization.LocalizationService
15:13:21.606 [FXGL Background Thread 3 ] DEBUG Engine               - class com.almasb.fxgl.app.services.SystemBundleService
15:13:21.606 [FXGL Background Thread 3 ] DEBUG Engine               - class com.almasb.fxgl.profile.SaveLoadService
15:13:21.606 [FXGL Background Thread 3 ] DEBUG Engine               - class com.almasb.fxgl.ui.FXGLUIFactoryServiceProvider
15:13:21.606 [FXGL Background Thread 3 ] DEBUG Engine               - class com.almasb.fxgl.ui.FXGLDialogFactoryServiceProvider
15:13:21.606 [FXGL Background Thread 3 ] DEBUG Engine               - class com.almasb.fxgl.audio.AudioPlayer
15:13:21.606 [FXGL Background Thread 3 ] DEBUG Engine               - class com.almasb.fxgl.notification.impl.NotificationServiceProvider
15:13:21.606 [FXGL Background Thread 3 ] DEBUG Engine               - class com.almasb.fxgl.achievement.AchievementService
15:13:21.606 [FXGL Background Thread 3 ] DEBUG Engine               - class com.almasb.fxgl.cutscene.CutsceneService
15:13:21.606 [FXGL Background Thread 3 ] DEBUG Engine               - class com.almasb.fxgl.minigames.MiniGameService
15:13:21.606 [FXGL Background Thread 3 ] DEBUG Engine               - class com.almasb.fxgl.net.NetService
15:13:21.606 [FXGL Background Thread 3 ] DEBUG Engine               - class com.almasb.fxgl.app.services.UpdaterService
15:13:21.606 [FXGL Background Thread 3 ] DEBUG Engine               - class com.almasb.fxgl.dev.DevService
15:13:52.732 [JavaFX Application Thread] DEBUG FXGLApplication      - Exiting FXGL
15:13:52.733 [JavaFX Application Thread] DEBUG LoopRunner           - Stopping loop
15:13:52.733 [JavaFX Application Thread] DEBUG SystemBundleService  - Saving FXGL system data
15:13:52.735 [JavaFX Application Thread] DEBUG FileSystemAccess     - Writing to: /Users/olive/Documents/GitHub/Project-Winter/system/fxgl.bundle
15:13:52.736 [JavaFX Application Thread] DEBUG Async                - Shutting down background threads
15:13:52.736 [JavaFX Application Thread] DEBUG PrimaryStageWindow   - Closing main window
15:13:52.744 [JavaFX Application Thread] DEBUG Logger               - Closing Logger
