08:59:06.053 [main                     ] DEBUG Logger               - Configured Logger
08:59:06.089 [main                     ] DEBUG GameApplication      - Logging settings
Title: Soot(sin)
Version: 0.0
Width: 500
Height: 350
Fullscreen: false
Intro: false
Profiling: false
Single step:false
App Mode: DEVELOPER
Menu Key: ESCAPE
Stage Style: DECORATED
Scene Factory: class com.almasb.fxgl.app.scene.SceneFactory

08:59:06.656 [JavaFX Application Thread] DEBUG FXGLApplication      - Initializing FXGL
08:59:06.662 [JavaFX Application Thread] INFO  Engine               - FXGL-17.2 (20.08.2022 16.50) on MAC (J:18.0.2.1 FX:18.0.2)
08:59:06.662 [JavaFX Application Thread] DEBUG Engine               - JRE Vendor Name: Oracle Corporation
08:59:06.662 [JavaFX Application Thread] DEBUG Engine               - Running on OS: Mac OS X version 13.4.1
08:59:06.663 [JavaFX Application Thread] DEBUG Engine               - Architecture: aarch64
08:59:06.663 [JavaFX Application Thread] INFO  Engine               - Source code and latest versions at: https://github.com/AlmasB/FXGL
08:59:06.663 [JavaFX Application Thread] INFO  Engine               -       Ask questions and discuss at: https://github.com/AlmasB/FXGL/discussions
08:59:06.663 [JavaFX Application Thread] INFO  Engine               -              Join the FXGL chat at: https://gitter.im/AlmasB/FXGL
08:59:06.763 [JavaFX Application Thread] DEBUG PrimaryStageWindow   - Creating a JavaFX scene
08:59:06.799 [JavaFX Application Thread] DEBUG PrimaryStageWindow   - Target settings size: 500.0 x 350.0
08:59:06.800 [JavaFX Application Thread] DEBUG PrimaryStageWindow   - Scaled scene size:    500.0 x 350.0
08:59:06.800 [JavaFX Application Thread] DEBUG PrimaryStageWindow   - Scaled ratio: (1.0, 1.0)
08:59:06.801 [JavaFX Application Thread] DEBUG PrimaryStageWindow   - Set initial scene to FXGLStartupScene
08:59:06.807 [JavaFX Application Thread] DEBUG PrimaryStageWindow   - Opening main window
08:59:06.903 [JavaFX Application Thread] DEBUG PrimaryStageWindow   - Window border size: (0.0, 28.0)
08:59:06.904 [JavaFX Application Thread] DEBUG PrimaryStageWindow   - Scaled size: 500.0 x 350.0
08:59:06.904 [JavaFX Application Thread] DEBUG PrimaryStageWindow   - Scaled ratio: (1.0, 1.0)
08:59:06.904 [JavaFX Application Thread] DEBUG PrimaryStageWindow   - Scene size: 500.0 x 350.0
08:59:06.905 [JavaFX Application Thread] DEBUG PrimaryStageWindow   - Stage size: 500.0 x 378.0
08:59:06.909 [FXGL Background Thread 1 ] DEBUG Engine               - Initializing environment variables
08:59:06.956 [FXGL Background Thread 1 ] DEBUG FXGLAssetLoaderServi - User app class for loading assets: class com.example.proj.SootApp
08:59:06.956 [FXGL Background Thread 1 ] DEBUG GameApplicationServi - Applying CSS: fxgl_dark.css
08:59:06.957 [FXGL Background Thread 1 ] DEBUG FXGLAssetLoaderServi - Loading from file system: jar:file:///Users/olive/.m2/repository/com/github/almasb/fxgl/17.2/fxgl-17.2.jar!/fxglassets/ui/css/fxgl_dark.css
08:59:07.001 [FXGL Background Thread 1 ] DEBUG GameApplicationServi - Initializing application scenes
08:59:07.215 [FXGL Background Thread 1 ] DEBUG GameWorld            - Game world initialized
08:59:07.292 [FXGL Background Thread 1 ] DEBUG PhysicsWorld         - Physics world initialized: appHeight=350, physics.ppm=50.0
08:59:07.293 [FXGL Background Thread 1 ] DEBUG PhysicsWorld         - Using strategy: BRUTE_FORCE
08:59:07.301 [FXGL Background Thread 1 ] DEBUG GameScene            - Game scene initialized: 500x350
08:59:07.326 [FXGL Background Thread 1 ] WARN  FXGL.DefaultMenu     - FXGLDefaultMenu is not designed for resolutions < 800x600
08:59:07.327 [FXGL Background Thread 1 ] DEBUG FXGL.DefaultMenu     - createMenuBodyGameMenu()
08:59:07.352 [FXGL Background Thread 1 ] DEBUG FXGL.DefaultMenu     - createOptionsMenu()
08:59:07.385 [FXGL Background Thread 1 ] DEBUG FXGLAssetLoaderServi - Loading from file system: jar:file:///Users/olive/.m2/repository/com/github/almasb/fxgl/17.2/fxgl-17.2.jar!/fxglassets/textures/particles/smoke.png
08:59:07.910 [FXGL Background Thread 1 ] DEBUG FXGLAssetLoaderServi - Loading from file system: jar:file:///Users/olive/.m2/repository/com/github/almasb/fxgl/17.2/fxgl-17.2.jar!/fxglassets/textures/particles/trace_horizontal.png
08:59:08.018 [FXGL Background Thread 1 ] DEBUG GameApplicationServi - Application scenes initialized
08:59:08.033 [FXGL Background Thread 1 ] DEBUG SystemBundleService  - Loading FXGL system data
08:59:08.083 [FXGL Background Thread 1 ] DEBUG FileSystemAccess     - Reading from: /Users/olive/Documents/GitHub/Project-Winter/system/fxgl.bundle
08:59:08.130 [FXGL Background Thread 1 ] DEBUG SystemBundleService  - Bundle FXGL: {}
08:59:08.130 [FXGL Background Thread 1 ] DEBUG UpdaterService       - Checking for updates
08:59:08.136 [FXGL Background Thread 4 ] DEBUG FXGLApplication      - Loading fonts
08:59:08.136 [FXGL Background Thread 1 ] DEBUG FXGLApplication      - Loading default localization
08:59:08.136 [FXGL Background Thread 4 ] DEBUG FXGLAssetLoaderServi - Loading from file system: jar:file:///Users/olive/.m2/repository/com/github/almasb/fxgl/17.2/fxgl-17.2.jar!/fxglassets/ui/fonts/VarelaRound-Regular.ttf
08:59:08.137 [FXGL Background Thread 1 ] DEBUG FXGLAssetLoaderServi - Loading from file system: jar:file:///Users/olive/.m2/repository/com/github/almasb/fxgl/17.2/fxgl-17.2.jar!/fxglassets/languages/english.lang
08:59:08.149 [FXGL Background Thread 4 ] DEBUG FXGLAssetLoaderServi - Loading from file system: jar:file:///Users/olive/.m2/repository/com/github/almasb/fxgl/17.2/fxgl-17.2.jar!/fxglassets/ui/fonts/Abel-Regular.ttf
08:59:08.151 [FXGL Background Thread 4 ] DEBUG FXGLAssetLoaderServi - Loading from file system: jar:file:///Users/olive/.m2/repository/com/github/almasb/fxgl/17.2/fxgl-17.2.jar!/fxglassets/ui/fonts/TerminalLandMono-Regular.otf
08:59:08.154 [FXGL Background Thread 4 ] DEBUG FXGLAssetLoaderServi - Loading from file system: jar:file:///Users/olive/.m2/repository/com/github/almasb/fxgl/17.2/fxgl-17.2.jar!/fxglassets/ui/fonts/Courier-Prime.ttf
08:59:08.159 [JavaFX Application Thread] DEBUG FXGLApplication      - Registering font factories with UI factory
08:59:08.193 [FXGL Background Thread 1 ] INFO  FXGLApplication      - FXGL initialization took: 1.283 sec
08:59:08.204 [JavaFX Application Thread] DEBUG Input                - Registered new binding: left - Left
08:59:08.204 [JavaFX Application Thread] DEBUG Input                - Registered new binding: right - Right
08:59:08.205 [JavaFX Application Thread] DEBUG Input                - Registered new binding: jump - Up
08:59:08.205 [JavaFX Application Thread] DEBUG FXGLAssetLoaderServi - Loading from file system: jar:file:///Users/olive/.m2/repository/com/github/almasb/fxgl/17.2/fxgl-17.2.jar!/fxglassets/textures/fxgl_icon.png
08:59:08.236 [JavaFX Application Thread] DEBUG FXGLAssetLoaderServi - Loading from file system: jar:file:///Users/olive/.m2/repository/com/github/almasb/fxgl/17.2/fxgl-17.2.jar!/fxglassets/textures/fxgl_default_cursor.png
08:59:08.238 [JavaFX Application Thread] DEBUG Input                - Registered new binding: Screenshot - CTRL+8
08:59:08.239 [JavaFX Application Thread] DEBUG Input                - Registered new binding: System info dump - CTRL+9
08:59:08.239 [JavaFX Application Thread] DEBUG Input                - Registered new binding: Restart - CTRL+R
08:59:08.239 [JavaFX Application Thread] DEBUG Input                - Registered new binding: Toggle Debug Camera - CTRL+7
08:59:08.241 [JavaFX Application Thread] DEBUG LoopRunner           - Starting loop
08:59:08.241 [JavaFX Application Thread] DEBUG LoopRunner           - Initializing JavaFX AnimationTimerLoop
08:59:08.243 [JavaFX Application Thread] DEBUG GameApplicationServi - Starting new game
08:59:08.243 [JavaFX Application Thread] DEBUG Input                - Clearing active input actions
08:59:08.270 [JavaFX Application Thread] DEBUG GameApplicationServi - Removing overlay from FXGLStartupScene and adding to FXGLLoadingScene
08:59:08.270 [JavaFX Application Thread] DEBUG PrimaryStageWindow   - FXGLStartupScene -> FXGLLoadingScene
08:59:08.270 [JavaFX Application Thread] DEBUG GameApplicationServi - Clearing previous game
08:59:08.271 [JavaFX Application Thread] DEBUG GameScene            - Clearing game scene
08:59:08.271 [JavaFX Application Thread] DEBUG GameWorld            - Clearing game world
08:59:08.271 [JavaFX Application Thread] DEBUG PhysicsWorld         - Clearing physics world
08:59:08.273 [FXGL Background Thread 1 ] DEBUG FXGLApplication      - Initializing game
08:59:08.316 [FXGL Background Thread 1 ] DEBUG TMXLevelLoader       - Parsed TiledMap: file:/Users/olive/Documents/GitHub/Project-Winter/proj/target/classes/assets/levels/tmx/Plat1.9.0.tmx
08:59:08.317 [FXGL Background Thread 1 ] DEBUG TMXLevelLoader       - Creating tile layer entities
08:59:08.318 [FXGL Background Thread 1 ] DEBUG TilesetLoader        - Loading view for layer Tile Layer 1
08:59:08.318 [FXGL Background Thread 1 ] DEBUG TilesetLoader        - Created buffer with size 450.0x360.0
08:59:08.328 [FXGL Background Thread 1 ] DEBUG TMXLevelLoader       - Creating object layer entities
08:59:08.427 [FXGL Background Thread 1 ] DEBUG GameWorld            - Clearing removable entities
08:59:08.427 [FXGL Background Thread 1 ] DEBUG GameWorld            - Setting level: com.almasb.fxgl.entity.level.Level@4ff24ec0
08:59:08.440 [FXGL Background Thread 1 ] DEBUG FXGLAssetLoaderServi - Loading from file system: file:/Users/olive/Documents/GitHub/Project-Winter/proj/target/classes/assets/textures/finalSOOT.gif
08:59:08.447 [FXGL Background Thread 1 ] WARN  Entity               - Entity already has component: com.example.proj.component.PlayerControl
08:59:08.459 [FXGL Background Thread 1 ] INFO  FXGLApplication      - Game initialization took: 0.186 sec
08:59:08.461 [JavaFX Application Thread] DEBUG Input                - Clearing active input actions
08:59:08.472 [JavaFX Application Thread] DEBUG GameApplicationServi - Removing overlay from FXGLLoadingScene and adding to GameScene
08:59:08.472 [JavaFX Application Thread] DEBUG PrimaryStageWindow   - FXGLLoadingScene -> GameScene
08:59:08.758 [FXGL Background Thread 2 ] INFO  UpdaterService       - Your current version:  17.2
08:59:08.758 [FXGL Background Thread 2 ] INFO  UpdaterService       - Latest stable version: 21
08:59:11.140 [FXGL Background Thread 3 ] DEBUG Engine               - Logging environment variables
08:59:11.141 [FXGL Background Thread 3 ] DEBUG Engine               - achievements: []
08:59:11.141 [FXGL Background Thread 3 ] DEBUG Engine               - actualHeight: 350.0
08:59:11.141 [FXGL Background Thread 3 ] DEBUG Engine               - actualHeightProperty: ReadOnlyDoubleProperty [value: 350.0]
08:59:11.141 [FXGL Background Thread 3 ] DEBUG Engine               - actualWidth: 500.0
08:59:11.141 [FXGL Background Thread 3 ] DEBUG Engine               - actualWidthProperty: ReadOnlyDoubleProperty [value: 500.0]
08:59:11.141 [FXGL Background Thread 3 ] DEBUG Engine               - appIcon: fxgl_icon.png
08:59:11.141 [FXGL Background Thread 3 ] DEBUG Engine               - applicationMode: DEVELOPER
08:59:11.141 [FXGL Background Thread 3 ] DEBUG Engine               - cSSList: [fxgl_dark.css]
08:59:11.141 [FXGL Background Thread 3 ] DEBUG Engine               - collisionDetectionStrategy: BRUTE_FORCE
08:59:11.141 [FXGL Background Thread 3 ] DEBUG Engine               - configClass: Optional.empty
08:59:11.141 [FXGL Background Thread 3 ] DEBUG Engine               - credits: []
08:59:11.142 [FXGL Background Thread 3 ] DEBUG Engine               - defaultCursor: CursorInfo(imageName=fxgl_default_cursor.png, hotspotX=7.0, hotspotY=6.0)
08:59:11.142 [FXGL Background Thread 3 ] DEBUG Engine               - devBBoxColorProperty: ObjectProperty [value: 0xff0000ff]
08:59:11.142 [FXGL Background Thread 3 ] DEBUG Engine               - devEnableDebugCameraProperty: BooleanProperty [value: false]
08:59:11.142 [FXGL Background Thread 3 ] DEBUG Engine               - devSensorColorProperty: ObjectProperty [value: 0xffff00ff]
08:59:11.142 [FXGL Background Thread 3 ] DEBUG Engine               - devShowBBoxProperty: BooleanProperty [value: false]
08:59:11.142 [FXGL Background Thread 3 ] DEBUG Engine               - devShowPositionProperty: BooleanProperty [value: false]
08:59:11.143 [FXGL Background Thread 3 ] DEBUG Engine               - enabledMenuItems: []
08:59:11.143 [FXGL Background Thread 3 ] DEBUG Engine               - engineServices: [class com.almasb.fxgl.app.services.FXGLAssetLoaderService, class com.almasb.fxgl.app.FXGLApplication$GameApplicationService, class com.almasb.fxgl.app.services.FXGLDialogService, class com.almasb.fxgl.app.services.IOTaskExecutorService, class com.almasb.fxgl.io.FileSystemService, class com.almasb.fxgl.localization.LocalizationService, class com.almasb.fxgl.app.services.SystemBundleService, class com.almasb.fxgl.profile.SaveLoadService, class com.almasb.fxgl.ui.FXGLUIFactoryServiceProvider, class com.almasb.fxgl.ui.FXGLDialogFactoryServiceProvider, class com.almasb.fxgl.audio.AudioPlayer, class com.almasb.fxgl.notification.impl.NotificationServiceProvider, class com.almasb.fxgl.achievement.AchievementService, class com.almasb.fxgl.cutscene.CutsceneService, class com.almasb.fxgl.minigames.MiniGameService, class com.almasb.fxgl.net.NetService, class com.almasb.fxgl.app.services.UpdaterService, class com.almasb.fxgl.dev.DevService]
08:59:11.143 [FXGL Background Thread 3 ] DEBUG Engine               - fontGame: Abel-Regular.ttf
08:59:11.143 [FXGL Background Thread 3 ] DEBUG Engine               - fontMono: TerminalLandMono-Regular.otf
08:59:11.143 [FXGL Background Thread 3 ] DEBUG Engine               - fontText: Courier-Prime.ttf
08:59:11.143 [FXGL Background Thread 3 ] DEBUG Engine               - fontUI: VarelaRound-Regular.ttf
08:59:11.143 [FXGL Background Thread 3 ] DEBUG Engine               - fullScreen: BooleanProperty [value: false]
08:59:11.143 [FXGL Background Thread 3 ] DEBUG Engine               - gameDifficulty: MEDIUM
08:59:11.143 [FXGL Background Thread 3 ] DEBUG Engine               - gameDifficultyProperty: ObjectProperty [value: MEDIUM]
08:59:11.143 [FXGL Background Thread 3 ] DEBUG Engine               - globalMusicVolume: 0.5
08:59:11.143 [FXGL Background Thread 3 ] DEBUG Engine               - globalMusicVolumeProperty: DoubleProperty [value: 0.5]
08:59:11.144 [FXGL Background Thread 3 ] DEBUG Engine               - globalSoundVolume: 0.5
08:59:11.144 [FXGL Background Thread 3 ] DEBUG Engine               - globalSoundVolumeProperty: DoubleProperty [value: 0.5]
08:59:11.144 [FXGL Background Thread 3 ] DEBUG Engine               - height: 350
08:59:11.144 [FXGL Background Thread 3 ] DEBUG Engine               - is3D: false
08:59:11.144 [FXGL Background Thread 3 ] DEBUG Engine               - isAndroid: false
08:59:11.144 [FXGL Background Thread 3 ] DEBUG Engine               - isBrowser: false
08:59:11.144 [FXGL Background Thread 3 ] DEBUG Engine               - isClickFeedbackEnabled: false
08:59:11.144 [FXGL Background Thread 3 ] DEBUG Engine               - isCloseConfirmation: false
08:59:11.144 [FXGL Background Thread 3 ] DEBUG Engine               - isDesktop: true
08:59:11.144 [FXGL Background Thread 3 ] DEBUG Engine               - isDeveloperMenuEnabled: false
08:59:11.144 [FXGL Background Thread 3 ] DEBUG Engine               - isEmbedded: false
08:59:11.144 [FXGL Background Thread 3 ] DEBUG Engine               - isEntityPreloadEnabled: true
08:59:11.144 [FXGL Background Thread 3 ] DEBUG Engine               - isExperimentalTiledLargeMap: false
08:59:11.144 [FXGL Background Thread 3 ] DEBUG Engine               - isFileSystemWriteAllowed: true
08:59:11.144 [FXGL Background Thread 3 ] DEBUG Engine               - isFullScreenAllowed: false
08:59:11.144 [FXGL Background Thread 3 ] DEBUG Engine               - isFullScreenFromStart: false
08:59:11.145 [FXGL Background Thread 3 ] DEBUG Engine               - isGameMenuEnabled: true
08:59:11.145 [FXGL Background Thread 3 ] DEBUG Engine               - isIOS: false
08:59:11.145 [FXGL Background Thread 3 ] DEBUG Engine               - isIntroEnabled: false
08:59:11.145 [FXGL Background Thread 3 ] DEBUG Engine               - isLinux: false
08:59:11.145 [FXGL Background Thread 3 ] DEBUG Engine               - isMac: true
08:59:11.145 [FXGL Background Thread 3 ] DEBUG Engine               - isMainMenuEnabled: false
08:59:11.145 [FXGL Background Thread 3 ] DEBUG Engine               - isManualResizeEnabled: false
08:59:11.145 [FXGL Background Thread 3 ] DEBUG Engine               - isMobile: false
08:59:11.145 [FXGL Background Thread 3 ] DEBUG Engine               - isNative: false
08:59:11.145 [FXGL Background Thread 3 ] DEBUG Engine               - isPauseMusicWhenMinimized: true
08:59:11.145 [FXGL Background Thread 3 ] DEBUG Engine               - isPreserveResizeRatio: false
08:59:11.145 [FXGL Background Thread 3 ] DEBUG Engine               - isProfilingEnabled: false
08:59:11.145 [FXGL Background Thread 3 ] DEBUG Engine               - isScaleAffectedOnResize: true
08:59:11.145 [FXGL Background Thread 3 ] DEBUG Engine               - isSingleStep: false
08:59:11.145 [FXGL Background Thread 3 ] DEBUG Engine               - isUserProfileEnabled: false
08:59:11.145 [FXGL Background Thread 3 ] DEBUG Engine               - isWindows: false
08:59:11.145 [FXGL Background Thread 3 ] DEBUG Engine               - language: ObjectProperty [value: ENGLISH]
08:59:11.145 [FXGL Background Thread 3 ] DEBUG Engine               - menuKey: ESCAPE
08:59:11.145 [FXGL Background Thread 3 ] DEBUG Engine               - mouseSensitivity: 0.2
08:59:11.146 [FXGL Background Thread 3 ] DEBUG Engine               - notificationViewClass: class com.almasb.fxgl.notification.view.XboxNotificationView
08:59:11.146 [FXGL Background Thread 3 ] DEBUG Engine               - pixelsPerMeter: 50.0
08:59:11.146 [FXGL Background Thread 3 ] DEBUG Engine               - platform: MAC
08:59:11.146 [FXGL Background Thread 3 ] DEBUG Engine               - prefHeightProperty: ReadOnlyDoubleProperty [value: 350.0]
08:59:11.146 [FXGL Background Thread 3 ] DEBUG Engine               - prefWidthProperty: ReadOnlyDoubleProperty [value: 500.0]
08:59:11.146 [FXGL Background Thread 3 ] DEBUG Engine               - profileDir: profiles/
08:59:11.146 [FXGL Background Thread 3 ] DEBUG Engine               - profileName: StringProperty [value: DEFAULT]
08:59:11.146 [FXGL Background Thread 3 ] DEBUG Engine               - randomSeed: -1
08:59:11.146 [FXGL Background Thread 3 ] DEBUG Engine               - runtimeInfo: RuntimeInfo(platform=MAC, version=17.2, build=20.08.2022 16.50)
08:59:11.146 [FXGL Background Thread 3 ] DEBUG Engine               - saveFileExt: sav
08:59:11.146 [FXGL Background Thread 3 ] DEBUG Engine               - scaledHeightProp$fxgl: DoubleProperty [bound, value: 350.0]
08:59:11.146 [FXGL Background Thread 3 ] DEBUG Engine               - scaledWidthProp$fxgl: DoubleProperty [bound, value: 500.0]
08:59:11.147 [FXGL Background Thread 3 ] DEBUG Engine               - sceneFactory: com.almasb.fxgl.app.scene.SceneFactory@e0f224e
08:59:11.147 [FXGL Background Thread 3 ] DEBUG Engine               - secondsIn24h: 60
08:59:11.147 [FXGL Background Thread 3 ] DEBUG Engine               - soundMenuBack: menu/back.wav
08:59:11.147 [FXGL Background Thread 3 ] DEBUG Engine               - soundMenuPress: menu/press.wav
08:59:11.147 [FXGL Background Thread 3 ] DEBUG Engine               - soundMenuSelect: menu/select.wav
08:59:11.147 [FXGL Background Thread 3 ] DEBUG Engine               - soundNotification: core/notification.wav
08:59:11.147 [FXGL Background Thread 3 ] DEBUG Engine               - stageStyle: DECORATED
08:59:11.147 [FXGL Background Thread 3 ] DEBUG Engine               - supportedLanguages: [ENGLISH, FRENCH, GERMAN, HUNGARIAN, RUSSIAN]
08:59:11.147 [FXGL Background Thread 3 ] DEBUG Engine               - ticksPerSecond: -1
08:59:11.147 [FXGL Background Thread 3 ] DEBUG Engine               - title: Soot(sin)
08:59:11.147 [FXGL Background Thread 3 ] DEBUG Engine               - urlGithub: https://github.com/AlmasB/FXGL
08:59:11.147 [FXGL Background Thread 3 ] DEBUG Engine               - urlLeaderboard: http://fxgl-top.herokuapp.com/
08:59:11.147 [FXGL Background Thread 3 ] DEBUG Engine               - urlPOM: https://raw.githubusercontent.com/AlmasB/FXGL/release/README.md
08:59:11.147 [FXGL Background Thread 3 ] DEBUG Engine               - userAppClass: class com.example.proj.SootApp
08:59:11.147 [FXGL Background Thread 3 ] DEBUG Engine               - version: 0.0
08:59:11.147 [FXGL Background Thread 3 ] DEBUG Engine               - versionCheckDays: 7
08:59:11.147 [FXGL Background Thread 3 ] DEBUG Engine               - width: 500
08:59:11.147 [FXGL Background Thread 3 ] DEBUG Engine               - Logging services
08:59:11.147 [FXGL Background Thread 3 ] DEBUG Engine               - class com.almasb.fxgl.app.services.FXGLAssetLoaderService
08:59:11.147 [FXGL Background Thread 3 ] DEBUG Engine               - class com.almasb.fxgl.app.FXGLApplication$GameApplicationService
08:59:11.147 [FXGL Background Thread 3 ] DEBUG Engine               - class com.almasb.fxgl.app.services.FXGLDialogService
08:59:11.147 [FXGL Background Thread 3 ] DEBUG Engine               - class com.almasb.fxgl.app.services.IOTaskExecutorService
08:59:11.147 [FXGL Background Thread 3 ] DEBUG Engine               - class com.almasb.fxgl.io.FileSystemService
08:59:11.147 [FXGL Background Thread 3 ] DEBUG Engine               - class com.almasb.fxgl.localization.LocalizationService
08:59:11.147 [FXGL Background Thread 3 ] DEBUG Engine               - class com.almasb.fxgl.app.services.SystemBundleService
08:59:11.147 [FXGL Background Thread 3 ] DEBUG Engine               - class com.almasb.fxgl.profile.SaveLoadService
08:59:11.148 [FXGL Background Thread 3 ] DEBUG Engine               - class com.almasb.fxgl.ui.FXGLUIFactoryServiceProvider
08:59:11.148 [FXGL Background Thread 3 ] DEBUG Engine               - class com.almasb.fxgl.ui.FXGLDialogFactoryServiceProvider
08:59:11.148 [FXGL Background Thread 3 ] DEBUG Engine               - class com.almasb.fxgl.audio.AudioPlayer
08:59:11.148 [FXGL Background Thread 3 ] DEBUG Engine               - class com.almasb.fxgl.notification.impl.NotificationServiceProvider
08:59:11.148 [FXGL Background Thread 3 ] DEBUG Engine               - class com.almasb.fxgl.achievement.AchievementService
08:59:11.148 [FXGL Background Thread 3 ] DEBUG Engine               - class com.almasb.fxgl.cutscene.CutsceneService
08:59:11.148 [FXGL Background Thread 3 ] DEBUG Engine               - class com.almasb.fxgl.minigames.MiniGameService
08:59:11.148 [FXGL Background Thread 3 ] DEBUG Engine               - class com.almasb.fxgl.net.NetService
08:59:11.148 [FXGL Background Thread 3 ] DEBUG Engine               - class com.almasb.fxgl.app.services.UpdaterService
08:59:11.148 [FXGL Background Thread 3 ] DEBUG Engine               - class com.almasb.fxgl.dev.DevService
08:59:11.979 [JavaFX Application Thread] DEBUG FXGLApplication      - Exiting FXGL
08:59:11.979 [JavaFX Application Thread] DEBUG LoopRunner           - Stopping loop
08:59:11.979 [JavaFX Application Thread] DEBUG SystemBundleService  - Saving FXGL system data
08:59:11.980 [JavaFX Application Thread] DEBUG FileSystemAccess     - Writing to: /Users/olive/Documents/GitHub/Project-Winter/system/fxgl.bundle
08:59:11.982 [JavaFX Application Thread] DEBUG Async                - Shutting down background threads
08:59:11.982 [JavaFX Application Thread] DEBUG PrimaryStageWindow   - Closing main window
08:59:11.987 [JavaFX Application Thread] DEBUG Logger               - Closing Logger
