23:24:11.549 [main                     ] DEBUG Logger               - Configured Logger
23:24:11.568 [main                     ] DEBUG GameApplication      - Logging settings
Title: Soot(sin)
Version: 0.0
Width: 800
Height: 360
Fullscreen: false
Intro: false
Profiling: false
Single step:false
App Mode: DEVELOPER
Menu Key: ESCAPE
Stage Style: DECORATED
Scene Factory: class com.almasb.fxgl.app.scene.SceneFactory

23:24:11.935 [JavaFX Application Thread] DEBUG FXGLApplication      - Initializing FXGL
23:24:11.939 [JavaFX Application Thread] INFO  Engine               - FXGL-17.2 (20.08.2022 16.50) on MAC (J:18.0.2.1 FX:18.0.2)
23:24:11.940 [JavaFX Application Thread] DEBUG Engine               - JRE Vendor Name: Oracle Corporation
23:24:11.940 [JavaFX Application Thread] DEBUG Engine               - Running on OS: Mac OS X version 13.4.1
23:24:11.940 [JavaFX Application Thread] DEBUG Engine               - Architecture: aarch64
23:24:11.940 [JavaFX Application Thread] INFO  Engine               - Source code and latest versions at: https://github.com/AlmasB/FXGL
23:24:11.940 [JavaFX Application Thread] INFO  Engine               -       Ask questions and discuss at: https://github.com/AlmasB/FXGL/discussions
23:24:11.940 [JavaFX Application Thread] INFO  Engine               -              Join the FXGL chat at: https://gitter.im/AlmasB/FXGL
23:24:12.038 [JavaFX Application Thread] DEBUG PrimaryStageWindow   - Creating a JavaFX scene
23:24:12.104 [JavaFX Application Thread] DEBUG PrimaryStageWindow   - Target settings size: 800.0 x 360.0
23:24:12.105 [JavaFX Application Thread] DEBUG PrimaryStageWindow   - Scaled scene size:    800.0 x 360.0
23:24:12.105 [JavaFX Application Thread] DEBUG PrimaryStageWindow   - Scaled ratio: (1.0, 1.0)
23:24:12.106 [JavaFX Application Thread] DEBUG PrimaryStageWindow   - Set initial scene to FXGLStartupScene
23:24:12.112 [JavaFX Application Thread] DEBUG PrimaryStageWindow   - Opening main window
23:24:12.305 [JavaFX Application Thread] DEBUG PrimaryStageWindow   - Window border size: (0.0, 28.0)
23:24:12.305 [JavaFX Application Thread] DEBUG PrimaryStageWindow   - Scaled size: 800.0 x 360.0
23:24:12.306 [JavaFX Application Thread] DEBUG PrimaryStageWindow   - Scaled ratio: (1.0, 1.0)
23:24:12.306 [JavaFX Application Thread] DEBUG PrimaryStageWindow   - Scene size: 800.0 x 360.0
23:24:12.306 [JavaFX Application Thread] DEBUG PrimaryStageWindow   - Stage size: 800.0 x 388.0
23:24:12.317 [FXGL Background Thread 1 ] DEBUG Engine               - Initializing environment variables
23:24:12.435 [FXGL Background Thread 1 ] DEBUG FXGLAssetLoaderServi - User app class for loading assets: class com.example.proj.SootApp
23:24:12.436 [FXGL Background Thread 1 ] DEBUG GameApplicationServi - Applying CSS: fxgl_dark.css
23:24:12.437 [FXGL Background Thread 1 ] DEBUG FXGLAssetLoaderServi - Loading from file system: jar:file:///Users/olive/.m2/repository/com/github/almasb/fxgl/17.2/fxgl-17.2.jar!/fxglassets/ui/css/fxgl_dark.css
23:24:12.538 [FXGL Background Thread 1 ] DEBUG GameApplicationServi - Initializing application scenes
23:24:12.862 [FXGL Background Thread 1 ] DEBUG GameWorld            - Game world initialized
23:24:12.918 [FXGL Background Thread 1 ] DEBUG PhysicsWorld         - Physics world initialized: appHeight=360, physics.ppm=50.0
23:24:12.919 [FXGL Background Thread 1 ] DEBUG PhysicsWorld         - Using strategy: BRUTE_FORCE
23:24:12.922 [FXGL Background Thread 1 ] DEBUG GameScene            - Game scene initialized: 800x360
23:24:12.931 [FXGL Background Thread 1 ] WARN  FXGL.DefaultMenu     - FXGLDefaultMenu is not designed for resolutions < 800x600
23:24:12.931 [FXGL Background Thread 1 ] DEBUG FXGL.DefaultMenu     - createMenuBodyGameMenu()
23:24:12.943 [FXGL Background Thread 1 ] DEBUG FXGL.DefaultMenu     - createOptionsMenu()
23:24:12.951 [FXGL Background Thread 1 ] DEBUG FXGLAssetLoaderServi - Loading from file system: jar:file:///Users/olive/.m2/repository/com/github/almasb/fxgl/17.2/fxgl-17.2.jar!/fxglassets/textures/particles/smoke.png
23:24:13.072 [FXGL Background Thread 1 ] DEBUG FXGLAssetLoaderServi - Loading from file system: jar:file:///Users/olive/.m2/repository/com/github/almasb/fxgl/17.2/fxgl-17.2.jar!/fxglassets/textures/particles/trace_horizontal.png
23:24:13.114 [FXGL Background Thread 1 ] DEBUG GameApplicationServi - Application scenes initialized
23:24:13.124 [FXGL Background Thread 1 ] DEBUG SystemBundleService  - Loading FXGL system data
23:24:13.128 [FXGL Background Thread 1 ] DEBUG FileSystemAccess     - Reading from: /Users/olive/Documents/GitHub/Project-Winter/system/fxgl.bundle
23:24:13.137 [FXGL Background Thread 1 ] DEBUG SystemBundleService  - Bundle FXGL: {}
23:24:13.137 [FXGL Background Thread 1 ] DEBUG UpdaterService       - Checking for updates
23:24:13.141 [FXGL Background Thread 4 ] DEBUG FXGLApplication      - Loading fonts
23:24:13.142 [FXGL Background Thread 1 ] DEBUG FXGLApplication      - Loading default localization
23:24:13.142 [FXGL Background Thread 4 ] DEBUG FXGLAssetLoaderServi - Loading from file system: jar:file:///Users/olive/.m2/repository/com/github/almasb/fxgl/17.2/fxgl-17.2.jar!/fxglassets/ui/fonts/VarelaRound-Regular.ttf
23:24:13.142 [FXGL Background Thread 1 ] DEBUG FXGLAssetLoaderServi - Loading from file system: jar:file:///Users/olive/.m2/repository/com/github/almasb/fxgl/17.2/fxgl-17.2.jar!/fxglassets/languages/english.lang
23:24:13.155 [FXGL Background Thread 4 ] DEBUG FXGLAssetLoaderServi - Loading from file system: jar:file:///Users/olive/.m2/repository/com/github/almasb/fxgl/17.2/fxgl-17.2.jar!/fxglassets/ui/fonts/Abel-Regular.ttf
23:24:13.155 [FXGL Background Thread 1 ] INFO  FXGLApplication      - FXGL initialization took: 0.839 sec
23:24:13.158 [FXGL Background Thread 4 ] DEBUG FXGLAssetLoaderServi - Loading from file system: jar:file:///Users/olive/.m2/repository/com/github/almasb/fxgl/17.2/fxgl-17.2.jar!/fxglassets/ui/fonts/TerminalLandMono-Regular.otf
23:24:13.161 [FXGL Background Thread 4 ] DEBUG FXGLAssetLoaderServi - Loading from file system: jar:file:///Users/olive/.m2/repository/com/github/almasb/fxgl/17.2/fxgl-17.2.jar!/fxglassets/ui/fonts/Courier-Prime.ttf
23:24:13.164 [JavaFX Application Thread] DEBUG Input                - Registered new binding: left - Left
23:24:13.164 [JavaFX Application Thread] DEBUG Input                - Registered new binding: right - Right
23:24:13.164 [JavaFX Application Thread] DEBUG Input                - Registered new binding: jump - Up
23:24:13.165 [JavaFX Application Thread] DEBUG FXGLAssetLoaderServi - Loading from file system: jar:file:///Users/olive/.m2/repository/com/github/almasb/fxgl/17.2/fxgl-17.2.jar!/fxglassets/textures/fxgl_icon.png
23:24:13.199 [JavaFX Application Thread] DEBUG FXGLAssetLoaderServi - Loading from file system: jar:file:///Users/olive/.m2/repository/com/github/almasb/fxgl/17.2/fxgl-17.2.jar!/fxglassets/textures/fxgl_default_cursor.png
23:24:13.201 [JavaFX Application Thread] DEBUG Input                - Registered new binding: Screenshot - CTRL+8
23:24:13.201 [JavaFX Application Thread] DEBUG Input                - Registered new binding: System info dump - CTRL+9
23:24:13.201 [JavaFX Application Thread] DEBUG Input                - Registered new binding: Restart - CTRL+R
23:24:13.202 [JavaFX Application Thread] DEBUG Input                - Registered new binding: Toggle Debug Camera - CTRL+7
23:24:13.203 [JavaFX Application Thread] DEBUG LoopRunner           - Starting loop
23:24:13.203 [JavaFX Application Thread] DEBUG LoopRunner           - Initializing JavaFX AnimationTimerLoop
23:24:13.204 [JavaFX Application Thread] DEBUG GameApplicationServi - Starting new game
23:24:13.204 [JavaFX Application Thread] DEBUG Input                - Clearing active input actions
23:24:13.212 [JavaFX Application Thread] DEBUG GameApplicationServi - Removing overlay from FXGLStartupScene and adding to FXGLLoadingScene
23:24:13.213 [JavaFX Application Thread] DEBUG PrimaryStageWindow   - FXGLStartupScene -> FXGLLoadingScene
23:24:13.213 [JavaFX Application Thread] DEBUG GameApplicationServi - Clearing previous game
23:24:13.213 [JavaFX Application Thread] DEBUG GameScene            - Clearing game scene
23:24:13.213 [JavaFX Application Thread] DEBUG GameWorld            - Clearing game world
23:24:13.213 [JavaFX Application Thread] DEBUG PhysicsWorld         - Clearing physics world
23:24:13.214 [FXGL Background Thread 4 ] DEBUG FXGLApplication      - Initializing game
23:24:13.251 [FXGL Background Thread 4 ] DEBUG TMXLevelLoader       - Parsed TiledMap: file:/Users/olive/Documents/GitHub/Project-Winter/proj/target/classes/assets/levels/tmx/Plat1.9.0.tmx
23:24:13.252 [FXGL Background Thread 4 ] DEBUG TMXLevelLoader       - Creating tile layer entities
23:24:13.253 [FXGL Background Thread 4 ] DEBUG TilesetLoader        - Loading view for layer Tile Layer 1
23:24:13.254 [FXGL Background Thread 4 ] DEBUG TilesetLoader        - Created buffer with size 810.0x360.0
23:24:13.260 [JavaFX Application Thread] DEBUG FXGLApplication      - Registering font factories with UI factory
23:24:13.266 [FXGL Background Thread 4 ] DEBUG TMXLevelLoader       - Creating object layer entities
23:24:13.286 [FXGL Background Thread 4 ] DEBUG GameWorld            - Clearing removable entities
23:24:13.286 [FXGL Background Thread 4 ] DEBUG GameWorld            - Setting level: com.almasb.fxgl.entity.level.Level@20efe5a7
23:24:13.294 [FXGL Background Thread 4 ] DEBUG FXGLAssetLoaderServi - Loading from file system: file:/Users/olive/Documents/GitHub/Project-Winter/proj/target/classes/assets/textures/finalSOOT.gif
23:24:13.299 [FXGL Background Thread 4 ] WARN  Entity               - Entity already has component: com.example.proj.component.PlayerControl
23:24:13.300 [FXGL Background Thread 4 ] DEBUG FXGLAssetLoaderServi - Loading from file system: file:/Users/olive/Documents/GitHub/Project-Winter/proj/target/classes/assets/textures/heart.png
23:24:13.303 [FXGL Background Thread 4 ] INFO  FXGLApplication      - Game initialization took: 0.089 sec
23:24:13.369 [JavaFX Application Thread] DEBUG Input                - Clearing active input actions
23:24:13.379 [JavaFX Application Thread] DEBUG GameApplicationServi - Removing overlay from FXGLLoadingScene and adding to GameScene
23:24:13.379 [JavaFX Application Thread] DEBUG PrimaryStageWindow   - FXGLLoadingScene -> GameScene
23:24:13.519 [FXGL Background Thread 2 ] INFO  UpdaterService       - Your current version:  17.2
23:24:13.519 [FXGL Background Thread 2 ] INFO  UpdaterService       - Latest stable version: 21
23:24:14.428 [JavaFX Application Thread] DEBUG PrimaryStageWindow   - Push state: DialogSubScene
23:24:14.428 [JavaFX Application Thread] DEBUG Input                - Clearing active input actions
23:24:14.430 [JavaFX Application Thread] DEBUG GameApplicationServi - Removing overlay from GameScene and adding to DialogSubScene
23:24:14.431 [JavaFX Application Thread] DEBUG PrimaryStageWindow   - GameScene -> DialogSubScene
23:24:16.146 [FXGL Background Thread 3 ] DEBUG Engine               - Logging environment variables
23:24:16.148 [FXGL Background Thread 3 ] DEBUG Engine               - achievements: []
23:24:16.148 [FXGL Background Thread 3 ] DEBUG Engine               - actualHeight: 360.0
23:24:16.148 [FXGL Background Thread 3 ] DEBUG Engine               - actualHeightProperty: ReadOnlyDoubleProperty [value: 360.0]
23:24:16.148 [FXGL Background Thread 3 ] DEBUG Engine               - actualWidth: 800.0
23:24:16.148 [FXGL Background Thread 3 ] DEBUG Engine               - actualWidthProperty: ReadOnlyDoubleProperty [value: 800.0]
23:24:16.149 [FXGL Background Thread 3 ] DEBUG Engine               - appIcon: fxgl_icon.png
23:24:16.149 [FXGL Background Thread 3 ] DEBUG Engine               - applicationMode: DEVELOPER
23:24:16.149 [FXGL Background Thread 3 ] DEBUG Engine               - cSSList: [fxgl_dark.css]
23:24:16.149 [FXGL Background Thread 3 ] DEBUG Engine               - collisionDetectionStrategy: BRUTE_FORCE
23:24:16.149 [FXGL Background Thread 3 ] DEBUG Engine               - configClass: Optional.empty
23:24:16.149 [FXGL Background Thread 3 ] DEBUG Engine               - credits: []
23:24:16.150 [FXGL Background Thread 3 ] DEBUG Engine               - defaultCursor: CursorInfo(imageName=fxgl_default_cursor.png, hotspotX=7.0, hotspotY=6.0)
23:24:16.150 [FXGL Background Thread 3 ] DEBUG Engine               - devBBoxColorProperty: ObjectProperty [value: 0xff0000ff]
23:24:16.150 [FXGL Background Thread 3 ] DEBUG Engine               - devEnableDebugCameraProperty: BooleanProperty [value: false]
23:24:16.150 [FXGL Background Thread 3 ] DEBUG Engine               - devSensorColorProperty: ObjectProperty [value: 0xffff00ff]
23:24:16.150 [FXGL Background Thread 3 ] DEBUG Engine               - devShowBBoxProperty: BooleanProperty [value: false]
23:24:16.150 [FXGL Background Thread 3 ] DEBUG Engine               - devShowPositionProperty: BooleanProperty [value: false]
23:24:16.150 [FXGL Background Thread 3 ] DEBUG Engine               - enabledMenuItems: []
23:24:16.151 [FXGL Background Thread 3 ] DEBUG Engine               - engineServices: [class com.almasb.fxgl.app.services.FXGLAssetLoaderService, class com.almasb.fxgl.app.FXGLApplication$GameApplicationService, class com.almasb.fxgl.app.services.FXGLDialogService, class com.almasb.fxgl.app.services.IOTaskExecutorService, class com.almasb.fxgl.io.FileSystemService, class com.almasb.fxgl.localization.LocalizationService, class com.almasb.fxgl.app.services.SystemBundleService, class com.almasb.fxgl.profile.SaveLoadService, class com.almasb.fxgl.ui.FXGLUIFactoryServiceProvider, class com.almasb.fxgl.ui.FXGLDialogFactoryServiceProvider, class com.almasb.fxgl.audio.AudioPlayer, class com.almasb.fxgl.notification.impl.NotificationServiceProvider, class com.almasb.fxgl.achievement.AchievementService, class com.almasb.fxgl.cutscene.CutsceneService, class com.almasb.fxgl.minigames.MiniGameService, class com.almasb.fxgl.net.NetService, class com.almasb.fxgl.app.services.UpdaterService, class com.almasb.fxgl.dev.DevService]
23:24:16.151 [FXGL Background Thread 3 ] DEBUG Engine               - fontGame: Abel-Regular.ttf
23:24:16.151 [FXGL Background Thread 3 ] DEBUG Engine               - fontMono: TerminalLandMono-Regular.otf
23:24:16.151 [FXGL Background Thread 3 ] DEBUG Engine               - fontText: Courier-Prime.ttf
23:24:16.151 [FXGL Background Thread 3 ] DEBUG Engine               - fontUI: VarelaRound-Regular.ttf
23:24:16.151 [FXGL Background Thread 3 ] DEBUG Engine               - fullScreen: BooleanProperty [value: false]
23:24:16.151 [FXGL Background Thread 3 ] DEBUG Engine               - gameDifficulty: MEDIUM
23:24:16.151 [FXGL Background Thread 3 ] DEBUG Engine               - gameDifficultyProperty: ObjectProperty [value: MEDIUM]
23:24:16.151 [FXGL Background Thread 3 ] DEBUG Engine               - globalMusicVolume: 0.5
23:24:16.151 [FXGL Background Thread 3 ] DEBUG Engine               - globalMusicVolumeProperty: DoubleProperty [value: 0.5]
23:24:16.151 [FXGL Background Thread 3 ] DEBUG Engine               - globalSoundVolume: 0.5
23:24:16.152 [FXGL Background Thread 3 ] DEBUG Engine               - globalSoundVolumeProperty: DoubleProperty [value: 0.5]
23:24:16.152 [FXGL Background Thread 3 ] DEBUG Engine               - height: 360
23:24:16.152 [FXGL Background Thread 3 ] DEBUG Engine               - is3D: false
23:24:16.152 [FXGL Background Thread 3 ] DEBUG Engine               - isAndroid: false
23:24:16.152 [FXGL Background Thread 3 ] DEBUG Engine               - isBrowser: false
23:24:16.152 [FXGL Background Thread 3 ] DEBUG Engine               - isClickFeedbackEnabled: false
23:24:16.152 [FXGL Background Thread 3 ] DEBUG Engine               - isCloseConfirmation: false
23:24:16.152 [FXGL Background Thread 3 ] DEBUG Engine               - isDesktop: true
23:24:16.152 [FXGL Background Thread 3 ] DEBUG Engine               - isDeveloperMenuEnabled: false
23:24:16.152 [FXGL Background Thread 3 ] DEBUG Engine               - isEmbedded: false
23:24:16.153 [FXGL Background Thread 3 ] DEBUG Engine               - isEntityPreloadEnabled: true
23:24:16.153 [FXGL Background Thread 3 ] DEBUG Engine               - isExperimentalTiledLargeMap: false
23:24:16.153 [FXGL Background Thread 3 ] DEBUG Engine               - isFileSystemWriteAllowed: true
23:24:16.153 [FXGL Background Thread 3 ] DEBUG Engine               - isFullScreenAllowed: false
23:24:16.153 [FXGL Background Thread 3 ] DEBUG Engine               - isFullScreenFromStart: false
23:24:16.153 [FXGL Background Thread 3 ] DEBUG Engine               - isGameMenuEnabled: true
23:24:16.153 [FXGL Background Thread 3 ] DEBUG Engine               - isIOS: false
23:24:16.153 [FXGL Background Thread 3 ] DEBUG Engine               - isIntroEnabled: false
23:24:16.153 [FXGL Background Thread 3 ] DEBUG Engine               - isLinux: false
23:24:16.153 [FXGL Background Thread 3 ] DEBUG Engine               - isMac: true
23:24:16.153 [FXGL Background Thread 3 ] DEBUG Engine               - isMainMenuEnabled: false
23:24:16.153 [FXGL Background Thread 3 ] DEBUG Engine               - isManualResizeEnabled: false
23:24:16.153 [FXGL Background Thread 3 ] DEBUG Engine               - isMobile: false
23:24:16.153 [FXGL Background Thread 3 ] DEBUG Engine               - isNative: false
23:24:16.154 [FXGL Background Thread 3 ] DEBUG Engine               - isPauseMusicWhenMinimized: true
23:24:16.154 [FXGL Background Thread 3 ] DEBUG Engine               - isPreserveResizeRatio: false
23:24:16.154 [FXGL Background Thread 3 ] DEBUG Engine               - isProfilingEnabled: false
23:24:16.154 [FXGL Background Thread 3 ] DEBUG Engine               - isScaleAffectedOnResize: true
23:24:16.154 [FXGL Background Thread 3 ] DEBUG Engine               - isSingleStep: false
23:24:16.154 [FXGL Background Thread 3 ] DEBUG Engine               - isUserProfileEnabled: false
23:24:16.154 [FXGL Background Thread 3 ] DEBUG Engine               - isWindows: false
23:24:16.154 [FXGL Background Thread 3 ] DEBUG Engine               - language: ObjectProperty [value: ENGLISH]
23:24:16.154 [FXGL Background Thread 3 ] DEBUG Engine               - menuKey: ESCAPE
23:24:16.154 [FXGL Background Thread 3 ] DEBUG Engine               - mouseSensitivity: 0.2
23:24:16.154 [FXGL Background Thread 3 ] DEBUG Engine               - notificationViewClass: class com.almasb.fxgl.notification.view.XboxNotificationView
23:24:16.154 [FXGL Background Thread 3 ] DEBUG Engine               - pixelsPerMeter: 50.0
23:24:16.154 [FXGL Background Thread 3 ] DEBUG Engine               - platform: MAC
23:24:16.154 [FXGL Background Thread 3 ] DEBUG Engine               - prefHeightProperty: ReadOnlyDoubleProperty [value: 360.0]
23:24:16.155 [FXGL Background Thread 3 ] DEBUG Engine               - prefWidthProperty: ReadOnlyDoubleProperty [value: 800.0]
23:24:16.155 [FXGL Background Thread 3 ] DEBUG Engine               - profileDir: profiles/
23:24:16.155 [FXGL Background Thread 3 ] DEBUG Engine               - profileName: StringProperty [value: DEFAULT]
23:24:16.155 [FXGL Background Thread 3 ] DEBUG Engine               - randomSeed: -1
23:24:16.155 [FXGL Background Thread 3 ] DEBUG Engine               - runtimeInfo: RuntimeInfo(platform=MAC, version=17.2, build=20.08.2022 16.50)
23:24:16.155 [FXGL Background Thread 3 ] DEBUG Engine               - saveFileExt: sav
23:24:16.155 [FXGL Background Thread 3 ] DEBUG Engine               - scaledHeightProp$fxgl: DoubleProperty [bound, value: 360.0]
23:24:16.155 [FXGL Background Thread 3 ] DEBUG Engine               - scaledWidthProp$fxgl: DoubleProperty [bound, value: 800.0]
23:24:16.155 [FXGL Background Thread 3 ] DEBUG Engine               - sceneFactory: com.almasb.fxgl.app.scene.SceneFactory@37a8084
23:24:16.156 [FXGL Background Thread 3 ] DEBUG Engine               - secondsIn24h: 60
23:24:16.156 [FXGL Background Thread 3 ] DEBUG Engine               - soundMenuBack: menu/back.wav
23:24:16.156 [FXGL Background Thread 3 ] DEBUG Engine               - soundMenuPress: menu/press.wav
23:24:16.156 [FXGL Background Thread 3 ] DEBUG Engine               - soundMenuSelect: menu/select.wav
23:24:16.156 [FXGL Background Thread 3 ] DEBUG Engine               - soundNotification: core/notification.wav
23:24:16.156 [FXGL Background Thread 3 ] DEBUG Engine               - stageStyle: DECORATED
23:24:16.156 [FXGL Background Thread 3 ] DEBUG Engine               - supportedLanguages: [ENGLISH, FRENCH, GERMAN, HUNGARIAN, RUSSIAN]
23:24:16.156 [FXGL Background Thread 3 ] DEBUG Engine               - ticksPerSecond: -1
23:24:16.156 [FXGL Background Thread 3 ] DEBUG Engine               - title: Soot(sin)
23:24:16.156 [FXGL Background Thread 3 ] DEBUG Engine               - urlGithub: https://github.com/AlmasB/FXGL
23:24:16.156 [FXGL Background Thread 3 ] DEBUG Engine               - urlLeaderboard: http://fxgl-top.herokuapp.com/
23:24:16.156 [FXGL Background Thread 3 ] DEBUG Engine               - urlPOM: https://raw.githubusercontent.com/AlmasB/FXGL/release/README.md
23:24:16.156 [FXGL Background Thread 3 ] DEBUG Engine               - userAppClass: class com.example.proj.SootApp
23:24:16.156 [FXGL Background Thread 3 ] DEBUG Engine               - version: 0.0
23:24:16.157 [FXGL Background Thread 3 ] DEBUG Engine               - versionCheckDays: 7
23:24:16.157 [FXGL Background Thread 3 ] DEBUG Engine               - width: 800
23:24:16.157 [FXGL Background Thread 3 ] DEBUG Engine               - Logging services
23:24:16.157 [FXGL Background Thread 3 ] DEBUG Engine               - class com.almasb.fxgl.app.services.FXGLAssetLoaderService
23:24:16.157 [FXGL Background Thread 3 ] DEBUG Engine               - class com.almasb.fxgl.app.FXGLApplication$GameApplicationService
23:24:16.157 [FXGL Background Thread 3 ] DEBUG Engine               - class com.almasb.fxgl.app.services.FXGLDialogService
23:24:16.157 [FXGL Background Thread 3 ] DEBUG Engine               - class com.almasb.fxgl.app.services.IOTaskExecutorService
23:24:16.157 [FXGL Background Thread 3 ] DEBUG Engine               - class com.almasb.fxgl.io.FileSystemService
23:24:16.157 [FXGL Background Thread 3 ] DEBUG Engine               - class com.almasb.fxgl.localization.LocalizationService
23:24:16.157 [FXGL Background Thread 3 ] DEBUG Engine               - class com.almasb.fxgl.app.services.SystemBundleService
23:24:16.157 [FXGL Background Thread 3 ] DEBUG Engine               - class com.almasb.fxgl.profile.SaveLoadService
23:24:16.157 [FXGL Background Thread 3 ] DEBUG Engine               - class com.almasb.fxgl.ui.FXGLUIFactoryServiceProvider
23:24:16.157 [FXGL Background Thread 3 ] DEBUG Engine               - class com.almasb.fxgl.ui.FXGLDialogFactoryServiceProvider
23:24:16.157 [FXGL Background Thread 3 ] DEBUG Engine               - class com.almasb.fxgl.audio.AudioPlayer
23:24:16.157 [FXGL Background Thread 3 ] DEBUG Engine               - class com.almasb.fxgl.notification.impl.NotificationServiceProvider
23:24:16.157 [FXGL Background Thread 3 ] DEBUG Engine               - class com.almasb.fxgl.achievement.AchievementService
23:24:16.157 [FXGL Background Thread 3 ] DEBUG Engine               - class com.almasb.fxgl.cutscene.CutsceneService
23:24:16.157 [FXGL Background Thread 3 ] DEBUG Engine               - class com.almasb.fxgl.minigames.MiniGameService
23:24:16.157 [FXGL Background Thread 3 ] DEBUG Engine               - class com.almasb.fxgl.net.NetService
23:24:16.157 [FXGL Background Thread 3 ] DEBUG Engine               - class com.almasb.fxgl.app.services.UpdaterService
23:24:16.157 [FXGL Background Thread 3 ] DEBUG Engine               - class com.almasb.fxgl.dev.DevService
23:24:20.278 [JavaFX Application Thread] DEBUG PrimaryStageWindow   - Pop state: DialogSubScene
23:24:20.279 [JavaFX Application Thread] DEBUG Input                - Clearing active input actions
23:24:20.280 [JavaFX Application Thread] DEBUG GameApplicationServi - Removing overlay from DialogSubScene and adding to GameScene
23:24:20.281 [JavaFX Application Thread] DEBUG PrimaryStageWindow   - GameScene <- DialogSubScene
23:24:21.523 [JavaFX Application Thread] DEBUG PrimaryStageWindow   - Push state: DialogSubScene
23:24:21.523 [JavaFX Application Thread] DEBUG Input                - Clearing active input actions
23:24:21.525 [JavaFX Application Thread] DEBUG GameApplicationServi - Removing overlay from GameScene and adding to DialogSubScene
23:24:21.525 [JavaFX Application Thread] DEBUG PrimaryStageWindow   - GameScene -> DialogSubScene
23:24:26.060 [JavaFX Application Thread] DEBUG PrimaryStageWindow   - Pop state: DialogSubScene
23:24:26.060 [JavaFX Application Thread] DEBUG Input                - Clearing active input actions
23:24:26.061 [JavaFX Application Thread] DEBUG GameApplicationServi - Removing overlay from DialogSubScene and adding to GameScene
23:24:26.062 [JavaFX Application Thread] DEBUG PrimaryStageWindow   - GameScene <- DialogSubScene
23:24:29.897 [JavaFX Application Thread] DEBUG PrimaryStageWindow   - Push state: DialogSubScene
23:24:29.897 [JavaFX Application Thread] DEBUG Input                - Clearing active input actions
23:24:29.899 [JavaFX Application Thread] DEBUG GameApplicationServi - Removing overlay from GameScene and adding to DialogSubScene
23:24:29.899 [JavaFX Application Thread] DEBUG PrimaryStageWindow   - GameScene -> DialogSubScene
23:24:34.586 [JavaFX Application Thread] DEBUG PrimaryStageWindow   - Pop state: DialogSubScene
23:24:34.586 [JavaFX Application Thread] DEBUG Input                - Clearing active input actions
23:24:34.586 [JavaFX Application Thread] DEBUG GameApplicationServi - Removing overlay from DialogSubScene and adding to GameScene
23:24:34.586 [JavaFX Application Thread] DEBUG PrimaryStageWindow   - GameScene <- DialogSubScene
23:25:16.853 [JavaFX Application Thread] DEBUG PrimaryStageWindow   - Push state: DialogSubScene
23:25:16.854 [JavaFX Application Thread] DEBUG Input                - Clearing active input actions
23:25:16.856 [JavaFX Application Thread] DEBUG GameApplicationServi - Removing overlay from GameScene and adding to DialogSubScene
23:25:16.857 [JavaFX Application Thread] DEBUG PrimaryStageWindow   - GameScene -> DialogSubScene
23:25:25.113 [JavaFX Application Thread] DEBUG FXGLApplication      - Exiting FXGL
23:25:25.113 [JavaFX Application Thread] DEBUG LoopRunner           - Stopping loop
23:25:25.113 [JavaFX Application Thread] DEBUG SystemBundleService  - Saving FXGL system data
23:25:25.118 [JavaFX Application Thread] DEBUG FileSystemAccess     - Writing to: /Users/olive/Documents/GitHub/Project-Winter/system/fxgl.bundle
23:25:25.121 [JavaFX Application Thread] DEBUG Async                - Shutting down background threads
23:25:25.121 [JavaFX Application Thread] DEBUG PrimaryStageWindow   - Closing main window
23:25:25.137 [JavaFX Application Thread] DEBUG Logger               - Closing Logger
