19:00:40.052 [main                     ] DEBUG Logger               - Configured Logger
19:00:40.074 [main                     ] DEBUG GameApplication      - Logging settings
Title: Soot(sin)
Version: 0.0
Width: 650
Height: 360
Fullscreen: false
Intro: false
Profiling: false
Single step:false
App Mode: DEVELOPER
Menu Key: ESCAPE
Stage Style: DECORATED
Scene Factory: class com.almasb.fxgl.app.scene.SceneFactory

19:00:40.423 [JavaFX Application Thread] DEBUG FXGLApplication      - Initializing FXGL
19:00:40.427 [JavaFX Application Thread] INFO  Engine               - FXGL-17.2 (20.08.2022 16.50) on MAC (J:18.0.2.1 FX:18.0.2)
19:00:40.427 [JavaFX Application Thread] DEBUG Engine               - JRE Vendor Name: Oracle Corporation
19:00:40.427 [JavaFX Application Thread] DEBUG Engine               - Running on OS: Mac OS X version 13.4.1
19:00:40.427 [JavaFX Application Thread] DEBUG Engine               - Architecture: aarch64
19:00:40.427 [JavaFX Application Thread] INFO  Engine               - Source code and latest versions at: https://github.com/AlmasB/FXGL
19:00:40.428 [JavaFX Application Thread] INFO  Engine               -       Ask questions and discuss at: https://github.com/AlmasB/FXGL/discussions
19:00:40.428 [JavaFX Application Thread] INFO  Engine               -              Join the FXGL chat at: https://gitter.im/AlmasB/FXGL
19:00:40.506 [JavaFX Application Thread] DEBUG PrimaryStageWindow   - Creating a JavaFX scene
19:00:40.552 [JavaFX Application Thread] DEBUG PrimaryStageWindow   - Target settings size: 650.0 x 360.0
19:00:40.552 [JavaFX Application Thread] DEBUG PrimaryStageWindow   - Scaled scene size:    650.0 x 360.0
19:00:40.553 [JavaFX Application Thread] DEBUG PrimaryStageWindow   - Scaled ratio: (1.0, 1.0)
19:00:40.553 [JavaFX Application Thread] DEBUG PrimaryStageWindow   - Set initial scene to FXGLStartupScene
19:00:40.557 [JavaFX Application Thread] DEBUG PrimaryStageWindow   - Opening main window
19:00:40.740 [JavaFX Application Thread] DEBUG PrimaryStageWindow   - Window border size: (0.0, 28.0)
19:00:40.740 [JavaFX Application Thread] DEBUG PrimaryStageWindow   - Scaled size: 650.0 x 360.0
19:00:40.740 [JavaFX Application Thread] DEBUG PrimaryStageWindow   - Scaled ratio: (1.0, 1.0)
19:00:40.740 [JavaFX Application Thread] DEBUG PrimaryStageWindow   - Scene size: 650.0 x 360.0
19:00:40.740 [JavaFX Application Thread] DEBUG PrimaryStageWindow   - Stage size: 650.0 x 388.0
19:00:40.750 [FXGL Background Thread 1 ] DEBUG Engine               - Initializing environment variables
19:00:40.854 [FXGL Background Thread 1 ] DEBUG FXGLAssetLoaderServi - User app class for loading assets: class com.example.proj.SootApp
19:00:40.854 [FXGL Background Thread 1 ] DEBUG GameApplicationServi - Applying CSS: fxgl_dark.css
19:00:40.855 [FXGL Background Thread 1 ] DEBUG FXGLAssetLoaderServi - Loading from file system: jar:file:///Users/olive/.m2/repository/com/github/almasb/fxgl/17.2/fxgl-17.2.jar!/fxglassets/ui/css/fxgl_dark.css
19:00:40.911 [FXGL Background Thread 1 ] DEBUG GameApplicationServi - Initializing application scenes
19:00:41.185 [FXGL Background Thread 1 ] DEBUG GameWorld            - Game world initialized
19:00:41.268 [FXGL Background Thread 1 ] DEBUG PhysicsWorld         - Physics world initialized: appHeight=360, physics.ppm=50.0
19:00:41.269 [FXGL Background Thread 1 ] DEBUG PhysicsWorld         - Using strategy: BRUTE_FORCE
19:00:41.273 [FXGL Background Thread 1 ] DEBUG GameScene            - Game scene initialized: 650x360
19:00:41.284 [FXGL Background Thread 1 ] WARN  FXGL.DefaultMenu     - FXGLDefaultMenu is not designed for resolutions < 800x600
19:00:41.285 [FXGL Background Thread 1 ] DEBUG FXGL.DefaultMenu     - createMenuBodyGameMenu()
19:00:41.303 [FXGL Background Thread 1 ] DEBUG FXGL.DefaultMenu     - createOptionsMenu()
19:00:41.312 [FXGL Background Thread 1 ] DEBUG FXGLAssetLoaderServi - Loading from file system: jar:file:///Users/olive/.m2/repository/com/github/almasb/fxgl/17.2/fxgl-17.2.jar!/fxglassets/textures/particles/smoke.png
19:00:41.589 [FXGL Background Thread 1 ] DEBUG FXGLAssetLoaderServi - Loading from file system: jar:file:///Users/olive/.m2/repository/com/github/almasb/fxgl/17.2/fxgl-17.2.jar!/fxglassets/textures/particles/trace_horizontal.png
19:00:41.636 [FXGL Background Thread 1 ] DEBUG GameApplicationServi - Application scenes initialized
19:00:41.661 [FXGL Background Thread 1 ] DEBUG SystemBundleService  - Loading FXGL system data
19:00:41.670 [FXGL Background Thread 1 ] DEBUG FileSystemAccess     - Reading from: /Users/olive/Documents/GitHub/Project-Winter/system/fxgl.bundle
19:00:41.680 [FXGL Background Thread 1 ] DEBUG SystemBundleService  - Bundle FXGL: {}
19:00:41.680 [FXGL Background Thread 1 ] DEBUG UpdaterService       - Checking for updates
19:00:41.684 [FXGL Background Thread 4 ] DEBUG FXGLApplication      - Loading fonts
19:00:41.684 [FXGL Background Thread 4 ] DEBUG FXGLAssetLoaderServi - Loading from file system: jar:file:///Users/olive/.m2/repository/com/github/almasb/fxgl/17.2/fxgl-17.2.jar!/fxglassets/ui/fonts/VarelaRound-Regular.ttf
19:00:41.685 [FXGL Background Thread 1 ] DEBUG FXGLApplication      - Loading default localization
19:00:41.685 [FXGL Background Thread 1 ] DEBUG FXGLAssetLoaderServi - Loading from file system: jar:file:///Users/olive/.m2/repository/com/github/almasb/fxgl/17.2/fxgl-17.2.jar!/fxglassets/languages/english.lang
19:00:41.696 [FXGL Background Thread 4 ] DEBUG FXGLAssetLoaderServi - Loading from file system: jar:file:///Users/olive/.m2/repository/com/github/almasb/fxgl/17.2/fxgl-17.2.jar!/fxglassets/ui/fonts/Abel-Regular.ttf
19:00:41.698 [FXGL Background Thread 1 ] INFO  FXGLApplication      - FXGL initialization took: 0.948 sec
19:00:41.698 [FXGL Background Thread 4 ] DEBUG FXGLAssetLoaderServi - Loading from file system: jar:file:///Users/olive/.m2/repository/com/github/almasb/fxgl/17.2/fxgl-17.2.jar!/fxglassets/ui/fonts/TerminalLandMono-Regular.otf
19:00:41.704 [JavaFX Application Thread] DEBUG Input                - Registered new binding: left - Left
19:00:41.705 [JavaFX Application Thread] DEBUG Input                - Registered new binding: right - Right
19:00:41.705 [JavaFX Application Thread] DEBUG Input                - Registered new binding: jump - Up
19:00:41.705 [JavaFX Application Thread] DEBUG FXGLAssetLoaderServi - Loading from file system: jar:file:///Users/olive/.m2/repository/com/github/almasb/fxgl/17.2/fxgl-17.2.jar!/fxglassets/textures/fxgl_icon.png
19:00:41.707 [FXGL Background Thread 4 ] DEBUG FXGLAssetLoaderServi - Loading from file system: jar:file:///Users/olive/.m2/repository/com/github/almasb/fxgl/17.2/fxgl-17.2.jar!/fxglassets/ui/fonts/Courier-Prime.ttf
19:00:41.736 [JavaFX Application Thread] DEBUG FXGLAssetLoaderServi - Loading from file system: jar:file:///Users/olive/.m2/repository/com/github/almasb/fxgl/17.2/fxgl-17.2.jar!/fxglassets/textures/fxgl_default_cursor.png
19:00:41.739 [JavaFX Application Thread] DEBUG Input                - Registered new binding: Screenshot - CTRL+8
19:00:41.739 [JavaFX Application Thread] DEBUG Input                - Registered new binding: System info dump - CTRL+9
19:00:41.739 [JavaFX Application Thread] DEBUG Input                - Registered new binding: Restart - CTRL+R
19:00:41.739 [JavaFX Application Thread] DEBUG Input                - Registered new binding: Toggle Debug Camera - CTRL+7
19:00:41.741 [JavaFX Application Thread] DEBUG LoopRunner           - Starting loop
19:00:41.741 [JavaFX Application Thread] DEBUG LoopRunner           - Initializing JavaFX AnimationTimerLoop
19:00:41.742 [JavaFX Application Thread] DEBUG GameApplicationServi - Starting new game
19:00:41.742 [JavaFX Application Thread] DEBUG Input                - Clearing active input actions
19:00:41.750 [JavaFX Application Thread] DEBUG GameApplicationServi - Removing overlay from FXGLStartupScene and adding to FXGLLoadingScene
19:00:41.750 [JavaFX Application Thread] DEBUG PrimaryStageWindow   - FXGLStartupScene -> FXGLLoadingScene
19:00:41.750 [JavaFX Application Thread] DEBUG GameApplicationServi - Clearing previous game
19:00:41.750 [JavaFX Application Thread] DEBUG GameScene            - Clearing game scene
19:00:41.750 [JavaFX Application Thread] DEBUG GameWorld            - Clearing game world
19:00:41.750 [JavaFX Application Thread] DEBUG PhysicsWorld         - Clearing physics world
19:00:41.751 [FXGL Background Thread 4 ] DEBUG FXGLApplication      - Initializing game
19:00:41.794 [FXGL Background Thread 4 ] DEBUG TMXLevelLoader       - Parsed TiledMap: file:/Users/olive/Documents/GitHub/Project-Winter/proj/target/classes/assets/levels/tmx/Plat1.9.0.tmx
19:00:41.795 [FXGL Background Thread 4 ] DEBUG TMXLevelLoader       - Creating tile layer entities
19:00:41.798 [FXGL Background Thread 4 ] DEBUG TilesetLoader        - Loading view for layer Tile Layer 1
19:00:41.798 [FXGL Background Thread 4 ] DEBUG TilesetLoader        - Created buffer with size 810.0x360.0
19:00:41.813 [FXGL Background Thread 4 ] DEBUG TMXLevelLoader       - Creating object layer entities
19:00:41.824 [JavaFX Application Thread] DEBUG FXGLApplication      - Registering font factories with UI factory
19:00:41.837 [FXGL Background Thread 4 ] DEBUG GameWorld            - Clearing removable entities
19:00:41.837 [FXGL Background Thread 4 ] DEBUG GameWorld            - Setting level: com.almasb.fxgl.entity.level.Level@2e888e7d
19:00:41.843 [FXGL Background Thread 4 ] DEBUG FXGLAssetLoaderServi - Loading from file system: file:/Users/olive/Documents/GitHub/Project-Winter/proj/target/classes/assets/textures/finalSOOT.gif
19:00:41.849 [FXGL Background Thread 4 ] WARN  Entity               - Entity already has component: com.example.proj.component.PlayerControl
19:00:41.851 [FXGL Background Thread 4 ] INFO  FXGLApplication      - Game initialization took: 0.099 sec
19:00:41.855 [JavaFX Application Thread] DEBUG Input                - Clearing active input actions
19:00:41.861 [JavaFX Application Thread] DEBUG GameApplicationServi - Removing overlay from FXGLLoadingScene and adding to GameScene
19:00:41.862 [JavaFX Application Thread] DEBUG PrimaryStageWindow   - FXGLLoadingScene -> GameScene
19:00:42.186 [FXGL Background Thread 2 ] INFO  UpdaterService       - Your current version:  17.2
19:00:42.186 [FXGL Background Thread 2 ] INFO  UpdaterService       - Latest stable version: 21
19:00:43.776 [JavaFX Application Thread] DEBUG PrimaryStageWindow   - Push state: DialogSubScene
19:00:43.776 [JavaFX Application Thread] DEBUG Input                - Clearing active input actions
19:00:43.779 [JavaFX Application Thread] DEBUG GameApplicationServi - Removing overlay from GameScene and adding to DialogSubScene
19:00:43.779 [JavaFX Application Thread] DEBUG PrimaryStageWindow   - GameScene -> DialogSubScene
19:00:44.687 [FXGL Background Thread 3 ] DEBUG Engine               - Logging environment variables
19:00:44.687 [FXGL Background Thread 3 ] DEBUG Engine               - achievements: []
19:00:44.687 [FXGL Background Thread 3 ] DEBUG Engine               - actualHeight: 360.0
19:00:44.687 [FXGL Background Thread 3 ] DEBUG Engine               - actualHeightProperty: ReadOnlyDoubleProperty [value: 360.0]
19:00:44.687 [FXGL Background Thread 3 ] DEBUG Engine               - actualWidth: 650.0
19:00:44.688 [FXGL Background Thread 3 ] DEBUG Engine               - actualWidthProperty: ReadOnlyDoubleProperty [value: 650.0]
19:00:44.688 [FXGL Background Thread 3 ] DEBUG Engine               - appIcon: fxgl_icon.png
19:00:44.688 [FXGL Background Thread 3 ] DEBUG Engine               - applicationMode: DEVELOPER
19:00:44.688 [FXGL Background Thread 3 ] DEBUG Engine               - cSSList: [fxgl_dark.css]
19:00:44.688 [FXGL Background Thread 3 ] DEBUG Engine               - collisionDetectionStrategy: BRUTE_FORCE
19:00:44.688 [FXGL Background Thread 3 ] DEBUG Engine               - configClass: Optional.empty
19:00:44.688 [FXGL Background Thread 3 ] DEBUG Engine               - credits: []
19:00:44.688 [FXGL Background Thread 3 ] DEBUG Engine               - defaultCursor: CursorInfo(imageName=fxgl_default_cursor.png, hotspotX=7.0, hotspotY=6.0)
19:00:44.688 [FXGL Background Thread 3 ] DEBUG Engine               - devBBoxColorProperty: ObjectProperty [value: 0xff0000ff]
19:00:44.688 [FXGL Background Thread 3 ] DEBUG Engine               - devEnableDebugCameraProperty: BooleanProperty [value: false]
19:00:44.688 [FXGL Background Thread 3 ] DEBUG Engine               - devSensorColorProperty: ObjectProperty [value: 0xffff00ff]
19:00:44.688 [FXGL Background Thread 3 ] DEBUG Engine               - devShowBBoxProperty: BooleanProperty [value: false]
19:00:44.688 [FXGL Background Thread 3 ] DEBUG Engine               - devShowPositionProperty: BooleanProperty [value: false]
19:00:44.688 [FXGL Background Thread 3 ] DEBUG Engine               - enabledMenuItems: []
19:00:44.689 [FXGL Background Thread 3 ] DEBUG Engine               - engineServices: [class com.almasb.fxgl.app.services.FXGLAssetLoaderService, class com.almasb.fxgl.app.FXGLApplication$GameApplicationService, class com.almasb.fxgl.app.services.FXGLDialogService, class com.almasb.fxgl.app.services.IOTaskExecutorService, class com.almasb.fxgl.io.FileSystemService, class com.almasb.fxgl.localization.LocalizationService, class com.almasb.fxgl.app.services.SystemBundleService, class com.almasb.fxgl.profile.SaveLoadService, class com.almasb.fxgl.ui.FXGLUIFactoryServiceProvider, class com.almasb.fxgl.ui.FXGLDialogFactoryServiceProvider, class com.almasb.fxgl.audio.AudioPlayer, class com.almasb.fxgl.notification.impl.NotificationServiceProvider, class com.almasb.fxgl.achievement.AchievementService, class com.almasb.fxgl.cutscene.CutsceneService, class com.almasb.fxgl.minigames.MiniGameService, class com.almasb.fxgl.net.NetService, class com.almasb.fxgl.app.services.UpdaterService, class com.almasb.fxgl.dev.DevService]
19:00:44.689 [FXGL Background Thread 3 ] DEBUG Engine               - fontGame: Abel-Regular.ttf
19:00:44.689 [FXGL Background Thread 3 ] DEBUG Engine               - fontMono: TerminalLandMono-Regular.otf
19:00:44.689 [FXGL Background Thread 3 ] DEBUG Engine               - fontText: Courier-Prime.ttf
19:00:44.689 [FXGL Background Thread 3 ] DEBUG Engine               - fontUI: VarelaRound-Regular.ttf
19:00:44.689 [FXGL Background Thread 3 ] DEBUG Engine               - fullScreen: BooleanProperty [value: false]
19:00:44.689 [FXGL Background Thread 3 ] DEBUG Engine               - gameDifficulty: MEDIUM
19:00:44.689 [FXGL Background Thread 3 ] DEBUG Engine               - gameDifficultyProperty: ObjectProperty [value: MEDIUM]
19:00:44.689 [FXGL Background Thread 3 ] DEBUG Engine               - globalMusicVolume: 0.5
19:00:44.689 [FXGL Background Thread 3 ] DEBUG Engine               - globalMusicVolumeProperty: DoubleProperty [value: 0.5]
19:00:44.689 [FXGL Background Thread 3 ] DEBUG Engine               - globalSoundVolume: 0.5
19:00:44.689 [FXGL Background Thread 3 ] DEBUG Engine               - globalSoundVolumeProperty: DoubleProperty [value: 0.5]
19:00:44.689 [FXGL Background Thread 3 ] DEBUG Engine               - height: 360
19:00:44.689 [FXGL Background Thread 3 ] DEBUG Engine               - is3D: false
19:00:44.689 [FXGL Background Thread 3 ] DEBUG Engine               - isAndroid: false
19:00:44.689 [FXGL Background Thread 3 ] DEBUG Engine               - isBrowser: false
19:00:44.689 [FXGL Background Thread 3 ] DEBUG Engine               - isClickFeedbackEnabled: false
19:00:44.689 [FXGL Background Thread 3 ] DEBUG Engine               - isCloseConfirmation: false
19:00:44.689 [FXGL Background Thread 3 ] DEBUG Engine               - isDesktop: true
19:00:44.689 [FXGL Background Thread 3 ] DEBUG Engine               - isDeveloperMenuEnabled: false
19:00:44.689 [FXGL Background Thread 3 ] DEBUG Engine               - isEmbedded: false
19:00:44.689 [FXGL Background Thread 3 ] DEBUG Engine               - isEntityPreloadEnabled: true
19:00:44.689 [FXGL Background Thread 3 ] DEBUG Engine               - isExperimentalTiledLargeMap: false
19:00:44.690 [FXGL Background Thread 3 ] DEBUG Engine               - isFileSystemWriteAllowed: true
19:00:44.690 [FXGL Background Thread 3 ] DEBUG Engine               - isFullScreenAllowed: false
19:00:44.690 [FXGL Background Thread 3 ] DEBUG Engine               - isFullScreenFromStart: false
19:00:44.690 [FXGL Background Thread 3 ] DEBUG Engine               - isGameMenuEnabled: true
19:00:44.690 [FXGL Background Thread 3 ] DEBUG Engine               - isIOS: false
19:00:44.690 [FXGL Background Thread 3 ] DEBUG Engine               - isIntroEnabled: false
19:00:44.690 [FXGL Background Thread 3 ] DEBUG Engine               - isLinux: false
19:00:44.690 [FXGL Background Thread 3 ] DEBUG Engine               - isMac: true
19:00:44.690 [FXGL Background Thread 3 ] DEBUG Engine               - isMainMenuEnabled: false
19:00:44.690 [FXGL Background Thread 3 ] DEBUG Engine               - isManualResizeEnabled: false
19:00:44.690 [FXGL Background Thread 3 ] DEBUG Engine               - isMobile: false
19:00:44.690 [FXGL Background Thread 3 ] DEBUG Engine               - isNative: false
19:00:44.690 [FXGL Background Thread 3 ] DEBUG Engine               - isPauseMusicWhenMinimized: true
19:00:44.690 [FXGL Background Thread 3 ] DEBUG Engine               - isPreserveResizeRatio: false
19:00:44.690 [FXGL Background Thread 3 ] DEBUG Engine               - isProfilingEnabled: false
19:00:44.690 [FXGL Background Thread 3 ] DEBUG Engine               - isScaleAffectedOnResize: true
19:00:44.690 [FXGL Background Thread 3 ] DEBUG Engine               - isSingleStep: false
19:00:44.690 [FXGL Background Thread 3 ] DEBUG Engine               - isUserProfileEnabled: false
19:00:44.690 [FXGL Background Thread 3 ] DEBUG Engine               - isWindows: false
19:00:44.690 [FXGL Background Thread 3 ] DEBUG Engine               - language: ObjectProperty [value: ENGLISH]
19:00:44.690 [FXGL Background Thread 3 ] DEBUG Engine               - menuKey: ESCAPE
19:00:44.690 [FXGL Background Thread 3 ] DEBUG Engine               - mouseSensitivity: 0.2
19:00:44.690 [FXGL Background Thread 3 ] DEBUG Engine               - notificationViewClass: class com.almasb.fxgl.notification.view.XboxNotificationView
19:00:44.690 [FXGL Background Thread 3 ] DEBUG Engine               - pixelsPerMeter: 50.0
19:00:44.690 [FXGL Background Thread 3 ] DEBUG Engine               - platform: MAC
19:00:44.690 [FXGL Background Thread 3 ] DEBUG Engine               - prefHeightProperty: ReadOnlyDoubleProperty [value: 360.0]
19:00:44.690 [FXGL Background Thread 3 ] DEBUG Engine               - prefWidthProperty: ReadOnlyDoubleProperty [value: 650.0]
19:00:44.690 [FXGL Background Thread 3 ] DEBUG Engine               - profileDir: profiles/
19:00:44.690 [FXGL Background Thread 3 ] DEBUG Engine               - profileName: StringProperty [value: DEFAULT]
19:00:44.690 [FXGL Background Thread 3 ] DEBUG Engine               - randomSeed: -1
19:00:44.691 [FXGL Background Thread 3 ] DEBUG Engine               - runtimeInfo: RuntimeInfo(platform=MAC, version=17.2, build=20.08.2022 16.50)
19:00:44.691 [FXGL Background Thread 3 ] DEBUG Engine               - saveFileExt: sav
19:00:44.691 [FXGL Background Thread 3 ] DEBUG Engine               - scaledHeightProp$fxgl: DoubleProperty [bound, value: 360.0]
19:00:44.691 [FXGL Background Thread 3 ] DEBUG Engine               - scaledWidthProp$fxgl: DoubleProperty [bound, value: 650.0]
19:00:44.691 [FXGL Background Thread 3 ] DEBUG Engine               - sceneFactory: com.almasb.fxgl.app.scene.SceneFactory@4512d16d
19:00:44.691 [FXGL Background Thread 3 ] DEBUG Engine               - secondsIn24h: 60
19:00:44.691 [FXGL Background Thread 3 ] DEBUG Engine               - soundMenuBack: menu/back.wav
19:00:44.691 [FXGL Background Thread 3 ] DEBUG Engine               - soundMenuPress: menu/press.wav
19:00:44.691 [FXGL Background Thread 3 ] DEBUG Engine               - soundMenuSelect: menu/select.wav
19:00:44.691 [FXGL Background Thread 3 ] DEBUG Engine               - soundNotification: core/notification.wav
19:00:44.691 [FXGL Background Thread 3 ] DEBUG Engine               - stageStyle: DECORATED
19:00:44.691 [FXGL Background Thread 3 ] DEBUG Engine               - supportedLanguages: [ENGLISH, FRENCH, GERMAN, HUNGARIAN, RUSSIAN]
19:00:44.691 [FXGL Background Thread 3 ] DEBUG Engine               - ticksPerSecond: -1
19:00:44.691 [FXGL Background Thread 3 ] DEBUG Engine               - title: Soot(sin)
19:00:44.691 [FXGL Background Thread 3 ] DEBUG Engine               - urlGithub: https://github.com/AlmasB/FXGL
19:00:44.691 [FXGL Background Thread 3 ] DEBUG Engine               - urlLeaderboard: http://fxgl-top.herokuapp.com/
19:00:44.691 [FXGL Background Thread 3 ] DEBUG Engine               - urlPOM: https://raw.githubusercontent.com/AlmasB/FXGL/release/README.md
19:00:44.691 [FXGL Background Thread 3 ] DEBUG Engine               - userAppClass: class com.example.proj.SootApp
19:00:44.691 [FXGL Background Thread 3 ] DEBUG Engine               - version: 0.0
19:00:44.691 [FXGL Background Thread 3 ] DEBUG Engine               - versionCheckDays: 7
19:00:44.691 [FXGL Background Thread 3 ] DEBUG Engine               - width: 650
19:00:44.691 [FXGL Background Thread 3 ] DEBUG Engine               - Logging services
19:00:44.691 [FXGL Background Thread 3 ] DEBUG Engine               - class com.almasb.fxgl.app.services.FXGLAssetLoaderService
19:00:44.691 [FXGL Background Thread 3 ] DEBUG Engine               - class com.almasb.fxgl.app.FXGLApplication$GameApplicationService
19:00:44.691 [FXGL Background Thread 3 ] DEBUG Engine               - class com.almasb.fxgl.app.services.FXGLDialogService
19:00:44.691 [FXGL Background Thread 3 ] DEBUG Engine               - class com.almasb.fxgl.app.services.IOTaskExecutorService
19:00:44.691 [FXGL Background Thread 3 ] DEBUG Engine               - class com.almasb.fxgl.io.FileSystemService
19:00:44.691 [FXGL Background Thread 3 ] DEBUG Engine               - class com.almasb.fxgl.localization.LocalizationService
19:00:44.691 [FXGL Background Thread 3 ] DEBUG Engine               - class com.almasb.fxgl.app.services.SystemBundleService
19:00:44.692 [FXGL Background Thread 3 ] DEBUG Engine               - class com.almasb.fxgl.profile.SaveLoadService
19:00:44.692 [FXGL Background Thread 3 ] DEBUG Engine               - class com.almasb.fxgl.ui.FXGLUIFactoryServiceProvider
19:00:44.692 [FXGL Background Thread 3 ] DEBUG Engine               - class com.almasb.fxgl.ui.FXGLDialogFactoryServiceProvider
19:00:44.692 [FXGL Background Thread 3 ] DEBUG Engine               - class com.almasb.fxgl.audio.AudioPlayer
19:00:44.692 [FXGL Background Thread 3 ] DEBUG Engine               - class com.almasb.fxgl.notification.impl.NotificationServiceProvider
19:00:44.692 [FXGL Background Thread 3 ] DEBUG Engine               - class com.almasb.fxgl.achievement.AchievementService
19:00:44.692 [FXGL Background Thread 3 ] DEBUG Engine               - class com.almasb.fxgl.cutscene.CutsceneService
19:00:44.692 [FXGL Background Thread 3 ] DEBUG Engine               - class com.almasb.fxgl.minigames.MiniGameService
19:00:44.692 [FXGL Background Thread 3 ] DEBUG Engine               - class com.almasb.fxgl.net.NetService
19:00:44.692 [FXGL Background Thread 3 ] DEBUG Engine               - class com.almasb.fxgl.app.services.UpdaterService
19:00:44.692 [FXGL Background Thread 3 ] DEBUG Engine               - class com.almasb.fxgl.dev.DevService
19:00:53.207 [JavaFX Application Thread] DEBUG FXGLApplication      - Exiting FXGL
19:00:53.208 [JavaFX Application Thread] DEBUG LoopRunner           - Stopping loop
19:00:53.208 [JavaFX Application Thread] DEBUG SystemBundleService  - Saving FXGL system data
19:00:53.211 [JavaFX Application Thread] DEBUG FileSystemAccess     - Writing to: /Users/olive/Documents/GitHub/Project-Winter/system/fxgl.bundle
19:00:53.213 [JavaFX Application Thread] DEBUG Async                - Shutting down background threads
19:00:53.213 [JavaFX Application Thread] DEBUG PrimaryStageWindow   - Closing main window
19:00:53.225 [JavaFX Application Thread] DEBUG Logger               - Closing Logger
