19:02:38.298 [main                     ] DEBUG Logger               - Configured Logger
19:02:38.318 [main                     ] DEBUG GameApplication      - Logging settings
Title: Soot(sin)
Version: 0.0
Width: 700
Height: 360
Fullscreen: false
Intro: false
Profiling: false
Single step:false
App Mode: DEVELOPER
Menu Key: ESCAPE
Stage Style: DECORATED
Scene Factory: class com.almasb.fxgl.app.scene.SceneFactory

19:02:38.687 [JavaFX Application Thread] DEBUG FXGLApplication      - Initializing FXGL
19:02:38.691 [JavaFX Application Thread] INFO  Engine               - FXGL-17.2 (20.08.2022 16.50) on MAC (J:18.0.2.1 FX:18.0.2)
19:02:38.691 [JavaFX Application Thread] DEBUG Engine               - JRE Vendor Name: Oracle Corporation
19:02:38.691 [JavaFX Application Thread] DEBUG Engine               - Running on OS: Mac OS X version 13.4.1
19:02:38.691 [JavaFX Application Thread] DEBUG Engine               - Architecture: aarch64
19:02:38.691 [JavaFX Application Thread] INFO  Engine               - Source code and latest versions at: https://github.com/AlmasB/FXGL
19:02:38.692 [JavaFX Application Thread] INFO  Engine               -       Ask questions and discuss at: https://github.com/AlmasB/FXGL/discussions
19:02:38.692 [JavaFX Application Thread] INFO  Engine               -              Join the FXGL chat at: https://gitter.im/AlmasB/FXGL
19:02:38.757 [JavaFX Application Thread] DEBUG PrimaryStageWindow   - Creating a JavaFX scene
19:02:38.790 [JavaFX Application Thread] DEBUG PrimaryStageWindow   - Target settings size: 700.0 x 360.0
19:02:38.790 [JavaFX Application Thread] DEBUG PrimaryStageWindow   - Scaled scene size:    700.0 x 360.0
19:02:38.790 [JavaFX Application Thread] DEBUG PrimaryStageWindow   - Scaled ratio: (1.0, 1.0)
19:02:38.791 [JavaFX Application Thread] DEBUG PrimaryStageWindow   - Set initial scene to FXGLStartupScene
19:02:38.794 [JavaFX Application Thread] DEBUG PrimaryStageWindow   - Opening main window
19:02:38.882 [JavaFX Application Thread] DEBUG PrimaryStageWindow   - Window border size: (0.0, 28.0)
19:02:38.882 [JavaFX Application Thread] DEBUG PrimaryStageWindow   - Scaled size: 700.0 x 360.0
19:02:38.882 [JavaFX Application Thread] DEBUG PrimaryStageWindow   - Scaled ratio: (1.0, 1.0)
19:02:38.882 [JavaFX Application Thread] DEBUG PrimaryStageWindow   - Scene size: 700.0 x 360.0
19:02:38.882 [JavaFX Application Thread] DEBUG PrimaryStageWindow   - Stage size: 700.0 x 388.0
19:02:38.886 [FXGL Background Thread 1 ] DEBUG Engine               - Initializing environment variables
19:02:38.918 [FXGL Background Thread 1 ] DEBUG FXGLAssetLoaderServi - User app class for loading assets: class com.example.proj.SootApp
19:02:38.918 [FXGL Background Thread 1 ] DEBUG GameApplicationServi - Applying CSS: fxgl_dark.css
19:02:38.918 [FXGL Background Thread 1 ] DEBUG FXGLAssetLoaderServi - Loading from file system: jar:file:///Users/olive/.m2/repository/com/github/almasb/fxgl/17.2/fxgl-17.2.jar!/fxglassets/ui/css/fxgl_dark.css
19:02:38.993 [FXGL Background Thread 1 ] DEBUG GameApplicationServi - Initializing application scenes
19:02:39.314 [FXGL Background Thread 1 ] DEBUG GameWorld            - Game world initialized
19:02:39.385 [FXGL Background Thread 1 ] DEBUG PhysicsWorld         - Physics world initialized: appHeight=360, physics.ppm=50.0
19:02:39.386 [FXGL Background Thread 1 ] DEBUG PhysicsWorld         - Using strategy: BRUTE_FORCE
19:02:39.391 [FXGL Background Thread 1 ] DEBUG GameScene            - Game scene initialized: 700x360
19:02:39.404 [FXGL Background Thread 1 ] WARN  FXGL.DefaultMenu     - FXGLDefaultMenu is not designed for resolutions < 800x600
19:02:39.404 [FXGL Background Thread 1 ] DEBUG FXGL.DefaultMenu     - createMenuBodyGameMenu()
19:02:39.429 [FXGL Background Thread 1 ] DEBUG FXGL.DefaultMenu     - createOptionsMenu()
19:02:39.446 [FXGL Background Thread 1 ] DEBUG FXGLAssetLoaderServi - Loading from file system: jar:file:///Users/olive/.m2/repository/com/github/almasb/fxgl/17.2/fxgl-17.2.jar!/fxglassets/textures/particles/smoke.png
19:02:39.636 [FXGL Background Thread 1 ] DEBUG FXGLAssetLoaderServi - Loading from file system: jar:file:///Users/olive/.m2/repository/com/github/almasb/fxgl/17.2/fxgl-17.2.jar!/fxglassets/textures/particles/trace_horizontal.png
19:02:39.700 [FXGL Background Thread 1 ] DEBUG GameApplicationServi - Application scenes initialized
19:02:39.710 [FXGL Background Thread 1 ] DEBUG SystemBundleService  - Loading FXGL system data
19:02:39.715 [FXGL Background Thread 1 ] DEBUG FileSystemAccess     - Reading from: /Users/olive/Documents/GitHub/Project-Winter/system/fxgl.bundle
19:02:39.729 [FXGL Background Thread 1 ] DEBUG SystemBundleService  - Bundle FXGL: {}
19:02:39.729 [FXGL Background Thread 1 ] DEBUG UpdaterService       - Checking for updates
19:02:39.733 [FXGL Background Thread 4 ] DEBUG FXGLApplication      - Loading fonts
19:02:39.734 [FXGL Background Thread 1 ] DEBUG FXGLApplication      - Loading default localization
19:02:39.733 [FXGL Background Thread 4 ] DEBUG FXGLAssetLoaderServi - Loading from file system: jar:file:///Users/olive/.m2/repository/com/github/almasb/fxgl/17.2/fxgl-17.2.jar!/fxglassets/ui/fonts/VarelaRound-Regular.ttf
19:02:39.734 [FXGL Background Thread 1 ] DEBUG FXGLAssetLoaderServi - Loading from file system: jar:file:///Users/olive/.m2/repository/com/github/almasb/fxgl/17.2/fxgl-17.2.jar!/fxglassets/languages/english.lang
19:02:39.744 [FXGL Background Thread 4 ] DEBUG FXGLAssetLoaderServi - Loading from file system: jar:file:///Users/olive/.m2/repository/com/github/almasb/fxgl/17.2/fxgl-17.2.jar!/fxglassets/ui/fonts/Abel-Regular.ttf
19:02:39.745 [FXGL Background Thread 1 ] INFO  FXGLApplication      - FXGL initialization took: 0.858 sec
19:02:39.747 [FXGL Background Thread 4 ] DEBUG FXGLAssetLoaderServi - Loading from file system: jar:file:///Users/olive/.m2/repository/com/github/almasb/fxgl/17.2/fxgl-17.2.jar!/fxglassets/ui/fonts/TerminalLandMono-Regular.otf
19:02:39.749 [FXGL Background Thread 4 ] DEBUG FXGLAssetLoaderServi - Loading from file system: jar:file:///Users/olive/.m2/repository/com/github/almasb/fxgl/17.2/fxgl-17.2.jar!/fxglassets/ui/fonts/Courier-Prime.ttf
19:02:39.750 [JavaFX Application Thread] DEBUG Input                - Registered new binding: left - Left
19:02:39.751 [JavaFX Application Thread] DEBUG Input                - Registered new binding: right - Right
19:02:39.751 [JavaFX Application Thread] DEBUG Input                - Registered new binding: jump - Up
19:02:39.751 [JavaFX Application Thread] DEBUG FXGLAssetLoaderServi - Loading from file system: jar:file:///Users/olive/.m2/repository/com/github/almasb/fxgl/17.2/fxgl-17.2.jar!/fxglassets/textures/fxgl_icon.png
19:02:39.775 [JavaFX Application Thread] DEBUG FXGLAssetLoaderServi - Loading from file system: jar:file:///Users/olive/.m2/repository/com/github/almasb/fxgl/17.2/fxgl-17.2.jar!/fxglassets/textures/fxgl_default_cursor.png
19:02:39.777 [JavaFX Application Thread] DEBUG Input                - Registered new binding: Screenshot - CTRL+8
19:02:39.777 [JavaFX Application Thread] DEBUG Input                - Registered new binding: System info dump - CTRL+9
19:02:39.777 [JavaFX Application Thread] DEBUG Input                - Registered new binding: Restart - CTRL+R
19:02:39.777 [JavaFX Application Thread] DEBUG Input                - Registered new binding: Toggle Debug Camera - CTRL+7
19:02:39.778 [JavaFX Application Thread] DEBUG LoopRunner           - Starting loop
19:02:39.778 [JavaFX Application Thread] DEBUG LoopRunner           - Initializing JavaFX AnimationTimerLoop
19:02:39.779 [JavaFX Application Thread] DEBUG GameApplicationServi - Starting new game
19:02:39.779 [JavaFX Application Thread] DEBUG Input                - Clearing active input actions
19:02:39.785 [JavaFX Application Thread] DEBUG GameApplicationServi - Removing overlay from FXGLStartupScene and adding to FXGLLoadingScene
19:02:39.786 [JavaFX Application Thread] DEBUG PrimaryStageWindow   - FXGLStartupScene -> FXGLLoadingScene
19:02:39.786 [JavaFX Application Thread] DEBUG GameApplicationServi - Clearing previous game
19:02:39.786 [JavaFX Application Thread] DEBUG GameScene            - Clearing game scene
19:02:39.786 [JavaFX Application Thread] DEBUG GameWorld            - Clearing game world
19:02:39.786 [JavaFX Application Thread] DEBUG PhysicsWorld         - Clearing physics world
19:02:39.787 [FXGL Background Thread 4 ] DEBUG FXGLApplication      - Initializing game
19:02:39.817 [JavaFX Application Thread] DEBUG FXGLApplication      - Registering font factories with UI factory
19:02:39.819 [FXGL Background Thread 4 ] DEBUG TMXLevelLoader       - Parsed TiledMap: file:/Users/olive/Documents/GitHub/Project-Winter/proj/target/classes/assets/levels/tmx/Plat1.9.0.tmx
19:02:39.820 [FXGL Background Thread 4 ] DEBUG TMXLevelLoader       - Creating tile layer entities
19:02:39.821 [FXGL Background Thread 4 ] DEBUG TilesetLoader        - Loading view for layer Tile Layer 1
19:02:39.822 [FXGL Background Thread 4 ] DEBUG TilesetLoader        - Created buffer with size 810.0x360.0
19:02:39.829 [FXGL Background Thread 4 ] DEBUG TMXLevelLoader       - Creating object layer entities
19:02:39.843 [FXGL Background Thread 4 ] DEBUG GameWorld            - Clearing removable entities
19:02:39.843 [FXGL Background Thread 4 ] DEBUG GameWorld            - Setting level: com.almasb.fxgl.entity.level.Level@734d8f46
19:02:39.848 [FXGL Background Thread 4 ] DEBUG FXGLAssetLoaderServi - Loading from file system: file:/Users/olive/Documents/GitHub/Project-Winter/proj/target/classes/assets/textures/finalSOOT.gif
19:02:39.852 [FXGL Background Thread 4 ] WARN  Entity               - Entity already has component: com.example.proj.component.PlayerControl
19:02:39.853 [FXGL Background Thread 4 ] INFO  FXGLApplication      - Game initialization took: 0.066 sec
19:02:39.894 [JavaFX Application Thread] DEBUG Input                - Clearing active input actions
19:02:39.900 [JavaFX Application Thread] DEBUG GameApplicationServi - Removing overlay from FXGLLoadingScene and adding to GameScene
19:02:39.900 [JavaFX Application Thread] DEBUG PrimaryStageWindow   - FXGLLoadingScene -> GameScene
19:02:40.011 [FXGL Background Thread 2 ] INFO  UpdaterService       - Your current version:  17.2
19:02:40.011 [FXGL Background Thread 2 ] INFO  UpdaterService       - Latest stable version: 21
19:02:41.623 [JavaFX Application Thread] DEBUG PrimaryStageWindow   - Push state: DialogSubScene
19:02:41.623 [JavaFX Application Thread] DEBUG Input                - Clearing active input actions
19:02:41.625 [JavaFX Application Thread] DEBUG GameApplicationServi - Removing overlay from GameScene and adding to DialogSubScene
19:02:41.626 [JavaFX Application Thread] DEBUG PrimaryStageWindow   - GameScene -> DialogSubScene
19:02:42.737 [FXGL Background Thread 3 ] DEBUG Engine               - Logging environment variables
19:02:42.738 [FXGL Background Thread 3 ] DEBUG Engine               - achievements: []
19:02:42.738 [FXGL Background Thread 3 ] DEBUG Engine               - actualHeight: 360.0
19:02:42.738 [FXGL Background Thread 3 ] DEBUG Engine               - actualHeightProperty: ReadOnlyDoubleProperty [value: 360.0]
19:02:42.738 [FXGL Background Thread 3 ] DEBUG Engine               - actualWidth: 700.0
19:02:42.738 [FXGL Background Thread 3 ] DEBUG Engine               - actualWidthProperty: ReadOnlyDoubleProperty [value: 700.0]
19:02:42.739 [FXGL Background Thread 3 ] DEBUG Engine               - appIcon: fxgl_icon.png
19:02:42.739 [FXGL Background Thread 3 ] DEBUG Engine               - applicationMode: DEVELOPER
19:02:42.739 [FXGL Background Thread 3 ] DEBUG Engine               - cSSList: [fxgl_dark.css]
19:02:42.739 [FXGL Background Thread 3 ] DEBUG Engine               - collisionDetectionStrategy: BRUTE_FORCE
19:02:42.739 [FXGL Background Thread 3 ] DEBUG Engine               - configClass: Optional.empty
19:02:42.739 [FXGL Background Thread 3 ] DEBUG Engine               - credits: []
19:02:42.739 [FXGL Background Thread 3 ] DEBUG Engine               - defaultCursor: CursorInfo(imageName=fxgl_default_cursor.png, hotspotX=7.0, hotspotY=6.0)
19:02:42.740 [FXGL Background Thread 3 ] DEBUG Engine               - devBBoxColorProperty: ObjectProperty [value: 0xff0000ff]
19:02:42.740 [FXGL Background Thread 3 ] DEBUG Engine               - devEnableDebugCameraProperty: BooleanProperty [value: false]
19:02:42.740 [FXGL Background Thread 3 ] DEBUG Engine               - devSensorColorProperty: ObjectProperty [value: 0xffff00ff]
19:02:42.740 [FXGL Background Thread 3 ] DEBUG Engine               - devShowBBoxProperty: BooleanProperty [value: false]
19:02:42.740 [FXGL Background Thread 3 ] DEBUG Engine               - devShowPositionProperty: BooleanProperty [value: false]
19:02:42.740 [FXGL Background Thread 3 ] DEBUG Engine               - enabledMenuItems: []
19:02:42.740 [FXGL Background Thread 3 ] DEBUG Engine               - engineServices: [class com.almasb.fxgl.app.services.FXGLAssetLoaderService, class com.almasb.fxgl.app.FXGLApplication$GameApplicationService, class com.almasb.fxgl.app.services.FXGLDialogService, class com.almasb.fxgl.app.services.IOTaskExecutorService, class com.almasb.fxgl.io.FileSystemService, class com.almasb.fxgl.localization.LocalizationService, class com.almasb.fxgl.app.services.SystemBundleService, class com.almasb.fxgl.profile.SaveLoadService, class com.almasb.fxgl.ui.FXGLUIFactoryServiceProvider, class com.almasb.fxgl.ui.FXGLDialogFactoryServiceProvider, class com.almasb.fxgl.audio.AudioPlayer, class com.almasb.fxgl.notification.impl.NotificationServiceProvider, class com.almasb.fxgl.achievement.AchievementService, class com.almasb.fxgl.cutscene.CutsceneService, class com.almasb.fxgl.minigames.MiniGameService, class com.almasb.fxgl.net.NetService, class com.almasb.fxgl.app.services.UpdaterService, class com.almasb.fxgl.dev.DevService]
19:02:42.741 [FXGL Background Thread 3 ] DEBUG Engine               - fontGame: Abel-Regular.ttf
19:02:42.741 [FXGL Background Thread 3 ] DEBUG Engine               - fontMono: TerminalLandMono-Regular.otf
19:02:42.741 [FXGL Background Thread 3 ] DEBUG Engine               - fontText: Courier-Prime.ttf
19:02:42.741 [FXGL Background Thread 3 ] DEBUG Engine               - fontUI: VarelaRound-Regular.ttf
19:02:42.741 [FXGL Background Thread 3 ] DEBUG Engine               - fullScreen: BooleanProperty [value: false]
19:02:42.741 [FXGL Background Thread 3 ] DEBUG Engine               - gameDifficulty: MEDIUM
19:02:42.741 [FXGL Background Thread 3 ] DEBUG Engine               - gameDifficultyProperty: ObjectProperty [value: MEDIUM]
19:02:42.741 [FXGL Background Thread 3 ] DEBUG Engine               - globalMusicVolume: 0.5
19:02:42.741 [FXGL Background Thread 3 ] DEBUG Engine               - globalMusicVolumeProperty: DoubleProperty [value: 0.5]
19:02:42.741 [FXGL Background Thread 3 ] DEBUG Engine               - globalSoundVolume: 0.5
19:02:42.741 [FXGL Background Thread 3 ] DEBUG Engine               - globalSoundVolumeProperty: DoubleProperty [value: 0.5]
19:02:42.741 [FXGL Background Thread 3 ] DEBUG Engine               - height: 360
19:02:42.741 [FXGL Background Thread 3 ] DEBUG Engine               - is3D: false
19:02:42.741 [FXGL Background Thread 3 ] DEBUG Engine               - isAndroid: false
19:02:42.741 [FXGL Background Thread 3 ] DEBUG Engine               - isBrowser: false
19:02:42.742 [FXGL Background Thread 3 ] DEBUG Engine               - isClickFeedbackEnabled: false
19:02:42.742 [FXGL Background Thread 3 ] DEBUG Engine               - isCloseConfirmation: false
19:02:42.742 [FXGL Background Thread 3 ] DEBUG Engine               - isDesktop: true
19:02:42.742 [FXGL Background Thread 3 ] DEBUG Engine               - isDeveloperMenuEnabled: false
19:02:42.742 [FXGL Background Thread 3 ] DEBUG Engine               - isEmbedded: false
19:02:42.742 [FXGL Background Thread 3 ] DEBUG Engine               - isEntityPreloadEnabled: true
19:02:42.742 [FXGL Background Thread 3 ] DEBUG Engine               - isExperimentalTiledLargeMap: false
19:02:42.742 [FXGL Background Thread 3 ] DEBUG Engine               - isFileSystemWriteAllowed: true
19:02:42.742 [FXGL Background Thread 3 ] DEBUG Engine               - isFullScreenAllowed: false
19:02:42.742 [FXGL Background Thread 3 ] DEBUG Engine               - isFullScreenFromStart: false
19:02:42.742 [FXGL Background Thread 3 ] DEBUG Engine               - isGameMenuEnabled: true
19:02:42.742 [FXGL Background Thread 3 ] DEBUG Engine               - isIOS: false
19:02:42.742 [FXGL Background Thread 3 ] DEBUG Engine               - isIntroEnabled: false
19:02:42.742 [FXGL Background Thread 3 ] DEBUG Engine               - isLinux: false
19:02:42.742 [FXGL Background Thread 3 ] DEBUG Engine               - isMac: true
19:02:42.742 [FXGL Background Thread 3 ] DEBUG Engine               - isMainMenuEnabled: false
19:02:42.742 [FXGL Background Thread 3 ] DEBUG Engine               - isManualResizeEnabled: false
19:02:42.742 [FXGL Background Thread 3 ] DEBUG Engine               - isMobile: false
19:02:42.743 [FXGL Background Thread 3 ] DEBUG Engine               - isNative: false
19:02:42.743 [FXGL Background Thread 3 ] DEBUG Engine               - isPauseMusicWhenMinimized: true
19:02:42.743 [FXGL Background Thread 3 ] DEBUG Engine               - isPreserveResizeRatio: false
19:02:42.743 [FXGL Background Thread 3 ] DEBUG Engine               - isProfilingEnabled: false
19:02:42.743 [FXGL Background Thread 3 ] DEBUG Engine               - isScaleAffectedOnResize: true
19:02:42.743 [FXGL Background Thread 3 ] DEBUG Engine               - isSingleStep: false
19:02:42.743 [FXGL Background Thread 3 ] DEBUG Engine               - isUserProfileEnabled: false
19:02:42.743 [FXGL Background Thread 3 ] DEBUG Engine               - isWindows: false
19:02:42.743 [FXGL Background Thread 3 ] DEBUG Engine               - language: ObjectProperty [value: ENGLISH]
19:02:42.743 [FXGL Background Thread 3 ] DEBUG Engine               - menuKey: ESCAPE
19:02:42.743 [FXGL Background Thread 3 ] DEBUG Engine               - mouseSensitivity: 0.2
19:02:42.743 [FXGL Background Thread 3 ] DEBUG Engine               - notificationViewClass: class com.almasb.fxgl.notification.view.XboxNotificationView
19:02:42.743 [FXGL Background Thread 3 ] DEBUG Engine               - pixelsPerMeter: 50.0
19:02:42.743 [FXGL Background Thread 3 ] DEBUG Engine               - platform: MAC
19:02:42.743 [FXGL Background Thread 3 ] DEBUG Engine               - prefHeightProperty: ReadOnlyDoubleProperty [value: 360.0]
19:02:42.743 [FXGL Background Thread 3 ] DEBUG Engine               - prefWidthProperty: ReadOnlyDoubleProperty [value: 700.0]
19:02:42.743 [FXGL Background Thread 3 ] DEBUG Engine               - profileDir: profiles/
19:02:42.743 [FXGL Background Thread 3 ] DEBUG Engine               - profileName: StringProperty [value: DEFAULT]
19:02:42.743 [FXGL Background Thread 3 ] DEBUG Engine               - randomSeed: -1
19:02:42.744 [FXGL Background Thread 3 ] DEBUG Engine               - runtimeInfo: RuntimeInfo(platform=MAC, version=17.2, build=20.08.2022 16.50)
19:02:42.744 [FXGL Background Thread 3 ] DEBUG Engine               - saveFileExt: sav
19:02:42.744 [FXGL Background Thread 3 ] DEBUG Engine               - scaledHeightProp$fxgl: DoubleProperty [bound, value: 360.0]
19:02:42.744 [FXGL Background Thread 3 ] DEBUG Engine               - scaledWidthProp$fxgl: DoubleProperty [bound, value: 700.0]
19:02:42.744 [FXGL Background Thread 3 ] DEBUG Engine               - sceneFactory: com.almasb.fxgl.app.scene.SceneFactory@3d27507f
19:02:42.744 [FXGL Background Thread 3 ] DEBUG Engine               - secondsIn24h: 60
19:02:42.744 [FXGL Background Thread 3 ] DEBUG Engine               - soundMenuBack: menu/back.wav
19:02:42.744 [FXGL Background Thread 3 ] DEBUG Engine               - soundMenuPress: menu/press.wav
19:02:42.744 [FXGL Background Thread 3 ] DEBUG Engine               - soundMenuSelect: menu/select.wav
19:02:42.744 [FXGL Background Thread 3 ] DEBUG Engine               - soundNotification: core/notification.wav
19:02:42.744 [FXGL Background Thread 3 ] DEBUG Engine               - stageStyle: DECORATED
19:02:42.744 [FXGL Background Thread 3 ] DEBUG Engine               - supportedLanguages: [ENGLISH, FRENCH, GERMAN, HUNGARIAN, RUSSIAN]
19:02:42.744 [FXGL Background Thread 3 ] DEBUG Engine               - ticksPerSecond: -1
19:02:42.744 [FXGL Background Thread 3 ] DEBUG Engine               - title: Soot(sin)
19:02:42.745 [FXGL Background Thread 3 ] DEBUG Engine               - urlGithub: https://github.com/AlmasB/FXGL
19:02:42.745 [FXGL Background Thread 3 ] DEBUG Engine               - urlLeaderboard: http://fxgl-top.herokuapp.com/
19:02:42.745 [FXGL Background Thread 3 ] DEBUG Engine               - urlPOM: https://raw.githubusercontent.com/AlmasB/FXGL/release/README.md
19:02:42.745 [FXGL Background Thread 3 ] DEBUG Engine               - userAppClass: class com.example.proj.SootApp
19:02:42.745 [FXGL Background Thread 3 ] DEBUG Engine               - version: 0.0
19:02:42.745 [FXGL Background Thread 3 ] DEBUG Engine               - versionCheckDays: 7
19:02:42.745 [FXGL Background Thread 3 ] DEBUG Engine               - width: 700
19:02:42.745 [FXGL Background Thread 3 ] DEBUG Engine               - Logging services
19:02:42.745 [FXGL Background Thread 3 ] DEBUG Engine               - class com.almasb.fxgl.app.services.FXGLAssetLoaderService
19:02:42.745 [FXGL Background Thread 3 ] DEBUG Engine               - class com.almasb.fxgl.app.FXGLApplication$GameApplicationService
19:02:42.745 [FXGL Background Thread 3 ] DEBUG Engine               - class com.almasb.fxgl.app.services.FXGLDialogService
19:02:42.745 [FXGL Background Thread 3 ] DEBUG Engine               - class com.almasb.fxgl.app.services.IOTaskExecutorService
19:02:42.745 [FXGL Background Thread 3 ] DEBUG Engine               - class com.almasb.fxgl.io.FileSystemService
19:02:42.745 [FXGL Background Thread 3 ] DEBUG Engine               - class com.almasb.fxgl.localization.LocalizationService
19:02:42.745 [FXGL Background Thread 3 ] DEBUG Engine               - class com.almasb.fxgl.app.services.SystemBundleService
19:02:42.745 [FXGL Background Thread 3 ] DEBUG Engine               - class com.almasb.fxgl.profile.SaveLoadService
19:02:42.745 [FXGL Background Thread 3 ] DEBUG Engine               - class com.almasb.fxgl.ui.FXGLUIFactoryServiceProvider
19:02:42.745 [FXGL Background Thread 3 ] DEBUG Engine               - class com.almasb.fxgl.ui.FXGLDialogFactoryServiceProvider
19:02:42.745 [FXGL Background Thread 3 ] DEBUG Engine               - class com.almasb.fxgl.audio.AudioPlayer
19:02:42.745 [FXGL Background Thread 3 ] DEBUG Engine               - class com.almasb.fxgl.notification.impl.NotificationServiceProvider
19:02:42.745 [FXGL Background Thread 3 ] DEBUG Engine               - class com.almasb.fxgl.achievement.AchievementService
19:02:42.745 [FXGL Background Thread 3 ] DEBUG Engine               - class com.almasb.fxgl.cutscene.CutsceneService
19:02:42.745 [FXGL Background Thread 3 ] DEBUG Engine               - class com.almasb.fxgl.minigames.MiniGameService
19:02:42.745 [FXGL Background Thread 3 ] DEBUG Engine               - class com.almasb.fxgl.net.NetService
19:02:42.746 [FXGL Background Thread 3 ] DEBUG Engine               - class com.almasb.fxgl.app.services.UpdaterService
19:02:42.746 [FXGL Background Thread 3 ] DEBUG Engine               - class com.almasb.fxgl.dev.DevService
19:02:46.744 [JavaFX Application Thread] DEBUG FXGLApplication      - Exiting FXGL
19:02:46.744 [JavaFX Application Thread] DEBUG LoopRunner           - Stopping loop
19:02:46.744 [JavaFX Application Thread] DEBUG SystemBundleService  - Saving FXGL system data
19:02:46.748 [JavaFX Application Thread] DEBUG FileSystemAccess     - Writing to: /Users/olive/Documents/GitHub/Project-Winter/system/fxgl.bundle
19:02:46.749 [JavaFX Application Thread] DEBUG Async                - Shutting down background threads
19:02:46.749 [JavaFX Application Thread] DEBUG PrimaryStageWindow   - Closing main window
19:02:46.757 [JavaFX Application Thread] DEBUG Logger               - Closing Logger
