14:59:23.320 [main                     ] DEBUG Logger               - Configured Logger
14:59:23.346 [main                     ] DEBUG GameApplication      - Logging settings
Title: Soot(sin)
Version: 0.0
Width: 450
Height: 360
Fullscreen: false
Intro: false
Profiling: false
Single step:false
App Mode: DEVELOPER
Menu Key: ESCAPE
Stage Style: DECORATED
Scene Factory: class com.almasb.fxgl.app.scene.SceneFactory

14:59:23.726 [JavaFX Application Thread] DEBUG FXGLApplication      - Initializing FXGL
14:59:23.730 [JavaFX Application Thread] INFO  Engine               - FXGL-17.2 (20.08.2022 16.50) on MAC (J:18.0.2.1 FX:18.0.2)
14:59:23.731 [JavaFX Application Thread] DEBUG Engine               - JRE Vendor Name: Oracle Corporation
14:59:23.731 [JavaFX Application Thread] DEBUG Engine               - Running on OS: Mac OS X version 13.4.1
14:59:23.731 [JavaFX Application Thread] DEBUG Engine               - Architecture: aarch64
14:59:23.731 [JavaFX Application Thread] INFO  Engine               - Source code and latest versions at: https://github.com/AlmasB/FXGL
14:59:23.731 [JavaFX Application Thread] INFO  Engine               -       Ask questions and discuss at: https://github.com/AlmasB/FXGL/discussions
14:59:23.731 [JavaFX Application Thread] INFO  Engine               -              Join the FXGL chat at: https://gitter.im/AlmasB/FXGL
14:59:23.796 [JavaFX Application Thread] DEBUG PrimaryStageWindow   - Creating a JavaFX scene
14:59:23.826 [JavaFX Application Thread] DEBUG PrimaryStageWindow   - Target settings size: 450.0 x 360.0
14:59:23.826 [JavaFX Application Thread] DEBUG PrimaryStageWindow   - Scaled scene size:    450.0 x 360.0
14:59:23.827 [JavaFX Application Thread] DEBUG PrimaryStageWindow   - Scaled ratio: (1.0, 1.0)
14:59:23.827 [JavaFX Application Thread] DEBUG PrimaryStageWindow   - Set initial scene to FXGLStartupScene
14:59:23.831 [JavaFX Application Thread] DEBUG PrimaryStageWindow   - Opening main window
14:59:24.039 [JavaFX Application Thread] DEBUG PrimaryStageWindow   - Window border size: (0.0, 28.0)
14:59:24.040 [JavaFX Application Thread] DEBUG PrimaryStageWindow   - Scaled size: 450.0 x 360.0
14:59:24.040 [JavaFX Application Thread] DEBUG PrimaryStageWindow   - Scaled ratio: (1.0, 1.0)
14:59:24.040 [JavaFX Application Thread] DEBUG PrimaryStageWindow   - Scene size: 450.0 x 360.0
14:59:24.040 [JavaFX Application Thread] DEBUG PrimaryStageWindow   - Stage size: 450.0 x 388.0
14:59:24.048 [FXGL Background Thread 1 ] DEBUG Engine               - Initializing environment variables
14:59:24.137 [FXGL Background Thread 1 ] DEBUG FXGLAssetLoaderServi - User app class for loading assets: class com.example.proj.SootApp
14:59:24.137 [FXGL Background Thread 1 ] DEBUG GameApplicationServi - Applying CSS: fxgl_dark.css
14:59:24.139 [FXGL Background Thread 1 ] DEBUG FXGLAssetLoaderServi - Loading from file system: jar:file:///Users/olive/.m2/repository/com/github/almasb/fxgl/17.2/fxgl-17.2.jar!/fxglassets/ui/css/fxgl_dark.css
14:59:24.185 [FXGL Background Thread 1 ] DEBUG GameApplicationServi - Initializing application scenes
14:59:24.820 [FXGL Background Thread 1 ] DEBUG GameWorld            - Game world initialized
14:59:24.876 [FXGL Background Thread 1 ] DEBUG PhysicsWorld         - Physics world initialized: appHeight=360, physics.ppm=50.0
14:59:24.876 [FXGL Background Thread 1 ] DEBUG PhysicsWorld         - Using strategy: BRUTE_FORCE
14:59:24.881 [FXGL Background Thread 1 ] DEBUG GameScene            - Game scene initialized: 450x360
14:59:24.891 [FXGL Background Thread 1 ] WARN  FXGL.DefaultMenu     - FXGLDefaultMenu is not designed for resolutions < 800x600
14:59:24.891 [FXGL Background Thread 1 ] DEBUG FXGL.DefaultMenu     - createMenuBodyGameMenu()
14:59:24.901 [FXGL Background Thread 1 ] DEBUG FXGL.DefaultMenu     - createOptionsMenu()
14:59:24.909 [FXGL Background Thread 1 ] DEBUG FXGLAssetLoaderServi - Loading from file system: jar:file:///Users/olive/.m2/repository/com/github/almasb/fxgl/17.2/fxgl-17.2.jar!/fxglassets/textures/particles/smoke.png
14:59:25.048 [FXGL Background Thread 1 ] DEBUG FXGLAssetLoaderServi - Loading from file system: jar:file:///Users/olive/.m2/repository/com/github/almasb/fxgl/17.2/fxgl-17.2.jar!/fxglassets/textures/particles/trace_horizontal.png
14:59:25.073 [FXGL Background Thread 1 ] DEBUG GameApplicationServi - Application scenes initialized
14:59:25.081 [FXGL Background Thread 1 ] DEBUG SystemBundleService  - Loading FXGL system data
14:59:25.084 [FXGL Background Thread 1 ] DEBUG FileSystemAccess     - Reading from: /Users/olive/Documents/GitHub/Project-Winter/system/fxgl.bundle
14:59:25.091 [FXGL Background Thread 1 ] DEBUG SystemBundleService  - Bundle FXGL: {}
14:59:25.091 [FXGL Background Thread 1 ] DEBUG UpdaterService       - Checking for updates
14:59:25.094 [FXGL Background Thread 4 ] DEBUG FXGLApplication      - Loading fonts
14:59:25.094 [FXGL Background Thread 4 ] DEBUG FXGLAssetLoaderServi - Loading from file system: jar:file:///Users/olive/.m2/repository/com/github/almasb/fxgl/17.2/fxgl-17.2.jar!/fxglassets/ui/fonts/VarelaRound-Regular.ttf
14:59:25.094 [FXGL Background Thread 1 ] DEBUG FXGLApplication      - Loading default localization
14:59:25.095 [FXGL Background Thread 1 ] DEBUG FXGLAssetLoaderServi - Loading from file system: jar:file:///Users/olive/.m2/repository/com/github/almasb/fxgl/17.2/fxgl-17.2.jar!/fxglassets/languages/english.lang
14:59:25.106 [FXGL Background Thread 4 ] DEBUG FXGLAssetLoaderServi - Loading from file system: jar:file:///Users/olive/.m2/repository/com/github/almasb/fxgl/17.2/fxgl-17.2.jar!/fxglassets/ui/fonts/Abel-Regular.ttf
14:59:25.108 [FXGL Background Thread 1 ] INFO  FXGLApplication      - FXGL initialization took: 1.060 sec
14:59:25.109 [FXGL Background Thread 4 ] DEBUG FXGLAssetLoaderServi - Loading from file system: jar:file:///Users/olive/.m2/repository/com/github/almasb/fxgl/17.2/fxgl-17.2.jar!/fxglassets/ui/fonts/TerminalLandMono-Regular.otf
14:59:25.114 [FXGL Background Thread 4 ] DEBUG FXGLAssetLoaderServi - Loading from file system: jar:file:///Users/olive/.m2/repository/com/github/almasb/fxgl/17.2/fxgl-17.2.jar!/fxglassets/ui/fonts/Courier-Prime.ttf
14:59:25.114 [JavaFX Application Thread] DEBUG Input                - Registered new binding: left - Left
14:59:25.114 [JavaFX Application Thread] DEBUG Input                - Registered new binding: right - Right
14:59:25.114 [JavaFX Application Thread] DEBUG Input                - Registered new binding: jump - Up
14:59:25.115 [JavaFX Application Thread] DEBUG FXGLAssetLoaderServi - Loading from file system: jar:file:///Users/olive/.m2/repository/com/github/almasb/fxgl/17.2/fxgl-17.2.jar!/fxglassets/textures/fxgl_icon.png
14:59:25.145 [JavaFX Application Thread] DEBUG FXGLAssetLoaderServi - Loading from file system: jar:file:///Users/olive/.m2/repository/com/github/almasb/fxgl/17.2/fxgl-17.2.jar!/fxglassets/textures/fxgl_default_cursor.png
14:59:25.148 [JavaFX Application Thread] DEBUG Input                - Registered new binding: Screenshot - CTRL+8
14:59:25.148 [JavaFX Application Thread] DEBUG Input                - Registered new binding: System info dump - CTRL+9
14:59:25.148 [JavaFX Application Thread] DEBUG Input                - Registered new binding: Restart - CTRL+R
14:59:25.149 [JavaFX Application Thread] DEBUG Input                - Registered new binding: Toggle Debug Camera - CTRL+7
14:59:25.150 [JavaFX Application Thread] DEBUG LoopRunner           - Starting loop
14:59:25.151 [JavaFX Application Thread] DEBUG LoopRunner           - Initializing JavaFX AnimationTimerLoop
14:59:25.152 [JavaFX Application Thread] DEBUG GameApplicationServi - Starting new game
14:59:25.152 [JavaFX Application Thread] DEBUG Input                - Clearing active input actions
14:59:25.164 [JavaFX Application Thread] DEBUG GameApplicationServi - Removing overlay from FXGLStartupScene and adding to FXGLLoadingScene
14:59:25.164 [JavaFX Application Thread] DEBUG PrimaryStageWindow   - FXGLStartupScene -> FXGLLoadingScene
14:59:25.164 [JavaFX Application Thread] DEBUG GameApplicationServi - Clearing previous game
14:59:25.164 [JavaFX Application Thread] DEBUG GameScene            - Clearing game scene
14:59:25.164 [JavaFX Application Thread] DEBUG GameWorld            - Clearing game world
14:59:25.165 [JavaFX Application Thread] DEBUG PhysicsWorld         - Clearing physics world
14:59:25.166 [FXGL Background Thread 4 ] DEBUG FXGLApplication      - Initializing game
14:59:25.211 [FXGL Background Thread 4 ] DEBUG TMXLevelLoader       - Parsed TiledMap: file:/Users/olive/Documents/GitHub/Project-Winter/proj/target/classes/assets/levels/tmx/Plat1.9.0.tmx
14:59:25.212 [FXGL Background Thread 4 ] DEBUG TMXLevelLoader       - Creating tile layer entities
14:59:25.214 [FXGL Background Thread 4 ] DEBUG TilesetLoader        - Loading view for layer Tile Layer 1
14:59:25.215 [FXGL Background Thread 4 ] DEBUG TilesetLoader        - Created buffer with size 450.0x360.0
14:59:25.226 [JavaFX Application Thread] DEBUG FXGLApplication      - Registering font factories with UI factory
14:59:25.227 [FXGL Background Thread 4 ] DEBUG TMXLevelLoader       - Creating object layer entities
14:59:25.255 [FXGL Background Thread 4 ] DEBUG GameWorld            - Clearing removable entities
14:59:25.256 [FXGL Background Thread 4 ] DEBUG GameWorld            - Setting level: com.almasb.fxgl.entity.level.Level@6284358f
14:59:25.266 [FXGL Background Thread 4 ] DEBUG FXGLAssetLoaderServi - Loading from file system: file:/Users/olive/Documents/GitHub/Project-Winter/proj/target/classes/assets/textures/finalSOOT.gif
14:59:25.274 [FXGL Background Thread 4 ] WARN  Entity               - Entity already has component: com.example.proj.component.PlayerControl
14:59:25.276 [FXGL Background Thread 4 ] INFO  FXGLApplication      - Game initialization took: 0.110 sec
14:59:25.358 [JavaFX Application Thread] DEBUG Input                - Clearing active input actions
14:59:25.365 [JavaFX Application Thread] DEBUG GameApplicationServi - Removing overlay from FXGLLoadingScene and adding to GameScene
14:59:25.365 [JavaFX Application Thread] DEBUG PrimaryStageWindow   - FXGLLoadingScene -> GameScene
14:59:25.565 [FXGL Background Thread 2 ] INFO  UpdaterService       - Your current version:  17.2
14:59:25.565 [FXGL Background Thread 2 ] INFO  UpdaterService       - Latest stable version: 21
14:59:28.093 [FXGL Background Thread 3 ] DEBUG Engine               - Logging environment variables
14:59:28.095 [FXGL Background Thread 3 ] DEBUG Engine               - achievements: []
14:59:28.095 [FXGL Background Thread 3 ] DEBUG Engine               - actualHeight: 360.0
14:59:28.095 [FXGL Background Thread 3 ] DEBUG Engine               - actualHeightProperty: ReadOnlyDoubleProperty [value: 360.0]
14:59:28.095 [FXGL Background Thread 3 ] DEBUG Engine               - actualWidth: 450.0
14:59:28.095 [FXGL Background Thread 3 ] DEBUG Engine               - actualWidthProperty: ReadOnlyDoubleProperty [value: 450.0]
14:59:28.095 [FXGL Background Thread 3 ] DEBUG Engine               - appIcon: fxgl_icon.png
14:59:28.095 [FXGL Background Thread 3 ] DEBUG Engine               - applicationMode: DEVELOPER
14:59:28.096 [FXGL Background Thread 3 ] DEBUG Engine               - cSSList: [fxgl_dark.css]
14:59:28.096 [FXGL Background Thread 3 ] DEBUG Engine               - collisionDetectionStrategy: BRUTE_FORCE
14:59:28.096 [FXGL Background Thread 3 ] DEBUG Engine               - configClass: Optional.empty
14:59:28.096 [FXGL Background Thread 3 ] DEBUG Engine               - credits: []
14:59:28.096 [FXGL Background Thread 3 ] DEBUG Engine               - defaultCursor: CursorInfo(imageName=fxgl_default_cursor.png, hotspotX=7.0, hotspotY=6.0)
14:59:28.097 [FXGL Background Thread 3 ] DEBUG Engine               - devBBoxColorProperty: ObjectProperty [value: 0xff0000ff]
14:59:28.097 [FXGL Background Thread 3 ] DEBUG Engine               - devEnableDebugCameraProperty: BooleanProperty [value: false]
14:59:28.097 [FXGL Background Thread 3 ] DEBUG Engine               - devSensorColorProperty: ObjectProperty [value: 0xffff00ff]
14:59:28.097 [FXGL Background Thread 3 ] DEBUG Engine               - devShowBBoxProperty: BooleanProperty [value: false]
14:59:28.097 [FXGL Background Thread 3 ] DEBUG Engine               - devShowPositionProperty: BooleanProperty [value: false]
14:59:28.097 [FXGL Background Thread 3 ] DEBUG Engine               - enabledMenuItems: []
14:59:28.098 [FXGL Background Thread 3 ] DEBUG Engine               - engineServices: [class com.almasb.fxgl.app.services.FXGLAssetLoaderService, class com.almasb.fxgl.app.FXGLApplication$GameApplicationService, class com.almasb.fxgl.app.services.FXGLDialogService, class com.almasb.fxgl.app.services.IOTaskExecutorService, class com.almasb.fxgl.io.FileSystemService, class com.almasb.fxgl.localization.LocalizationService, class com.almasb.fxgl.app.services.SystemBundleService, class com.almasb.fxgl.profile.SaveLoadService, class com.almasb.fxgl.ui.FXGLUIFactoryServiceProvider, class com.almasb.fxgl.ui.FXGLDialogFactoryServiceProvider, class com.almasb.fxgl.audio.AudioPlayer, class com.almasb.fxgl.notification.impl.NotificationServiceProvider, class com.almasb.fxgl.achievement.AchievementService, class com.almasb.fxgl.cutscene.CutsceneService, class com.almasb.fxgl.minigames.MiniGameService, class com.almasb.fxgl.net.NetService, class com.almasb.fxgl.app.services.UpdaterService, class com.almasb.fxgl.dev.DevService]
14:59:28.098 [FXGL Background Thread 3 ] DEBUG Engine               - fontGame: Abel-Regular.ttf
14:59:28.098 [FXGL Background Thread 3 ] DEBUG Engine               - fontMono: TerminalLandMono-Regular.otf
14:59:28.098 [FXGL Background Thread 3 ] DEBUG Engine               - fontText: Courier-Prime.ttf
14:59:28.098 [FXGL Background Thread 3 ] DEBUG Engine               - fontUI: VarelaRound-Regular.ttf
14:59:28.098 [FXGL Background Thread 3 ] DEBUG Engine               - fullScreen: BooleanProperty [value: false]
14:59:28.098 [FXGL Background Thread 3 ] DEBUG Engine               - gameDifficulty: MEDIUM
14:59:28.098 [FXGL Background Thread 3 ] DEBUG Engine               - gameDifficultyProperty: ObjectProperty [value: MEDIUM]
14:59:28.098 [FXGL Background Thread 3 ] DEBUG Engine               - globalMusicVolume: 0.5
14:59:28.098 [FXGL Background Thread 3 ] DEBUG Engine               - globalMusicVolumeProperty: DoubleProperty [value: 0.5]
14:59:28.098 [FXGL Background Thread 3 ] DEBUG Engine               - globalSoundVolume: 0.5
14:59:28.099 [FXGL Background Thread 3 ] DEBUG Engine               - globalSoundVolumeProperty: DoubleProperty [value: 0.5]
14:59:28.099 [FXGL Background Thread 3 ] DEBUG Engine               - height: 360
14:59:28.099 [FXGL Background Thread 3 ] DEBUG Engine               - is3D: false
14:59:28.099 [FXGL Background Thread 3 ] DEBUG Engine               - isAndroid: false
14:59:28.099 [FXGL Background Thread 3 ] DEBUG Engine               - isBrowser: false
14:59:28.099 [FXGL Background Thread 3 ] DEBUG Engine               - isClickFeedbackEnabled: false
14:59:28.099 [FXGL Background Thread 3 ] DEBUG Engine               - isCloseConfirmation: false
14:59:28.099 [FXGL Background Thread 3 ] DEBUG Engine               - isDesktop: true
14:59:28.099 [FXGL Background Thread 3 ] DEBUG Engine               - isDeveloperMenuEnabled: false
14:59:28.099 [FXGL Background Thread 3 ] DEBUG Engine               - isEmbedded: false
14:59:28.099 [FXGL Background Thread 3 ] DEBUG Engine               - isEntityPreloadEnabled: true
14:59:28.099 [FXGL Background Thread 3 ] DEBUG Engine               - isExperimentalTiledLargeMap: false
14:59:28.099 [FXGL Background Thread 3 ] DEBUG Engine               - isFileSystemWriteAllowed: true
14:59:28.099 [FXGL Background Thread 3 ] DEBUG Engine               - isFullScreenAllowed: false
14:59:28.100 [FXGL Background Thread 3 ] DEBUG Engine               - isFullScreenFromStart: false
14:59:28.100 [FXGL Background Thread 3 ] DEBUG Engine               - isGameMenuEnabled: true
14:59:28.100 [FXGL Background Thread 3 ] DEBUG Engine               - isIOS: false
14:59:28.100 [FXGL Background Thread 3 ] DEBUG Engine               - isIntroEnabled: false
14:59:28.100 [FXGL Background Thread 3 ] DEBUG Engine               - isLinux: false
14:59:28.100 [FXGL Background Thread 3 ] DEBUG Engine               - isMac: true
14:59:28.100 [FXGL Background Thread 3 ] DEBUG Engine               - isMainMenuEnabled: false
14:59:28.100 [FXGL Background Thread 3 ] DEBUG Engine               - isManualResizeEnabled: false
14:59:28.100 [FXGL Background Thread 3 ] DEBUG Engine               - isMobile: false
14:59:28.100 [FXGL Background Thread 3 ] DEBUG Engine               - isNative: false
14:59:28.100 [FXGL Background Thread 3 ] DEBUG Engine               - isPauseMusicWhenMinimized: true
14:59:28.101 [FXGL Background Thread 3 ] DEBUG Engine               - isPreserveResizeRatio: false
14:59:28.101 [FXGL Background Thread 3 ] DEBUG Engine               - isProfilingEnabled: false
14:59:28.101 [FXGL Background Thread 3 ] DEBUG Engine               - isScaleAffectedOnResize: true
14:59:28.101 [FXGL Background Thread 3 ] DEBUG Engine               - isSingleStep: false
14:59:28.101 [FXGL Background Thread 3 ] DEBUG Engine               - isUserProfileEnabled: false
14:59:28.101 [FXGL Background Thread 3 ] DEBUG Engine               - isWindows: false
14:59:28.101 [FXGL Background Thread 3 ] DEBUG Engine               - language: ObjectProperty [value: ENGLISH]
14:59:28.101 [FXGL Background Thread 3 ] DEBUG Engine               - menuKey: ESCAPE
14:59:28.101 [FXGL Background Thread 3 ] DEBUG Engine               - mouseSensitivity: 0.2
14:59:28.101 [FXGL Background Thread 3 ] DEBUG Engine               - notificationViewClass: class com.almasb.fxgl.notification.view.XboxNotificationView
14:59:28.102 [FXGL Background Thread 3 ] DEBUG Engine               - pixelsPerMeter: 50.0
14:59:28.102 [FXGL Background Thread 3 ] DEBUG Engine               - platform: MAC
14:59:28.102 [FXGL Background Thread 3 ] DEBUG Engine               - prefHeightProperty: ReadOnlyDoubleProperty [value: 360.0]
14:59:28.102 [FXGL Background Thread 3 ] DEBUG Engine               - prefWidthProperty: ReadOnlyDoubleProperty [value: 450.0]
14:59:28.102 [FXGL Background Thread 3 ] DEBUG Engine               - profileDir: profiles/
14:59:28.102 [FXGL Background Thread 3 ] DEBUG Engine               - profileName: StringProperty [value: DEFAULT]
14:59:28.102 [FXGL Background Thread 3 ] DEBUG Engine               - randomSeed: -1
14:59:28.103 [FXGL Background Thread 3 ] DEBUG Engine               - runtimeInfo: RuntimeInfo(platform=MAC, version=17.2, build=20.08.2022 16.50)
14:59:28.103 [FXGL Background Thread 3 ] DEBUG Engine               - saveFileExt: sav
14:59:28.103 [FXGL Background Thread 3 ] DEBUG Engine               - scaledHeightProp$fxgl: DoubleProperty [bound, value: 360.0]
14:59:28.103 [FXGL Background Thread 3 ] DEBUG Engine               - scaledWidthProp$fxgl: DoubleProperty [bound, value: 450.0]
14:59:28.103 [FXGL Background Thread 3 ] DEBUG Engine               - sceneFactory: com.almasb.fxgl.app.scene.SceneFactory@4d8e783a
14:59:28.103 [FXGL Background Thread 3 ] DEBUG Engine               - secondsIn24h: 60
14:59:28.103 [FXGL Background Thread 3 ] DEBUG Engine               - soundMenuBack: menu/back.wav
14:59:28.103 [FXGL Background Thread 3 ] DEBUG Engine               - soundMenuPress: menu/press.wav
14:59:28.103 [FXGL Background Thread 3 ] DEBUG Engine               - soundMenuSelect: menu/select.wav
14:59:28.103 [FXGL Background Thread 3 ] DEBUG Engine               - soundNotification: core/notification.wav
14:59:28.103 [FXGL Background Thread 3 ] DEBUG Engine               - stageStyle: DECORATED
14:59:28.103 [FXGL Background Thread 3 ] DEBUG Engine               - supportedLanguages: [ENGLISH, FRENCH, GERMAN, HUNGARIAN, RUSSIAN]
14:59:28.103 [FXGL Background Thread 3 ] DEBUG Engine               - ticksPerSecond: -1
14:59:28.103 [FXGL Background Thread 3 ] DEBUG Engine               - title: Soot(sin)
14:59:28.103 [FXGL Background Thread 3 ] DEBUG Engine               - urlGithub: https://github.com/AlmasB/FXGL
14:59:28.103 [FXGL Background Thread 3 ] DEBUG Engine               - urlLeaderboard: http://fxgl-top.herokuapp.com/
14:59:28.104 [FXGL Background Thread 3 ] DEBUG Engine               - urlPOM: https://raw.githubusercontent.com/AlmasB/FXGL/release/README.md
14:59:28.104 [FXGL Background Thread 3 ] DEBUG Engine               - userAppClass: class com.example.proj.SootApp
14:59:28.104 [FXGL Background Thread 3 ] DEBUG Engine               - version: 0.0
14:59:28.104 [FXGL Background Thread 3 ] DEBUG Engine               - versionCheckDays: 7
14:59:28.104 [FXGL Background Thread 3 ] DEBUG Engine               - width: 450
14:59:28.104 [FXGL Background Thread 3 ] DEBUG Engine               - Logging services
14:59:28.104 [FXGL Background Thread 3 ] DEBUG Engine               - class com.almasb.fxgl.app.services.FXGLAssetLoaderService
14:59:28.104 [FXGL Background Thread 3 ] DEBUG Engine               - class com.almasb.fxgl.app.FXGLApplication$GameApplicationService
14:59:28.104 [FXGL Background Thread 3 ] DEBUG Engine               - class com.almasb.fxgl.app.services.FXGLDialogService
14:59:28.104 [FXGL Background Thread 3 ] DEBUG Engine               - class com.almasb.fxgl.app.services.IOTaskExecutorService
14:59:28.104 [FXGL Background Thread 3 ] DEBUG Engine               - class com.almasb.fxgl.io.FileSystemService
14:59:28.104 [FXGL Background Thread 3 ] DEBUG Engine               - class com.almasb.fxgl.localization.LocalizationService
14:59:28.104 [FXGL Background Thread 3 ] DEBUG Engine               - class com.almasb.fxgl.app.services.SystemBundleService
14:59:28.104 [FXGL Background Thread 3 ] DEBUG Engine               - class com.almasb.fxgl.profile.SaveLoadService
14:59:28.104 [FXGL Background Thread 3 ] DEBUG Engine               - class com.almasb.fxgl.ui.FXGLUIFactoryServiceProvider
14:59:28.104 [FXGL Background Thread 3 ] DEBUG Engine               - class com.almasb.fxgl.ui.FXGLDialogFactoryServiceProvider
14:59:28.104 [FXGL Background Thread 3 ] DEBUG Engine               - class com.almasb.fxgl.audio.AudioPlayer
14:59:28.104 [FXGL Background Thread 3 ] DEBUG Engine               - class com.almasb.fxgl.notification.impl.NotificationServiceProvider
14:59:28.105 [FXGL Background Thread 3 ] DEBUG Engine               - class com.almasb.fxgl.achievement.AchievementService
14:59:28.105 [FXGL Background Thread 3 ] DEBUG Engine               - class com.almasb.fxgl.cutscene.CutsceneService
14:59:28.105 [FXGL Background Thread 3 ] DEBUG Engine               - class com.almasb.fxgl.minigames.MiniGameService
14:59:28.105 [FXGL Background Thread 3 ] DEBUG Engine               - class com.almasb.fxgl.net.NetService
14:59:28.105 [FXGL Background Thread 3 ] DEBUG Engine               - class com.almasb.fxgl.app.services.UpdaterService
14:59:28.105 [FXGL Background Thread 3 ] DEBUG Engine               - class com.almasb.fxgl.dev.DevService
14:59:57.098 [JavaFX Application Thread] DEBUG FXGLApplication      - Exiting FXGL
14:59:57.098 [JavaFX Application Thread] DEBUG LoopRunner           - Stopping loop
14:59:57.098 [JavaFX Application Thread] DEBUG SystemBundleService  - Saving FXGL system data
14:59:57.102 [JavaFX Application Thread] DEBUG FileSystemAccess     - Writing to: /Users/olive/Documents/GitHub/Project-Winter/system/fxgl.bundle
14:59:57.104 [JavaFX Application Thread] DEBUG Async                - Shutting down background threads
14:59:57.104 [JavaFX Application Thread] DEBUG PrimaryStageWindow   - Closing main window
14:59:57.111 [JavaFX Application Thread] DEBUG Logger               - Closing Logger
