08:36:20.040 [main                     ] DEBUG Logger               - Configured Logger
08:36:20.060 [main                     ] DEBUG GameApplication      - Logging settings
Title: Soot(sin)
Version: 0.0
Width: 500
Height: 300
Fullscreen: false
Intro: false
Profiling: false
Single step:false
App Mode: DEVELOPER
Menu Key: ESCAPE
Stage Style: DECORATED
Scene Factory: class com.almasb.fxgl.app.scene.SceneFactory

08:36:20.904 [JavaFX Application Thread] DEBUG FXGLApplication      - Initializing FXGL
08:36:20.908 [JavaFX Application Thread] INFO  Engine               - FXGL-17.2 (20.08.2022 16.50) on MAC (J:18.0.2.1 FX:18.0.2)
08:36:20.908 [JavaFX Application Thread] DEBUG Engine               - JRE Vendor Name: Oracle Corporation
08:36:20.908 [JavaFX Application Thread] DEBUG Engine               - Running on OS: Mac OS X version 13.4.1
08:36:20.908 [JavaFX Application Thread] DEBUG Engine               - Architecture: aarch64
08:36:20.908 [JavaFX Application Thread] INFO  Engine               - Source code and latest versions at: https://github.com/AlmasB/FXGL
08:36:20.909 [JavaFX Application Thread] INFO  Engine               -       Ask questions and discuss at: https://github.com/AlmasB/FXGL/discussions
08:36:20.909 [JavaFX Application Thread] INFO  Engine               -              Join the FXGL chat at: https://gitter.im/AlmasB/FXGL
08:36:20.975 [JavaFX Application Thread] DEBUG PrimaryStageWindow   - Creating a JavaFX scene
08:36:21.002 [JavaFX Application Thread] DEBUG PrimaryStageWindow   - Target settings size: 500.0 x 300.0
08:36:21.002 [JavaFX Application Thread] DEBUG PrimaryStageWindow   - Scaled scene size:    500.0 x 300.0
08:36:21.003 [JavaFX Application Thread] DEBUG PrimaryStageWindow   - Scaled ratio: (1.0, 1.0)
08:36:21.003 [JavaFX Application Thread] DEBUG PrimaryStageWindow   - Set initial scene to FXGLStartupScene
08:36:21.006 [JavaFX Application Thread] DEBUG PrimaryStageWindow   - Opening main window
08:36:21.133 [JavaFX Application Thread] DEBUG PrimaryStageWindow   - Window border size: (0.0, 28.0)
08:36:21.133 [JavaFX Application Thread] DEBUG PrimaryStageWindow   - Scaled size: 500.0 x 300.0
08:36:21.133 [JavaFX Application Thread] DEBUG PrimaryStageWindow   - Scaled ratio: (1.0, 1.0)
08:36:21.133 [JavaFX Application Thread] DEBUG PrimaryStageWindow   - Scene size: 500.0 x 300.0
08:36:21.133 [JavaFX Application Thread] DEBUG PrimaryStageWindow   - Stage size: 500.0 x 328.0
08:36:21.138 [FXGL Background Thread 1 ] DEBUG Engine               - Initializing environment variables
08:36:21.196 [FXGL Background Thread 1 ] DEBUG FXGLAssetLoaderServi - User app class for loading assets: class com.example.proj.SootApp
08:36:21.197 [FXGL Background Thread 1 ] DEBUG GameApplicationServi - Applying CSS: fxgl_dark.css
08:36:21.198 [FXGL Background Thread 1 ] DEBUG FXGLAssetLoaderServi - Loading from file system: jar:file:///Users/olive/.m2/repository/com/github/almasb/fxgl/17.2/fxgl-17.2.jar!/fxglassets/ui/css/fxgl_dark.css
08:36:21.246 [FXGL Background Thread 1 ] DEBUG GameApplicationServi - Initializing application scenes
08:36:21.631 [FXGL Background Thread 1 ] DEBUG GameWorld            - Game world initialized
08:36:21.781 [FXGL Background Thread 1 ] DEBUG PhysicsWorld         - Physics world initialized: appHeight=300, physics.ppm=50.0
08:36:21.781 [FXGL Background Thread 1 ] DEBUG PhysicsWorld         - Using strategy: BRUTE_FORCE
08:36:21.789 [FXGL Background Thread 1 ] DEBUG GameScene            - Game scene initialized: 500x300
08:36:21.820 [FXGL Background Thread 1 ] WARN  FXGL.DefaultMenu     - FXGLDefaultMenu is not designed for resolutions < 800x600
08:36:21.821 [FXGL Background Thread 1 ] DEBUG FXGL.DefaultMenu     - createMenuBodyGameMenu()
08:36:21.955 [FXGL Background Thread 1 ] DEBUG FXGL.DefaultMenu     - createOptionsMenu()
08:36:22.104 [FXGL Background Thread 1 ] DEBUG FXGLAssetLoaderServi - Loading from file system: jar:file:///Users/olive/.m2/repository/com/github/almasb/fxgl/17.2/fxgl-17.2.jar!/fxglassets/textures/particles/smoke.png
08:36:22.370 [FXGL Background Thread 1 ] DEBUG FXGLAssetLoaderServi - Loading from file system: jar:file:///Users/olive/.m2/repository/com/github/almasb/fxgl/17.2/fxgl-17.2.jar!/fxglassets/textures/particles/trace_horizontal.png
08:36:22.394 [FXGL Background Thread 1 ] DEBUG GameApplicationServi - Application scenes initialized
08:36:22.401 [FXGL Background Thread 1 ] DEBUG SystemBundleService  - Loading FXGL system data
08:36:22.404 [FXGL Background Thread 1 ] DEBUG FileSystemAccess     - Reading from: /Users/olive/Documents/GitHub/Project-Winter/system/fxgl.bundle
08:36:22.410 [FXGL Background Thread 1 ] DEBUG SystemBundleService  - Bundle FXGL: {}
08:36:22.410 [FXGL Background Thread 1 ] DEBUG UpdaterService       - Checking for updates
08:36:22.412 [FXGL Background Thread 4 ] DEBUG FXGLApplication      - Loading fonts
08:36:22.412 [FXGL Background Thread 4 ] DEBUG FXGLAssetLoaderServi - Loading from file system: jar:file:///Users/olive/.m2/repository/com/github/almasb/fxgl/17.2/fxgl-17.2.jar!/fxglassets/ui/fonts/VarelaRound-Regular.ttf
08:36:22.413 [FXGL Background Thread 1 ] DEBUG FXGLApplication      - Loading default localization
08:36:22.413 [FXGL Background Thread 1 ] DEBUG FXGLAssetLoaderServi - Loading from file system: jar:file:///Users/olive/.m2/repository/com/github/almasb/fxgl/17.2/fxgl-17.2.jar!/fxglassets/languages/english.lang
08:36:22.430 [FXGL Background Thread 4 ] DEBUG FXGLAssetLoaderServi - Loading from file system: jar:file:///Users/olive/.m2/repository/com/github/almasb/fxgl/17.2/fxgl-17.2.jar!/fxglassets/ui/fonts/Abel-Regular.ttf
08:36:22.430 [FXGL Background Thread 1 ] INFO  FXGLApplication      - FXGL initialization took: 1.292 sec
08:36:22.432 [JavaFX Application Thread] DEBUG FXGLAssetLoaderServi - Loading from file system: jar:file:///Users/olive/.m2/repository/com/github/almasb/fxgl/17.2/fxgl-17.2.jar!/fxglassets/textures/fxgl_icon.png
08:36:22.433 [FXGL Background Thread 4 ] DEBUG FXGLAssetLoaderServi - Loading from file system: jar:file:///Users/olive/.m2/repository/com/github/almasb/fxgl/17.2/fxgl-17.2.jar!/fxglassets/ui/fonts/TerminalLandMono-Regular.otf
08:36:22.438 [FXGL Background Thread 4 ] DEBUG FXGLAssetLoaderServi - Loading from file system: jar:file:///Users/olive/.m2/repository/com/github/almasb/fxgl/17.2/fxgl-17.2.jar!/fxglassets/ui/fonts/Courier-Prime.ttf
08:36:22.459 [JavaFX Application Thread] DEBUG FXGLAssetLoaderServi - Loading from file system: jar:file:///Users/olive/.m2/repository/com/github/almasb/fxgl/17.2/fxgl-17.2.jar!/fxglassets/textures/fxgl_default_cursor.png
08:36:22.466 [JavaFX Application Thread] DEBUG Input                - Registered new binding: Screenshot - CTRL+8
08:36:22.466 [JavaFX Application Thread] DEBUG Input                - Registered new binding: System info dump - CTRL+9
08:36:22.467 [JavaFX Application Thread] DEBUG Input                - Registered new binding: Restart - CTRL+R
08:36:22.467 [JavaFX Application Thread] DEBUG Input                - Registered new binding: Toggle Debug Camera - CTRL+7
08:36:22.468 [JavaFX Application Thread] DEBUG LoopRunner           - Starting loop
08:36:22.468 [JavaFX Application Thread] DEBUG LoopRunner           - Initializing JavaFX AnimationTimerLoop
08:36:22.468 [JavaFX Application Thread] DEBUG GameApplicationServi - Starting new game
08:36:22.469 [JavaFX Application Thread] DEBUG Input                - Clearing active input actions
08:36:22.475 [JavaFX Application Thread] DEBUG GameApplicationServi - Removing overlay from FXGLStartupScene and adding to FXGLLoadingScene
08:36:22.475 [JavaFX Application Thread] DEBUG PrimaryStageWindow   - FXGLStartupScene -> FXGLLoadingScene
08:36:22.475 [JavaFX Application Thread] DEBUG GameApplicationServi - Clearing previous game
08:36:22.475 [JavaFX Application Thread] DEBUG GameScene            - Clearing game scene
08:36:22.475 [JavaFX Application Thread] DEBUG GameWorld            - Clearing game world
08:36:22.475 [JavaFX Application Thread] DEBUG PhysicsWorld         - Clearing physics world
08:36:22.476 [FXGL Background Thread 4 ] DEBUG FXGLApplication      - Initializing game
08:36:22.477 [FXGL Background Thread 4 ] INFO  FXGLApplication      - Game initialization took: 0.001 sec
08:36:22.571 [JavaFX Application Thread] DEBUG FXGLApplication      - Registering font factories with UI factory
08:36:22.573 [JavaFX Application Thread] DEBUG Input                - Clearing active input actions
08:36:22.577 [JavaFX Application Thread] DEBUG GameApplicationServi - Removing overlay from FXGLLoadingScene and adding to GameScene
08:36:22.577 [JavaFX Application Thread] DEBUG PrimaryStageWindow   - FXGLLoadingScene -> GameScene
08:36:22.811 [FXGL Background Thread 2 ] INFO  UpdaterService       - Your current version:  17.2
08:36:22.811 [FXGL Background Thread 2 ] INFO  UpdaterService       - Latest stable version: 21
08:36:25.417 [FXGL Background Thread 3 ] DEBUG Engine               - Logging environment variables
08:36:25.420 [FXGL Background Thread 3 ] DEBUG Engine               - achievements: []
08:36:25.420 [FXGL Background Thread 3 ] DEBUG Engine               - actualHeight: 300.0
08:36:25.420 [FXGL Background Thread 3 ] DEBUG Engine               - actualHeightProperty: ReadOnlyDoubleProperty [value: 300.0]
08:36:25.420 [FXGL Background Thread 3 ] DEBUG Engine               - actualWidth: 500.0
08:36:25.420 [FXGL Background Thread 3 ] DEBUG Engine               - actualWidthProperty: ReadOnlyDoubleProperty [value: 500.0]
08:36:25.421 [FXGL Background Thread 3 ] DEBUG Engine               - appIcon: fxgl_icon.png
08:36:25.421 [FXGL Background Thread 3 ] DEBUG Engine               - applicationMode: DEVELOPER
08:36:25.421 [FXGL Background Thread 3 ] DEBUG Engine               - cSSList: [fxgl_dark.css]
08:36:25.421 [FXGL Background Thread 3 ] DEBUG Engine               - collisionDetectionStrategy: BRUTE_FORCE
08:36:25.421 [FXGL Background Thread 3 ] DEBUG Engine               - configClass: Optional.empty
08:36:25.421 [FXGL Background Thread 3 ] DEBUG Engine               - credits: []
08:36:25.422 [FXGL Background Thread 3 ] DEBUG Engine               - defaultCursor: CursorInfo(imageName=fxgl_default_cursor.png, hotspotX=7.0, hotspotY=6.0)
08:36:25.423 [FXGL Background Thread 3 ] DEBUG Engine               - devBBoxColorProperty: ObjectProperty [value: 0xff0000ff]
08:36:25.423 [FXGL Background Thread 3 ] DEBUG Engine               - devEnableDebugCameraProperty: BooleanProperty [value: false]
08:36:25.423 [FXGL Background Thread 3 ] DEBUG Engine               - devSensorColorProperty: ObjectProperty [value: 0xffff00ff]
08:36:25.423 [FXGL Background Thread 3 ] DEBUG Engine               - devShowBBoxProperty: BooleanProperty [value: false]
08:36:25.423 [FXGL Background Thread 3 ] DEBUG Engine               - devShowPositionProperty: BooleanProperty [value: false]
08:36:25.423 [FXGL Background Thread 3 ] DEBUG Engine               - enabledMenuItems: []
08:36:25.423 [FXGL Background Thread 3 ] DEBUG Engine               - engineServices: [class com.almasb.fxgl.app.services.FXGLAssetLoaderService, class com.almasb.fxgl.app.FXGLApplication$GameApplicationService, class com.almasb.fxgl.app.services.FXGLDialogService, class com.almasb.fxgl.app.services.IOTaskExecutorService, class com.almasb.fxgl.io.FileSystemService, class com.almasb.fxgl.localization.LocalizationService, class com.almasb.fxgl.app.services.SystemBundleService, class com.almasb.fxgl.profile.SaveLoadService, class com.almasb.fxgl.ui.FXGLUIFactoryServiceProvider, class com.almasb.fxgl.ui.FXGLDialogFactoryServiceProvider, class com.almasb.fxgl.audio.AudioPlayer, class com.almasb.fxgl.notification.impl.NotificationServiceProvider, class com.almasb.fxgl.achievement.AchievementService, class com.almasb.fxgl.cutscene.CutsceneService, class com.almasb.fxgl.minigames.MiniGameService, class com.almasb.fxgl.net.NetService, class com.almasb.fxgl.app.services.UpdaterService, class com.almasb.fxgl.dev.DevService]
08:36:25.423 [FXGL Background Thread 3 ] DEBUG Engine               - fontGame: Abel-Regular.ttf
08:36:25.423 [FXGL Background Thread 3 ] DEBUG Engine               - fontMono: TerminalLandMono-Regular.otf
08:36:25.424 [FXGL Background Thread 3 ] DEBUG Engine               - fontText: Courier-Prime.ttf
08:36:25.424 [FXGL Background Thread 3 ] DEBUG Engine               - fontUI: VarelaRound-Regular.ttf
08:36:25.424 [FXGL Background Thread 3 ] DEBUG Engine               - fullScreen: BooleanProperty [value: false]
08:36:25.424 [FXGL Background Thread 3 ] DEBUG Engine               - gameDifficulty: MEDIUM
08:36:25.424 [FXGL Background Thread 3 ] DEBUG Engine               - gameDifficultyProperty: ObjectProperty [value: MEDIUM]
08:36:25.424 [FXGL Background Thread 3 ] DEBUG Engine               - globalMusicVolume: 0.5
08:36:25.425 [FXGL Background Thread 3 ] DEBUG Engine               - globalMusicVolumeProperty: DoubleProperty [value: 0.5]
08:36:25.425 [FXGL Background Thread 3 ] DEBUG Engine               - globalSoundVolume: 0.5
08:36:25.425 [FXGL Background Thread 3 ] DEBUG Engine               - globalSoundVolumeProperty: DoubleProperty [value: 0.5]
08:36:25.425 [FXGL Background Thread 3 ] DEBUG Engine               - height: 300
08:36:25.425 [FXGL Background Thread 3 ] DEBUG Engine               - is3D: false
08:36:25.425 [FXGL Background Thread 3 ] DEBUG Engine               - isAndroid: false
08:36:25.425 [FXGL Background Thread 3 ] DEBUG Engine               - isBrowser: false
08:36:25.425 [FXGL Background Thread 3 ] DEBUG Engine               - isClickFeedbackEnabled: false
08:36:25.425 [FXGL Background Thread 3 ] DEBUG Engine               - isCloseConfirmation: false
08:36:25.425 [FXGL Background Thread 3 ] DEBUG Engine               - isDesktop: true
08:36:25.425 [FXGL Background Thread 3 ] DEBUG Engine               - isDeveloperMenuEnabled: false
08:36:25.425 [FXGL Background Thread 3 ] DEBUG Engine               - isEmbedded: false
08:36:25.425 [FXGL Background Thread 3 ] DEBUG Engine               - isEntityPreloadEnabled: true
08:36:25.426 [FXGL Background Thread 3 ] DEBUG Engine               - isExperimentalTiledLargeMap: false
08:36:25.426 [FXGL Background Thread 3 ] DEBUG Engine               - isFileSystemWriteAllowed: true
08:36:25.426 [FXGL Background Thread 3 ] DEBUG Engine               - isFullScreenAllowed: false
08:36:25.426 [FXGL Background Thread 3 ] DEBUG Engine               - isFullScreenFromStart: false
08:36:25.426 [FXGL Background Thread 3 ] DEBUG Engine               - isGameMenuEnabled: true
08:36:25.426 [FXGL Background Thread 3 ] DEBUG Engine               - isIOS: false
08:36:25.426 [FXGL Background Thread 3 ] DEBUG Engine               - isIntroEnabled: false
08:36:25.426 [FXGL Background Thread 3 ] DEBUG Engine               - isLinux: false
08:36:25.426 [FXGL Background Thread 3 ] DEBUG Engine               - isMac: true
08:36:25.426 [FXGL Background Thread 3 ] DEBUG Engine               - isMainMenuEnabled: false
08:36:25.426 [FXGL Background Thread 3 ] DEBUG Engine               - isManualResizeEnabled: false
08:36:25.426 [FXGL Background Thread 3 ] DEBUG Engine               - isMobile: false
08:36:25.426 [FXGL Background Thread 3 ] DEBUG Engine               - isNative: false
08:36:25.426 [FXGL Background Thread 3 ] DEBUG Engine               - isPauseMusicWhenMinimized: true
08:36:25.426 [FXGL Background Thread 3 ] DEBUG Engine               - isPreserveResizeRatio: false
08:36:25.426 [FXGL Background Thread 3 ] DEBUG Engine               - isProfilingEnabled: false
08:36:25.427 [FXGL Background Thread 3 ] DEBUG Engine               - isScaleAffectedOnResize: true
08:36:25.427 [FXGL Background Thread 3 ] DEBUG Engine               - isSingleStep: false
08:36:25.427 [FXGL Background Thread 3 ] DEBUG Engine               - isUserProfileEnabled: false
08:36:25.427 [FXGL Background Thread 3 ] DEBUG Engine               - isWindows: false
08:36:25.427 [FXGL Background Thread 3 ] DEBUG Engine               - language: ObjectProperty [value: ENGLISH]
08:36:25.427 [FXGL Background Thread 3 ] DEBUG Engine               - menuKey: ESCAPE
08:36:25.427 [FXGL Background Thread 3 ] DEBUG Engine               - mouseSensitivity: 0.2
08:36:25.427 [FXGL Background Thread 3 ] DEBUG Engine               - notificationViewClass: class com.almasb.fxgl.notification.view.XboxNotificationView
08:36:25.427 [FXGL Background Thread 3 ] DEBUG Engine               - pixelsPerMeter: 50.0
08:36:25.427 [FXGL Background Thread 3 ] DEBUG Engine               - platform: MAC
08:36:25.427 [FXGL Background Thread 3 ] DEBUG Engine               - prefHeightProperty: ReadOnlyDoubleProperty [value: 300.0]
08:36:25.427 [FXGL Background Thread 3 ] DEBUG Engine               - prefWidthProperty: ReadOnlyDoubleProperty [value: 500.0]
08:36:25.427 [FXGL Background Thread 3 ] DEBUG Engine               - profileDir: profiles/
08:36:25.428 [FXGL Background Thread 3 ] DEBUG Engine               - profileName: StringProperty [value: DEFAULT]
08:36:25.428 [FXGL Background Thread 3 ] DEBUG Engine               - randomSeed: -1
08:36:25.428 [FXGL Background Thread 3 ] DEBUG Engine               - runtimeInfo: RuntimeInfo(platform=MAC, version=17.2, build=20.08.2022 16.50)
08:36:25.428 [FXGL Background Thread 3 ] DEBUG Engine               - saveFileExt: sav
08:36:25.428 [FXGL Background Thread 3 ] DEBUG Engine               - scaledHeightProp$fxgl: DoubleProperty [bound, value: 300.0]
08:36:25.428 [FXGL Background Thread 3 ] DEBUG Engine               - scaledWidthProp$fxgl: DoubleProperty [bound, value: 500.0]
08:36:25.428 [FXGL Background Thread 3 ] DEBUG Engine               - sceneFactory: com.almasb.fxgl.app.scene.SceneFactory@64a08c20
08:36:25.429 [FXGL Background Thread 3 ] DEBUG Engine               - secondsIn24h: 60
08:36:25.429 [FXGL Background Thread 3 ] DEBUG Engine               - soundMenuBack: menu/back.wav
08:36:25.429 [FXGL Background Thread 3 ] DEBUG Engine               - soundMenuPress: menu/press.wav
08:36:25.429 [FXGL Background Thread 3 ] DEBUG Engine               - soundMenuSelect: menu/select.wav
08:36:25.429 [FXGL Background Thread 3 ] DEBUG Engine               - soundNotification: core/notification.wav
08:36:25.429 [FXGL Background Thread 3 ] DEBUG Engine               - stageStyle: DECORATED
08:36:25.429 [FXGL Background Thread 3 ] DEBUG Engine               - supportedLanguages: [ENGLISH, FRENCH, GERMAN, HUNGARIAN, RUSSIAN]
08:36:25.429 [FXGL Background Thread 3 ] DEBUG Engine               - ticksPerSecond: -1
08:36:25.429 [FXGL Background Thread 3 ] DEBUG Engine               - title: Soot(sin)
08:36:25.429 [FXGL Background Thread 3 ] DEBUG Engine               - urlGithub: https://github.com/AlmasB/FXGL
08:36:25.429 [FXGL Background Thread 3 ] DEBUG Engine               - urlLeaderboard: http://fxgl-top.herokuapp.com/
08:36:25.429 [FXGL Background Thread 3 ] DEBUG Engine               - urlPOM: https://raw.githubusercontent.com/AlmasB/FXGL/release/README.md
08:36:25.429 [FXGL Background Thread 3 ] DEBUG Engine               - userAppClass: class com.example.proj.SootApp
08:36:25.429 [FXGL Background Thread 3 ] DEBUG Engine               - version: 0.0
08:36:25.429 [FXGL Background Thread 3 ] DEBUG Engine               - versionCheckDays: 7
08:36:25.429 [FXGL Background Thread 3 ] DEBUG Engine               - width: 500
08:36:25.429 [FXGL Background Thread 3 ] DEBUG Engine               - Logging services
08:36:25.429 [FXGL Background Thread 3 ] DEBUG Engine               - class com.almasb.fxgl.app.services.FXGLAssetLoaderService
08:36:25.429 [FXGL Background Thread 3 ] DEBUG Engine               - class com.almasb.fxgl.app.FXGLApplication$GameApplicationService
08:36:25.429 [FXGL Background Thread 3 ] DEBUG Engine               - class com.almasb.fxgl.app.services.FXGLDialogService
08:36:25.429 [FXGL Background Thread 3 ] DEBUG Engine               - class com.almasb.fxgl.app.services.IOTaskExecutorService
08:36:25.430 [FXGL Background Thread 3 ] DEBUG Engine               - class com.almasb.fxgl.io.FileSystemService
08:36:25.430 [FXGL Background Thread 3 ] DEBUG Engine               - class com.almasb.fxgl.localization.LocalizationService
08:36:25.430 [FXGL Background Thread 3 ] DEBUG Engine               - class com.almasb.fxgl.app.services.SystemBundleService
08:36:25.430 [FXGL Background Thread 3 ] DEBUG Engine               - class com.almasb.fxgl.profile.SaveLoadService
08:36:25.430 [FXGL Background Thread 3 ] DEBUG Engine               - class com.almasb.fxgl.ui.FXGLUIFactoryServiceProvider
08:36:25.430 [FXGL Background Thread 3 ] DEBUG Engine               - class com.almasb.fxgl.ui.FXGLDialogFactoryServiceProvider
08:36:25.430 [FXGL Background Thread 3 ] DEBUG Engine               - class com.almasb.fxgl.audio.AudioPlayer
08:36:25.430 [FXGL Background Thread 3 ] DEBUG Engine               - class com.almasb.fxgl.notification.impl.NotificationServiceProvider
08:36:25.430 [FXGL Background Thread 3 ] DEBUG Engine               - class com.almasb.fxgl.achievement.AchievementService
08:36:25.430 [FXGL Background Thread 3 ] DEBUG Engine               - class com.almasb.fxgl.cutscene.CutsceneService
08:36:25.430 [FXGL Background Thread 3 ] DEBUG Engine               - class com.almasb.fxgl.minigames.MiniGameService
08:36:25.430 [FXGL Background Thread 3 ] DEBUG Engine               - class com.almasb.fxgl.net.NetService
08:36:25.430 [FXGL Background Thread 3 ] DEBUG Engine               - class com.almasb.fxgl.app.services.UpdaterService
08:36:25.430 [FXGL Background Thread 3 ] DEBUG Engine               - class com.almasb.fxgl.dev.DevService
08:36:33.079 [JavaFX Application Thread] DEBUG FXGLApplication      - Exiting FXGL
08:36:33.080 [JavaFX Application Thread] DEBUG LoopRunner           - Stopping loop
08:36:33.080 [JavaFX Application Thread] DEBUG SystemBundleService  - Saving FXGL system data
08:36:33.084 [JavaFX Application Thread] DEBUG FileSystemAccess     - Writing to: /Users/olive/Documents/GitHub/Project-Winter/system/fxgl.bundle
08:36:33.087 [JavaFX Application Thread] DEBUG Async                - Shutting down background threads
08:36:33.087 [JavaFX Application Thread] DEBUG PrimaryStageWindow   - Closing main window
08:36:33.101 [JavaFX Application Thread] DEBUG Logger               - Closing Logger
