09:30:59.686 [main                     ] DEBUG Logger               - Configured Logger
09:30:59.703 [main                     ] DEBUG GameApplication      - Logging settings
Title: Soot(sin)
Version: 0.0
Width: 800
Height: 360
Fullscreen: false
Intro: false
Profiling: false
Single step:false
App Mode: DEVELOPER
Menu Key: ESCAPE
Stage Style: DECORATED
Scene Factory: class com.almasb.fxgl.app.scene.SceneFactory

09:30:59.904 [JavaFX Application Thread] DEBUG FXGLApplication      - Initializing FXGL
09:30:59.907 [JavaFX Application Thread] INFO  Engine               - FXGL-17.2 (20.08.2022 16.50) on WINDOWS (J:18.0.1.1 FX:18.0.2)
09:30:59.908 [JavaFX Application Thread] DEBUG Engine               - JRE Vendor Name: Oracle Corporation
09:30:59.908 [JavaFX Application Thread] DEBUG Engine               - Running on OS: Windows 10 version 10.0
09:30:59.908 [JavaFX Application Thread] DEBUG Engine               - Architecture: amd64
09:30:59.908 [JavaFX Application Thread] INFO  Engine               - Source code and latest versions at: https://github.com/AlmasB/FXGL
09:30:59.908 [JavaFX Application Thread] INFO  Engine               -       Ask questions and discuss at: https://github.com/AlmasB/FXGL/discussions
09:30:59.908 [JavaFX Application Thread] INFO  Engine               -              Join the FXGL chat at: https://gitter.im/AlmasB/FXGL
09:30:59.964 [JavaFX Application Thread] DEBUG PrimaryStageWindow   - Creating a JavaFX scene
09:30:59.997 [JavaFX Application Thread] DEBUG PrimaryStageWindow   - Target settings size: 800.0 x 360.0
09:30:59.997 [JavaFX Application Thread] DEBUG PrimaryStageWindow   - Scaled scene size:    800.0 x 360.0
09:30:59.997 [JavaFX Application Thread] DEBUG PrimaryStageWindow   - Scaled ratio: (1.0, 1.0)
09:30:59.998 [JavaFX Application Thread] DEBUG PrimaryStageWindow   - Set initial scene to FXGLStartupScene
09:31:00.004 [JavaFX Application Thread] DEBUG PrimaryStageWindow   - Opening main window
09:31:00.060 [JavaFX Application Thread] DEBUG PrimaryStageWindow   - Window border size: (16.0, 39.0)
09:31:00.060 [JavaFX Application Thread] DEBUG PrimaryStageWindow   - Scaled size: 800.0 x 360.0
09:31:00.060 [JavaFX Application Thread] DEBUG PrimaryStageWindow   - Scaled ratio: (1.0, 1.0)
09:31:00.060 [JavaFX Application Thread] DEBUG PrimaryStageWindow   - Scene size: 800.0 x 360.0
09:31:00.061 [JavaFX Application Thread] DEBUG PrimaryStageWindow   - Stage size: 816.0 x 399.0
09:31:00.066 [FXGL Background Thread 1 ] DEBUG Engine               - Initializing environment variables
09:31:00.101 [FXGL Background Thread 1 ] DEBUG FXGLAssetLoaderServi - User app class for loading assets: class com.example.proj.SootApp
09:31:00.101 [FXGL Background Thread 1 ] DEBUG GameApplicationServi - Applying CSS: fxgl_dark.css
09:31:00.102 [FXGL Background Thread 1 ] DEBUG FXGLAssetLoaderServi - Loading from file system: jar:file:///C:/Users/2145488/.m2/repository/com/github/almasb/fxgl/17.2/fxgl-17.2.jar!/fxglassets/ui/css/fxgl_dark.css
09:31:00.135 [FXGL Background Thread 1 ] DEBUG GameApplicationServi - Initializing application scenes
09:31:00.161 [FXGL Background Thread 1 ] DEBUG GameWorld            - Game world initialized
09:31:00.196 [FXGL Background Thread 1 ] DEBUG PhysicsWorld         - Physics world initialized: appHeight=360, physics.ppm=50.0
09:31:00.196 [FXGL Background Thread 1 ] DEBUG PhysicsWorld         - Using strategy: BRUTE_FORCE
09:31:00.199 [FXGL Background Thread 1 ] DEBUG GameScene            - Game scene initialized: 800x360
09:31:00.207 [FXGL Background Thread 1 ] WARN  FXGL.DefaultMenu     - FXGLDefaultMenu is not designed for resolutions < 800x600
09:31:00.208 [FXGL Background Thread 1 ] DEBUG FXGL.DefaultMenu     - createMenuBodyGameMenu()
09:31:00.217 [FXGL Background Thread 1 ] DEBUG FXGL.DefaultMenu     - createOptionsMenu()
09:31:00.225 [FXGL Background Thread 1 ] DEBUG FXGLAssetLoaderServi - Loading from file system: jar:file:///C:/Users/2145488/.m2/repository/com/github/almasb/fxgl/17.2/fxgl-17.2.jar!/fxglassets/textures/particles/smoke.png
09:31:00.285 [FXGL Background Thread 1 ] DEBUG FXGLAssetLoaderServi - Loading from file system: jar:file:///C:/Users/2145488/.m2/repository/com/github/almasb/fxgl/17.2/fxgl-17.2.jar!/fxglassets/textures/particles/trace_horizontal.png
09:31:00.303 [FXGL Background Thread 1 ] DEBUG GameApplicationServi - Application scenes initialized
09:31:00.312 [FXGL Background Thread 1 ] DEBUG SystemBundleService  - Loading FXGL system data
09:31:00.315 [FXGL Background Thread 1 ] DEBUG FileSystemAccess     - Reading from: C:\Users\2145488\Documents\GitHub\Project-Winter\system\fxgl.bundle
09:31:00.320 [FXGL Background Thread 1 ] DEBUG SystemBundleService  - Bundle FXGL: {}
09:31:00.321 [FXGL Background Thread 1 ] DEBUG UpdaterService       - Checking for updates
09:31:00.323 [FXGL Background Thread 4 ] DEBUG FXGLApplication      - Loading fonts
09:31:00.323 [FXGL Background Thread 1 ] DEBUG FXGLApplication      - Loading default localization
09:31:00.323 [FXGL Background Thread 4 ] DEBUG FXGLAssetLoaderServi - Loading from file system: jar:file:///C:/Users/2145488/.m2/repository/com/github/almasb/fxgl/17.2/fxgl-17.2.jar!/fxglassets/ui/fonts/VarelaRound-Regular.ttf
09:31:00.324 [FXGL Background Thread 1 ] DEBUG FXGLAssetLoaderServi - Loading from file system: jar:file:///C:/Users/2145488/.m2/repository/com/github/almasb/fxgl/17.2/fxgl-17.2.jar!/fxglassets/languages/english.lang
09:31:00.334 [FXGL Background Thread 1 ] INFO  FXGLApplication      - FXGL initialization took: 0.268 sec
09:31:00.341 [JavaFX Application Thread] DEBUG Input                - Registered new binding: left - Left
09:31:00.342 [JavaFX Application Thread] DEBUG Input                - Registered new binding: right - Right
09:31:00.342 [JavaFX Application Thread] DEBUG Input                - Registered new binding: jump - Up
09:31:00.342 [JavaFX Application Thread] DEBUG FXGLAssetLoaderServi - Loading from file system: jar:file:///C:/Users/2145488/.m2/repository/com/github/almasb/fxgl/17.2/fxgl-17.2.jar!/fxglassets/textures/fxgl_icon.png
09:31:00.360 [JavaFX Application Thread] DEBUG FXGLAssetLoaderServi - Loading from file system: jar:file:///C:/Users/2145488/.m2/repository/com/github/almasb/fxgl/17.2/fxgl-17.2.jar!/fxglassets/textures/fxgl_default_cursor.png
09:31:00.361 [FXGL Background Thread 4 ] DEBUG FXGLAssetLoaderServi - Loading from file system: jar:file:///C:/Users/2145488/.m2/repository/com/github/almasb/fxgl/17.2/fxgl-17.2.jar!/fxglassets/ui/fonts/Abel-Regular.ttf
09:31:00.362 [JavaFX Application Thread] DEBUG Input                - Registered new binding: Screenshot - CTRL+8
09:31:00.363 [JavaFX Application Thread] DEBUG Input                - Registered new binding: System info dump - CTRL+9
09:31:00.363 [JavaFX Application Thread] DEBUG Input                - Registered new binding: Restart - CTRL+R
09:31:00.363 [JavaFX Application Thread] DEBUG Input                - Registered new binding: Toggle Debug Camera - CTRL+7
09:31:00.364 [FXGL Background Thread 4 ] DEBUG FXGLAssetLoaderServi - Loading from file system: jar:file:///C:/Users/2145488/.m2/repository/com/github/almasb/fxgl/17.2/fxgl-17.2.jar!/fxglassets/ui/fonts/TerminalLandMono-Regular.otf
09:31:00.365 [JavaFX Application Thread] DEBUG LoopRunner           - Starting loop
09:31:00.365 [JavaFX Application Thread] DEBUG LoopRunner           - Initializing JavaFX AnimationTimerLoop
09:31:00.366 [JavaFX Application Thread] DEBUG GameApplicationServi - Starting new game
09:31:00.367 [JavaFX Application Thread] DEBUG Input                - Clearing active input actions
09:31:00.367 [FXGL Background Thread 4 ] DEBUG FXGLAssetLoaderServi - Loading from file system: jar:file:///C:/Users/2145488/.m2/repository/com/github/almasb/fxgl/17.2/fxgl-17.2.jar!/fxglassets/ui/fonts/Courier-Prime.ttf
09:31:00.378 [JavaFX Application Thread] DEBUG GameApplicationServi - Removing overlay from FXGLStartupScene and adding to FXGLLoadingScene
09:31:00.379 [JavaFX Application Thread] DEBUG PrimaryStageWindow   - FXGLStartupScene -> FXGLLoadingScene
09:31:00.379 [JavaFX Application Thread] DEBUG GameApplicationServi - Clearing previous game
09:31:00.379 [JavaFX Application Thread] DEBUG GameScene            - Clearing game scene
09:31:00.379 [JavaFX Application Thread] DEBUG GameWorld            - Clearing game world
09:31:00.379 [JavaFX Application Thread] DEBUG PhysicsWorld         - Clearing physics world
09:31:00.381 [JavaFX Application Thread] DEBUG FXGLApplication      - Registering font factories with UI factory
09:31:00.381 [FXGL Background Thread 4 ] DEBUG FXGLApplication      - Initializing game
09:31:00.435 [FXGL Background Thread 4 ] DEBUG TMXLevelLoader       - Parsed TiledMap: file:/C:/Users/2145488/Documents/GitHub/Project-Winter/proj/target/classes/assets/levels/tmx/Plat1.9.0.tmx
09:31:00.436 [FXGL Background Thread 4 ] DEBUG TMXLevelLoader       - Creating tile layer entities
09:31:00.437 [FXGL Background Thread 4 ] DEBUG TilesetLoader        - Loading view for layer Tile Layer 1
09:31:00.437 [FXGL Background Thread 4 ] DEBUG TilesetLoader        - Created buffer with size 810.0x360.0
09:31:00.443 [FXGL Background Thread 4 ] DEBUG TMXLevelLoader       - Creating object layer entities
09:31:00.468 [FXGL Background Thread 4 ] DEBUG GameWorld            - Clearing removable entities
09:31:00.469 [FXGL Background Thread 4 ] DEBUG GameWorld            - Setting level: com.almasb.fxgl.entity.level.Level@3b2754e
09:31:00.474 [FXGL Background Thread 4 ] DEBUG FXGLAssetLoaderServi - Loading from file system: file:/C:/Users/2145488/Documents/GitHub/Project-Winter/proj/target/classes/assets/textures/finalSOOT.gif
09:31:00.477 [FXGL Background Thread 4 ] WARN  Entity               - Entity already has component: com.example.proj.component.PlayerControl
09:31:00.479 [FXGL Background Thread 4 ] DEBUG FXGLAssetLoaderServi - Loading from file system: file:/C:/Users/2145488/Documents/GitHub/Project-Winter/proj/target/classes/assets/textures/heart.png
09:31:00.480 [FXGL Background Thread 4 ] INFO  FXGLApplication      - Game initialization took: 0.099 sec
09:31:00.481 [JavaFX Application Thread] DEBUG Input                - Clearing active input actions
09:31:00.489 [JavaFX Application Thread] DEBUG GameApplicationServi - Removing overlay from FXGLLoadingScene and adding to GameScene
09:31:00.490 [JavaFX Application Thread] DEBUG PrimaryStageWindow   - FXGLLoadingScene -> GameScene
09:31:00.590 [FXGL Background Thread 2 ] INFO  UpdaterService       - Your current version:  17.2
09:31:00.590 [FXGL Background Thread 2 ] INFO  UpdaterService       - Latest stable version: 21.1
09:31:03.323 [FXGL Background Thread 3 ] DEBUG Engine               - Logging environment variables
09:31:03.324 [FXGL Background Thread 3 ] DEBUG Engine               - achievements: []
09:31:03.325 [FXGL Background Thread 3 ] DEBUG Engine               - actualHeight: 360.0
09:31:03.325 [FXGL Background Thread 3 ] DEBUG Engine               - actualHeightProperty: ReadOnlyDoubleProperty [value: 360.0]
09:31:03.325 [FXGL Background Thread 3 ] DEBUG Engine               - actualWidth: 800.0
09:31:03.325 [FXGL Background Thread 3 ] DEBUG Engine               - actualWidthProperty: ReadOnlyDoubleProperty [value: 800.0]
09:31:03.326 [FXGL Background Thread 3 ] DEBUG Engine               - appIcon: fxgl_icon.png
09:31:03.326 [FXGL Background Thread 3 ] DEBUG Engine               - applicationMode: DEVELOPER
09:31:03.326 [FXGL Background Thread 3 ] DEBUG Engine               - cSSList: [fxgl_dark.css]
09:31:03.326 [FXGL Background Thread 3 ] DEBUG Engine               - collisionDetectionStrategy: BRUTE_FORCE
09:31:03.326 [FXGL Background Thread 3 ] DEBUG Engine               - configClass: Optional.empty
09:31:03.327 [FXGL Background Thread 3 ] DEBUG Engine               - credits: []
09:31:03.327 [FXGL Background Thread 3 ] DEBUG Engine               - defaultCursor: CursorInfo(imageName=fxgl_default_cursor.png, hotspotX=7.0, hotspotY=6.0)
09:31:03.328 [FXGL Background Thread 3 ] DEBUG Engine               - devBBoxColorProperty: ObjectProperty [value: 0xff0000ff]
09:31:03.328 [FXGL Background Thread 3 ] DEBUG Engine               - devEnableDebugCameraProperty: BooleanProperty [value: false]
09:31:03.328 [FXGL Background Thread 3 ] DEBUG Engine               - devSensorColorProperty: ObjectProperty [value: 0xffff00ff]
09:31:03.328 [FXGL Background Thread 3 ] DEBUG Engine               - devShowBBoxProperty: BooleanProperty [value: false]
09:31:03.328 [FXGL Background Thread 3 ] DEBUG Engine               - devShowPositionProperty: BooleanProperty [value: false]
09:31:03.328 [FXGL Background Thread 3 ] DEBUG Engine               - enabledMenuItems: []
09:31:03.328 [FXGL Background Thread 3 ] DEBUG Engine               - engineServices: [class com.almasb.fxgl.app.services.FXGLAssetLoaderService, class com.almasb.fxgl.app.FXGLApplication$GameApplicationService, class com.almasb.fxgl.app.services.FXGLDialogService, class com.almasb.fxgl.app.services.IOTaskExecutorService, class com.almasb.fxgl.io.FileSystemService, class com.almasb.fxgl.localization.LocalizationService, class com.almasb.fxgl.app.services.SystemBundleService, class com.almasb.fxgl.profile.SaveLoadService, class com.almasb.fxgl.ui.FXGLUIFactoryServiceProvider, class com.almasb.fxgl.ui.FXGLDialogFactoryServiceProvider, class com.almasb.fxgl.audio.AudioPlayer, class com.almasb.fxgl.notification.impl.NotificationServiceProvider, class com.almasb.fxgl.achievement.AchievementService, class com.almasb.fxgl.cutscene.CutsceneService, class com.almasb.fxgl.minigames.MiniGameService, class com.almasb.fxgl.net.NetService, class com.almasb.fxgl.app.services.UpdaterService, class com.almasb.fxgl.dev.DevService]
09:31:03.328 [FXGL Background Thread 3 ] DEBUG Engine               - fontGame: Abel-Regular.ttf
09:31:03.328 [FXGL Background Thread 3 ] DEBUG Engine               - fontMono: TerminalLandMono-Regular.otf
09:31:03.328 [FXGL Background Thread 3 ] DEBUG Engine               - fontText: Courier-Prime.ttf
09:31:03.328 [FXGL Background Thread 3 ] DEBUG Engine               - fontUI: VarelaRound-Regular.ttf
09:31:03.328 [FXGL Background Thread 3 ] DEBUG Engine               - fullScreen: BooleanProperty [value: false]
09:31:03.328 [FXGL Background Thread 3 ] DEBUG Engine               - gameDifficulty: MEDIUM
09:31:03.328 [FXGL Background Thread 3 ] DEBUG Engine               - gameDifficultyProperty: ObjectProperty [value: MEDIUM]
09:31:03.328 [FXGL Background Thread 3 ] DEBUG Engine               - globalMusicVolume: 0.5
09:31:03.328 [FXGL Background Thread 3 ] DEBUG Engine               - globalMusicVolumeProperty: DoubleProperty [value: 0.5]
09:31:03.328 [FXGL Background Thread 3 ] DEBUG Engine               - globalSoundVolume: 0.5
09:31:03.328 [FXGL Background Thread 3 ] DEBUG Engine               - globalSoundVolumeProperty: DoubleProperty [value: 0.5]
09:31:03.328 [FXGL Background Thread 3 ] DEBUG Engine               - height: 360
09:31:03.328 [FXGL Background Thread 3 ] DEBUG Engine               - is3D: false
09:31:03.328 [FXGL Background Thread 3 ] DEBUG Engine               - isAndroid: false
09:31:03.328 [FXGL Background Thread 3 ] DEBUG Engine               - isBrowser: false
09:31:03.329 [FXGL Background Thread 3 ] DEBUG Engine               - isClickFeedbackEnabled: false
09:31:03.329 [FXGL Background Thread 3 ] DEBUG Engine               - isCloseConfirmation: false
09:31:03.329 [FXGL Background Thread 3 ] DEBUG Engine               - isDesktop: true
09:31:03.329 [FXGL Background Thread 3 ] DEBUG Engine               - isDeveloperMenuEnabled: false
09:31:03.329 [FXGL Background Thread 3 ] DEBUG Engine               - isEmbedded: false
09:31:03.329 [FXGL Background Thread 3 ] DEBUG Engine               - isEntityPreloadEnabled: true
09:31:03.329 [FXGL Background Thread 3 ] DEBUG Engine               - isExperimentalTiledLargeMap: false
09:31:03.329 [FXGL Background Thread 3 ] DEBUG Engine               - isFileSystemWriteAllowed: true
09:31:03.329 [FXGL Background Thread 3 ] DEBUG Engine               - isFullScreenAllowed: false
09:31:03.329 [FXGL Background Thread 3 ] DEBUG Engine               - isFullScreenFromStart: false
09:31:03.329 [FXGL Background Thread 3 ] DEBUG Engine               - isGameMenuEnabled: true
09:31:03.329 [FXGL Background Thread 3 ] DEBUG Engine               - isIOS: false
09:31:03.329 [FXGL Background Thread 3 ] DEBUG Engine               - isIntroEnabled: false
09:31:03.329 [FXGL Background Thread 3 ] DEBUG Engine               - isLinux: false
09:31:03.329 [FXGL Background Thread 3 ] DEBUG Engine               - isMac: false
09:31:03.329 [FXGL Background Thread 3 ] DEBUG Engine               - isMainMenuEnabled: false
09:31:03.329 [FXGL Background Thread 3 ] DEBUG Engine               - isManualResizeEnabled: false
09:31:03.329 [FXGL Background Thread 3 ] DEBUG Engine               - isMobile: false
09:31:03.329 [FXGL Background Thread 3 ] DEBUG Engine               - isNative: false
09:31:03.329 [FXGL Background Thread 3 ] DEBUG Engine               - isPauseMusicWhenMinimized: true
09:31:03.329 [FXGL Background Thread 3 ] DEBUG Engine               - isPreserveResizeRatio: false
09:31:03.329 [FXGL Background Thread 3 ] DEBUG Engine               - isProfilingEnabled: false
09:31:03.329 [FXGL Background Thread 3 ] DEBUG Engine               - isScaleAffectedOnResize: true
09:31:03.329 [FXGL Background Thread 3 ] DEBUG Engine               - isSingleStep: false
09:31:03.329 [FXGL Background Thread 3 ] DEBUG Engine               - isUserProfileEnabled: false
09:31:03.329 [FXGL Background Thread 3 ] DEBUG Engine               - isWindows: true
09:31:03.329 [FXGL Background Thread 3 ] DEBUG Engine               - language: ObjectProperty [value: ENGLISH]
09:31:03.329 [FXGL Background Thread 3 ] DEBUG Engine               - menuKey: ESCAPE
09:31:03.329 [FXGL Background Thread 3 ] DEBUG Engine               - mouseSensitivity: 0.2
09:31:03.329 [FXGL Background Thread 3 ] DEBUG Engine               - notificationViewClass: class com.almasb.fxgl.notification.view.XboxNotificationView
09:31:03.329 [FXGL Background Thread 3 ] DEBUG Engine               - pixelsPerMeter: 50.0
09:31:03.329 [FXGL Background Thread 3 ] DEBUG Engine               - platform: WINDOWS
09:31:03.329 [FXGL Background Thread 3 ] DEBUG Engine               - prefHeightProperty: ReadOnlyDoubleProperty [value: 360.0]
09:31:03.329 [FXGL Background Thread 3 ] DEBUG Engine               - prefWidthProperty: ReadOnlyDoubleProperty [value: 800.0]
09:31:03.329 [FXGL Background Thread 3 ] DEBUG Engine               - profileDir: profiles/
09:31:03.329 [FXGL Background Thread 3 ] DEBUG Engine               - profileName: StringProperty [value: DEFAULT]
09:31:03.330 [FXGL Background Thread 3 ] DEBUG Engine               - randomSeed: -1
09:31:03.330 [FXGL Background Thread 3 ] DEBUG Engine               - runtimeInfo: RuntimeInfo(platform=WINDOWS, version=17.2, build=20.08.2022 16.50)
09:31:03.330 [FXGL Background Thread 3 ] DEBUG Engine               - saveFileExt: sav
09:31:03.330 [FXGL Background Thread 3 ] DEBUG Engine               - scaledHeightProp$fxgl: DoubleProperty [bound, value: 360.0]
09:31:03.330 [FXGL Background Thread 3 ] DEBUG Engine               - scaledWidthProp$fxgl: DoubleProperty [bound, value: 800.0]
09:31:03.330 [FXGL Background Thread 3 ] DEBUG Engine               - sceneFactory: com.almasb.fxgl.app.scene.SceneFactory@30ee387f
09:31:03.330 [FXGL Background Thread 3 ] DEBUG Engine               - secondsIn24h: 60
09:31:03.330 [FXGL Background Thread 3 ] DEBUG Engine               - soundMenuBack: menu/back.wav
09:31:03.330 [FXGL Background Thread 3 ] DEBUG Engine               - soundMenuPress: menu/press.wav
09:31:03.330 [FXGL Background Thread 3 ] DEBUG Engine               - soundMenuSelect: menu/select.wav
09:31:03.330 [FXGL Background Thread 3 ] DEBUG Engine               - soundNotification: core/notification.wav
09:31:03.330 [FXGL Background Thread 3 ] DEBUG Engine               - stageStyle: DECORATED
09:31:03.330 [FXGL Background Thread 3 ] DEBUG Engine               - supportedLanguages: [ENGLISH, FRENCH, GERMAN, HUNGARIAN, RUSSIAN]
09:31:03.330 [FXGL Background Thread 3 ] DEBUG Engine               - ticksPerSecond: -1
09:31:03.330 [FXGL Background Thread 3 ] DEBUG Engine               - title: Soot(sin)
09:31:03.330 [FXGL Background Thread 3 ] DEBUG Engine               - urlGithub: https://github.com/AlmasB/FXGL
09:31:03.330 [FXGL Background Thread 3 ] DEBUG Engine               - urlLeaderboard: http://fxgl-top.herokuapp.com/
09:31:03.330 [FXGL Background Thread 3 ] DEBUG Engine               - urlPOM: https://raw.githubusercontent.com/AlmasB/FXGL/release/README.md
09:31:03.330 [FXGL Background Thread 3 ] DEBUG Engine               - userAppClass: class com.example.proj.SootApp
09:31:03.330 [FXGL Background Thread 3 ] DEBUG Engine               - version: 0.0
09:31:03.330 [FXGL Background Thread 3 ] DEBUG Engine               - versionCheckDays: 7
09:31:03.330 [FXGL Background Thread 3 ] DEBUG Engine               - width: 800
09:31:03.331 [FXGL Background Thread 3 ] DEBUG Engine               - Logging services
09:31:03.331 [FXGL Background Thread 3 ] DEBUG Engine               - class com.almasb.fxgl.app.services.FXGLAssetLoaderService
09:31:03.331 [FXGL Background Thread 3 ] DEBUG Engine               - class com.almasb.fxgl.app.FXGLApplication$GameApplicationService
09:31:03.331 [FXGL Background Thread 3 ] DEBUG Engine               - class com.almasb.fxgl.app.services.FXGLDialogService
09:31:03.331 [FXGL Background Thread 3 ] DEBUG Engine               - class com.almasb.fxgl.app.services.IOTaskExecutorService
09:31:03.331 [FXGL Background Thread 3 ] DEBUG Engine               - class com.almasb.fxgl.io.FileSystemService
09:31:03.331 [FXGL Background Thread 3 ] DEBUG Engine               - class com.almasb.fxgl.localization.LocalizationService
09:31:03.331 [FXGL Background Thread 3 ] DEBUG Engine               - class com.almasb.fxgl.app.services.SystemBundleService
09:31:03.331 [FXGL Background Thread 3 ] DEBUG Engine               - class com.almasb.fxgl.profile.SaveLoadService
09:31:03.331 [FXGL Background Thread 3 ] DEBUG Engine               - class com.almasb.fxgl.ui.FXGLUIFactoryServiceProvider
09:31:03.331 [FXGL Background Thread 3 ] DEBUG Engine               - class com.almasb.fxgl.ui.FXGLDialogFactoryServiceProvider
09:31:03.331 [FXGL Background Thread 3 ] DEBUG Engine               - class com.almasb.fxgl.audio.AudioPlayer
09:31:03.331 [FXGL Background Thread 3 ] DEBUG Engine               - class com.almasb.fxgl.notification.impl.NotificationServiceProvider
09:31:03.331 [FXGL Background Thread 3 ] DEBUG Engine               - class com.almasb.fxgl.achievement.AchievementService
09:31:03.331 [FXGL Background Thread 3 ] DEBUG Engine               - class com.almasb.fxgl.cutscene.CutsceneService
09:31:03.331 [FXGL Background Thread 3 ] DEBUG Engine               - class com.almasb.fxgl.minigames.MiniGameService
09:31:03.331 [FXGL Background Thread 3 ] DEBUG Engine               - class com.almasb.fxgl.net.NetService
09:31:03.331 [FXGL Background Thread 3 ] DEBUG Engine               - class com.almasb.fxgl.app.services.UpdaterService
09:31:03.331 [FXGL Background Thread 3 ] DEBUG Engine               - class com.almasb.fxgl.dev.DevService
09:31:16.277 [JavaFX Application Thread] DEBUG LoopRunner           - Stopping loop
09:31:16.278 [JavaFX Application Thread] FATAL FXGLApplication      - Uncaught Exception:
java.lang.NullPointerException: Cannot invoke "javafx.scene.control.Label.setText(String)" because "this.derivativeLbl" is null
	at com.example.proj.main/com.example.proj.controllers.QuestionController.<init>(QuestionController.java:15)
	at com.example.proj.main/com.example.proj.Question.derivative(Question.java:71)
	at com.example.proj.main/com.example.proj.SootApp.popUp(SootApp.java:278)
	at com.example.proj.main/com.example.proj.SootApp$6.onCollisionBegin(SootApp.java:197)
	at com.almasb.fxgl.entity@17.2/com.almasb.fxgl.physics.CollisionPair.collisionBegin(CollisionPair.java:37)
	at com.almasb.fxgl.entity@17.2/com.almasb.fxgl.physics.PhysicsWorld.collisionBeginFor(PhysicsWorld.java:453)
	at com.almasb.fxgl.entity@17.2/com.almasb.fxgl.physics.PhysicsWorld.beginContact(PhysicsWorld.java:235)
	at com.almasb.fxgl.entity@17.2/com.almasb.fxgl.physics.box2d.dynamics.contacts.Contact.update(Contact.java:269)
	at com.almasb.fxgl.entity@17.2/com.almasb.fxgl.physics.box2d.dynamics.World.solveTOI(World.java:592)
	at com.almasb.fxgl.entity@17.2/com.almasb.fxgl.physics.box2d.dynamics.World.step(World.java:284)
	at com.almasb.fxgl.entity@17.2/com.almasb.fxgl.physics.PhysicsWorld.onUpdate(PhysicsWorld.java:176)
	at com.almasb.fxgl.all@17.2/com.almasb.fxgl.app.scene.GameScene.step(GameScene.kt:229)
	at com.almasb.fxgl.all@17.2/com.almasb.fxgl.app.scene.GameScene.onUpdate(GameScene.kt:224)
	at com.almasb.fxgl.scene@17.2/com.almasb.fxgl.scene.Scene.update(Scene.kt:105)
	at com.almasb.fxgl.all@17.2/com.almasb.fxgl.app.MainWindow$update$1.invoke(MainWindow.kt:115)
	at com.almasb.fxgl.all@17.2/com.almasb.fxgl.app.MainWindow$update$1.invoke(MainWindow.kt:115)
	at com.almasb.fxgl.core@17.2/com.almasb.fxgl.core.fsm.StateMachine.runOnActiveStates(StateMachine.kt:69)
	at com.almasb.fxgl.all@17.2/com.almasb.fxgl.app.MainWindow.update(MainWindow.kt:115)
	at com.almasb.fxgl.all@17.2/com.almasb.fxgl.app.FXGLApplication$GameApplicationService.onUpdate(FXGLApplication.kt:426)
	at com.almasb.fxgl.all@17.2/com.almasb.fxgl.app.Engine.loop(Engine.kt:134)
	at com.almasb.fxgl.all@17.2/com.almasb.fxgl.app.Engine.access$loop(Engine.kt:24)
	at com.almasb.fxgl.all@17.2/com.almasb.fxgl.app.Engine$loop$1.invoke(Engine.kt:28)
	at com.almasb.fxgl.all@17.2/com.almasb.fxgl.app.Engine$loop$1.invoke(Engine.kt:28)
	at com.almasb.fxgl.all@17.2/com.almasb.fxgl.app.LoopRunner.frame(LoopRunner.kt:103)
	at com.almasb.fxgl.all@17.2/com.almasb.fxgl.app.LoopRunner.access$frame(LoopRunner.kt:23)
	at com.almasb.fxgl.all@17.2/com.almasb.fxgl.app.LoopRunner$impl$2$1.onTick(LoopRunner.kt:57)
	at com.almasb.fxgl.all@17.2/com.almasb.fxgl.app.AnimationTimerLoop$timer$1.handle(LoopRunner.kt:137)
	at javafx.graphics@18.0.2/javafx.animation.AnimationTimer$AnimationTimerReceiver.lambda$handle$0(AnimationTimer.java:58)
	at java.base/java.security.AccessController.doPrivileged(AccessController.java:399)
	at javafx.graphics@18.0.2/javafx.animation.AnimationTimer$AnimationTimerReceiver.handle(AnimationTimer.java:57)
	at javafx.graphics@18.0.2/com.sun.scenario.animation.AbstractPrimaryTimer.timePulseImpl(AbstractPrimaryTimer.java:356)
	at javafx.graphics@18.0.2/com.sun.scenario.animation.AbstractPrimaryTimer$MainLoop.run(AbstractPrimaryTimer.java:266)
	at javafx.graphics@18.0.2/com.sun.javafx.tk.quantum.QuantumToolkit.pulse(QuantumToolkit.java:571)
	at javafx.graphics@18.0.2/com.sun.javafx.tk.quantum.QuantumToolkit.pulse(QuantumToolkit.java:555)
	at javafx.graphics@18.0.2/com.sun.javafx.tk.quantum.QuantumToolkit.pulseFromQueue(QuantumToolkit.java:548)
	at javafx.graphics@18.0.2/com.sun.javafx.tk.quantum.QuantumToolkit.lambda$runToolkit$11(QuantumToolkit.java:352)
	at javafx.graphics@18.0.2/com.sun.glass.ui.InvokeLaterDispatcher$Future.run(InvokeLaterDispatcher.java:96)
	at javafx.graphics@18.0.2/com.sun.glass.ui.win.WinApplication._runLoop(Native Method)
	at javafx.graphics@18.0.2/com.sun.glass.ui.win.WinApplication.lambda$runLoop$3(WinApplication.java:184)
	at java.base/java.lang.Thread.run(Thread.java:833)

09:31:16.279 [JavaFX Application Thread] FATAL FXGLApplication      - Application will now exit
09:31:16.290 [JavaFX Application Thread] DEBUG PrimaryStageWindow   - Push state: ErrorSubScene
09:31:16.290 [JavaFX Application Thread] DEBUG Input                - Clearing active input actions
09:31:16.293 [JavaFX Application Thread] DEBUG GameApplicationServi - Removing overlay from GameScene and adding to ErrorSubScene
09:31:16.293 [JavaFX Application Thread] DEBUG PrimaryStageWindow   - GameScene -> ErrorSubScene
09:31:23.018 [JavaFX Application Thread] DEBUG FXGLApplication      - Exiting FXGL
09:31:23.018 [JavaFX Application Thread] DEBUG Async                - Shutting down background threads
09:31:23.019 [JavaFX Application Thread] DEBUG PrimaryStageWindow   - Closing main window
09:31:23.025 [JavaFX Application Thread] DEBUG Logger               - Closing Logger
