09:05:05.873 [main                     ] DEBUG Logger               - Configured Logger
09:05:05.898 [main                     ] DEBUG GameApplication      - Logging settings
Title: Soot(sin)
Version: 0.0
Width: 800
Height: 360
Fullscreen: false
Intro: false
Profiling: false
Single step:false
App Mode: DEVELOPER
Menu Key: ESCAPE
Stage Style: DECORATED
Scene Factory: class com.almasb.fxgl.app.scene.SceneFactory

09:05:06.096 [JavaFX Application Thread] DEBUG FXGLApplication      - Initializing FXGL
09:05:06.100 [JavaFX Application Thread] INFO  Engine               - FXGL-17.2 (20.08.2022 16.50) on WINDOWS (J:18.0.1.1 FX:18.0.2)
09:05:06.101 [JavaFX Application Thread] DEBUG Engine               - JRE Vendor Name: Oracle Corporation
09:05:06.101 [JavaFX Application Thread] DEBUG Engine               - Running on OS: Windows 10 version 10.0
09:05:06.101 [JavaFX Application Thread] DEBUG Engine               - Architecture: amd64
09:05:06.101 [JavaFX Application Thread] INFO  Engine               - Source code and latest versions at: https://github.com/AlmasB/FXGL
09:05:06.101 [JavaFX Application Thread] INFO  Engine               -       Ask questions and discuss at: https://github.com/AlmasB/FXGL/discussions
09:05:06.101 [JavaFX Application Thread] INFO  Engine               -              Join the FXGL chat at: https://gitter.im/AlmasB/FXGL
09:05:06.161 [JavaFX Application Thread] DEBUG PrimaryStageWindow   - Creating a JavaFX scene
09:05:06.192 [JavaFX Application Thread] DEBUG PrimaryStageWindow   - Target settings size: 800.0 x 360.0
09:05:06.192 [JavaFX Application Thread] DEBUG PrimaryStageWindow   - Scaled scene size:    800.0 x 360.0
09:05:06.192 [JavaFX Application Thread] DEBUG PrimaryStageWindow   - Scaled ratio: (1.0, 1.0)
09:05:06.193 [JavaFX Application Thread] DEBUG PrimaryStageWindow   - Set initial scene to FXGLStartupScene
09:05:06.199 [JavaFX Application Thread] DEBUG PrimaryStageWindow   - Opening main window
09:05:06.249 [JavaFX Application Thread] DEBUG PrimaryStageWindow   - Window border size: (16.0, 39.0)
09:05:06.249 [JavaFX Application Thread] DEBUG PrimaryStageWindow   - Scaled size: 800.0 x 360.0
09:05:06.249 [JavaFX Application Thread] DEBUG PrimaryStageWindow   - Scaled ratio: (1.0, 1.0)
09:05:06.249 [JavaFX Application Thread] DEBUG PrimaryStageWindow   - Scene size: 800.0 x 360.0
09:05:06.249 [JavaFX Application Thread] DEBUG PrimaryStageWindow   - Stage size: 816.0 x 399.0
09:05:06.254 [FXGL Background Thread 1 ] DEBUG Engine               - Initializing environment variables
09:05:06.289 [FXGL Background Thread 1 ] DEBUG FXGLAssetLoaderServi - User app class for loading assets: class com.example.proj.SootApp
09:05:06.289 [FXGL Background Thread 1 ] DEBUG GameApplicationServi - Applying CSS: fxgl_dark.css
09:05:06.290 [FXGL Background Thread 1 ] DEBUG FXGLAssetLoaderServi - Loading from file system: jar:file:///C:/Users/2268518/.m2/repository/com/github/almasb/fxgl/17.2/fxgl-17.2.jar!/fxglassets/ui/css/fxgl_dark.css
09:05:06.327 [FXGL Background Thread 1 ] DEBUG GameApplicationServi - Initializing application scenes
09:05:06.361 [FXGL Background Thread 1 ] DEBUG GameWorld            - Game world initialized
09:05:06.398 [FXGL Background Thread 1 ] DEBUG PhysicsWorld         - Physics world initialized: appHeight=360, physics.ppm=50.0
09:05:06.399 [FXGL Background Thread 1 ] DEBUG PhysicsWorld         - Using strategy: BRUTE_FORCE
09:05:06.402 [FXGL Background Thread 1 ] DEBUG GameScene            - Game scene initialized: 800x360
09:05:06.413 [FXGL Background Thread 1 ] WARN  FXGL.DefaultMenu     - FXGLDefaultMenu is not designed for resolutions < 800x600
09:05:06.413 [FXGL Background Thread 1 ] DEBUG FXGL.DefaultMenu     - createMenuBodyGameMenu()
09:05:06.423 [FXGL Background Thread 1 ] DEBUG FXGL.DefaultMenu     - createOptionsMenu()
09:05:06.430 [FXGL Background Thread 1 ] DEBUG FXGLAssetLoaderServi - Loading from file system: jar:file:///C:/Users/2268518/.m2/repository/com/github/almasb/fxgl/17.2/fxgl-17.2.jar!/fxglassets/textures/particles/smoke.png
09:05:06.492 [FXGL Background Thread 1 ] DEBUG FXGLAssetLoaderServi - Loading from file system: jar:file:///C:/Users/2268518/.m2/repository/com/github/almasb/fxgl/17.2/fxgl-17.2.jar!/fxglassets/textures/particles/trace_horizontal.png
09:05:06.511 [FXGL Background Thread 1 ] DEBUG GameApplicationServi - Application scenes initialized
09:05:06.519 [FXGL Background Thread 1 ] DEBUG SystemBundleService  - Loading FXGL system data
09:05:06.521 [FXGL Background Thread 1 ] DEBUG FileSystemAccess     - Reading from: C:\Users\2268518\Documents\GitHub\Project-Winter\system\fxgl.bundle
09:05:06.527 [FXGL Background Thread 1 ] DEBUG SystemBundleService  - Bundle FXGL: {}
09:05:06.527 [FXGL Background Thread 1 ] DEBUG UpdaterService       - Checking for updates
09:05:06.530 [FXGL Background Thread 4 ] DEBUG FXGLApplication      - Loading fonts
09:05:06.530 [FXGL Background Thread 1 ] DEBUG FXGLApplication      - Loading default localization
09:05:06.531 [FXGL Background Thread 4 ] DEBUG FXGLAssetLoaderServi - Loading from file system: jar:file:///C:/Users/2268518/.m2/repository/com/github/almasb/fxgl/17.2/fxgl-17.2.jar!/fxglassets/ui/fonts/VarelaRound-Regular.ttf
09:05:06.531 [FXGL Background Thread 1 ] DEBUG FXGLAssetLoaderServi - Loading from file system: jar:file:///C:/Users/2268518/.m2/repository/com/github/almasb/fxgl/17.2/fxgl-17.2.jar!/fxglassets/languages/english.lang
09:05:06.543 [FXGL Background Thread 1 ] INFO  FXGLApplication      - FXGL initialization took: 0.289 sec
09:05:06.554 [JavaFX Application Thread] DEBUG Input                - Registered new binding: left - Left
09:05:06.555 [JavaFX Application Thread] DEBUG Input                - Registered new binding: right - Right
09:05:06.555 [JavaFX Application Thread] DEBUG Input                - Registered new binding: jump - Up
09:05:06.558 [JavaFX Application Thread] DEBUG Input                - Registered new binding: Coordinates - RMB
09:05:06.558 [JavaFX Application Thread] DEBUG FXGLAssetLoaderServi - Loading from file system: jar:file:///C:/Users/2268518/.m2/repository/com/github/almasb/fxgl/17.2/fxgl-17.2.jar!/fxglassets/textures/fxgl_icon.png
09:05:06.568 [FXGL Background Thread 4 ] DEBUG FXGLAssetLoaderServi - Loading from file system: jar:file:///C:/Users/2268518/.m2/repository/com/github/almasb/fxgl/17.2/fxgl-17.2.jar!/fxglassets/ui/fonts/Abel-Regular.ttf
09:05:06.570 [FXGL Background Thread 4 ] DEBUG FXGLAssetLoaderServi - Loading from file system: jar:file:///C:/Users/2268518/.m2/repository/com/github/almasb/fxgl/17.2/fxgl-17.2.jar!/fxglassets/ui/fonts/TerminalLandMono-Regular.otf
09:05:06.573 [FXGL Background Thread 4 ] DEBUG FXGLAssetLoaderServi - Loading from file system: jar:file:///C:/Users/2268518/.m2/repository/com/github/almasb/fxgl/17.2/fxgl-17.2.jar!/fxglassets/ui/fonts/Courier-Prime.ttf
09:05:06.573 [JavaFX Application Thread] DEBUG FXGLAssetLoaderServi - Loading from file system: jar:file:///C:/Users/2268518/.m2/repository/com/github/almasb/fxgl/17.2/fxgl-17.2.jar!/fxglassets/textures/fxgl_default_cursor.png
09:05:06.574 [JavaFX Application Thread] DEBUG Input                - Registered new binding: Screenshot - CTRL+8
09:05:06.574 [JavaFX Application Thread] DEBUG Input                - Registered new binding: System info dump - CTRL+9
09:05:06.575 [JavaFX Application Thread] DEBUG Input                - Registered new binding: Restart - CTRL+R
09:05:06.575 [JavaFX Application Thread] DEBUG Input                - Registered new binding: Toggle Debug Camera - CTRL+7
09:05:06.577 [JavaFX Application Thread] DEBUG LoopRunner           - Starting loop
09:05:06.577 [JavaFX Application Thread] DEBUG LoopRunner           - Initializing JavaFX AnimationTimerLoop
09:05:06.578 [JavaFX Application Thread] DEBUG GameApplicationServi - Starting new game
09:05:06.578 [JavaFX Application Thread] DEBUG Input                - Clearing active input actions
09:05:06.587 [JavaFX Application Thread] DEBUG GameApplicationServi - Removing overlay from FXGLStartupScene and adding to FXGLLoadingScene
09:05:06.587 [JavaFX Application Thread] DEBUG PrimaryStageWindow   - FXGLStartupScene -> FXGLLoadingScene
09:05:06.587 [JavaFX Application Thread] DEBUG GameApplicationServi - Clearing previous game
09:05:06.587 [JavaFX Application Thread] DEBUG GameScene            - Clearing game scene
09:05:06.588 [JavaFX Application Thread] DEBUG GameWorld            - Clearing game world
09:05:06.588 [JavaFX Application Thread] DEBUG PhysicsWorld         - Clearing physics world
09:05:06.589 [FXGL Background Thread 4 ] DEBUG FXGLApplication      - Initializing game
09:05:06.589 [JavaFX Application Thread] DEBUG FXGLApplication      - Registering font factories with UI factory
09:05:06.640 [FXGL Background Thread 4 ] DEBUG TMXLevelLoader       - Parsed TiledMap: file:/C:/Users/2268518/Documents/GitHub/Project-Winter/proj/target/classes/assets/levels/tmx/Plat1.9.0.tmx
09:05:06.641 [FXGL Background Thread 4 ] DEBUG TMXLevelLoader       - Creating tile layer entities
09:05:06.642 [FXGL Background Thread 4 ] DEBUG TilesetLoader        - Loading view for layer Tile Layer 1
09:05:06.642 [FXGL Background Thread 4 ] DEBUG TilesetLoader        - Created buffer with size 810.0x360.0
09:05:06.651 [FXGL Background Thread 4 ] DEBUG TMXLevelLoader       - Creating object layer entities
09:05:06.665 [FXGL Background Thread 4 ] DEBUG GameWorld            - Clearing removable entities
09:05:06.666 [FXGL Background Thread 4 ] DEBUG GameWorld            - Setting level: com.almasb.fxgl.entity.level.Level@751c5354
09:05:06.673 [FXGL Background Thread 4 ] DEBUG FXGLAssetLoaderServi - Loading from file system: file:/C:/Users/2268518/Documents/GitHub/Project-Winter/proj/target/classes/assets/textures/finalSOOT.gif
09:05:06.677 [FXGL Background Thread 4 ] WARN  Entity               - Entity already has component: com.example.proj.component.PlayerControl
09:05:06.679 [FXGL Background Thread 4 ] DEBUG FXGLAssetLoaderServi - Loading from file system: file:/C:/Users/2268518/Documents/GitHub/Project-Winter/proj/target/classes/assets/textures/heart.png
09:05:06.681 [JavaFX Application Thread] DEBUG LoopRunner           - Stopping loop
09:05:06.682 [JavaFX Application Thread] FATAL FXGLApplication      - Uncaught Exception:
java.lang.RuntimeException: Initialization failed
	at com.almasb.fxgl.all@17.2/com.almasb.fxgl.app.FXGLApplication$InitAppTask.failed(FXGLApplication.kt:343)
	at javafx.graphics@18.0.2/javafx.concurrent.Task.setState(Task.java:710)
	at javafx.graphics@18.0.2/javafx.concurrent.Task$TaskCallable.lambda$call$2(Task.java:1456)
	at javafx.graphics@18.0.2/com.sun.javafx.application.PlatformImpl.lambda$runLater$10(PlatformImpl.java:457)
	at java.base/java.security.AccessController.doPrivileged(AccessController.java:399)
	at javafx.graphics@18.0.2/com.sun.javafx.application.PlatformImpl.lambda$runLater$11(PlatformImpl.java:456)
	at javafx.graphics@18.0.2/com.sun.glass.ui.InvokeLaterDispatcher$Future.run(InvokeLaterDispatcher.java:96)
	at javafx.graphics@18.0.2/com.sun.glass.ui.win.WinApplication._runLoop(Native Method)
	at javafx.graphics@18.0.2/com.sun.glass.ui.win.WinApplication.lambda$runLoop$3(WinApplication.java:184)
	at java.base/java.lang.Thread.run(Thread.java:833)
Caused by: java.lang.NullPointerException: Cannot invoke "javafx.scene.control.Label.setTranslateX(double)" because "this.coordinates" is null
	at com.example.proj.main/com.example.proj.SootApp.initUI(SootApp.java:265)
	at com.almasb.fxgl.all@17.2/com.almasb.fxgl.app.FXGLApplication$InitAppTask.call(FXGLApplication.kt:321)
	at com.almasb.fxgl.all@17.2/com.almasb.fxgl.app.FXGLApplication$InitAppTask.call(FXGLApplication.kt:311)
	at javafx.graphics@18.0.2/javafx.concurrent.Task$TaskCallable.call(Task.java:1426)
	at java.base/java.util.concurrent.FutureTask.run(FutureTask.java:264)
	at java.base/java.util.concurrent.Executors$RunnableAdapter.call(Executors.java:539)
	at java.base/java.util.concurrent.FutureTask.run(FutureTask.java:264)
	at java.base/java.util.concurrent.ThreadPoolExecutor.runWorker(ThreadPoolExecutor.java:1136)
	at java.base/java.util.concurrent.ThreadPoolExecutor$Worker.run(ThreadPoolExecutor.java:635)
	... 1 more

09:05:06.682 [JavaFX Application Thread] FATAL FXGLApplication      - Application will now exit
09:05:06.696 [JavaFX Application Thread] DEBUG PrimaryStageWindow   - Push state: ErrorSubScene
09:05:06.696 [JavaFX Application Thread] DEBUG Input                - Clearing active input actions
09:05:06.701 [JavaFX Application Thread] DEBUG GameApplicationServi - Removing overlay from FXGLLoadingScene and adding to ErrorSubScene
09:05:06.701 [JavaFX Application Thread] DEBUG PrimaryStageWindow   - FXGLLoadingScene -> ErrorSubScene
09:05:06.799 [FXGL Background Thread 2 ] INFO  UpdaterService       - Your current version:  17.2
09:05:06.800 [FXGL Background Thread 2 ] INFO  UpdaterService       - Latest stable version: 21.1
09:05:09.045 [JavaFX Application Thread] DEBUG FXGLApplication      - Exiting FXGL
09:05:09.045 [JavaFX Application Thread] DEBUG Async                - Shutting down background threads
09:05:09.046 [JavaFX Application Thread] DEBUG PrimaryStageWindow   - Closing main window
09:05:09.052 [JavaFX Application Thread] DEBUG Logger               - Closing Logger
