23:20:25.969 [main                     ] DEBUG Logger               - Configured Logger
23:20:25.989 [main                     ] DEBUG GameApplication      - Logging settings
Title: Soot(sin)
Version: 0.0
Width: 800
Height: 360
Fullscreen: false
Intro: false
Profiling: false
Single step:false
App Mode: DEVELOPER
Menu Key: ESCAPE
Stage Style: DECORATED
Scene Factory: class com.almasb.fxgl.app.scene.SceneFactory

23:20:26.347 [JavaFX Application Thread] DEBUG FXGLApplication      - Initializing FXGL
23:20:26.351 [JavaFX Application Thread] INFO  Engine               - FXGL-17.2 (20.08.2022 16.50) on MAC (J:18.0.2.1 FX:18.0.2)
23:20:26.351 [JavaFX Application Thread] DEBUG Engine               - JRE Vendor Name: Oracle Corporation
23:20:26.352 [JavaFX Application Thread] DEBUG Engine               - Running on OS: Mac OS X version 13.4.1
23:20:26.352 [JavaFX Application Thread] DEBUG Engine               - Architecture: aarch64
23:20:26.352 [JavaFX Application Thread] INFO  Engine               - Source code and latest versions at: https://github.com/AlmasB/FXGL
23:20:26.352 [JavaFX Application Thread] INFO  Engine               -       Ask questions and discuss at: https://github.com/AlmasB/FXGL/discussions
23:20:26.352 [JavaFX Application Thread] INFO  Engine               -              Join the FXGL chat at: https://gitter.im/AlmasB/FXGL
23:20:26.425 [JavaFX Application Thread] DEBUG PrimaryStageWindow   - Creating a JavaFX scene
23:20:26.460 [JavaFX Application Thread] DEBUG PrimaryStageWindow   - Target settings size: 800.0 x 360.0
23:20:26.460 [JavaFX Application Thread] DEBUG PrimaryStageWindow   - Scaled scene size:    800.0 x 360.0
23:20:26.460 [JavaFX Application Thread] DEBUG PrimaryStageWindow   - Scaled ratio: (1.0, 1.0)
23:20:26.461 [JavaFX Application Thread] DEBUG PrimaryStageWindow   - Set initial scene to FXGLStartupScene
23:20:26.464 [JavaFX Application Thread] DEBUG PrimaryStageWindow   - Opening main window
23:20:26.593 [JavaFX Application Thread] DEBUG PrimaryStageWindow   - Window border size: (0.0, 28.0)
23:20:26.593 [JavaFX Application Thread] DEBUG PrimaryStageWindow   - Scaled size: 800.0 x 360.0
23:20:26.593 [JavaFX Application Thread] DEBUG PrimaryStageWindow   - Scaled ratio: (1.0, 1.0)
23:20:26.594 [JavaFX Application Thread] DEBUG PrimaryStageWindow   - Scene size: 800.0 x 360.0
23:20:26.594 [JavaFX Application Thread] DEBUG PrimaryStageWindow   - Stage size: 800.0 x 388.0
23:20:26.604 [FXGL Background Thread 1 ] DEBUG Engine               - Initializing environment variables
23:20:26.856 [FXGL Background Thread 1 ] DEBUG FXGLAssetLoaderServi - User app class for loading assets: class com.example.proj.SootApp
23:20:26.857 [FXGL Background Thread 1 ] DEBUG GameApplicationServi - Applying CSS: fxgl_dark.css
23:20:26.859 [FXGL Background Thread 1 ] DEBUG FXGLAssetLoaderServi - Loading from file system: jar:file:///Users/olive/.m2/repository/com/github/almasb/fxgl/17.2/fxgl-17.2.jar!/fxglassets/ui/css/fxgl_dark.css
23:20:26.926 [FXGL Background Thread 1 ] DEBUG GameApplicationServi - Initializing application scenes
23:20:27.103 [FXGL Background Thread 1 ] DEBUG GameWorld            - Game world initialized
23:20:27.144 [FXGL Background Thread 1 ] DEBUG PhysicsWorld         - Physics world initialized: appHeight=360, physics.ppm=50.0
23:20:27.144 [FXGL Background Thread 1 ] DEBUG PhysicsWorld         - Using strategy: BRUTE_FORCE
23:20:27.146 [FXGL Background Thread 1 ] DEBUG GameScene            - Game scene initialized: 800x360
23:20:27.153 [FXGL Background Thread 1 ] WARN  FXGL.DefaultMenu     - FXGLDefaultMenu is not designed for resolutions < 800x600
23:20:27.153 [FXGL Background Thread 1 ] DEBUG FXGL.DefaultMenu     - createMenuBodyGameMenu()
23:20:27.162 [FXGL Background Thread 1 ] DEBUG FXGL.DefaultMenu     - createOptionsMenu()
23:20:27.168 [FXGL Background Thread 1 ] DEBUG FXGLAssetLoaderServi - Loading from file system: jar:file:///Users/olive/.m2/repository/com/github/almasb/fxgl/17.2/fxgl-17.2.jar!/fxglassets/textures/particles/smoke.png
23:20:27.285 [FXGL Background Thread 1 ] DEBUG FXGLAssetLoaderServi - Loading from file system: jar:file:///Users/olive/.m2/repository/com/github/almasb/fxgl/17.2/fxgl-17.2.jar!/fxglassets/textures/particles/trace_horizontal.png
23:20:27.321 [FXGL Background Thread 1 ] DEBUG GameApplicationServi - Application scenes initialized
23:20:27.339 [FXGL Background Thread 1 ] DEBUG SystemBundleService  - Loading FXGL system data
23:20:27.344 [FXGL Background Thread 1 ] DEBUG FileSystemAccess     - Reading from: /Users/olive/Documents/GitHub/Project-Winter/system/fxgl.bundle
23:20:27.356 [FXGL Background Thread 1 ] DEBUG SystemBundleService  - Bundle FXGL: {}
23:20:27.357 [FXGL Background Thread 1 ] DEBUG UpdaterService       - Checking for updates
23:20:27.361 [FXGL Background Thread 4 ] DEBUG FXGLApplication      - Loading fonts
23:20:27.362 [FXGL Background Thread 1 ] DEBUG FXGLApplication      - Loading default localization
23:20:27.362 [FXGL Background Thread 4 ] DEBUG FXGLAssetLoaderServi - Loading from file system: jar:file:///Users/olive/.m2/repository/com/github/almasb/fxgl/17.2/fxgl-17.2.jar!/fxglassets/ui/fonts/VarelaRound-Regular.ttf
23:20:27.363 [FXGL Background Thread 1 ] DEBUG FXGLAssetLoaderServi - Loading from file system: jar:file:///Users/olive/.m2/repository/com/github/almasb/fxgl/17.2/fxgl-17.2.jar!/fxglassets/languages/english.lang
23:20:27.377 [FXGL Background Thread 1 ] INFO  FXGLApplication      - FXGL initialization took: 0.773 sec
23:20:27.380 [FXGL Background Thread 4 ] DEBUG FXGLAssetLoaderServi - Loading from file system: jar:file:///Users/olive/.m2/repository/com/github/almasb/fxgl/17.2/fxgl-17.2.jar!/fxglassets/ui/fonts/Abel-Regular.ttf
23:20:27.383 [FXGL Background Thread 4 ] DEBUG FXGLAssetLoaderServi - Loading from file system: jar:file:///Users/olive/.m2/repository/com/github/almasb/fxgl/17.2/fxgl-17.2.jar!/fxglassets/ui/fonts/TerminalLandMono-Regular.otf
23:20:27.384 [JavaFX Application Thread] DEBUG Input                - Registered new binding: left - Left
23:20:27.384 [JavaFX Application Thread] DEBUG Input                - Registered new binding: right - Right
23:20:27.384 [JavaFX Application Thread] DEBUG Input                - Registered new binding: jump - Up
23:20:27.384 [JavaFX Application Thread] DEBUG FXGLAssetLoaderServi - Loading from file system: jar:file:///Users/olive/.m2/repository/com/github/almasb/fxgl/17.2/fxgl-17.2.jar!/fxglassets/textures/fxgl_icon.png
23:20:27.393 [FXGL Background Thread 4 ] DEBUG FXGLAssetLoaderServi - Loading from file system: jar:file:///Users/olive/.m2/repository/com/github/almasb/fxgl/17.2/fxgl-17.2.jar!/fxglassets/ui/fonts/Courier-Prime.ttf
23:20:27.409 [JavaFX Application Thread] DEBUG FXGLAssetLoaderServi - Loading from file system: jar:file:///Users/olive/.m2/repository/com/github/almasb/fxgl/17.2/fxgl-17.2.jar!/fxglassets/textures/fxgl_default_cursor.png
23:20:27.411 [JavaFX Application Thread] DEBUG Input                - Registered new binding: Screenshot - CTRL+8
23:20:27.411 [JavaFX Application Thread] DEBUG Input                - Registered new binding: System info dump - CTRL+9
23:20:27.411 [JavaFX Application Thread] DEBUG Input                - Registered new binding: Restart - CTRL+R
23:20:27.411 [JavaFX Application Thread] DEBUG Input                - Registered new binding: Toggle Debug Camera - CTRL+7
23:20:27.412 [JavaFX Application Thread] DEBUG LoopRunner           - Starting loop
23:20:27.413 [JavaFX Application Thread] DEBUG LoopRunner           - Initializing JavaFX AnimationTimerLoop
23:20:27.413 [JavaFX Application Thread] DEBUG GameApplicationServi - Starting new game
23:20:27.413 [JavaFX Application Thread] DEBUG Input                - Clearing active input actions
23:20:27.420 [JavaFX Application Thread] DEBUG GameApplicationServi - Removing overlay from FXGLStartupScene and adding to FXGLLoadingScene
23:20:27.420 [JavaFX Application Thread] DEBUG PrimaryStageWindow   - FXGLStartupScene -> FXGLLoadingScene
23:20:27.420 [JavaFX Application Thread] DEBUG GameApplicationServi - Clearing previous game
23:20:27.420 [JavaFX Application Thread] DEBUG GameScene            - Clearing game scene
23:20:27.420 [JavaFX Application Thread] DEBUG GameWorld            - Clearing game world
23:20:27.420 [JavaFX Application Thread] DEBUG PhysicsWorld         - Clearing physics world
23:20:27.421 [FXGL Background Thread 4 ] DEBUG FXGLApplication      - Initializing game
23:20:27.455 [FXGL Background Thread 4 ] DEBUG TMXLevelLoader       - Parsed TiledMap: file:/Users/olive/Documents/GitHub/Project-Winter/proj/target/classes/assets/levels/tmx/Plat1.9.0.tmx
23:20:27.456 [FXGL Background Thread 4 ] DEBUG TMXLevelLoader       - Creating tile layer entities
23:20:27.457 [FXGL Background Thread 4 ] DEBUG TilesetLoader        - Loading view for layer Tile Layer 1
23:20:27.457 [FXGL Background Thread 4 ] DEBUG TilesetLoader        - Created buffer with size 810.0x360.0
23:20:27.457 [JavaFX Application Thread] DEBUG FXGLApplication      - Registering font factories with UI factory
23:20:27.469 [FXGL Background Thread 4 ] DEBUG TMXLevelLoader       - Creating object layer entities
23:20:27.487 [FXGL Background Thread 4 ] DEBUG GameWorld            - Clearing removable entities
23:20:27.487 [FXGL Background Thread 4 ] DEBUG GameWorld            - Setting level: com.almasb.fxgl.entity.level.Level@56d929f2
23:20:27.494 [FXGL Background Thread 4 ] DEBUG FXGLAssetLoaderServi - Loading from file system: file:/Users/olive/Documents/GitHub/Project-Winter/proj/target/classes/assets/textures/finalSOOT.gif
23:20:27.496 [FXGL Background Thread 4 ] WARN  Entity               - Entity already has component: com.example.proj.component.PlayerControl
23:20:27.497 [FXGL Background Thread 4 ] DEBUG FXGLAssetLoaderServi - Loading from file system: file:/Users/olive/Documents/GitHub/Project-Winter/proj/target/classes/assets/textures/heart.png
23:20:27.499 [FXGL Background Thread 4 ] INFO  FXGLApplication      - Game initialization took: 0.078 sec
23:20:27.548 [JavaFX Application Thread] DEBUG Input                - Clearing active input actions
23:20:27.554 [JavaFX Application Thread] DEBUG GameApplicationServi - Removing overlay from FXGLLoadingScene and adding to GameScene
23:20:27.554 [JavaFX Application Thread] DEBUG PrimaryStageWindow   - FXGLLoadingScene -> GameScene
23:20:27.690 [FXGL Background Thread 2 ] INFO  UpdaterService       - Your current version:  17.2
23:20:27.690 [FXGL Background Thread 2 ] INFO  UpdaterService       - Latest stable version: 21
23:20:28.694 [JavaFX Application Thread] DEBUG PrimaryStageWindow   - Push state: DialogSubScene
23:20:28.694 [JavaFX Application Thread] DEBUG Input                - Clearing active input actions
23:20:28.696 [JavaFX Application Thread] DEBUG GameApplicationServi - Removing overlay from GameScene and adding to DialogSubScene
23:20:28.697 [JavaFX Application Thread] DEBUG PrimaryStageWindow   - GameScene -> DialogSubScene
23:20:30.364 [FXGL Background Thread 3 ] DEBUG Engine               - Logging environment variables
23:20:30.364 [FXGL Background Thread 3 ] DEBUG Engine               - achievements: []
23:20:30.364 [FXGL Background Thread 3 ] DEBUG Engine               - actualHeight: 360.0
23:20:30.364 [FXGL Background Thread 3 ] DEBUG Engine               - actualHeightProperty: ReadOnlyDoubleProperty [value: 360.0]
23:20:30.365 [FXGL Background Thread 3 ] DEBUG Engine               - actualWidth: 800.0
23:20:30.365 [FXGL Background Thread 3 ] DEBUG Engine               - actualWidthProperty: ReadOnlyDoubleProperty [value: 800.0]
23:20:30.365 [FXGL Background Thread 3 ] DEBUG Engine               - appIcon: fxgl_icon.png
23:20:30.365 [FXGL Background Thread 3 ] DEBUG Engine               - applicationMode: DEVELOPER
23:20:30.365 [FXGL Background Thread 3 ] DEBUG Engine               - cSSList: [fxgl_dark.css]
23:20:30.365 [FXGL Background Thread 3 ] DEBUG Engine               - collisionDetectionStrategy: BRUTE_FORCE
23:20:30.365 [FXGL Background Thread 3 ] DEBUG Engine               - configClass: Optional.empty
23:20:30.365 [FXGL Background Thread 3 ] DEBUG Engine               - credits: []
23:20:30.365 [FXGL Background Thread 3 ] DEBUG Engine               - defaultCursor: CursorInfo(imageName=fxgl_default_cursor.png, hotspotX=7.0, hotspotY=6.0)
23:20:30.365 [FXGL Background Thread 3 ] DEBUG Engine               - devBBoxColorProperty: ObjectProperty [value: 0xff0000ff]
23:20:30.365 [FXGL Background Thread 3 ] DEBUG Engine               - devEnableDebugCameraProperty: BooleanProperty [value: false]
23:20:30.365 [FXGL Background Thread 3 ] DEBUG Engine               - devSensorColorProperty: ObjectProperty [value: 0xffff00ff]
23:20:30.365 [FXGL Background Thread 3 ] DEBUG Engine               - devShowBBoxProperty: BooleanProperty [value: false]
23:20:30.365 [FXGL Background Thread 3 ] DEBUG Engine               - devShowPositionProperty: BooleanProperty [value: false]
23:20:30.365 [FXGL Background Thread 3 ] DEBUG Engine               - enabledMenuItems: []
23:20:30.366 [FXGL Background Thread 3 ] DEBUG Engine               - engineServices: [class com.almasb.fxgl.app.services.FXGLAssetLoaderService, class com.almasb.fxgl.app.FXGLApplication$GameApplicationService, class com.almasb.fxgl.app.services.FXGLDialogService, class com.almasb.fxgl.app.services.IOTaskExecutorService, class com.almasb.fxgl.io.FileSystemService, class com.almasb.fxgl.localization.LocalizationService, class com.almasb.fxgl.app.services.SystemBundleService, class com.almasb.fxgl.profile.SaveLoadService, class com.almasb.fxgl.ui.FXGLUIFactoryServiceProvider, class com.almasb.fxgl.ui.FXGLDialogFactoryServiceProvider, class com.almasb.fxgl.audio.AudioPlayer, class com.almasb.fxgl.notification.impl.NotificationServiceProvider, class com.almasb.fxgl.achievement.AchievementService, class com.almasb.fxgl.cutscene.CutsceneService, class com.almasb.fxgl.minigames.MiniGameService, class com.almasb.fxgl.net.NetService, class com.almasb.fxgl.app.services.UpdaterService, class com.almasb.fxgl.dev.DevService]
23:20:30.366 [FXGL Background Thread 3 ] DEBUG Engine               - fontGame: Abel-Regular.ttf
23:20:30.366 [FXGL Background Thread 3 ] DEBUG Engine               - fontMono: TerminalLandMono-Regular.otf
23:20:30.366 [FXGL Background Thread 3 ] DEBUG Engine               - fontText: Courier-Prime.ttf
23:20:30.366 [FXGL Background Thread 3 ] DEBUG Engine               - fontUI: VarelaRound-Regular.ttf
23:20:30.366 [FXGL Background Thread 3 ] DEBUG Engine               - fullScreen: BooleanProperty [value: false]
23:20:30.366 [FXGL Background Thread 3 ] DEBUG Engine               - gameDifficulty: MEDIUM
23:20:30.366 [FXGL Background Thread 3 ] DEBUG Engine               - gameDifficultyProperty: ObjectProperty [value: MEDIUM]
23:20:30.366 [FXGL Background Thread 3 ] DEBUG Engine               - globalMusicVolume: 0.5
23:20:30.366 [FXGL Background Thread 3 ] DEBUG Engine               - globalMusicVolumeProperty: DoubleProperty [value: 0.5]
23:20:30.366 [FXGL Background Thread 3 ] DEBUG Engine               - globalSoundVolume: 0.5
23:20:30.366 [FXGL Background Thread 3 ] DEBUG Engine               - globalSoundVolumeProperty: DoubleProperty [value: 0.5]
23:20:30.366 [FXGL Background Thread 3 ] DEBUG Engine               - height: 360
23:20:30.366 [FXGL Background Thread 3 ] DEBUG Engine               - is3D: false
23:20:30.366 [FXGL Background Thread 3 ] DEBUG Engine               - isAndroid: false
23:20:30.366 [FXGL Background Thread 3 ] DEBUG Engine               - isBrowser: false
23:20:30.366 [FXGL Background Thread 3 ] DEBUG Engine               - isClickFeedbackEnabled: false
23:20:30.366 [FXGL Background Thread 3 ] DEBUG Engine               - isCloseConfirmation: false
23:20:30.366 [FXGL Background Thread 3 ] DEBUG Engine               - isDesktop: true
23:20:30.366 [FXGL Background Thread 3 ] DEBUG Engine               - isDeveloperMenuEnabled: false
23:20:30.366 [FXGL Background Thread 3 ] DEBUG Engine               - isEmbedded: false
23:20:30.366 [FXGL Background Thread 3 ] DEBUG Engine               - isEntityPreloadEnabled: true
23:20:30.366 [FXGL Background Thread 3 ] DEBUG Engine               - isExperimentalTiledLargeMap: false
23:20:30.366 [FXGL Background Thread 3 ] DEBUG Engine               - isFileSystemWriteAllowed: true
23:20:30.367 [FXGL Background Thread 3 ] DEBUG Engine               - isFullScreenAllowed: false
23:20:30.367 [FXGL Background Thread 3 ] DEBUG Engine               - isFullScreenFromStart: false
23:20:30.367 [FXGL Background Thread 3 ] DEBUG Engine               - isGameMenuEnabled: true
23:20:30.367 [FXGL Background Thread 3 ] DEBUG Engine               - isIOS: false
23:20:30.367 [FXGL Background Thread 3 ] DEBUG Engine               - isIntroEnabled: false
23:20:30.367 [FXGL Background Thread 3 ] DEBUG Engine               - isLinux: false
23:20:30.367 [FXGL Background Thread 3 ] DEBUG Engine               - isMac: true
23:20:30.367 [FXGL Background Thread 3 ] DEBUG Engine               - isMainMenuEnabled: false
23:20:30.367 [FXGL Background Thread 3 ] DEBUG Engine               - isManualResizeEnabled: false
23:20:30.367 [FXGL Background Thread 3 ] DEBUG Engine               - isMobile: false
23:20:30.367 [FXGL Background Thread 3 ] DEBUG Engine               - isNative: false
23:20:30.367 [FXGL Background Thread 3 ] DEBUG Engine               - isPauseMusicWhenMinimized: true
23:20:30.367 [FXGL Background Thread 3 ] DEBUG Engine               - isPreserveResizeRatio: false
23:20:30.367 [FXGL Background Thread 3 ] DEBUG Engine               - isProfilingEnabled: false
23:20:30.367 [FXGL Background Thread 3 ] DEBUG Engine               - isScaleAffectedOnResize: true
23:20:30.367 [FXGL Background Thread 3 ] DEBUG Engine               - isSingleStep: false
23:20:30.367 [FXGL Background Thread 3 ] DEBUG Engine               - isUserProfileEnabled: false
23:20:30.367 [FXGL Background Thread 3 ] DEBUG Engine               - isWindows: false
23:20:30.367 [FXGL Background Thread 3 ] DEBUG Engine               - language: ObjectProperty [value: ENGLISH]
23:20:30.367 [FXGL Background Thread 3 ] DEBUG Engine               - menuKey: ESCAPE
23:20:30.367 [FXGL Background Thread 3 ] DEBUG Engine               - mouseSensitivity: 0.2
23:20:30.367 [FXGL Background Thread 3 ] DEBUG Engine               - notificationViewClass: class com.almasb.fxgl.notification.view.XboxNotificationView
23:20:30.367 [FXGL Background Thread 3 ] DEBUG Engine               - pixelsPerMeter: 50.0
23:20:30.367 [FXGL Background Thread 3 ] DEBUG Engine               - platform: MAC
23:20:30.367 [FXGL Background Thread 3 ] DEBUG Engine               - prefHeightProperty: ReadOnlyDoubleProperty [value: 360.0]
23:20:30.367 [FXGL Background Thread 3 ] DEBUG Engine               - prefWidthProperty: ReadOnlyDoubleProperty [value: 800.0]
23:20:30.367 [FXGL Background Thread 3 ] DEBUG Engine               - profileDir: profiles/
23:20:30.367 [FXGL Background Thread 3 ] DEBUG Engine               - profileName: StringProperty [value: DEFAULT]
23:20:30.367 [FXGL Background Thread 3 ] DEBUG Engine               - randomSeed: -1
23:20:30.368 [FXGL Background Thread 3 ] DEBUG Engine               - runtimeInfo: RuntimeInfo(platform=MAC, version=17.2, build=20.08.2022 16.50)
23:20:30.368 [FXGL Background Thread 3 ] DEBUG Engine               - saveFileExt: sav
23:20:30.368 [FXGL Background Thread 3 ] DEBUG Engine               - scaledHeightProp$fxgl: DoubleProperty [bound, value: 360.0]
23:20:30.368 [FXGL Background Thread 3 ] DEBUG Engine               - scaledWidthProp$fxgl: DoubleProperty [bound, value: 800.0]
23:20:30.368 [FXGL Background Thread 3 ] DEBUG Engine               - sceneFactory: com.almasb.fxgl.app.scene.SceneFactory@66c5fe88
23:20:30.368 [FXGL Background Thread 3 ] DEBUG Engine               - secondsIn24h: 60
23:20:30.368 [FXGL Background Thread 3 ] DEBUG Engine               - soundMenuBack: menu/back.wav
23:20:30.368 [FXGL Background Thread 3 ] DEBUG Engine               - soundMenuPress: menu/press.wav
23:20:30.368 [FXGL Background Thread 3 ] DEBUG Engine               - soundMenuSelect: menu/select.wav
23:20:30.368 [FXGL Background Thread 3 ] DEBUG Engine               - soundNotification: core/notification.wav
23:20:30.368 [FXGL Background Thread 3 ] DEBUG Engine               - stageStyle: DECORATED
23:20:30.368 [FXGL Background Thread 3 ] DEBUG Engine               - supportedLanguages: [ENGLISH, FRENCH, GERMAN, HUNGARIAN, RUSSIAN]
23:20:30.368 [FXGL Background Thread 3 ] DEBUG Engine               - ticksPerSecond: -1
23:20:30.368 [FXGL Background Thread 3 ] DEBUG Engine               - title: Soot(sin)
23:20:30.368 [FXGL Background Thread 3 ] DEBUG Engine               - urlGithub: https://github.com/AlmasB/FXGL
23:20:30.368 [FXGL Background Thread 3 ] DEBUG Engine               - urlLeaderboard: http://fxgl-top.herokuapp.com/
23:20:30.368 [FXGL Background Thread 3 ] DEBUG Engine               - urlPOM: https://raw.githubusercontent.com/AlmasB/FXGL/release/README.md
23:20:30.368 [FXGL Background Thread 3 ] DEBUG Engine               - userAppClass: class com.example.proj.SootApp
23:20:30.368 [FXGL Background Thread 3 ] DEBUG Engine               - version: 0.0
23:20:30.368 [FXGL Background Thread 3 ] DEBUG Engine               - versionCheckDays: 7
23:20:30.368 [FXGL Background Thread 3 ] DEBUG Engine               - width: 800
23:20:30.368 [FXGL Background Thread 3 ] DEBUG Engine               - Logging services
23:20:30.368 [FXGL Background Thread 3 ] DEBUG Engine               - class com.almasb.fxgl.app.services.FXGLAssetLoaderService
23:20:30.368 [FXGL Background Thread 3 ] DEBUG Engine               - class com.almasb.fxgl.app.FXGLApplication$GameApplicationService
23:20:30.368 [FXGL Background Thread 3 ] DEBUG Engine               - class com.almasb.fxgl.app.services.FXGLDialogService
23:20:30.368 [FXGL Background Thread 3 ] DEBUG Engine               - class com.almasb.fxgl.app.services.IOTaskExecutorService
23:20:30.368 [FXGL Background Thread 3 ] DEBUG Engine               - class com.almasb.fxgl.io.FileSystemService
23:20:30.368 [FXGL Background Thread 3 ] DEBUG Engine               - class com.almasb.fxgl.localization.LocalizationService
23:20:30.368 [FXGL Background Thread 3 ] DEBUG Engine               - class com.almasb.fxgl.app.services.SystemBundleService
23:20:30.368 [FXGL Background Thread 3 ] DEBUG Engine               - class com.almasb.fxgl.profile.SaveLoadService
23:20:30.368 [FXGL Background Thread 3 ] DEBUG Engine               - class com.almasb.fxgl.ui.FXGLUIFactoryServiceProvider
23:20:30.369 [FXGL Background Thread 3 ] DEBUG Engine               - class com.almasb.fxgl.ui.FXGLDialogFactoryServiceProvider
23:20:30.369 [FXGL Background Thread 3 ] DEBUG Engine               - class com.almasb.fxgl.audio.AudioPlayer
23:20:30.369 [FXGL Background Thread 3 ] DEBUG Engine               - class com.almasb.fxgl.notification.impl.NotificationServiceProvider
23:20:30.369 [FXGL Background Thread 3 ] DEBUG Engine               - class com.almasb.fxgl.achievement.AchievementService
23:20:30.369 [FXGL Background Thread 3 ] DEBUG Engine               - class com.almasb.fxgl.cutscene.CutsceneService
23:20:30.369 [FXGL Background Thread 3 ] DEBUG Engine               - class com.almasb.fxgl.minigames.MiniGameService
23:20:30.369 [FXGL Background Thread 3 ] DEBUG Engine               - class com.almasb.fxgl.net.NetService
23:20:30.369 [FXGL Background Thread 3 ] DEBUG Engine               - class com.almasb.fxgl.app.services.UpdaterService
23:20:30.369 [FXGL Background Thread 3 ] DEBUG Engine               - class com.almasb.fxgl.dev.DevService
23:20:34.657 [JavaFX Application Thread] DEBUG PrimaryStageWindow   - Pop state: DialogSubScene
23:20:34.658 [JavaFX Application Thread] DEBUG Input                - Clearing active input actions
23:20:34.658 [JavaFX Application Thread] DEBUG GameApplicationServi - Removing overlay from DialogSubScene and adding to GameScene
23:20:34.659 [JavaFX Application Thread] DEBUG PrimaryStageWindow   - GameScene <- DialogSubScene
23:20:34.659 [JavaFX Application Thread] DEBUG LoopRunner           - Stopping loop
23:20:34.660 [JavaFX Application Thread] FATAL FXGLApplication      - Uncaught Exception:
java.lang.IllegalMonitorStateException: current thread is not owner
	at java.base/java.lang.Object.wait(Native Method)
	at com.example.proj.main/com.example.proj.component.PlayerControl.jumpT(PlayerControl.java:67)
	at com.example.proj.main/com.example.proj.SootApp.lambda$initUI$0(SootApp.java:246)
	at com.almasb.fxgl.scene@17.2/com.almasb.fxgl.ui.FXGLDialogFactoryServiceProvider.customDialog$lambda-16(FXGLDialogFactoryServiceProvider.kt:273)
	at javafx.base@18.0.2/com.sun.javafx.event.CompositeEventHandler.dispatchBubblingEvent(CompositeEventHandler.java:86)
	at javafx.base@18.0.2/com.sun.javafx.event.EventHandlerManager.dispatchBubblingEvent(EventHandlerManager.java:234)
	at javafx.base@18.0.2/com.sun.javafx.event.EventHandlerManager.dispatchBubblingEvent(EventHandlerManager.java:191)
	at javafx.base@18.0.2/com.sun.javafx.event.CompositeEventDispatcher.dispatchBubblingEvent(CompositeEventDispatcher.java:59)
	at javafx.base@18.0.2/com.sun.javafx.event.BasicEventDispatcher.dispatchEvent(BasicEventDispatcher.java:58)
	at javafx.base@18.0.2/com.sun.javafx.event.EventDispatchChainImpl.dispatchEvent(EventDispatchChainImpl.java:114)
	at javafx.base@18.0.2/com.sun.javafx.event.BasicEventDispatcher.dispatchEvent(BasicEventDispatcher.java:56)
	at javafx.base@18.0.2/com.sun.javafx.event.EventDispatchChainImpl.dispatchEvent(EventDispatchChainImpl.java:114)
	at javafx.base@18.0.2/com.sun.javafx.event.BasicEventDispatcher.dispatchEvent(BasicEventDispatcher.java:56)
	at javafx.base@18.0.2/com.sun.javafx.event.EventDispatchChainImpl.dispatchEvent(EventDispatchChainImpl.java:114)
	at javafx.base@18.0.2/com.sun.javafx.event.BasicEventDispatcher.dispatchEvent(BasicEventDispatcher.java:56)
	at javafx.base@18.0.2/com.sun.javafx.event.EventDispatchChainImpl.dispatchEvent(EventDispatchChainImpl.java:114)
	at javafx.base@18.0.2/com.sun.javafx.event.EventUtil.fireEventImpl(EventUtil.java:74)
	at javafx.base@18.0.2/com.sun.javafx.event.EventUtil.fireEvent(EventUtil.java:49)
	at javafx.base@18.0.2/javafx.event.Event.fireEvent(Event.java:198)
	at javafx.graphics@18.0.2/javafx.scene.Node.fireEvent(Node.java:8797)
	at javafx.controls@18.0.2/javafx.scene.control.Button.fire(Button.java:203)
	at javafx.controls@18.0.2/com.sun.javafx.scene.control.behavior.ButtonBehavior.mouseReleased(ButtonBehavior.java:208)
	at javafx.controls@18.0.2/com.sun.javafx.scene.control.inputmap.InputMap.handle(InputMap.java:274)
	at javafx.base@18.0.2/com.sun.javafx.event.CompositeEventHandler$NormalEventHandlerRecord.handleBubblingEvent(CompositeEventHandler.java:247)
	at javafx.base@18.0.2/com.sun.javafx.event.CompositeEventHandler.dispatchBubblingEvent(CompositeEventHandler.java:80)
	at javafx.base@18.0.2/com.sun.javafx.event.EventHandlerManager.dispatchBubblingEvent(EventHandlerManager.java:234)
	at javafx.base@18.0.2/com.sun.javafx.event.EventHandlerManager.dispatchBubblingEvent(EventHandlerManager.java:191)
	at javafx.base@18.0.2/com.sun.javafx.event.CompositeEventDispatcher.dispatchBubblingEvent(CompositeEventDispatcher.java:59)
	at javafx.base@18.0.2/com.sun.javafx.event.BasicEventDispatcher.dispatchEvent(BasicEventDispatcher.java:58)
	at javafx.base@18.0.2/com.sun.javafx.event.EventDispatchChainImpl.dispatchEvent(EventDispatchChainImpl.java:114)
	at javafx.base@18.0.2/com.sun.javafx.event.BasicEventDispatcher.dispatchEvent(BasicEventDispatcher.java:56)
	at javafx.base@18.0.2/com.sun.javafx.event.EventDispatchChainImpl.dispatchEvent(EventDispatchChainImpl.java:114)
	at javafx.base@18.0.2/com.sun.javafx.event.BasicEventDispatcher.dispatchEvent(BasicEventDispatcher.java:56)
	at javafx.base@18.0.2/com.sun.javafx.event.EventDispatchChainImpl.dispatchEvent(EventDispatchChainImpl.java:114)
	at javafx.base@18.0.2/com.sun.javafx.event.BasicEventDispatcher.dispatchEvent(BasicEventDispatcher.java:56)
	at javafx.base@18.0.2/com.sun.javafx.event.EventDispatchChainImpl.dispatchEvent(EventDispatchChainImpl.java:114)
	at javafx.base@18.0.2/com.sun.javafx.event.EventUtil.fireEventImpl(EventUtil.java:74)
	at javafx.base@18.0.2/com.sun.javafx.event.EventUtil.fireEvent(EventUtil.java:54)
	at javafx.base@18.0.2/javafx.event.Event.fireEvent(Event.java:198)
	at javafx.graphics@18.0.2/javafx.scene.Scene$MouseHandler.process(Scene.java:3881)
	at javafx.graphics@18.0.2/javafx.scene.Scene.processMouseEvent(Scene.java:1874)
	at javafx.graphics@18.0.2/javafx.scene.Scene$ScenePeerListener.mouseEvent(Scene.java:2607)
	at javafx.graphics@18.0.2/com.sun.javafx.tk.quantum.GlassViewEventHandler$MouseEventNotification.run(GlassViewEventHandler.java:411)
	at javafx.graphics@18.0.2/com.sun.javafx.tk.quantum.GlassViewEventHandler$MouseEventNotification.run(GlassViewEventHandler.java:301)
	at java.base/java.security.AccessController.doPrivileged(AccessController.java:399)
	at javafx.graphics@18.0.2/com.sun.javafx.tk.quantum.GlassViewEventHandler.lambda$handleMouseEvent$2(GlassViewEventHandler.java:450)
	at javafx.graphics@18.0.2/com.sun.javafx.tk.quantum.QuantumToolkit.runWithoutRenderLock(QuantumToolkit.java:424)
	at javafx.graphics@18.0.2/com.sun.javafx.tk.quantum.GlassViewEventHandler.handleMouseEvent(GlassViewEventHandler.java:449)
	at javafx.graphics@18.0.2/com.sun.glass.ui.View.handleMouseEvent(View.java:551)
	at javafx.graphics@18.0.2/com.sun.glass.ui.View.notifyMouse(View.java:937)
	at javafx.graphics@18.0.2/com.sun.glass.ui.mac.MacView.notifyMouse(MacView.java:127)

23:20:34.660 [JavaFX Application Thread] FATAL FXGLApplication      - Application will now exit
23:20:34.672 [JavaFX Application Thread] DEBUG PrimaryStageWindow   - Push state: ErrorSubScene
23:20:34.672 [JavaFX Application Thread] DEBUG Input                - Clearing active input actions
23:20:34.674 [JavaFX Application Thread] DEBUG GameApplicationServi - Removing overlay from GameScene and adding to ErrorSubScene
23:20:34.674 [JavaFX Application Thread] DEBUG PrimaryStageWindow   - GameScene -> ErrorSubScene
23:20:37.746 [JavaFX Application Thread] DEBUG FXGLApplication      - Exiting FXGL
23:20:37.746 [JavaFX Application Thread] DEBUG Async                - Shutting down background threads
23:20:37.747 [JavaFX Application Thread] DEBUG PrimaryStageWindow   - Closing main window
23:20:37.755 [JavaFX Application Thread] DEBUG Logger               - Closing Logger
