17:47:06.232 [main                     ] DEBUG Logger               - Configured Logger
17:47:06.280 [main                     ] DEBUG GameApplication      - Logging settings
Title: Soot(sin)
Version: 0.0
Width: 450
Height: 360
Fullscreen: false
Intro: false
Profiling: false
Single step:false
App Mode: DEVELOPER
Menu Key: ESCAPE
Stage Style: DECORATED
Scene Factory: class com.almasb.fxgl.app.scene.SceneFactory

17:47:06.728 [JavaFX Application Thread] DEBUG FXGLApplication      - Initializing FXGL
17:47:06.740 [JavaFX Application Thread] INFO  Engine               - FXGL-17.2 (20.08.2022 16.50) on WINDOWS (J:18.0.2 FX:18.0.2)
17:47:06.740 [JavaFX Application Thread] DEBUG Engine               - JRE Vendor Name: Amazon.com Inc.
17:47:06.741 [JavaFX Application Thread] DEBUG Engine               - Running on OS: Windows 11 version 10.0
17:47:06.741 [JavaFX Application Thread] DEBUG Engine               - Architecture: amd64
17:47:06.741 [JavaFX Application Thread] INFO  Engine               - Source code and latest versions at: https://github.com/AlmasB/FXGL
17:47:06.741 [JavaFX Application Thread] INFO  Engine               -       Ask questions and discuss at: https://github.com/AlmasB/FXGL/discussions
17:47:06.742 [JavaFX Application Thread] INFO  Engine               -              Join the FXGL chat at: https://gitter.im/AlmasB/FXGL
17:47:06.866 [JavaFX Application Thread] DEBUG PrimaryStageWindow   - Creating a JavaFX scene
17:47:06.924 [JavaFX Application Thread] DEBUG PrimaryStageWindow   - Target settings size: 450.0 x 360.0
17:47:06.924 [JavaFX Application Thread] DEBUG PrimaryStageWindow   - Scaled scene size:    450.0 x 360.0
17:47:06.925 [JavaFX Application Thread] DEBUG PrimaryStageWindow   - Scaled ratio: (1.0, 1.0)
17:47:06.926 [JavaFX Application Thread] DEBUG PrimaryStageWindow   - Set initial scene to FXGLStartupScene
17:47:06.936 [JavaFX Application Thread] DEBUG PrimaryStageWindow   - Opening main window
17:47:07.056 [JavaFX Application Thread] DEBUG PrimaryStageWindow   - Window border size: (14.666656494140625, 37.333343505859375)
17:47:07.057 [JavaFX Application Thread] DEBUG PrimaryStageWindow   - Scaled size: 450.0 x 360.0
17:47:07.057 [JavaFX Application Thread] DEBUG PrimaryStageWindow   - Scaled ratio: (1.0, 1.0)
17:47:07.058 [JavaFX Application Thread] DEBUG PrimaryStageWindow   - Scene size: 450.0 x 360.0
17:47:07.059 [JavaFX Application Thread] DEBUG PrimaryStageWindow   - Stage size: 464.6666564941406 x 397.3333435058594
17:47:07.081 [FXGL Background Thread 1 ] DEBUG Engine               - Initializing environment variables
17:47:07.175 [FXGL Background Thread 1 ] DEBUG FXGLAssetLoaderServi - User app class for loading assets: class com.example.proj.SootApp
17:47:07.176 [FXGL Background Thread 1 ] DEBUG GameApplicationServi - Applying CSS: fxgl_dark.css
17:47:07.178 [FXGL Background Thread 1 ] DEBUG FXGLAssetLoaderServi - Loading from file system: jar:file:///C:/Users/annak/.m2/repository/com/github/almasb/fxgl/17.2/fxgl-17.2.jar!/fxglassets/ui/css/fxgl_dark.css
17:47:07.288 [FXGL Background Thread 1 ] DEBUG GameApplicationServi - Initializing application scenes
17:47:07.358 [FXGL Background Thread 1 ] DEBUG GameWorld            - Game world initialized
17:47:07.458 [FXGL Background Thread 1 ] DEBUG PhysicsWorld         - Physics world initialized: appHeight=360, physics.ppm=50.0
17:47:07.458 [FXGL Background Thread 1 ] DEBUG PhysicsWorld         - Using strategy: BRUTE_FORCE
17:47:07.464 [FXGL Background Thread 1 ] DEBUG GameScene            - Game scene initialized: 450x360
17:47:07.482 [FXGL Background Thread 1 ] WARN  FXGL.DefaultMenu     - FXGLDefaultMenu is not designed for resolutions < 800x600
17:47:07.482 [FXGL Background Thread 1 ] DEBUG FXGL.DefaultMenu     - createMenuBodyGameMenu()
17:47:07.508 [FXGL Background Thread 1 ] DEBUG FXGL.DefaultMenu     - createOptionsMenu()
17:47:07.529 [FXGL Background Thread 1 ] DEBUG FXGLAssetLoaderServi - Loading from file system: jar:file:///C:/Users/annak/.m2/repository/com/github/almasb/fxgl/17.2/fxgl-17.2.jar!/fxglassets/textures/particles/smoke.png
17:47:07.661 [FXGL Background Thread 1 ] DEBUG FXGLAssetLoaderServi - Loading from file system: jar:file:///C:/Users/annak/.m2/repository/com/github/almasb/fxgl/17.2/fxgl-17.2.jar!/fxglassets/textures/particles/trace_horizontal.png
17:47:07.709 [FXGL Background Thread 1 ] DEBUG GameApplicationServi - Application scenes initialized
17:47:07.727 [FXGL Background Thread 1 ] DEBUG SystemBundleService  - Loading FXGL system data
17:47:07.734 [FXGL Background Thread 1 ] DEBUG FileSystemAccess     - Reading from: C:\Users\annak\Documents\GitHub\Project-Winter\system\fxgl.bundle
17:47:07.747 [FXGL Background Thread 1 ] DEBUG SystemBundleService  - Bundle FXGL: {}
17:47:07.747 [FXGL Background Thread 1 ] DEBUG UpdaterService       - Checking for updates
17:47:07.753 [FXGL Background Thread 4 ] DEBUG FXGLApplication      - Loading fonts
17:47:07.754 [FXGL Background Thread 1 ] DEBUG FXGLApplication      - Loading default localization
17:47:07.754 [FXGL Background Thread 4 ] DEBUG FXGLAssetLoaderServi - Loading from file system: jar:file:///C:/Users/annak/.m2/repository/com/github/almasb/fxgl/17.2/fxgl-17.2.jar!/fxglassets/ui/fonts/VarelaRound-Regular.ttf
17:47:07.754 [FXGL Background Thread 1 ] DEBUG FXGLAssetLoaderServi - Loading from file system: jar:file:///C:/Users/annak/.m2/repository/com/github/almasb/fxgl/17.2/fxgl-17.2.jar!/fxglassets/languages/english.lang
17:47:07.776 [FXGL Background Thread 1 ] INFO  FXGLApplication      - FXGL initialization took: 0.694 sec
17:47:07.791 [JavaFX Application Thread] DEBUG Input                - Registered new binding: left - Left
17:47:07.791 [JavaFX Application Thread] DEBUG Input                - Registered new binding: right - Right
17:47:07.792 [JavaFX Application Thread] DEBUG Input                - Registered new binding: jump - Up
17:47:07.792 [JavaFX Application Thread] DEBUG FXGLAssetLoaderServi - Loading from file system: jar:file:///C:/Users/annak/.m2/repository/com/github/almasb/fxgl/17.2/fxgl-17.2.jar!/fxglassets/textures/fxgl_icon.png
17:47:07.827 [JavaFX Application Thread] DEBUG FXGLAssetLoaderServi - Loading from file system: jar:file:///C:/Users/annak/.m2/repository/com/github/almasb/fxgl/17.2/fxgl-17.2.jar!/fxglassets/textures/fxgl_default_cursor.png
17:47:07.832 [FXGL Background Thread 4 ] DEBUG FXGLAssetLoaderServi - Loading from file system: jar:file:///C:/Users/annak/.m2/repository/com/github/almasb/fxgl/17.2/fxgl-17.2.jar!/fxglassets/ui/fonts/Abel-Regular.ttf
17:47:07.832 [JavaFX Application Thread] DEBUG Input                - Registered new binding: Screenshot - CTRL+8
17:47:07.833 [JavaFX Application Thread] DEBUG Input                - Registered new binding: System info dump - CTRL+9
17:47:07.833 [JavaFX Application Thread] DEBUG Input                - Registered new binding: Restart - CTRL+R
17:47:07.834 [JavaFX Application Thread] DEBUG Input                - Registered new binding: Toggle Debug Camera - CTRL+7
17:47:07.836 [FXGL Background Thread 4 ] DEBUG FXGLAssetLoaderServi - Loading from file system: jar:file:///C:/Users/annak/.m2/repository/com/github/almasb/fxgl/17.2/fxgl-17.2.jar!/fxglassets/ui/fonts/TerminalLandMono-Regular.otf
17:47:07.838 [JavaFX Application Thread] DEBUG LoopRunner           - Starting loop
17:47:07.838 [JavaFX Application Thread] DEBUG LoopRunner           - Initializing JavaFX AnimationTimerLoop
17:47:07.840 [JavaFX Application Thread] DEBUG GameApplicationServi - Starting new game
17:47:07.841 [JavaFX Application Thread] DEBUG Input                - Clearing active input actions
17:47:07.841 [FXGL Background Thread 4 ] DEBUG FXGLAssetLoaderServi - Loading from file system: jar:file:///C:/Users/annak/.m2/repository/com/github/almasb/fxgl/17.2/fxgl-17.2.jar!/fxglassets/ui/fonts/Courier-Prime.ttf
17:47:07.872 [JavaFX Application Thread] DEBUG GameApplicationServi - Removing overlay from FXGLStartupScene and adding to FXGLLoadingScene
17:47:07.874 [JavaFX Application Thread] DEBUG PrimaryStageWindow   - FXGLStartupScene -> FXGLLoadingScene
17:47:07.874 [JavaFX Application Thread] DEBUG GameApplicationServi - Clearing previous game
17:47:07.874 [JavaFX Application Thread] DEBUG GameScene            - Clearing game scene
17:47:07.875 [JavaFX Application Thread] DEBUG GameWorld            - Clearing game world
17:47:07.875 [JavaFX Application Thread] DEBUG PhysicsWorld         - Clearing physics world
17:47:07.878 [FXGL Background Thread 4 ] DEBUG FXGLApplication      - Initializing game
17:47:07.962 [JavaFX Application Thread] DEBUG FXGLApplication      - Registering font factories with UI factory
17:47:07.981 [FXGL Background Thread 4 ] DEBUG TMXLevelLoader       - Parsed TiledMap: file:/C:/Users/annak/Documents/GitHub/Project-Winter/proj/target/classes/assets/levels/tmx/Plat1.9.0.tmx
17:47:07.983 [FXGL Background Thread 4 ] DEBUG TMXLevelLoader       - Creating tile layer entities
17:47:07.986 [FXGL Background Thread 4 ] DEBUG TilesetLoader        - Loading view for layer Tile Layer 1
17:47:07.988 [FXGL Background Thread 4 ] DEBUG TilesetLoader        - Created buffer with size 810.0x360.0
17:47:08.009 [FXGL Background Thread 4 ] DEBUG TMXLevelLoader       - Creating object layer entities
17:47:08.031 [FXGL Background Thread 4 ] WARN  FXGLAssetLoaderServi - Asset "/assets/textures/HitBox(1476997079,Box)" was not found!
17:47:08.031 [FXGL Background Thread 4 ] WARN  FXGLAssetLoaderServi - Failed to load IMAGE
17:47:08.127 [FXGL Background Thread 4 ] WARN  FXGLAssetLoaderServi - Asset "/assets/textures/HitBox(1369616170,Box)" was not found!
17:47:08.127 [FXGL Background Thread 4 ] WARN  FXGLAssetLoaderServi - Failed to load IMAGE
17:47:08.130 [FXGL Background Thread 4 ] WARN  FXGLAssetLoaderServi - Asset "/assets/textures/HitBox(893596397,Box)" was not found!
17:47:08.130 [FXGL Background Thread 4 ] WARN  FXGLAssetLoaderServi - Failed to load IMAGE
17:47:08.132 [FXGL Background Thread 4 ] WARN  FXGLAssetLoaderServi - Asset "/assets/textures/HitBox(1008969275,Box)" was not found!
17:47:08.132 [FXGL Background Thread 4 ] WARN  FXGLAssetLoaderServi - Failed to load IMAGE
17:47:08.134 [FXGL Background Thread 4 ] WARN  FXGLAssetLoaderServi - Asset "/assets/textures/HitBox(969543712,Box)" was not found!
17:47:08.134 [FXGL Background Thread 4 ] WARN  FXGLAssetLoaderServi - Failed to load IMAGE
17:47:08.137 [FXGL Background Thread 4 ] DEBUG GameWorld            - Clearing removable entities
17:47:08.138 [FXGL Background Thread 4 ] DEBUG GameWorld            - Setting level: com.almasb.fxgl.entity.level.Level@c90d061
17:47:08.149 [FXGL Background Thread 4 ] DEBUG FXGLAssetLoaderServi - Loading from file system: file:/C:/Users/annak/Documents/GitHub/Project-Winter/proj/target/classes/assets/textures/finalSOOT.gif
17:47:08.164 [FXGL Background Thread 4 ] WARN  Entity               - Entity already has component: com.example.proj.component.PlayerControl
17:47:08.165 [FXGL Background Thread 4 ] INFO  FXGLApplication      - Game initialization took: 0.286 sec
17:47:08.177 [JavaFX Application Thread] DEBUG Input                - Clearing active input actions
17:47:08.192 [JavaFX Application Thread] DEBUG GameApplicationServi - Removing overlay from FXGLLoadingScene and adding to GameScene
17:47:08.192 [JavaFX Application Thread] DEBUG PrimaryStageWindow   - FXGLLoadingScene -> GameScene
17:47:08.448 [FXGL Background Thread 2 ] INFO  UpdaterService       - Your current version:  17.2
17:47:08.449 [FXGL Background Thread 2 ] INFO  UpdaterService       - Latest stable version: 21
17:47:10.751 [FXGL Background Thread 3 ] DEBUG Engine               - Logging environment variables
17:47:10.752 [FXGL Background Thread 3 ] DEBUG Engine               - achievements: []
17:47:10.752 [FXGL Background Thread 3 ] DEBUG Engine               - actualHeight: 360.0
17:47:10.752 [FXGL Background Thread 3 ] DEBUG Engine               - actualHeightProperty: ReadOnlyDoubleProperty [value: 360.0]
17:47:10.752 [FXGL Background Thread 3 ] DEBUG Engine               - actualWidth: 450.0
17:47:10.752 [FXGL Background Thread 3 ] DEBUG Engine               - actualWidthProperty: ReadOnlyDoubleProperty [value: 450.0]
17:47:10.753 [FXGL Background Thread 3 ] DEBUG Engine               - appIcon: fxgl_icon.png
17:47:10.753 [FXGL Background Thread 3 ] DEBUG Engine               - applicationMode: DEVELOPER
17:47:10.753 [FXGL Background Thread 3 ] DEBUG Engine               - cSSList: [fxgl_dark.css]
17:47:10.753 [FXGL Background Thread 3 ] DEBUG Engine               - collisionDetectionStrategy: BRUTE_FORCE
17:47:10.753 [FXGL Background Thread 3 ] DEBUG Engine               - configClass: Optional.empty
17:47:10.753 [FXGL Background Thread 3 ] DEBUG Engine               - credits: []
17:47:10.754 [FXGL Background Thread 3 ] DEBUG Engine               - defaultCursor: CursorInfo(imageName=fxgl_default_cursor.png, hotspotX=7.0, hotspotY=6.0)
17:47:10.754 [FXGL Background Thread 3 ] DEBUG Engine               - devBBoxColorProperty: ObjectProperty [value: 0xff0000ff]
17:47:10.754 [FXGL Background Thread 3 ] DEBUG Engine               - devEnableDebugCameraProperty: BooleanProperty [value: false]
17:47:10.755 [FXGL Background Thread 3 ] DEBUG Engine               - devSensorColorProperty: ObjectProperty [value: 0xffff00ff]
17:47:10.755 [FXGL Background Thread 3 ] DEBUG Engine               - devShowBBoxProperty: BooleanProperty [value: false]
17:47:10.755 [FXGL Background Thread 3 ] DEBUG Engine               - devShowPositionProperty: BooleanProperty [value: false]
17:47:10.755 [FXGL Background Thread 3 ] DEBUG Engine               - enabledMenuItems: []
17:47:10.755 [FXGL Background Thread 3 ] DEBUG Engine               - engineServices: [class com.almasb.fxgl.app.services.FXGLAssetLoaderService, class com.almasb.fxgl.app.FXGLApplication$GameApplicationService, class com.almasb.fxgl.app.services.FXGLDialogService, class com.almasb.fxgl.app.services.IOTaskExecutorService, class com.almasb.fxgl.io.FileSystemService, class com.almasb.fxgl.localization.LocalizationService, class com.almasb.fxgl.app.services.SystemBundleService, class com.almasb.fxgl.profile.SaveLoadService, class com.almasb.fxgl.ui.FXGLUIFactoryServiceProvider, class com.almasb.fxgl.ui.FXGLDialogFactoryServiceProvider, class com.almasb.fxgl.audio.AudioPlayer, class com.almasb.fxgl.notification.impl.NotificationServiceProvider, class com.almasb.fxgl.achievement.AchievementService, class com.almasb.fxgl.cutscene.CutsceneService, class com.almasb.fxgl.minigames.MiniGameService, class com.almasb.fxgl.net.NetService, class com.almasb.fxgl.app.services.UpdaterService, class com.almasb.fxgl.dev.DevService]
17:47:10.755 [FXGL Background Thread 3 ] DEBUG Engine               - fontGame: Abel-Regular.ttf
17:47:10.756 [FXGL Background Thread 3 ] DEBUG Engine               - fontMono: TerminalLandMono-Regular.otf
17:47:10.756 [FXGL Background Thread 3 ] DEBUG Engine               - fontText: Courier-Prime.ttf
17:47:10.756 [FXGL Background Thread 3 ] DEBUG Engine               - fontUI: VarelaRound-Regular.ttf
17:47:10.756 [FXGL Background Thread 3 ] DEBUG Engine               - fullScreen: BooleanProperty [value: false]
17:47:10.756 [FXGL Background Thread 3 ] DEBUG Engine               - gameDifficulty: MEDIUM
17:47:10.756 [FXGL Background Thread 3 ] DEBUG Engine               - gameDifficultyProperty: ObjectProperty [value: MEDIUM]
17:47:10.756 [FXGL Background Thread 3 ] DEBUG Engine               - globalMusicVolume: 0.5
17:47:10.757 [FXGL Background Thread 3 ] DEBUG Engine               - globalMusicVolumeProperty: DoubleProperty [value: 0.5]
17:47:10.757 [FXGL Background Thread 3 ] DEBUG Engine               - globalSoundVolume: 0.5
17:47:10.757 [FXGL Background Thread 3 ] DEBUG Engine               - globalSoundVolumeProperty: DoubleProperty [value: 0.5]
17:47:10.757 [FXGL Background Thread 3 ] DEBUG Engine               - height: 360
17:47:10.757 [FXGL Background Thread 3 ] DEBUG Engine               - is3D: false
17:47:10.757 [FXGL Background Thread 3 ] DEBUG Engine               - isAndroid: false
17:47:10.757 [FXGL Background Thread 3 ] DEBUG Engine               - isBrowser: false
17:47:10.758 [FXGL Background Thread 3 ] DEBUG Engine               - isClickFeedbackEnabled: false
17:47:10.758 [FXGL Background Thread 3 ] DEBUG Engine               - isCloseConfirmation: false
17:47:10.758 [FXGL Background Thread 3 ] DEBUG Engine               - isDesktop: true
17:47:10.758 [FXGL Background Thread 3 ] DEBUG Engine               - isDeveloperMenuEnabled: false
17:47:10.758 [FXGL Background Thread 3 ] DEBUG Engine               - isEmbedded: false
17:47:10.758 [FXGL Background Thread 3 ] DEBUG Engine               - isEntityPreloadEnabled: true
17:47:10.758 [FXGL Background Thread 3 ] DEBUG Engine               - isExperimentalTiledLargeMap: false
17:47:10.758 [FXGL Background Thread 3 ] DEBUG Engine               - isFileSystemWriteAllowed: true
17:47:10.759 [FXGL Background Thread 3 ] DEBUG Engine               - isFullScreenAllowed: false
17:47:10.759 [FXGL Background Thread 3 ] DEBUG Engine               - isFullScreenFromStart: false
17:47:10.759 [FXGL Background Thread 3 ] DEBUG Engine               - isGameMenuEnabled: true
17:47:10.759 [FXGL Background Thread 3 ] DEBUG Engine               - isIOS: false
17:47:10.759 [FXGL Background Thread 3 ] DEBUG Engine               - isIntroEnabled: false
17:47:10.759 [FXGL Background Thread 3 ] DEBUG Engine               - isLinux: false
17:47:10.759 [FXGL Background Thread 3 ] DEBUG Engine               - isMac: false
17:47:10.759 [FXGL Background Thread 3 ] DEBUG Engine               - isMainMenuEnabled: false
17:47:10.759 [FXGL Background Thread 3 ] DEBUG Engine               - isManualResizeEnabled: false
17:47:10.759 [FXGL Background Thread 3 ] DEBUG Engine               - isMobile: false
17:47:10.759 [FXGL Background Thread 3 ] DEBUG Engine               - isNative: false
17:47:10.759 [FXGL Background Thread 3 ] DEBUG Engine               - isPauseMusicWhenMinimized: true
17:47:10.759 [FXGL Background Thread 3 ] DEBUG Engine               - isPreserveResizeRatio: false
17:47:10.760 [FXGL Background Thread 3 ] DEBUG Engine               - isProfilingEnabled: false
17:47:10.760 [FXGL Background Thread 3 ] DEBUG Engine               - isScaleAffectedOnResize: true
17:47:10.760 [FXGL Background Thread 3 ] DEBUG Engine               - isSingleStep: false
17:47:10.760 [FXGL Background Thread 3 ] DEBUG Engine               - isUserProfileEnabled: false
17:47:10.760 [FXGL Background Thread 3 ] DEBUG Engine               - isWindows: true
17:47:10.760 [FXGL Background Thread 3 ] DEBUG Engine               - language: ObjectProperty [value: ENGLISH]
17:47:10.760 [FXGL Background Thread 3 ] DEBUG Engine               - menuKey: ESCAPE
17:47:10.760 [FXGL Background Thread 3 ] DEBUG Engine               - mouseSensitivity: 0.2
17:47:10.760 [FXGL Background Thread 3 ] DEBUG Engine               - notificationViewClass: class com.almasb.fxgl.notification.view.XboxNotificationView
17:47:10.760 [FXGL Background Thread 3 ] DEBUG Engine               - pixelsPerMeter: 50.0
17:47:10.760 [FXGL Background Thread 3 ] DEBUG Engine               - platform: WINDOWS
17:47:10.760 [FXGL Background Thread 3 ] DEBUG Engine               - prefHeightProperty: ReadOnlyDoubleProperty [value: 360.0]
17:47:10.761 [FXGL Background Thread 3 ] DEBUG Engine               - prefWidthProperty: ReadOnlyDoubleProperty [value: 450.0]
17:47:10.761 [FXGL Background Thread 3 ] DEBUG Engine               - profileDir: profiles/
17:47:10.761 [FXGL Background Thread 3 ] DEBUG Engine               - profileName: StringProperty [value: DEFAULT]
17:47:10.761 [FXGL Background Thread 3 ] DEBUG Engine               - randomSeed: -1
17:47:10.761 [FXGL Background Thread 3 ] DEBUG Engine               - runtimeInfo: RuntimeInfo(platform=WINDOWS, version=17.2, build=20.08.2022 16.50)
17:47:10.761 [FXGL Background Thread 3 ] DEBUG Engine               - saveFileExt: sav
17:47:10.762 [FXGL Background Thread 3 ] DEBUG Engine               - scaledHeightProp$fxgl: DoubleProperty [bound, value: 360.0]
17:47:10.762 [FXGL Background Thread 3 ] DEBUG Engine               - scaledWidthProp$fxgl: DoubleProperty [bound, value: 450.0]
17:47:10.762 [FXGL Background Thread 3 ] DEBUG Engine               - sceneFactory: com.almasb.fxgl.app.scene.SceneFactory@625f3697
17:47:10.762 [FXGL Background Thread 3 ] DEBUG Engine               - secondsIn24h: 60
17:47:10.762 [FXGL Background Thread 3 ] DEBUG Engine               - soundMenuBack: menu/back.wav
17:47:10.762 [FXGL Background Thread 3 ] DEBUG Engine               - soundMenuPress: menu/press.wav
17:47:10.762 [FXGL Background Thread 3 ] DEBUG Engine               - soundMenuSelect: menu/select.wav
17:47:10.762 [FXGL Background Thread 3 ] DEBUG Engine               - soundNotification: core/notification.wav
17:47:10.762 [FXGL Background Thread 3 ] DEBUG Engine               - stageStyle: DECORATED
17:47:10.762 [FXGL Background Thread 3 ] DEBUG Engine               - supportedLanguages: [ENGLISH, FRENCH, GERMAN, HUNGARIAN, RUSSIAN]
17:47:10.762 [FXGL Background Thread 3 ] DEBUG Engine               - ticksPerSecond: -1
17:47:10.762 [FXGL Background Thread 3 ] DEBUG Engine               - title: Soot(sin)
17:47:10.763 [FXGL Background Thread 3 ] DEBUG Engine               - urlGithub: https://github.com/AlmasB/FXGL
17:47:10.763 [FXGL Background Thread 3 ] DEBUG Engine               - urlLeaderboard: http://fxgl-top.herokuapp.com/
17:47:10.763 [FXGL Background Thread 3 ] DEBUG Engine               - urlPOM: https://raw.githubusercontent.com/AlmasB/FXGL/release/README.md
17:47:10.763 [FXGL Background Thread 3 ] DEBUG Engine               - userAppClass: class com.example.proj.SootApp
17:47:10.763 [FXGL Background Thread 3 ] DEBUG Engine               - version: 0.0
17:47:10.763 [FXGL Background Thread 3 ] DEBUG Engine               - versionCheckDays: 7
17:47:10.763 [FXGL Background Thread 3 ] DEBUG Engine               - width: 450
17:47:10.763 [FXGL Background Thread 3 ] DEBUG Engine               - Logging services
17:47:10.763 [FXGL Background Thread 3 ] DEBUG Engine               - class com.almasb.fxgl.app.services.FXGLAssetLoaderService
17:47:10.763 [FXGL Background Thread 3 ] DEBUG Engine               - class com.almasb.fxgl.app.FXGLApplication$GameApplicationService
17:47:10.763 [FXGL Background Thread 3 ] DEBUG Engine               - class com.almasb.fxgl.app.services.FXGLDialogService
17:47:10.763 [FXGL Background Thread 3 ] DEBUG Engine               - class com.almasb.fxgl.app.services.IOTaskExecutorService
17:47:10.763 [FXGL Background Thread 3 ] DEBUG Engine               - class com.almasb.fxgl.io.FileSystemService
17:47:10.763 [FXGL Background Thread 3 ] DEBUG Engine               - class com.almasb.fxgl.localization.LocalizationService
17:47:10.764 [FXGL Background Thread 3 ] DEBUG Engine               - class com.almasb.fxgl.app.services.SystemBundleService
17:47:10.764 [FXGL Background Thread 3 ] DEBUG Engine               - class com.almasb.fxgl.profile.SaveLoadService
17:47:10.764 [FXGL Background Thread 3 ] DEBUG Engine               - class com.almasb.fxgl.ui.FXGLUIFactoryServiceProvider
17:47:10.764 [FXGL Background Thread 3 ] DEBUG Engine               - class com.almasb.fxgl.ui.FXGLDialogFactoryServiceProvider
17:47:10.764 [FXGL Background Thread 3 ] DEBUG Engine               - class com.almasb.fxgl.audio.AudioPlayer
17:47:10.764 [FXGL Background Thread 3 ] DEBUG Engine               - class com.almasb.fxgl.notification.impl.NotificationServiceProvider
17:47:10.764 [FXGL Background Thread 3 ] DEBUG Engine               - class com.almasb.fxgl.achievement.AchievementService
17:47:10.764 [FXGL Background Thread 3 ] DEBUG Engine               - class com.almasb.fxgl.cutscene.CutsceneService
17:47:10.764 [FXGL Background Thread 3 ] DEBUG Engine               - class com.almasb.fxgl.minigames.MiniGameService
17:47:10.764 [FXGL Background Thread 3 ] DEBUG Engine               - class com.almasb.fxgl.net.NetService
17:47:10.764 [FXGL Background Thread 3 ] DEBUG Engine               - class com.almasb.fxgl.app.services.UpdaterService
17:47:10.764 [FXGL Background Thread 3 ] DEBUG Engine               - class com.almasb.fxgl.dev.DevService
17:47:19.906 [JavaFX Application Thread] DEBUG FXGLApplication      - Exiting FXGL
17:47:19.906 [JavaFX Application Thread] DEBUG LoopRunner           - Stopping loop
17:47:19.906 [JavaFX Application Thread] DEBUG SystemBundleService  - Saving FXGL system data
17:47:19.910 [JavaFX Application Thread] DEBUG FileSystemAccess     - Writing to: C:\Users\annak\Documents\GitHub\Project-Winter\system\fxgl.bundle
17:47:19.914 [JavaFX Application Thread] DEBUG Async                - Shutting down background threads
17:47:19.915 [JavaFX Application Thread] DEBUG PrimaryStageWindow   - Closing main window
17:47:19.935 [JavaFX Application Thread] DEBUG Logger               - Closing Logger
