08:59:44.000 [main                     ] DEBUG Logger               - Configured Logger
08:59:44.025 [main                     ] DEBUG GameApplication      - Logging settings
Title: Soot(sin)
Version: 0.0
Width: 480
Height: 320
Fullscreen: false
Intro: false
Profiling: false
Single step:false
App Mode: DEVELOPER
Menu Key: ESCAPE
Stage Style: DECORATED
Scene Factory: class com.almasb.fxgl.app.scene.SceneFactory

08:59:44.345 [JavaFX Application Thread] DEBUG FXGLApplication      - Initializing FXGL
08:59:44.355 [JavaFX Application Thread] INFO  Engine               - FXGL-17.2 (20.08.2022 16.50) on MAC (J:18.0.2.1 FX:18.0.2)
08:59:44.356 [JavaFX Application Thread] DEBUG Engine               - JRE Vendor Name: Oracle Corporation
08:59:44.356 [JavaFX Application Thread] DEBUG Engine               - Running on OS: Mac OS X version 13.4.1
08:59:44.356 [JavaFX Application Thread] DEBUG Engine               - Architecture: aarch64
08:59:44.356 [JavaFX Application Thread] INFO  Engine               - Source code and latest versions at: https://github.com/AlmasB/FXGL
08:59:44.356 [JavaFX Application Thread] INFO  Engine               -       Ask questions and discuss at: https://github.com/AlmasB/FXGL/discussions
08:59:44.357 [JavaFX Application Thread] INFO  Engine               -              Join the FXGL chat at: https://gitter.im/AlmasB/FXGL
08:59:44.420 [JavaFX Application Thread] DEBUG PrimaryStageWindow   - Creating a JavaFX scene
08:59:44.451 [JavaFX Application Thread] DEBUG PrimaryStageWindow   - Target settings size: 480.0 x 320.0
08:59:44.451 [JavaFX Application Thread] DEBUG PrimaryStageWindow   - Scaled scene size:    480.0 x 320.0
08:59:44.451 [JavaFX Application Thread] DEBUG PrimaryStageWindow   - Scaled ratio: (1.0, 1.0)
08:59:44.452 [JavaFX Application Thread] DEBUG PrimaryStageWindow   - Set initial scene to FXGLStartupScene
08:59:44.455 [JavaFX Application Thread] DEBUG PrimaryStageWindow   - Opening main window
08:59:44.515 [JavaFX Application Thread] DEBUG PrimaryStageWindow   - Window border size: (0.0, 28.0)
08:59:44.516 [JavaFX Application Thread] DEBUG PrimaryStageWindow   - Scaled size: 480.0 x 320.0
08:59:44.516 [JavaFX Application Thread] DEBUG PrimaryStageWindow   - Scaled ratio: (1.0, 1.0)
08:59:44.516 [JavaFX Application Thread] DEBUG PrimaryStageWindow   - Scene size: 480.0 x 320.0
08:59:44.516 [JavaFX Application Thread] DEBUG PrimaryStageWindow   - Stage size: 480.0 x 348.0
08:59:44.520 [FXGL Background Thread 1 ] DEBUG Engine               - Initializing environment variables
08:59:44.555 [FXGL Background Thread 1 ] DEBUG FXGLAssetLoaderServi - User app class for loading assets: class com.example.proj.SootApp
08:59:44.556 [FXGL Background Thread 1 ] DEBUG GameApplicationServi - Applying CSS: fxgl_dark.css
08:59:44.556 [FXGL Background Thread 1 ] DEBUG FXGLAssetLoaderServi - Loading from file system: jar:file:///Users/olive/.m2/repository/com/github/almasb/fxgl/17.2/fxgl-17.2.jar!/fxglassets/ui/css/fxgl_dark.css
08:59:44.591 [FXGL Background Thread 1 ] DEBUG GameApplicationServi - Initializing application scenes
08:59:44.760 [FXGL Background Thread 1 ] DEBUG GameWorld            - Game world initialized
08:59:44.798 [FXGL Background Thread 1 ] DEBUG PhysicsWorld         - Physics world initialized: appHeight=320, physics.ppm=50.0
08:59:44.799 [FXGL Background Thread 1 ] DEBUG PhysicsWorld         - Using strategy: BRUTE_FORCE
08:59:44.801 [FXGL Background Thread 1 ] DEBUG GameScene            - Game scene initialized: 480x320
08:59:44.807 [FXGL Background Thread 1 ] WARN  FXGL.DefaultMenu     - FXGLDefaultMenu is not designed for resolutions < 800x600
08:59:44.807 [FXGL Background Thread 1 ] DEBUG FXGL.DefaultMenu     - createMenuBodyGameMenu()
08:59:44.816 [FXGL Background Thread 1 ] DEBUG FXGL.DefaultMenu     - createOptionsMenu()
08:59:44.822 [FXGL Background Thread 1 ] DEBUG FXGLAssetLoaderServi - Loading from file system: jar:file:///Users/olive/.m2/repository/com/github/almasb/fxgl/17.2/fxgl-17.2.jar!/fxglassets/textures/particles/smoke.png
08:59:44.904 [FXGL Background Thread 1 ] DEBUG FXGLAssetLoaderServi - Loading from file system: jar:file:///Users/olive/.m2/repository/com/github/almasb/fxgl/17.2/fxgl-17.2.jar!/fxglassets/textures/particles/trace_horizontal.png
08:59:44.923 [FXGL Background Thread 1 ] DEBUG GameApplicationServi - Application scenes initialized
08:59:44.929 [FXGL Background Thread 1 ] DEBUG SystemBundleService  - Loading FXGL system data
08:59:44.931 [FXGL Background Thread 1 ] DEBUG FileSystemAccess     - Reading from: /Users/olive/Documents/GitHub/Project-Winter/system/fxgl.bundle
08:59:44.937 [FXGL Background Thread 1 ] DEBUG SystemBundleService  - Bundle FXGL: {}
08:59:44.937 [FXGL Background Thread 1 ] DEBUG UpdaterService       - Checking for updates
08:59:44.939 [FXGL Background Thread 4 ] DEBUG FXGLApplication      - Loading fonts
08:59:44.939 [FXGL Background Thread 1 ] DEBUG FXGLApplication      - Loading default localization
08:59:44.939 [FXGL Background Thread 4 ] DEBUG FXGLAssetLoaderServi - Loading from file system: jar:file:///Users/olive/.m2/repository/com/github/almasb/fxgl/17.2/fxgl-17.2.jar!/fxglassets/ui/fonts/VarelaRound-Regular.ttf
08:59:44.939 [FXGL Background Thread 1 ] DEBUG FXGLAssetLoaderServi - Loading from file system: jar:file:///Users/olive/.m2/repository/com/github/almasb/fxgl/17.2/fxgl-17.2.jar!/fxglassets/languages/english.lang
08:59:44.946 [FXGL Background Thread 4 ] DEBUG FXGLAssetLoaderServi - Loading from file system: jar:file:///Users/olive/.m2/repository/com/github/almasb/fxgl/17.2/fxgl-17.2.jar!/fxglassets/ui/fonts/Abel-Regular.ttf
08:59:44.948 [FXGL Background Thread 1 ] INFO  FXGLApplication      - FXGL initialization took: 0.428 sec
08:59:44.948 [FXGL Background Thread 4 ] DEBUG FXGLAssetLoaderServi - Loading from file system: jar:file:///Users/olive/.m2/repository/com/github/almasb/fxgl/17.2/fxgl-17.2.jar!/fxglassets/ui/fonts/TerminalLandMono-Regular.otf
08:59:44.950 [FXGL Background Thread 4 ] DEBUG FXGLAssetLoaderServi - Loading from file system: jar:file:///Users/olive/.m2/repository/com/github/almasb/fxgl/17.2/fxgl-17.2.jar!/fxglassets/ui/fonts/Courier-Prime.ttf
08:59:44.953 [JavaFX Application Thread] DEBUG Input                - Registered new binding: left - Left
08:59:44.953 [JavaFX Application Thread] DEBUG Input                - Registered new binding: right - Right
08:59:44.953 [JavaFX Application Thread] DEBUG Input                - Registered new binding: jump - Up
08:59:44.953 [JavaFX Application Thread] DEBUG FXGLAssetLoaderServi - Loading from file system: jar:file:///Users/olive/.m2/repository/com/github/almasb/fxgl/17.2/fxgl-17.2.jar!/fxglassets/textures/fxgl_icon.png
08:59:44.974 [JavaFX Application Thread] DEBUG FXGLAssetLoaderServi - Loading from file system: jar:file:///Users/olive/.m2/repository/com/github/almasb/fxgl/17.2/fxgl-17.2.jar!/fxglassets/textures/fxgl_default_cursor.png
08:59:44.976 [JavaFX Application Thread] DEBUG Input                - Registered new binding: Screenshot - CTRL+8
08:59:44.976 [JavaFX Application Thread] DEBUG Input                - Registered new binding: System info dump - CTRL+9
08:59:44.976 [JavaFX Application Thread] DEBUG Input                - Registered new binding: Restart - CTRL+R
08:59:44.977 [JavaFX Application Thread] DEBUG Input                - Registered new binding: Toggle Debug Camera - CTRL+7
08:59:44.977 [JavaFX Application Thread] DEBUG LoopRunner           - Starting loop
08:59:44.977 [JavaFX Application Thread] DEBUG LoopRunner           - Initializing JavaFX AnimationTimerLoop
08:59:44.978 [JavaFX Application Thread] DEBUG GameApplicationServi - Starting new game
08:59:44.978 [JavaFX Application Thread] DEBUG Input                - Clearing active input actions
08:59:44.984 [JavaFX Application Thread] DEBUG GameApplicationServi - Removing overlay from FXGLStartupScene and adding to FXGLLoadingScene
08:59:44.984 [JavaFX Application Thread] DEBUG PrimaryStageWindow   - FXGLStartupScene -> FXGLLoadingScene
08:59:44.984 [JavaFX Application Thread] DEBUG GameApplicationServi - Clearing previous game
08:59:44.984 [JavaFX Application Thread] DEBUG GameScene            - Clearing game scene
08:59:44.984 [JavaFX Application Thread] DEBUG GameWorld            - Clearing game world
08:59:44.984 [JavaFX Application Thread] DEBUG PhysicsWorld         - Clearing physics world
08:59:44.985 [FXGL Background Thread 4 ] DEBUG FXGLApplication      - Initializing game
08:59:45.004 [FXGL Background Thread 4 ] DEBUG TMXLevelLoader       - Parsed TiledMap: file:/Users/olive/Documents/GitHub/Project-Winter/proj/target/classes/assets/levels/tmx/Plat1.9.0.tmx
08:59:45.004 [FXGL Background Thread 4 ] DEBUG TMXLevelLoader       - Creating tile layer entities
08:59:45.005 [FXGL Background Thread 4 ] DEBUG TilesetLoader        - Loading view for layer Tile Layer 1
08:59:45.005 [FXGL Background Thread 4 ] DEBUG TilesetLoader        - Created buffer with size 450.0x360.0
08:59:45.010 [JavaFX Application Thread] DEBUG FXGLApplication      - Registering font factories with UI factory
08:59:45.012 [FXGL Background Thread 4 ] DEBUG TMXLevelLoader       - Creating object layer entities
08:59:45.024 [FXGL Background Thread 4 ] DEBUG GameWorld            - Clearing removable entities
08:59:45.025 [FXGL Background Thread 4 ] DEBUG GameWorld            - Setting level: com.almasb.fxgl.entity.level.Level@2dc03e3
08:59:45.029 [FXGL Background Thread 4 ] DEBUG FXGLAssetLoaderServi - Loading from file system: file:/Users/olive/Documents/GitHub/Project-Winter/proj/target/classes/assets/textures/finalSOOT.gif
08:59:45.032 [FXGL Background Thread 4 ] WARN  Entity               - Entity already has component: com.example.proj.component.PlayerControl
08:59:45.033 [FXGL Background Thread 4 ] INFO  FXGLApplication      - Game initialization took: 0.048 sec
08:59:45.081 [JavaFX Application Thread] DEBUG Input                - Clearing active input actions
08:59:45.085 [JavaFX Application Thread] DEBUG GameApplicationServi - Removing overlay from FXGLLoadingScene and adding to GameScene
08:59:45.086 [JavaFX Application Thread] DEBUG PrimaryStageWindow   - FXGLLoadingScene -> GameScene
08:59:45.193 [FXGL Background Thread 2 ] INFO  UpdaterService       - Your current version:  17.2
08:59:45.193 [FXGL Background Thread 2 ] INFO  UpdaterService       - Latest stable version: 21
08:59:47.943 [FXGL Background Thread 3 ] DEBUG Engine               - Logging environment variables
08:59:47.943 [FXGL Background Thread 3 ] DEBUG Engine               - achievements: []
08:59:47.943 [FXGL Background Thread 3 ] DEBUG Engine               - actualHeight: 320.0
08:59:47.944 [FXGL Background Thread 3 ] DEBUG Engine               - actualHeightProperty: ReadOnlyDoubleProperty [value: 320.0]
08:59:47.944 [FXGL Background Thread 3 ] DEBUG Engine               - actualWidth: 480.0
08:59:47.944 [FXGL Background Thread 3 ] DEBUG Engine               - actualWidthProperty: ReadOnlyDoubleProperty [value: 480.0]
08:59:47.944 [FXGL Background Thread 3 ] DEBUG Engine               - appIcon: fxgl_icon.png
08:59:47.944 [FXGL Background Thread 3 ] DEBUG Engine               - applicationMode: DEVELOPER
08:59:47.944 [FXGL Background Thread 3 ] DEBUG Engine               - cSSList: [fxgl_dark.css]
08:59:47.944 [FXGL Background Thread 3 ] DEBUG Engine               - collisionDetectionStrategy: BRUTE_FORCE
08:59:47.944 [FXGL Background Thread 3 ] DEBUG Engine               - configClass: Optional.empty
08:59:47.944 [FXGL Background Thread 3 ] DEBUG Engine               - credits: []
08:59:47.944 [FXGL Background Thread 3 ] DEBUG Engine               - defaultCursor: CursorInfo(imageName=fxgl_default_cursor.png, hotspotX=7.0, hotspotY=6.0)
08:59:47.944 [FXGL Background Thread 3 ] DEBUG Engine               - devBBoxColorProperty: ObjectProperty [value: 0xff0000ff]
08:59:47.944 [FXGL Background Thread 3 ] DEBUG Engine               - devEnableDebugCameraProperty: BooleanProperty [value: false]
08:59:47.944 [FXGL Background Thread 3 ] DEBUG Engine               - devSensorColorProperty: ObjectProperty [value: 0xffff00ff]
08:59:47.945 [FXGL Background Thread 3 ] DEBUG Engine               - devShowBBoxProperty: BooleanProperty [value: false]
08:59:47.945 [FXGL Background Thread 3 ] DEBUG Engine               - devShowPositionProperty: BooleanProperty [value: false]
08:59:47.945 [FXGL Background Thread 3 ] DEBUG Engine               - enabledMenuItems: []
08:59:47.945 [FXGL Background Thread 3 ] DEBUG Engine               - engineServices: [class com.almasb.fxgl.app.services.FXGLAssetLoaderService, class com.almasb.fxgl.app.FXGLApplication$GameApplicationService, class com.almasb.fxgl.app.services.FXGLDialogService, class com.almasb.fxgl.app.services.IOTaskExecutorService, class com.almasb.fxgl.io.FileSystemService, class com.almasb.fxgl.localization.LocalizationService, class com.almasb.fxgl.app.services.SystemBundleService, class com.almasb.fxgl.profile.SaveLoadService, class com.almasb.fxgl.ui.FXGLUIFactoryServiceProvider, class com.almasb.fxgl.ui.FXGLDialogFactoryServiceProvider, class com.almasb.fxgl.audio.AudioPlayer, class com.almasb.fxgl.notification.impl.NotificationServiceProvider, class com.almasb.fxgl.achievement.AchievementService, class com.almasb.fxgl.cutscene.CutsceneService, class com.almasb.fxgl.minigames.MiniGameService, class com.almasb.fxgl.net.NetService, class com.almasb.fxgl.app.services.UpdaterService, class com.almasb.fxgl.dev.DevService]
08:59:47.945 [FXGL Background Thread 3 ] DEBUG Engine               - fontGame: Abel-Regular.ttf
08:59:47.945 [FXGL Background Thread 3 ] DEBUG Engine               - fontMono: TerminalLandMono-Regular.otf
08:59:47.945 [FXGL Background Thread 3 ] DEBUG Engine               - fontText: Courier-Prime.ttf
08:59:47.945 [FXGL Background Thread 3 ] DEBUG Engine               - fontUI: VarelaRound-Regular.ttf
08:59:47.945 [FXGL Background Thread 3 ] DEBUG Engine               - fullScreen: BooleanProperty [value: false]
08:59:47.945 [FXGL Background Thread 3 ] DEBUG Engine               - gameDifficulty: MEDIUM
08:59:47.945 [FXGL Background Thread 3 ] DEBUG Engine               - gameDifficultyProperty: ObjectProperty [value: MEDIUM]
08:59:47.945 [FXGL Background Thread 3 ] DEBUG Engine               - globalMusicVolume: 0.5
08:59:47.945 [FXGL Background Thread 3 ] DEBUG Engine               - globalMusicVolumeProperty: DoubleProperty [value: 0.5]
08:59:47.945 [FXGL Background Thread 3 ] DEBUG Engine               - globalSoundVolume: 0.5
08:59:47.945 [FXGL Background Thread 3 ] DEBUG Engine               - globalSoundVolumeProperty: DoubleProperty [value: 0.5]
08:59:47.945 [FXGL Background Thread 3 ] DEBUG Engine               - height: 320
08:59:47.945 [FXGL Background Thread 3 ] DEBUG Engine               - is3D: false
08:59:47.945 [FXGL Background Thread 3 ] DEBUG Engine               - isAndroid: false
08:59:47.945 [FXGL Background Thread 3 ] DEBUG Engine               - isBrowser: false
08:59:47.945 [FXGL Background Thread 3 ] DEBUG Engine               - isClickFeedbackEnabled: false
08:59:47.945 [FXGL Background Thread 3 ] DEBUG Engine               - isCloseConfirmation: false
08:59:47.945 [FXGL Background Thread 3 ] DEBUG Engine               - isDesktop: true
08:59:47.945 [FXGL Background Thread 3 ] DEBUG Engine               - isDeveloperMenuEnabled: false
08:59:47.945 [FXGL Background Thread 3 ] DEBUG Engine               - isEmbedded: false
08:59:47.945 [FXGL Background Thread 3 ] DEBUG Engine               - isEntityPreloadEnabled: true
08:59:47.945 [FXGL Background Thread 3 ] DEBUG Engine               - isExperimentalTiledLargeMap: false
08:59:47.945 [FXGL Background Thread 3 ] DEBUG Engine               - isFileSystemWriteAllowed: true
08:59:47.946 [FXGL Background Thread 3 ] DEBUG Engine               - isFullScreenAllowed: false
08:59:47.946 [FXGL Background Thread 3 ] DEBUG Engine               - isFullScreenFromStart: false
08:59:47.946 [FXGL Background Thread 3 ] DEBUG Engine               - isGameMenuEnabled: true
08:59:47.946 [FXGL Background Thread 3 ] DEBUG Engine               - isIOS: false
08:59:47.946 [FXGL Background Thread 3 ] DEBUG Engine               - isIntroEnabled: false
08:59:47.946 [FXGL Background Thread 3 ] DEBUG Engine               - isLinux: false
08:59:47.946 [FXGL Background Thread 3 ] DEBUG Engine               - isMac: true
08:59:47.946 [FXGL Background Thread 3 ] DEBUG Engine               - isMainMenuEnabled: false
08:59:47.946 [FXGL Background Thread 3 ] DEBUG Engine               - isManualResizeEnabled: false
08:59:47.946 [FXGL Background Thread 3 ] DEBUG Engine               - isMobile: false
08:59:47.946 [FXGL Background Thread 3 ] DEBUG Engine               - isNative: false
08:59:47.946 [FXGL Background Thread 3 ] DEBUG Engine               - isPauseMusicWhenMinimized: true
08:59:47.946 [FXGL Background Thread 3 ] DEBUG Engine               - isPreserveResizeRatio: false
08:59:47.946 [FXGL Background Thread 3 ] DEBUG Engine               - isProfilingEnabled: false
08:59:47.946 [FXGL Background Thread 3 ] DEBUG Engine               - isScaleAffectedOnResize: true
08:59:47.946 [FXGL Background Thread 3 ] DEBUG Engine               - isSingleStep: false
08:59:47.946 [FXGL Background Thread 3 ] DEBUG Engine               - isUserProfileEnabled: false
08:59:47.946 [FXGL Background Thread 3 ] DEBUG Engine               - isWindows: false
08:59:47.946 [FXGL Background Thread 3 ] DEBUG Engine               - language: ObjectProperty [value: ENGLISH]
08:59:47.946 [FXGL Background Thread 3 ] DEBUG Engine               - menuKey: ESCAPE
08:59:47.946 [FXGL Background Thread 3 ] DEBUG Engine               - mouseSensitivity: 0.2
08:59:47.946 [FXGL Background Thread 3 ] DEBUG Engine               - notificationViewClass: class com.almasb.fxgl.notification.view.XboxNotificationView
08:59:47.946 [FXGL Background Thread 3 ] DEBUG Engine               - pixelsPerMeter: 50.0
08:59:47.946 [FXGL Background Thread 3 ] DEBUG Engine               - platform: MAC
08:59:47.946 [FXGL Background Thread 3 ] DEBUG Engine               - prefHeightProperty: ReadOnlyDoubleProperty [value: 320.0]
08:59:47.946 [FXGL Background Thread 3 ] DEBUG Engine               - prefWidthProperty: ReadOnlyDoubleProperty [value: 480.0]
08:59:47.946 [FXGL Background Thread 3 ] DEBUG Engine               - profileDir: profiles/
08:59:47.946 [FXGL Background Thread 3 ] DEBUG Engine               - profileName: StringProperty [value: DEFAULT]
08:59:47.946 [FXGL Background Thread 3 ] DEBUG Engine               - randomSeed: -1
08:59:47.947 [FXGL Background Thread 3 ] DEBUG Engine               - runtimeInfo: RuntimeInfo(platform=MAC, version=17.2, build=20.08.2022 16.50)
08:59:47.947 [FXGL Background Thread 3 ] DEBUG Engine               - saveFileExt: sav
08:59:47.947 [FXGL Background Thread 3 ] DEBUG Engine               - scaledHeightProp$fxgl: DoubleProperty [bound, value: 320.0]
08:59:47.947 [FXGL Background Thread 3 ] DEBUG Engine               - scaledWidthProp$fxgl: DoubleProperty [bound, value: 480.0]
08:59:47.947 [FXGL Background Thread 3 ] DEBUG Engine               - sceneFactory: com.almasb.fxgl.app.scene.SceneFactory@2b68c84
08:59:47.947 [FXGL Background Thread 3 ] DEBUG Engine               - secondsIn24h: 60
08:59:47.947 [FXGL Background Thread 3 ] DEBUG Engine               - soundMenuBack: menu/back.wav
08:59:47.947 [FXGL Background Thread 3 ] DEBUG Engine               - soundMenuPress: menu/press.wav
08:59:47.947 [FXGL Background Thread 3 ] DEBUG Engine               - soundMenuSelect: menu/select.wav
08:59:47.947 [FXGL Background Thread 3 ] DEBUG Engine               - soundNotification: core/notification.wav
08:59:47.947 [FXGL Background Thread 3 ] DEBUG Engine               - stageStyle: DECORATED
08:59:47.947 [FXGL Background Thread 3 ] DEBUG Engine               - supportedLanguages: [ENGLISH, FRENCH, GERMAN, HUNGARIAN, RUSSIAN]
08:59:47.947 [FXGL Background Thread 3 ] DEBUG Engine               - ticksPerSecond: -1
08:59:47.947 [FXGL Background Thread 3 ] DEBUG Engine               - title: Soot(sin)
08:59:47.947 [FXGL Background Thread 3 ] DEBUG Engine               - urlGithub: https://github.com/AlmasB/FXGL
08:59:47.947 [FXGL Background Thread 3 ] DEBUG Engine               - urlLeaderboard: http://fxgl-top.herokuapp.com/
08:59:47.947 [FXGL Background Thread 3 ] DEBUG Engine               - urlPOM: https://raw.githubusercontent.com/AlmasB/FXGL/release/README.md
08:59:47.947 [FXGL Background Thread 3 ] DEBUG Engine               - userAppClass: class com.example.proj.SootApp
08:59:47.947 [FXGL Background Thread 3 ] DEBUG Engine               - version: 0.0
08:59:47.947 [FXGL Background Thread 3 ] DEBUG Engine               - versionCheckDays: 7
08:59:47.947 [FXGL Background Thread 3 ] DEBUG Engine               - width: 480
08:59:47.947 [FXGL Background Thread 3 ] DEBUG Engine               - Logging services
08:59:47.947 [FXGL Background Thread 3 ] DEBUG Engine               - class com.almasb.fxgl.app.services.FXGLAssetLoaderService
08:59:47.947 [FXGL Background Thread 3 ] DEBUG Engine               - class com.almasb.fxgl.app.FXGLApplication$GameApplicationService
08:59:47.947 [FXGL Background Thread 3 ] DEBUG Engine               - class com.almasb.fxgl.app.services.FXGLDialogService
08:59:47.947 [FXGL Background Thread 3 ] DEBUG Engine               - class com.almasb.fxgl.app.services.IOTaskExecutorService
08:59:47.947 [FXGL Background Thread 3 ] DEBUG Engine               - class com.almasb.fxgl.io.FileSystemService
08:59:47.947 [FXGL Background Thread 3 ] DEBUG Engine               - class com.almasb.fxgl.localization.LocalizationService
08:59:47.947 [FXGL Background Thread 3 ] DEBUG Engine               - class com.almasb.fxgl.app.services.SystemBundleService
08:59:47.947 [FXGL Background Thread 3 ] DEBUG Engine               - class com.almasb.fxgl.profile.SaveLoadService
08:59:47.947 [FXGL Background Thread 3 ] DEBUG Engine               - class com.almasb.fxgl.ui.FXGLUIFactoryServiceProvider
08:59:47.947 [FXGL Background Thread 3 ] DEBUG Engine               - class com.almasb.fxgl.ui.FXGLDialogFactoryServiceProvider
08:59:47.947 [FXGL Background Thread 3 ] DEBUG Engine               - class com.almasb.fxgl.audio.AudioPlayer
08:59:47.948 [FXGL Background Thread 3 ] DEBUG Engine               - class com.almasb.fxgl.notification.impl.NotificationServiceProvider
08:59:47.948 [FXGL Background Thread 3 ] DEBUG Engine               - class com.almasb.fxgl.achievement.AchievementService
08:59:47.948 [FXGL Background Thread 3 ] DEBUG Engine               - class com.almasb.fxgl.cutscene.CutsceneService
08:59:47.948 [FXGL Background Thread 3 ] DEBUG Engine               - class com.almasb.fxgl.minigames.MiniGameService
08:59:47.948 [FXGL Background Thread 3 ] DEBUG Engine               - class com.almasb.fxgl.net.NetService
08:59:47.948 [FXGL Background Thread 3 ] DEBUG Engine               - class com.almasb.fxgl.app.services.UpdaterService
08:59:47.948 [FXGL Background Thread 3 ] DEBUG Engine               - class com.almasb.fxgl.dev.DevService
08:59:48.474 [JavaFX Application Thread] DEBUG FXGLApplication      - Exiting FXGL
08:59:48.474 [JavaFX Application Thread] DEBUG LoopRunner           - Stopping loop
08:59:48.474 [JavaFX Application Thread] DEBUG SystemBundleService  - Saving FXGL system data
08:59:48.477 [JavaFX Application Thread] DEBUG FileSystemAccess     - Writing to: /Users/olive/Documents/GitHub/Project-Winter/system/fxgl.bundle
08:59:48.479 [JavaFX Application Thread] DEBUG Async                - Shutting down background threads
08:59:48.479 [JavaFX Application Thread] DEBUG PrimaryStageWindow   - Closing main window
08:59:48.485 [JavaFX Application Thread] DEBUG Logger               - Closing Logger
