22:07:23.830 [main                     ] DEBUG Logger               - Configured Logger
22:07:23.848 [main                     ] DEBUG GameApplication      - Logging settings
Title: Soot(sin)
Version: 0.0
Width: 700
Height: 360
Fullscreen: false
Intro: false
Profiling: false
Single step:false
App Mode: DEVELOPER
Menu Key: ESCAPE
Stage Style: DECORATED
Scene Factory: class com.almasb.fxgl.app.scene.SceneFactory

22:07:24.155 [JavaFX Application Thread] DEBUG FXGLApplication      - Initializing FXGL
22:07:24.159 [JavaFX Application Thread] INFO  Engine               - FXGL-17.2 (20.08.2022 16.50) on MAC (J:18.0.2.1 FX:18.0.2)
22:07:24.159 [JavaFX Application Thread] DEBUG Engine               - JRE Vendor Name: Oracle Corporation
22:07:24.160 [JavaFX Application Thread] DEBUG Engine               - Running on OS: Mac OS X version 13.4.1
22:07:24.160 [JavaFX Application Thread] DEBUG Engine               - Architecture: aarch64
22:07:24.160 [JavaFX Application Thread] INFO  Engine               - Source code and latest versions at: https://github.com/AlmasB/FXGL
22:07:24.160 [JavaFX Application Thread] INFO  Engine               -       Ask questions and discuss at: https://github.com/AlmasB/FXGL/discussions
22:07:24.160 [JavaFX Application Thread] INFO  Engine               -              Join the FXGL chat at: https://gitter.im/AlmasB/FXGL
22:07:24.226 [JavaFX Application Thread] DEBUG PrimaryStageWindow   - Creating a JavaFX scene
22:07:24.258 [JavaFX Application Thread] DEBUG PrimaryStageWindow   - Target settings size: 700.0 x 360.0
22:07:24.258 [JavaFX Application Thread] DEBUG PrimaryStageWindow   - Scaled scene size:    700.0 x 360.0
22:07:24.258 [JavaFX Application Thread] DEBUG PrimaryStageWindow   - Scaled ratio: (1.0, 1.0)
22:07:24.259 [JavaFX Application Thread] DEBUG PrimaryStageWindow   - Set initial scene to FXGLStartupScene
22:07:24.263 [JavaFX Application Thread] DEBUG PrimaryStageWindow   - Opening main window
22:07:24.432 [JavaFX Application Thread] DEBUG PrimaryStageWindow   - Window border size: (0.0, 28.0)
22:07:24.433 [JavaFX Application Thread] DEBUG PrimaryStageWindow   - Scaled size: 700.0 x 360.0
22:07:24.433 [JavaFX Application Thread] DEBUG PrimaryStageWindow   - Scaled ratio: (1.0, 1.0)
22:07:24.433 [JavaFX Application Thread] DEBUG PrimaryStageWindow   - Scene size: 700.0 x 360.0
22:07:24.433 [JavaFX Application Thread] DEBUG PrimaryStageWindow   - Stage size: 700.0 x 388.0
22:07:24.447 [FXGL Background Thread 1 ] DEBUG Engine               - Initializing environment variables
22:07:24.619 [FXGL Background Thread 1 ] DEBUG FXGLAssetLoaderServi - User app class for loading assets: class com.example.proj.SootApp
22:07:24.620 [FXGL Background Thread 1 ] DEBUG GameApplicationServi - Applying CSS: fxgl_dark.css
22:07:24.621 [FXGL Background Thread 1 ] DEBUG FXGLAssetLoaderServi - Loading from file system: jar:file:///Users/olive/.m2/repository/com/github/almasb/fxgl/17.2/fxgl-17.2.jar!/fxglassets/ui/css/fxgl_dark.css
22:07:24.670 [FXGL Background Thread 1 ] DEBUG GameApplicationServi - Initializing application scenes
22:07:24.858 [FXGL Background Thread 1 ] DEBUG GameWorld            - Game world initialized
22:07:24.894 [FXGL Background Thread 1 ] DEBUG PhysicsWorld         - Physics world initialized: appHeight=360, physics.ppm=50.0
22:07:24.894 [FXGL Background Thread 1 ] DEBUG PhysicsWorld         - Using strategy: BRUTE_FORCE
22:07:24.896 [FXGL Background Thread 1 ] DEBUG GameScene            - Game scene initialized: 700x360
22:07:24.903 [FXGL Background Thread 1 ] WARN  FXGL.DefaultMenu     - FXGLDefaultMenu is not designed for resolutions < 800x600
22:07:24.903 [FXGL Background Thread 1 ] DEBUG FXGL.DefaultMenu     - createMenuBodyGameMenu()
22:07:24.911 [FXGL Background Thread 1 ] DEBUG FXGL.DefaultMenu     - createOptionsMenu()
22:07:24.918 [FXGL Background Thread 1 ] DEBUG FXGLAssetLoaderServi - Loading from file system: jar:file:///Users/olive/.m2/repository/com/github/almasb/fxgl/17.2/fxgl-17.2.jar!/fxglassets/textures/particles/smoke.png
22:07:25.033 [FXGL Background Thread 1 ] DEBUG FXGLAssetLoaderServi - Loading from file system: jar:file:///Users/olive/.m2/repository/com/github/almasb/fxgl/17.2/fxgl-17.2.jar!/fxglassets/textures/particles/trace_horizontal.png
22:07:25.071 [FXGL Background Thread 1 ] DEBUG GameApplicationServi - Application scenes initialized
22:07:25.083 [FXGL Background Thread 1 ] DEBUG SystemBundleService  - Loading FXGL system data
22:07:25.087 [FXGL Background Thread 1 ] DEBUG FileSystemAccess     - Reading from: /Users/olive/Documents/GitHub/Project-Winter/system/fxgl.bundle
22:07:25.095 [FXGL Background Thread 1 ] DEBUG SystemBundleService  - Bundle FXGL: {}
22:07:25.096 [FXGL Background Thread 1 ] DEBUG UpdaterService       - Checking for updates
22:07:25.114 [FXGL Background Thread 1 ] DEBUG FXGLApplication      - Loading default localization
22:07:25.115 [FXGL Background Thread 1 ] DEBUG FXGLAssetLoaderServi - Loading from file system: jar:file:///Users/olive/.m2/repository/com/github/almasb/fxgl/17.2/fxgl-17.2.jar!/fxglassets/languages/english.lang
22:07:25.115 [FXGL Background Thread 4 ] DEBUG FXGLApplication      - Loading fonts
22:07:25.116 [FXGL Background Thread 4 ] DEBUG FXGLAssetLoaderServi - Loading from file system: jar:file:///Users/olive/.m2/repository/com/github/almasb/fxgl/17.2/fxgl-17.2.jar!/fxglassets/ui/fonts/VarelaRound-Regular.ttf
22:07:25.134 [FXGL Background Thread 4 ] DEBUG FXGLAssetLoaderServi - Loading from file system: jar:file:///Users/olive/.m2/repository/com/github/almasb/fxgl/17.2/fxgl-17.2.jar!/fxglassets/ui/fonts/Abel-Regular.ttf
22:07:25.136 [FXGL Background Thread 1 ] INFO  FXGLApplication      - FXGL initialization took: 0.692 sec
22:07:25.141 [FXGL Background Thread 4 ] DEBUG FXGLAssetLoaderServi - Loading from file system: jar:file:///Users/olive/.m2/repository/com/github/almasb/fxgl/17.2/fxgl-17.2.jar!/fxglassets/ui/fonts/TerminalLandMono-Regular.otf
22:07:25.144 [JavaFX Application Thread] DEBUG Input                - Registered new binding: left - Left
22:07:25.144 [JavaFX Application Thread] DEBUG Input                - Registered new binding: right - Right
22:07:25.144 [JavaFX Application Thread] DEBUG Input                - Registered new binding: jump - Up
22:07:25.145 [JavaFX Application Thread] DEBUG FXGLAssetLoaderServi - Loading from file system: jar:file:///Users/olive/.m2/repository/com/github/almasb/fxgl/17.2/fxgl-17.2.jar!/fxglassets/textures/fxgl_icon.png
22:07:25.148 [FXGL Background Thread 4 ] DEBUG FXGLAssetLoaderServi - Loading from file system: jar:file:///Users/olive/.m2/repository/com/github/almasb/fxgl/17.2/fxgl-17.2.jar!/fxglassets/ui/fonts/Courier-Prime.ttf
22:07:25.168 [JavaFX Application Thread] DEBUG FXGLAssetLoaderServi - Loading from file system: jar:file:///Users/olive/.m2/repository/com/github/almasb/fxgl/17.2/fxgl-17.2.jar!/fxglassets/textures/fxgl_default_cursor.png
22:07:25.170 [JavaFX Application Thread] DEBUG Input                - Registered new binding: Screenshot - CTRL+8
22:07:25.170 [JavaFX Application Thread] DEBUG Input                - Registered new binding: System info dump - CTRL+9
22:07:25.170 [JavaFX Application Thread] DEBUG Input                - Registered new binding: Restart - CTRL+R
22:07:25.170 [JavaFX Application Thread] DEBUG Input                - Registered new binding: Toggle Debug Camera - CTRL+7
22:07:25.171 [JavaFX Application Thread] DEBUG LoopRunner           - Starting loop
22:07:25.171 [JavaFX Application Thread] DEBUG LoopRunner           - Initializing JavaFX AnimationTimerLoop
22:07:25.172 [JavaFX Application Thread] DEBUG GameApplicationServi - Starting new game
22:07:25.172 [JavaFX Application Thread] DEBUG Input                - Clearing active input actions
22:07:25.178 [JavaFX Application Thread] DEBUG GameApplicationServi - Removing overlay from FXGLStartupScene and adding to FXGLLoadingScene
22:07:25.179 [JavaFX Application Thread] DEBUG PrimaryStageWindow   - FXGLStartupScene -> FXGLLoadingScene
22:07:25.179 [JavaFX Application Thread] DEBUG GameApplicationServi - Clearing previous game
22:07:25.179 [JavaFX Application Thread] DEBUG GameScene            - Clearing game scene
22:07:25.179 [JavaFX Application Thread] DEBUG GameWorld            - Clearing game world
22:07:25.179 [JavaFX Application Thread] DEBUG PhysicsWorld         - Clearing physics world
22:07:25.180 [FXGL Background Thread 4 ] DEBUG FXGLApplication      - Initializing game
22:07:25.209 [JavaFX Application Thread] DEBUG FXGLApplication      - Registering font factories with UI factory
22:07:25.215 [FXGL Background Thread 4 ] DEBUG TMXLevelLoader       - Parsed TiledMap: file:/Users/olive/Documents/GitHub/Project-Winter/proj/target/classes/assets/levels/tmx/Plat1.9.0.tmx
22:07:25.218 [FXGL Background Thread 4 ] DEBUG TMXLevelLoader       - Creating tile layer entities
22:07:25.220 [FXGL Background Thread 4 ] DEBUG TilesetLoader        - Loading view for layer Tile Layer 1
22:07:25.222 [FXGL Background Thread 4 ] DEBUG TilesetLoader        - Created buffer with size 810.0x360.0
22:07:25.237 [FXGL Background Thread 4 ] DEBUG TMXLevelLoader       - Creating object layer entities
22:07:25.328 [FXGL Background Thread 4 ] DEBUG GameWorld            - Clearing removable entities
22:07:25.328 [FXGL Background Thread 4 ] DEBUG GameWorld            - Setting level: com.almasb.fxgl.entity.level.Level@32b9f6f0
22:07:25.346 [FXGL Background Thread 4 ] DEBUG FXGLAssetLoaderServi - Loading from file system: file:/Users/olive/Documents/GitHub/Project-Winter/proj/target/classes/assets/textures/finalSOOT.gif
22:07:25.358 [FXGL Background Thread 4 ] WARN  Entity               - Entity already has component: com.example.proj.component.PlayerControl
22:07:25.359 [FXGL Background Thread 4 ] DEBUG FXGLAssetLoaderServi - Loading from file system: file:/Users/olive/Documents/GitHub/Project-Winter/proj/target/classes/assets/textures/heart.png
22:07:25.362 [FXGL Background Thread 4 ] INFO  FXGLApplication      - Game initialization took: 0.182 sec
22:07:25.365 [JavaFX Application Thread] DEBUG Input                - Clearing active input actions
22:07:25.372 [JavaFX Application Thread] DEBUG GameApplicationServi - Removing overlay from FXGLLoadingScene and adding to GameScene
22:07:25.372 [JavaFX Application Thread] DEBUG PrimaryStageWindow   - FXGLLoadingScene -> GameScene
22:07:25.668 [FXGL Background Thread 2 ] INFO  UpdaterService       - Your current version:  17.2
22:07:25.668 [FXGL Background Thread 2 ] INFO  UpdaterService       - Latest stable version: 21
22:07:28.106 [FXGL Background Thread 3 ] DEBUG Engine               - Logging environment variables
22:07:28.109 [FXGL Background Thread 3 ] DEBUG Engine               - achievements: []
22:07:28.109 [FXGL Background Thread 3 ] DEBUG Engine               - actualHeight: 360.0
22:07:28.109 [FXGL Background Thread 3 ] DEBUG Engine               - actualHeightProperty: ReadOnlyDoubleProperty [value: 360.0]
22:07:28.109 [FXGL Background Thread 3 ] DEBUG Engine               - actualWidth: 700.0
22:07:28.109 [FXGL Background Thread 3 ] DEBUG Engine               - actualWidthProperty: ReadOnlyDoubleProperty [value: 700.0]
22:07:28.109 [FXGL Background Thread 3 ] DEBUG Engine               - appIcon: fxgl_icon.png
22:07:28.111 [FXGL Background Thread 3 ] DEBUG Engine               - applicationMode: DEVELOPER
22:07:28.111 [FXGL Background Thread 3 ] DEBUG Engine               - cSSList: [fxgl_dark.css]
22:07:28.111 [FXGL Background Thread 3 ] DEBUG Engine               - collisionDetectionStrategy: BRUTE_FORCE
22:07:28.111 [FXGL Background Thread 3 ] DEBUG Engine               - configClass: Optional.empty
22:07:28.111 [FXGL Background Thread 3 ] DEBUG Engine               - credits: []
22:07:28.112 [FXGL Background Thread 3 ] DEBUG Engine               - defaultCursor: CursorInfo(imageName=fxgl_default_cursor.png, hotspotX=7.0, hotspotY=6.0)
22:07:28.113 [FXGL Background Thread 3 ] DEBUG Engine               - devBBoxColorProperty: ObjectProperty [value: 0xff0000ff]
22:07:28.113 [FXGL Background Thread 3 ] DEBUG Engine               - devEnableDebugCameraProperty: BooleanProperty [value: false]
22:07:28.113 [FXGL Background Thread 3 ] DEBUG Engine               - devSensorColorProperty: ObjectProperty [value: 0xffff00ff]
22:07:28.113 [FXGL Background Thread 3 ] DEBUG Engine               - devShowBBoxProperty: BooleanProperty [value: false]
22:07:28.113 [FXGL Background Thread 3 ] DEBUG Engine               - devShowPositionProperty: BooleanProperty [value: false]
22:07:28.113 [FXGL Background Thread 3 ] DEBUG Engine               - enabledMenuItems: []
22:07:28.113 [FXGL Background Thread 3 ] DEBUG Engine               - engineServices: [class com.almasb.fxgl.app.services.FXGLAssetLoaderService, class com.almasb.fxgl.app.FXGLApplication$GameApplicationService, class com.almasb.fxgl.app.services.FXGLDialogService, class com.almasb.fxgl.app.services.IOTaskExecutorService, class com.almasb.fxgl.io.FileSystemService, class com.almasb.fxgl.localization.LocalizationService, class com.almasb.fxgl.app.services.SystemBundleService, class com.almasb.fxgl.profile.SaveLoadService, class com.almasb.fxgl.ui.FXGLUIFactoryServiceProvider, class com.almasb.fxgl.ui.FXGLDialogFactoryServiceProvider, class com.almasb.fxgl.audio.AudioPlayer, class com.almasb.fxgl.notification.impl.NotificationServiceProvider, class com.almasb.fxgl.achievement.AchievementService, class com.almasb.fxgl.cutscene.CutsceneService, class com.almasb.fxgl.minigames.MiniGameService, class com.almasb.fxgl.net.NetService, class com.almasb.fxgl.app.services.UpdaterService, class com.almasb.fxgl.dev.DevService]
22:07:28.113 [FXGL Background Thread 3 ] DEBUG Engine               - fontGame: Abel-Regular.ttf
22:07:28.113 [FXGL Background Thread 3 ] DEBUG Engine               - fontMono: TerminalLandMono-Regular.otf
22:07:28.114 [FXGL Background Thread 3 ] DEBUG Engine               - fontText: Courier-Prime.ttf
22:07:28.114 [FXGL Background Thread 3 ] DEBUG Engine               - fontUI: VarelaRound-Regular.ttf
22:07:28.114 [FXGL Background Thread 3 ] DEBUG Engine               - fullScreen: BooleanProperty [value: false]
22:07:28.114 [FXGL Background Thread 3 ] DEBUG Engine               - gameDifficulty: MEDIUM
22:07:28.114 [FXGL Background Thread 3 ] DEBUG Engine               - gameDifficultyProperty: ObjectProperty [value: MEDIUM]
22:07:28.114 [FXGL Background Thread 3 ] DEBUG Engine               - globalMusicVolume: 0.5
22:07:28.114 [FXGL Background Thread 3 ] DEBUG Engine               - globalMusicVolumeProperty: DoubleProperty [value: 0.5]
22:07:28.114 [FXGL Background Thread 3 ] DEBUG Engine               - globalSoundVolume: 0.5
22:07:28.114 [FXGL Background Thread 3 ] DEBUG Engine               - globalSoundVolumeProperty: DoubleProperty [value: 0.5]
22:07:28.114 [FXGL Background Thread 3 ] DEBUG Engine               - height: 360
22:07:28.114 [FXGL Background Thread 3 ] DEBUG Engine               - is3D: false
22:07:28.115 [FXGL Background Thread 3 ] DEBUG Engine               - isAndroid: false
22:07:28.115 [FXGL Background Thread 3 ] DEBUG Engine               - isBrowser: false
22:07:28.115 [FXGL Background Thread 3 ] DEBUG Engine               - isClickFeedbackEnabled: false
22:07:28.115 [FXGL Background Thread 3 ] DEBUG Engine               - isCloseConfirmation: false
22:07:28.115 [FXGL Background Thread 3 ] DEBUG Engine               - isDesktop: true
22:07:28.115 [FXGL Background Thread 3 ] DEBUG Engine               - isDeveloperMenuEnabled: false
22:07:28.115 [FXGL Background Thread 3 ] DEBUG Engine               - isEmbedded: false
22:07:28.115 [FXGL Background Thread 3 ] DEBUG Engine               - isEntityPreloadEnabled: true
22:07:28.115 [FXGL Background Thread 3 ] DEBUG Engine               - isExperimentalTiledLargeMap: false
22:07:28.115 [FXGL Background Thread 3 ] DEBUG Engine               - isFileSystemWriteAllowed: true
22:07:28.115 [FXGL Background Thread 3 ] DEBUG Engine               - isFullScreenAllowed: false
22:07:28.115 [FXGL Background Thread 3 ] DEBUG Engine               - isFullScreenFromStart: false
22:07:28.116 [FXGL Background Thread 3 ] DEBUG Engine               - isGameMenuEnabled: true
22:07:28.116 [FXGL Background Thread 3 ] DEBUG Engine               - isIOS: false
22:07:28.116 [FXGL Background Thread 3 ] DEBUG Engine               - isIntroEnabled: false
22:07:28.116 [FXGL Background Thread 3 ] DEBUG Engine               - isLinux: false
22:07:28.116 [FXGL Background Thread 3 ] DEBUG Engine               - isMac: true
22:07:28.116 [FXGL Background Thread 3 ] DEBUG Engine               - isMainMenuEnabled: false
22:07:28.116 [FXGL Background Thread 3 ] DEBUG Engine               - isManualResizeEnabled: false
22:07:28.116 [FXGL Background Thread 3 ] DEBUG Engine               - isMobile: false
22:07:28.116 [FXGL Background Thread 3 ] DEBUG Engine               - isNative: false
22:07:28.116 [FXGL Background Thread 3 ] DEBUG Engine               - isPauseMusicWhenMinimized: true
22:07:28.116 [FXGL Background Thread 3 ] DEBUG Engine               - isPreserveResizeRatio: false
22:07:28.116 [FXGL Background Thread 3 ] DEBUG Engine               - isProfilingEnabled: false
22:07:28.116 [FXGL Background Thread 3 ] DEBUG Engine               - isScaleAffectedOnResize: true
22:07:28.117 [FXGL Background Thread 3 ] DEBUG Engine               - isSingleStep: false
22:07:28.117 [FXGL Background Thread 3 ] DEBUG Engine               - isUserProfileEnabled: false
22:07:28.117 [FXGL Background Thread 3 ] DEBUG Engine               - isWindows: false
22:07:28.117 [FXGL Background Thread 3 ] DEBUG Engine               - language: ObjectProperty [value: ENGLISH]
22:07:28.117 [FXGL Background Thread 3 ] DEBUG Engine               - menuKey: ESCAPE
22:07:28.117 [FXGL Background Thread 3 ] DEBUG Engine               - mouseSensitivity: 0.2
22:07:28.117 [FXGL Background Thread 3 ] DEBUG Engine               - notificationViewClass: class com.almasb.fxgl.notification.view.XboxNotificationView
22:07:28.117 [FXGL Background Thread 3 ] DEBUG Engine               - pixelsPerMeter: 50.0
22:07:28.117 [FXGL Background Thread 3 ] DEBUG Engine               - platform: MAC
22:07:28.117 [FXGL Background Thread 3 ] DEBUG Engine               - prefHeightProperty: ReadOnlyDoubleProperty [value: 360.0]
22:07:28.117 [FXGL Background Thread 3 ] DEBUG Engine               - prefWidthProperty: ReadOnlyDoubleProperty [value: 700.0]
22:07:28.117 [FXGL Background Thread 3 ] DEBUG Engine               - profileDir: profiles/
22:07:28.118 [FXGL Background Thread 3 ] DEBUG Engine               - profileName: StringProperty [value: DEFAULT]
22:07:28.118 [FXGL Background Thread 3 ] DEBUG Engine               - randomSeed: -1
22:07:28.118 [FXGL Background Thread 3 ] DEBUG Engine               - runtimeInfo: RuntimeInfo(platform=MAC, version=17.2, build=20.08.2022 16.50)
22:07:28.119 [FXGL Background Thread 3 ] DEBUG Engine               - saveFileExt: sav
22:07:28.119 [FXGL Background Thread 3 ] DEBUG Engine               - scaledHeightProp$fxgl: DoubleProperty [bound, value: 360.0]
22:07:28.119 [FXGL Background Thread 3 ] DEBUG Engine               - scaledWidthProp$fxgl: DoubleProperty [bound, value: 700.0]
22:07:28.119 [FXGL Background Thread 3 ] DEBUG Engine               - sceneFactory: com.almasb.fxgl.app.scene.SceneFactory@40859e3a
22:07:28.119 [FXGL Background Thread 3 ] DEBUG Engine               - secondsIn24h: 60
22:07:28.119 [FXGL Background Thread 3 ] DEBUG Engine               - soundMenuBack: menu/back.wav
22:07:28.119 [FXGL Background Thread 3 ] DEBUG Engine               - soundMenuPress: menu/press.wav
22:07:28.119 [FXGL Background Thread 3 ] DEBUG Engine               - soundMenuSelect: menu/select.wav
22:07:28.119 [FXGL Background Thread 3 ] DEBUG Engine               - soundNotification: core/notification.wav
22:07:28.119 [FXGL Background Thread 3 ] DEBUG Engine               - stageStyle: DECORATED
22:07:28.119 [FXGL Background Thread 3 ] DEBUG Engine               - supportedLanguages: [ENGLISH, FRENCH, GERMAN, HUNGARIAN, RUSSIAN]
22:07:28.119 [FXGL Background Thread 3 ] DEBUG Engine               - ticksPerSecond: -1
22:07:28.119 [FXGL Background Thread 3 ] DEBUG Engine               - title: Soot(sin)
22:07:28.119 [FXGL Background Thread 3 ] DEBUG Engine               - urlGithub: https://github.com/AlmasB/FXGL
22:07:28.119 [FXGL Background Thread 3 ] DEBUG Engine               - urlLeaderboard: http://fxgl-top.herokuapp.com/
22:07:28.120 [FXGL Background Thread 3 ] DEBUG Engine               - urlPOM: https://raw.githubusercontent.com/AlmasB/FXGL/release/README.md
22:07:28.120 [FXGL Background Thread 3 ] DEBUG Engine               - userAppClass: class com.example.proj.SootApp
22:07:28.120 [FXGL Background Thread 3 ] DEBUG Engine               - version: 0.0
22:07:28.120 [FXGL Background Thread 3 ] DEBUG Engine               - versionCheckDays: 7
22:07:28.120 [FXGL Background Thread 3 ] DEBUG Engine               - width: 700
22:07:28.120 [FXGL Background Thread 3 ] DEBUG Engine               - Logging services
22:07:28.120 [FXGL Background Thread 3 ] DEBUG Engine               - class com.almasb.fxgl.app.services.FXGLAssetLoaderService
22:07:28.120 [FXGL Background Thread 3 ] DEBUG Engine               - class com.almasb.fxgl.app.FXGLApplication$GameApplicationService
22:07:28.120 [FXGL Background Thread 3 ] DEBUG Engine               - class com.almasb.fxgl.app.services.FXGLDialogService
22:07:28.120 [FXGL Background Thread 3 ] DEBUG Engine               - class com.almasb.fxgl.app.services.IOTaskExecutorService
22:07:28.120 [FXGL Background Thread 3 ] DEBUG Engine               - class com.almasb.fxgl.io.FileSystemService
22:07:28.120 [FXGL Background Thread 3 ] DEBUG Engine               - class com.almasb.fxgl.localization.LocalizationService
22:07:28.120 [FXGL Background Thread 3 ] DEBUG Engine               - class com.almasb.fxgl.app.services.SystemBundleService
22:07:28.120 [FXGL Background Thread 3 ] DEBUG Engine               - class com.almasb.fxgl.profile.SaveLoadService
22:07:28.120 [FXGL Background Thread 3 ] DEBUG Engine               - class com.almasb.fxgl.ui.FXGLUIFactoryServiceProvider
22:07:28.120 [FXGL Background Thread 3 ] DEBUG Engine               - class com.almasb.fxgl.ui.FXGLDialogFactoryServiceProvider
22:07:28.120 [FXGL Background Thread 3 ] DEBUG Engine               - class com.almasb.fxgl.audio.AudioPlayer
22:07:28.120 [FXGL Background Thread 3 ] DEBUG Engine               - class com.almasb.fxgl.notification.impl.NotificationServiceProvider
22:07:28.120 [FXGL Background Thread 3 ] DEBUG Engine               - class com.almasb.fxgl.achievement.AchievementService
22:07:28.120 [FXGL Background Thread 3 ] DEBUG Engine               - class com.almasb.fxgl.cutscene.CutsceneService
22:07:28.120 [FXGL Background Thread 3 ] DEBUG Engine               - class com.almasb.fxgl.minigames.MiniGameService
22:07:28.121 [FXGL Background Thread 3 ] DEBUG Engine               - class com.almasb.fxgl.net.NetService
22:07:28.121 [FXGL Background Thread 3 ] DEBUG Engine               - class com.almasb.fxgl.app.services.UpdaterService
22:07:28.121 [FXGL Background Thread 3 ] DEBUG Engine               - class com.almasb.fxgl.dev.DevService
22:07:38.211 [JavaFX Application Thread] DEBUG PrimaryStageWindow   - Push state: DialogSubScene
22:07:38.211 [JavaFX Application Thread] DEBUG Input                - Clearing active input actions
22:07:38.213 [JavaFX Application Thread] DEBUG GameApplicationServi - Removing overlay from GameScene and adding to DialogSubScene
22:07:38.214 [JavaFX Application Thread] DEBUG PrimaryStageWindow   - GameScene -> DialogSubScene
22:07:39.735 [JavaFX Application Thread] DEBUG PrimaryStageWindow   - Pop state: DialogSubScene
22:07:39.735 [JavaFX Application Thread] DEBUG Input                - Clearing active input actions
22:07:39.735 [JavaFX Application Thread] DEBUG GameApplicationServi - Removing overlay from DialogSubScene and adding to GameScene
22:07:39.736 [JavaFX Application Thread] DEBUG PrimaryStageWindow   - GameScene <- DialogSubScene
22:07:39.736 [JavaFX Application Thread] DEBUG GameApplicationServi - Starting new game
22:07:39.736 [JavaFX Application Thread] DEBUG Input                - Clearing active input actions
22:07:39.741 [JavaFX Application Thread] DEBUG GameApplicationServi - Removing overlay from GameScene and adding to FXGLLoadingScene
22:07:39.741 [JavaFX Application Thread] DEBUG PrimaryStageWindow   - GameScene -> FXGLLoadingScene
22:07:39.741 [JavaFX Application Thread] DEBUG GameApplicationServi - Clearing previous game
22:07:39.741 [JavaFX Application Thread] DEBUG GameScene            - Clearing game scene
22:07:39.741 [JavaFX Application Thread] DEBUG GameWorld            - Clearing game world
22:07:39.743 [JavaFX Application Thread] DEBUG PhysicsWorld         - Clearing physics world
22:07:39.744 [FXGL Background Thread 2 ] DEBUG FXGLApplication      - Initializing game
22:07:39.748 [FXGL Background Thread 2 ] DEBUG TMXLevelLoader       - Parsed TiledMap: file:/Users/olive/Documents/GitHub/Project-Winter/proj/target/classes/assets/levels/tmx/Plat1.9.0.tmx
22:07:39.748 [FXGL Background Thread 2 ] DEBUG TMXLevelLoader       - Creating tile layer entities
22:07:39.748 [FXGL Background Thread 2 ] DEBUG TilesetLoader        - Loading view for layer Tile Layer 1
22:07:39.748 [FXGL Background Thread 2 ] DEBUG TilesetLoader        - Created buffer with size 810.0x360.0
22:07:39.751 [FXGL Background Thread 2 ] DEBUG TMXLevelLoader       - Creating object layer entities
22:07:39.753 [FXGL Background Thread 2 ] DEBUG GameWorld            - Clearing removable entities
22:07:39.753 [FXGL Background Thread 2 ] DEBUG GameWorld            - Setting level: com.almasb.fxgl.entity.level.Level@d0cc206
22:07:39.755 [FXGL Background Thread 2 ] WARN  Entity               - Entity already has component: com.example.proj.component.PlayerControl
22:07:39.756 [FXGL Background Thread 2 ] INFO  FXGLApplication      - Game initialization took: 0.012 sec
22:07:39.756 [JavaFX Application Thread] DEBUG Input                - Clearing active input actions
22:07:39.759 [JavaFX Application Thread] DEBUG GameApplicationServi - Removing overlay from FXGLLoadingScene and adding to GameScene
22:07:39.759 [JavaFX Application Thread] DEBUG PrimaryStageWindow   - FXGLLoadingScene -> GameScene
22:07:40.850 [JavaFX Application Thread] DEBUG FXGLApplication      - Exiting FXGL
22:07:40.850 [JavaFX Application Thread] DEBUG LoopRunner           - Stopping loop
22:07:40.850 [JavaFX Application Thread] DEBUG SystemBundleService  - Saving FXGL system data
22:07:40.853 [JavaFX Application Thread] DEBUG FileSystemAccess     - Writing to: /Users/olive/Documents/GitHub/Project-Winter/system/fxgl.bundle
22:07:40.855 [JavaFX Application Thread] DEBUG Async                - Shutting down background threads
22:07:40.855 [JavaFX Application Thread] DEBUG PrimaryStageWindow   - Closing main window
22:07:40.862 [JavaFX Application Thread] DEBUG Logger               - Closing Logger
