15:46:14.540 [main                     ] DEBUG Logger               - Configured Logger
15:46:14.590 [main                     ] DEBUG GameApplication      - Logging settings
Title: Soot(sin)
Version: 0.0
Width: 450
Height: 360
Fullscreen: false
Intro: false
Profiling: false
Single step:false
App Mode: DEVELOPER
Menu Key: ESCAPE
Stage Style: DECORATED
Scene Factory: class com.almasb.fxgl.app.scene.SceneFactory

15:46:15.025 [JavaFX Application Thread] DEBUG FXGLApplication      - Initializing FXGL
15:46:15.036 [JavaFX Application Thread] INFO  Engine               - FXGL-17.2 (20.08.2022 16.50) on WINDOWS (J:18.0.2.1 FX:18.0.2)
15:46:15.036 [JavaFX Application Thread] DEBUG Engine               - JRE Vendor Name: Oracle Corporation
15:46:15.037 [JavaFX Application Thread] DEBUG Engine               - Running on OS: Windows 11 version 10.0
15:46:15.037 [JavaFX Application Thread] DEBUG Engine               - Architecture: amd64
15:46:15.037 [JavaFX Application Thread] INFO  Engine               - Source code and latest versions at: https://github.com/AlmasB/FXGL
15:46:15.037 [JavaFX Application Thread] INFO  Engine               -       Ask questions and discuss at: https://github.com/AlmasB/FXGL/discussions
15:46:15.038 [JavaFX Application Thread] INFO  Engine               -              Join the FXGL chat at: https://gitter.im/AlmasB/FXGL
15:46:15.198 [JavaFX Application Thread] DEBUG PrimaryStageWindow   - Creating a JavaFX scene
15:46:15.273 [JavaFX Application Thread] DEBUG PrimaryStageWindow   - Target settings size: 450.0 x 360.0
15:46:15.274 [JavaFX Application Thread] DEBUG PrimaryStageWindow   - Scaled scene size:    450.0 x 360.0
15:46:15.274 [JavaFX Application Thread] DEBUG PrimaryStageWindow   - Scaled ratio: (1.0, 1.0)
15:46:15.276 [JavaFX Application Thread] DEBUG PrimaryStageWindow   - Set initial scene to FXGLStartupScene
15:46:15.290 [JavaFX Application Thread] DEBUG PrimaryStageWindow   - Opening main window
15:46:15.411 [JavaFX Application Thread] DEBUG PrimaryStageWindow   - Window border size: (14.666656494140625, 37.333343505859375)
15:46:15.413 [JavaFX Application Thread] DEBUG PrimaryStageWindow   - Scaled size: 450.0 x 360.0
15:46:15.413 [JavaFX Application Thread] DEBUG PrimaryStageWindow   - Scaled ratio: (1.0, 1.0)
15:46:15.414 [JavaFX Application Thread] DEBUG PrimaryStageWindow   - Scene size: 450.0 x 360.0
15:46:15.414 [JavaFX Application Thread] DEBUG PrimaryStageWindow   - Stage size: 464.6666564941406 x 397.3333435058594
15:46:15.428 [FXGL Background Thread 1 ] DEBUG Engine               - Initializing environment variables
15:46:15.505 [FXGL Background Thread 1 ] DEBUG FXGLAssetLoaderServi - User app class for loading assets: class com.example.proj.SootApp
15:46:15.505 [FXGL Background Thread 1 ] DEBUG GameApplicationServi - Applying CSS: fxgl_dark.css
15:46:15.508 [FXGL Background Thread 1 ] DEBUG FXGLAssetLoaderServi - Loading from file system: jar:file:///C:/Users/aasth/.m2/repository/com/github/almasb/fxgl/17.2/fxgl-17.2.jar!/fxglassets/ui/css/fxgl_dark.css
15:46:15.583 [FXGL Background Thread 1 ] DEBUG GameApplicationServi - Initializing application scenes
15:46:15.657 [FXGL Background Thread 1 ] DEBUG GameWorld            - Game world initialized
15:46:15.746 [FXGL Background Thread 1 ] DEBUG PhysicsWorld         - Physics world initialized: appHeight=360, physics.ppm=50.0
15:46:15.746 [FXGL Background Thread 1 ] DEBUG PhysicsWorld         - Using strategy: BRUTE_FORCE
15:46:15.751 [FXGL Background Thread 1 ] DEBUG GameScene            - Game scene initialized: 450x360
15:46:15.765 [FXGL Background Thread 1 ] WARN  FXGL.DefaultMenu     - FXGLDefaultMenu is not designed for resolutions < 800x600
15:46:15.765 [FXGL Background Thread 1 ] DEBUG FXGL.DefaultMenu     - createMenuBodyGameMenu()
15:46:15.785 [FXGL Background Thread 1 ] DEBUG FXGL.DefaultMenu     - createOptionsMenu()
15:46:15.808 [FXGL Background Thread 1 ] DEBUG FXGLAssetLoaderServi - Loading from file system: jar:file:///C:/Users/aasth/.m2/repository/com/github/almasb/fxgl/17.2/fxgl-17.2.jar!/fxglassets/textures/particles/smoke.png
15:46:15.983 [FXGL Background Thread 1 ] DEBUG FXGLAssetLoaderServi - Loading from file system: jar:file:///C:/Users/aasth/.m2/repository/com/github/almasb/fxgl/17.2/fxgl-17.2.jar!/fxglassets/textures/particles/trace_horizontal.png
15:46:16.026 [FXGL Background Thread 1 ] DEBUG GameApplicationServi - Application scenes initialized
15:46:16.040 [FXGL Background Thread 1 ] DEBUG SystemBundleService  - Loading FXGL system data
15:46:16.047 [FXGL Background Thread 1 ] DEBUG FileSystemAccess     - Reading from: C:\Users\aasth\OneDrive\Documents\GitHub\Project-Winter\system\fxgl.bundle
15:46:16.061 [FXGL Background Thread 1 ] DEBUG SystemBundleService  - Bundle FXGL: {}
15:46:16.061 [FXGL Background Thread 1 ] DEBUG UpdaterService       - Checking for updates
15:46:16.067 [FXGL Background Thread 4 ] DEBUG FXGLApplication      - Loading fonts
15:46:16.067 [FXGL Background Thread 4 ] DEBUG FXGLAssetLoaderServi - Loading from file system: jar:file:///C:/Users/aasth/.m2/repository/com/github/almasb/fxgl/17.2/fxgl-17.2.jar!/fxglassets/ui/fonts/VarelaRound-Regular.ttf
15:46:16.067 [FXGL Background Thread 1 ] DEBUG FXGLApplication      - Loading default localization
15:46:16.068 [FXGL Background Thread 1 ] DEBUG FXGLAssetLoaderServi - Loading from file system: jar:file:///C:/Users/aasth/.m2/repository/com/github/almasb/fxgl/17.2/fxgl-17.2.jar!/fxglassets/languages/english.lang
15:46:16.093 [FXGL Background Thread 1 ] INFO  FXGLApplication      - FXGL initialization took: 0.665 sec
15:46:16.106 [JavaFX Application Thread] DEBUG Input                - Registered new binding: left - Left
15:46:16.106 [JavaFX Application Thread] DEBUG Input                - Registered new binding: right - Right
15:46:16.106 [JavaFX Application Thread] DEBUG Input                - Registered new binding: jump - Up
15:46:16.107 [JavaFX Application Thread] DEBUG FXGLAssetLoaderServi - Loading from file system: jar:file:///C:/Users/aasth/.m2/repository/com/github/almasb/fxgl/17.2/fxgl-17.2.jar!/fxglassets/textures/fxgl_icon.png
15:46:16.132 [JavaFX Application Thread] DEBUG FXGLAssetLoaderServi - Loading from file system: jar:file:///C:/Users/aasth/.m2/repository/com/github/almasb/fxgl/17.2/fxgl-17.2.jar!/fxglassets/textures/fxgl_default_cursor.png
15:46:16.138 [JavaFX Application Thread] DEBUG Input                - Registered new binding: Screenshot - CTRL+8
15:46:16.138 [JavaFX Application Thread] DEBUG Input                - Registered new binding: System info dump - CTRL+9
15:46:16.139 [JavaFX Application Thread] DEBUG Input                - Registered new binding: Restart - CTRL+R
15:46:16.140 [JavaFX Application Thread] DEBUG Input                - Registered new binding: Toggle Debug Camera - CTRL+7
15:46:16.142 [JavaFX Application Thread] DEBUG LoopRunner           - Starting loop
15:46:16.142 [JavaFX Application Thread] DEBUG LoopRunner           - Initializing JavaFX AnimationTimerLoop
15:46:16.144 [JavaFX Application Thread] DEBUG GameApplicationServi - Starting new game
15:46:16.146 [JavaFX Application Thread] DEBUG Input                - Clearing active input actions
15:46:16.160 [JavaFX Application Thread] DEBUG GameApplicationServi - Removing overlay from FXGLStartupScene and adding to FXGLLoadingScene
15:46:16.161 [JavaFX Application Thread] DEBUG PrimaryStageWindow   - FXGLStartupScene -> FXGLLoadingScene
15:46:16.161 [JavaFX Application Thread] DEBUG GameApplicationServi - Clearing previous game
15:46:16.161 [JavaFX Application Thread] DEBUG GameScene            - Clearing game scene
15:46:16.161 [JavaFX Application Thread] DEBUG GameWorld            - Clearing game world
15:46:16.162 [JavaFX Application Thread] DEBUG PhysicsWorld         - Clearing physics world
15:46:16.164 [FXGL Background Thread 4 ] DEBUG FXGLAssetLoaderServi - Loading from file system: jar:file:///C:/Users/aasth/.m2/repository/com/github/almasb/fxgl/17.2/fxgl-17.2.jar!/fxglassets/ui/fonts/Abel-Regular.ttf
15:46:16.168 [FXGL Background Thread 4 ] DEBUG FXGLAssetLoaderServi - Loading from file system: jar:file:///C:/Users/aasth/.m2/repository/com/github/almasb/fxgl/17.2/fxgl-17.2.jar!/fxglassets/ui/fonts/TerminalLandMono-Regular.otf
15:46:16.171 [FXGL Background Thread 4 ] DEBUG FXGLAssetLoaderServi - Loading from file system: jar:file:///C:/Users/aasth/.m2/repository/com/github/almasb/fxgl/17.2/fxgl-17.2.jar!/fxglassets/ui/fonts/Courier-Prime.ttf
15:46:16.216 [JavaFX Application Thread] DEBUG FXGLApplication      - Registering font factories with UI factory
15:46:16.240 [FXGL Background Thread 1 ] DEBUG TMXLevelLoader       - Parsed TiledMap: file:/C:/Users/aasth/OneDrive/Documents/GitHub/Project-Winter/proj/target/classes/assets/levels/tmx/Plat1.9.0.tmx
15:46:16.242 [FXGL Background Thread 1 ] DEBUG TMXLevelLoader       - Creating tile layer entities
15:46:16.243 [FXGL Background Thread 1 ] DEBUG TilesetLoader        - Loading view for layer Tile Layer 1
15:46:16.244 [FXGL Background Thread 1 ] DEBUG TilesetLoader        - Created buffer with size 450.0x360.0
15:46:16.258 [FXGL Background Thread 1 ] DEBUG TMXLevelLoader       - Creating object layer entities
15:46:16.286 [FXGL Background Thread 1 ] DEBUG GameWorld            - Clearing removable entities
15:46:16.286 [FXGL Background Thread 1 ] DEBUG GameWorld            - Setting level: com.almasb.fxgl.entity.level.Level@568d6731
15:46:16.310 [FXGL Background Thread 1 ] DEBUG FXGLAssetLoaderServi - Loading from file system: file:/C:/Users/aasth/OneDrive/Documents/GitHub/Project-Winter/proj/target/classes/assets/textures/finalSOOT.gif
15:46:16.319 [FXGL Background Thread 1 ] WARN  Entity               - Entity already has component: com.example.proj.component.PlayerControl
15:46:16.322 [FXGL Background Thread 1 ] INFO  FXGLApplication      - Game initialization took: 0.157 sec
15:46:16.344 [JavaFX Application Thread] DEBUG Input                - Clearing active input actions
15:46:16.361 [JavaFX Application Thread] DEBUG GameApplicationServi - Removing overlay from FXGLLoadingScene and adding to GameScene
15:46:16.362 [JavaFX Application Thread] DEBUG PrimaryStageWindow   - FXGLLoadingScene -> GameScene
15:46:16.671 [FXGL Background Thread 2 ] INFO  UpdaterService       - Your current version:  17.2
15:46:16.672 [FXGL Background Thread 2 ] INFO  UpdaterService       - Latest stable version: 21
15:46:18.641 [JavaFX Application Thread] DEBUG FXGLApplication      - Exiting FXGL
15:46:18.641 [JavaFX Application Thread] DEBUG LoopRunner           - Stopping loop
15:46:18.641 [JavaFX Application Thread] DEBUG SystemBundleService  - Saving FXGL system data
15:46:18.647 [JavaFX Application Thread] DEBUG FileSystemAccess     - Writing to: C:\Users\aasth\OneDrive\Documents\GitHub\Project-Winter\system\fxgl.bundle
15:46:18.652 [JavaFX Application Thread] DEBUG Async                - Shutting down background threads
15:46:18.652 [JavaFX Application Thread] DEBUG PrimaryStageWindow   - Closing main window
15:46:18.696 [JavaFX Application Thread] DEBUG Logger               - Closing Logger
