17:53:47.356 [main                     ] DEBUG Logger               - Configured Logger
17:53:47.375 [main                     ] DEBUG GameApplication      - Logging settings
Title: Soot(sin)
Version: 0.0
Width: 450
Height: 360
Fullscreen: false
Intro: false
Profiling: false
Single step:false
App Mode: DEVELOPER
Menu Key: ESCAPE
Stage Style: DECORATED
Scene Factory: class com.almasb.fxgl.app.scene.SceneFactory

17:53:47.721 [JavaFX Application Thread] DEBUG FXGLApplication      - Initializing FXGL
17:53:47.725 [JavaFX Application Thread] INFO  Engine               - FXGL-17.2 (20.08.2022 16.50) on MAC (J:18.0.2.1 FX:18.0.2)
17:53:47.725 [JavaFX Application Thread] DEBUG Engine               - JRE Vendor Name: Oracle Corporation
17:53:47.726 [JavaFX Application Thread] DEBUG Engine               - Running on OS: Mac OS X version 13.4.1
17:53:47.726 [JavaFX Application Thread] DEBUG Engine               - Architecture: aarch64
17:53:47.726 [JavaFX Application Thread] INFO  Engine               - Source code and latest versions at: https://github.com/AlmasB/FXGL
17:53:47.726 [JavaFX Application Thread] INFO  Engine               -       Ask questions and discuss at: https://github.com/AlmasB/FXGL/discussions
17:53:47.726 [JavaFX Application Thread] INFO  Engine               -              Join the FXGL chat at: https://gitter.im/AlmasB/FXGL
17:53:47.788 [JavaFX Application Thread] DEBUG PrimaryStageWindow   - Creating a JavaFX scene
17:53:47.814 [JavaFX Application Thread] DEBUG PrimaryStageWindow   - Target settings size: 450.0 x 360.0
17:53:47.815 [JavaFX Application Thread] DEBUG PrimaryStageWindow   - Scaled scene size:    450.0 x 360.0
17:53:47.815 [JavaFX Application Thread] DEBUG PrimaryStageWindow   - Scaled ratio: (1.0, 1.0)
17:53:47.815 [JavaFX Application Thread] DEBUG PrimaryStageWindow   - Set initial scene to FXGLStartupScene
17:53:47.819 [JavaFX Application Thread] DEBUG PrimaryStageWindow   - Opening main window
17:53:47.960 [JavaFX Application Thread] DEBUG PrimaryStageWindow   - Window border size: (0.0, 28.0)
17:53:47.960 [JavaFX Application Thread] DEBUG PrimaryStageWindow   - Scaled size: 450.0 x 360.0
17:53:47.960 [JavaFX Application Thread] DEBUG PrimaryStageWindow   - Scaled ratio: (1.0, 1.0)
17:53:47.961 [JavaFX Application Thread] DEBUG PrimaryStageWindow   - Scene size: 450.0 x 360.0
17:53:47.961 [JavaFX Application Thread] DEBUG PrimaryStageWindow   - Stage size: 450.0 x 388.0
17:53:47.967 [FXGL Background Thread 1 ] DEBUG Engine               - Initializing environment variables
17:53:48.123 [FXGL Background Thread 1 ] DEBUG FXGLAssetLoaderServi - User app class for loading assets: class com.example.proj.SootApp
17:53:48.123 [FXGL Background Thread 1 ] DEBUG GameApplicationServi - Applying CSS: fxgl_dark.css
17:53:48.124 [FXGL Background Thread 1 ] DEBUG FXGLAssetLoaderServi - Loading from file system: jar:file:///Users/olive/.m2/repository/com/github/almasb/fxgl/17.2/fxgl-17.2.jar!/fxglassets/ui/css/fxgl_dark.css
17:53:48.162 [FXGL Background Thread 1 ] DEBUG GameApplicationServi - Initializing application scenes
17:53:48.352 [FXGL Background Thread 1 ] DEBUG GameWorld            - Game world initialized
17:53:48.399 [FXGL Background Thread 1 ] DEBUG PhysicsWorld         - Physics world initialized: appHeight=360, physics.ppm=50.0
17:53:48.400 [FXGL Background Thread 1 ] DEBUG PhysicsWorld         - Using strategy: BRUTE_FORCE
17:53:48.406 [FXGL Background Thread 1 ] DEBUG GameScene            - Game scene initialized: 450x360
17:53:48.421 [FXGL Background Thread 1 ] WARN  FXGL.DefaultMenu     - FXGLDefaultMenu is not designed for resolutions < 800x600
17:53:48.421 [FXGL Background Thread 1 ] DEBUG FXGL.DefaultMenu     - createMenuBodyGameMenu()
17:53:48.442 [FXGL Background Thread 1 ] DEBUG FXGL.DefaultMenu     - createOptionsMenu()
17:53:48.455 [FXGL Background Thread 1 ] DEBUG FXGLAssetLoaderServi - Loading from file system: jar:file:///Users/olive/.m2/repository/com/github/almasb/fxgl/17.2/fxgl-17.2.jar!/fxglassets/textures/particles/smoke.png
17:53:48.597 [FXGL Background Thread 1 ] DEBUG FXGLAssetLoaderServi - Loading from file system: jar:file:///Users/olive/.m2/repository/com/github/almasb/fxgl/17.2/fxgl-17.2.jar!/fxglassets/textures/particles/trace_horizontal.png
17:53:48.629 [FXGL Background Thread 1 ] DEBUG GameApplicationServi - Application scenes initialized
17:53:48.644 [FXGL Background Thread 1 ] DEBUG SystemBundleService  - Loading FXGL system data
17:53:48.650 [FXGL Background Thread 1 ] DEBUG FileSystemAccess     - Reading from: /Users/olive/Documents/GitHub/Project-Winter/system/fxgl.bundle
17:53:48.662 [FXGL Background Thread 1 ] DEBUG SystemBundleService  - Bundle FXGL: {}
17:53:48.662 [FXGL Background Thread 1 ] DEBUG UpdaterService       - Checking for updates
17:53:48.673 [FXGL Background Thread 1 ] DEBUG FXGLApplication      - Loading default localization
17:53:48.673 [FXGL Background Thread 1 ] DEBUG FXGLAssetLoaderServi - Loading from file system: jar:file:///Users/olive/.m2/repository/com/github/almasb/fxgl/17.2/fxgl-17.2.jar!/fxglassets/languages/english.lang
17:53:48.677 [FXGL Background Thread 4 ] DEBUG FXGLApplication      - Loading fonts
17:53:48.678 [FXGL Background Thread 4 ] DEBUG FXGLAssetLoaderServi - Loading from file system: jar:file:///Users/olive/.m2/repository/com/github/almasb/fxgl/17.2/fxgl-17.2.jar!/fxglassets/ui/fonts/VarelaRound-Regular.ttf
17:53:48.697 [FXGL Background Thread 1 ] INFO  FXGLApplication      - FXGL initialization took: 0.730 sec
17:53:48.702 [FXGL Background Thread 4 ] DEBUG FXGLAssetLoaderServi - Loading from file system: jar:file:///Users/olive/.m2/repository/com/github/almasb/fxgl/17.2/fxgl-17.2.jar!/fxglassets/ui/fonts/Abel-Regular.ttf
17:53:48.704 [JavaFX Application Thread] DEBUG Input                - Registered new binding: left - Left
17:53:48.704 [JavaFX Application Thread] DEBUG Input                - Registered new binding: right - Right
17:53:48.704 [JavaFX Application Thread] DEBUG Input                - Registered new binding: jump - Up
17:53:48.705 [JavaFX Application Thread] DEBUG FXGLAssetLoaderServi - Loading from file system: jar:file:///Users/olive/.m2/repository/com/github/almasb/fxgl/17.2/fxgl-17.2.jar!/fxglassets/textures/fxgl_icon.png
17:53:48.705 [FXGL Background Thread 4 ] DEBUG FXGLAssetLoaderServi - Loading from file system: jar:file:///Users/olive/.m2/repository/com/github/almasb/fxgl/17.2/fxgl-17.2.jar!/fxglassets/ui/fonts/TerminalLandMono-Regular.otf
17:53:48.710 [FXGL Background Thread 4 ] DEBUG FXGLAssetLoaderServi - Loading from file system: jar:file:///Users/olive/.m2/repository/com/github/almasb/fxgl/17.2/fxgl-17.2.jar!/fxglassets/ui/fonts/Courier-Prime.ttf
17:53:48.733 [JavaFX Application Thread] DEBUG FXGLAssetLoaderServi - Loading from file system: jar:file:///Users/olive/.m2/repository/com/github/almasb/fxgl/17.2/fxgl-17.2.jar!/fxglassets/textures/fxgl_default_cursor.png
17:53:48.735 [JavaFX Application Thread] DEBUG Input                - Registered new binding: Screenshot - CTRL+8
17:53:48.735 [JavaFX Application Thread] DEBUG Input                - Registered new binding: System info dump - CTRL+9
17:53:48.735 [JavaFX Application Thread] DEBUG Input                - Registered new binding: Restart - CTRL+R
17:53:48.735 [JavaFX Application Thread] DEBUG Input                - Registered new binding: Toggle Debug Camera - CTRL+7
17:53:48.736 [JavaFX Application Thread] DEBUG LoopRunner           - Starting loop
17:53:48.736 [JavaFX Application Thread] DEBUG LoopRunner           - Initializing JavaFX AnimationTimerLoop
17:53:48.737 [JavaFX Application Thread] DEBUG GameApplicationServi - Starting new game
17:53:48.737 [JavaFX Application Thread] DEBUG Input                - Clearing active input actions
17:53:48.746 [JavaFX Application Thread] DEBUG GameApplicationServi - Removing overlay from FXGLStartupScene and adding to FXGLLoadingScene
17:53:48.747 [JavaFX Application Thread] DEBUG PrimaryStageWindow   - FXGLStartupScene -> FXGLLoadingScene
17:53:48.747 [JavaFX Application Thread] DEBUG GameApplicationServi - Clearing previous game
17:53:48.747 [JavaFX Application Thread] DEBUG GameScene            - Clearing game scene
17:53:48.747 [JavaFX Application Thread] DEBUG GameWorld            - Clearing game world
17:53:48.747 [JavaFX Application Thread] DEBUG PhysicsWorld         - Clearing physics world
17:53:48.749 [FXGL Background Thread 4 ] DEBUG FXGLApplication      - Initializing game
17:53:48.779 [FXGL Background Thread 4 ] DEBUG TMXLevelLoader       - Parsed TiledMap: file:/Users/olive/Documents/GitHub/Project-Winter/proj/target/classes/assets/levels/tmx/Plat1.9.0.tmx
17:53:48.779 [JavaFX Application Thread] DEBUG FXGLApplication      - Registering font factories with UI factory
17:53:48.779 [FXGL Background Thread 4 ] DEBUG TMXLevelLoader       - Creating tile layer entities
17:53:48.780 [FXGL Background Thread 4 ] DEBUG TilesetLoader        - Loading view for layer Tile Layer 1
17:53:48.781 [FXGL Background Thread 4 ] DEBUG TilesetLoader        - Created buffer with size 450.0x360.0
17:53:48.790 [FXGL Background Thread 4 ] DEBUG TMXLevelLoader       - Creating object layer entities
17:53:48.803 [FXGL Background Thread 4 ] DEBUG GameWorld            - Clearing removable entities
17:53:48.803 [FXGL Background Thread 4 ] DEBUG GameWorld            - Setting level: com.almasb.fxgl.entity.level.Level@62fc6a42
17:53:48.808 [FXGL Background Thread 4 ] DEBUG FXGLAssetLoaderServi - Loading from file system: file:/Users/olive/Documents/GitHub/Project-Winter/proj/target/classes/assets/textures/finalSOOT.gif
17:53:48.813 [FXGL Background Thread 4 ] WARN  Entity               - Entity already has component: com.example.proj.component.PlayerControl
17:53:48.814 [FXGL Background Thread 4 ] INFO  FXGLApplication      - Game initialization took: 0.066 sec
17:53:48.859 [JavaFX Application Thread] DEBUG Input                - Clearing active input actions
17:53:48.870 [JavaFX Application Thread] DEBUG GameApplicationServi - Removing overlay from FXGLLoadingScene and adding to GameScene
17:53:48.870 [JavaFX Application Thread] DEBUG PrimaryStageWindow   - FXGLLoadingScene -> GameScene
17:53:49.109 [FXGL Background Thread 2 ] INFO  UpdaterService       - Your current version:  17.2
17:53:49.109 [FXGL Background Thread 2 ] INFO  UpdaterService       - Latest stable version: 21
17:53:51.671 [FXGL Background Thread 3 ] DEBUG Engine               - Logging environment variables
17:53:51.672 [FXGL Background Thread 3 ] DEBUG Engine               - achievements: []
17:53:51.673 [FXGL Background Thread 3 ] DEBUG Engine               - actualHeight: 360.0
17:53:51.673 [FXGL Background Thread 3 ] DEBUG Engine               - actualHeightProperty: ReadOnlyDoubleProperty [value: 360.0]
17:53:51.673 [FXGL Background Thread 3 ] DEBUG Engine               - actualWidth: 450.0
17:53:51.673 [FXGL Background Thread 3 ] DEBUG Engine               - actualWidthProperty: ReadOnlyDoubleProperty [value: 450.0]
17:53:51.673 [FXGL Background Thread 3 ] DEBUG Engine               - appIcon: fxgl_icon.png
17:53:51.673 [FXGL Background Thread 3 ] DEBUG Engine               - applicationMode: DEVELOPER
17:53:51.673 [FXGL Background Thread 3 ] DEBUG Engine               - cSSList: [fxgl_dark.css]
17:53:51.673 [FXGL Background Thread 3 ] DEBUG Engine               - collisionDetectionStrategy: BRUTE_FORCE
17:53:51.674 [FXGL Background Thread 3 ] DEBUG Engine               - configClass: Optional.empty
17:53:51.674 [FXGL Background Thread 3 ] DEBUG Engine               - credits: []
17:53:51.674 [FXGL Background Thread 3 ] DEBUG Engine               - defaultCursor: CursorInfo(imageName=fxgl_default_cursor.png, hotspotX=7.0, hotspotY=6.0)
17:53:51.674 [FXGL Background Thread 3 ] DEBUG Engine               - devBBoxColorProperty: ObjectProperty [value: 0xff0000ff]
17:53:51.675 [FXGL Background Thread 3 ] DEBUG Engine               - devEnableDebugCameraProperty: BooleanProperty [value: false]
17:53:51.675 [FXGL Background Thread 3 ] DEBUG Engine               - devSensorColorProperty: ObjectProperty [value: 0xffff00ff]
17:53:51.675 [FXGL Background Thread 3 ] DEBUG Engine               - devShowBBoxProperty: BooleanProperty [value: false]
17:53:51.675 [FXGL Background Thread 3 ] DEBUG Engine               - devShowPositionProperty: BooleanProperty [value: false]
17:53:51.675 [FXGL Background Thread 3 ] DEBUG Engine               - enabledMenuItems: []
17:53:51.675 [FXGL Background Thread 3 ] DEBUG Engine               - engineServices: [class com.almasb.fxgl.app.services.FXGLAssetLoaderService, class com.almasb.fxgl.app.FXGLApplication$GameApplicationService, class com.almasb.fxgl.app.services.FXGLDialogService, class com.almasb.fxgl.app.services.IOTaskExecutorService, class com.almasb.fxgl.io.FileSystemService, class com.almasb.fxgl.localization.LocalizationService, class com.almasb.fxgl.app.services.SystemBundleService, class com.almasb.fxgl.profile.SaveLoadService, class com.almasb.fxgl.ui.FXGLUIFactoryServiceProvider, class com.almasb.fxgl.ui.FXGLDialogFactoryServiceProvider, class com.almasb.fxgl.audio.AudioPlayer, class com.almasb.fxgl.notification.impl.NotificationServiceProvider, class com.almasb.fxgl.achievement.AchievementService, class com.almasb.fxgl.cutscene.CutsceneService, class com.almasb.fxgl.minigames.MiniGameService, class com.almasb.fxgl.net.NetService, class com.almasb.fxgl.app.services.UpdaterService, class com.almasb.fxgl.dev.DevService]
17:53:51.675 [FXGL Background Thread 3 ] DEBUG Engine               - fontGame: Abel-Regular.ttf
17:53:51.675 [FXGL Background Thread 3 ] DEBUG Engine               - fontMono: TerminalLandMono-Regular.otf
17:53:51.675 [FXGL Background Thread 3 ] DEBUG Engine               - fontText: Courier-Prime.ttf
17:53:51.675 [FXGL Background Thread 3 ] DEBUG Engine               - fontUI: VarelaRound-Regular.ttf
17:53:51.675 [FXGL Background Thread 3 ] DEBUG Engine               - fullScreen: BooleanProperty [value: false]
17:53:51.675 [FXGL Background Thread 3 ] DEBUG Engine               - gameDifficulty: MEDIUM
17:53:51.675 [FXGL Background Thread 3 ] DEBUG Engine               - gameDifficultyProperty: ObjectProperty [value: MEDIUM]
17:53:51.675 [FXGL Background Thread 3 ] DEBUG Engine               - globalMusicVolume: 0.5
17:53:51.676 [FXGL Background Thread 3 ] DEBUG Engine               - globalMusicVolumeProperty: DoubleProperty [value: 0.5]
17:53:51.676 [FXGL Background Thread 3 ] DEBUG Engine               - globalSoundVolume: 0.5
17:53:51.676 [FXGL Background Thread 3 ] DEBUG Engine               - globalSoundVolumeProperty: DoubleProperty [value: 0.5]
17:53:51.676 [FXGL Background Thread 3 ] DEBUG Engine               - height: 360
17:53:51.676 [FXGL Background Thread 3 ] DEBUG Engine               - is3D: false
17:53:51.676 [FXGL Background Thread 3 ] DEBUG Engine               - isAndroid: false
17:53:51.676 [FXGL Background Thread 3 ] DEBUG Engine               - isBrowser: false
17:53:51.676 [FXGL Background Thread 3 ] DEBUG Engine               - isClickFeedbackEnabled: false
17:53:51.676 [FXGL Background Thread 3 ] DEBUG Engine               - isCloseConfirmation: false
17:53:51.676 [FXGL Background Thread 3 ] DEBUG Engine               - isDesktop: true
17:53:51.676 [FXGL Background Thread 3 ] DEBUG Engine               - isDeveloperMenuEnabled: false
17:53:51.676 [FXGL Background Thread 3 ] DEBUG Engine               - isEmbedded: false
17:53:51.676 [FXGL Background Thread 3 ] DEBUG Engine               - isEntityPreloadEnabled: true
17:53:51.676 [FXGL Background Thread 3 ] DEBUG Engine               - isExperimentalTiledLargeMap: false
17:53:51.676 [FXGL Background Thread 3 ] DEBUG Engine               - isFileSystemWriteAllowed: true
17:53:51.676 [FXGL Background Thread 3 ] DEBUG Engine               - isFullScreenAllowed: false
17:53:51.677 [FXGL Background Thread 3 ] DEBUG Engine               - isFullScreenFromStart: false
17:53:51.677 [FXGL Background Thread 3 ] DEBUG Engine               - isGameMenuEnabled: true
17:53:51.677 [FXGL Background Thread 3 ] DEBUG Engine               - isIOS: false
17:53:51.677 [FXGL Background Thread 3 ] DEBUG Engine               - isIntroEnabled: false
17:53:51.677 [FXGL Background Thread 3 ] DEBUG Engine               - isLinux: false
17:53:51.677 [FXGL Background Thread 3 ] DEBUG Engine               - isMac: true
17:53:51.677 [FXGL Background Thread 3 ] DEBUG Engine               - isMainMenuEnabled: false
17:53:51.677 [FXGL Background Thread 3 ] DEBUG Engine               - isManualResizeEnabled: false
17:53:51.677 [FXGL Background Thread 3 ] DEBUG Engine               - isMobile: false
17:53:51.677 [FXGL Background Thread 3 ] DEBUG Engine               - isNative: false
17:53:51.677 [FXGL Background Thread 3 ] DEBUG Engine               - isPauseMusicWhenMinimized: true
17:53:51.677 [FXGL Background Thread 3 ] DEBUG Engine               - isPreserveResizeRatio: false
17:53:51.677 [FXGL Background Thread 3 ] DEBUG Engine               - isProfilingEnabled: false
17:53:51.677 [FXGL Background Thread 3 ] DEBUG Engine               - isScaleAffectedOnResize: true
17:53:51.677 [FXGL Background Thread 3 ] DEBUG Engine               - isSingleStep: false
17:53:51.677 [FXGL Background Thread 3 ] DEBUG Engine               - isUserProfileEnabled: false
17:53:51.677 [FXGL Background Thread 3 ] DEBUG Engine               - isWindows: false
17:53:51.677 [FXGL Background Thread 3 ] DEBUG Engine               - language: ObjectProperty [value: ENGLISH]
17:53:51.677 [FXGL Background Thread 3 ] DEBUG Engine               - menuKey: ESCAPE
17:53:51.678 [FXGL Background Thread 3 ] DEBUG Engine               - mouseSensitivity: 0.2
17:53:51.678 [FXGL Background Thread 3 ] DEBUG Engine               - notificationViewClass: class com.almasb.fxgl.notification.view.XboxNotificationView
17:53:51.678 [FXGL Background Thread 3 ] DEBUG Engine               - pixelsPerMeter: 50.0
17:53:51.678 [FXGL Background Thread 3 ] DEBUG Engine               - platform: MAC
17:53:51.678 [FXGL Background Thread 3 ] DEBUG Engine               - prefHeightProperty: ReadOnlyDoubleProperty [value: 360.0]
17:53:51.678 [FXGL Background Thread 3 ] DEBUG Engine               - prefWidthProperty: ReadOnlyDoubleProperty [value: 450.0]
17:53:51.678 [FXGL Background Thread 3 ] DEBUG Engine               - profileDir: profiles/
17:53:51.678 [FXGL Background Thread 3 ] DEBUG Engine               - profileName: StringProperty [value: DEFAULT]
17:53:51.678 [FXGL Background Thread 3 ] DEBUG Engine               - randomSeed: -1
17:53:51.678 [FXGL Background Thread 3 ] DEBUG Engine               - runtimeInfo: RuntimeInfo(platform=MAC, version=17.2, build=20.08.2022 16.50)
17:53:51.678 [FXGL Background Thread 3 ] DEBUG Engine               - saveFileExt: sav
17:53:51.679 [FXGL Background Thread 3 ] DEBUG Engine               - scaledHeightProp$fxgl: DoubleProperty [bound, value: 360.0]
17:53:51.679 [FXGL Background Thread 3 ] DEBUG Engine               - scaledWidthProp$fxgl: DoubleProperty [bound, value: 450.0]
17:53:51.679 [FXGL Background Thread 3 ] DEBUG Engine               - sceneFactory: com.almasb.fxgl.app.scene.SceneFactory@6f510d12
17:53:51.679 [FXGL Background Thread 3 ] DEBUG Engine               - secondsIn24h: 60
17:53:51.679 [FXGL Background Thread 3 ] DEBUG Engine               - soundMenuBack: menu/back.wav
17:53:51.679 [FXGL Background Thread 3 ] DEBUG Engine               - soundMenuPress: menu/press.wav
17:53:51.679 [FXGL Background Thread 3 ] DEBUG Engine               - soundMenuSelect: menu/select.wav
17:53:51.679 [FXGL Background Thread 3 ] DEBUG Engine               - soundNotification: core/notification.wav
17:53:51.679 [FXGL Background Thread 3 ] DEBUG Engine               - stageStyle: DECORATED
17:53:51.679 [FXGL Background Thread 3 ] DEBUG Engine               - supportedLanguages: [ENGLISH, FRENCH, GERMAN, HUNGARIAN, RUSSIAN]
17:53:51.679 [FXGL Background Thread 3 ] DEBUG Engine               - ticksPerSecond: -1
17:53:51.679 [FXGL Background Thread 3 ] DEBUG Engine               - title: Soot(sin)
17:53:51.679 [FXGL Background Thread 3 ] DEBUG Engine               - urlGithub: https://github.com/AlmasB/FXGL
17:53:51.679 [FXGL Background Thread 3 ] DEBUG Engine               - urlLeaderboard: http://fxgl-top.herokuapp.com/
17:53:51.679 [FXGL Background Thread 3 ] DEBUG Engine               - urlPOM: https://raw.githubusercontent.com/AlmasB/FXGL/release/README.md
17:53:51.679 [FXGL Background Thread 3 ] DEBUG Engine               - userAppClass: class com.example.proj.SootApp
17:53:51.679 [FXGL Background Thread 3 ] DEBUG Engine               - version: 0.0
17:53:51.679 [FXGL Background Thread 3 ] DEBUG Engine               - versionCheckDays: 7
17:53:51.679 [FXGL Background Thread 3 ] DEBUG Engine               - width: 450
17:53:51.679 [FXGL Background Thread 3 ] DEBUG Engine               - Logging services
17:53:51.680 [FXGL Background Thread 3 ] DEBUG Engine               - class com.almasb.fxgl.app.services.FXGLAssetLoaderService
17:53:51.680 [FXGL Background Thread 3 ] DEBUG Engine               - class com.almasb.fxgl.app.FXGLApplication$GameApplicationService
17:53:51.680 [FXGL Background Thread 3 ] DEBUG Engine               - class com.almasb.fxgl.app.services.FXGLDialogService
17:53:51.680 [FXGL Background Thread 3 ] DEBUG Engine               - class com.almasb.fxgl.app.services.IOTaskExecutorService
17:53:51.680 [FXGL Background Thread 3 ] DEBUG Engine               - class com.almasb.fxgl.io.FileSystemService
17:53:51.680 [FXGL Background Thread 3 ] DEBUG Engine               - class com.almasb.fxgl.localization.LocalizationService
17:53:51.680 [FXGL Background Thread 3 ] DEBUG Engine               - class com.almasb.fxgl.app.services.SystemBundleService
17:53:51.680 [FXGL Background Thread 3 ] DEBUG Engine               - class com.almasb.fxgl.profile.SaveLoadService
17:53:51.680 [FXGL Background Thread 3 ] DEBUG Engine               - class com.almasb.fxgl.ui.FXGLUIFactoryServiceProvider
17:53:51.680 [FXGL Background Thread 3 ] DEBUG Engine               - class com.almasb.fxgl.ui.FXGLDialogFactoryServiceProvider
17:53:51.680 [FXGL Background Thread 3 ] DEBUG Engine               - class com.almasb.fxgl.audio.AudioPlayer
17:53:51.680 [FXGL Background Thread 3 ] DEBUG Engine               - class com.almasb.fxgl.notification.impl.NotificationServiceProvider
17:53:51.680 [FXGL Background Thread 3 ] DEBUG Engine               - class com.almasb.fxgl.achievement.AchievementService
17:53:51.680 [FXGL Background Thread 3 ] DEBUG Engine               - class com.almasb.fxgl.cutscene.CutsceneService
17:53:51.680 [FXGL Background Thread 3 ] DEBUG Engine               - class com.almasb.fxgl.minigames.MiniGameService
17:53:51.680 [FXGL Background Thread 3 ] DEBUG Engine               - class com.almasb.fxgl.net.NetService
17:53:51.680 [FXGL Background Thread 3 ] DEBUG Engine               - class com.almasb.fxgl.app.services.UpdaterService
17:53:51.680 [FXGL Background Thread 3 ] DEBUG Engine               - class com.almasb.fxgl.dev.DevService
17:54:22.102 [JavaFX Application Thread] DEBUG FXGLApplication      - Exiting FXGL
17:54:22.102 [JavaFX Application Thread] DEBUG LoopRunner           - Stopping loop
17:54:22.102 [JavaFX Application Thread] DEBUG SystemBundleService  - Saving FXGL system data
17:54:22.106 [JavaFX Application Thread] DEBUG FileSystemAccess     - Writing to: /Users/olive/Documents/GitHub/Project-Winter/system/fxgl.bundle
17:54:22.108 [JavaFX Application Thread] DEBUG Async                - Shutting down background threads
17:54:22.108 [JavaFX Application Thread] DEBUG PrimaryStageWindow   - Closing main window
17:54:22.116 [JavaFX Application Thread] DEBUG Logger               - Closing Logger
