16:09:52.381 [main                     ] DEBUG Logger               - Configured Logger
16:09:52.402 [main                     ] DEBUG GameApplication      - Logging settings
Title: Soot(sin)
Version: 0.0
Width: 450
Height: 360
Fullscreen: false
Intro: false
Profiling: false
Single step:false
App Mode: DEVELOPER
Menu Key: ESCAPE
Stage Style: DECORATED
Scene Factory: class com.almasb.fxgl.app.scene.SceneFactory

16:09:52.880 [JavaFX Application Thread] DEBUG FXGLApplication      - Initializing FXGL
16:09:52.886 [JavaFX Application Thread] INFO  Engine               - FXGL-17.2 (20.08.2022 16.50) on MAC (J:18.0.2.1 FX:18.0.2)
16:09:52.887 [JavaFX Application Thread] DEBUG Engine               - JRE Vendor Name: Oracle Corporation
16:09:52.887 [JavaFX Application Thread] DEBUG Engine               - Running on OS: Mac OS X version 13.4.1
16:09:52.887 [JavaFX Application Thread] DEBUG Engine               - Architecture: aarch64
16:09:52.888 [JavaFX Application Thread] INFO  Engine               - Source code and latest versions at: https://github.com/AlmasB/FXGL
16:09:52.888 [JavaFX Application Thread] INFO  Engine               -       Ask questions and discuss at: https://github.com/AlmasB/FXGL/discussions
16:09:52.888 [JavaFX Application Thread] INFO  Engine               -              Join the FXGL chat at: https://gitter.im/AlmasB/FXGL
16:09:52.993 [JavaFX Application Thread] DEBUG PrimaryStageWindow   - Creating a JavaFX scene
16:09:53.038 [JavaFX Application Thread] DEBUG PrimaryStageWindow   - Target settings size: 450.0 x 360.0
16:09:53.039 [JavaFX Application Thread] DEBUG PrimaryStageWindow   - Scaled scene size:    450.0 x 360.0
16:09:53.039 [JavaFX Application Thread] DEBUG PrimaryStageWindow   - Scaled ratio: (1.0, 1.0)
16:09:53.039 [JavaFX Application Thread] DEBUG PrimaryStageWindow   - Set initial scene to FXGLStartupScene
16:09:53.044 [JavaFX Application Thread] DEBUG PrimaryStageWindow   - Opening main window
16:09:53.236 [JavaFX Application Thread] DEBUG PrimaryStageWindow   - Window border size: (0.0, 28.0)
16:09:53.236 [JavaFX Application Thread] DEBUG PrimaryStageWindow   - Scaled size: 450.0 x 360.0
16:09:53.237 [JavaFX Application Thread] DEBUG PrimaryStageWindow   - Scaled ratio: (1.0, 1.0)
16:09:53.237 [JavaFX Application Thread] DEBUG PrimaryStageWindow   - Scene size: 450.0 x 360.0
16:09:53.237 [JavaFX Application Thread] DEBUG PrimaryStageWindow   - Stage size: 450.0 x 388.0
16:09:53.248 [FXGL Background Thread 1 ] DEBUG Engine               - Initializing environment variables
16:09:53.437 [FXGL Background Thread 1 ] DEBUG FXGLAssetLoaderServi - User app class for loading assets: class com.example.proj.SootApp
16:09:53.439 [FXGL Background Thread 1 ] DEBUG GameApplicationServi - Applying CSS: fxgl_dark.css
16:09:53.441 [FXGL Background Thread 1 ] DEBUG FXGLAssetLoaderServi - Loading from file system: jar:file:///Users/olive/.m2/repository/com/github/almasb/fxgl/17.2/fxgl-17.2.jar!/fxglassets/ui/css/fxgl_dark.css
16:09:53.519 [FXGL Background Thread 1 ] DEBUG GameApplicationServi - Initializing application scenes
16:09:53.798 [FXGL Background Thread 1 ] DEBUG GameWorld            - Game world initialized
16:09:53.878 [FXGL Background Thread 1 ] DEBUG PhysicsWorld         - Physics world initialized: appHeight=360, physics.ppm=50.0
16:09:53.878 [FXGL Background Thread 1 ] DEBUG PhysicsWorld         - Using strategy: BRUTE_FORCE
16:09:53.884 [FXGL Background Thread 1 ] DEBUG GameScene            - Game scene initialized: 450x360
16:09:53.909 [FXGL Background Thread 1 ] WARN  FXGL.DefaultMenu     - FXGLDefaultMenu is not designed for resolutions < 800x600
16:09:53.909 [FXGL Background Thread 1 ] DEBUG FXGL.DefaultMenu     - createMenuBodyGameMenu()
16:09:53.929 [FXGL Background Thread 1 ] DEBUG FXGL.DefaultMenu     - createOptionsMenu()
16:09:53.994 [FXGL Background Thread 1 ] DEBUG FXGLAssetLoaderServi - Loading from file system: jar:file:///Users/olive/.m2/repository/com/github/almasb/fxgl/17.2/fxgl-17.2.jar!/fxglassets/textures/particles/smoke.png
16:09:54.443 [FXGL Background Thread 1 ] DEBUG FXGLAssetLoaderServi - Loading from file system: jar:file:///Users/olive/.m2/repository/com/github/almasb/fxgl/17.2/fxgl-17.2.jar!/fxglassets/textures/particles/trace_horizontal.png
16:09:54.478 [FXGL Background Thread 1 ] DEBUG GameApplicationServi - Application scenes initialized
16:09:54.489 [FXGL Background Thread 1 ] DEBUG SystemBundleService  - Loading FXGL system data
16:09:54.493 [FXGL Background Thread 1 ] DEBUG FileSystemAccess     - Reading from: /Users/olive/Documents/GitHub/Project-Winter/system/fxgl.bundle
16:09:54.505 [FXGL Background Thread 1 ] DEBUG SystemBundleService  - Bundle FXGL: {}
16:09:54.505 [FXGL Background Thread 1 ] DEBUG UpdaterService       - Checking for updates
16:09:54.508 [FXGL Background Thread 4 ] DEBUG FXGLApplication      - Loading fonts
16:09:54.509 [FXGL Background Thread 4 ] DEBUG FXGLAssetLoaderServi - Loading from file system: jar:file:///Users/olive/.m2/repository/com/github/almasb/fxgl/17.2/fxgl-17.2.jar!/fxglassets/ui/fonts/VarelaRound-Regular.ttf
16:09:54.509 [FXGL Background Thread 1 ] DEBUG FXGLApplication      - Loading default localization
16:09:54.510 [FXGL Background Thread 1 ] DEBUG FXGLAssetLoaderServi - Loading from file system: jar:file:///Users/olive/.m2/repository/com/github/almasb/fxgl/17.2/fxgl-17.2.jar!/fxglassets/languages/english.lang
16:09:54.524 [FXGL Background Thread 4 ] DEBUG FXGLAssetLoaderServi - Loading from file system: jar:file:///Users/olive/.m2/repository/com/github/almasb/fxgl/17.2/fxgl-17.2.jar!/fxglassets/ui/fonts/Abel-Regular.ttf
16:09:54.527 [FXGL Background Thread 4 ] DEBUG FXGLAssetLoaderServi - Loading from file system: jar:file:///Users/olive/.m2/repository/com/github/almasb/fxgl/17.2/fxgl-17.2.jar!/fxglassets/ui/fonts/TerminalLandMono-Regular.otf
16:09:54.527 [FXGL Background Thread 1 ] INFO  FXGLApplication      - FXGL initialization took: 1.279 sec
16:09:54.533 [FXGL Background Thread 4 ] DEBUG FXGLAssetLoaderServi - Loading from file system: jar:file:///Users/olive/.m2/repository/com/github/almasb/fxgl/17.2/fxgl-17.2.jar!/fxglassets/ui/fonts/Courier-Prime.ttf
16:09:54.536 [JavaFX Application Thread] DEBUG Input                - Registered new binding: left - Left
16:09:54.536 [JavaFX Application Thread] DEBUG Input                - Registered new binding: right - Right
16:09:54.537 [JavaFX Application Thread] DEBUG Input                - Registered new binding: jump - Up
16:09:54.537 [JavaFX Application Thread] DEBUG FXGLAssetLoaderServi - Loading from file system: jar:file:///Users/olive/.m2/repository/com/github/almasb/fxgl/17.2/fxgl-17.2.jar!/fxglassets/textures/fxgl_icon.png
16:09:54.571 [JavaFX Application Thread] DEBUG FXGLAssetLoaderServi - Loading from file system: jar:file:///Users/olive/.m2/repository/com/github/almasb/fxgl/17.2/fxgl-17.2.jar!/fxglassets/textures/fxgl_default_cursor.png
16:09:54.574 [JavaFX Application Thread] DEBUG Input                - Registered new binding: Screenshot - CTRL+8
16:09:54.575 [JavaFX Application Thread] DEBUG Input                - Registered new binding: System info dump - CTRL+9
16:09:54.575 [JavaFX Application Thread] DEBUG Input                - Registered new binding: Restart - CTRL+R
16:09:54.575 [JavaFX Application Thread] DEBUG Input                - Registered new binding: Toggle Debug Camera - CTRL+7
16:09:54.577 [JavaFX Application Thread] DEBUG LoopRunner           - Starting loop
16:09:54.577 [JavaFX Application Thread] DEBUG LoopRunner           - Initializing JavaFX AnimationTimerLoop
16:09:54.578 [JavaFX Application Thread] DEBUG GameApplicationServi - Starting new game
16:09:54.578 [JavaFX Application Thread] DEBUG Input                - Clearing active input actions
16:09:54.588 [JavaFX Application Thread] DEBUG GameApplicationServi - Removing overlay from FXGLStartupScene and adding to FXGLLoadingScene
16:09:54.588 [JavaFX Application Thread] DEBUG PrimaryStageWindow   - FXGLStartupScene -> FXGLLoadingScene
16:09:54.588 [JavaFX Application Thread] DEBUG GameApplicationServi - Clearing previous game
16:09:54.588 [JavaFX Application Thread] DEBUG GameScene            - Clearing game scene
16:09:54.588 [JavaFX Application Thread] DEBUG GameWorld            - Clearing game world
16:09:54.588 [JavaFX Application Thread] DEBUG PhysicsWorld         - Clearing physics world
16:09:54.590 [FXGL Background Thread 4 ] DEBUG FXGLApplication      - Initializing game
16:09:54.630 [FXGL Background Thread 4 ] DEBUG TMXLevelLoader       - Parsed TiledMap: file:/Users/olive/Documents/GitHub/Project-Winter/proj/target/classes/assets/levels/tmx/Plat1.9.0.tmx
16:09:54.631 [FXGL Background Thread 4 ] DEBUG TMXLevelLoader       - Creating tile layer entities
16:09:54.632 [FXGL Background Thread 4 ] DEBUG TilesetLoader        - Loading view for layer Tile Layer 1
16:09:54.632 [FXGL Background Thread 4 ] DEBUG TilesetLoader        - Created buffer with size 450.0x360.0
16:09:54.643 [FXGL Background Thread 4 ] DEBUG TMXLevelLoader       - Creating object layer entities
16:09:54.646 [JavaFX Application Thread] DEBUG FXGLApplication      - Registering font factories with UI factory
16:09:54.664 [FXGL Background Thread 4 ] DEBUG GameWorld            - Clearing removable entities
16:09:54.665 [FXGL Background Thread 4 ] DEBUG GameWorld            - Setting level: com.almasb.fxgl.entity.level.Level@75d9494a
16:09:54.672 [FXGL Background Thread 4 ] DEBUG FXGLAssetLoaderServi - Loading from file system: file:/Users/olive/Documents/GitHub/Project-Winter/proj/target/classes/assets/textures/finalSOOT.gif
16:09:54.681 [FXGL Background Thread 4 ] WARN  Entity               - Entity already has component: com.example.proj.component.PlayerControl
16:09:54.770 [JavaFX Application Thread] DEBUG LoopRunner           - Stopping loop
16:09:54.771 [JavaFX Application Thread] FATAL FXGLApplication      - Uncaught Exception:
java.lang.RuntimeException: Initialization failed
	at com.almasb.fxgl.all@17.2/com.almasb.fxgl.app.FXGLApplication$InitAppTask.failed(FXGLApplication.kt:343)
	at javafx.graphics@18.0.2/javafx.concurrent.Task.setState(Task.java:710)
	at javafx.graphics@18.0.2/javafx.concurrent.Task$TaskCallable.lambda$call$2(Task.java:1456)
	at javafx.graphics@18.0.2/com.sun.javafx.application.PlatformImpl.lambda$runLater$10(PlatformImpl.java:457)
	at java.base/java.security.AccessController.doPrivileged(AccessController.java:399)
	at javafx.graphics@18.0.2/com.sun.javafx.application.PlatformImpl.lambda$runLater$11(PlatformImpl.java:456)
	at javafx.graphics@18.0.2/com.sun.glass.ui.InvokeLaterDispatcher$Future.run(InvokeLaterDispatcher.java:96)
Caused by: java.lang.IllegalStateException: Not on FX application thread; currentThread = FXGL Background Thread 4
	at javafx.graphics@18.0.2/com.sun.javafx.tk.Toolkit.checkFxUserThread(Toolkit.java:297)
	at javafx.graphics@18.0.2/com.sun.javafx.tk.quantum.QuantumToolkit.checkFxUserThread(QuantumToolkit.java:458)
	at javafx.graphics@18.0.2/javafx.stage.Stage.<init>(Stage.java:258)
	at javafx.graphics@18.0.2/javafx.stage.Stage.<init>(Stage.java:244)
	at javafx.controls@18.0.2/javafx.scene.control.HeavyweightDialog$1.<init>(HeavyweightDialog.java:52)
	at javafx.controls@18.0.2/javafx.scene.control.HeavyweightDialog.<init>(HeavyweightDialog.java:52)
	at javafx.controls@18.0.2/javafx.scene.control.Dialog.<init>(Dialog.java:268)
	at javafx.controls@18.0.2/javafx.scene.control.Alert.<init>(Alert.java:247)
	at javafx.controls@18.0.2/javafx.scene.control.Alert.<init>(Alert.java:222)
	at com.example.proj.main@1.0-SNAPSHOT/com.example.proj.SootApp.initUI(SootApp.java:200)
	at com.almasb.fxgl.all@17.2/com.almasb.fxgl.app.FXGLApplication$InitAppTask.call(FXGLApplication.kt:321)
	at com.almasb.fxgl.all@17.2/com.almasb.fxgl.app.FXGLApplication$InitAppTask.call(FXGLApplication.kt:311)
	at javafx.graphics@18.0.2/javafx.concurrent.Task$TaskCallable.call(Task.java:1426)
	at java.base/java.util.concurrent.FutureTask.run(FutureTask.java:264)
	at java.base/java.util.concurrent.Executors$RunnableAdapter.call(Executors.java:539)
	at java.base/java.util.concurrent.FutureTask.run(FutureTask.java:264)
	at java.base/java.util.concurrent.ThreadPoolExecutor.runWorker(ThreadPoolExecutor.java:1136)
	at java.base/java.util.concurrent.ThreadPoolExecutor$Worker.run(ThreadPoolExecutor.java:635)
	at java.base/java.lang.Thread.run(Thread.java:833)

16:09:54.771 [JavaFX Application Thread] FATAL FXGLApplication      - Application will now exit
16:09:54.787 [JavaFX Application Thread] DEBUG PrimaryStageWindow   - Push state: ErrorSubScene
16:09:54.787 [JavaFX Application Thread] DEBUG Input                - Clearing active input actions
16:09:54.791 [JavaFX Application Thread] DEBUG GameApplicationServi - Removing overlay from FXGLLoadingScene and adding to ErrorSubScene
16:09:54.792 [JavaFX Application Thread] DEBUG PrimaryStageWindow   - FXGLLoadingScene -> ErrorSubScene
16:09:54.934 [FXGL Background Thread 2 ] INFO  UpdaterService       - Your current version:  17.2
16:09:54.935 [FXGL Background Thread 2 ] INFO  UpdaterService       - Latest stable version: 21
16:09:57.515 [FXGL Background Thread 3 ] DEBUG Engine               - Logging environment variables
16:09:57.517 [FXGL Background Thread 3 ] DEBUG Engine               - achievements: []
16:09:57.517 [FXGL Background Thread 3 ] DEBUG Engine               - actualHeight: 360.0
16:09:57.517 [FXGL Background Thread 3 ] DEBUG Engine               - actualHeightProperty: ReadOnlyDoubleProperty [value: 360.0]
16:09:57.517 [FXGL Background Thread 3 ] DEBUG Engine               - actualWidth: 450.0
16:09:57.517 [FXGL Background Thread 3 ] DEBUG Engine               - actualWidthProperty: ReadOnlyDoubleProperty [value: 450.0]
16:09:57.517 [FXGL Background Thread 3 ] DEBUG Engine               - appIcon: fxgl_icon.png
16:09:57.517 [FXGL Background Thread 3 ] DEBUG Engine               - applicationMode: DEVELOPER
16:09:57.517 [FXGL Background Thread 3 ] DEBUG Engine               - cSSList: [fxgl_dark.css]
16:09:57.517 [FXGL Background Thread 3 ] DEBUG Engine               - collisionDetectionStrategy: BRUTE_FORCE
16:09:57.517 [FXGL Background Thread 3 ] DEBUG Engine               - configClass: Optional.empty
16:09:57.517 [FXGL Background Thread 3 ] DEBUG Engine               - credits: []
16:09:57.518 [FXGL Background Thread 3 ] DEBUG Engine               - defaultCursor: CursorInfo(imageName=fxgl_default_cursor.png, hotspotX=7.0, hotspotY=6.0)
16:09:57.518 [FXGL Background Thread 3 ] DEBUG Engine               - devBBoxColorProperty: ObjectProperty [value: 0xff0000ff]
16:09:57.518 [FXGL Background Thread 3 ] DEBUG Engine               - devEnableDebugCameraProperty: BooleanProperty [value: false]
16:09:57.518 [FXGL Background Thread 3 ] DEBUG Engine               - devSensorColorProperty: ObjectProperty [value: 0xffff00ff]
16:09:57.518 [FXGL Background Thread 3 ] DEBUG Engine               - devShowBBoxProperty: BooleanProperty [value: false]
16:09:57.518 [FXGL Background Thread 3 ] DEBUG Engine               - devShowPositionProperty: BooleanProperty [value: false]
16:09:57.519 [FXGL Background Thread 3 ] DEBUG Engine               - enabledMenuItems: []
16:09:57.519 [FXGL Background Thread 3 ] DEBUG Engine               - engineServices: [class com.almasb.fxgl.app.services.FXGLAssetLoaderService, class com.almasb.fxgl.app.FXGLApplication$GameApplicationService, class com.almasb.fxgl.app.services.FXGLDialogService, class com.almasb.fxgl.app.services.IOTaskExecutorService, class com.almasb.fxgl.io.FileSystemService, class com.almasb.fxgl.localization.LocalizationService, class com.almasb.fxgl.app.services.SystemBundleService, class com.almasb.fxgl.profile.SaveLoadService, class com.almasb.fxgl.ui.FXGLUIFactoryServiceProvider, class com.almasb.fxgl.ui.FXGLDialogFactoryServiceProvider, class com.almasb.fxgl.audio.AudioPlayer, class com.almasb.fxgl.notification.impl.NotificationServiceProvider, class com.almasb.fxgl.achievement.AchievementService, class com.almasb.fxgl.cutscene.CutsceneService, class com.almasb.fxgl.minigames.MiniGameService, class com.almasb.fxgl.net.NetService, class com.almasb.fxgl.app.services.UpdaterService, class com.almasb.fxgl.dev.DevService]
16:09:57.519 [FXGL Background Thread 3 ] DEBUG Engine               - fontGame: Abel-Regular.ttf
16:09:57.519 [FXGL Background Thread 3 ] DEBUG Engine               - fontMono: TerminalLandMono-Regular.otf
16:09:57.519 [FXGL Background Thread 3 ] DEBUG Engine               - fontText: Courier-Prime.ttf
16:09:57.519 [FXGL Background Thread 3 ] DEBUG Engine               - fontUI: VarelaRound-Regular.ttf
16:09:57.519 [FXGL Background Thread 3 ] DEBUG Engine               - fullScreen: BooleanProperty [value: false]
16:09:57.519 [FXGL Background Thread 3 ] DEBUG Engine               - gameDifficulty: MEDIUM
16:09:57.519 [FXGL Background Thread 3 ] DEBUG Engine               - gameDifficultyProperty: ObjectProperty [value: MEDIUM]
16:09:57.519 [FXGL Background Thread 3 ] DEBUG Engine               - globalMusicVolume: 0.5
16:09:57.519 [FXGL Background Thread 3 ] DEBUG Engine               - globalMusicVolumeProperty: DoubleProperty [value: 0.5]
16:09:57.519 [FXGL Background Thread 3 ] DEBUG Engine               - globalSoundVolume: 0.5
16:09:57.519 [FXGL Background Thread 3 ] DEBUG Engine               - globalSoundVolumeProperty: DoubleProperty [value: 0.5]
16:09:57.519 [FXGL Background Thread 3 ] DEBUG Engine               - height: 360
16:09:57.520 [FXGL Background Thread 3 ] DEBUG Engine               - is3D: false
16:09:57.520 [FXGL Background Thread 3 ] DEBUG Engine               - isAndroid: false
16:09:57.520 [FXGL Background Thread 3 ] DEBUG Engine               - isBrowser: false
16:09:57.520 [FXGL Background Thread 3 ] DEBUG Engine               - isClickFeedbackEnabled: false
16:09:57.520 [FXGL Background Thread 3 ] DEBUG Engine               - isCloseConfirmation: false
16:09:57.520 [FXGL Background Thread 3 ] DEBUG Engine               - isDesktop: true
16:09:57.520 [FXGL Background Thread 3 ] DEBUG Engine               - isDeveloperMenuEnabled: false
16:09:57.520 [FXGL Background Thread 3 ] DEBUG Engine               - isEmbedded: false
16:09:57.520 [FXGL Background Thread 3 ] DEBUG Engine               - isEntityPreloadEnabled: true
16:09:57.521 [FXGL Background Thread 3 ] DEBUG Engine               - isExperimentalTiledLargeMap: false
16:09:57.522 [FXGL Background Thread 3 ] DEBUG Engine               - isFileSystemWriteAllowed: true
16:09:57.522 [FXGL Background Thread 3 ] DEBUG Engine               - isFullScreenAllowed: false
16:09:57.522 [FXGL Background Thread 3 ] DEBUG Engine               - isFullScreenFromStart: false
16:09:57.522 [FXGL Background Thread 3 ] DEBUG Engine               - isGameMenuEnabled: true
16:09:57.522 [FXGL Background Thread 3 ] DEBUG Engine               - isIOS: false
16:09:57.522 [FXGL Background Thread 3 ] DEBUG Engine               - isIntroEnabled: false
16:09:57.522 [FXGL Background Thread 3 ] DEBUG Engine               - isLinux: false
16:09:57.522 [FXGL Background Thread 3 ] DEBUG Engine               - isMac: true
16:09:57.522 [FXGL Background Thread 3 ] DEBUG Engine               - isMainMenuEnabled: false
16:09:57.522 [FXGL Background Thread 3 ] DEBUG Engine               - isManualResizeEnabled: false
16:09:57.522 [FXGL Background Thread 3 ] DEBUG Engine               - isMobile: false
16:09:57.522 [FXGL Background Thread 3 ] DEBUG Engine               - isNative: false
16:09:57.522 [FXGL Background Thread 3 ] DEBUG Engine               - isPauseMusicWhenMinimized: true
16:09:57.522 [FXGL Background Thread 3 ] DEBUG Engine               - isPreserveResizeRatio: false
16:09:57.522 [FXGL Background Thread 3 ] DEBUG Engine               - isProfilingEnabled: false
16:09:57.522 [FXGL Background Thread 3 ] DEBUG Engine               - isScaleAffectedOnResize: true
16:09:57.523 [FXGL Background Thread 3 ] DEBUG Engine               - isSingleStep: false
16:09:57.523 [FXGL Background Thread 3 ] DEBUG Engine               - isUserProfileEnabled: false
16:09:57.523 [FXGL Background Thread 3 ] DEBUG Engine               - isWindows: false
16:09:57.523 [FXGL Background Thread 3 ] DEBUG Engine               - language: ObjectProperty [value: ENGLISH]
16:09:57.523 [FXGL Background Thread 3 ] DEBUG Engine               - menuKey: ESCAPE
16:09:57.523 [FXGL Background Thread 3 ] DEBUG Engine               - mouseSensitivity: 0.2
16:09:57.523 [FXGL Background Thread 3 ] DEBUG Engine               - notificationViewClass: class com.almasb.fxgl.notification.view.XboxNotificationView
16:09:57.523 [FXGL Background Thread 3 ] DEBUG Engine               - pixelsPerMeter: 50.0
16:09:57.523 [FXGL Background Thread 3 ] DEBUG Engine               - platform: MAC
16:09:57.523 [FXGL Background Thread 3 ] DEBUG Engine               - prefHeightProperty: ReadOnlyDoubleProperty [value: 360.0]
16:09:57.523 [FXGL Background Thread 3 ] DEBUG Engine               - prefWidthProperty: ReadOnlyDoubleProperty [value: 450.0]
16:09:57.523 [FXGL Background Thread 3 ] DEBUG Engine               - profileDir: profiles/
16:09:57.523 [FXGL Background Thread 3 ] DEBUG Engine               - profileName: StringProperty [value: DEFAULT]
16:09:57.523 [FXGL Background Thread 3 ] DEBUG Engine               - randomSeed: -1
16:09:57.524 [FXGL Background Thread 3 ] DEBUG Engine               - runtimeInfo: RuntimeInfo(platform=MAC, version=17.2, build=20.08.2022 16.50)
16:09:57.524 [FXGL Background Thread 3 ] DEBUG Engine               - saveFileExt: sav
16:09:57.524 [FXGL Background Thread 3 ] DEBUG Engine               - scaledHeightProp$fxgl: DoubleProperty [bound, value: 360.0]
16:09:57.524 [FXGL Background Thread 3 ] DEBUG Engine               - scaledWidthProp$fxgl: DoubleProperty [bound, value: 450.0]
16:09:57.524 [FXGL Background Thread 3 ] DEBUG Engine               - sceneFactory: com.almasb.fxgl.app.scene.SceneFactory@2a391a9d
16:09:57.524 [FXGL Background Thread 3 ] DEBUG Engine               - secondsIn24h: 60
16:09:57.524 [FXGL Background Thread 3 ] DEBUG Engine               - soundMenuBack: menu/back.wav
16:09:57.524 [FXGL Background Thread 3 ] DEBUG Engine               - soundMenuPress: menu/press.wav
16:09:57.524 [FXGL Background Thread 3 ] DEBUG Engine               - soundMenuSelect: menu/select.wav
16:09:57.524 [FXGL Background Thread 3 ] DEBUG Engine               - soundNotification: core/notification.wav
16:09:57.524 [FXGL Background Thread 3 ] DEBUG Engine               - stageStyle: DECORATED
16:09:57.524 [FXGL Background Thread 3 ] DEBUG Engine               - supportedLanguages: [ENGLISH, FRENCH, GERMAN, HUNGARIAN, RUSSIAN]
16:09:57.524 [FXGL Background Thread 3 ] DEBUG Engine               - ticksPerSecond: -1
16:09:57.525 [FXGL Background Thread 3 ] DEBUG Engine               - title: Soot(sin)
16:09:57.525 [FXGL Background Thread 3 ] DEBUG Engine               - urlGithub: https://github.com/AlmasB/FXGL
16:09:57.525 [FXGL Background Thread 3 ] DEBUG Engine               - urlLeaderboard: http://fxgl-top.herokuapp.com/
16:09:57.525 [FXGL Background Thread 3 ] DEBUG Engine               - urlPOM: https://raw.githubusercontent.com/AlmasB/FXGL/release/README.md
16:09:57.525 [FXGL Background Thread 3 ] DEBUG Engine               - userAppClass: class com.example.proj.SootApp
16:09:57.525 [FXGL Background Thread 3 ] DEBUG Engine               - version: 0.0
16:09:57.525 [FXGL Background Thread 3 ] DEBUG Engine               - versionCheckDays: 7
16:09:57.525 [FXGL Background Thread 3 ] DEBUG Engine               - width: 450
16:09:57.525 [FXGL Background Thread 3 ] DEBUG Engine               - Logging services
16:09:57.525 [FXGL Background Thread 3 ] DEBUG Engine               - class com.almasb.fxgl.app.services.FXGLAssetLoaderService
16:09:57.525 [FXGL Background Thread 3 ] DEBUG Engine               - class com.almasb.fxgl.app.FXGLApplication$GameApplicationService
16:09:57.525 [FXGL Background Thread 3 ] DEBUG Engine               - class com.almasb.fxgl.app.services.FXGLDialogService
16:09:57.525 [FXGL Background Thread 3 ] DEBUG Engine               - class com.almasb.fxgl.app.services.IOTaskExecutorService
16:09:57.525 [FXGL Background Thread 3 ] DEBUG Engine               - class com.almasb.fxgl.io.FileSystemService
16:09:57.525 [FXGL Background Thread 3 ] DEBUG Engine               - class com.almasb.fxgl.localization.LocalizationService
16:09:57.525 [FXGL Background Thread 3 ] DEBUG Engine               - class com.almasb.fxgl.app.services.SystemBundleService
16:09:57.525 [FXGL Background Thread 3 ] DEBUG Engine               - class com.almasb.fxgl.profile.SaveLoadService
16:09:57.525 [FXGL Background Thread 3 ] DEBUG Engine               - class com.almasb.fxgl.ui.FXGLUIFactoryServiceProvider
16:09:57.526 [FXGL Background Thread 3 ] DEBUG Engine               - class com.almasb.fxgl.ui.FXGLDialogFactoryServiceProvider
16:09:57.526 [FXGL Background Thread 3 ] DEBUG Engine               - class com.almasb.fxgl.audio.AudioPlayer
16:09:57.526 [FXGL Background Thread 3 ] DEBUG Engine               - class com.almasb.fxgl.notification.impl.NotificationServiceProvider
16:09:57.526 [FXGL Background Thread 3 ] DEBUG Engine               - class com.almasb.fxgl.achievement.AchievementService
16:09:57.526 [FXGL Background Thread 3 ] DEBUG Engine               - class com.almasb.fxgl.cutscene.CutsceneService
16:09:57.526 [FXGL Background Thread 3 ] DEBUG Engine               - class com.almasb.fxgl.minigames.MiniGameService
16:09:57.526 [FXGL Background Thread 3 ] DEBUG Engine               - class com.almasb.fxgl.net.NetService
16:09:57.526 [FXGL Background Thread 3 ] DEBUG Engine               - class com.almasb.fxgl.app.services.UpdaterService
16:09:57.526 [FXGL Background Thread 3 ] DEBUG Engine               - class com.almasb.fxgl.dev.DevService
16:10:29.075 [JavaFX Application Thread] DEBUG FXGLApplication      - Exiting FXGL
16:10:29.075 [JavaFX Application Thread] DEBUG Async                - Shutting down background threads
16:10:29.075 [JavaFX Application Thread] DEBUG PrimaryStageWindow   - Closing main window
16:10:29.086 [JavaFX Application Thread] DEBUG Logger               - Closing Logger
