23:34:37.705 [main                     ] DEBUG Logger               - Configured Logger
23:34:37.748 [main                     ] DEBUG GameApplication      - Logging settings
Title: Soot(sin)
Version: 0.0
Width: 700
Height: 360
Fullscreen: false
Intro: false
Profiling: false
Single step:false
App Mode: DEVELOPER
Menu Key: ESCAPE
Stage Style: DECORATED
Scene Factory: class com.almasb.fxgl.app.scene.SceneFactory

23:34:38.177 [JavaFX Application Thread] DEBUG FXGLApplication      - Initializing FXGL
23:34:38.187 [JavaFX Application Thread] INFO  Engine               - FXGL-17.2 (20.08.2022 16.50) on WINDOWS (J:18.0.2 FX:18.0.2)
23:34:38.188 [JavaFX Application Thread] DEBUG Engine               - JRE Vendor Name: Amazon.com Inc.
23:34:38.188 [JavaFX Application Thread] DEBUG Engine               - Running on OS: Windows 11 version 10.0
23:34:38.189 [JavaFX Application Thread] DEBUG Engine               - Architecture: amd64
23:34:38.189 [JavaFX Application Thread] INFO  Engine               - Source code and latest versions at: https://github.com/AlmasB/FXGL
23:34:38.189 [JavaFX Application Thread] INFO  Engine               -       Ask questions and discuss at: https://github.com/AlmasB/FXGL/discussions
23:34:38.189 [JavaFX Application Thread] INFO  Engine               -              Join the FXGL chat at: https://gitter.im/AlmasB/FXGL
23:34:38.323 [JavaFX Application Thread] DEBUG PrimaryStageWindow   - Creating a JavaFX scene
23:34:38.379 [JavaFX Application Thread] DEBUG PrimaryStageWindow   - Target settings size: 700.0 x 360.0
23:34:38.379 [JavaFX Application Thread] DEBUG PrimaryStageWindow   - Scaled scene size:    700.0 x 360.0
23:34:38.380 [JavaFX Application Thread] DEBUG PrimaryStageWindow   - Scaled ratio: (1.0, 1.0)
23:34:38.381 [JavaFX Application Thread] DEBUG PrimaryStageWindow   - Set initial scene to FXGLStartupScene
23:34:38.393 [JavaFX Application Thread] DEBUG PrimaryStageWindow   - Opening main window
23:34:38.512 [JavaFX Application Thread] DEBUG PrimaryStageWindow   - Window border size: (14.66668701171875, 37.333343505859375)
23:34:38.513 [JavaFX Application Thread] DEBUG PrimaryStageWindow   - Scaled size: 700.0 x 360.0
23:34:38.514 [JavaFX Application Thread] DEBUG PrimaryStageWindow   - Scaled ratio: (1.0, 1.0)
23:34:38.514 [JavaFX Application Thread] DEBUG PrimaryStageWindow   - Scene size: 700.0 x 360.0
23:34:38.515 [JavaFX Application Thread] DEBUG PrimaryStageWindow   - Stage size: 714.6666870117188 x 397.3333435058594
23:34:38.530 [FXGL Background Thread 1 ] DEBUG Engine               - Initializing environment variables
23:34:38.623 [FXGL Background Thread 1 ] DEBUG FXGLAssetLoaderServi - User app class for loading assets: class com.example.proj.SootApp
23:34:38.623 [FXGL Background Thread 1 ] DEBUG GameApplicationServi - Applying CSS: fxgl_dark.css
23:34:38.625 [FXGL Background Thread 1 ] DEBUG FXGLAssetLoaderServi - Loading from file system: jar:file:///C:/Users/annak/.m2/repository/com/github/almasb/fxgl/17.2/fxgl-17.2.jar!/fxglassets/ui/css/fxgl_dark.css
23:34:38.718 [FXGL Background Thread 1 ] DEBUG GameApplicationServi - Initializing application scenes
23:34:38.772 [FXGL Background Thread 1 ] DEBUG GameWorld            - Game world initialized
23:34:38.867 [FXGL Background Thread 1 ] DEBUG PhysicsWorld         - Physics world initialized: appHeight=360, physics.ppm=50.0
23:34:38.868 [FXGL Background Thread 1 ] DEBUG PhysicsWorld         - Using strategy: BRUTE_FORCE
23:34:38.874 [FXGL Background Thread 1 ] DEBUG GameScene            - Game scene initialized: 700x360
23:34:38.888 [FXGL Background Thread 1 ] WARN  FXGL.DefaultMenu     - FXGLDefaultMenu is not designed for resolutions < 800x600
23:34:38.888 [FXGL Background Thread 1 ] DEBUG FXGL.DefaultMenu     - createMenuBodyGameMenu()
23:34:38.910 [FXGL Background Thread 1 ] DEBUG FXGL.DefaultMenu     - createOptionsMenu()
23:34:38.927 [FXGL Background Thread 1 ] DEBUG FXGLAssetLoaderServi - Loading from file system: jar:file:///C:/Users/annak/.m2/repository/com/github/almasb/fxgl/17.2/fxgl-17.2.jar!/fxglassets/textures/particles/smoke.png
23:34:39.035 [FXGL Background Thread 1 ] DEBUG FXGLAssetLoaderServi - Loading from file system: jar:file:///C:/Users/annak/.m2/repository/com/github/almasb/fxgl/17.2/fxgl-17.2.jar!/fxglassets/textures/particles/trace_horizontal.png
23:34:39.076 [FXGL Background Thread 1 ] DEBUG GameApplicationServi - Application scenes initialized
23:34:39.105 [FXGL Background Thread 1 ] DEBUG SystemBundleService  - Loading FXGL system data
23:34:39.115 [FXGL Background Thread 1 ] DEBUG FileSystemAccess     - Reading from: C:\Users\annak\Documents\GitHub\Project-Winter\system\fxgl.bundle
23:34:39.136 [FXGL Background Thread 1 ] DEBUG SystemBundleService  - Bundle FXGL: {}
23:34:39.136 [FXGL Background Thread 1 ] DEBUG UpdaterService       - Checking for updates
23:34:39.145 [FXGL Background Thread 1 ] DEBUG FXGLApplication      - Loading default localization
23:34:39.146 [FXGL Background Thread 1 ] DEBUG FXGLAssetLoaderServi - Loading from file system: jar:file:///C:/Users/annak/.m2/repository/com/github/almasb/fxgl/17.2/fxgl-17.2.jar!/fxglassets/languages/english.lang
23:34:39.169 [FXGL Background Thread 4 ] DEBUG FXGLApplication      - Loading fonts
23:34:39.170 [FXGL Background Thread 4 ] DEBUG FXGLAssetLoaderServi - Loading from file system: jar:file:///C:/Users/annak/.m2/repository/com/github/almasb/fxgl/17.2/fxgl-17.2.jar!/fxglassets/ui/fonts/VarelaRound-Regular.ttf
23:34:39.177 [FXGL Background Thread 1 ] INFO  FXGLApplication      - FXGL initialization took: 0.647 sec
23:34:39.194 [JavaFX Application Thread] DEBUG Input                - Registered new binding: left - Left
23:34:39.194 [JavaFX Application Thread] DEBUG Input                - Registered new binding: right - Right
23:34:39.195 [JavaFX Application Thread] DEBUG Input                - Registered new binding: jump - Up
23:34:39.195 [JavaFX Application Thread] DEBUG FXGLAssetLoaderServi - Loading from file system: jar:file:///C:/Users/annak/.m2/repository/com/github/almasb/fxgl/17.2/fxgl-17.2.jar!/fxglassets/textures/fxgl_icon.png
23:34:39.235 [JavaFX Application Thread] DEBUG FXGLAssetLoaderServi - Loading from file system: jar:file:///C:/Users/annak/.m2/repository/com/github/almasb/fxgl/17.2/fxgl-17.2.jar!/fxglassets/textures/fxgl_default_cursor.png
23:34:39.239 [JavaFX Application Thread] DEBUG Input                - Registered new binding: Screenshot - CTRL+8
23:34:39.240 [JavaFX Application Thread] DEBUG Input                - Registered new binding: System info dump - CTRL+9
23:34:39.241 [JavaFX Application Thread] DEBUG Input                - Registered new binding: Restart - CTRL+R
23:34:39.242 [JavaFX Application Thread] DEBUG Input                - Registered new binding: Toggle Debug Camera - CTRL+7
23:34:39.246 [JavaFX Application Thread] DEBUG LoopRunner           - Starting loop
23:34:39.246 [JavaFX Application Thread] DEBUG LoopRunner           - Initializing JavaFX AnimationTimerLoop
23:34:39.248 [JavaFX Application Thread] DEBUG GameApplicationServi - Starting new game
23:34:39.249 [JavaFX Application Thread] DEBUG Input                - Clearing active input actions
23:34:39.266 [JavaFX Application Thread] DEBUG GameApplicationServi - Removing overlay from FXGLStartupScene and adding to FXGLLoadingScene
23:34:39.266 [JavaFX Application Thread] DEBUG PrimaryStageWindow   - FXGLStartupScene -> FXGLLoadingScene
23:34:39.267 [JavaFX Application Thread] DEBUG GameApplicationServi - Clearing previous game
23:34:39.267 [JavaFX Application Thread] DEBUG GameScene            - Clearing game scene
23:34:39.267 [JavaFX Application Thread] DEBUG GameWorld            - Clearing game world
23:34:39.267 [JavaFX Application Thread] DEBUG PhysicsWorld         - Clearing physics world
23:34:39.269 [FXGL Background Thread 1 ] DEBUG FXGLApplication      - Initializing game
23:34:39.338 [FXGL Background Thread 4 ] DEBUG FXGLAssetLoaderServi - Loading from file system: jar:file:///C:/Users/annak/.m2/repository/com/github/almasb/fxgl/17.2/fxgl-17.2.jar!/fxglassets/ui/fonts/Abel-Regular.ttf
23:34:39.343 [FXGL Background Thread 4 ] DEBUG FXGLAssetLoaderServi - Loading from file system: jar:file:///C:/Users/annak/.m2/repository/com/github/almasb/fxgl/17.2/fxgl-17.2.jar!/fxglassets/ui/fonts/TerminalLandMono-Regular.otf
23:34:39.348 [FXGL Background Thread 4 ] DEBUG FXGLAssetLoaderServi - Loading from file system: jar:file:///C:/Users/annak/.m2/repository/com/github/almasb/fxgl/17.2/fxgl-17.2.jar!/fxglassets/ui/fonts/Courier-Prime.ttf
23:34:39.372 [FXGL Background Thread 1 ] DEBUG TMXLevelLoader       - Parsed TiledMap: file:/C:/Users/annak/Documents/GitHub/Project-Winter/proj/target/classes/assets/levels/tmx/Plat1.9.0.tmx
23:34:39.374 [FXGL Background Thread 1 ] DEBUG TMXLevelLoader       - Creating tile layer entities
23:34:39.376 [FXGL Background Thread 1 ] DEBUG TilesetLoader        - Loading view for layer Tile Layer 1
23:34:39.378 [FXGL Background Thread 1 ] DEBUG TilesetLoader        - Created buffer with size 810.0x360.0
23:34:39.396 [FXGL Background Thread 1 ] DEBUG TMXLevelLoader       - Creating object layer entities
23:34:39.421 [JavaFX Application Thread] DEBUG FXGLApplication      - Registering font factories with UI factory
23:34:39.467 [FXGL Background Thread 1 ] DEBUG GameWorld            - Clearing removable entities
23:34:39.468 [FXGL Background Thread 1 ] DEBUG GameWorld            - Setting level: com.almasb.fxgl.entity.level.Level@29302dc7
23:34:39.489 [FXGL Background Thread 1 ] DEBUG FXGLAssetLoaderServi - Loading from file system: file:/C:/Users/annak/Documents/GitHub/Project-Winter/proj/target/classes/assets/textures/finalSOOT.gif
23:34:39.502 [FXGL Background Thread 1 ] WARN  Entity               - Entity already has component: com.example.proj.component.PlayerControl
23:34:39.505 [FXGL Background Thread 1 ] INFO  FXGLApplication      - Game initialization took: 0.235 sec
23:34:39.519 [JavaFX Application Thread] DEBUG Input                - Clearing active input actions
23:34:39.541 [JavaFX Application Thread] DEBUG GameApplicationServi - Removing overlay from FXGLLoadingScene and adding to GameScene
23:34:39.541 [JavaFX Application Thread] DEBUG PrimaryStageWindow   - FXGLLoadingScene -> GameScene
23:34:39.972 [FXGL Background Thread 2 ] INFO  UpdaterService       - Your current version:  17.2
23:34:39.972 [FXGL Background Thread 2 ] INFO  UpdaterService       - Latest stable version: 21
23:34:42.142 [FXGL Background Thread 3 ] DEBUG Engine               - Logging environment variables
23:34:42.143 [FXGL Background Thread 3 ] DEBUG Engine               - achievements: []
23:34:42.143 [FXGL Background Thread 3 ] DEBUG Engine               - actualHeight: 360.0
23:34:42.143 [FXGL Background Thread 3 ] DEBUG Engine               - actualHeightProperty: ReadOnlyDoubleProperty [value: 360.0]
23:34:42.143 [FXGL Background Thread 3 ] DEBUG Engine               - actualWidth: 700.0
23:34:42.143 [FXGL Background Thread 3 ] DEBUG Engine               - actualWidthProperty: ReadOnlyDoubleProperty [value: 700.0]
23:34:42.143 [FXGL Background Thread 3 ] DEBUG Engine               - appIcon: fxgl_icon.png
23:34:42.143 [FXGL Background Thread 3 ] DEBUG Engine               - applicationMode: DEVELOPER
23:34:42.143 [FXGL Background Thread 3 ] DEBUG Engine               - cSSList: [fxgl_dark.css]
23:34:42.144 [FXGL Background Thread 3 ] DEBUG Engine               - collisionDetectionStrategy: BRUTE_FORCE
23:34:42.144 [FXGL Background Thread 3 ] DEBUG Engine               - configClass: Optional.empty
23:34:42.144 [FXGL Background Thread 3 ] DEBUG Engine               - credits: []
23:34:42.144 [FXGL Background Thread 3 ] DEBUG Engine               - defaultCursor: CursorInfo(imageName=fxgl_default_cursor.png, hotspotX=7.0, hotspotY=6.0)
23:34:42.144 [FXGL Background Thread 3 ] DEBUG Engine               - devBBoxColorProperty: ObjectProperty [value: 0xff0000ff]
23:34:42.144 [FXGL Background Thread 3 ] DEBUG Engine               - devEnableDebugCameraProperty: BooleanProperty [value: false]
23:34:42.145 [FXGL Background Thread 3 ] DEBUG Engine               - devSensorColorProperty: ObjectProperty [value: 0xffff00ff]
23:34:42.145 [FXGL Background Thread 3 ] DEBUG Engine               - devShowBBoxProperty: BooleanProperty [value: false]
23:34:42.145 [FXGL Background Thread 3 ] DEBUG Engine               - devShowPositionProperty: BooleanProperty [value: false]
23:34:42.145 [FXGL Background Thread 3 ] DEBUG Engine               - enabledMenuItems: []
23:34:42.145 [FXGL Background Thread 3 ] DEBUG Engine               - engineServices: [class com.almasb.fxgl.app.services.FXGLAssetLoaderService, class com.almasb.fxgl.app.FXGLApplication$GameApplicationService, class com.almasb.fxgl.app.services.FXGLDialogService, class com.almasb.fxgl.app.services.IOTaskExecutorService, class com.almasb.fxgl.io.FileSystemService, class com.almasb.fxgl.localization.LocalizationService, class com.almasb.fxgl.app.services.SystemBundleService, class com.almasb.fxgl.profile.SaveLoadService, class com.almasb.fxgl.ui.FXGLUIFactoryServiceProvider, class com.almasb.fxgl.ui.FXGLDialogFactoryServiceProvider, class com.almasb.fxgl.audio.AudioPlayer, class com.almasb.fxgl.notification.impl.NotificationServiceProvider, class com.almasb.fxgl.achievement.AchievementService, class com.almasb.fxgl.cutscene.CutsceneService, class com.almasb.fxgl.minigames.MiniGameService, class com.almasb.fxgl.net.NetService, class com.almasb.fxgl.app.services.UpdaterService, class com.almasb.fxgl.dev.DevService]
23:34:42.145 [FXGL Background Thread 3 ] DEBUG Engine               - fontGame: Abel-Regular.ttf
23:34:42.145 [FXGL Background Thread 3 ] DEBUG Engine               - fontMono: TerminalLandMono-Regular.otf
23:34:42.145 [FXGL Background Thread 3 ] DEBUG Engine               - fontText: Courier-Prime.ttf
23:34:42.145 [FXGL Background Thread 3 ] DEBUG Engine               - fontUI: VarelaRound-Regular.ttf
23:34:42.145 [FXGL Background Thread 3 ] DEBUG Engine               - fullScreen: BooleanProperty [value: false]
23:34:42.145 [FXGL Background Thread 3 ] DEBUG Engine               - gameDifficulty: MEDIUM
23:34:42.146 [FXGL Background Thread 3 ] DEBUG Engine               - gameDifficultyProperty: ObjectProperty [value: MEDIUM]
23:34:42.146 [FXGL Background Thread 3 ] DEBUG Engine               - globalMusicVolume: 0.5
23:34:42.146 [FXGL Background Thread 3 ] DEBUG Engine               - globalMusicVolumeProperty: DoubleProperty [value: 0.5]
23:34:42.146 [FXGL Background Thread 3 ] DEBUG Engine               - globalSoundVolume: 0.5
23:34:42.146 [FXGL Background Thread 3 ] DEBUG Engine               - globalSoundVolumeProperty: DoubleProperty [value: 0.5]
23:34:42.146 [FXGL Background Thread 3 ] DEBUG Engine               - height: 360
23:34:42.146 [FXGL Background Thread 3 ] DEBUG Engine               - is3D: false
23:34:42.146 [FXGL Background Thread 3 ] DEBUG Engine               - isAndroid: false
23:34:42.146 [FXGL Background Thread 3 ] DEBUG Engine               - isBrowser: false
23:34:42.146 [FXGL Background Thread 3 ] DEBUG Engine               - isClickFeedbackEnabled: false
23:34:42.146 [FXGL Background Thread 3 ] DEBUG Engine               - isCloseConfirmation: false
23:34:42.146 [FXGL Background Thread 3 ] DEBUG Engine               - isDesktop: true
23:34:42.147 [FXGL Background Thread 3 ] DEBUG Engine               - isDeveloperMenuEnabled: false
23:34:42.147 [FXGL Background Thread 3 ] DEBUG Engine               - isEmbedded: false
23:34:42.147 [FXGL Background Thread 3 ] DEBUG Engine               - isEntityPreloadEnabled: true
23:34:42.147 [FXGL Background Thread 3 ] DEBUG Engine               - isExperimentalTiledLargeMap: false
23:34:42.147 [FXGL Background Thread 3 ] DEBUG Engine               - isFileSystemWriteAllowed: true
23:34:42.147 [FXGL Background Thread 3 ] DEBUG Engine               - isFullScreenAllowed: false
23:34:42.147 [FXGL Background Thread 3 ] DEBUG Engine               - isFullScreenFromStart: false
23:34:42.147 [FXGL Background Thread 3 ] DEBUG Engine               - isGameMenuEnabled: true
23:34:42.147 [FXGL Background Thread 3 ] DEBUG Engine               - isIOS: false
23:34:42.147 [FXGL Background Thread 3 ] DEBUG Engine               - isIntroEnabled: false
23:34:42.147 [FXGL Background Thread 3 ] DEBUG Engine               - isLinux: false
23:34:42.147 [FXGL Background Thread 3 ] DEBUG Engine               - isMac: false
23:34:42.147 [FXGL Background Thread 3 ] DEBUG Engine               - isMainMenuEnabled: false
23:34:42.148 [FXGL Background Thread 3 ] DEBUG Engine               - isManualResizeEnabled: false
23:34:42.148 [FXGL Background Thread 3 ] DEBUG Engine               - isMobile: false
23:34:42.148 [FXGL Background Thread 3 ] DEBUG Engine               - isNative: false
23:34:42.148 [FXGL Background Thread 3 ] DEBUG Engine               - isPauseMusicWhenMinimized: true
23:34:42.148 [FXGL Background Thread 3 ] DEBUG Engine               - isPreserveResizeRatio: false
23:34:42.148 [FXGL Background Thread 3 ] DEBUG Engine               - isProfilingEnabled: false
23:34:42.148 [FXGL Background Thread 3 ] DEBUG Engine               - isScaleAffectedOnResize: true
23:34:42.148 [FXGL Background Thread 3 ] DEBUG Engine               - isSingleStep: false
23:34:42.148 [FXGL Background Thread 3 ] DEBUG Engine               - isUserProfileEnabled: false
23:34:42.148 [FXGL Background Thread 3 ] DEBUG Engine               - isWindows: true
23:34:42.148 [FXGL Background Thread 3 ] DEBUG Engine               - language: ObjectProperty [value: ENGLISH]
23:34:42.148 [FXGL Background Thread 3 ] DEBUG Engine               - menuKey: ESCAPE
23:34:42.148 [FXGL Background Thread 3 ] DEBUG Engine               - mouseSensitivity: 0.2
23:34:42.149 [FXGL Background Thread 3 ] DEBUG Engine               - notificationViewClass: class com.almasb.fxgl.notification.view.XboxNotificationView
23:34:42.149 [FXGL Background Thread 3 ] DEBUG Engine               - pixelsPerMeter: 50.0
23:34:42.149 [FXGL Background Thread 3 ] DEBUG Engine               - platform: WINDOWS
23:34:42.149 [FXGL Background Thread 3 ] DEBUG Engine               - prefHeightProperty: ReadOnlyDoubleProperty [value: 360.0]
23:34:42.149 [FXGL Background Thread 3 ] DEBUG Engine               - prefWidthProperty: ReadOnlyDoubleProperty [value: 700.0]
23:34:42.149 [FXGL Background Thread 3 ] DEBUG Engine               - profileDir: profiles/
23:34:42.149 [FXGL Background Thread 3 ] DEBUG Engine               - profileName: StringProperty [value: DEFAULT]
23:34:42.149 [FXGL Background Thread 3 ] DEBUG Engine               - randomSeed: -1
23:34:42.150 [FXGL Background Thread 3 ] DEBUG Engine               - runtimeInfo: RuntimeInfo(platform=WINDOWS, version=17.2, build=20.08.2022 16.50)
23:34:42.150 [FXGL Background Thread 3 ] DEBUG Engine               - saveFileExt: sav
23:34:42.150 [FXGL Background Thread 3 ] DEBUG Engine               - scaledHeightProp$fxgl: DoubleProperty [bound, value: 360.0]
23:34:42.150 [FXGL Background Thread 3 ] DEBUG Engine               - scaledWidthProp$fxgl: DoubleProperty [bound, value: 700.0]
23:34:42.150 [FXGL Background Thread 3 ] DEBUG Engine               - sceneFactory: com.almasb.fxgl.app.scene.SceneFactory@317b1cb
23:34:42.150 [FXGL Background Thread 3 ] DEBUG Engine               - secondsIn24h: 60
23:34:42.150 [FXGL Background Thread 3 ] DEBUG Engine               - soundMenuBack: menu/back.wav
23:34:42.150 [FXGL Background Thread 3 ] DEBUG Engine               - soundMenuPress: menu/press.wav
23:34:42.150 [FXGL Background Thread 3 ] DEBUG Engine               - soundMenuSelect: menu/select.wav
23:34:42.150 [FXGL Background Thread 3 ] DEBUG Engine               - soundNotification: core/notification.wav
23:34:42.150 [FXGL Background Thread 3 ] DEBUG Engine               - stageStyle: DECORATED
23:34:42.150 [FXGL Background Thread 3 ] DEBUG Engine               - supportedLanguages: [ENGLISH, FRENCH, GERMAN, HUNGARIAN, RUSSIAN]
23:34:42.151 [FXGL Background Thread 3 ] DEBUG Engine               - ticksPerSecond: -1
23:34:42.151 [FXGL Background Thread 3 ] DEBUG Engine               - title: Soot(sin)
23:34:42.151 [FXGL Background Thread 3 ] DEBUG Engine               - urlGithub: https://github.com/AlmasB/FXGL
23:34:42.151 [FXGL Background Thread 3 ] DEBUG Engine               - urlLeaderboard: http://fxgl-top.herokuapp.com/
23:34:42.151 [FXGL Background Thread 3 ] DEBUG Engine               - urlPOM: https://raw.githubusercontent.com/AlmasB/FXGL/release/README.md
23:34:42.151 [FXGL Background Thread 3 ] DEBUG Engine               - userAppClass: class com.example.proj.SootApp
23:34:42.151 [FXGL Background Thread 3 ] DEBUG Engine               - version: 0.0
23:34:42.151 [FXGL Background Thread 3 ] DEBUG Engine               - versionCheckDays: 7
23:34:42.151 [FXGL Background Thread 3 ] DEBUG Engine               - width: 700
23:34:42.151 [FXGL Background Thread 3 ] DEBUG Engine               - Logging services
23:34:42.151 [FXGL Background Thread 3 ] DEBUG Engine               - class com.almasb.fxgl.app.services.FXGLAssetLoaderService
23:34:42.151 [FXGL Background Thread 3 ] DEBUG Engine               - class com.almasb.fxgl.app.FXGLApplication$GameApplicationService
23:34:42.151 [FXGL Background Thread 3 ] DEBUG Engine               - class com.almasb.fxgl.app.services.FXGLDialogService
23:34:42.151 [FXGL Background Thread 3 ] DEBUG Engine               - class com.almasb.fxgl.app.services.IOTaskExecutorService
23:34:42.152 [FXGL Background Thread 3 ] DEBUG Engine               - class com.almasb.fxgl.io.FileSystemService
23:34:42.152 [FXGL Background Thread 3 ] DEBUG Engine               - class com.almasb.fxgl.localization.LocalizationService
23:34:42.152 [FXGL Background Thread 3 ] DEBUG Engine               - class com.almasb.fxgl.app.services.SystemBundleService
23:34:42.152 [FXGL Background Thread 3 ] DEBUG Engine               - class com.almasb.fxgl.profile.SaveLoadService
23:34:42.152 [FXGL Background Thread 3 ] DEBUG Engine               - class com.almasb.fxgl.ui.FXGLUIFactoryServiceProvider
23:34:42.152 [FXGL Background Thread 3 ] DEBUG Engine               - class com.almasb.fxgl.ui.FXGLDialogFactoryServiceProvider
23:34:42.152 [FXGL Background Thread 3 ] DEBUG Engine               - class com.almasb.fxgl.audio.AudioPlayer
23:34:42.152 [FXGL Background Thread 3 ] DEBUG Engine               - class com.almasb.fxgl.notification.impl.NotificationServiceProvider
23:34:42.152 [FXGL Background Thread 3 ] DEBUG Engine               - class com.almasb.fxgl.achievement.AchievementService
23:34:42.152 [FXGL Background Thread 3 ] DEBUG Engine               - class com.almasb.fxgl.cutscene.CutsceneService
23:34:42.152 [FXGL Background Thread 3 ] DEBUG Engine               - class com.almasb.fxgl.minigames.MiniGameService
23:34:42.152 [FXGL Background Thread 3 ] DEBUG Engine               - class com.almasb.fxgl.net.NetService
23:34:42.152 [FXGL Background Thread 3 ] DEBUG Engine               - class com.almasb.fxgl.app.services.UpdaterService
23:34:42.152 [FXGL Background Thread 3 ] DEBUG Engine               - class com.almasb.fxgl.dev.DevService
23:35:13.142 [JavaFX Application Thread] DEBUG LoopRunner           - Stopping loop
23:35:13.144 [JavaFX Application Thread] FATAL FXGLApplication      - Uncaught Exception:
java.lang.NumberFormatException: For input string: ""
	at java.base/java.lang.NumberFormatException.forInputString(NumberFormatException.java:67)
	at java.base/java.lang.Integer.parseInt(Integer.java:678)
	at java.base/java.lang.Integer.parseInt(Integer.java:784)
	at com.example.proj.main/com.example.proj.SootApp.lambda$popUp$2(SootApp.java:277)
	at javafx.base@18.0.2/com.sun.javafx.event.CompositeEventHandler.dispatchBubblingEvent(CompositeEventHandler.java:86)
	at javafx.base@18.0.2/com.sun.javafx.event.EventHandlerManager.dispatchBubblingEvent(EventHandlerManager.java:234)
	at javafx.base@18.0.2/com.sun.javafx.event.EventHandlerManager.dispatchBubblingEvent(EventHandlerManager.java:191)
	at javafx.base@18.0.2/com.sun.javafx.event.CompositeEventDispatcher.dispatchBubblingEvent(CompositeEventDispatcher.java:59)
	at javafx.base@18.0.2/com.sun.javafx.event.BasicEventDispatcher.dispatchEvent(BasicEventDispatcher.java:58)
	at javafx.base@18.0.2/com.sun.javafx.event.EventDispatchChainImpl.dispatchEvent(EventDispatchChainImpl.java:114)
	at javafx.base@18.0.2/com.sun.javafx.event.BasicEventDispatcher.dispatchEvent(BasicEventDispatcher.java:56)
	at javafx.base@18.0.2/com.sun.javafx.event.EventDispatchChainImpl.dispatchEvent(EventDispatchChainImpl.java:114)
	at javafx.base@18.0.2/com.sun.javafx.event.BasicEventDispatcher.dispatchEvent(BasicEventDispatcher.java:56)
	at javafx.base@18.0.2/com.sun.javafx.event.EventDispatchChainImpl.dispatchEvent(EventDispatchChainImpl.java:114)
	at javafx.base@18.0.2/com.sun.javafx.event.EventUtil.fireEventImpl(EventUtil.java:74)
	at javafx.base@18.0.2/com.sun.javafx.event.EventUtil.fireEvent(EventUtil.java:49)
	at javafx.base@18.0.2/javafx.event.Event.fireEvent(Event.java:198)
	at javafx.graphics@18.0.2/javafx.scene.Node.fireEvent(Node.java:8797)
	at javafx.controls@18.0.2/javafx.scene.control.Button.fire(Button.java:203)
	at javafx.controls@18.0.2/com.sun.javafx.scene.control.behavior.ButtonBehavior.mouseReleased(ButtonBehavior.java:208)
	at javafx.controls@18.0.2/com.sun.javafx.scene.control.inputmap.InputMap.handle(InputMap.java:274)
	at javafx.base@18.0.2/com.sun.javafx.event.CompositeEventHandler$NormalEventHandlerRecord.handleBubblingEvent(CompositeEventHandler.java:247)
	at javafx.base@18.0.2/com.sun.javafx.event.CompositeEventHandler.dispatchBubblingEvent(CompositeEventHandler.java:80)
	at javafx.base@18.0.2/com.sun.javafx.event.EventHandlerManager.dispatchBubblingEvent(EventHandlerManager.java:234)
	at javafx.base@18.0.2/com.sun.javafx.event.EventHandlerManager.dispatchBubblingEvent(EventHandlerManager.java:191)
	at javafx.base@18.0.2/com.sun.javafx.event.CompositeEventDispatcher.dispatchBubblingEvent(CompositeEventDispatcher.java:59)
	at javafx.base@18.0.2/com.sun.javafx.event.BasicEventDispatcher.dispatchEvent(BasicEventDispatcher.java:58)
	at javafx.base@18.0.2/com.sun.javafx.event.EventDispatchChainImpl.dispatchEvent(EventDispatchChainImpl.java:114)
	at javafx.base@18.0.2/com.sun.javafx.event.BasicEventDispatcher.dispatchEvent(BasicEventDispatcher.java:56)
	at javafx.base@18.0.2/com.sun.javafx.event.EventDispatchChainImpl.dispatchEvent(EventDispatchChainImpl.java:114)
	at javafx.base@18.0.2/com.sun.javafx.event.BasicEventDispatcher.dispatchEvent(BasicEventDispatcher.java:56)
	at javafx.base@18.0.2/com.sun.javafx.event.EventDispatchChainImpl.dispatchEvent(EventDispatchChainImpl.java:114)
	at javafx.base@18.0.2/com.sun.javafx.event.EventUtil.fireEventImpl(EventUtil.java:74)
	at javafx.base@18.0.2/com.sun.javafx.event.EventUtil.fireEvent(EventUtil.java:54)
	at javafx.base@18.0.2/javafx.event.Event.fireEvent(Event.java:198)
	at javafx.graphics@18.0.2/javafx.scene.Scene$MouseHandler.process(Scene.java:3881)
	at javafx.graphics@18.0.2/javafx.scene.Scene.processMouseEvent(Scene.java:1874)
	at javafx.graphics@18.0.2/javafx.scene.Scene$ScenePeerListener.mouseEvent(Scene.java:2607)
	at javafx.graphics@18.0.2/com.sun.javafx.tk.quantum.GlassViewEventHandler$MouseEventNotification.run(GlassViewEventHandler.java:411)
	at javafx.graphics@18.0.2/com.sun.javafx.tk.quantum.GlassViewEventHandler$MouseEventNotification.run(GlassViewEventHandler.java:301)
	at java.base/java.security.AccessController.doPrivileged(AccessController.java:399)
	at javafx.graphics@18.0.2/com.sun.javafx.tk.quantum.GlassViewEventHandler.lambda$handleMouseEvent$2(GlassViewEventHandler.java:450)
	at javafx.graphics@18.0.2/com.sun.javafx.tk.quantum.QuantumToolkit.runWithoutRenderLock(QuantumToolkit.java:424)
	at javafx.graphics@18.0.2/com.sun.javafx.tk.quantum.GlassViewEventHandler.handleMouseEvent(GlassViewEventHandler.java:449)
	at javafx.graphics@18.0.2/com.sun.glass.ui.View.handleMouseEvent(View.java:551)
	at javafx.graphics@18.0.2/com.sun.glass.ui.View.notifyMouse(View.java:937)
	at javafx.graphics@18.0.2/com.sun.glass.ui.win.WinApplication._runLoop(Native Method)
	at javafx.graphics@18.0.2/com.sun.glass.ui.win.WinApplication.lambda$runLoop$3(WinApplication.java:184)
	at java.base/java.lang.Thread.run(Thread.java:833)

23:35:13.144 [JavaFX Application Thread] FATAL FXGLApplication      - Application will now exit
23:35:13.163 [JavaFX Application Thread] DEBUG PrimaryStageWindow   - Push state: ErrorSubScene
23:35:13.163 [JavaFX Application Thread] DEBUG Input                - Clearing active input actions
23:35:13.165 [JavaFX Application Thread] DEBUG GameApplicationServi - Removing overlay from GameScene and adding to ErrorSubScene
23:35:13.165 [JavaFX Application Thread] DEBUG PrimaryStageWindow   - GameScene -> ErrorSubScene
23:35:20.548 [JavaFX Application Thread] DEBUG FXGLApplication      - Exiting FXGL
23:35:20.548 [JavaFX Application Thread] DEBUG Async                - Shutting down background threads
23:35:20.548 [JavaFX Application Thread] DEBUG PrimaryStageWindow   - Closing main window
23:35:20.571 [JavaFX Application Thread] DEBUG Logger               - Closing Logger
