21:54:59.702 [main                     ] DEBUG Logger               - Configured Logger
21:54:59.726 [main                     ] DEBUG GameApplication      - Logging settings
Title: Soot(sin)
Version: 0.0
Width: 700
Height: 360
Fullscreen: false
Intro: false
Profiling: false
Single step:false
App Mode: DEVELOPER
Menu Key: ESCAPE
Stage Style: DECORATED
Scene Factory: class com.almasb.fxgl.app.scene.SceneFactory

21:55:00.285 [JavaFX Application Thread] DEBUG FXGLApplication      - Initializing FXGL
21:55:00.290 [JavaFX Application Thread] INFO  Engine               - FXGL-17.2 (20.08.2022 16.50) on MAC (J:18.0.2.1 FX:18.0.2)
21:55:00.290 [JavaFX Application Thread] DEBUG Engine               - JRE Vendor Name: Oracle Corporation
21:55:00.290 [JavaFX Application Thread] DEBUG Engine               - Running on OS: Mac OS X version 13.4.1
21:55:00.291 [JavaFX Application Thread] DEBUG Engine               - Architecture: aarch64
21:55:00.291 [JavaFX Application Thread] INFO  Engine               - Source code and latest versions at: https://github.com/AlmasB/FXGL
21:55:00.291 [JavaFX Application Thread] INFO  Engine               -       Ask questions and discuss at: https://github.com/AlmasB/FXGL/discussions
21:55:00.291 [JavaFX Application Thread] INFO  Engine               -              Join the FXGL chat at: https://gitter.im/AlmasB/FXGL
21:55:00.379 [JavaFX Application Thread] DEBUG PrimaryStageWindow   - Creating a JavaFX scene
21:55:00.414 [JavaFX Application Thread] DEBUG PrimaryStageWindow   - Target settings size: 700.0 x 360.0
21:55:00.414 [JavaFX Application Thread] DEBUG PrimaryStageWindow   - Scaled scene size:    700.0 x 360.0
21:55:00.415 [JavaFX Application Thread] DEBUG PrimaryStageWindow   - Scaled ratio: (1.0, 1.0)
21:55:00.415 [JavaFX Application Thread] DEBUG PrimaryStageWindow   - Set initial scene to FXGLStartupScene
21:55:00.420 [JavaFX Application Thread] DEBUG PrimaryStageWindow   - Opening main window
21:55:00.601 [JavaFX Application Thread] DEBUG PrimaryStageWindow   - Window border size: (0.0, 28.0)
21:55:00.601 [JavaFX Application Thread] DEBUG PrimaryStageWindow   - Scaled size: 700.0 x 360.0
21:55:00.601 [JavaFX Application Thread] DEBUG PrimaryStageWindow   - Scaled ratio: (1.0, 1.0)
21:55:00.601 [JavaFX Application Thread] DEBUG PrimaryStageWindow   - Scene size: 700.0 x 360.0
21:55:00.602 [JavaFX Application Thread] DEBUG PrimaryStageWindow   - Stage size: 700.0 x 388.0
21:55:00.612 [FXGL Background Thread 1 ] DEBUG Engine               - Initializing environment variables
21:55:00.705 [FXGL Background Thread 1 ] DEBUG FXGLAssetLoaderServi - User app class for loading assets: class com.example.proj.SootApp
21:55:00.705 [FXGL Background Thread 1 ] DEBUG GameApplicationServi - Applying CSS: fxgl_dark.css
21:55:00.706 [FXGL Background Thread 1 ] DEBUG FXGLAssetLoaderServi - Loading from file system: jar:file:///Users/olive/.m2/repository/com/github/almasb/fxgl/17.2/fxgl-17.2.jar!/fxglassets/ui/css/fxgl_dark.css
21:55:00.766 [FXGL Background Thread 1 ] DEBUG GameApplicationServi - Initializing application scenes
21:55:01.154 [FXGL Background Thread 1 ] DEBUG GameWorld            - Game world initialized
21:55:01.202 [FXGL Background Thread 1 ] DEBUG PhysicsWorld         - Physics world initialized: appHeight=360, physics.ppm=50.0
21:55:01.203 [FXGL Background Thread 1 ] DEBUG PhysicsWorld         - Using strategy: BRUTE_FORCE
21:55:01.207 [FXGL Background Thread 1 ] DEBUG GameScene            - Game scene initialized: 700x360
21:55:01.218 [FXGL Background Thread 1 ] WARN  FXGL.DefaultMenu     - FXGLDefaultMenu is not designed for resolutions < 800x600
21:55:01.218 [FXGL Background Thread 1 ] DEBUG FXGL.DefaultMenu     - createMenuBodyGameMenu()
21:55:01.230 [FXGL Background Thread 1 ] DEBUG FXGL.DefaultMenu     - createOptionsMenu()
21:55:01.237 [FXGL Background Thread 1 ] DEBUG FXGLAssetLoaderServi - Loading from file system: jar:file:///Users/olive/.m2/repository/com/github/almasb/fxgl/17.2/fxgl-17.2.jar!/fxglassets/textures/particles/smoke.png
21:55:01.329 [FXGL Background Thread 1 ] DEBUG FXGLAssetLoaderServi - Loading from file system: jar:file:///Users/olive/.m2/repository/com/github/almasb/fxgl/17.2/fxgl-17.2.jar!/fxglassets/textures/particles/trace_horizontal.png
21:55:01.352 [FXGL Background Thread 1 ] DEBUG GameApplicationServi - Application scenes initialized
21:55:01.359 [FXGL Background Thread 1 ] DEBUG SystemBundleService  - Loading FXGL system data
21:55:01.362 [FXGL Background Thread 1 ] DEBUG FileSystemAccess     - Reading from: /Users/olive/Documents/GitHub/Project-Winter/system/fxgl.bundle
21:55:01.368 [FXGL Background Thread 1 ] DEBUG SystemBundleService  - Bundle FXGL: {}
21:55:01.368 [FXGL Background Thread 1 ] DEBUG UpdaterService       - Checking for updates
21:55:01.370 [FXGL Background Thread 4 ] DEBUG FXGLApplication      - Loading fonts
21:55:01.370 [FXGL Background Thread 1 ] DEBUG FXGLApplication      - Loading default localization
21:55:01.371 [FXGL Background Thread 4 ] DEBUG FXGLAssetLoaderServi - Loading from file system: jar:file:///Users/olive/.m2/repository/com/github/almasb/fxgl/17.2/fxgl-17.2.jar!/fxglassets/ui/fonts/VarelaRound-Regular.ttf
21:55:01.371 [FXGL Background Thread 1 ] DEBUG FXGLAssetLoaderServi - Loading from file system: jar:file:///Users/olive/.m2/repository/com/github/almasb/fxgl/17.2/fxgl-17.2.jar!/fxglassets/languages/english.lang
21:55:01.380 [FXGL Background Thread 1 ] INFO  FXGLApplication      - FXGL initialization took: 0.768 sec
21:55:01.381 [FXGL Background Thread 4 ] DEBUG FXGLAssetLoaderServi - Loading from file system: jar:file:///Users/olive/.m2/repository/com/github/almasb/fxgl/17.2/fxgl-17.2.jar!/fxglassets/ui/fonts/Abel-Regular.ttf
21:55:01.383 [FXGL Background Thread 4 ] DEBUG FXGLAssetLoaderServi - Loading from file system: jar:file:///Users/olive/.m2/repository/com/github/almasb/fxgl/17.2/fxgl-17.2.jar!/fxglassets/ui/fonts/TerminalLandMono-Regular.otf
21:55:01.385 [FXGL Background Thread 4 ] DEBUG FXGLAssetLoaderServi - Loading from file system: jar:file:///Users/olive/.m2/repository/com/github/almasb/fxgl/17.2/fxgl-17.2.jar!/fxglassets/ui/fonts/Courier-Prime.ttf
21:55:01.386 [JavaFX Application Thread] DEBUG Input                - Registered new binding: left - Left
21:55:01.387 [JavaFX Application Thread] DEBUG Input                - Registered new binding: right - Right
21:55:01.387 [JavaFX Application Thread] DEBUG Input                - Registered new binding: jump - Up
21:55:01.387 [JavaFX Application Thread] DEBUG FXGLAssetLoaderServi - Loading from file system: jar:file:///Users/olive/.m2/repository/com/github/almasb/fxgl/17.2/fxgl-17.2.jar!/fxglassets/textures/fxgl_icon.png
21:55:01.416 [JavaFX Application Thread] DEBUG FXGLAssetLoaderServi - Loading from file system: jar:file:///Users/olive/.m2/repository/com/github/almasb/fxgl/17.2/fxgl-17.2.jar!/fxglassets/textures/fxgl_default_cursor.png
21:55:01.418 [JavaFX Application Thread] DEBUG Input                - Registered new binding: Screenshot - CTRL+8
21:55:01.419 [JavaFX Application Thread] DEBUG Input                - Registered new binding: System info dump - CTRL+9
21:55:01.419 [JavaFX Application Thread] DEBUG Input                - Registered new binding: Restart - CTRL+R
21:55:01.419 [JavaFX Application Thread] DEBUG Input                - Registered new binding: Toggle Debug Camera - CTRL+7
21:55:01.420 [JavaFX Application Thread] DEBUG LoopRunner           - Starting loop
21:55:01.420 [JavaFX Application Thread] DEBUG LoopRunner           - Initializing JavaFX AnimationTimerLoop
21:55:01.421 [JavaFX Application Thread] DEBUG GameApplicationServi - Starting new game
21:55:01.421 [JavaFX Application Thread] DEBUG Input                - Clearing active input actions
21:55:01.428 [JavaFX Application Thread] DEBUG GameApplicationServi - Removing overlay from FXGLStartupScene and adding to FXGLLoadingScene
21:55:01.429 [JavaFX Application Thread] DEBUG PrimaryStageWindow   - FXGLStartupScene -> FXGLLoadingScene
21:55:01.429 [JavaFX Application Thread] DEBUG GameApplicationServi - Clearing previous game
21:55:01.429 [JavaFX Application Thread] DEBUG GameScene            - Clearing game scene
21:55:01.429 [JavaFX Application Thread] DEBUG GameWorld            - Clearing game world
21:55:01.429 [JavaFX Application Thread] DEBUG PhysicsWorld         - Clearing physics world
21:55:01.430 [FXGL Background Thread 4 ] DEBUG FXGLApplication      - Initializing game
21:55:01.476 [FXGL Background Thread 4 ] DEBUG TMXLevelLoader       - Parsed TiledMap: file:/Users/olive/Documents/GitHub/Project-Winter/proj/target/classes/assets/levels/tmx/Plat1.9.0.tmx
21:55:01.477 [FXGL Background Thread 4 ] DEBUG TMXLevelLoader       - Creating tile layer entities
21:55:01.478 [FXGL Background Thread 4 ] DEBUG TilesetLoader        - Loading view for layer Tile Layer 1
21:55:01.479 [FXGL Background Thread 4 ] DEBUG TilesetLoader        - Created buffer with size 810.0x360.0
21:55:01.489 [JavaFX Application Thread] DEBUG FXGLApplication      - Registering font factories with UI factory
21:55:01.491 [FXGL Background Thread 4 ] DEBUG TMXLevelLoader       - Creating object layer entities
21:55:01.509 [FXGL Background Thread 4 ] DEBUG GameWorld            - Clearing removable entities
21:55:01.510 [FXGL Background Thread 4 ] DEBUG GameWorld            - Setting level: com.almasb.fxgl.entity.level.Level@6eeb30b4
21:55:01.516 [FXGL Background Thread 4 ] DEBUG FXGLAssetLoaderServi - Loading from file system: file:/Users/olive/Documents/GitHub/Project-Winter/proj/target/classes/assets/textures/finalSOOT.gif
21:55:01.521 [FXGL Background Thread 4 ] WARN  Entity               - Entity already has component: com.example.proj.component.PlayerControl
21:55:01.522 [FXGL Background Thread 4 ] DEBUG FXGLAssetLoaderServi - Loading from file system: file:/Users/olive/Documents/GitHub/Project-Winter/proj/target/classes/assets/textures/heart.png
21:55:01.525 [FXGL Background Thread 4 ] INFO  FXGLApplication      - Game initialization took: 0.095 sec
21:55:01.525 [JavaFX Application Thread] DEBUG Input                - Clearing active input actions
21:55:01.535 [JavaFX Application Thread] DEBUG GameApplicationServi - Removing overlay from FXGLLoadingScene and adding to GameScene
21:55:01.553 [JavaFX Application Thread] DEBUG PrimaryStageWindow   - FXGLLoadingScene -> GameScene
21:55:01.780 [FXGL Background Thread 2 ] INFO  UpdaterService       - Your current version:  17.2
21:55:01.780 [FXGL Background Thread 2 ] INFO  UpdaterService       - Latest stable version: 21
21:55:04.375 [FXGL Background Thread 3 ] DEBUG Engine               - Logging environment variables
21:55:04.376 [FXGL Background Thread 3 ] DEBUG Engine               - achievements: []
21:55:04.376 [FXGL Background Thread 3 ] DEBUG Engine               - actualHeight: 360.0
21:55:04.377 [FXGL Background Thread 3 ] DEBUG Engine               - actualHeightProperty: ReadOnlyDoubleProperty [value: 360.0]
21:55:04.377 [FXGL Background Thread 3 ] DEBUG Engine               - actualWidth: 700.0
21:55:04.377 [FXGL Background Thread 3 ] DEBUG Engine               - actualWidthProperty: ReadOnlyDoubleProperty [value: 700.0]
21:55:04.377 [FXGL Background Thread 3 ] DEBUG Engine               - appIcon: fxgl_icon.png
21:55:04.377 [FXGL Background Thread 3 ] DEBUG Engine               - applicationMode: DEVELOPER
21:55:04.377 [FXGL Background Thread 3 ] DEBUG Engine               - cSSList: [fxgl_dark.css]
21:55:04.377 [FXGL Background Thread 3 ] DEBUG Engine               - collisionDetectionStrategy: BRUTE_FORCE
21:55:04.377 [FXGL Background Thread 3 ] DEBUG Engine               - configClass: Optional.empty
21:55:04.377 [FXGL Background Thread 3 ] DEBUG Engine               - credits: []
21:55:04.378 [FXGL Background Thread 3 ] DEBUG Engine               - defaultCursor: CursorInfo(imageName=fxgl_default_cursor.png, hotspotX=7.0, hotspotY=6.0)
21:55:04.379 [FXGL Background Thread 3 ] DEBUG Engine               - devBBoxColorProperty: ObjectProperty [value: 0xff0000ff]
21:55:04.379 [FXGL Background Thread 3 ] DEBUG Engine               - devEnableDebugCameraProperty: BooleanProperty [value: false]
21:55:04.379 [FXGL Background Thread 3 ] DEBUG Engine               - devSensorColorProperty: ObjectProperty [value: 0xffff00ff]
21:55:04.379 [FXGL Background Thread 3 ] DEBUG Engine               - devShowBBoxProperty: BooleanProperty [value: false]
21:55:04.379 [FXGL Background Thread 3 ] DEBUG Engine               - devShowPositionProperty: BooleanProperty [value: false]
21:55:04.379 [FXGL Background Thread 3 ] DEBUG Engine               - enabledMenuItems: []
21:55:04.380 [FXGL Background Thread 3 ] DEBUG Engine               - engineServices: [class com.almasb.fxgl.app.services.FXGLAssetLoaderService, class com.almasb.fxgl.app.FXGLApplication$GameApplicationService, class com.almasb.fxgl.app.services.FXGLDialogService, class com.almasb.fxgl.app.services.IOTaskExecutorService, class com.almasb.fxgl.io.FileSystemService, class com.almasb.fxgl.localization.LocalizationService, class com.almasb.fxgl.app.services.SystemBundleService, class com.almasb.fxgl.profile.SaveLoadService, class com.almasb.fxgl.ui.FXGLUIFactoryServiceProvider, class com.almasb.fxgl.ui.FXGLDialogFactoryServiceProvider, class com.almasb.fxgl.audio.AudioPlayer, class com.almasb.fxgl.notification.impl.NotificationServiceProvider, class com.almasb.fxgl.achievement.AchievementService, class com.almasb.fxgl.cutscene.CutsceneService, class com.almasb.fxgl.minigames.MiniGameService, class com.almasb.fxgl.net.NetService, class com.almasb.fxgl.app.services.UpdaterService, class com.almasb.fxgl.dev.DevService]
21:55:04.380 [FXGL Background Thread 3 ] DEBUG Engine               - fontGame: Abel-Regular.ttf
21:55:04.380 [FXGL Background Thread 3 ] DEBUG Engine               - fontMono: TerminalLandMono-Regular.otf
21:55:04.380 [FXGL Background Thread 3 ] DEBUG Engine               - fontText: Courier-Prime.ttf
21:55:04.380 [FXGL Background Thread 3 ] DEBUG Engine               - fontUI: VarelaRound-Regular.ttf
21:55:04.380 [FXGL Background Thread 3 ] DEBUG Engine               - fullScreen: BooleanProperty [value: false]
21:55:04.380 [FXGL Background Thread 3 ] DEBUG Engine               - gameDifficulty: MEDIUM
21:55:04.380 [FXGL Background Thread 3 ] DEBUG Engine               - gameDifficultyProperty: ObjectProperty [value: MEDIUM]
21:55:04.380 [FXGL Background Thread 3 ] DEBUG Engine               - globalMusicVolume: 0.5
21:55:04.380 [FXGL Background Thread 3 ] DEBUG Engine               - globalMusicVolumeProperty: DoubleProperty [value: 0.5]
21:55:04.380 [FXGL Background Thread 3 ] DEBUG Engine               - globalSoundVolume: 0.5
21:55:04.380 [FXGL Background Thread 3 ] DEBUG Engine               - globalSoundVolumeProperty: DoubleProperty [value: 0.5]
21:55:04.381 [FXGL Background Thread 3 ] DEBUG Engine               - height: 360
21:55:04.381 [FXGL Background Thread 3 ] DEBUG Engine               - is3D: false
21:55:04.381 [FXGL Background Thread 3 ] DEBUG Engine               - isAndroid: false
21:55:04.381 [FXGL Background Thread 3 ] DEBUG Engine               - isBrowser: false
21:55:04.381 [FXGL Background Thread 3 ] DEBUG Engine               - isClickFeedbackEnabled: false
21:55:04.381 [FXGL Background Thread 3 ] DEBUG Engine               - isCloseConfirmation: false
21:55:04.381 [FXGL Background Thread 3 ] DEBUG Engine               - isDesktop: true
21:55:04.381 [FXGL Background Thread 3 ] DEBUG Engine               - isDeveloperMenuEnabled: false
21:55:04.381 [FXGL Background Thread 3 ] DEBUG Engine               - isEmbedded: false
21:55:04.381 [FXGL Background Thread 3 ] DEBUG Engine               - isEntityPreloadEnabled: true
21:55:04.381 [FXGL Background Thread 3 ] DEBUG Engine               - isExperimentalTiledLargeMap: false
21:55:04.381 [FXGL Background Thread 3 ] DEBUG Engine               - isFileSystemWriteAllowed: true
21:55:04.382 [FXGL Background Thread 3 ] DEBUG Engine               - isFullScreenAllowed: false
21:55:04.382 [FXGL Background Thread 3 ] DEBUG Engine               - isFullScreenFromStart: false
21:55:04.382 [FXGL Background Thread 3 ] DEBUG Engine               - isGameMenuEnabled: true
21:55:04.382 [FXGL Background Thread 3 ] DEBUG Engine               - isIOS: false
21:55:04.382 [FXGL Background Thread 3 ] DEBUG Engine               - isIntroEnabled: false
21:55:04.382 [FXGL Background Thread 3 ] DEBUG Engine               - isLinux: false
21:55:04.382 [FXGL Background Thread 3 ] DEBUG Engine               - isMac: true
21:55:04.382 [FXGL Background Thread 3 ] DEBUG Engine               - isMainMenuEnabled: false
21:55:04.382 [FXGL Background Thread 3 ] DEBUG Engine               - isManualResizeEnabled: false
21:55:04.382 [FXGL Background Thread 3 ] DEBUG Engine               - isMobile: false
21:55:04.382 [FXGL Background Thread 3 ] DEBUG Engine               - isNative: false
21:55:04.382 [FXGL Background Thread 3 ] DEBUG Engine               - isPauseMusicWhenMinimized: true
21:55:04.382 [FXGL Background Thread 3 ] DEBUG Engine               - isPreserveResizeRatio: false
21:55:04.382 [FXGL Background Thread 3 ] DEBUG Engine               - isProfilingEnabled: false
21:55:04.382 [FXGL Background Thread 3 ] DEBUG Engine               - isScaleAffectedOnResize: true
21:55:04.383 [FXGL Background Thread 3 ] DEBUG Engine               - isSingleStep: false
21:55:04.383 [FXGL Background Thread 3 ] DEBUG Engine               - isUserProfileEnabled: false
21:55:04.383 [FXGL Background Thread 3 ] DEBUG Engine               - isWindows: false
21:55:04.383 [FXGL Background Thread 3 ] DEBUG Engine               - language: ObjectProperty [value: ENGLISH]
21:55:04.383 [FXGL Background Thread 3 ] DEBUG Engine               - menuKey: ESCAPE
21:55:04.383 [FXGL Background Thread 3 ] DEBUG Engine               - mouseSensitivity: 0.2
21:55:04.383 [FXGL Background Thread 3 ] DEBUG Engine               - notificationViewClass: class com.almasb.fxgl.notification.view.XboxNotificationView
21:55:04.383 [FXGL Background Thread 3 ] DEBUG Engine               - pixelsPerMeter: 50.0
21:55:04.383 [FXGL Background Thread 3 ] DEBUG Engine               - platform: MAC
21:55:04.383 [FXGL Background Thread 3 ] DEBUG Engine               - prefHeightProperty: ReadOnlyDoubleProperty [value: 360.0]
21:55:04.383 [FXGL Background Thread 3 ] DEBUG Engine               - prefWidthProperty: ReadOnlyDoubleProperty [value: 700.0]
21:55:04.383 [FXGL Background Thread 3 ] DEBUG Engine               - profileDir: profiles/
21:55:04.383 [FXGL Background Thread 3 ] DEBUG Engine               - profileName: StringProperty [value: DEFAULT]
21:55:04.383 [FXGL Background Thread 3 ] DEBUG Engine               - randomSeed: -1
21:55:04.384 [FXGL Background Thread 3 ] DEBUG Engine               - runtimeInfo: RuntimeInfo(platform=MAC, version=17.2, build=20.08.2022 16.50)
21:55:04.384 [FXGL Background Thread 3 ] DEBUG Engine               - saveFileExt: sav
21:55:04.384 [FXGL Background Thread 3 ] DEBUG Engine               - scaledHeightProp$fxgl: DoubleProperty [bound, value: 360.0]
21:55:04.384 [FXGL Background Thread 3 ] DEBUG Engine               - scaledWidthProp$fxgl: DoubleProperty [bound, value: 700.0]
21:55:04.384 [FXGL Background Thread 3 ] DEBUG Engine               - sceneFactory: com.almasb.fxgl.app.scene.SceneFactory@40859e3a
21:55:04.384 [FXGL Background Thread 3 ] DEBUG Engine               - secondsIn24h: 60
21:55:04.384 [FXGL Background Thread 3 ] DEBUG Engine               - soundMenuBack: menu/back.wav
21:55:04.384 [FXGL Background Thread 3 ] DEBUG Engine               - soundMenuPress: menu/press.wav
21:55:04.384 [FXGL Background Thread 3 ] DEBUG Engine               - soundMenuSelect: menu/select.wav
21:55:04.384 [FXGL Background Thread 3 ] DEBUG Engine               - soundNotification: core/notification.wav
21:55:04.384 [FXGL Background Thread 3 ] DEBUG Engine               - stageStyle: DECORATED
21:55:04.385 [FXGL Background Thread 3 ] DEBUG Engine               - supportedLanguages: [ENGLISH, FRENCH, GERMAN, HUNGARIAN, RUSSIAN]
21:55:04.385 [FXGL Background Thread 3 ] DEBUG Engine               - ticksPerSecond: -1
21:55:04.385 [FXGL Background Thread 3 ] DEBUG Engine               - title: Soot(sin)
21:55:04.385 [FXGL Background Thread 3 ] DEBUG Engine               - urlGithub: https://github.com/AlmasB/FXGL
21:55:04.385 [FXGL Background Thread 3 ] DEBUG Engine               - urlLeaderboard: http://fxgl-top.herokuapp.com/
21:55:04.385 [FXGL Background Thread 3 ] DEBUG Engine               - urlPOM: https://raw.githubusercontent.com/AlmasB/FXGL/release/README.md
21:55:04.385 [FXGL Background Thread 3 ] DEBUG Engine               - userAppClass: class com.example.proj.SootApp
21:55:04.385 [FXGL Background Thread 3 ] DEBUG Engine               - version: 0.0
21:55:04.385 [FXGL Background Thread 3 ] DEBUG Engine               - versionCheckDays: 7
21:55:04.385 [FXGL Background Thread 3 ] DEBUG Engine               - width: 700
21:55:04.385 [FXGL Background Thread 3 ] DEBUG Engine               - Logging services
21:55:04.385 [FXGL Background Thread 3 ] DEBUG Engine               - class com.almasb.fxgl.app.services.FXGLAssetLoaderService
21:55:04.385 [FXGL Background Thread 3 ] DEBUG Engine               - class com.almasb.fxgl.app.FXGLApplication$GameApplicationService
21:55:04.385 [FXGL Background Thread 3 ] DEBUG Engine               - class com.almasb.fxgl.app.services.FXGLDialogService
21:55:04.385 [FXGL Background Thread 3 ] DEBUG Engine               - class com.almasb.fxgl.app.services.IOTaskExecutorService
21:55:04.385 [FXGL Background Thread 3 ] DEBUG Engine               - class com.almasb.fxgl.io.FileSystemService
21:55:04.386 [FXGL Background Thread 3 ] DEBUG Engine               - class com.almasb.fxgl.localization.LocalizationService
21:55:04.386 [FXGL Background Thread 3 ] DEBUG Engine               - class com.almasb.fxgl.app.services.SystemBundleService
21:55:04.386 [FXGL Background Thread 3 ] DEBUG Engine               - class com.almasb.fxgl.profile.SaveLoadService
21:55:04.386 [FXGL Background Thread 3 ] DEBUG Engine               - class com.almasb.fxgl.ui.FXGLUIFactoryServiceProvider
21:55:04.386 [FXGL Background Thread 3 ] DEBUG Engine               - class com.almasb.fxgl.ui.FXGLDialogFactoryServiceProvider
21:55:04.386 [FXGL Background Thread 3 ] DEBUG Engine               - class com.almasb.fxgl.audio.AudioPlayer
21:55:04.386 [FXGL Background Thread 3 ] DEBUG Engine               - class com.almasb.fxgl.notification.impl.NotificationServiceProvider
21:55:04.386 [FXGL Background Thread 3 ] DEBUG Engine               - class com.almasb.fxgl.achievement.AchievementService
21:55:04.386 [FXGL Background Thread 3 ] DEBUG Engine               - class com.almasb.fxgl.cutscene.CutsceneService
21:55:04.386 [FXGL Background Thread 3 ] DEBUG Engine               - class com.almasb.fxgl.minigames.MiniGameService
21:55:04.386 [FXGL Background Thread 3 ] DEBUG Engine               - class com.almasb.fxgl.net.NetService
21:55:04.386 [FXGL Background Thread 3 ] DEBUG Engine               - class com.almasb.fxgl.app.services.UpdaterService
21:55:04.386 [FXGL Background Thread 3 ] DEBUG Engine               - class com.almasb.fxgl.dev.DevService
21:55:12.755 [JavaFX Application Thread] DEBUG FXGLApplication      - Exiting FXGL
21:55:12.755 [JavaFX Application Thread] DEBUG LoopRunner           - Stopping loop
21:55:12.755 [JavaFX Application Thread] DEBUG SystemBundleService  - Saving FXGL system data
21:55:12.758 [JavaFX Application Thread] DEBUG FileSystemAccess     - Writing to: /Users/olive/Documents/GitHub/Project-Winter/system/fxgl.bundle
21:55:12.759 [JavaFX Application Thread] DEBUG Async                - Shutting down background threads
21:55:12.760 [JavaFX Application Thread] DEBUG PrimaryStageWindow   - Closing main window
21:55:12.766 [JavaFX Application Thread] DEBUG Logger               - Closing Logger
