15:51:07.861 [main                     ] DEBUG Logger               - Configured Logger
15:51:07.906 [main                     ] DEBUG GameApplication      - Logging settings
Title: Soot(sin)
Version: 0.0
Width: 450
Height: 360
Fullscreen: false
Intro: false
Profiling: false
Single step:false
App Mode: DEVELOPER
Menu Key: ESCAPE
Stage Style: DECORATED
Scene Factory: class com.almasb.fxgl.app.scene.SceneFactory

15:51:08.401 [JavaFX Application Thread] DEBUG FXGLApplication      - Initializing FXGL
15:51:08.412 [JavaFX Application Thread] INFO  Engine               - FXGL-17.2 (20.08.2022 16.50) on WINDOWS (J:18.0.2.1 FX:18.0.2)
15:51:08.413 [JavaFX Application Thread] DEBUG Engine               - JRE Vendor Name: Oracle Corporation
15:51:08.413 [JavaFX Application Thread] DEBUG Engine               - Running on OS: Windows 11 version 10.0
15:51:08.413 [JavaFX Application Thread] DEBUG Engine               - Architecture: amd64
15:51:08.413 [JavaFX Application Thread] INFO  Engine               - Source code and latest versions at: https://github.com/AlmasB/FXGL
15:51:08.414 [JavaFX Application Thread] INFO  Engine               -       Ask questions and discuss at: https://github.com/AlmasB/FXGL/discussions
15:51:08.414 [JavaFX Application Thread] INFO  Engine               -              Join the FXGL chat at: https://gitter.im/AlmasB/FXGL
15:51:08.559 [JavaFX Application Thread] DEBUG PrimaryStageWindow   - Creating a JavaFX scene
15:51:08.614 [JavaFX Application Thread] DEBUG PrimaryStageWindow   - Target settings size: 450.0 x 360.0
15:51:08.615 [JavaFX Application Thread] DEBUG PrimaryStageWindow   - Scaled scene size:    450.0 x 360.0
15:51:08.615 [JavaFX Application Thread] DEBUG PrimaryStageWindow   - Scaled ratio: (1.0, 1.0)
15:51:08.616 [JavaFX Application Thread] DEBUG PrimaryStageWindow   - Set initial scene to FXGLStartupScene
15:51:08.628 [JavaFX Application Thread] DEBUG PrimaryStageWindow   - Opening main window
15:51:08.748 [JavaFX Application Thread] DEBUG PrimaryStageWindow   - Window border size: (14.666656494140625, 37.333343505859375)
15:51:08.748 [JavaFX Application Thread] DEBUG PrimaryStageWindow   - Scaled size: 450.0 x 360.0
15:51:08.750 [JavaFX Application Thread] DEBUG PrimaryStageWindow   - Scaled ratio: (1.0, 1.0)
15:51:08.752 [JavaFX Application Thread] DEBUG PrimaryStageWindow   - Scene size: 450.0 x 360.0
15:51:08.753 [JavaFX Application Thread] DEBUG PrimaryStageWindow   - Stage size: 464.6666564941406 x 397.3333435058594
15:51:08.768 [FXGL Background Thread 1 ] DEBUG Engine               - Initializing environment variables
15:51:08.845 [FXGL Background Thread 1 ] DEBUG FXGLAssetLoaderServi - User app class for loading assets: class com.example.proj.SootApp
15:51:08.846 [FXGL Background Thread 1 ] DEBUG GameApplicationServi - Applying CSS: fxgl_dark.css
15:51:08.847 [FXGL Background Thread 1 ] DEBUG FXGLAssetLoaderServi - Loading from file system: jar:file:///C:/Users/aasth/.m2/repository/com/github/almasb/fxgl/17.2/fxgl-17.2.jar!/fxglassets/ui/css/fxgl_dark.css
15:51:08.913 [FXGL Background Thread 1 ] DEBUG GameApplicationServi - Initializing application scenes
15:51:08.987 [FXGL Background Thread 1 ] DEBUG GameWorld            - Game world initialized
15:51:09.062 [FXGL Background Thread 1 ] DEBUG PhysicsWorld         - Physics world initialized: appHeight=360, physics.ppm=50.0
15:51:09.062 [FXGL Background Thread 1 ] DEBUG PhysicsWorld         - Using strategy: BRUTE_FORCE
15:51:09.067 [FXGL Background Thread 1 ] DEBUG GameScene            - Game scene initialized: 450x360
15:51:09.079 [FXGL Background Thread 1 ] WARN  FXGL.DefaultMenu     - FXGLDefaultMenu is not designed for resolutions < 800x600
15:51:09.080 [FXGL Background Thread 1 ] DEBUG FXGL.DefaultMenu     - createMenuBodyGameMenu()
15:51:09.098 [FXGL Background Thread 1 ] DEBUG FXGL.DefaultMenu     - createOptionsMenu()
15:51:09.114 [FXGL Background Thread 1 ] DEBUG FXGLAssetLoaderServi - Loading from file system: jar:file:///C:/Users/aasth/.m2/repository/com/github/almasb/fxgl/17.2/fxgl-17.2.jar!/fxglassets/textures/particles/smoke.png
15:51:09.240 [FXGL Background Thread 1 ] DEBUG FXGLAssetLoaderServi - Loading from file system: jar:file:///C:/Users/aasth/.m2/repository/com/github/almasb/fxgl/17.2/fxgl-17.2.jar!/fxglassets/textures/particles/trace_horizontal.png
15:51:09.288 [FXGL Background Thread 1 ] DEBUG GameApplicationServi - Application scenes initialized
15:51:09.306 [FXGL Background Thread 1 ] DEBUG SystemBundleService  - Loading FXGL system data
15:51:09.312 [FXGL Background Thread 1 ] DEBUG FileSystemAccess     - Reading from: C:\Users\aasth\OneDrive\Documents\GitHub\Project-Winter\system\fxgl.bundle
15:51:09.326 [FXGL Background Thread 1 ] DEBUG SystemBundleService  - Bundle FXGL: {}
15:51:09.326 [FXGL Background Thread 1 ] DEBUG UpdaterService       - Checking for updates
15:51:09.332 [FXGL Background Thread 4 ] DEBUG FXGLApplication      - Loading fonts
15:51:09.333 [FXGL Background Thread 1 ] DEBUG FXGLApplication      - Loading default localization
15:51:09.334 [FXGL Background Thread 1 ] DEBUG FXGLAssetLoaderServi - Loading from file system: jar:file:///C:/Users/aasth/.m2/repository/com/github/almasb/fxgl/17.2/fxgl-17.2.jar!/fxglassets/languages/english.lang
15:51:09.358 [FXGL Background Thread 1 ] INFO  FXGLApplication      - FXGL initialization took: 0.590 sec
15:51:09.374 [JavaFX Application Thread] DEBUG Input                - Registered new binding: left - Left
15:51:09.374 [JavaFX Application Thread] DEBUG Input                - Registered new binding: right - Right
15:51:09.374 [JavaFX Application Thread] DEBUG Input                - Registered new binding: jump - Up
15:51:09.375 [JavaFX Application Thread] DEBUG FXGLAssetLoaderServi - Loading from file system: jar:file:///C:/Users/aasth/.m2/repository/com/github/almasb/fxgl/17.2/fxgl-17.2.jar!/fxglassets/textures/fxgl_icon.png
15:51:09.409 [JavaFX Application Thread] DEBUG FXGLAssetLoaderServi - Loading from file system: jar:file:///C:/Users/aasth/.m2/repository/com/github/almasb/fxgl/17.2/fxgl-17.2.jar!/fxglassets/textures/fxgl_default_cursor.png
15:51:09.413 [JavaFX Application Thread] DEBUG Input                - Registered new binding: Screenshot - CTRL+8
15:51:09.414 [JavaFX Application Thread] DEBUG Input                - Registered new binding: System info dump - CTRL+9
15:51:09.414 [JavaFX Application Thread] DEBUG Input                - Registered new binding: Restart - CTRL+R
15:51:09.415 [JavaFX Application Thread] DEBUG Input                - Registered new binding: Toggle Debug Camera - CTRL+7
15:51:09.418 [JavaFX Application Thread] DEBUG LoopRunner           - Starting loop
15:51:09.418 [JavaFX Application Thread] DEBUG LoopRunner           - Initializing JavaFX AnimationTimerLoop
15:51:09.421 [JavaFX Application Thread] DEBUG GameApplicationServi - Starting new game
15:51:09.421 [JavaFX Application Thread] DEBUG Input                - Clearing active input actions
15:51:09.425 [FXGL Background Thread 4 ] DEBUG FXGLAssetLoaderServi - Loading from file system: jar:file:///C:/Users/aasth/.m2/repository/com/github/almasb/fxgl/17.2/fxgl-17.2.jar!/fxglassets/ui/fonts/Abel-Regular.ttf
15:51:09.429 [FXGL Background Thread 4 ] DEBUG FXGLAssetLoaderServi - Loading from file system: jar:file:///C:/Users/aasth/.m2/repository/com/github/almasb/fxgl/17.2/fxgl-17.2.jar!/fxglassets/ui/fonts/TerminalLandMono-Regular.otf
15:51:09.433 [FXGL Background Thread 4 ] DEBUG FXGLAssetLoaderServi - Loading from file system: jar:file:///C:/Users/aasth/.m2/repository/com/github/almasb/fxgl/17.2/fxgl-17.2.jar!/fxglassets/ui/fonts/Courier-Prime.ttf
15:51:09.438 [JavaFX Application Thread] DEBUG GameApplicationServi - Removing overlay from FXGLStartupScene and adding to FXGLLoadingScene
15:51:09.439 [JavaFX Application Thread] DEBUG PrimaryStageWindow   - FXGLStartupScene -> FXGLLoadingScene
15:51:09.439 [JavaFX Application Thread] DEBUG GameApplicationServi - Clearing previous game
15:51:09.440 [JavaFX Application Thread] DEBUG GameScene            - Clearing game scene
15:51:09.440 [JavaFX Application Thread] DEBUG GameWorld            - Clearing game world
15:51:09.440 [JavaFX Application Thread] DEBUG PhysicsWorld         - Clearing physics world
15:51:09.442 [FXGL Background Thread 4 ] DEBUG FXGLApplication      - Initializing game
15:51:09.486 [JavaFX Application Thread] DEBUG FXGLApplication      - Registering font factories with UI factory
15:51:09.509 [FXGL Background Thread 4 ] DEBUG TMXLevelLoader       - Parsed TiledMap: file:/C:/Users/aasth/OneDrive/Documents/GitHub/Project-Winter/proj/target/classes/assets/levels/tmx/Plat1.9.0.tmx
15:51:09.510 [FXGL Background Thread 4 ] DEBUG TMXLevelLoader       - Creating tile layer entities
15:51:09.513 [FXGL Background Thread 4 ] DEBUG TilesetLoader        - Loading view for layer Tile Layer 1
15:51:09.514 [FXGL Background Thread 4 ] DEBUG TilesetLoader        - Created buffer with size 450.0x360.0
15:51:09.524 [FXGL Background Thread 4 ] DEBUG TMXLevelLoader       - Creating object layer entities
15:51:09.549 [FXGL Background Thread 4 ] DEBUG GameWorld            - Clearing removable entities
15:51:09.550 [FXGL Background Thread 4 ] DEBUG GameWorld            - Setting level: com.almasb.fxgl.entity.level.Level@44c9e961
15:51:09.561 [FXGL Background Thread 4 ] DEBUG FXGLAssetLoaderServi - Loading from file system: file:/C:/Users/aasth/OneDrive/Documents/GitHub/Project-Winter/proj/target/classes/assets/textures/finalSOOT.gif
15:51:09.570 [FXGL Background Thread 4 ] WARN  Entity               - Entity already has component: com.example.proj.component.PlayerControl
15:51:09.581 [FXGL Background Thread 4 ] INFO  FXGLApplication      - Game initialization took: 0.138 sec
15:51:09.607 [JavaFX Application Thread] DEBUG Input                - Clearing active input actions
15:51:09.627 [JavaFX Application Thread] DEBUG GameApplicationServi - Removing overlay from FXGLLoadingScene and adding to GameScene
15:51:09.628 [JavaFX Application Thread] DEBUG PrimaryStageWindow   - FXGLLoadingScene -> GameScene
15:51:10.020 [FXGL Background Thread 2 ] INFO  UpdaterService       - Your current version:  17.2
15:51:10.020 [FXGL Background Thread 2 ] INFO  UpdaterService       - Latest stable version: 21
15:51:12.331 [FXGL Background Thread 3 ] DEBUG Engine               - Logging environment variables
15:51:12.332 [FXGL Background Thread 3 ] DEBUG Engine               - achievements: []
15:51:12.332 [FXGL Background Thread 3 ] DEBUG Engine               - actualHeight: 360.0
15:51:12.332 [FXGL Background Thread 3 ] DEBUG Engine               - actualHeightProperty: ReadOnlyDoubleProperty [value: 360.0]
15:51:12.332 [FXGL Background Thread 3 ] DEBUG Engine               - actualWidth: 450.0
15:51:12.332 [FXGL Background Thread 3 ] DEBUG Engine               - actualWidthProperty: ReadOnlyDoubleProperty [value: 450.0]
15:51:12.332 [FXGL Background Thread 3 ] DEBUG Engine               - appIcon: fxgl_icon.png
15:51:12.332 [FXGL Background Thread 3 ] DEBUG Engine               - applicationMode: DEVELOPER
15:51:12.333 [FXGL Background Thread 3 ] DEBUG Engine               - cSSList: [fxgl_dark.css]
15:51:12.333 [FXGL Background Thread 3 ] DEBUG Engine               - collisionDetectionStrategy: BRUTE_FORCE
15:51:12.333 [FXGL Background Thread 3 ] DEBUG Engine               - configClass: Optional.empty
15:51:12.334 [FXGL Background Thread 3 ] DEBUG Engine               - credits: []
15:51:12.334 [FXGL Background Thread 3 ] DEBUG Engine               - defaultCursor: CursorInfo(imageName=fxgl_default_cursor.png, hotspotX=7.0, hotspotY=6.0)
15:51:12.336 [FXGL Background Thread 3 ] DEBUG Engine               - devBBoxColorProperty: ObjectProperty [value: 0xff0000ff]
15:51:12.336 [FXGL Background Thread 3 ] DEBUG Engine               - devEnableDebugCameraProperty: BooleanProperty [value: false]
15:51:12.336 [FXGL Background Thread 3 ] DEBUG Engine               - devSensorColorProperty: ObjectProperty [value: 0xffff00ff]
15:51:12.336 [FXGL Background Thread 3 ] DEBUG Engine               - devShowBBoxProperty: BooleanProperty [value: false]
15:51:12.336 [FXGL Background Thread 3 ] DEBUG Engine               - devShowPositionProperty: BooleanProperty [value: false]
15:51:12.336 [FXGL Background Thread 3 ] DEBUG Engine               - enabledMenuItems: []
15:51:12.336 [FXGL Background Thread 3 ] DEBUG Engine               - engineServices: [class com.almasb.fxgl.app.services.FXGLAssetLoaderService, class com.almasb.fxgl.app.FXGLApplication$GameApplicationService, class com.almasb.fxgl.app.services.FXGLDialogService, class com.almasb.fxgl.app.services.IOTaskExecutorService, class com.almasb.fxgl.io.FileSystemService, class com.almasb.fxgl.localization.LocalizationService, class com.almasb.fxgl.app.services.SystemBundleService, class com.almasb.fxgl.profile.SaveLoadService, class com.almasb.fxgl.ui.FXGLUIFactoryServiceProvider, class com.almasb.fxgl.ui.FXGLDialogFactoryServiceProvider, class com.almasb.fxgl.audio.AudioPlayer, class com.almasb.fxgl.notification.impl.NotificationServiceProvider, class com.almasb.fxgl.achievement.AchievementService, class com.almasb.fxgl.cutscene.CutsceneService, class com.almasb.fxgl.minigames.MiniGameService, class com.almasb.fxgl.net.NetService, class com.almasb.fxgl.app.services.UpdaterService, class com.almasb.fxgl.dev.DevService]
15:51:12.336 [FXGL Background Thread 3 ] DEBUG Engine               - fontGame: Abel-Regular.ttf
15:51:12.336 [FXGL Background Thread 3 ] DEBUG Engine               - fontMono: TerminalLandMono-Regular.otf
15:51:12.337 [FXGL Background Thread 3 ] DEBUG Engine               - fontText: Courier-Prime.ttf
15:51:12.337 [FXGL Background Thread 3 ] DEBUG Engine               - fontUI: VarelaRound-Regular.ttf
15:51:12.337 [FXGL Background Thread 3 ] DEBUG Engine               - fullScreen: BooleanProperty [value: false]
15:51:12.338 [FXGL Background Thread 3 ] DEBUG Engine               - gameDifficulty: MEDIUM
15:51:12.338 [FXGL Background Thread 3 ] DEBUG Engine               - gameDifficultyProperty: ObjectProperty [value: MEDIUM]
15:51:12.338 [FXGL Background Thread 3 ] DEBUG Engine               - globalMusicVolume: 0.5
15:51:12.338 [FXGL Background Thread 3 ] DEBUG Engine               - globalMusicVolumeProperty: DoubleProperty [value: 0.5]
15:51:12.338 [FXGL Background Thread 3 ] DEBUG Engine               - globalSoundVolume: 0.5
15:51:12.338 [FXGL Background Thread 3 ] DEBUG Engine               - globalSoundVolumeProperty: DoubleProperty [value: 0.5]
15:51:12.338 [FXGL Background Thread 3 ] DEBUG Engine               - height: 360
15:51:12.338 [FXGL Background Thread 3 ] DEBUG Engine               - is3D: false
15:51:12.338 [FXGL Background Thread 3 ] DEBUG Engine               - isAndroid: false
15:51:12.338 [FXGL Background Thread 3 ] DEBUG Engine               - isBrowser: false
15:51:12.338 [FXGL Background Thread 3 ] DEBUG Engine               - isClickFeedbackEnabled: false
15:51:12.339 [FXGL Background Thread 3 ] DEBUG Engine               - isCloseConfirmation: false
15:51:12.339 [FXGL Background Thread 3 ] DEBUG Engine               - isDesktop: true
15:51:12.339 [FXGL Background Thread 3 ] DEBUG Engine               - isDeveloperMenuEnabled: false
15:51:12.339 [FXGL Background Thread 3 ] DEBUG Engine               - isEmbedded: false
15:51:12.339 [FXGL Background Thread 3 ] DEBUG Engine               - isEntityPreloadEnabled: true
15:51:12.339 [FXGL Background Thread 3 ] DEBUG Engine               - isExperimentalTiledLargeMap: false
15:51:12.339 [FXGL Background Thread 3 ] DEBUG Engine               - isFileSystemWriteAllowed: true
15:51:12.339 [FXGL Background Thread 3 ] DEBUG Engine               - isFullScreenAllowed: false
15:51:12.339 [FXGL Background Thread 3 ] DEBUG Engine               - isFullScreenFromStart: false
15:51:12.340 [FXGL Background Thread 3 ] DEBUG Engine               - isGameMenuEnabled: true
15:51:12.340 [FXGL Background Thread 3 ] DEBUG Engine               - isIOS: false
15:51:12.340 [FXGL Background Thread 3 ] DEBUG Engine               - isIntroEnabled: false
15:51:12.340 [FXGL Background Thread 3 ] DEBUG Engine               - isLinux: false
15:51:12.340 [FXGL Background Thread 3 ] DEBUG Engine               - isMac: false
15:51:12.340 [FXGL Background Thread 3 ] DEBUG Engine               - isMainMenuEnabled: false
15:51:12.340 [FXGL Background Thread 3 ] DEBUG Engine               - isManualResizeEnabled: false
15:51:12.340 [FXGL Background Thread 3 ] DEBUG Engine               - isMobile: false
15:51:12.340 [FXGL Background Thread 3 ] DEBUG Engine               - isNative: false
15:51:12.340 [FXGL Background Thread 3 ] DEBUG Engine               - isPauseMusicWhenMinimized: true
15:51:12.341 [FXGL Background Thread 3 ] DEBUG Engine               - isPreserveResizeRatio: false
15:51:12.341 [FXGL Background Thread 3 ] DEBUG Engine               - isProfilingEnabled: false
15:51:12.341 [FXGL Background Thread 3 ] DEBUG Engine               - isScaleAffectedOnResize: true
15:51:12.341 [FXGL Background Thread 3 ] DEBUG Engine               - isSingleStep: false
15:51:12.341 [FXGL Background Thread 3 ] DEBUG Engine               - isUserProfileEnabled: false
15:51:12.341 [FXGL Background Thread 3 ] DEBUG Engine               - isWindows: true
15:51:12.342 [FXGL Background Thread 3 ] DEBUG Engine               - language: ObjectProperty [value: ENGLISH]
15:51:12.342 [FXGL Background Thread 3 ] DEBUG Engine               - menuKey: ESCAPE
15:51:12.342 [FXGL Background Thread 3 ] DEBUG Engine               - mouseSensitivity: 0.2
15:51:12.342 [FXGL Background Thread 3 ] DEBUG Engine               - notificationViewClass: class com.almasb.fxgl.notification.view.XboxNotificationView
15:51:12.342 [FXGL Background Thread 3 ] DEBUG Engine               - pixelsPerMeter: 50.0
15:51:12.342 [FXGL Background Thread 3 ] DEBUG Engine               - platform: WINDOWS
15:51:12.342 [FXGL Background Thread 3 ] DEBUG Engine               - prefHeightProperty: ReadOnlyDoubleProperty [value: 360.0]
15:51:12.342 [FXGL Background Thread 3 ] DEBUG Engine               - prefWidthProperty: ReadOnlyDoubleProperty [value: 450.0]
15:51:12.342 [FXGL Background Thread 3 ] DEBUG Engine               - profileDir: profiles/
15:51:12.342 [FXGL Background Thread 3 ] DEBUG Engine               - profileName: StringProperty [value: DEFAULT]
15:51:12.342 [FXGL Background Thread 3 ] DEBUG Engine               - randomSeed: -1
15:51:12.343 [FXGL Background Thread 3 ] DEBUG Engine               - runtimeInfo: RuntimeInfo(platform=WINDOWS, version=17.2, build=20.08.2022 16.50)
15:51:12.343 [FXGL Background Thread 3 ] DEBUG Engine               - saveFileExt: sav
15:51:12.343 [FXGL Background Thread 3 ] DEBUG Engine               - scaledHeightProp$fxgl: DoubleProperty [bound, value: 360.0]
15:51:12.343 [FXGL Background Thread 3 ] DEBUG Engine               - scaledWidthProp$fxgl: DoubleProperty [bound, value: 450.0]
15:51:12.343 [FXGL Background Thread 3 ] DEBUG Engine               - sceneFactory: com.almasb.fxgl.app.scene.SceneFactory@65924cf1
15:51:12.343 [FXGL Background Thread 3 ] DEBUG Engine               - secondsIn24h: 60
15:51:12.343 [FXGL Background Thread 3 ] DEBUG Engine               - soundMenuBack: menu/back.wav
15:51:12.343 [FXGL Background Thread 3 ] DEBUG Engine               - soundMenuPress: menu/press.wav
15:51:12.343 [FXGL Background Thread 3 ] DEBUG Engine               - soundMenuSelect: menu/select.wav
15:51:12.345 [FXGL Background Thread 3 ] DEBUG Engine               - soundNotification: core/notification.wav
15:51:12.345 [FXGL Background Thread 3 ] DEBUG Engine               - stageStyle: DECORATED
15:51:12.345 [FXGL Background Thread 3 ] DEBUG Engine               - supportedLanguages: [ENGLISH, FRENCH, GERMAN, HUNGARIAN, RUSSIAN]
15:51:12.345 [FXGL Background Thread 3 ] DEBUG Engine               - ticksPerSecond: -1
15:51:12.345 [FXGL Background Thread 3 ] DEBUG Engine               - title: Soot(sin)
15:51:12.345 [FXGL Background Thread 3 ] DEBUG Engine               - urlGithub: https://github.com/AlmasB/FXGL
15:51:12.345 [FXGL Background Thread 3 ] DEBUG Engine               - urlLeaderboard: http://fxgl-top.herokuapp.com/
15:51:12.345 [FXGL Background Thread 3 ] DEBUG Engine               - urlPOM: https://raw.githubusercontent.com/AlmasB/FXGL/release/README.md
15:51:12.345 [FXGL Background Thread 3 ] DEBUG Engine               - userAppClass: class com.example.proj.SootApp
15:51:12.345 [FXGL Background Thread 3 ] DEBUG Engine               - version: 0.0
15:51:12.346 [FXGL Background Thread 3 ] DEBUG Engine               - versionCheckDays: 7
15:51:12.346 [FXGL Background Thread 3 ] DEBUG Engine               - width: 450
15:51:12.346 [FXGL Background Thread 3 ] DEBUG Engine               - Logging services
15:51:12.346 [FXGL Background Thread 3 ] DEBUG Engine               - class com.almasb.fxgl.app.services.FXGLAssetLoaderService
15:51:12.346 [FXGL Background Thread 3 ] DEBUG Engine               - class com.almasb.fxgl.app.FXGLApplication$GameApplicationService
15:51:12.346 [FXGL Background Thread 3 ] DEBUG Engine               - class com.almasb.fxgl.app.services.FXGLDialogService
15:51:12.346 [FXGL Background Thread 3 ] DEBUG Engine               - class com.almasb.fxgl.app.services.IOTaskExecutorService
15:51:12.346 [FXGL Background Thread 3 ] DEBUG Engine               - class com.almasb.fxgl.io.FileSystemService
15:51:12.346 [FXGL Background Thread 3 ] DEBUG Engine               - class com.almasb.fxgl.localization.LocalizationService
15:51:12.346 [FXGL Background Thread 3 ] DEBUG Engine               - class com.almasb.fxgl.app.services.SystemBundleService
15:51:12.346 [FXGL Background Thread 3 ] DEBUG Engine               - class com.almasb.fxgl.profile.SaveLoadService
15:51:12.346 [FXGL Background Thread 3 ] DEBUG Engine               - class com.almasb.fxgl.ui.FXGLUIFactoryServiceProvider
15:51:12.347 [FXGL Background Thread 3 ] DEBUG Engine               - class com.almasb.fxgl.ui.FXGLDialogFactoryServiceProvider
15:51:12.347 [FXGL Background Thread 3 ] DEBUG Engine               - class com.almasb.fxgl.audio.AudioPlayer
15:51:12.347 [FXGL Background Thread 3 ] DEBUG Engine               - class com.almasb.fxgl.notification.impl.NotificationServiceProvider
15:51:12.347 [FXGL Background Thread 3 ] DEBUG Engine               - class com.almasb.fxgl.achievement.AchievementService
15:51:12.347 [FXGL Background Thread 3 ] DEBUG Engine               - class com.almasb.fxgl.cutscene.CutsceneService
15:51:12.347 [FXGL Background Thread 3 ] DEBUG Engine               - class com.almasb.fxgl.minigames.MiniGameService
15:51:12.347 [FXGL Background Thread 3 ] DEBUG Engine               - class com.almasb.fxgl.net.NetService
15:51:12.347 [FXGL Background Thread 3 ] DEBUG Engine               - class com.almasb.fxgl.app.services.UpdaterService
15:51:12.347 [FXGL Background Thread 3 ] DEBUG Engine               - class com.almasb.fxgl.dev.DevService
15:51:16.753 [JavaFX Application Thread] DEBUG FXGLApplication      - Exiting FXGL
15:51:16.754 [JavaFX Application Thread] DEBUG LoopRunner           - Stopping loop
15:51:16.754 [JavaFX Application Thread] DEBUG SystemBundleService  - Saving FXGL system data
15:51:16.756 [JavaFX Application Thread] DEBUG FileSystemAccess     - Writing to: C:\Users\aasth\OneDrive\Documents\GitHub\Project-Winter\system\fxgl.bundle
15:51:16.760 [JavaFX Application Thread] DEBUG Async                - Shutting down background threads
15:51:16.760 [JavaFX Application Thread] DEBUG PrimaryStageWindow   - Closing main window
15:51:16.784 [JavaFX Application Thread] DEBUG Logger               - Closing Logger
