11:29:28.442 [main                     ] DEBUG Logger               - Configured Logger
11:29:28.454 [main                     ] DEBUG GameApplication      - Logging settings
Title: Soot(sin)
Version: 0.0
Width: 800
Height: 360
Fullscreen: false
Intro: false
Profiling: false
Single step:false
App Mode: DEVELOPER
Menu Key: ESCAPE
Stage Style: DECORATED
Scene Factory: class com.almasb.fxgl.app.scene.SceneFactory

11:29:28.667 [JavaFX Application Thread] DEBUG FXGLApplication      - Initializing FXGL
11:29:28.669 [JavaFX Application Thread] INFO  Engine               - FXGL-17.2 (20.08.2022 16.50) on MAC (J:18.0.2.1 FX:18.0.2)
11:29:28.669 [JavaFX Application Thread] DEBUG Engine               - JRE Vendor Name: Oracle Corporation
11:29:28.669 [JavaFX Application Thread] DEBUG Engine               - Running on OS: Mac OS X version 13.4.1
11:29:28.669 [JavaFX Application Thread] DEBUG Engine               - Architecture: aarch64
11:29:28.669 [JavaFX Application Thread] INFO  Engine               - Source code and latest versions at: https://github.com/AlmasB/FXGL
11:29:28.669 [JavaFX Application Thread] INFO  Engine               -       Ask questions and discuss at: https://github.com/AlmasB/FXGL/discussions
11:29:28.670 [JavaFX Application Thread] INFO  Engine               -              Join the FXGL chat at: https://gitter.im/AlmasB/FXGL
11:29:28.708 [JavaFX Application Thread] DEBUG PrimaryStageWindow   - Creating a JavaFX scene
11:29:28.727 [JavaFX Application Thread] DEBUG PrimaryStageWindow   - Target settings size: 800.0 x 360.0
11:29:28.727 [JavaFX Application Thread] DEBUG PrimaryStageWindow   - Scaled scene size:    800.0 x 360.0
11:29:28.728 [JavaFX Application Thread] DEBUG PrimaryStageWindow   - Scaled ratio: (1.0, 1.0)
11:29:28.728 [JavaFX Application Thread] DEBUG PrimaryStageWindow   - Set initial scene to FXGLStartupScene
11:29:28.731 [JavaFX Application Thread] DEBUG PrimaryStageWindow   - Opening main window
11:29:28.786 [JavaFX Application Thread] DEBUG PrimaryStageWindow   - Window border size: (0.0, 28.0)
11:29:28.786 [JavaFX Application Thread] DEBUG PrimaryStageWindow   - Scaled size: 800.0 x 360.0
11:29:28.786 [JavaFX Application Thread] DEBUG PrimaryStageWindow   - Scaled ratio: (1.0, 1.0)
11:29:28.786 [JavaFX Application Thread] DEBUG PrimaryStageWindow   - Scene size: 800.0 x 360.0
11:29:28.786 [JavaFX Application Thread] DEBUG PrimaryStageWindow   - Stage size: 800.0 x 388.0
11:29:28.789 [FXGL Background Thread 1 ] DEBUG Engine               - Initializing environment variables
11:29:28.813 [FXGL Background Thread 1 ] DEBUG FXGLAssetLoaderServi - User app class for loading assets: class com.example.proj.SootApp
11:29:28.814 [FXGL Background Thread 1 ] DEBUG GameApplicationServi - Applying CSS: fxgl_dark.css
11:29:28.814 [FXGL Background Thread 1 ] DEBUG FXGLAssetLoaderServi - Loading from file system: jar:file:///Users/olive/.m2/repository/com/github/almasb/fxgl/17.2/fxgl-17.2.jar!/fxglassets/ui/css/fxgl_dark.css
11:29:28.840 [FXGL Background Thread 1 ] DEBUG GameApplicationServi - Initializing application scenes
11:29:29.057 [FXGL Background Thread 1 ] DEBUG GameWorld            - Game world initialized
11:29:29.082 [FXGL Background Thread 1 ] DEBUG PhysicsWorld         - Physics world initialized: appHeight=360, physics.ppm=50.0
11:29:29.082 [FXGL Background Thread 1 ] DEBUG PhysicsWorld         - Using strategy: BRUTE_FORCE
11:29:29.083 [FXGL Background Thread 1 ] DEBUG GameScene            - Game scene initialized: 800x360
11:29:29.088 [FXGL Background Thread 1 ] WARN  FXGL.DefaultMenu     - FXGLDefaultMenu is not designed for resolutions < 800x600
11:29:29.088 [FXGL Background Thread 1 ] DEBUG FXGL.DefaultMenu     - createMenuBodyGameMenu()
11:29:29.094 [FXGL Background Thread 1 ] DEBUG FXGL.DefaultMenu     - createOptionsMenu()
11:29:29.098 [FXGL Background Thread 1 ] DEBUG FXGLAssetLoaderServi - Loading from file system: jar:file:///Users/olive/.m2/repository/com/github/almasb/fxgl/17.2/fxgl-17.2.jar!/fxglassets/textures/particles/smoke.png
11:29:29.160 [FXGL Background Thread 1 ] DEBUG FXGLAssetLoaderServi - Loading from file system: jar:file:///Users/olive/.m2/repository/com/github/almasb/fxgl/17.2/fxgl-17.2.jar!/fxglassets/textures/particles/trace_horizontal.png
11:29:29.175 [FXGL Background Thread 1 ] DEBUG GameApplicationServi - Application scenes initialized
11:29:29.179 [FXGL Background Thread 1 ] DEBUG SystemBundleService  - Loading FXGL system data
11:29:29.182 [FXGL Background Thread 1 ] DEBUG FileSystemAccess     - Reading from: /Users/olive/Documents/GitHub/Project-Winter/system/fxgl.bundle
11:29:29.186 [FXGL Background Thread 1 ] DEBUG SystemBundleService  - Bundle FXGL: {}
11:29:29.186 [FXGL Background Thread 1 ] DEBUG UpdaterService       - Checking for updates
11:29:29.188 [FXGL Background Thread 4 ] DEBUG FXGLApplication      - Loading fonts
11:29:29.188 [FXGL Background Thread 1 ] DEBUG FXGLApplication      - Loading default localization
11:29:29.188 [FXGL Background Thread 4 ] DEBUG FXGLAssetLoaderServi - Loading from file system: jar:file:///Users/olive/.m2/repository/com/github/almasb/fxgl/17.2/fxgl-17.2.jar!/fxglassets/ui/fonts/VarelaRound-Regular.ttf
11:29:29.188 [FXGL Background Thread 1 ] DEBUG FXGLAssetLoaderServi - Loading from file system: jar:file:///Users/olive/.m2/repository/com/github/almasb/fxgl/17.2/fxgl-17.2.jar!/fxglassets/languages/english.lang
11:29:29.195 [FXGL Background Thread 4 ] DEBUG FXGLAssetLoaderServi - Loading from file system: jar:file:///Users/olive/.m2/repository/com/github/almasb/fxgl/17.2/fxgl-17.2.jar!/fxglassets/ui/fonts/Abel-Regular.ttf
11:29:29.196 [FXGL Background Thread 4 ] DEBUG FXGLAssetLoaderServi - Loading from file system: jar:file:///Users/olive/.m2/repository/com/github/almasb/fxgl/17.2/fxgl-17.2.jar!/fxglassets/ui/fonts/TerminalLandMono-Regular.otf
11:29:29.197 [FXGL Background Thread 1 ] INFO  FXGLApplication      - FXGL initialization took: 0.408 sec
11:29:29.199 [FXGL Background Thread 4 ] DEBUG FXGLAssetLoaderServi - Loading from file system: jar:file:///Users/olive/.m2/repository/com/github/almasb/fxgl/17.2/fxgl-17.2.jar!/fxglassets/ui/fonts/Courier-Prime.ttf
11:29:29.200 [JavaFX Application Thread] DEBUG Input                - Registered new binding: left - Left
11:29:29.200 [JavaFX Application Thread] DEBUG Input                - Registered new binding: right - Right
11:29:29.200 [JavaFX Application Thread] DEBUG Input                - Registered new binding: jump - Up
11:29:29.200 [JavaFX Application Thread] DEBUG FXGLAssetLoaderServi - Loading from file system: jar:file:///Users/olive/.m2/repository/com/github/almasb/fxgl/17.2/fxgl-17.2.jar!/fxglassets/textures/fxgl_icon.png
11:29:29.216 [JavaFX Application Thread] DEBUG FXGLAssetLoaderServi - Loading from file system: jar:file:///Users/olive/.m2/repository/com/github/almasb/fxgl/17.2/fxgl-17.2.jar!/fxglassets/textures/fxgl_default_cursor.png
11:29:29.218 [JavaFX Application Thread] DEBUG Input                - Registered new binding: Screenshot - CTRL+8
11:29:29.218 [JavaFX Application Thread] DEBUG Input                - Registered new binding: System info dump - CTRL+9
11:29:29.218 [JavaFX Application Thread] DEBUG Input                - Registered new binding: Restart - CTRL+R
11:29:29.218 [JavaFX Application Thread] DEBUG Input                - Registered new binding: Toggle Debug Camera - CTRL+7
11:29:29.218 [JavaFX Application Thread] DEBUG LoopRunner           - Starting loop
11:29:29.219 [JavaFX Application Thread] DEBUG LoopRunner           - Initializing JavaFX AnimationTimerLoop
11:29:29.219 [JavaFX Application Thread] DEBUG GameApplicationServi - Starting new game
11:29:29.219 [JavaFX Application Thread] DEBUG Input                - Clearing active input actions
11:29:29.224 [JavaFX Application Thread] DEBUG GameApplicationServi - Removing overlay from FXGLStartupScene and adding to FXGLLoadingScene
11:29:29.224 [JavaFX Application Thread] DEBUG PrimaryStageWindow   - FXGLStartupScene -> FXGLLoadingScene
11:29:29.224 [JavaFX Application Thread] DEBUG GameApplicationServi - Clearing previous game
11:29:29.224 [JavaFX Application Thread] DEBUG GameScene            - Clearing game scene
11:29:29.224 [JavaFX Application Thread] DEBUG GameWorld            - Clearing game world
11:29:29.224 [JavaFX Application Thread] DEBUG PhysicsWorld         - Clearing physics world
11:29:29.225 [FXGL Background Thread 4 ] DEBUG FXGLApplication      - Initializing game
11:29:29.245 [JavaFX Application Thread] DEBUG FXGLApplication      - Registering font factories with UI factory
11:29:29.249 [FXGL Background Thread 4 ] DEBUG TMXLevelLoader       - Parsed TiledMap: file:/Users/olive/Documents/GitHub/Project-Winter/proj/target/classes/assets/levels/tmx/Plat1Temp.tmx
11:29:29.250 [FXGL Background Thread 4 ] DEBUG TMXLevelLoader       - Creating tile layer entities
11:29:29.251 [FXGL Background Thread 4 ] DEBUG TilesetLoader        - Loading view for layer Tile Layer 1
11:29:29.252 [FXGL Background Thread 4 ] DEBUG TilesetLoader        - Created buffer with size 810.0x360.0
11:29:29.259 [FXGL Background Thread 4 ] DEBUG TMXLevelLoader       - Creating object layer entities
11:29:29.267 [FXGL Background Thread 4 ] DEBUG GameWorld            - Clearing removable entities
11:29:29.267 [FXGL Background Thread 4 ] DEBUG GameWorld            - Setting level: com.almasb.fxgl.entity.level.Level@782ac0e7
11:29:29.270 [FXGL Background Thread 4 ] DEBUG FXGLAssetLoaderServi - Loading from file system: file:/Users/olive/Documents/GitHub/Project-Winter/proj/target/classes/assets/textures/finalSOOT.gif
11:29:29.273 [FXGL Background Thread 4 ] DEBUG FXGLAssetLoaderServi - Loading from file system: file:/Users/olive/Documents/GitHub/Project-Winter/proj/target/classes/assets/textures/heart.png
11:29:29.274 [FXGL Background Thread 4 ] INFO  FXGLApplication      - Game initialization took: 0.049 sec
11:29:29.300 [JavaFX Application Thread] DEBUG Input                - Clearing active input actions
11:29:29.304 [JavaFX Application Thread] DEBUG GameApplicationServi - Removing overlay from FXGLLoadingScene and adding to GameScene
11:29:29.305 [JavaFX Application Thread] DEBUG PrimaryStageWindow   - FXGLLoadingScene -> GameScene
11:29:29.668 [FXGL Background Thread 2 ] INFO  UpdaterService       - Your current version:  17.2
11:29:29.668 [FXGL Background Thread 2 ] INFO  UpdaterService       - Latest stable version: 21.1
11:29:32.192 [FXGL Background Thread 3 ] DEBUG Engine               - Logging environment variables
11:29:32.193 [FXGL Background Thread 3 ] DEBUG Engine               - achievements: []
11:29:32.193 [FXGL Background Thread 3 ] DEBUG Engine               - actualHeight: 360.0
11:29:32.193 [FXGL Background Thread 3 ] DEBUG Engine               - actualHeightProperty: ReadOnlyDoubleProperty [value: 360.0]
11:29:32.193 [FXGL Background Thread 3 ] DEBUG Engine               - actualWidth: 800.0
11:29:32.193 [FXGL Background Thread 3 ] DEBUG Engine               - actualWidthProperty: ReadOnlyDoubleProperty [value: 800.0]
11:29:32.193 [FXGL Background Thread 3 ] DEBUG Engine               - appIcon: fxgl_icon.png
11:29:32.193 [FXGL Background Thread 3 ] DEBUG Engine               - applicationMode: DEVELOPER
11:29:32.193 [FXGL Background Thread 3 ] DEBUG Engine               - cSSList: [fxgl_dark.css]
11:29:32.193 [FXGL Background Thread 3 ] DEBUG Engine               - collisionDetectionStrategy: BRUTE_FORCE
11:29:32.193 [FXGL Background Thread 3 ] DEBUG Engine               - configClass: Optional.empty
11:29:32.193 [FXGL Background Thread 3 ] DEBUG Engine               - credits: []
11:29:32.193 [FXGL Background Thread 3 ] DEBUG Engine               - defaultCursor: CursorInfo(imageName=fxgl_default_cursor.png, hotspotX=7.0, hotspotY=6.0)
11:29:32.194 [FXGL Background Thread 3 ] DEBUG Engine               - devBBoxColorProperty: ObjectProperty [value: 0xff0000ff]
11:29:32.194 [FXGL Background Thread 3 ] DEBUG Engine               - devEnableDebugCameraProperty: BooleanProperty [value: false]
11:29:32.194 [FXGL Background Thread 3 ] DEBUG Engine               - devSensorColorProperty: ObjectProperty [value: 0xffff00ff]
11:29:32.194 [FXGL Background Thread 3 ] DEBUG Engine               - devShowBBoxProperty: BooleanProperty [value: false]
11:29:32.194 [FXGL Background Thread 3 ] DEBUG Engine               - devShowPositionProperty: BooleanProperty [value: false]
11:29:32.194 [FXGL Background Thread 3 ] DEBUG Engine               - enabledMenuItems: []
11:29:32.194 [FXGL Background Thread 3 ] DEBUG Engine               - engineServices: [class com.almasb.fxgl.app.services.FXGLAssetLoaderService, class com.almasb.fxgl.app.FXGLApplication$GameApplicationService, class com.almasb.fxgl.app.services.FXGLDialogService, class com.almasb.fxgl.app.services.IOTaskExecutorService, class com.almasb.fxgl.io.FileSystemService, class com.almasb.fxgl.localization.LocalizationService, class com.almasb.fxgl.app.services.SystemBundleService, class com.almasb.fxgl.profile.SaveLoadService, class com.almasb.fxgl.ui.FXGLUIFactoryServiceProvider, class com.almasb.fxgl.ui.FXGLDialogFactoryServiceProvider, class com.almasb.fxgl.audio.AudioPlayer, class com.almasb.fxgl.notification.impl.NotificationServiceProvider, class com.almasb.fxgl.achievement.AchievementService, class com.almasb.fxgl.cutscene.CutsceneService, class com.almasb.fxgl.minigames.MiniGameService, class com.almasb.fxgl.net.NetService, class com.almasb.fxgl.app.services.UpdaterService, class com.almasb.fxgl.dev.DevService]
11:29:32.194 [FXGL Background Thread 3 ] DEBUG Engine               - fontGame: Abel-Regular.ttf
11:29:32.194 [FXGL Background Thread 3 ] DEBUG Engine               - fontMono: TerminalLandMono-Regular.otf
11:29:32.194 [FXGL Background Thread 3 ] DEBUG Engine               - fontText: Courier-Prime.ttf
11:29:32.194 [FXGL Background Thread 3 ] DEBUG Engine               - fontUI: VarelaRound-Regular.ttf
11:29:32.194 [FXGL Background Thread 3 ] DEBUG Engine               - fullScreen: BooleanProperty [value: false]
11:29:32.194 [FXGL Background Thread 3 ] DEBUG Engine               - gameDifficulty: MEDIUM
11:29:32.194 [FXGL Background Thread 3 ] DEBUG Engine               - gameDifficultyProperty: ObjectProperty [value: MEDIUM]
11:29:32.194 [FXGL Background Thread 3 ] DEBUG Engine               - globalMusicVolume: 0.5
11:29:32.194 [FXGL Background Thread 3 ] DEBUG Engine               - globalMusicVolumeProperty: DoubleProperty [value: 0.5]
11:29:32.194 [FXGL Background Thread 3 ] DEBUG Engine               - globalSoundVolume: 0.5
11:29:32.194 [FXGL Background Thread 3 ] DEBUG Engine               - globalSoundVolumeProperty: DoubleProperty [value: 0.5]
11:29:32.194 [FXGL Background Thread 3 ] DEBUG Engine               - height: 360
11:29:32.195 [FXGL Background Thread 3 ] DEBUG Engine               - is3D: false
11:29:32.195 [FXGL Background Thread 3 ] DEBUG Engine               - isAndroid: false
11:29:32.195 [FXGL Background Thread 3 ] DEBUG Engine               - isBrowser: false
11:29:32.195 [FXGL Background Thread 3 ] DEBUG Engine               - isClickFeedbackEnabled: false
11:29:32.195 [FXGL Background Thread 3 ] DEBUG Engine               - isCloseConfirmation: false
11:29:32.195 [FXGL Background Thread 3 ] DEBUG Engine               - isDesktop: true
11:29:32.195 [FXGL Background Thread 3 ] DEBUG Engine               - isDeveloperMenuEnabled: false
11:29:32.195 [FXGL Background Thread 3 ] DEBUG Engine               - isEmbedded: false
11:29:32.195 [FXGL Background Thread 3 ] DEBUG Engine               - isEntityPreloadEnabled: true
11:29:32.195 [FXGL Background Thread 3 ] DEBUG Engine               - isExperimentalTiledLargeMap: false
11:29:32.195 [FXGL Background Thread 3 ] DEBUG Engine               - isFileSystemWriteAllowed: true
11:29:32.195 [FXGL Background Thread 3 ] DEBUG Engine               - isFullScreenAllowed: false
11:29:32.195 [FXGL Background Thread 3 ] DEBUG Engine               - isFullScreenFromStart: false
11:29:32.195 [FXGL Background Thread 3 ] DEBUG Engine               - isGameMenuEnabled: true
11:29:32.195 [FXGL Background Thread 3 ] DEBUG Engine               - isIOS: false
11:29:32.195 [FXGL Background Thread 3 ] DEBUG Engine               - isIntroEnabled: false
11:29:32.195 [FXGL Background Thread 3 ] DEBUG Engine               - isLinux: false
11:29:32.195 [FXGL Background Thread 3 ] DEBUG Engine               - isMac: true
11:29:32.195 [FXGL Background Thread 3 ] DEBUG Engine               - isMainMenuEnabled: false
11:29:32.195 [FXGL Background Thread 3 ] DEBUG Engine               - isManualResizeEnabled: false
11:29:32.195 [FXGL Background Thread 3 ] DEBUG Engine               - isMobile: false
11:29:32.195 [FXGL Background Thread 3 ] DEBUG Engine               - isNative: false
11:29:32.195 [FXGL Background Thread 3 ] DEBUG Engine               - isPauseMusicWhenMinimized: true
11:29:32.195 [FXGL Background Thread 3 ] DEBUG Engine               - isPreserveResizeRatio: false
11:29:32.195 [FXGL Background Thread 3 ] DEBUG Engine               - isProfilingEnabled: false
11:29:32.195 [FXGL Background Thread 3 ] DEBUG Engine               - isScaleAffectedOnResize: true
11:29:32.195 [FXGL Background Thread 3 ] DEBUG Engine               - isSingleStep: false
11:29:32.195 [FXGL Background Thread 3 ] DEBUG Engine               - isUserProfileEnabled: false
11:29:32.195 [FXGL Background Thread 3 ] DEBUG Engine               - isWindows: false
11:29:32.195 [FXGL Background Thread 3 ] DEBUG Engine               - language: ObjectProperty [value: ENGLISH]
11:29:32.195 [FXGL Background Thread 3 ] DEBUG Engine               - menuKey: ESCAPE
11:29:32.195 [FXGL Background Thread 3 ] DEBUG Engine               - mouseSensitivity: 0.2
11:29:32.196 [FXGL Background Thread 3 ] DEBUG Engine               - notificationViewClass: class com.almasb.fxgl.notification.view.XboxNotificationView
11:29:32.196 [FXGL Background Thread 3 ] DEBUG Engine               - pixelsPerMeter: 50.0
11:29:32.196 [FXGL Background Thread 3 ] DEBUG Engine               - platform: MAC
11:29:32.196 [FXGL Background Thread 3 ] DEBUG Engine               - prefHeightProperty: ReadOnlyDoubleProperty [value: 360.0]
11:29:32.196 [FXGL Background Thread 3 ] DEBUG Engine               - prefWidthProperty: ReadOnlyDoubleProperty [value: 800.0]
11:29:32.196 [FXGL Background Thread 3 ] DEBUG Engine               - profileDir: profiles/
11:29:32.196 [FXGL Background Thread 3 ] DEBUG Engine               - profileName: StringProperty [value: DEFAULT]
11:29:32.196 [FXGL Background Thread 3 ] DEBUG Engine               - randomSeed: -1
11:29:32.196 [FXGL Background Thread 3 ] DEBUG Engine               - runtimeInfo: RuntimeInfo(platform=MAC, version=17.2, build=20.08.2022 16.50)
11:29:32.196 [FXGL Background Thread 3 ] DEBUG Engine               - saveFileExt: sav
11:29:32.196 [FXGL Background Thread 3 ] DEBUG Engine               - scaledHeightProp$fxgl: DoubleProperty [bound, value: 360.0]
11:29:32.196 [FXGL Background Thread 3 ] DEBUG Engine               - scaledWidthProp$fxgl: DoubleProperty [bound, value: 800.0]
11:29:32.196 [FXGL Background Thread 3 ] DEBUG Engine               - sceneFactory: com.almasb.fxgl.app.scene.SceneFactory@7f3c0238
11:29:32.196 [FXGL Background Thread 3 ] DEBUG Engine               - secondsIn24h: 60
11:29:32.196 [FXGL Background Thread 3 ] DEBUG Engine               - soundMenuBack: menu/back.wav
11:29:32.196 [FXGL Background Thread 3 ] DEBUG Engine               - soundMenuPress: menu/press.wav
11:29:32.196 [FXGL Background Thread 3 ] DEBUG Engine               - soundMenuSelect: menu/select.wav
11:29:32.196 [FXGL Background Thread 3 ] DEBUG Engine               - soundNotification: core/notification.wav
11:29:32.196 [FXGL Background Thread 3 ] DEBUG Engine               - stageStyle: DECORATED
11:29:32.196 [FXGL Background Thread 3 ] DEBUG Engine               - supportedLanguages: [ENGLISH, FRENCH, GERMAN, HUNGARIAN, RUSSIAN]
11:29:32.196 [FXGL Background Thread 3 ] DEBUG Engine               - ticksPerSecond: -1
11:29:32.196 [FXGL Background Thread 3 ] DEBUG Engine               - title: Soot(sin)
11:29:32.196 [FXGL Background Thread 3 ] DEBUG Engine               - urlGithub: https://github.com/AlmasB/FXGL
11:29:32.197 [FXGL Background Thread 3 ] DEBUG Engine               - urlLeaderboard: http://fxgl-top.herokuapp.com/
11:29:32.197 [FXGL Background Thread 3 ] DEBUG Engine               - urlPOM: https://raw.githubusercontent.com/AlmasB/FXGL/release/README.md
11:29:32.197 [FXGL Background Thread 3 ] DEBUG Engine               - userAppClass: class com.example.proj.SootApp
11:29:32.197 [FXGL Background Thread 3 ] DEBUG Engine               - version: 0.0
11:29:32.197 [FXGL Background Thread 3 ] DEBUG Engine               - versionCheckDays: 7
11:29:32.197 [FXGL Background Thread 3 ] DEBUG Engine               - width: 800
11:29:32.197 [FXGL Background Thread 3 ] DEBUG Engine               - Logging services
11:29:32.197 [FXGL Background Thread 3 ] DEBUG Engine               - class com.almasb.fxgl.app.services.FXGLAssetLoaderService
11:29:32.197 [FXGL Background Thread 3 ] DEBUG Engine               - class com.almasb.fxgl.app.FXGLApplication$GameApplicationService
11:29:32.197 [FXGL Background Thread 3 ] DEBUG Engine               - class com.almasb.fxgl.app.services.FXGLDialogService
11:29:32.197 [FXGL Background Thread 3 ] DEBUG Engine               - class com.almasb.fxgl.app.services.IOTaskExecutorService
11:29:32.197 [FXGL Background Thread 3 ] DEBUG Engine               - class com.almasb.fxgl.io.FileSystemService
11:29:32.197 [FXGL Background Thread 3 ] DEBUG Engine               - class com.almasb.fxgl.localization.LocalizationService
11:29:32.197 [FXGL Background Thread 3 ] DEBUG Engine               - class com.almasb.fxgl.app.services.SystemBundleService
11:29:32.197 [FXGL Background Thread 3 ] DEBUG Engine               - class com.almasb.fxgl.profile.SaveLoadService
11:29:32.197 [FXGL Background Thread 3 ] DEBUG Engine               - class com.almasb.fxgl.ui.FXGLUIFactoryServiceProvider
11:29:32.197 [FXGL Background Thread 3 ] DEBUG Engine               - class com.almasb.fxgl.ui.FXGLDialogFactoryServiceProvider
11:29:32.197 [FXGL Background Thread 3 ] DEBUG Engine               - class com.almasb.fxgl.audio.AudioPlayer
11:29:32.197 [FXGL Background Thread 3 ] DEBUG Engine               - class com.almasb.fxgl.notification.impl.NotificationServiceProvider
11:29:32.197 [FXGL Background Thread 3 ] DEBUG Engine               - class com.almasb.fxgl.achievement.AchievementService
11:29:32.197 [FXGL Background Thread 3 ] DEBUG Engine               - class com.almasb.fxgl.cutscene.CutsceneService
11:29:32.197 [FXGL Background Thread 3 ] DEBUG Engine               - class com.almasb.fxgl.minigames.MiniGameService
11:29:32.197 [FXGL Background Thread 3 ] DEBUG Engine               - class com.almasb.fxgl.net.NetService
11:29:32.197 [FXGL Background Thread 3 ] DEBUG Engine               - class com.almasb.fxgl.app.services.UpdaterService
11:29:32.197 [FXGL Background Thread 3 ] DEBUG Engine               - class com.almasb.fxgl.dev.DevService
11:29:43.081 [JavaFX Application Thread] DEBUG Input                - Clearing active input actions
11:29:47.285 [JavaFX Application Thread] DEBUG TMXLevelLoader       - Parsed TiledMap: file:/Users/olive/Documents/GitHub/Project-Winter/proj/target/classes/assets/levels/tmx/Plat2Temp.tmx
11:29:47.285 [JavaFX Application Thread] DEBUG TMXLevelLoader       - Creating tile layer entities
11:29:47.285 [JavaFX Application Thread] DEBUG TilesetLoader        - Loading view for layer Tile Layer 1
11:29:47.285 [JavaFX Application Thread] DEBUG TilesetLoader        - Created buffer with size 810.0x360.0
11:29:47.289 [JavaFX Application Thread] DEBUG TMXLevelLoader       - Creating object layer entities
11:29:47.292 [JavaFX Application Thread] DEBUG GameWorld            - Clearing removable entities
11:29:47.294 [JavaFX Application Thread] DEBUG GameWorld            - Setting level: com.almasb.fxgl.entity.level.Level@4ff5f7aa
11:30:02.695 [JavaFX Application Thread] DEBUG FXGLApplication      - Exiting FXGL
11:30:02.695 [JavaFX Application Thread] DEBUG LoopRunner           - Stopping loop
11:30:02.695 [JavaFX Application Thread] DEBUG SystemBundleService  - Saving FXGL system data
11:30:02.697 [JavaFX Application Thread] DEBUG FileSystemAccess     - Writing to: /Users/olive/Documents/GitHub/Project-Winter/system/fxgl.bundle
11:30:02.698 [JavaFX Application Thread] DEBUG Async                - Shutting down background threads
11:30:02.698 [JavaFX Application Thread] DEBUG PrimaryStageWindow   - Closing main window
11:30:02.703 [JavaFX Application Thread] DEBUG Logger               - Closing Logger
