16:29:29.032 [main                     ] DEBUG Logger               - Configured Logger
16:29:29.052 [main                     ] DEBUG GameApplication      - Logging settings
Title: Soot(sin)
Version: 0.0
Width: 450
Height: 360
Fullscreen: false
Intro: false
Profiling: false
Single step:false
App Mode: DEVELOPER
Menu Key: ESCAPE
Stage Style: DECORATED
Scene Factory: class com.almasb.fxgl.app.scene.SceneFactory

16:29:29.519 [JavaFX Application Thread] DEBUG FXGLApplication      - Initializing FXGL
16:29:29.525 [JavaFX Application Thread] INFO  Engine               - FXGL-17.2 (20.08.2022 16.50) on MAC (J:18.0.2.1 FX:18.0.2)
16:29:29.525 [JavaFX Application Thread] DEBUG Engine               - JRE Vendor Name: Oracle Corporation
16:29:29.525 [JavaFX Application Thread] DEBUG Engine               - Running on OS: Mac OS X version 13.4.1
16:29:29.526 [JavaFX Application Thread] DEBUG Engine               - Architecture: aarch64
16:29:29.526 [JavaFX Application Thread] INFO  Engine               - Source code and latest versions at: https://github.com/AlmasB/FXGL
16:29:29.526 [JavaFX Application Thread] INFO  Engine               -       Ask questions and discuss at: https://github.com/AlmasB/FXGL/discussions
16:29:29.526 [JavaFX Application Thread] INFO  Engine               -              Join the FXGL chat at: https://gitter.im/AlmasB/FXGL
16:29:29.601 [JavaFX Application Thread] DEBUG PrimaryStageWindow   - Creating a JavaFX scene
16:29:29.633 [JavaFX Application Thread] DEBUG PrimaryStageWindow   - Target settings size: 450.0 x 360.0
16:29:29.634 [JavaFX Application Thread] DEBUG PrimaryStageWindow   - Scaled scene size:    450.0 x 360.0
16:29:29.634 [JavaFX Application Thread] DEBUG PrimaryStageWindow   - Scaled ratio: (1.0, 1.0)
16:29:29.635 [JavaFX Application Thread] DEBUG PrimaryStageWindow   - Set initial scene to FXGLStartupScene
16:29:29.639 [JavaFX Application Thread] DEBUG PrimaryStageWindow   - Opening main window
16:29:29.794 [JavaFX Application Thread] DEBUG PrimaryStageWindow   - Window border size: (0.0, 28.0)
16:29:29.796 [JavaFX Application Thread] DEBUG PrimaryStageWindow   - Scaled size: 450.0 x 360.0
16:29:29.796 [JavaFX Application Thread] DEBUG PrimaryStageWindow   - Scaled ratio: (1.0, 1.0)
16:29:29.796 [JavaFX Application Thread] DEBUG PrimaryStageWindow   - Scene size: 450.0 x 360.0
16:29:29.797 [JavaFX Application Thread] DEBUG PrimaryStageWindow   - Stage size: 450.0 x 388.0
16:29:29.807 [FXGL Background Thread 1 ] DEBUG Engine               - Initializing environment variables
16:29:30.026 [FXGL Background Thread 1 ] DEBUG FXGLAssetLoaderServi - User app class for loading assets: class com.example.proj.SootApp
16:29:30.026 [FXGL Background Thread 1 ] DEBUG GameApplicationServi - Applying CSS: fxgl_dark.css
16:29:30.028 [FXGL Background Thread 1 ] DEBUG FXGLAssetLoaderServi - Loading from file system: jar:file:///Users/olive/.m2/repository/com/github/almasb/fxgl/17.2/fxgl-17.2.jar!/fxglassets/ui/css/fxgl_dark.css
16:29:30.085 [FXGL Background Thread 1 ] DEBUG GameApplicationServi - Initializing application scenes
16:29:30.259 [FXGL Background Thread 1 ] DEBUG GameWorld            - Game world initialized
16:29:30.297 [FXGL Background Thread 1 ] DEBUG PhysicsWorld         - Physics world initialized: appHeight=360, physics.ppm=50.0
16:29:30.297 [FXGL Background Thread 1 ] DEBUG PhysicsWorld         - Using strategy: BRUTE_FORCE
16:29:30.299 [FXGL Background Thread 1 ] DEBUG GameScene            - Game scene initialized: 450x360
16:29:30.306 [FXGL Background Thread 1 ] WARN  FXGL.DefaultMenu     - FXGLDefaultMenu is not designed for resolutions < 800x600
16:29:30.306 [FXGL Background Thread 1 ] DEBUG FXGL.DefaultMenu     - createMenuBodyGameMenu()
16:29:30.315 [FXGL Background Thread 1 ] DEBUG FXGL.DefaultMenu     - createOptionsMenu()
16:29:30.320 [FXGL Background Thread 1 ] DEBUG FXGLAssetLoaderServi - Loading from file system: jar:file:///Users/olive/.m2/repository/com/github/almasb/fxgl/17.2/fxgl-17.2.jar!/fxglassets/textures/particles/smoke.png
16:29:30.413 [FXGL Background Thread 1 ] DEBUG FXGLAssetLoaderServi - Loading from file system: jar:file:///Users/olive/.m2/repository/com/github/almasb/fxgl/17.2/fxgl-17.2.jar!/fxglassets/textures/particles/trace_horizontal.png
16:29:30.445 [FXGL Background Thread 1 ] DEBUG GameApplicationServi - Application scenes initialized
16:29:30.457 [FXGL Background Thread 1 ] DEBUG SystemBundleService  - Loading FXGL system data
16:29:30.463 [FXGL Background Thread 1 ] DEBUG FileSystemAccess     - Reading from: /Users/olive/Documents/GitHub/Project-Winter/system/fxgl.bundle
16:29:30.476 [FXGL Background Thread 1 ] DEBUG SystemBundleService  - Bundle FXGL: {}
16:29:30.476 [FXGL Background Thread 1 ] DEBUG UpdaterService       - Checking for updates
16:29:30.489 [FXGL Background Thread 1 ] DEBUG FXGLApplication      - Loading default localization
16:29:30.492 [FXGL Background Thread 4 ] DEBUG FXGLApplication      - Loading fonts
16:29:30.492 [FXGL Background Thread 4 ] DEBUG FXGLAssetLoaderServi - Loading from file system: jar:file:///Users/olive/.m2/repository/com/github/almasb/fxgl/17.2/fxgl-17.2.jar!/fxglassets/ui/fonts/VarelaRound-Regular.ttf
16:29:30.490 [FXGL Background Thread 1 ] DEBUG FXGLAssetLoaderServi - Loading from file system: jar:file:///Users/olive/.m2/repository/com/github/almasb/fxgl/17.2/fxgl-17.2.jar!/fxglassets/languages/english.lang
16:29:30.514 [FXGL Background Thread 4 ] DEBUG FXGLAssetLoaderServi - Loading from file system: jar:file:///Users/olive/.m2/repository/com/github/almasb/fxgl/17.2/fxgl-17.2.jar!/fxglassets/ui/fonts/Abel-Regular.ttf
16:29:30.517 [FXGL Background Thread 1 ] INFO  FXGLApplication      - FXGL initialization took: 0.710 sec
16:29:30.519 [FXGL Background Thread 4 ] DEBUG FXGLAssetLoaderServi - Loading from file system: jar:file:///Users/olive/.m2/repository/com/github/almasb/fxgl/17.2/fxgl-17.2.jar!/fxglassets/ui/fonts/TerminalLandMono-Regular.otf
16:29:30.524 [JavaFX Application Thread] DEBUG Input                - Registered new binding: left - Left
16:29:30.524 [JavaFX Application Thread] DEBUG Input                - Registered new binding: right - Right
16:29:30.524 [JavaFX Application Thread] DEBUG Input                - Registered new binding: jump - Up
16:29:30.524 [JavaFX Application Thread] DEBUG FXGLAssetLoaderServi - Loading from file system: jar:file:///Users/olive/.m2/repository/com/github/almasb/fxgl/17.2/fxgl-17.2.jar!/fxglassets/textures/fxgl_icon.png
16:29:30.529 [FXGL Background Thread 4 ] DEBUG FXGLAssetLoaderServi - Loading from file system: jar:file:///Users/olive/.m2/repository/com/github/almasb/fxgl/17.2/fxgl-17.2.jar!/fxglassets/ui/fonts/Courier-Prime.ttf
16:29:30.548 [JavaFX Application Thread] DEBUG FXGLAssetLoaderServi - Loading from file system: jar:file:///Users/olive/.m2/repository/com/github/almasb/fxgl/17.2/fxgl-17.2.jar!/fxglassets/textures/fxgl_default_cursor.png
16:29:30.550 [JavaFX Application Thread] DEBUG Input                - Registered new binding: Screenshot - CTRL+8
16:29:30.550 [JavaFX Application Thread] DEBUG Input                - Registered new binding: System info dump - CTRL+9
16:29:30.551 [JavaFX Application Thread] DEBUG Input                - Registered new binding: Restart - CTRL+R
16:29:30.551 [JavaFX Application Thread] DEBUG Input                - Registered new binding: Toggle Debug Camera - CTRL+7
16:29:30.552 [JavaFX Application Thread] DEBUG LoopRunner           - Starting loop
16:29:30.552 [JavaFX Application Thread] DEBUG LoopRunner           - Initializing JavaFX AnimationTimerLoop
16:29:30.552 [JavaFX Application Thread] DEBUG GameApplicationServi - Starting new game
16:29:30.553 [JavaFX Application Thread] DEBUG Input                - Clearing active input actions
16:29:30.559 [JavaFX Application Thread] DEBUG GameApplicationServi - Removing overlay from FXGLStartupScene and adding to FXGLLoadingScene
16:29:30.559 [JavaFX Application Thread] DEBUG PrimaryStageWindow   - FXGLStartupScene -> FXGLLoadingScene
16:29:30.559 [JavaFX Application Thread] DEBUG GameApplicationServi - Clearing previous game
16:29:30.559 [JavaFX Application Thread] DEBUG GameScene            - Clearing game scene
16:29:30.559 [JavaFX Application Thread] DEBUG GameWorld            - Clearing game world
16:29:30.559 [JavaFX Application Thread] DEBUG PhysicsWorld         - Clearing physics world
16:29:30.560 [FXGL Background Thread 4 ] DEBUG FXGLApplication      - Initializing game
16:29:30.629 [JavaFX Application Thread] DEBUG FXGLApplication      - Registering font factories with UI factory
16:29:30.669 [FXGL Background Thread 4 ] DEBUG TMXLevelLoader       - Parsed TiledMap: file:/Users/olive/Documents/GitHub/Project-Winter/proj/target/classes/assets/levels/tmx/Plat1.9.0.tmx
16:29:30.670 [FXGL Background Thread 4 ] DEBUG TMXLevelLoader       - Creating tile layer entities
16:29:30.670 [FXGL Background Thread 4 ] DEBUG TilesetLoader        - Loading view for layer Tile Layer 1
16:29:30.671 [FXGL Background Thread 4 ] DEBUG TilesetLoader        - Created buffer with size 450.0x360.0
16:29:30.683 [FXGL Background Thread 4 ] DEBUG TMXLevelLoader       - Creating object layer entities
16:29:30.713 [FXGL Background Thread 4 ] DEBUG GameWorld            - Clearing removable entities
16:29:30.714 [FXGL Background Thread 4 ] DEBUG GameWorld            - Setting level: com.almasb.fxgl.entity.level.Level@27b770da
16:29:30.720 [FXGL Background Thread 4 ] DEBUG FXGLAssetLoaderServi - Loading from file system: file:/Users/olive/Documents/GitHub/Project-Winter/proj/target/classes/assets/textures/finalSOOT.gif
16:29:30.730 [FXGL Background Thread 4 ] WARN  Entity               - Entity already has component: com.example.proj.component.PlayerControl
16:29:30.732 [FXGL Background Thread 4 ] INFO  FXGLApplication      - Game initialization took: 0.171 sec
16:29:30.769 [JavaFX Application Thread] DEBUG Input                - Clearing active input actions
16:29:30.780 [JavaFX Application Thread] DEBUG GameApplicationServi - Removing overlay from FXGLLoadingScene and adding to GameScene
16:29:30.781 [JavaFX Application Thread] DEBUG PrimaryStageWindow   - FXGLLoadingScene -> GameScene
16:29:30.947 [FXGL Background Thread 2 ] INFO  UpdaterService       - Your current version:  17.2
16:29:30.947 [FXGL Background Thread 2 ] INFO  UpdaterService       - Latest stable version: 21
16:29:33.489 [FXGL Background Thread 3 ] DEBUG Engine               - Logging environment variables
16:29:33.491 [FXGL Background Thread 3 ] DEBUG Engine               - achievements: []
16:29:33.491 [FXGL Background Thread 3 ] DEBUG Engine               - actualHeight: 360.0
16:29:33.492 [FXGL Background Thread 3 ] DEBUG Engine               - actualHeightProperty: ReadOnlyDoubleProperty [value: 360.0]
16:29:33.492 [FXGL Background Thread 3 ] DEBUG Engine               - actualWidth: 450.0
16:29:33.492 [FXGL Background Thread 3 ] DEBUG Engine               - actualWidthProperty: ReadOnlyDoubleProperty [value: 450.0]
16:29:33.492 [FXGL Background Thread 3 ] DEBUG Engine               - appIcon: fxgl_icon.png
16:29:33.492 [FXGL Background Thread 3 ] DEBUG Engine               - applicationMode: DEVELOPER
16:29:33.492 [FXGL Background Thread 3 ] DEBUG Engine               - cSSList: [fxgl_dark.css]
16:29:33.492 [FXGL Background Thread 3 ] DEBUG Engine               - collisionDetectionStrategy: BRUTE_FORCE
16:29:33.492 [FXGL Background Thread 3 ] DEBUG Engine               - configClass: Optional.empty
16:29:33.492 [FXGL Background Thread 3 ] DEBUG Engine               - credits: []
16:29:33.493 [FXGL Background Thread 3 ] DEBUG Engine               - defaultCursor: CursorInfo(imageName=fxgl_default_cursor.png, hotspotX=7.0, hotspotY=6.0)
16:29:33.494 [FXGL Background Thread 3 ] DEBUG Engine               - devBBoxColorProperty: ObjectProperty [value: 0xff0000ff]
16:29:33.494 [FXGL Background Thread 3 ] DEBUG Engine               - devEnableDebugCameraProperty: BooleanProperty [value: false]
16:29:33.494 [FXGL Background Thread 3 ] DEBUG Engine               - devSensorColorProperty: ObjectProperty [value: 0xffff00ff]
16:29:33.494 [FXGL Background Thread 3 ] DEBUG Engine               - devShowBBoxProperty: BooleanProperty [value: false]
16:29:33.494 [FXGL Background Thread 3 ] DEBUG Engine               - devShowPositionProperty: BooleanProperty [value: false]
16:29:33.494 [FXGL Background Thread 3 ] DEBUG Engine               - enabledMenuItems: []
16:29:33.494 [FXGL Background Thread 3 ] DEBUG Engine               - engineServices: [class com.almasb.fxgl.app.services.FXGLAssetLoaderService, class com.almasb.fxgl.app.FXGLApplication$GameApplicationService, class com.almasb.fxgl.app.services.FXGLDialogService, class com.almasb.fxgl.app.services.IOTaskExecutorService, class com.almasb.fxgl.io.FileSystemService, class com.almasb.fxgl.localization.LocalizationService, class com.almasb.fxgl.app.services.SystemBundleService, class com.almasb.fxgl.profile.SaveLoadService, class com.almasb.fxgl.ui.FXGLUIFactoryServiceProvider, class com.almasb.fxgl.ui.FXGLDialogFactoryServiceProvider, class com.almasb.fxgl.audio.AudioPlayer, class com.almasb.fxgl.notification.impl.NotificationServiceProvider, class com.almasb.fxgl.achievement.AchievementService, class com.almasb.fxgl.cutscene.CutsceneService, class com.almasb.fxgl.minigames.MiniGameService, class com.almasb.fxgl.net.NetService, class com.almasb.fxgl.app.services.UpdaterService, class com.almasb.fxgl.dev.DevService]
16:29:33.494 [FXGL Background Thread 3 ] DEBUG Engine               - fontGame: Abel-Regular.ttf
16:29:33.494 [FXGL Background Thread 3 ] DEBUG Engine               - fontMono: TerminalLandMono-Regular.otf
16:29:33.494 [FXGL Background Thread 3 ] DEBUG Engine               - fontText: Courier-Prime.ttf
16:29:33.494 [FXGL Background Thread 3 ] DEBUG Engine               - fontUI: VarelaRound-Regular.ttf
16:29:33.494 [FXGL Background Thread 3 ] DEBUG Engine               - fullScreen: BooleanProperty [value: false]
16:29:33.495 [FXGL Background Thread 3 ] DEBUG Engine               - gameDifficulty: MEDIUM
16:29:33.495 [FXGL Background Thread 3 ] DEBUG Engine               - gameDifficultyProperty: ObjectProperty [value: MEDIUM]
16:29:33.495 [FXGL Background Thread 3 ] DEBUG Engine               - globalMusicVolume: 0.5
16:29:33.495 [FXGL Background Thread 3 ] DEBUG Engine               - globalMusicVolumeProperty: DoubleProperty [value: 0.5]
16:29:33.495 [FXGL Background Thread 3 ] DEBUG Engine               - globalSoundVolume: 0.5
16:29:33.495 [FXGL Background Thread 3 ] DEBUG Engine               - globalSoundVolumeProperty: DoubleProperty [value: 0.5]
16:29:33.495 [FXGL Background Thread 3 ] DEBUG Engine               - height: 360
16:29:33.495 [FXGL Background Thread 3 ] DEBUG Engine               - is3D: false
16:29:33.495 [FXGL Background Thread 3 ] DEBUG Engine               - isAndroid: false
16:29:33.495 [FXGL Background Thread 3 ] DEBUG Engine               - isBrowser: false
16:29:33.495 [FXGL Background Thread 3 ] DEBUG Engine               - isClickFeedbackEnabled: false
16:29:33.495 [FXGL Background Thread 3 ] DEBUG Engine               - isCloseConfirmation: false
16:29:33.495 [FXGL Background Thread 3 ] DEBUG Engine               - isDesktop: true
16:29:33.495 [FXGL Background Thread 3 ] DEBUG Engine               - isDeveloperMenuEnabled: false
16:29:33.496 [FXGL Background Thread 3 ] DEBUG Engine               - isEmbedded: false
16:29:33.496 [FXGL Background Thread 3 ] DEBUG Engine               - isEntityPreloadEnabled: true
16:29:33.496 [FXGL Background Thread 3 ] DEBUG Engine               - isExperimentalTiledLargeMap: false
16:29:33.496 [FXGL Background Thread 3 ] DEBUG Engine               - isFileSystemWriteAllowed: true
16:29:33.496 [FXGL Background Thread 3 ] DEBUG Engine               - isFullScreenAllowed: false
16:29:33.496 [FXGL Background Thread 3 ] DEBUG Engine               - isFullScreenFromStart: false
16:29:33.496 [FXGL Background Thread 3 ] DEBUG Engine               - isGameMenuEnabled: true
16:29:33.496 [FXGL Background Thread 3 ] DEBUG Engine               - isIOS: false
16:29:33.496 [FXGL Background Thread 3 ] DEBUG Engine               - isIntroEnabled: false
16:29:33.496 [FXGL Background Thread 3 ] DEBUG Engine               - isLinux: false
16:29:33.496 [FXGL Background Thread 3 ] DEBUG Engine               - isMac: true
16:29:33.496 [FXGL Background Thread 3 ] DEBUG Engine               - isMainMenuEnabled: false
16:29:33.496 [FXGL Background Thread 3 ] DEBUG Engine               - isManualResizeEnabled: false
16:29:33.496 [FXGL Background Thread 3 ] DEBUG Engine               - isMobile: false
16:29:33.496 [FXGL Background Thread 3 ] DEBUG Engine               - isNative: false
16:29:33.496 [FXGL Background Thread 3 ] DEBUG Engine               - isPauseMusicWhenMinimized: true
16:29:33.496 [FXGL Background Thread 3 ] DEBUG Engine               - isPreserveResizeRatio: false
16:29:33.496 [FXGL Background Thread 3 ] DEBUG Engine               - isProfilingEnabled: false
16:29:33.497 [FXGL Background Thread 3 ] DEBUG Engine               - isScaleAffectedOnResize: true
16:29:33.497 [FXGL Background Thread 3 ] DEBUG Engine               - isSingleStep: false
16:29:33.497 [FXGL Background Thread 3 ] DEBUG Engine               - isUserProfileEnabled: false
16:29:33.497 [FXGL Background Thread 3 ] DEBUG Engine               - isWindows: false
16:29:33.497 [FXGL Background Thread 3 ] DEBUG Engine               - language: ObjectProperty [value: ENGLISH]
16:29:33.497 [FXGL Background Thread 3 ] DEBUG Engine               - menuKey: ESCAPE
16:29:33.497 [FXGL Background Thread 3 ] DEBUG Engine               - mouseSensitivity: 0.2
16:29:33.497 [FXGL Background Thread 3 ] DEBUG Engine               - notificationViewClass: class com.almasb.fxgl.notification.view.XboxNotificationView
16:29:33.497 [FXGL Background Thread 3 ] DEBUG Engine               - pixelsPerMeter: 50.0
16:29:33.497 [FXGL Background Thread 3 ] DEBUG Engine               - platform: MAC
16:29:33.497 [FXGL Background Thread 3 ] DEBUG Engine               - prefHeightProperty: ReadOnlyDoubleProperty [value: 360.0]
16:29:33.497 [FXGL Background Thread 3 ] DEBUG Engine               - prefWidthProperty: ReadOnlyDoubleProperty [value: 450.0]
16:29:33.497 [FXGL Background Thread 3 ] DEBUG Engine               - profileDir: profiles/
16:29:33.497 [FXGL Background Thread 3 ] DEBUG Engine               - profileName: StringProperty [value: DEFAULT]
16:29:33.497 [FXGL Background Thread 3 ] DEBUG Engine               - randomSeed: -1
16:29:33.498 [FXGL Background Thread 3 ] DEBUG Engine               - runtimeInfo: RuntimeInfo(platform=MAC, version=17.2, build=20.08.2022 16.50)
16:29:33.498 [FXGL Background Thread 3 ] DEBUG Engine               - saveFileExt: sav
16:29:33.498 [FXGL Background Thread 3 ] DEBUG Engine               - scaledHeightProp$fxgl: DoubleProperty [bound, value: 360.0]
16:29:33.498 [FXGL Background Thread 3 ] DEBUG Engine               - scaledWidthProp$fxgl: DoubleProperty [bound, value: 450.0]
16:29:33.498 [FXGL Background Thread 3 ] DEBUG Engine               - sceneFactory: com.almasb.fxgl.app.scene.SceneFactory@1a523d29
16:29:33.498 [FXGL Background Thread 3 ] DEBUG Engine               - secondsIn24h: 60
16:29:33.498 [FXGL Background Thread 3 ] DEBUG Engine               - soundMenuBack: menu/back.wav
16:29:33.498 [FXGL Background Thread 3 ] DEBUG Engine               - soundMenuPress: menu/press.wav
16:29:33.498 [FXGL Background Thread 3 ] DEBUG Engine               - soundMenuSelect: menu/select.wav
16:29:33.498 [FXGL Background Thread 3 ] DEBUG Engine               - soundNotification: core/notification.wav
16:29:33.498 [FXGL Background Thread 3 ] DEBUG Engine               - stageStyle: DECORATED
16:29:33.499 [FXGL Background Thread 3 ] DEBUG Engine               - supportedLanguages: [ENGLISH, FRENCH, GERMAN, HUNGARIAN, RUSSIAN]
16:29:33.499 [FXGL Background Thread 3 ] DEBUG Engine               - ticksPerSecond: -1
16:29:33.499 [FXGL Background Thread 3 ] DEBUG Engine               - title: Soot(sin)
16:29:33.499 [FXGL Background Thread 3 ] DEBUG Engine               - urlGithub: https://github.com/AlmasB/FXGL
16:29:33.499 [FXGL Background Thread 3 ] DEBUG Engine               - urlLeaderboard: http://fxgl-top.herokuapp.com/
16:29:33.499 [FXGL Background Thread 3 ] DEBUG Engine               - urlPOM: https://raw.githubusercontent.com/AlmasB/FXGL/release/README.md
16:29:33.499 [FXGL Background Thread 3 ] DEBUG Engine               - userAppClass: class com.example.proj.SootApp
16:29:33.499 [FXGL Background Thread 3 ] DEBUG Engine               - version: 0.0
16:29:33.499 [FXGL Background Thread 3 ] DEBUG Engine               - versionCheckDays: 7
16:29:33.499 [FXGL Background Thread 3 ] DEBUG Engine               - width: 450
16:29:33.499 [FXGL Background Thread 3 ] DEBUG Engine               - Logging services
16:29:33.499 [FXGL Background Thread 3 ] DEBUG Engine               - class com.almasb.fxgl.app.services.FXGLAssetLoaderService
16:29:33.499 [FXGL Background Thread 3 ] DEBUG Engine               - class com.almasb.fxgl.app.FXGLApplication$GameApplicationService
16:29:33.499 [FXGL Background Thread 3 ] DEBUG Engine               - class com.almasb.fxgl.app.services.FXGLDialogService
16:29:33.499 [FXGL Background Thread 3 ] DEBUG Engine               - class com.almasb.fxgl.app.services.IOTaskExecutorService
16:29:33.499 [FXGL Background Thread 3 ] DEBUG Engine               - class com.almasb.fxgl.io.FileSystemService
16:29:33.499 [FXGL Background Thread 3 ] DEBUG Engine               - class com.almasb.fxgl.localization.LocalizationService
16:29:33.499 [FXGL Background Thread 3 ] DEBUG Engine               - class com.almasb.fxgl.app.services.SystemBundleService
16:29:33.499 [FXGL Background Thread 3 ] DEBUG Engine               - class com.almasb.fxgl.profile.SaveLoadService
16:29:33.499 [FXGL Background Thread 3 ] DEBUG Engine               - class com.almasb.fxgl.ui.FXGLUIFactoryServiceProvider
16:29:33.499 [FXGL Background Thread 3 ] DEBUG Engine               - class com.almasb.fxgl.ui.FXGLDialogFactoryServiceProvider
16:29:33.499 [FXGL Background Thread 3 ] DEBUG Engine               - class com.almasb.fxgl.audio.AudioPlayer
16:29:33.499 [FXGL Background Thread 3 ] DEBUG Engine               - class com.almasb.fxgl.notification.impl.NotificationServiceProvider
16:29:33.500 [FXGL Background Thread 3 ] DEBUG Engine               - class com.almasb.fxgl.achievement.AchievementService
16:29:33.500 [FXGL Background Thread 3 ] DEBUG Engine               - class com.almasb.fxgl.cutscene.CutsceneService
16:29:33.500 [FXGL Background Thread 3 ] DEBUG Engine               - class com.almasb.fxgl.minigames.MiniGameService
16:29:33.500 [FXGL Background Thread 3 ] DEBUG Engine               - class com.almasb.fxgl.net.NetService
16:29:33.500 [FXGL Background Thread 3 ] DEBUG Engine               - class com.almasb.fxgl.app.services.UpdaterService
16:29:33.500 [FXGL Background Thread 3 ] DEBUG Engine               - class com.almasb.fxgl.dev.DevService
16:29:39.223 [JavaFX Application Thread] DEBUG PrimaryStageWindow   - Push state: DialogSubScene
16:29:39.223 [JavaFX Application Thread] DEBUG Input                - Clearing active input actions
16:29:39.225 [JavaFX Application Thread] DEBUG GameApplicationServi - Removing overlay from GameScene and adding to DialogSubScene
16:29:39.225 [JavaFX Application Thread] DEBUG PrimaryStageWindow   - GameScene -> DialogSubScene
16:29:44.398 [JavaFX Application Thread] DEBUG PrimaryStageWindow   - Pop state: DialogSubScene
16:29:44.398 [JavaFX Application Thread] DEBUG Input                - Clearing active input actions
16:29:44.399 [JavaFX Application Thread] DEBUG GameApplicationServi - Removing overlay from DialogSubScene and adding to GameScene
16:29:44.400 [JavaFX Application Thread] DEBUG PrimaryStageWindow   - GameScene <- DialogSubScene
16:29:49.111 [JavaFX Application Thread] DEBUG PrimaryStageWindow   - Push state: DialogSubScene
16:29:49.111 [JavaFX Application Thread] DEBUG Input                - Clearing active input actions
16:29:49.112 [JavaFX Application Thread] DEBUG GameApplicationServi - Removing overlay from GameScene and adding to DialogSubScene
16:29:49.112 [JavaFX Application Thread] DEBUG PrimaryStageWindow   - GameScene -> DialogSubScene
16:29:54.760 [JavaFX Application Thread] DEBUG PrimaryStageWindow   - Pop state: DialogSubScene
16:29:54.760 [JavaFX Application Thread] DEBUG Input                - Clearing active input actions
16:29:54.762 [JavaFX Application Thread] DEBUG GameApplicationServi - Removing overlay from DialogSubScene and adding to GameScene
16:29:54.762 [JavaFX Application Thread] DEBUG PrimaryStageWindow   - GameScene <- DialogSubScene
16:29:59.854 [JavaFX Application Thread] DEBUG PrimaryStageWindow   - Push state: DialogSubScene
16:29:59.854 [JavaFX Application Thread] DEBUG Input                - Clearing active input actions
16:29:59.856 [JavaFX Application Thread] DEBUG GameApplicationServi - Removing overlay from GameScene and adding to DialogSubScene
16:29:59.856 [JavaFX Application Thread] DEBUG PrimaryStageWindow   - GameScene -> DialogSubScene
16:30:21.519 [JavaFX Application Thread] DEBUG PrimaryStageWindow   - Pop state: DialogSubScene
16:30:21.519 [JavaFX Application Thread] DEBUG Input                - Clearing active input actions
16:30:21.520 [JavaFX Application Thread] DEBUG GameApplicationServi - Removing overlay from DialogSubScene and adding to GameScene
16:30:21.521 [JavaFX Application Thread] DEBUG PrimaryStageWindow   - GameScene <- DialogSubScene
16:30:23.638 [JavaFX Application Thread] DEBUG FXGLApplication      - Exiting FXGL
16:30:23.638 [JavaFX Application Thread] DEBUG LoopRunner           - Stopping loop
16:30:23.638 [JavaFX Application Thread] DEBUG SystemBundleService  - Saving FXGL system data
16:30:23.643 [JavaFX Application Thread] DEBUG FileSystemAccess     - Writing to: /Users/olive/Documents/GitHub/Project-Winter/system/fxgl.bundle
16:30:23.646 [JavaFX Application Thread] DEBUG Async                - Shutting down background threads
16:30:23.646 [JavaFX Application Thread] DEBUG PrimaryStageWindow   - Closing main window
16:30:23.675 [JavaFX Application Thread] DEBUG Logger               - Closing Logger
