08:38:00.024 [main                     ] DEBUG Logger               - Configured Logger
08:38:00.049 [main                     ] DEBUG GameApplication      - Logging settings
Title: Soot(sin)
Version: 0.0
Width: 500
Height: 300
Fullscreen: false
Intro: false
Profiling: false
Single step:false
App Mode: DEVELOPER
Menu Key: ESCAPE
Stage Style: DECORATED
Scene Factory: class com.almasb.fxgl.app.scene.SceneFactory

08:38:00.449 [JavaFX Application Thread] DEBUG FXGLApplication      - Initializing FXGL
08:38:00.454 [JavaFX Application Thread] INFO  Engine               - FXGL-17.2 (20.08.2022 16.50) on MAC (J:18.0.2.1 FX:18.0.2)
08:38:00.455 [JavaFX Application Thread] DEBUG Engine               - JRE Vendor Name: Oracle Corporation
08:38:00.455 [JavaFX Application Thread] DEBUG Engine               - Running on OS: Mac OS X version 13.4.1
08:38:00.455 [JavaFX Application Thread] DEBUG Engine               - Architecture: aarch64
08:38:00.455 [JavaFX Application Thread] INFO  Engine               - Source code and latest versions at: https://github.com/AlmasB/FXGL
08:38:00.455 [JavaFX Application Thread] INFO  Engine               -       Ask questions and discuss at: https://github.com/AlmasB/FXGL/discussions
08:38:00.455 [JavaFX Application Thread] INFO  Engine               -              Join the FXGL chat at: https://gitter.im/AlmasB/FXGL
08:38:00.519 [JavaFX Application Thread] DEBUG PrimaryStageWindow   - Creating a JavaFX scene
08:38:00.545 [JavaFX Application Thread] DEBUG PrimaryStageWindow   - Target settings size: 500.0 x 300.0
08:38:00.545 [JavaFX Application Thread] DEBUG PrimaryStageWindow   - Scaled scene size:    500.0 x 300.0
08:38:00.545 [JavaFX Application Thread] DEBUG PrimaryStageWindow   - Scaled ratio: (1.0, 1.0)
08:38:00.546 [JavaFX Application Thread] DEBUG PrimaryStageWindow   - Set initial scene to FXGLStartupScene
08:38:00.550 [JavaFX Application Thread] DEBUG PrimaryStageWindow   - Opening main window
08:38:00.619 [JavaFX Application Thread] DEBUG PrimaryStageWindow   - Window border size: (0.0, 28.0)
08:38:00.619 [JavaFX Application Thread] DEBUG PrimaryStageWindow   - Scaled size: 500.0 x 300.0
08:38:00.619 [JavaFX Application Thread] DEBUG PrimaryStageWindow   - Scaled ratio: (1.0, 1.0)
08:38:00.619 [JavaFX Application Thread] DEBUG PrimaryStageWindow   - Scene size: 500.0 x 300.0
08:38:00.619 [JavaFX Application Thread] DEBUG PrimaryStageWindow   - Stage size: 500.0 x 328.0
08:38:00.623 [FXGL Background Thread 1 ] DEBUG Engine               - Initializing environment variables
08:38:00.725 [FXGL Background Thread 1 ] DEBUG FXGLAssetLoaderServi - User app class for loading assets: class com.example.proj.SootApp
08:38:00.726 [FXGL Background Thread 1 ] DEBUG GameApplicationServi - Applying CSS: fxgl_dark.css
08:38:00.728 [FXGL Background Thread 1 ] DEBUG FXGLAssetLoaderServi - Loading from file system: jar:file:///Users/olive/.m2/repository/com/github/almasb/fxgl/17.2/fxgl-17.2.jar!/fxglassets/ui/css/fxgl_dark.css
08:38:00.798 [FXGL Background Thread 1 ] DEBUG GameApplicationServi - Initializing application scenes
08:38:01.050 [FXGL Background Thread 1 ] DEBUG GameWorld            - Game world initialized
08:38:01.088 [FXGL Background Thread 1 ] DEBUG PhysicsWorld         - Physics world initialized: appHeight=300, physics.ppm=50.0
08:38:01.089 [FXGL Background Thread 1 ] DEBUG PhysicsWorld         - Using strategy: BRUTE_FORCE
08:38:01.091 [FXGL Background Thread 1 ] DEBUG GameScene            - Game scene initialized: 500x300
08:38:01.099 [FXGL Background Thread 1 ] WARN  FXGL.DefaultMenu     - FXGLDefaultMenu is not designed for resolutions < 800x600
08:38:01.099 [FXGL Background Thread 1 ] DEBUG FXGL.DefaultMenu     - createMenuBodyGameMenu()
08:38:01.108 [FXGL Background Thread 1 ] DEBUG FXGL.DefaultMenu     - createOptionsMenu()
08:38:01.114 [FXGL Background Thread 1 ] DEBUG FXGLAssetLoaderServi - Loading from file system: jar:file:///Users/olive/.m2/repository/com/github/almasb/fxgl/17.2/fxgl-17.2.jar!/fxglassets/textures/particles/smoke.png
08:38:01.220 [FXGL Background Thread 1 ] DEBUG FXGLAssetLoaderServi - Loading from file system: jar:file:///Users/olive/.m2/repository/com/github/almasb/fxgl/17.2/fxgl-17.2.jar!/fxglassets/textures/particles/trace_horizontal.png
08:38:01.247 [FXGL Background Thread 1 ] DEBUG GameApplicationServi - Application scenes initialized
08:38:01.254 [FXGL Background Thread 1 ] DEBUG SystemBundleService  - Loading FXGL system data
08:38:01.257 [FXGL Background Thread 1 ] DEBUG FileSystemAccess     - Reading from: /Users/olive/Documents/GitHub/Project-Winter/system/fxgl.bundle
08:38:01.264 [FXGL Background Thread 1 ] DEBUG SystemBundleService  - Bundle FXGL: {}
08:38:01.264 [FXGL Background Thread 1 ] DEBUG UpdaterService       - Checking for updates
08:38:01.266 [FXGL Background Thread 4 ] DEBUG FXGLApplication      - Loading fonts
08:38:01.266 [FXGL Background Thread 1 ] DEBUG FXGLApplication      - Loading default localization
08:38:01.266 [FXGL Background Thread 4 ] DEBUG FXGLAssetLoaderServi - Loading from file system: jar:file:///Users/olive/.m2/repository/com/github/almasb/fxgl/17.2/fxgl-17.2.jar!/fxglassets/ui/fonts/VarelaRound-Regular.ttf
08:38:01.267 [FXGL Background Thread 1 ] DEBUG FXGLAssetLoaderServi - Loading from file system: jar:file:///Users/olive/.m2/repository/com/github/almasb/fxgl/17.2/fxgl-17.2.jar!/fxglassets/languages/english.lang
08:38:01.276 [FXGL Background Thread 4 ] DEBUG FXGLAssetLoaderServi - Loading from file system: jar:file:///Users/olive/.m2/repository/com/github/almasb/fxgl/17.2/fxgl-17.2.jar!/fxglassets/ui/fonts/Abel-Regular.ttf
08:38:01.278 [FXGL Background Thread 1 ] INFO  FXGLApplication      - FXGL initialization took: 0.655 sec
08:38:01.279 [FXGL Background Thread 4 ] DEBUG FXGLAssetLoaderServi - Loading from file system: jar:file:///Users/olive/.m2/repository/com/github/almasb/fxgl/17.2/fxgl-17.2.jar!/fxglassets/ui/fonts/TerminalLandMono-Regular.otf
08:38:01.279 [JavaFX Application Thread] DEBUG FXGLAssetLoaderServi - Loading from file system: jar:file:///Users/olive/.m2/repository/com/github/almasb/fxgl/17.2/fxgl-17.2.jar!/fxglassets/textures/fxgl_icon.png
08:38:01.281 [FXGL Background Thread 4 ] DEBUG FXGLAssetLoaderServi - Loading from file system: jar:file:///Users/olive/.m2/repository/com/github/almasb/fxgl/17.2/fxgl-17.2.jar!/fxglassets/ui/fonts/Courier-Prime.ttf
08:38:01.305 [JavaFX Application Thread] DEBUG FXGLAssetLoaderServi - Loading from file system: jar:file:///Users/olive/.m2/repository/com/github/almasb/fxgl/17.2/fxgl-17.2.jar!/fxglassets/textures/fxgl_default_cursor.png
08:38:01.312 [JavaFX Application Thread] DEBUG Input                - Registered new binding: Screenshot - CTRL+8
08:38:01.312 [JavaFX Application Thread] DEBUG Input                - Registered new binding: System info dump - CTRL+9
08:38:01.313 [JavaFX Application Thread] DEBUG Input                - Registered new binding: Restart - CTRL+R
08:38:01.313 [JavaFX Application Thread] DEBUG Input                - Registered new binding: Toggle Debug Camera - CTRL+7
08:38:01.314 [JavaFX Application Thread] DEBUG LoopRunner           - Starting loop
08:38:01.314 [JavaFX Application Thread] DEBUG LoopRunner           - Initializing JavaFX AnimationTimerLoop
08:38:01.315 [JavaFX Application Thread] DEBUG GameApplicationServi - Starting new game
08:38:01.315 [JavaFX Application Thread] DEBUG Input                - Clearing active input actions
08:38:01.321 [JavaFX Application Thread] DEBUG GameApplicationServi - Removing overlay from FXGLStartupScene and adding to FXGLLoadingScene
08:38:01.322 [JavaFX Application Thread] DEBUG PrimaryStageWindow   - FXGLStartupScene -> FXGLLoadingScene
08:38:01.322 [JavaFX Application Thread] DEBUG GameApplicationServi - Clearing previous game
08:38:01.322 [JavaFX Application Thread] DEBUG GameScene            - Clearing game scene
08:38:01.322 [JavaFX Application Thread] DEBUG GameWorld            - Clearing game world
08:38:01.322 [JavaFX Application Thread] DEBUG PhysicsWorld         - Clearing physics world
08:38:01.323 [FXGL Background Thread 4 ] DEBUG FXGLApplication      - Initializing game
08:38:01.327 [FXGL Background Thread 4 ] INFO  FXGLApplication      - Game initialization took: 0.004 sec
08:38:01.357 [JavaFX Application Thread] DEBUG FXGLApplication      - Registering font factories with UI factory
08:38:01.364 [JavaFX Application Thread] DEBUG Input                - Clearing active input actions
08:38:01.368 [JavaFX Application Thread] DEBUG GameApplicationServi - Removing overlay from FXGLLoadingScene and adding to GameScene
08:38:01.368 [JavaFX Application Thread] DEBUG PrimaryStageWindow   - FXGLLoadingScene -> GameScene
08:38:01.591 [FXGL Background Thread 2 ] INFO  UpdaterService       - Your current version:  17.2
08:38:01.591 [FXGL Background Thread 2 ] INFO  UpdaterService       - Latest stable version: 21
08:38:03.131 [JavaFX Application Thread] DEBUG FXGLApplication      - Exiting FXGL
08:38:03.131 [JavaFX Application Thread] DEBUG LoopRunner           - Stopping loop
08:38:03.131 [JavaFX Application Thread] DEBUG SystemBundleService  - Saving FXGL system data
08:38:03.133 [JavaFX Application Thread] DEBUG FileSystemAccess     - Writing to: /Users/olive/Documents/GitHub/Project-Winter/system/fxgl.bundle
08:38:03.135 [JavaFX Application Thread] DEBUG Async                - Shutting down background threads
08:38:03.135 [JavaFX Application Thread] DEBUG PrimaryStageWindow   - Closing main window
08:38:03.143 [JavaFX Application Thread] DEBUG Logger               - Closing Logger
