17:40:50.854 [main                     ] DEBUG Logger               - Configured Logger
17:40:50.899 [main                     ] DEBUG GameApplication      - Logging settings
Title: Soot(sin)
Version: 0.0
Width: 450
Height: 360
Fullscreen: false
Intro: false
Profiling: false
Single step:false
App Mode: DEVELOPER
Menu Key: ESCAPE
Stage Style: DECORATED
Scene Factory: class com.almasb.fxgl.app.scene.SceneFactory

17:40:51.364 [JavaFX Application Thread] DEBUG FXGLApplication      - Initializing FXGL
17:40:51.375 [JavaFX Application Thread] INFO  Engine               - FXGL-17.2 (20.08.2022 16.50) on WINDOWS (J:18.0.2 FX:18.0.2)
17:40:51.375 [JavaFX Application Thread] DEBUG Engine               - JRE Vendor Name: Amazon.com Inc.
17:40:51.376 [JavaFX Application Thread] DEBUG Engine               - Running on OS: Windows 11 version 10.0
17:40:51.376 [JavaFX Application Thread] DEBUG Engine               - Architecture: amd64
17:40:51.376 [JavaFX Application Thread] INFO  Engine               - Source code and latest versions at: https://github.com/AlmasB/FXGL
17:40:51.377 [JavaFX Application Thread] INFO  Engine               -       Ask questions and discuss at: https://github.com/AlmasB/FXGL/discussions
17:40:51.377 [JavaFX Application Thread] INFO  Engine               -              Join the FXGL chat at: https://gitter.im/AlmasB/FXGL
17:40:51.500 [JavaFX Application Thread] DEBUG PrimaryStageWindow   - Creating a JavaFX scene
17:40:51.561 [JavaFX Application Thread] DEBUG PrimaryStageWindow   - Target settings size: 450.0 x 360.0
17:40:51.562 [JavaFX Application Thread] DEBUG PrimaryStageWindow   - Scaled scene size:    450.0 x 360.0
17:40:51.562 [JavaFX Application Thread] DEBUG PrimaryStageWindow   - Scaled ratio: (1.0, 1.0)
17:40:51.564 [JavaFX Application Thread] DEBUG PrimaryStageWindow   - Set initial scene to FXGLStartupScene
17:40:51.575 [JavaFX Application Thread] DEBUG PrimaryStageWindow   - Opening main window
17:40:51.712 [JavaFX Application Thread] DEBUG PrimaryStageWindow   - Window border size: (14.666656494140625, 37.333343505859375)
17:40:51.713 [JavaFX Application Thread] DEBUG PrimaryStageWindow   - Scaled size: 450.0 x 360.0
17:40:51.713 [JavaFX Application Thread] DEBUG PrimaryStageWindow   - Scaled ratio: (1.0, 1.0)
17:40:51.714 [JavaFX Application Thread] DEBUG PrimaryStageWindow   - Scene size: 450.0 x 360.0
17:40:51.715 [JavaFX Application Thread] DEBUG PrimaryStageWindow   - Stage size: 464.6666564941406 x 397.3333435058594
17:40:51.731 [FXGL Background Thread 1 ] DEBUG Engine               - Initializing environment variables
17:40:51.838 [FXGL Background Thread 1 ] DEBUG FXGLAssetLoaderServi - User app class for loading assets: class com.example.proj.SootApp
17:40:51.839 [FXGL Background Thread 1 ] DEBUG GameApplicationServi - Applying CSS: fxgl_dark.css
17:40:51.840 [FXGL Background Thread 1 ] DEBUG FXGLAssetLoaderServi - Loading from file system: jar:file:///C:/Users/annak/.m2/repository/com/github/almasb/fxgl/17.2/fxgl-17.2.jar!/fxglassets/ui/css/fxgl_dark.css
17:40:51.934 [FXGL Background Thread 1 ] DEBUG GameApplicationServi - Initializing application scenes
17:40:52.019 [FXGL Background Thread 1 ] DEBUG GameWorld            - Game world initialized
17:40:52.109 [FXGL Background Thread 1 ] DEBUG PhysicsWorld         - Physics world initialized: appHeight=360, physics.ppm=50.0
17:40:52.110 [FXGL Background Thread 1 ] DEBUG PhysicsWorld         - Using strategy: BRUTE_FORCE
17:40:52.118 [FXGL Background Thread 1 ] DEBUG GameScene            - Game scene initialized: 450x360
17:40:52.136 [FXGL Background Thread 1 ] WARN  FXGL.DefaultMenu     - FXGLDefaultMenu is not designed for resolutions < 800x600
17:40:52.136 [FXGL Background Thread 1 ] DEBUG FXGL.DefaultMenu     - createMenuBodyGameMenu()
17:40:52.155 [FXGL Background Thread 1 ] DEBUG FXGL.DefaultMenu     - createOptionsMenu()
17:40:52.171 [FXGL Background Thread 1 ] DEBUG FXGLAssetLoaderServi - Loading from file system: jar:file:///C:/Users/annak/.m2/repository/com/github/almasb/fxgl/17.2/fxgl-17.2.jar!/fxglassets/textures/particles/smoke.png
17:40:52.309 [FXGL Background Thread 1 ] DEBUG FXGLAssetLoaderServi - Loading from file system: jar:file:///C:/Users/annak/.m2/repository/com/github/almasb/fxgl/17.2/fxgl-17.2.jar!/fxglassets/textures/particles/trace_horizontal.png
17:40:52.374 [FXGL Background Thread 1 ] DEBUG GameApplicationServi - Application scenes initialized
17:40:52.405 [FXGL Background Thread 1 ] DEBUG SystemBundleService  - Loading FXGL system data
17:40:52.416 [FXGL Background Thread 1 ] DEBUG FileSystemAccess     - Reading from: C:\Users\annak\Documents\GitHub\Project-Winter\system\fxgl.bundle
17:40:52.437 [FXGL Background Thread 1 ] DEBUG SystemBundleService  - Bundle FXGL: {}
17:40:52.438 [FXGL Background Thread 1 ] DEBUG UpdaterService       - Checking for updates
17:40:52.449 [FXGL Background Thread 1 ] DEBUG FXGLApplication      - Loading default localization
17:40:52.450 [FXGL Background Thread 1 ] DEBUG FXGLAssetLoaderServi - Loading from file system: jar:file:///C:/Users/annak/.m2/repository/com/github/almasb/fxgl/17.2/fxgl-17.2.jar!/fxglassets/languages/english.lang
17:40:52.465 [FXGL Background Thread 4 ] DEBUG FXGLApplication      - Loading fonts
17:40:52.466 [FXGL Background Thread 4 ] DEBUG FXGLAssetLoaderServi - Loading from file system: jar:file:///C:/Users/annak/.m2/repository/com/github/almasb/fxgl/17.2/fxgl-17.2.jar!/fxglassets/ui/fonts/VarelaRound-Regular.ttf
17:40:52.480 [FXGL Background Thread 1 ] INFO  FXGLApplication      - FXGL initialization took: 0.749 sec
17:40:52.497 [JavaFX Application Thread] DEBUG Input                - Registered new binding: left - Left
17:40:52.498 [JavaFX Application Thread] DEBUG Input                - Registered new binding: right - Right
17:40:52.498 [JavaFX Application Thread] DEBUG Input                - Registered new binding: jump - Up
17:40:52.499 [JavaFX Application Thread] DEBUG FXGLAssetLoaderServi - Loading from file system: jar:file:///C:/Users/annak/.m2/repository/com/github/almasb/fxgl/17.2/fxgl-17.2.jar!/fxglassets/textures/fxgl_icon.png
17:40:52.547 [JavaFX Application Thread] DEBUG FXGLAssetLoaderServi - Loading from file system: jar:file:///C:/Users/annak/.m2/repository/com/github/almasb/fxgl/17.2/fxgl-17.2.jar!/fxglassets/textures/fxgl_default_cursor.png
17:40:52.552 [JavaFX Application Thread] DEBUG Input                - Registered new binding: Screenshot - CTRL+8
17:40:52.553 [JavaFX Application Thread] DEBUG Input                - Registered new binding: System info dump - CTRL+9
17:40:52.554 [JavaFX Application Thread] DEBUG Input                - Registered new binding: Restart - CTRL+R
17:40:52.555 [JavaFX Application Thread] DEBUG Input                - Registered new binding: Toggle Debug Camera - CTRL+7
17:40:52.558 [JavaFX Application Thread] DEBUG LoopRunner           - Starting loop
17:40:52.558 [JavaFX Application Thread] DEBUG LoopRunner           - Initializing JavaFX AnimationTimerLoop
17:40:52.560 [JavaFX Application Thread] DEBUG GameApplicationServi - Starting new game
17:40:52.561 [JavaFX Application Thread] DEBUG Input                - Clearing active input actions
17:40:52.578 [JavaFX Application Thread] DEBUG GameApplicationServi - Removing overlay from FXGLStartupScene and adding to FXGLLoadingScene
17:40:52.579 [JavaFX Application Thread] DEBUG PrimaryStageWindow   - FXGLStartupScene -> FXGLLoadingScene
17:40:52.579 [JavaFX Application Thread] DEBUG GameApplicationServi - Clearing previous game
17:40:52.579 [JavaFX Application Thread] DEBUG GameScene            - Clearing game scene
17:40:52.579 [JavaFX Application Thread] DEBUG GameWorld            - Clearing game world
17:40:52.580 [JavaFX Application Thread] DEBUG PhysicsWorld         - Clearing physics world
17:40:52.583 [FXGL Background Thread 1 ] DEBUG FXGLApplication      - Initializing game
17:40:52.673 [FXGL Background Thread 1 ] DEBUG TMXLevelLoader       - Parsed TiledMap: file:/C:/Users/annak/Documents/GitHub/Project-Winter/proj/target/classes/assets/levels/tmx/Plat1.9.0.tmx
17:40:52.675 [FXGL Background Thread 1 ] DEBUG TMXLevelLoader       - Creating tile layer entities
17:40:52.677 [FXGL Background Thread 1 ] DEBUG TilesetLoader        - Loading view for layer Tile Layer 1
17:40:52.678 [FXGL Background Thread 1 ] DEBUG TilesetLoader        - Created buffer with size 810.0x360.0
17:40:52.705 [FXGL Background Thread 1 ] DEBUG TMXLevelLoader       - Creating object layer entities
17:40:52.754 [FXGL Background Thread 1 ] DEBUG GameWorld            - Clearing removable entities
17:40:52.755 [FXGL Background Thread 1 ] DEBUG GameWorld            - Setting level: com.almasb.fxgl.entity.level.Level@709d49d5
17:40:52.793 [FXGL Background Thread 1 ] DEBUG FXGLAssetLoaderServi - Loading from file system: file:/C:/Users/annak/Documents/GitHub/Project-Winter/proj/target/classes/assets/textures/finalSOOT.gif
17:40:52.802 [FXGL Background Thread 1 ] WARN  Entity               - Entity already has component: com.example.proj.component.PlayerControl
17:40:52.804 [FXGL Background Thread 1 ] INFO  FXGLApplication      - Game initialization took: 0.221 sec
17:40:52.826 [FXGL Background Thread 4 ] DEBUG FXGLAssetLoaderServi - Loading from file system: jar:file:///C:/Users/annak/.m2/repository/com/github/almasb/fxgl/17.2/fxgl-17.2.jar!/fxglassets/ui/fonts/Abel-Regular.ttf
17:40:52.832 [FXGL Background Thread 4 ] DEBUG FXGLAssetLoaderServi - Loading from file system: jar:file:///C:/Users/annak/.m2/repository/com/github/almasb/fxgl/17.2/fxgl-17.2.jar!/fxglassets/ui/fonts/TerminalLandMono-Regular.otf
17:40:52.837 [FXGL Background Thread 4 ] DEBUG FXGLAssetLoaderServi - Loading from file system: jar:file:///C:/Users/annak/.m2/repository/com/github/almasb/fxgl/17.2/fxgl-17.2.jar!/fxglassets/ui/fonts/Courier-Prime.ttf
17:40:52.841 [JavaFX Application Thread] DEBUG Input                - Clearing active input actions
17:40:52.858 [JavaFX Application Thread] DEBUG GameApplicationServi - Removing overlay from FXGLLoadingScene and adding to GameScene
17:40:52.859 [JavaFX Application Thread] DEBUG PrimaryStageWindow   - FXGLLoadingScene -> GameScene
17:40:52.880 [JavaFX Application Thread] DEBUG FXGLApplication      - Registering font factories with UI factory
17:40:53.337 [FXGL Background Thread 2 ] INFO  UpdaterService       - Your current version:  17.2
17:40:53.338 [FXGL Background Thread 2 ] INFO  UpdaterService       - Latest stable version: 21
17:40:55.445 [FXGL Background Thread 3 ] DEBUG Engine               - Logging environment variables
17:40:55.445 [FXGL Background Thread 3 ] DEBUG Engine               - achievements: []
17:40:55.446 [FXGL Background Thread 3 ] DEBUG Engine               - actualHeight: 360.0
17:40:55.446 [FXGL Background Thread 3 ] DEBUG Engine               - actualHeightProperty: ReadOnlyDoubleProperty [value: 360.0]
17:40:55.446 [FXGL Background Thread 3 ] DEBUG Engine               - actualWidth: 450.0
17:40:55.446 [FXGL Background Thread 3 ] DEBUG Engine               - actualWidthProperty: ReadOnlyDoubleProperty [value: 450.0]
17:40:55.446 [FXGL Background Thread 3 ] DEBUG Engine               - appIcon: fxgl_icon.png
17:40:55.446 [FXGL Background Thread 3 ] DEBUG Engine               - applicationMode: DEVELOPER
17:40:55.446 [FXGL Background Thread 3 ] DEBUG Engine               - cSSList: [fxgl_dark.css]
17:40:55.446 [FXGL Background Thread 3 ] DEBUG Engine               - collisionDetectionStrategy: BRUTE_FORCE
17:40:55.446 [FXGL Background Thread 3 ] DEBUG Engine               - configClass: Optional.empty
17:40:55.447 [FXGL Background Thread 3 ] DEBUG Engine               - credits: []
17:40:55.447 [FXGL Background Thread 3 ] DEBUG Engine               - defaultCursor: CursorInfo(imageName=fxgl_default_cursor.png, hotspotX=7.0, hotspotY=6.0)
17:40:55.447 [FXGL Background Thread 3 ] DEBUG Engine               - devBBoxColorProperty: ObjectProperty [value: 0xff0000ff]
17:40:55.447 [FXGL Background Thread 3 ] DEBUG Engine               - devEnableDebugCameraProperty: BooleanProperty [value: false]
17:40:55.448 [FXGL Background Thread 3 ] DEBUG Engine               - devSensorColorProperty: ObjectProperty [value: 0xffff00ff]
17:40:55.448 [FXGL Background Thread 3 ] DEBUG Engine               - devShowBBoxProperty: BooleanProperty [value: false]
17:40:55.448 [FXGL Background Thread 3 ] DEBUG Engine               - devShowPositionProperty: BooleanProperty [value: false]
17:40:55.448 [FXGL Background Thread 3 ] DEBUG Engine               - enabledMenuItems: []
17:40:55.448 [FXGL Background Thread 3 ] DEBUG Engine               - engineServices: [class com.almasb.fxgl.app.services.FXGLAssetLoaderService, class com.almasb.fxgl.app.FXGLApplication$GameApplicationService, class com.almasb.fxgl.app.services.FXGLDialogService, class com.almasb.fxgl.app.services.IOTaskExecutorService, class com.almasb.fxgl.io.FileSystemService, class com.almasb.fxgl.localization.LocalizationService, class com.almasb.fxgl.app.services.SystemBundleService, class com.almasb.fxgl.profile.SaveLoadService, class com.almasb.fxgl.ui.FXGLUIFactoryServiceProvider, class com.almasb.fxgl.ui.FXGLDialogFactoryServiceProvider, class com.almasb.fxgl.audio.AudioPlayer, class com.almasb.fxgl.notification.impl.NotificationServiceProvider, class com.almasb.fxgl.achievement.AchievementService, class com.almasb.fxgl.cutscene.CutsceneService, class com.almasb.fxgl.minigames.MiniGameService, class com.almasb.fxgl.net.NetService, class com.almasb.fxgl.app.services.UpdaterService, class com.almasb.fxgl.dev.DevService]
17:40:55.448 [FXGL Background Thread 3 ] DEBUG Engine               - fontGame: Abel-Regular.ttf
17:40:55.448 [FXGL Background Thread 3 ] DEBUG Engine               - fontMono: TerminalLandMono-Regular.otf
17:40:55.448 [FXGL Background Thread 3 ] DEBUG Engine               - fontText: Courier-Prime.ttf
17:40:55.448 [FXGL Background Thread 3 ] DEBUG Engine               - fontUI: VarelaRound-Regular.ttf
17:40:55.448 [FXGL Background Thread 3 ] DEBUG Engine               - fullScreen: BooleanProperty [value: false]
17:40:55.448 [FXGL Background Thread 3 ] DEBUG Engine               - gameDifficulty: MEDIUM
17:40:55.448 [FXGL Background Thread 3 ] DEBUG Engine               - gameDifficultyProperty: ObjectProperty [value: MEDIUM]
17:40:55.448 [FXGL Background Thread 3 ] DEBUG Engine               - globalMusicVolume: 0.5
17:40:55.449 [FXGL Background Thread 3 ] DEBUG Engine               - globalMusicVolumeProperty: DoubleProperty [value: 0.5]
17:40:55.449 [FXGL Background Thread 3 ] DEBUG Engine               - globalSoundVolume: 0.5
17:40:55.449 [FXGL Background Thread 3 ] DEBUG Engine               - globalSoundVolumeProperty: DoubleProperty [value: 0.5]
17:40:55.449 [FXGL Background Thread 3 ] DEBUG Engine               - height: 360
17:40:55.449 [FXGL Background Thread 3 ] DEBUG Engine               - is3D: false
17:40:55.449 [FXGL Background Thread 3 ] DEBUG Engine               - isAndroid: false
17:40:55.449 [FXGL Background Thread 3 ] DEBUG Engine               - isBrowser: false
17:40:55.449 [FXGL Background Thread 3 ] DEBUG Engine               - isClickFeedbackEnabled: false
17:40:55.449 [FXGL Background Thread 3 ] DEBUG Engine               - isCloseConfirmation: false
17:40:55.449 [FXGL Background Thread 3 ] DEBUG Engine               - isDesktop: true
17:40:55.449 [FXGL Background Thread 3 ] DEBUG Engine               - isDeveloperMenuEnabled: false
17:40:55.449 [FXGL Background Thread 3 ] DEBUG Engine               - isEmbedded: false
17:40:55.449 [FXGL Background Thread 3 ] DEBUG Engine               - isEntityPreloadEnabled: true
17:40:55.450 [FXGL Background Thread 3 ] DEBUG Engine               - isExperimentalTiledLargeMap: false
17:40:55.450 [FXGL Background Thread 3 ] DEBUG Engine               - isFileSystemWriteAllowed: true
17:40:55.450 [FXGL Background Thread 3 ] DEBUG Engine               - isFullScreenAllowed: false
17:40:55.450 [FXGL Background Thread 3 ] DEBUG Engine               - isFullScreenFromStart: false
17:40:55.450 [FXGL Background Thread 3 ] DEBUG Engine               - isGameMenuEnabled: true
17:40:55.450 [FXGL Background Thread 3 ] DEBUG Engine               - isIOS: false
17:40:55.450 [FXGL Background Thread 3 ] DEBUG Engine               - isIntroEnabled: false
17:40:55.450 [FXGL Background Thread 3 ] DEBUG Engine               - isLinux: false
17:40:55.450 [FXGL Background Thread 3 ] DEBUG Engine               - isMac: false
17:40:55.450 [FXGL Background Thread 3 ] DEBUG Engine               - isMainMenuEnabled: false
17:40:55.450 [FXGL Background Thread 3 ] DEBUG Engine               - isManualResizeEnabled: false
17:40:55.450 [FXGL Background Thread 3 ] DEBUG Engine               - isMobile: false
17:40:55.450 [FXGL Background Thread 3 ] DEBUG Engine               - isNative: false
17:40:55.451 [FXGL Background Thread 3 ] DEBUG Engine               - isPauseMusicWhenMinimized: true
17:40:55.451 [FXGL Background Thread 3 ] DEBUG Engine               - isPreserveResizeRatio: false
17:40:55.451 [FXGL Background Thread 3 ] DEBUG Engine               - isProfilingEnabled: false
17:40:55.451 [FXGL Background Thread 3 ] DEBUG Engine               - isScaleAffectedOnResize: true
17:40:55.451 [FXGL Background Thread 3 ] DEBUG Engine               - isSingleStep: false
17:40:55.451 [FXGL Background Thread 3 ] DEBUG Engine               - isUserProfileEnabled: false
17:40:55.451 [FXGL Background Thread 3 ] DEBUG Engine               - isWindows: true
17:40:55.451 [FXGL Background Thread 3 ] DEBUG Engine               - language: ObjectProperty [value: ENGLISH]
17:40:55.451 [FXGL Background Thread 3 ] DEBUG Engine               - menuKey: ESCAPE
17:40:55.451 [FXGL Background Thread 3 ] DEBUG Engine               - mouseSensitivity: 0.2
17:40:55.451 [FXGL Background Thread 3 ] DEBUG Engine               - notificationViewClass: class com.almasb.fxgl.notification.view.XboxNotificationView
17:40:55.451 [FXGL Background Thread 3 ] DEBUG Engine               - pixelsPerMeter: 50.0
17:40:55.451 [FXGL Background Thread 3 ] DEBUG Engine               - platform: WINDOWS
17:40:55.452 [FXGL Background Thread 3 ] DEBUG Engine               - prefHeightProperty: ReadOnlyDoubleProperty [value: 360.0]
17:40:55.452 [FXGL Background Thread 3 ] DEBUG Engine               - prefWidthProperty: ReadOnlyDoubleProperty [value: 450.0]
17:40:55.452 [FXGL Background Thread 3 ] DEBUG Engine               - profileDir: profiles/
17:40:55.452 [FXGL Background Thread 3 ] DEBUG Engine               - profileName: StringProperty [value: DEFAULT]
17:40:55.452 [FXGL Background Thread 3 ] DEBUG Engine               - randomSeed: -1
17:40:55.452 [FXGL Background Thread 3 ] DEBUG Engine               - runtimeInfo: RuntimeInfo(platform=WINDOWS, version=17.2, build=20.08.2022 16.50)
17:40:55.452 [FXGL Background Thread 3 ] DEBUG Engine               - saveFileExt: sav
17:40:55.452 [FXGL Background Thread 3 ] DEBUG Engine               - scaledHeightProp$fxgl: DoubleProperty [bound, value: 360.0]
17:40:55.452 [FXGL Background Thread 3 ] DEBUG Engine               - scaledWidthProp$fxgl: DoubleProperty [bound, value: 450.0]
17:40:55.452 [FXGL Background Thread 3 ] DEBUG Engine               - sceneFactory: com.almasb.fxgl.app.scene.SceneFactory@3d215a2
17:40:55.453 [FXGL Background Thread 3 ] DEBUG Engine               - secondsIn24h: 60
17:40:55.453 [FXGL Background Thread 3 ] DEBUG Engine               - soundMenuBack: menu/back.wav
17:40:55.453 [FXGL Background Thread 3 ] DEBUG Engine               - soundMenuPress: menu/press.wav
17:40:55.453 [FXGL Background Thread 3 ] DEBUG Engine               - soundMenuSelect: menu/select.wav
17:40:55.453 [FXGL Background Thread 3 ] DEBUG Engine               - soundNotification: core/notification.wav
17:40:55.453 [FXGL Background Thread 3 ] DEBUG Engine               - stageStyle: DECORATED
17:40:55.453 [FXGL Background Thread 3 ] DEBUG Engine               - supportedLanguages: [ENGLISH, FRENCH, GERMAN, HUNGARIAN, RUSSIAN]
17:40:55.453 [FXGL Background Thread 3 ] DEBUG Engine               - ticksPerSecond: -1
17:40:55.453 [FXGL Background Thread 3 ] DEBUG Engine               - title: Soot(sin)
17:40:55.453 [FXGL Background Thread 3 ] DEBUG Engine               - urlGithub: https://github.com/AlmasB/FXGL
17:40:55.453 [FXGL Background Thread 3 ] DEBUG Engine               - urlLeaderboard: http://fxgl-top.herokuapp.com/
17:40:55.453 [FXGL Background Thread 3 ] DEBUG Engine               - urlPOM: https://raw.githubusercontent.com/AlmasB/FXGL/release/README.md
17:40:55.453 [FXGL Background Thread 3 ] DEBUG Engine               - userAppClass: class com.example.proj.SootApp
17:40:55.453 [FXGL Background Thread 3 ] DEBUG Engine               - version: 0.0
17:40:55.454 [FXGL Background Thread 3 ] DEBUG Engine               - versionCheckDays: 7
17:40:55.454 [FXGL Background Thread 3 ] DEBUG Engine               - width: 450
17:40:55.454 [FXGL Background Thread 3 ] DEBUG Engine               - Logging services
17:40:55.454 [FXGL Background Thread 3 ] DEBUG Engine               - class com.almasb.fxgl.app.services.FXGLAssetLoaderService
17:40:55.454 [FXGL Background Thread 3 ] DEBUG Engine               - class com.almasb.fxgl.app.FXGLApplication$GameApplicationService
17:40:55.454 [FXGL Background Thread 3 ] DEBUG Engine               - class com.almasb.fxgl.app.services.FXGLDialogService
17:40:55.454 [FXGL Background Thread 3 ] DEBUG Engine               - class com.almasb.fxgl.app.services.IOTaskExecutorService
17:40:55.454 [FXGL Background Thread 3 ] DEBUG Engine               - class com.almasb.fxgl.io.FileSystemService
17:40:55.454 [FXGL Background Thread 3 ] DEBUG Engine               - class com.almasb.fxgl.localization.LocalizationService
17:40:55.454 [FXGL Background Thread 3 ] DEBUG Engine               - class com.almasb.fxgl.app.services.SystemBundleService
17:40:55.454 [FXGL Background Thread 3 ] DEBUG Engine               - class com.almasb.fxgl.profile.SaveLoadService
17:40:55.454 [FXGL Background Thread 3 ] DEBUG Engine               - class com.almasb.fxgl.ui.FXGLUIFactoryServiceProvider
17:40:55.454 [FXGL Background Thread 3 ] DEBUG Engine               - class com.almasb.fxgl.ui.FXGLDialogFactoryServiceProvider
17:40:55.454 [FXGL Background Thread 3 ] DEBUG Engine               - class com.almasb.fxgl.audio.AudioPlayer
17:40:55.454 [FXGL Background Thread 3 ] DEBUG Engine               - class com.almasb.fxgl.notification.impl.NotificationServiceProvider
17:40:55.454 [FXGL Background Thread 3 ] DEBUG Engine               - class com.almasb.fxgl.achievement.AchievementService
17:40:55.454 [FXGL Background Thread 3 ] DEBUG Engine               - class com.almasb.fxgl.cutscene.CutsceneService
17:40:55.455 [FXGL Background Thread 3 ] DEBUG Engine               - class com.almasb.fxgl.minigames.MiniGameService
17:40:55.455 [FXGL Background Thread 3 ] DEBUG Engine               - class com.almasb.fxgl.net.NetService
17:40:55.455 [FXGL Background Thread 3 ] DEBUG Engine               - class com.almasb.fxgl.app.services.UpdaterService
17:40:55.455 [FXGL Background Thread 3 ] DEBUG Engine               - class com.almasb.fxgl.dev.DevService
17:40:56.734 [JavaFX Application Thread] DEBUG FXGLApplication      - Exiting FXGL
17:40:56.735 [JavaFX Application Thread] DEBUG LoopRunner           - Stopping loop
17:40:56.735 [JavaFX Application Thread] DEBUG SystemBundleService  - Saving FXGL system data
17:40:56.737 [JavaFX Application Thread] DEBUG FileSystemAccess     - Writing to: C:\Users\annak\Documents\GitHub\Project-Winter\system\fxgl.bundle
17:40:56.740 [JavaFX Application Thread] DEBUG Async                - Shutting down background threads
17:40:56.740 [JavaFX Application Thread] DEBUG PrimaryStageWindow   - Closing main window
17:40:56.757 [JavaFX Application Thread] DEBUG Logger               - Closing Logger
