22:06:06.935 [main                     ] DEBUG Logger               - Configured Logger
22:06:06.955 [main                     ] DEBUG GameApplication      - Logging settings
Title: Soot(sin)
Version: 0.0
Width: 700
Height: 360
Fullscreen: false
Intro: false
Profiling: false
Single step:false
App Mode: DEVELOPER
Menu Key: ESCAPE
Stage Style: DECORATED
Scene Factory: class com.almasb.fxgl.app.scene.SceneFactory

22:06:07.320 [JavaFX Application Thread] DEBUG FXGLApplication      - Initializing FXGL
22:06:07.325 [JavaFX Application Thread] INFO  Engine               - FXGL-17.2 (20.08.2022 16.50) on MAC (J:18.0.2.1 FX:18.0.2)
22:06:07.326 [JavaFX Application Thread] DEBUG Engine               - JRE Vendor Name: Oracle Corporation
22:06:07.326 [JavaFX Application Thread] DEBUG Engine               - Running on OS: Mac OS X version 13.4.1
22:06:07.327 [JavaFX Application Thread] DEBUG Engine               - Architecture: aarch64
22:06:07.327 [JavaFX Application Thread] INFO  Engine               - Source code and latest versions at: https://github.com/AlmasB/FXGL
22:06:07.327 [JavaFX Application Thread] INFO  Engine               -       Ask questions and discuss at: https://github.com/AlmasB/FXGL/discussions
22:06:07.327 [JavaFX Application Thread] INFO  Engine               -              Join the FXGL chat at: https://gitter.im/AlmasB/FXGL
22:06:07.412 [JavaFX Application Thread] DEBUG PrimaryStageWindow   - Creating a JavaFX scene
22:06:07.445 [JavaFX Application Thread] DEBUG PrimaryStageWindow   - Target settings size: 700.0 x 360.0
22:06:07.445 [JavaFX Application Thread] DEBUG PrimaryStageWindow   - Scaled scene size:    700.0 x 360.0
22:06:07.445 [JavaFX Application Thread] DEBUG PrimaryStageWindow   - Scaled ratio: (1.0, 1.0)
22:06:07.446 [JavaFX Application Thread] DEBUG PrimaryStageWindow   - Set initial scene to FXGLStartupScene
22:06:07.449 [JavaFX Application Thread] DEBUG PrimaryStageWindow   - Opening main window
22:06:07.604 [JavaFX Application Thread] DEBUG PrimaryStageWindow   - Window border size: (0.0, 28.0)
22:06:07.605 [JavaFX Application Thread] DEBUG PrimaryStageWindow   - Scaled size: 700.0 x 360.0
22:06:07.605 [JavaFX Application Thread] DEBUG PrimaryStageWindow   - Scaled ratio: (1.0, 1.0)
22:06:07.605 [JavaFX Application Thread] DEBUG PrimaryStageWindow   - Scene size: 700.0 x 360.0
22:06:07.605 [JavaFX Application Thread] DEBUG PrimaryStageWindow   - Stage size: 700.0 x 388.0
22:06:07.614 [FXGL Background Thread 1 ] DEBUG Engine               - Initializing environment variables
22:06:07.738 [FXGL Background Thread 1 ] DEBUG FXGLAssetLoaderServi - User app class for loading assets: class com.example.proj.SootApp
22:06:07.739 [FXGL Background Thread 1 ] DEBUG GameApplicationServi - Applying CSS: fxgl_dark.css
22:06:07.740 [FXGL Background Thread 1 ] DEBUG FXGLAssetLoaderServi - Loading from file system: jar:file:///Users/olive/.m2/repository/com/github/almasb/fxgl/17.2/fxgl-17.2.jar!/fxglassets/ui/css/fxgl_dark.css
22:06:07.820 [FXGL Background Thread 1 ] DEBUG GameApplicationServi - Initializing application scenes
22:06:08.028 [FXGL Background Thread 1 ] DEBUG GameWorld            - Game world initialized
22:06:08.093 [FXGL Background Thread 1 ] DEBUG PhysicsWorld         - Physics world initialized: appHeight=360, physics.ppm=50.0
22:06:08.093 [FXGL Background Thread 1 ] DEBUG PhysicsWorld         - Using strategy: BRUTE_FORCE
22:06:08.099 [FXGL Background Thread 1 ] DEBUG GameScene            - Game scene initialized: 700x360
22:06:08.117 [FXGL Background Thread 1 ] WARN  FXGL.DefaultMenu     - FXGLDefaultMenu is not designed for resolutions < 800x600
22:06:08.117 [FXGL Background Thread 1 ] DEBUG FXGL.DefaultMenu     - createMenuBodyGameMenu()
22:06:08.139 [FXGL Background Thread 1 ] DEBUG FXGL.DefaultMenu     - createOptionsMenu()
22:06:08.155 [FXGL Background Thread 1 ] DEBUG FXGLAssetLoaderServi - Loading from file system: jar:file:///Users/olive/.m2/repository/com/github/almasb/fxgl/17.2/fxgl-17.2.jar!/fxglassets/textures/particles/smoke.png
22:06:08.265 [FXGL Background Thread 1 ] DEBUG FXGLAssetLoaderServi - Loading from file system: jar:file:///Users/olive/.m2/repository/com/github/almasb/fxgl/17.2/fxgl-17.2.jar!/fxglassets/textures/particles/trace_horizontal.png
22:06:08.286 [FXGL Background Thread 1 ] DEBUG GameApplicationServi - Application scenes initialized
22:06:08.292 [FXGL Background Thread 1 ] DEBUG SystemBundleService  - Loading FXGL system data
22:06:08.294 [FXGL Background Thread 1 ] DEBUG FileSystemAccess     - Reading from: /Users/olive/Documents/GitHub/Project-Winter/system/fxgl.bundle
22:06:08.301 [FXGL Background Thread 1 ] DEBUG SystemBundleService  - Bundle FXGL: {}
22:06:08.301 [FXGL Background Thread 1 ] DEBUG UpdaterService       - Checking for updates
22:06:08.304 [FXGL Background Thread 4 ] DEBUG FXGLApplication      - Loading fonts
22:06:08.304 [FXGL Background Thread 1 ] DEBUG FXGLApplication      - Loading default localization
22:06:08.304 [FXGL Background Thread 4 ] DEBUG FXGLAssetLoaderServi - Loading from file system: jar:file:///Users/olive/.m2/repository/com/github/almasb/fxgl/17.2/fxgl-17.2.jar!/fxglassets/ui/fonts/VarelaRound-Regular.ttf
22:06:08.304 [FXGL Background Thread 1 ] DEBUG FXGLAssetLoaderServi - Loading from file system: jar:file:///Users/olive/.m2/repository/com/github/almasb/fxgl/17.2/fxgl-17.2.jar!/fxglassets/languages/english.lang
22:06:08.315 [FXGL Background Thread 1 ] INFO  FXGLApplication      - FXGL initialization took: 0.701 sec
22:06:08.317 [FXGL Background Thread 4 ] DEBUG FXGLAssetLoaderServi - Loading from file system: jar:file:///Users/olive/.m2/repository/com/github/almasb/fxgl/17.2/fxgl-17.2.jar!/fxglassets/ui/fonts/Abel-Regular.ttf
22:06:08.319 [FXGL Background Thread 4 ] DEBUG FXGLAssetLoaderServi - Loading from file system: jar:file:///Users/olive/.m2/repository/com/github/almasb/fxgl/17.2/fxgl-17.2.jar!/fxglassets/ui/fonts/TerminalLandMono-Regular.otf
22:06:08.321 [JavaFX Application Thread] DEBUG Input                - Registered new binding: left - Left
22:06:08.321 [JavaFX Application Thread] DEBUG Input                - Registered new binding: right - Right
22:06:08.321 [JavaFX Application Thread] DEBUG Input                - Registered new binding: jump - Up
22:06:08.321 [JavaFX Application Thread] DEBUG FXGLAssetLoaderServi - Loading from file system: jar:file:///Users/olive/.m2/repository/com/github/almasb/fxgl/17.2/fxgl-17.2.jar!/fxglassets/textures/fxgl_icon.png
22:06:08.327 [FXGL Background Thread 4 ] DEBUG FXGLAssetLoaderServi - Loading from file system: jar:file:///Users/olive/.m2/repository/com/github/almasb/fxgl/17.2/fxgl-17.2.jar!/fxglassets/ui/fonts/Courier-Prime.ttf
22:06:08.348 [JavaFX Application Thread] DEBUG FXGLAssetLoaderServi - Loading from file system: jar:file:///Users/olive/.m2/repository/com/github/almasb/fxgl/17.2/fxgl-17.2.jar!/fxglassets/textures/fxgl_default_cursor.png
22:06:08.350 [JavaFX Application Thread] DEBUG Input                - Registered new binding: Screenshot - CTRL+8
22:06:08.350 [JavaFX Application Thread] DEBUG Input                - Registered new binding: System info dump - CTRL+9
22:06:08.350 [JavaFX Application Thread] DEBUG Input                - Registered new binding: Restart - CTRL+R
22:06:08.350 [JavaFX Application Thread] DEBUG Input                - Registered new binding: Toggle Debug Camera - CTRL+7
22:06:08.351 [JavaFX Application Thread] DEBUG LoopRunner           - Starting loop
22:06:08.351 [JavaFX Application Thread] DEBUG LoopRunner           - Initializing JavaFX AnimationTimerLoop
22:06:08.352 [JavaFX Application Thread] DEBUG GameApplicationServi - Starting new game
22:06:08.352 [JavaFX Application Thread] DEBUG Input                - Clearing active input actions
22:06:08.358 [JavaFX Application Thread] DEBUG GameApplicationServi - Removing overlay from FXGLStartupScene and adding to FXGLLoadingScene
22:06:08.358 [JavaFX Application Thread] DEBUG PrimaryStageWindow   - FXGLStartupScene -> FXGLLoadingScene
22:06:08.358 [JavaFX Application Thread] DEBUG GameApplicationServi - Clearing previous game
22:06:08.358 [JavaFX Application Thread] DEBUG GameScene            - Clearing game scene
22:06:08.358 [JavaFX Application Thread] DEBUG GameWorld            - Clearing game world
22:06:08.358 [JavaFX Application Thread] DEBUG PhysicsWorld         - Clearing physics world
22:06:08.359 [FXGL Background Thread 4 ] DEBUG FXGLApplication      - Initializing game
22:06:08.389 [FXGL Background Thread 4 ] DEBUG TMXLevelLoader       - Parsed TiledMap: file:/Users/olive/Documents/GitHub/Project-Winter/proj/target/classes/assets/levels/tmx/Plat1.9.0.tmx
22:06:08.390 [FXGL Background Thread 4 ] DEBUG TMXLevelLoader       - Creating tile layer entities
22:06:08.390 [FXGL Background Thread 4 ] DEBUG TilesetLoader        - Loading view for layer Tile Layer 1
22:06:08.391 [FXGL Background Thread 4 ] DEBUG TilesetLoader        - Created buffer with size 810.0x360.0
22:06:08.398 [FXGL Background Thread 4 ] DEBUG TMXLevelLoader       - Creating object layer entities
22:06:08.407 [JavaFX Application Thread] DEBUG FXGLApplication      - Registering font factories with UI factory
22:06:08.412 [FXGL Background Thread 4 ] DEBUG GameWorld            - Clearing removable entities
22:06:08.412 [FXGL Background Thread 4 ] DEBUG GameWorld            - Setting level: com.almasb.fxgl.entity.level.Level@440119e9
22:06:08.417 [FXGL Background Thread 4 ] DEBUG FXGLAssetLoaderServi - Loading from file system: file:/Users/olive/Documents/GitHub/Project-Winter/proj/target/classes/assets/textures/finalSOOT.gif
22:06:08.420 [FXGL Background Thread 4 ] WARN  Entity               - Entity already has component: com.example.proj.component.PlayerControl
22:06:08.422 [FXGL Background Thread 4 ] DEBUG FXGLAssetLoaderServi - Loading from file system: file:/Users/olive/Documents/GitHub/Project-Winter/proj/target/classes/assets/textures/heart.png
22:06:08.423 [FXGL Background Thread 4 ] INFO  FXGLApplication      - Game initialization took: 0.064 sec
22:06:08.431 [JavaFX Application Thread] DEBUG Input                - Clearing active input actions
22:06:08.442 [JavaFX Application Thread] DEBUG GameApplicationServi - Removing overlay from FXGLLoadingScene and adding to GameScene
22:06:08.443 [JavaFX Application Thread] DEBUG PrimaryStageWindow   - FXGLLoadingScene -> GameScene
22:06:08.580 [FXGL Background Thread 2 ] INFO  UpdaterService       - Your current version:  17.2
22:06:08.580 [FXGL Background Thread 2 ] INFO  UpdaterService       - Latest stable version: 21
22:06:11.308 [FXGL Background Thread 3 ] DEBUG Engine               - Logging environment variables
22:06:11.309 [FXGL Background Thread 3 ] DEBUG Engine               - achievements: []
22:06:11.310 [FXGL Background Thread 3 ] DEBUG Engine               - actualHeight: 360.0
22:06:11.310 [FXGL Background Thread 3 ] DEBUG Engine               - actualHeightProperty: ReadOnlyDoubleProperty [value: 360.0]
22:06:11.310 [FXGL Background Thread 3 ] DEBUG Engine               - actualWidth: 700.0
22:06:11.310 [FXGL Background Thread 3 ] DEBUG Engine               - actualWidthProperty: ReadOnlyDoubleProperty [value: 700.0]
22:06:11.310 [FXGL Background Thread 3 ] DEBUG Engine               - appIcon: fxgl_icon.png
22:06:11.310 [FXGL Background Thread 3 ] DEBUG Engine               - applicationMode: DEVELOPER
22:06:11.310 [FXGL Background Thread 3 ] DEBUG Engine               - cSSList: [fxgl_dark.css]
22:06:11.311 [FXGL Background Thread 3 ] DEBUG Engine               - collisionDetectionStrategy: BRUTE_FORCE
22:06:11.311 [FXGL Background Thread 3 ] DEBUG Engine               - configClass: Optional.empty
22:06:11.311 [FXGL Background Thread 3 ] DEBUG Engine               - credits: []
22:06:11.312 [FXGL Background Thread 3 ] DEBUG Engine               - defaultCursor: CursorInfo(imageName=fxgl_default_cursor.png, hotspotX=7.0, hotspotY=6.0)
22:06:11.312 [FXGL Background Thread 3 ] DEBUG Engine               - devBBoxColorProperty: ObjectProperty [value: 0xff0000ff]
22:06:11.312 [FXGL Background Thread 3 ] DEBUG Engine               - devEnableDebugCameraProperty: BooleanProperty [value: false]
22:06:11.312 [FXGL Background Thread 3 ] DEBUG Engine               - devSensorColorProperty: ObjectProperty [value: 0xffff00ff]
22:06:11.312 [FXGL Background Thread 3 ] DEBUG Engine               - devShowBBoxProperty: BooleanProperty [value: false]
22:06:11.313 [FXGL Background Thread 3 ] DEBUG Engine               - devShowPositionProperty: BooleanProperty [value: false]
22:06:11.313 [FXGL Background Thread 3 ] DEBUG Engine               - enabledMenuItems: []
22:06:11.313 [FXGL Background Thread 3 ] DEBUG Engine               - engineServices: [class com.almasb.fxgl.app.services.FXGLAssetLoaderService, class com.almasb.fxgl.app.FXGLApplication$GameApplicationService, class com.almasb.fxgl.app.services.FXGLDialogService, class com.almasb.fxgl.app.services.IOTaskExecutorService, class com.almasb.fxgl.io.FileSystemService, class com.almasb.fxgl.localization.LocalizationService, class com.almasb.fxgl.app.services.SystemBundleService, class com.almasb.fxgl.profile.SaveLoadService, class com.almasb.fxgl.ui.FXGLUIFactoryServiceProvider, class com.almasb.fxgl.ui.FXGLDialogFactoryServiceProvider, class com.almasb.fxgl.audio.AudioPlayer, class com.almasb.fxgl.notification.impl.NotificationServiceProvider, class com.almasb.fxgl.achievement.AchievementService, class com.almasb.fxgl.cutscene.CutsceneService, class com.almasb.fxgl.minigames.MiniGameService, class com.almasb.fxgl.net.NetService, class com.almasb.fxgl.app.services.UpdaterService, class com.almasb.fxgl.dev.DevService]
22:06:11.313 [FXGL Background Thread 3 ] DEBUG Engine               - fontGame: Abel-Regular.ttf
22:06:11.313 [FXGL Background Thread 3 ] DEBUG Engine               - fontMono: TerminalLandMono-Regular.otf
22:06:11.313 [FXGL Background Thread 3 ] DEBUG Engine               - fontText: Courier-Prime.ttf
22:06:11.313 [FXGL Background Thread 3 ] DEBUG Engine               - fontUI: VarelaRound-Regular.ttf
22:06:11.313 [FXGL Background Thread 3 ] DEBUG Engine               - fullScreen: BooleanProperty [value: false]
22:06:11.313 [FXGL Background Thread 3 ] DEBUG Engine               - gameDifficulty: MEDIUM
22:06:11.313 [FXGL Background Thread 3 ] DEBUG Engine               - gameDifficultyProperty: ObjectProperty [value: MEDIUM]
22:06:11.313 [FXGL Background Thread 3 ] DEBUG Engine               - globalMusicVolume: 0.5
22:06:11.314 [FXGL Background Thread 3 ] DEBUG Engine               - globalMusicVolumeProperty: DoubleProperty [value: 0.5]
22:06:11.314 [FXGL Background Thread 3 ] DEBUG Engine               - globalSoundVolume: 0.5
22:06:11.314 [FXGL Background Thread 3 ] DEBUG Engine               - globalSoundVolumeProperty: DoubleProperty [value: 0.5]
22:06:11.314 [FXGL Background Thread 3 ] DEBUG Engine               - height: 360
22:06:11.314 [FXGL Background Thread 3 ] DEBUG Engine               - is3D: false
22:06:11.314 [FXGL Background Thread 3 ] DEBUG Engine               - isAndroid: false
22:06:11.314 [FXGL Background Thread 3 ] DEBUG Engine               - isBrowser: false
22:06:11.314 [FXGL Background Thread 3 ] DEBUG Engine               - isClickFeedbackEnabled: false
22:06:11.314 [FXGL Background Thread 3 ] DEBUG Engine               - isCloseConfirmation: false
22:06:11.314 [FXGL Background Thread 3 ] DEBUG Engine               - isDesktop: true
22:06:11.314 [FXGL Background Thread 3 ] DEBUG Engine               - isDeveloperMenuEnabled: false
22:06:11.314 [FXGL Background Thread 3 ] DEBUG Engine               - isEmbedded: false
22:06:11.315 [FXGL Background Thread 3 ] DEBUG Engine               - isEntityPreloadEnabled: true
22:06:11.315 [FXGL Background Thread 3 ] DEBUG Engine               - isExperimentalTiledLargeMap: false
22:06:11.315 [FXGL Background Thread 3 ] DEBUG Engine               - isFileSystemWriteAllowed: true
22:06:11.315 [FXGL Background Thread 3 ] DEBUG Engine               - isFullScreenAllowed: false
22:06:11.315 [FXGL Background Thread 3 ] DEBUG Engine               - isFullScreenFromStart: false
22:06:11.315 [FXGL Background Thread 3 ] DEBUG Engine               - isGameMenuEnabled: true
22:06:11.315 [FXGL Background Thread 3 ] DEBUG Engine               - isIOS: false
22:06:11.315 [FXGL Background Thread 3 ] DEBUG Engine               - isIntroEnabled: false
22:06:11.315 [FXGL Background Thread 3 ] DEBUG Engine               - isLinux: false
22:06:11.315 [FXGL Background Thread 3 ] DEBUG Engine               - isMac: true
22:06:11.315 [FXGL Background Thread 3 ] DEBUG Engine               - isMainMenuEnabled: false
22:06:11.315 [FXGL Background Thread 3 ] DEBUG Engine               - isManualResizeEnabled: false
22:06:11.315 [FXGL Background Thread 3 ] DEBUG Engine               - isMobile: false
22:06:11.315 [FXGL Background Thread 3 ] DEBUG Engine               - isNative: false
22:06:11.316 [FXGL Background Thread 3 ] DEBUG Engine               - isPauseMusicWhenMinimized: true
22:06:11.316 [FXGL Background Thread 3 ] DEBUG Engine               - isPreserveResizeRatio: false
22:06:11.316 [FXGL Background Thread 3 ] DEBUG Engine               - isProfilingEnabled: false
22:06:11.316 [FXGL Background Thread 3 ] DEBUG Engine               - isScaleAffectedOnResize: true
22:06:11.316 [FXGL Background Thread 3 ] DEBUG Engine               - isSingleStep: false
22:06:11.316 [FXGL Background Thread 3 ] DEBUG Engine               - isUserProfileEnabled: false
22:06:11.316 [FXGL Background Thread 3 ] DEBUG Engine               - isWindows: false
22:06:11.316 [FXGL Background Thread 3 ] DEBUG Engine               - language: ObjectProperty [value: ENGLISH]
22:06:11.316 [FXGL Background Thread 3 ] DEBUG Engine               - menuKey: ESCAPE
22:06:11.316 [FXGL Background Thread 3 ] DEBUG Engine               - mouseSensitivity: 0.2
22:06:11.316 [FXGL Background Thread 3 ] DEBUG Engine               - notificationViewClass: class com.almasb.fxgl.notification.view.XboxNotificationView
22:06:11.316 [FXGL Background Thread 3 ] DEBUG Engine               - pixelsPerMeter: 50.0
22:06:11.316 [FXGL Background Thread 3 ] DEBUG Engine               - platform: MAC
22:06:11.317 [FXGL Background Thread 3 ] DEBUG Engine               - prefHeightProperty: ReadOnlyDoubleProperty [value: 360.0]
22:06:11.317 [FXGL Background Thread 3 ] DEBUG Engine               - prefWidthProperty: ReadOnlyDoubleProperty [value: 700.0]
22:06:11.317 [FXGL Background Thread 3 ] DEBUG Engine               - profileDir: profiles/
22:06:11.317 [FXGL Background Thread 3 ] DEBUG Engine               - profileName: StringProperty [value: DEFAULT]
22:06:11.317 [FXGL Background Thread 3 ] DEBUG Engine               - randomSeed: -1
22:06:11.317 [FXGL Background Thread 3 ] DEBUG Engine               - runtimeInfo: RuntimeInfo(platform=MAC, version=17.2, build=20.08.2022 16.50)
22:06:11.317 [FXGL Background Thread 3 ] DEBUG Engine               - saveFileExt: sav
22:06:11.318 [FXGL Background Thread 3 ] DEBUG Engine               - scaledHeightProp$fxgl: DoubleProperty [bound, value: 360.0]
22:06:11.318 [FXGL Background Thread 3 ] DEBUG Engine               - scaledWidthProp$fxgl: DoubleProperty [bound, value: 700.0]
22:06:11.318 [FXGL Background Thread 3 ] DEBUG Engine               - sceneFactory: com.almasb.fxgl.app.scene.SceneFactory@3258c525
22:06:11.318 [FXGL Background Thread 3 ] DEBUG Engine               - secondsIn24h: 60
22:06:11.318 [FXGL Background Thread 3 ] DEBUG Engine               - soundMenuBack: menu/back.wav
22:06:11.318 [FXGL Background Thread 3 ] DEBUG Engine               - soundMenuPress: menu/press.wav
22:06:11.318 [FXGL Background Thread 3 ] DEBUG Engine               - soundMenuSelect: menu/select.wav
22:06:11.318 [FXGL Background Thread 3 ] DEBUG Engine               - soundNotification: core/notification.wav
22:06:11.318 [FXGL Background Thread 3 ] DEBUG Engine               - stageStyle: DECORATED
22:06:11.318 [FXGL Background Thread 3 ] DEBUG Engine               - supportedLanguages: [ENGLISH, FRENCH, GERMAN, HUNGARIAN, RUSSIAN]
22:06:11.318 [FXGL Background Thread 3 ] DEBUG Engine               - ticksPerSecond: -1
22:06:11.318 [FXGL Background Thread 3 ] DEBUG Engine               - title: Soot(sin)
22:06:11.318 [FXGL Background Thread 3 ] DEBUG Engine               - urlGithub: https://github.com/AlmasB/FXGL
22:06:11.318 [FXGL Background Thread 3 ] DEBUG Engine               - urlLeaderboard: http://fxgl-top.herokuapp.com/
22:06:11.318 [FXGL Background Thread 3 ] DEBUG Engine               - urlPOM: https://raw.githubusercontent.com/AlmasB/FXGL/release/README.md
22:06:11.318 [FXGL Background Thread 3 ] DEBUG Engine               - userAppClass: class com.example.proj.SootApp
22:06:11.319 [FXGL Background Thread 3 ] DEBUG Engine               - version: 0.0
22:06:11.319 [FXGL Background Thread 3 ] DEBUG Engine               - versionCheckDays: 7
22:06:11.319 [FXGL Background Thread 3 ] DEBUG Engine               - width: 700
22:06:11.319 [FXGL Background Thread 3 ] DEBUG Engine               - Logging services
22:06:11.319 [FXGL Background Thread 3 ] DEBUG Engine               - class com.almasb.fxgl.app.services.FXGLAssetLoaderService
22:06:11.319 [FXGL Background Thread 3 ] DEBUG Engine               - class com.almasb.fxgl.app.FXGLApplication$GameApplicationService
22:06:11.319 [FXGL Background Thread 3 ] DEBUG Engine               - class com.almasb.fxgl.app.services.FXGLDialogService
22:06:11.319 [FXGL Background Thread 3 ] DEBUG Engine               - class com.almasb.fxgl.app.services.IOTaskExecutorService
22:06:11.319 [FXGL Background Thread 3 ] DEBUG Engine               - class com.almasb.fxgl.io.FileSystemService
22:06:11.319 [FXGL Background Thread 3 ] DEBUG Engine               - class com.almasb.fxgl.localization.LocalizationService
22:06:11.319 [FXGL Background Thread 3 ] DEBUG Engine               - class com.almasb.fxgl.app.services.SystemBundleService
22:06:11.319 [FXGL Background Thread 3 ] DEBUG Engine               - class com.almasb.fxgl.profile.SaveLoadService
22:06:11.319 [FXGL Background Thread 3 ] DEBUG Engine               - class com.almasb.fxgl.ui.FXGLUIFactoryServiceProvider
22:06:11.319 [FXGL Background Thread 3 ] DEBUG Engine               - class com.almasb.fxgl.ui.FXGLDialogFactoryServiceProvider
22:06:11.319 [FXGL Background Thread 3 ] DEBUG Engine               - class com.almasb.fxgl.audio.AudioPlayer
22:06:11.319 [FXGL Background Thread 3 ] DEBUG Engine               - class com.almasb.fxgl.notification.impl.NotificationServiceProvider
22:06:11.320 [FXGL Background Thread 3 ] DEBUG Engine               - class com.almasb.fxgl.achievement.AchievementService
22:06:11.320 [FXGL Background Thread 3 ] DEBUG Engine               - class com.almasb.fxgl.cutscene.CutsceneService
22:06:11.320 [FXGL Background Thread 3 ] DEBUG Engine               - class com.almasb.fxgl.minigames.MiniGameService
22:06:11.320 [FXGL Background Thread 3 ] DEBUG Engine               - class com.almasb.fxgl.net.NetService
22:06:11.320 [FXGL Background Thread 3 ] DEBUG Engine               - class com.almasb.fxgl.app.services.UpdaterService
22:06:11.320 [FXGL Background Thread 3 ] DEBUG Engine               - class com.almasb.fxgl.dev.DevService
22:06:14.043 [JavaFX Application Thread] DEBUG LoopRunner           - Stopping loop
22:06:14.046 [JavaFX Application Thread] FATAL FXGLApplication      - Uncaught Exception:
java.lang.IllegalStateException: Physics world is locked during time step
	at com.almasb.fxgl.entity@17.2/com.almasb.fxgl.physics.box2d.dynamics.World.assertNotLocked(World.java:1321)
	at com.almasb.fxgl.entity@17.2/com.almasb.fxgl.physics.box2d.dynamics.Body.setTransform(Body.java:282)
	at com.almasb.fxgl.entity@17.2/com.almasb.fxgl.physics.PhysicsComponent.overwritePosition(PhysicsComponent.java:380)
	at com.example.proj.main/com.example.proj.component.PlayerControl.die(PlayerControl.java:74)
	at com.example.proj.main/com.example.proj.SootApp$5.onCollisionBegin(SootApp.java:193)
	at com.almasb.fxgl.entity@17.2/com.almasb.fxgl.physics.CollisionPair.collisionBegin(CollisionPair.java:37)
	at com.almasb.fxgl.entity@17.2/com.almasb.fxgl.physics.PhysicsWorld.collisionBeginFor(PhysicsWorld.java:453)
	at com.almasb.fxgl.entity@17.2/com.almasb.fxgl.physics.PhysicsWorld.beginContact(PhysicsWorld.java:235)
	at com.almasb.fxgl.entity@17.2/com.almasb.fxgl.physics.box2d.dynamics.contacts.Contact.update(Contact.java:269)
	at com.almasb.fxgl.entity@17.2/com.almasb.fxgl.physics.box2d.dynamics.ContactManager.collide(ContactManager.java:303)
	at com.almasb.fxgl.entity@17.2/com.almasb.fxgl.physics.box2d.dynamics.World.step(World.java:272)
	at com.almasb.fxgl.entity@17.2/com.almasb.fxgl.physics.PhysicsWorld.onUpdate(PhysicsWorld.java:176)
	at com.almasb.fxgl.all@17.2/com.almasb.fxgl.app.scene.GameScene.step(GameScene.kt:229)
	at com.almasb.fxgl.all@17.2/com.almasb.fxgl.app.scene.GameScene.onUpdate(GameScene.kt:224)
	at com.almasb.fxgl.scene@17.2/com.almasb.fxgl.scene.Scene.update(Scene.kt:105)
	at com.almasb.fxgl.all@17.2/com.almasb.fxgl.app.MainWindow$update$1.invoke(MainWindow.kt:115)
	at com.almasb.fxgl.all@17.2/com.almasb.fxgl.app.MainWindow$update$1.invoke(MainWindow.kt:115)
	at com.almasb.fxgl.core@17.2/com.almasb.fxgl.core.fsm.StateMachine.runOnActiveStates(StateMachine.kt:69)
	at com.almasb.fxgl.all@17.2/com.almasb.fxgl.app.MainWindow.update(MainWindow.kt:115)
	at com.almasb.fxgl.all@17.2/com.almasb.fxgl.app.FXGLApplication$GameApplicationService.onUpdate(FXGLApplication.kt:426)
	at com.almasb.fxgl.all@17.2/com.almasb.fxgl.app.Engine.loop(Engine.kt:134)
	at com.almasb.fxgl.all@17.2/com.almasb.fxgl.app.Engine.access$loop(Engine.kt:24)
	at com.almasb.fxgl.all@17.2/com.almasb.fxgl.app.Engine$loop$1.invoke(Engine.kt:28)
	at com.almasb.fxgl.all@17.2/com.almasb.fxgl.app.Engine$loop$1.invoke(Engine.kt:28)
	at com.almasb.fxgl.all@17.2/com.almasb.fxgl.app.LoopRunner.frame(LoopRunner.kt:103)
	at com.almasb.fxgl.all@17.2/com.almasb.fxgl.app.LoopRunner.access$frame(LoopRunner.kt:23)
	at com.almasb.fxgl.all@17.2/com.almasb.fxgl.app.LoopRunner$impl$2$1.onTick(LoopRunner.kt:57)
	at com.almasb.fxgl.all@17.2/com.almasb.fxgl.app.AnimationTimerLoop$timer$1.handle(LoopRunner.kt:137)
	at javafx.graphics@18.0.2/javafx.animation.AnimationTimer$AnimationTimerReceiver.lambda$handle$0(AnimationTimer.java:58)
	at java.base/java.security.AccessController.doPrivileged(AccessController.java:399)
	at javafx.graphics@18.0.2/javafx.animation.AnimationTimer$AnimationTimerReceiver.handle(AnimationTimer.java:57)
	at javafx.graphics@18.0.2/com.sun.scenario.animation.AbstractPrimaryTimer.timePulseImpl(AbstractPrimaryTimer.java:356)
	at javafx.graphics@18.0.2/com.sun.scenario.animation.AbstractPrimaryTimer$MainLoop.run(AbstractPrimaryTimer.java:266)
	at javafx.graphics@18.0.2/com.sun.javafx.tk.quantum.QuantumToolkit.pulse(QuantumToolkit.java:571)
	at javafx.graphics@18.0.2/com.sun.javafx.tk.quantum.QuantumToolkit.pulse(QuantumToolkit.java:555)
	at javafx.graphics@18.0.2/com.sun.javafx.tk.quantum.QuantumToolkit.pulseFromQueue(QuantumToolkit.java:548)
	at javafx.graphics@18.0.2/com.sun.javafx.tk.quantum.QuantumToolkit.lambda$runToolkit$11(QuantumToolkit.java:352)
	at javafx.graphics@18.0.2/com.sun.glass.ui.InvokeLaterDispatcher$Future.run(InvokeLaterDispatcher.java:96)

22:06:14.047 [JavaFX Application Thread] FATAL FXGLApplication      - Application will now exit
22:06:14.065 [JavaFX Application Thread] DEBUG PrimaryStageWindow   - Push state: ErrorSubScene
22:06:14.065 [JavaFX Application Thread] DEBUG Input                - Clearing active input actions
22:06:14.067 [JavaFX Application Thread] DEBUG GameApplicationServi - Removing overlay from GameScene and adding to ErrorSubScene
22:06:14.067 [JavaFX Application Thread] DEBUG PrimaryStageWindow   - GameScene -> ErrorSubScene
22:06:16.299 [JavaFX Application Thread] DEBUG FXGLApplication      - Exiting FXGL
22:06:16.299 [JavaFX Application Thread] DEBUG Async                - Shutting down background threads
22:06:16.299 [JavaFX Application Thread] DEBUG PrimaryStageWindow   - Closing main window
22:06:16.312 [JavaFX Application Thread] DEBUG Logger               - Closing Logger
