09:50:20.385 [main                     ] DEBUG Logger               - Configured Logger
09:50:20.412 [main                     ] DEBUG GameApplication      - Logging settings
Title: Soot(sin)
Version: 0.0
Width: 800
Height: 360
Fullscreen: false
Intro: false
Profiling: false
Single step:false
App Mode: DEVELOPER
Menu Key: ESCAPE
Stage Style: DECORATED
Scene Factory: class com.almasb.fxgl.app.scene.SceneFactory

09:50:20.992 [JavaFX Application Thread] DEBUG FXGLApplication      - Initializing FXGL
09:50:20.998 [JavaFX Application Thread] INFO  Engine               - FXGL-17.2 (20.08.2022 16.50) on MAC (J:18.0.2.1 FX:18.0.2)
09:50:20.998 [JavaFX Application Thread] DEBUG Engine               - JRE Vendor Name: Oracle Corporation
09:50:20.998 [JavaFX Application Thread] DEBUG Engine               - Running on OS: Mac OS X version 13.4.1
09:50:20.998 [JavaFX Application Thread] DEBUG Engine               - Architecture: aarch64
09:50:20.999 [JavaFX Application Thread] INFO  Engine               - Source code and latest versions at: https://github.com/AlmasB/FXGL
09:50:20.999 [JavaFX Application Thread] INFO  Engine               -       Ask questions and discuss at: https://github.com/AlmasB/FXGL/discussions
09:50:20.999 [JavaFX Application Thread] INFO  Engine               -              Join the FXGL chat at: https://gitter.im/AlmasB/FXGL
09:50:21.084 [JavaFX Application Thread] DEBUG PrimaryStageWindow   - Creating a JavaFX scene
09:50:21.119 [JavaFX Application Thread] DEBUG PrimaryStageWindow   - Target settings size: 800.0 x 360.0
09:50:21.120 [JavaFX Application Thread] DEBUG PrimaryStageWindow   - Scaled scene size:    800.0 x 360.0
09:50:21.120 [JavaFX Application Thread] DEBUG PrimaryStageWindow   - Scaled ratio: (1.0, 1.0)
09:50:21.121 [JavaFX Application Thread] DEBUG PrimaryStageWindow   - Set initial scene to FXGLStartupScene
09:50:21.125 [JavaFX Application Thread] DEBUG PrimaryStageWindow   - Opening main window
09:50:21.202 [JavaFX Application Thread] DEBUG PrimaryStageWindow   - Window border size: (0.0, 28.0)
09:50:21.202 [JavaFX Application Thread] DEBUG PrimaryStageWindow   - Scaled size: 800.0 x 360.0
09:50:21.202 [JavaFX Application Thread] DEBUG PrimaryStageWindow   - Scaled ratio: (1.0, 1.0)
09:50:21.202 [JavaFX Application Thread] DEBUG PrimaryStageWindow   - Scene size: 800.0 x 360.0
09:50:21.203 [JavaFX Application Thread] DEBUG PrimaryStageWindow   - Stage size: 800.0 x 388.0
09:50:21.207 [FXGL Background Thread 1 ] DEBUG Engine               - Initializing environment variables
09:50:21.244 [FXGL Background Thread 1 ] DEBUG FXGLAssetLoaderServi - User app class for loading assets: class com.example.proj.SootApp
09:50:21.244 [FXGL Background Thread 1 ] DEBUG GameApplicationServi - Applying CSS: fxgl_dark.css
09:50:21.245 [FXGL Background Thread 1 ] DEBUG FXGLAssetLoaderServi - Loading from file system: jar:file:///Users/olive/.m2/repository/com/github/almasb/fxgl/17.2/fxgl-17.2.jar!/fxglassets/ui/css/fxgl_dark.css
09:50:21.286 [FXGL Background Thread 1 ] DEBUG GameApplicationServi - Initializing application scenes
09:50:21.569 [FXGL Background Thread 1 ] DEBUG GameWorld            - Game world initialized
09:50:21.612 [FXGL Background Thread 1 ] DEBUG PhysicsWorld         - Physics world initialized: appHeight=360, physics.ppm=50.0
09:50:21.612 [FXGL Background Thread 1 ] DEBUG PhysicsWorld         - Using strategy: BRUTE_FORCE
09:50:21.615 [FXGL Background Thread 1 ] DEBUG GameScene            - Game scene initialized: 800x360
09:50:21.624 [FXGL Background Thread 1 ] WARN  FXGL.DefaultMenu     - FXGLDefaultMenu is not designed for resolutions < 800x600
09:50:21.624 [FXGL Background Thread 1 ] DEBUG FXGL.DefaultMenu     - createMenuBodyGameMenu()
09:50:21.634 [FXGL Background Thread 1 ] DEBUG FXGL.DefaultMenu     - createOptionsMenu()
09:50:21.639 [FXGL Background Thread 1 ] DEBUG FXGLAssetLoaderServi - Loading from file system: jar:file:///Users/olive/.m2/repository/com/github/almasb/fxgl/17.2/fxgl-17.2.jar!/fxglassets/textures/particles/smoke.png
09:50:21.717 [FXGL Background Thread 1 ] DEBUG FXGLAssetLoaderServi - Loading from file system: jar:file:///Users/olive/.m2/repository/com/github/almasb/fxgl/17.2/fxgl-17.2.jar!/fxglassets/textures/particles/trace_horizontal.png
09:50:21.736 [FXGL Background Thread 1 ] DEBUG GameApplicationServi - Application scenes initialized
09:50:21.742 [FXGL Background Thread 1 ] DEBUG SystemBundleService  - Loading FXGL system data
09:50:21.744 [FXGL Background Thread 1 ] DEBUG FileSystemAccess     - Reading from: /Users/olive/Documents/GitHub/Project-Winter/system/fxgl.bundle
09:50:21.749 [FXGL Background Thread 1 ] DEBUG SystemBundleService  - Bundle FXGL: {}
09:50:21.749 [FXGL Background Thread 1 ] DEBUG UpdaterService       - Checking for updates
09:50:21.751 [FXGL Background Thread 4 ] DEBUG FXGLApplication      - Loading fonts
09:50:21.751 [FXGL Background Thread 4 ] DEBUG FXGLAssetLoaderServi - Loading from file system: jar:file:///Users/olive/.m2/repository/com/github/almasb/fxgl/17.2/fxgl-17.2.jar!/fxglassets/ui/fonts/VarelaRound-Regular.ttf
09:50:21.752 [FXGL Background Thread 1 ] DEBUG FXGLApplication      - Loading default localization
09:50:21.752 [FXGL Background Thread 1 ] DEBUG FXGLAssetLoaderServi - Loading from file system: jar:file:///Users/olive/.m2/repository/com/github/almasb/fxgl/17.2/fxgl-17.2.jar!/fxglassets/languages/english.lang
09:50:21.759 [FXGL Background Thread 4 ] DEBUG FXGLAssetLoaderServi - Loading from file system: jar:file:///Users/olive/.m2/repository/com/github/almasb/fxgl/17.2/fxgl-17.2.jar!/fxglassets/ui/fonts/Abel-Regular.ttf
09:50:21.761 [FXGL Background Thread 4 ] DEBUG FXGLAssetLoaderServi - Loading from file system: jar:file:///Users/olive/.m2/repository/com/github/almasb/fxgl/17.2/fxgl-17.2.jar!/fxglassets/ui/fonts/TerminalLandMono-Regular.otf
09:50:21.761 [FXGL Background Thread 1 ] INFO  FXGLApplication      - FXGL initialization took: 0.554 sec
09:50:21.763 [FXGL Background Thread 4 ] DEBUG FXGLAssetLoaderServi - Loading from file system: jar:file:///Users/olive/.m2/repository/com/github/almasb/fxgl/17.2/fxgl-17.2.jar!/fxglassets/ui/fonts/Courier-Prime.ttf
09:50:21.767 [JavaFX Application Thread] DEBUG Input                - Registered new binding: left - Left
09:50:21.767 [JavaFX Application Thread] DEBUG Input                - Registered new binding: right - Right
09:50:21.767 [JavaFX Application Thread] DEBUG Input                - Registered new binding: jump - Up
09:50:21.767 [JavaFX Application Thread] DEBUG FXGLAssetLoaderServi - Loading from file system: jar:file:///Users/olive/.m2/repository/com/github/almasb/fxgl/17.2/fxgl-17.2.jar!/fxglassets/textures/fxgl_icon.png
09:50:21.786 [JavaFX Application Thread] DEBUG FXGLAssetLoaderServi - Loading from file system: jar:file:///Users/olive/.m2/repository/com/github/almasb/fxgl/17.2/fxgl-17.2.jar!/fxglassets/textures/fxgl_default_cursor.png
09:50:21.788 [JavaFX Application Thread] DEBUG Input                - Registered new binding: Screenshot - CTRL+8
09:50:21.788 [JavaFX Application Thread] DEBUG Input                - Registered new binding: System info dump - CTRL+9
09:50:21.788 [JavaFX Application Thread] DEBUG Input                - Registered new binding: Restart - CTRL+R
09:50:21.788 [JavaFX Application Thread] DEBUG Input                - Registered new binding: Toggle Debug Camera - CTRL+7
09:50:21.789 [JavaFX Application Thread] DEBUG LoopRunner           - Starting loop
09:50:21.789 [JavaFX Application Thread] DEBUG LoopRunner           - Initializing JavaFX AnimationTimerLoop
09:50:21.790 [JavaFX Application Thread] DEBUG GameApplicationServi - Starting new game
09:50:21.790 [JavaFX Application Thread] DEBUG Input                - Clearing active input actions
09:50:21.795 [JavaFX Application Thread] DEBUG GameApplicationServi - Removing overlay from FXGLStartupScene and adding to FXGLLoadingScene
09:50:21.796 [JavaFX Application Thread] DEBUG PrimaryStageWindow   - FXGLStartupScene -> FXGLLoadingScene
09:50:21.796 [JavaFX Application Thread] DEBUG GameApplicationServi - Clearing previous game
09:50:21.796 [JavaFX Application Thread] DEBUG GameScene            - Clearing game scene
09:50:21.796 [JavaFX Application Thread] DEBUG GameWorld            - Clearing game world
09:50:21.796 [JavaFX Application Thread] DEBUG PhysicsWorld         - Clearing physics world
09:50:21.797 [FXGL Background Thread 4 ] DEBUG FXGLApplication      - Initializing game
09:50:21.830 [FXGL Background Thread 4 ] DEBUG TMXLevelLoader       - Parsed TiledMap: file:/Users/olive/Documents/GitHub/Project-Winter/proj/target/classes/assets/levels/tmx/Plat1.9.0.tmx
09:50:21.831 [FXGL Background Thread 4 ] DEBUG TMXLevelLoader       - Creating tile layer entities
09:50:21.832 [FXGL Background Thread 4 ] DEBUG TilesetLoader        - Loading view for layer Tile Layer 1
09:50:21.833 [FXGL Background Thread 4 ] DEBUG TilesetLoader        - Created buffer with size 810.0x360.0
09:50:21.833 [JavaFX Application Thread] DEBUG FXGLApplication      - Registering font factories with UI factory
09:50:21.843 [FXGL Background Thread 4 ] DEBUG TMXLevelLoader       - Creating object layer entities
09:50:21.863 [FXGL Background Thread 4 ] DEBUG GameWorld            - Clearing removable entities
09:50:21.863 [FXGL Background Thread 4 ] DEBUG GameWorld            - Setting level: com.almasb.fxgl.entity.level.Level@7e3cf85b
09:50:21.869 [FXGL Background Thread 4 ] DEBUG FXGLAssetLoaderServi - Loading from file system: file:/Users/olive/Documents/GitHub/Project-Winter/proj/target/classes/assets/textures/finalSOOT.gif
09:50:21.878 [FXGL Background Thread 4 ] WARN  Entity               - Entity already has component: com.example.proj.component.PlayerControl
09:50:21.880 [FXGL Background Thread 4 ] DEBUG FXGLAssetLoaderServi - Loading from file system: file:/Users/olive/Documents/GitHub/Project-Winter/proj/target/classes/assets/textures/heart.png
09:50:21.884 [FXGL Background Thread 4 ] INFO  FXGLApplication      - Game initialization took: 0.087 sec
09:50:21.971 [JavaFX Application Thread] DEBUG Input                - Clearing active input actions
09:50:21.981 [JavaFX Application Thread] DEBUG GameApplicationServi - Removing overlay from FXGLLoadingScene and adding to GameScene
09:50:21.982 [JavaFX Application Thread] DEBUG PrimaryStageWindow   - FXGLLoadingScene -> GameScene
09:50:22.212 [FXGL Background Thread 2 ] INFO  UpdaterService       - Your current version:  17.2
09:50:22.212 [FXGL Background Thread 2 ] INFO  UpdaterService       - Latest stable version: 21
09:50:24.756 [FXGL Background Thread 3 ] DEBUG Engine               - Logging environment variables
09:50:24.757 [FXGL Background Thread 3 ] DEBUG Engine               - achievements: []
09:50:24.757 [FXGL Background Thread 3 ] DEBUG Engine               - actualHeight: 360.0
09:50:24.757 [FXGL Background Thread 3 ] DEBUG Engine               - actualHeightProperty: ReadOnlyDoubleProperty [value: 360.0]
09:50:24.757 [FXGL Background Thread 3 ] DEBUG Engine               - actualWidth: 800.0
09:50:24.757 [FXGL Background Thread 3 ] DEBUG Engine               - actualWidthProperty: ReadOnlyDoubleProperty [value: 800.0]
09:50:24.757 [FXGL Background Thread 3 ] DEBUG Engine               - appIcon: fxgl_icon.png
09:50:24.757 [FXGL Background Thread 3 ] DEBUG Engine               - applicationMode: DEVELOPER
09:50:24.757 [FXGL Background Thread 3 ] DEBUG Engine               - cSSList: [fxgl_dark.css]
09:50:24.757 [FXGL Background Thread 3 ] DEBUG Engine               - collisionDetectionStrategy: BRUTE_FORCE
09:50:24.757 [FXGL Background Thread 3 ] DEBUG Engine               - configClass: Optional.empty
09:50:24.758 [FXGL Background Thread 3 ] DEBUG Engine               - credits: []
09:50:24.758 [FXGL Background Thread 3 ] DEBUG Engine               - defaultCursor: CursorInfo(imageName=fxgl_default_cursor.png, hotspotX=7.0, hotspotY=6.0)
09:50:24.758 [FXGL Background Thread 3 ] DEBUG Engine               - devBBoxColorProperty: ObjectProperty [value: 0xff0000ff]
09:50:24.758 [FXGL Background Thread 3 ] DEBUG Engine               - devEnableDebugCameraProperty: BooleanProperty [value: false]
09:50:24.758 [FXGL Background Thread 3 ] DEBUG Engine               - devSensorColorProperty: ObjectProperty [value: 0xffff00ff]
09:50:24.758 [FXGL Background Thread 3 ] DEBUG Engine               - devShowBBoxProperty: BooleanProperty [value: false]
09:50:24.758 [FXGL Background Thread 3 ] DEBUG Engine               - devShowPositionProperty: BooleanProperty [value: false]
09:50:24.759 [FXGL Background Thread 3 ] DEBUG Engine               - enabledMenuItems: []
09:50:24.759 [FXGL Background Thread 3 ] DEBUG Engine               - engineServices: [class com.almasb.fxgl.app.services.FXGLAssetLoaderService, class com.almasb.fxgl.app.FXGLApplication$GameApplicationService, class com.almasb.fxgl.app.services.FXGLDialogService, class com.almasb.fxgl.app.services.IOTaskExecutorService, class com.almasb.fxgl.io.FileSystemService, class com.almasb.fxgl.localization.LocalizationService, class com.almasb.fxgl.app.services.SystemBundleService, class com.almasb.fxgl.profile.SaveLoadService, class com.almasb.fxgl.ui.FXGLUIFactoryServiceProvider, class com.almasb.fxgl.ui.FXGLDialogFactoryServiceProvider, class com.almasb.fxgl.audio.AudioPlayer, class com.almasb.fxgl.notification.impl.NotificationServiceProvider, class com.almasb.fxgl.achievement.AchievementService, class com.almasb.fxgl.cutscene.CutsceneService, class com.almasb.fxgl.minigames.MiniGameService, class com.almasb.fxgl.net.NetService, class com.almasb.fxgl.app.services.UpdaterService, class com.almasb.fxgl.dev.DevService]
09:50:24.759 [FXGL Background Thread 3 ] DEBUG Engine               - fontGame: Abel-Regular.ttf
09:50:24.759 [FXGL Background Thread 3 ] DEBUG Engine               - fontMono: TerminalLandMono-Regular.otf
09:50:24.759 [FXGL Background Thread 3 ] DEBUG Engine               - fontText: Courier-Prime.ttf
09:50:24.759 [FXGL Background Thread 3 ] DEBUG Engine               - fontUI: VarelaRound-Regular.ttf
09:50:24.759 [FXGL Background Thread 3 ] DEBUG Engine               - fullScreen: BooleanProperty [value: false]
09:50:24.759 [FXGL Background Thread 3 ] DEBUG Engine               - gameDifficulty: MEDIUM
09:50:24.759 [FXGL Background Thread 3 ] DEBUG Engine               - gameDifficultyProperty: ObjectProperty [value: MEDIUM]
09:50:24.759 [FXGL Background Thread 3 ] DEBUG Engine               - globalMusicVolume: 0.5
09:50:24.759 [FXGL Background Thread 3 ] DEBUG Engine               - globalMusicVolumeProperty: DoubleProperty [value: 0.5]
09:50:24.759 [FXGL Background Thread 3 ] DEBUG Engine               - globalSoundVolume: 0.5
09:50:24.759 [FXGL Background Thread 3 ] DEBUG Engine               - globalSoundVolumeProperty: DoubleProperty [value: 0.5]
09:50:24.759 [FXGL Background Thread 3 ] DEBUG Engine               - height: 360
09:50:24.759 [FXGL Background Thread 3 ] DEBUG Engine               - is3D: false
09:50:24.759 [FXGL Background Thread 3 ] DEBUG Engine               - isAndroid: false
09:50:24.759 [FXGL Background Thread 3 ] DEBUG Engine               - isBrowser: false
09:50:24.759 [FXGL Background Thread 3 ] DEBUG Engine               - isClickFeedbackEnabled: false
09:50:24.759 [FXGL Background Thread 3 ] DEBUG Engine               - isCloseConfirmation: false
09:50:24.759 [FXGL Background Thread 3 ] DEBUG Engine               - isDesktop: true
09:50:24.759 [FXGL Background Thread 3 ] DEBUG Engine               - isDeveloperMenuEnabled: false
09:50:24.759 [FXGL Background Thread 3 ] DEBUG Engine               - isEmbedded: false
09:50:24.759 [FXGL Background Thread 3 ] DEBUG Engine               - isEntityPreloadEnabled: true
09:50:24.760 [FXGL Background Thread 3 ] DEBUG Engine               - isExperimentalTiledLargeMap: false
09:50:24.760 [FXGL Background Thread 3 ] DEBUG Engine               - isFileSystemWriteAllowed: true
09:50:24.760 [FXGL Background Thread 3 ] DEBUG Engine               - isFullScreenAllowed: false
09:50:24.760 [FXGL Background Thread 3 ] DEBUG Engine               - isFullScreenFromStart: false
09:50:24.760 [FXGL Background Thread 3 ] DEBUG Engine               - isGameMenuEnabled: true
09:50:24.760 [FXGL Background Thread 3 ] DEBUG Engine               - isIOS: false
09:50:24.760 [FXGL Background Thread 3 ] DEBUG Engine               - isIntroEnabled: false
09:50:24.760 [FXGL Background Thread 3 ] DEBUG Engine               - isLinux: false
09:50:24.760 [FXGL Background Thread 3 ] DEBUG Engine               - isMac: true
09:50:24.760 [FXGL Background Thread 3 ] DEBUG Engine               - isMainMenuEnabled: false
09:50:24.760 [FXGL Background Thread 3 ] DEBUG Engine               - isManualResizeEnabled: false
09:50:24.760 [FXGL Background Thread 3 ] DEBUG Engine               - isMobile: false
09:50:24.760 [FXGL Background Thread 3 ] DEBUG Engine               - isNative: false
09:50:24.760 [FXGL Background Thread 3 ] DEBUG Engine               - isPauseMusicWhenMinimized: true
09:50:24.760 [FXGL Background Thread 3 ] DEBUG Engine               - isPreserveResizeRatio: false
09:50:24.760 [FXGL Background Thread 3 ] DEBUG Engine               - isProfilingEnabled: false
09:50:24.760 [FXGL Background Thread 3 ] DEBUG Engine               - isScaleAffectedOnResize: true
09:50:24.760 [FXGL Background Thread 3 ] DEBUG Engine               - isSingleStep: false
09:50:24.760 [FXGL Background Thread 3 ] DEBUG Engine               - isUserProfileEnabled: false
09:50:24.760 [FXGL Background Thread 3 ] DEBUG Engine               - isWindows: false
09:50:24.760 [FXGL Background Thread 3 ] DEBUG Engine               - language: ObjectProperty [value: ENGLISH]
09:50:24.760 [FXGL Background Thread 3 ] DEBUG Engine               - menuKey: ESCAPE
09:50:24.760 [FXGL Background Thread 3 ] DEBUG Engine               - mouseSensitivity: 0.2
09:50:24.760 [FXGL Background Thread 3 ] DEBUG Engine               - notificationViewClass: class com.almasb.fxgl.notification.view.XboxNotificationView
09:50:24.760 [FXGL Background Thread 3 ] DEBUG Engine               - pixelsPerMeter: 50.0
09:50:24.760 [FXGL Background Thread 3 ] DEBUG Engine               - platform: MAC
09:50:24.760 [FXGL Background Thread 3 ] DEBUG Engine               - prefHeightProperty: ReadOnlyDoubleProperty [value: 360.0]
09:50:24.761 [FXGL Background Thread 3 ] DEBUG Engine               - prefWidthProperty: ReadOnlyDoubleProperty [value: 800.0]
09:50:24.761 [FXGL Background Thread 3 ] DEBUG Engine               - profileDir: profiles/
09:50:24.761 [FXGL Background Thread 3 ] DEBUG Engine               - profileName: StringProperty [value: DEFAULT]
09:50:24.761 [FXGL Background Thread 3 ] DEBUG Engine               - randomSeed: -1
09:50:24.761 [FXGL Background Thread 3 ] DEBUG Engine               - runtimeInfo: RuntimeInfo(platform=MAC, version=17.2, build=20.08.2022 16.50)
09:50:24.761 [FXGL Background Thread 3 ] DEBUG Engine               - saveFileExt: sav
09:50:24.761 [FXGL Background Thread 3 ] DEBUG Engine               - scaledHeightProp$fxgl: DoubleProperty [bound, value: 360.0]
09:50:24.761 [FXGL Background Thread 3 ] DEBUG Engine               - scaledWidthProp$fxgl: DoubleProperty [bound, value: 800.0]
09:50:24.761 [FXGL Background Thread 3 ] DEBUG Engine               - sceneFactory: com.almasb.fxgl.app.scene.SceneFactory@1c47c209
09:50:24.761 [FXGL Background Thread 3 ] DEBUG Engine               - secondsIn24h: 60
09:50:24.761 [FXGL Background Thread 3 ] DEBUG Engine               - soundMenuBack: menu/back.wav
09:50:24.761 [FXGL Background Thread 3 ] DEBUG Engine               - soundMenuPress: menu/press.wav
09:50:24.761 [FXGL Background Thread 3 ] DEBUG Engine               - soundMenuSelect: menu/select.wav
09:50:24.761 [FXGL Background Thread 3 ] DEBUG Engine               - soundNotification: core/notification.wav
09:50:24.761 [FXGL Background Thread 3 ] DEBUG Engine               - stageStyle: DECORATED
09:50:24.761 [FXGL Background Thread 3 ] DEBUG Engine               - supportedLanguages: [ENGLISH, FRENCH, GERMAN, HUNGARIAN, RUSSIAN]
09:50:24.761 [FXGL Background Thread 3 ] DEBUG Engine               - ticksPerSecond: -1
09:50:24.761 [FXGL Background Thread 3 ] DEBUG Engine               - title: Soot(sin)
09:50:24.761 [FXGL Background Thread 3 ] DEBUG Engine               - urlGithub: https://github.com/AlmasB/FXGL
09:50:24.761 [FXGL Background Thread 3 ] DEBUG Engine               - urlLeaderboard: http://fxgl-top.herokuapp.com/
09:50:24.761 [FXGL Background Thread 3 ] DEBUG Engine               - urlPOM: https://raw.githubusercontent.com/AlmasB/FXGL/release/README.md
09:50:24.761 [FXGL Background Thread 3 ] DEBUG Engine               - userAppClass: class com.example.proj.SootApp
09:50:24.762 [FXGL Background Thread 3 ] DEBUG Engine               - version: 0.0
09:50:24.762 [FXGL Background Thread 3 ] DEBUG Engine               - versionCheckDays: 7
09:50:24.762 [FXGL Background Thread 3 ] DEBUG Engine               - width: 800
09:50:24.762 [FXGL Background Thread 3 ] DEBUG Engine               - Logging services
09:50:24.762 [FXGL Background Thread 3 ] DEBUG Engine               - class com.almasb.fxgl.app.services.FXGLAssetLoaderService
09:50:24.762 [FXGL Background Thread 3 ] DEBUG Engine               - class com.almasb.fxgl.app.FXGLApplication$GameApplicationService
09:50:24.762 [FXGL Background Thread 3 ] DEBUG Engine               - class com.almasb.fxgl.app.services.FXGLDialogService
09:50:24.762 [FXGL Background Thread 3 ] DEBUG Engine               - class com.almasb.fxgl.app.services.IOTaskExecutorService
09:50:24.762 [FXGL Background Thread 3 ] DEBUG Engine               - class com.almasb.fxgl.io.FileSystemService
09:50:24.762 [FXGL Background Thread 3 ] DEBUG Engine               - class com.almasb.fxgl.localization.LocalizationService
09:50:24.762 [FXGL Background Thread 3 ] DEBUG Engine               - class com.almasb.fxgl.app.services.SystemBundleService
09:50:24.762 [FXGL Background Thread 3 ] DEBUG Engine               - class com.almasb.fxgl.profile.SaveLoadService
09:50:24.762 [FXGL Background Thread 3 ] DEBUG Engine               - class com.almasb.fxgl.ui.FXGLUIFactoryServiceProvider
09:50:24.762 [FXGL Background Thread 3 ] DEBUG Engine               - class com.almasb.fxgl.ui.FXGLDialogFactoryServiceProvider
09:50:24.762 [FXGL Background Thread 3 ] DEBUG Engine               - class com.almasb.fxgl.audio.AudioPlayer
09:50:24.762 [FXGL Background Thread 3 ] DEBUG Engine               - class com.almasb.fxgl.notification.impl.NotificationServiceProvider
09:50:24.762 [FXGL Background Thread 3 ] DEBUG Engine               - class com.almasb.fxgl.achievement.AchievementService
09:50:24.762 [FXGL Background Thread 3 ] DEBUG Engine               - class com.almasb.fxgl.cutscene.CutsceneService
09:50:24.762 [FXGL Background Thread 3 ] DEBUG Engine               - class com.almasb.fxgl.minigames.MiniGameService
09:50:24.762 [FXGL Background Thread 3 ] DEBUG Engine               - class com.almasb.fxgl.net.NetService
09:50:24.762 [FXGL Background Thread 3 ] DEBUG Engine               - class com.almasb.fxgl.app.services.UpdaterService
09:50:24.762 [FXGL Background Thread 3 ] DEBUG Engine               - class com.almasb.fxgl.dev.DevService
09:50:45.557 [JavaFX Application Thread] DEBUG FXGLApplication      - Exiting FXGL
09:50:45.558 [JavaFX Application Thread] DEBUG LoopRunner           - Stopping loop
09:50:45.558 [JavaFX Application Thread] DEBUG SystemBundleService  - Saving FXGL system data
09:50:45.560 [JavaFX Application Thread] DEBUG FileSystemAccess     - Writing to: /Users/olive/Documents/GitHub/Project-Winter/system/fxgl.bundle
09:50:45.562 [JavaFX Application Thread] DEBUG Async                - Shutting down background threads
09:50:45.563 [JavaFX Application Thread] DEBUG PrimaryStageWindow   - Closing main window
09:50:45.572 [JavaFX Application Thread] DEBUG Logger               - Closing Logger
