11:02:11.174 [main                     ] DEBUG Logger               - Configured Logger
11:02:11.186 [main                     ] DEBUG GameApplication      - Logging settings
Title: Soot(sin)
Version: 0.0
Width: 800
Height: 360
Fullscreen: false
Intro: false
Profiling: false
Single step:false
App Mode: DEVELOPER
Menu Key: ESCAPE
Stage Style: DECORATED
Scene Factory: class com.almasb.fxgl.app.scene.SceneFactory

11:02:11.476 [JavaFX Application Thread] DEBUG FXGLApplication      - Initializing FXGL
11:02:11.478 [JavaFX Application Thread] INFO  Engine               - FXGL-17.2 (20.08.2022 16.50) on MAC (J:18.0.2.1 FX:18.0.2)
11:02:11.478 [JavaFX Application Thread] DEBUG Engine               - JRE Vendor Name: Oracle Corporation
11:02:11.478 [JavaFX Application Thread] DEBUG Engine               - Running on OS: Mac OS X version 13.4.1
11:02:11.478 [JavaFX Application Thread] DEBUG Engine               - Architecture: aarch64
11:02:11.478 [JavaFX Application Thread] INFO  Engine               - Source code and latest versions at: https://github.com/AlmasB/FXGL
11:02:11.478 [JavaFX Application Thread] INFO  Engine               -       Ask questions and discuss at: https://github.com/AlmasB/FXGL/discussions
11:02:11.478 [JavaFX Application Thread] INFO  Engine               -              Join the FXGL chat at: https://gitter.im/AlmasB/FXGL
11:02:11.519 [JavaFX Application Thread] DEBUG PrimaryStageWindow   - Creating a JavaFX scene
11:02:11.540 [JavaFX Application Thread] DEBUG PrimaryStageWindow   - Target settings size: 800.0 x 360.0
11:02:11.540 [JavaFX Application Thread] DEBUG PrimaryStageWindow   - Scaled scene size:    800.0 x 360.0
11:02:11.540 [JavaFX Application Thread] DEBUG PrimaryStageWindow   - Scaled ratio: (1.0, 1.0)
11:02:11.540 [JavaFX Application Thread] DEBUG PrimaryStageWindow   - Set initial scene to FXGLStartupScene
11:02:11.543 [JavaFX Application Thread] DEBUG PrimaryStageWindow   - Opening main window
11:02:11.633 [JavaFX Application Thread] DEBUG PrimaryStageWindow   - Window border size: (0.0, 28.0)
11:02:11.633 [JavaFX Application Thread] DEBUG PrimaryStageWindow   - Scaled size: 800.0 x 360.0
11:02:11.633 [JavaFX Application Thread] DEBUG PrimaryStageWindow   - Scaled ratio: (1.0, 1.0)
11:02:11.633 [JavaFX Application Thread] DEBUG PrimaryStageWindow   - Scene size: 800.0 x 360.0
11:02:11.633 [JavaFX Application Thread] DEBUG PrimaryStageWindow   - Stage size: 800.0 x 388.0
11:02:11.637 [FXGL Background Thread 1 ] DEBUG Engine               - Initializing environment variables
11:02:11.656 [FXGL Background Thread 1 ] DEBUG FXGLAssetLoaderServi - User app class for loading assets: class com.example.proj.SootApp
11:02:11.656 [FXGL Background Thread 1 ] DEBUG GameApplicationServi - Applying CSS: fxgl_dark.css
11:02:11.656 [FXGL Background Thread 1 ] DEBUG FXGLAssetLoaderServi - Loading from file system: jar:file:///Users/olive/.m2/repository/com/github/almasb/fxgl/17.2/fxgl-17.2.jar!/fxglassets/ui/css/fxgl_dark.css
11:02:11.674 [FXGL Background Thread 1 ] DEBUG GameApplicationServi - Initializing application scenes
11:02:11.980 [FXGL Background Thread 1 ] DEBUG GameWorld            - Game world initialized
11:02:12.008 [FXGL Background Thread 1 ] DEBUG PhysicsWorld         - Physics world initialized: appHeight=360, physics.ppm=50.0
11:02:12.008 [FXGL Background Thread 1 ] DEBUG PhysicsWorld         - Using strategy: BRUTE_FORCE
11:02:12.010 [FXGL Background Thread 1 ] DEBUG GameScene            - Game scene initialized: 800x360
11:02:12.015 [FXGL Background Thread 1 ] WARN  FXGL.DefaultMenu     - FXGLDefaultMenu is not designed for resolutions < 800x600
11:02:12.015 [FXGL Background Thread 1 ] DEBUG FXGL.DefaultMenu     - createMenuBodyGameMenu()
11:02:12.024 [FXGL Background Thread 1 ] DEBUG FXGL.DefaultMenu     - createOptionsMenu()
11:02:12.029 [FXGL Background Thread 1 ] DEBUG FXGLAssetLoaderServi - Loading from file system: jar:file:///Users/olive/.m2/repository/com/github/almasb/fxgl/17.2/fxgl-17.2.jar!/fxglassets/textures/particles/smoke.png
11:02:12.079 [FXGL Background Thread 1 ] DEBUG FXGLAssetLoaderServi - Loading from file system: jar:file:///Users/olive/.m2/repository/com/github/almasb/fxgl/17.2/fxgl-17.2.jar!/fxglassets/textures/particles/trace_horizontal.png
11:02:12.092 [FXGL Background Thread 1 ] DEBUG GameApplicationServi - Application scenes initialized
11:02:12.096 [FXGL Background Thread 1 ] DEBUG SystemBundleService  - Loading FXGL system data
11:02:12.099 [FXGL Background Thread 1 ] DEBUG FileSystemAccess     - Reading from: /Users/olive/Documents/GitHub/Project-Winter/system/fxgl.bundle
11:02:12.103 [FXGL Background Thread 1 ] DEBUG SystemBundleService  - Bundle FXGL: {}
11:02:12.103 [FXGL Background Thread 1 ] DEBUG UpdaterService       - Checking for updates
11:02:12.105 [FXGL Background Thread 4 ] DEBUG FXGLApplication      - Loading fonts
11:02:12.105 [FXGL Background Thread 1 ] DEBUG FXGLApplication      - Loading default localization
11:02:12.105 [FXGL Background Thread 4 ] DEBUG FXGLAssetLoaderServi - Loading from file system: jar:file:///Users/olive/.m2/repository/com/github/almasb/fxgl/17.2/fxgl-17.2.jar!/fxglassets/ui/fonts/VarelaRound-Regular.ttf
11:02:12.105 [FXGL Background Thread 1 ] DEBUG FXGLAssetLoaderServi - Loading from file system: jar:file:///Users/olive/.m2/repository/com/github/almasb/fxgl/17.2/fxgl-17.2.jar!/fxglassets/languages/english.lang
11:02:12.116 [FXGL Background Thread 4 ] DEBUG FXGLAssetLoaderServi - Loading from file system: jar:file:///Users/olive/.m2/repository/com/github/almasb/fxgl/17.2/fxgl-17.2.jar!/fxglassets/ui/fonts/Abel-Regular.ttf
11:02:12.118 [FXGL Background Thread 1 ] INFO  FXGLApplication      - FXGL initialization took: 0.481 sec
11:02:12.120 [FXGL Background Thread 4 ] DEBUG FXGLAssetLoaderServi - Loading from file system: jar:file:///Users/olive/.m2/repository/com/github/almasb/fxgl/17.2/fxgl-17.2.jar!/fxglassets/ui/fonts/TerminalLandMono-Regular.otf
11:02:12.123 [JavaFX Application Thread] DEBUG Input                - Registered new binding: left - Left
11:02:12.123 [JavaFX Application Thread] DEBUG Input                - Registered new binding: right - Right
11:02:12.123 [JavaFX Application Thread] DEBUG Input                - Registered new binding: jump - Up
11:02:12.124 [JavaFX Application Thread] DEBUG FXGLAssetLoaderServi - Loading from file system: jar:file:///Users/olive/.m2/repository/com/github/almasb/fxgl/17.2/fxgl-17.2.jar!/fxglassets/textures/fxgl_icon.png
11:02:12.124 [FXGL Background Thread 4 ] DEBUG FXGLAssetLoaderServi - Loading from file system: jar:file:///Users/olive/.m2/repository/com/github/almasb/fxgl/17.2/fxgl-17.2.jar!/fxglassets/ui/fonts/Courier-Prime.ttf
11:02:12.140 [JavaFX Application Thread] DEBUG FXGLAssetLoaderServi - Loading from file system: jar:file:///Users/olive/.m2/repository/com/github/almasb/fxgl/17.2/fxgl-17.2.jar!/fxglassets/textures/fxgl_default_cursor.png
11:02:12.141 [JavaFX Application Thread] DEBUG Input                - Registered new binding: Screenshot - CTRL+8
11:02:12.141 [JavaFX Application Thread] DEBUG Input                - Registered new binding: System info dump - CTRL+9
11:02:12.141 [JavaFX Application Thread] DEBUG Input                - Registered new binding: Restart - CTRL+R
11:02:12.141 [JavaFX Application Thread] DEBUG Input                - Registered new binding: Toggle Debug Camera - CTRL+7
11:02:12.142 [JavaFX Application Thread] DEBUG LoopRunner           - Starting loop
11:02:12.142 [JavaFX Application Thread] DEBUG LoopRunner           - Initializing JavaFX AnimationTimerLoop
11:02:12.143 [JavaFX Application Thread] DEBUG GameApplicationServi - Starting new game
11:02:12.143 [JavaFX Application Thread] DEBUG Input                - Clearing active input actions
11:02:12.148 [JavaFX Application Thread] DEBUG GameApplicationServi - Removing overlay from FXGLStartupScene and adding to FXGLLoadingScene
11:02:12.148 [JavaFX Application Thread] DEBUG PrimaryStageWindow   - FXGLStartupScene -> FXGLLoadingScene
11:02:12.148 [JavaFX Application Thread] DEBUG GameApplicationServi - Clearing previous game
11:02:12.148 [JavaFX Application Thread] DEBUG GameScene            - Clearing game scene
11:02:12.148 [JavaFX Application Thread] DEBUG GameWorld            - Clearing game world
11:02:12.148 [JavaFX Application Thread] DEBUG PhysicsWorld         - Clearing physics world
11:02:12.149 [FXGL Background Thread 4 ] DEBUG FXGLApplication      - Initializing game
11:02:12.198 [JavaFX Application Thread] DEBUG FXGLApplication      - Registering font factories with UI factory
11:02:12.202 [FXGL Background Thread 4 ] DEBUG TMXLevelLoader       - Parsed TiledMap: file:/Users/olive/Documents/GitHub/Project-Winter/proj/target/classes/assets/levels/tmx/Plat1Temp.tmx
11:02:12.203 [FXGL Background Thread 4 ] DEBUG TMXLevelLoader       - Creating tile layer entities
11:02:12.204 [FXGL Background Thread 4 ] DEBUG TilesetLoader        - Loading view for layer Tile Layer 1
11:02:12.205 [FXGL Background Thread 4 ] DEBUG TilesetLoader        - Created buffer with size 810.0x360.0
11:02:12.219 [FXGL Background Thread 4 ] DEBUG TMXLevelLoader       - Creating object layer entities
11:02:12.239 [FXGL Background Thread 4 ] DEBUG GameWorld            - Clearing removable entities
11:02:12.239 [FXGL Background Thread 4 ] DEBUG GameWorld            - Setting level: com.almasb.fxgl.entity.level.Level@7a3729a4
11:02:12.247 [FXGL Background Thread 4 ] DEBUG FXGLAssetLoaderServi - Loading from file system: file:/Users/olive/Documents/GitHub/Project-Winter/proj/target/classes/assets/textures/finalSOOT.gif
11:02:12.254 [FXGL Background Thread 4 ] DEBUG FXGLAssetLoaderServi - Loading from file system: file:/Users/olive/Documents/GitHub/Project-Winter/proj/target/classes/assets/textures/heart.png
11:02:12.259 [FXGL Background Thread 4 ] INFO  FXGLApplication      - Game initialization took: 0.108 sec
11:02:12.325 [JavaFX Application Thread] DEBUG Input                - Clearing active input actions
11:02:12.330 [JavaFX Application Thread] DEBUG GameApplicationServi - Removing overlay from FXGLLoadingScene and adding to GameScene
11:02:12.330 [JavaFX Application Thread] DEBUG PrimaryStageWindow   - FXGLLoadingScene -> GameScene
11:02:12.507 [FXGL Background Thread 2 ] INFO  UpdaterService       - Your current version:  17.2
11:02:12.507 [FXGL Background Thread 2 ] INFO  UpdaterService       - Latest stable version: 21.1
11:02:15.109 [FXGL Background Thread 3 ] DEBUG Engine               - Logging environment variables
11:02:15.110 [FXGL Background Thread 3 ] DEBUG Engine               - achievements: []
11:02:15.110 [FXGL Background Thread 3 ] DEBUG Engine               - actualHeight: 360.0
11:02:15.110 [FXGL Background Thread 3 ] DEBUG Engine               - actualHeightProperty: ReadOnlyDoubleProperty [value: 360.0]
11:02:15.110 [FXGL Background Thread 3 ] DEBUG Engine               - actualWidth: 800.0
11:02:15.110 [FXGL Background Thread 3 ] DEBUG Engine               - actualWidthProperty: ReadOnlyDoubleProperty [value: 800.0]
11:02:15.110 [FXGL Background Thread 3 ] DEBUG Engine               - appIcon: fxgl_icon.png
11:02:15.111 [FXGL Background Thread 3 ] DEBUG Engine               - applicationMode: DEVELOPER
11:02:15.111 [FXGL Background Thread 3 ] DEBUG Engine               - cSSList: [fxgl_dark.css]
11:02:15.111 [FXGL Background Thread 3 ] DEBUG Engine               - collisionDetectionStrategy: BRUTE_FORCE
11:02:15.111 [FXGL Background Thread 3 ] DEBUG Engine               - configClass: Optional.empty
11:02:15.111 [FXGL Background Thread 3 ] DEBUG Engine               - credits: []
11:02:15.111 [FXGL Background Thread 3 ] DEBUG Engine               - defaultCursor: CursorInfo(imageName=fxgl_default_cursor.png, hotspotX=7.0, hotspotY=6.0)
11:02:15.111 [FXGL Background Thread 3 ] DEBUG Engine               - devBBoxColorProperty: ObjectProperty [value: 0xff0000ff]
11:02:15.112 [FXGL Background Thread 3 ] DEBUG Engine               - devEnableDebugCameraProperty: BooleanProperty [value: false]
11:02:15.112 [FXGL Background Thread 3 ] DEBUG Engine               - devSensorColorProperty: ObjectProperty [value: 0xffff00ff]
11:02:15.112 [FXGL Background Thread 3 ] DEBUG Engine               - devShowBBoxProperty: BooleanProperty [value: false]
11:02:15.112 [FXGL Background Thread 3 ] DEBUG Engine               - devShowPositionProperty: BooleanProperty [value: false]
11:02:15.112 [FXGL Background Thread 3 ] DEBUG Engine               - enabledMenuItems: []
11:02:15.112 [FXGL Background Thread 3 ] DEBUG Engine               - engineServices: [class com.almasb.fxgl.app.services.FXGLAssetLoaderService, class com.almasb.fxgl.app.FXGLApplication$GameApplicationService, class com.almasb.fxgl.app.services.FXGLDialogService, class com.almasb.fxgl.app.services.IOTaskExecutorService, class com.almasb.fxgl.io.FileSystemService, class com.almasb.fxgl.localization.LocalizationService, class com.almasb.fxgl.app.services.SystemBundleService, class com.almasb.fxgl.profile.SaveLoadService, class com.almasb.fxgl.ui.FXGLUIFactoryServiceProvider, class com.almasb.fxgl.ui.FXGLDialogFactoryServiceProvider, class com.almasb.fxgl.audio.AudioPlayer, class com.almasb.fxgl.notification.impl.NotificationServiceProvider, class com.almasb.fxgl.achievement.AchievementService, class com.almasb.fxgl.cutscene.CutsceneService, class com.almasb.fxgl.minigames.MiniGameService, class com.almasb.fxgl.net.NetService, class com.almasb.fxgl.app.services.UpdaterService, class com.almasb.fxgl.dev.DevService]
11:02:15.112 [FXGL Background Thread 3 ] DEBUG Engine               - fontGame: Abel-Regular.ttf
11:02:15.112 [FXGL Background Thread 3 ] DEBUG Engine               - fontMono: TerminalLandMono-Regular.otf
11:02:15.112 [FXGL Background Thread 3 ] DEBUG Engine               - fontText: Courier-Prime.ttf
11:02:15.112 [FXGL Background Thread 3 ] DEBUG Engine               - fontUI: VarelaRound-Regular.ttf
11:02:15.112 [FXGL Background Thread 3 ] DEBUG Engine               - fullScreen: BooleanProperty [value: false]
11:02:15.113 [FXGL Background Thread 3 ] DEBUG Engine               - gameDifficulty: MEDIUM
11:02:15.113 [FXGL Background Thread 3 ] DEBUG Engine               - gameDifficultyProperty: ObjectProperty [value: MEDIUM]
11:02:15.113 [FXGL Background Thread 3 ] DEBUG Engine               - globalMusicVolume: 0.5
11:02:15.113 [FXGL Background Thread 3 ] DEBUG Engine               - globalMusicVolumeProperty: DoubleProperty [value: 0.5]
11:02:15.113 [FXGL Background Thread 3 ] DEBUG Engine               - globalSoundVolume: 0.5
11:02:15.113 [FXGL Background Thread 3 ] DEBUG Engine               - globalSoundVolumeProperty: DoubleProperty [value: 0.5]
11:02:15.113 [FXGL Background Thread 3 ] DEBUG Engine               - height: 360
11:02:15.113 [FXGL Background Thread 3 ] DEBUG Engine               - is3D: false
11:02:15.113 [FXGL Background Thread 3 ] DEBUG Engine               - isAndroid: false
11:02:15.113 [FXGL Background Thread 3 ] DEBUG Engine               - isBrowser: false
11:02:15.113 [FXGL Background Thread 3 ] DEBUG Engine               - isClickFeedbackEnabled: false
11:02:15.113 [FXGL Background Thread 3 ] DEBUG Engine               - isCloseConfirmation: false
11:02:15.113 [FXGL Background Thread 3 ] DEBUG Engine               - isDesktop: true
11:02:15.113 [FXGL Background Thread 3 ] DEBUG Engine               - isDeveloperMenuEnabled: false
11:02:15.113 [FXGL Background Thread 3 ] DEBUG Engine               - isEmbedded: false
11:02:15.114 [FXGL Background Thread 3 ] DEBUG Engine               - isEntityPreloadEnabled: true
11:02:15.114 [FXGL Background Thread 3 ] DEBUG Engine               - isExperimentalTiledLargeMap: false
11:02:15.114 [FXGL Background Thread 3 ] DEBUG Engine               - isFileSystemWriteAllowed: true
11:02:15.114 [FXGL Background Thread 3 ] DEBUG Engine               - isFullScreenAllowed: false
11:02:15.114 [FXGL Background Thread 3 ] DEBUG Engine               - isFullScreenFromStart: false
11:02:15.114 [FXGL Background Thread 3 ] DEBUG Engine               - isGameMenuEnabled: true
11:02:15.114 [FXGL Background Thread 3 ] DEBUG Engine               - isIOS: false
11:02:15.114 [FXGL Background Thread 3 ] DEBUG Engine               - isIntroEnabled: false
11:02:15.114 [FXGL Background Thread 3 ] DEBUG Engine               - isLinux: false
11:02:15.114 [FXGL Background Thread 3 ] DEBUG Engine               - isMac: true
11:02:15.114 [FXGL Background Thread 3 ] DEBUG Engine               - isMainMenuEnabled: false
11:02:15.114 [FXGL Background Thread 3 ] DEBUG Engine               - isManualResizeEnabled: false
11:02:15.114 [FXGL Background Thread 3 ] DEBUG Engine               - isMobile: false
11:02:15.114 [FXGL Background Thread 3 ] DEBUG Engine               - isNative: false
11:02:15.114 [FXGL Background Thread 3 ] DEBUG Engine               - isPauseMusicWhenMinimized: true
11:02:15.114 [FXGL Background Thread 3 ] DEBUG Engine               - isPreserveResizeRatio: false
11:02:15.114 [FXGL Background Thread 3 ] DEBUG Engine               - isProfilingEnabled: false
11:02:15.114 [FXGL Background Thread 3 ] DEBUG Engine               - isScaleAffectedOnResize: true
11:02:15.114 [FXGL Background Thread 3 ] DEBUG Engine               - isSingleStep: false
11:02:15.114 [FXGL Background Thread 3 ] DEBUG Engine               - isUserProfileEnabled: false
11:02:15.115 [FXGL Background Thread 3 ] DEBUG Engine               - isWindows: false
11:02:15.115 [FXGL Background Thread 3 ] DEBUG Engine               - language: ObjectProperty [value: ENGLISH]
11:02:15.115 [FXGL Background Thread 3 ] DEBUG Engine               - menuKey: ESCAPE
11:02:15.115 [FXGL Background Thread 3 ] DEBUG Engine               - mouseSensitivity: 0.2
11:02:15.115 [FXGL Background Thread 3 ] DEBUG Engine               - notificationViewClass: class com.almasb.fxgl.notification.view.XboxNotificationView
11:02:15.115 [FXGL Background Thread 3 ] DEBUG Engine               - pixelsPerMeter: 50.0
11:02:15.115 [FXGL Background Thread 3 ] DEBUG Engine               - platform: MAC
11:02:15.115 [FXGL Background Thread 3 ] DEBUG Engine               - prefHeightProperty: ReadOnlyDoubleProperty [value: 360.0]
11:02:15.115 [FXGL Background Thread 3 ] DEBUG Engine               - prefWidthProperty: ReadOnlyDoubleProperty [value: 800.0]
11:02:15.115 [FXGL Background Thread 3 ] DEBUG Engine               - profileDir: profiles/
11:02:15.115 [FXGL Background Thread 3 ] DEBUG Engine               - profileName: StringProperty [value: DEFAULT]
11:02:15.115 [FXGL Background Thread 3 ] DEBUG Engine               - randomSeed: -1
11:02:15.115 [FXGL Background Thread 3 ] DEBUG Engine               - runtimeInfo: RuntimeInfo(platform=MAC, version=17.2, build=20.08.2022 16.50)
11:02:15.116 [FXGL Background Thread 3 ] DEBUG Engine               - saveFileExt: sav
11:02:15.116 [FXGL Background Thread 3 ] DEBUG Engine               - scaledHeightProp$fxgl: DoubleProperty [bound, value: 360.0]
11:02:15.116 [FXGL Background Thread 3 ] DEBUG Engine               - scaledWidthProp$fxgl: DoubleProperty [bound, value: 800.0]
11:02:15.116 [FXGL Background Thread 3 ] DEBUG Engine               - sceneFactory: com.almasb.fxgl.app.scene.SceneFactory@140f2c57
11:02:15.116 [FXGL Background Thread 3 ] DEBUG Engine               - secondsIn24h: 60
11:02:15.116 [FXGL Background Thread 3 ] DEBUG Engine               - soundMenuBack: menu/back.wav
11:02:15.116 [FXGL Background Thread 3 ] DEBUG Engine               - soundMenuPress: menu/press.wav
11:02:15.116 [FXGL Background Thread 3 ] DEBUG Engine               - soundMenuSelect: menu/select.wav
11:02:15.116 [FXGL Background Thread 3 ] DEBUG Engine               - soundNotification: core/notification.wav
11:02:15.116 [FXGL Background Thread 3 ] DEBUG Engine               - stageStyle: DECORATED
11:02:15.116 [FXGL Background Thread 3 ] DEBUG Engine               - supportedLanguages: [ENGLISH, FRENCH, GERMAN, HUNGARIAN, RUSSIAN]
11:02:15.116 [FXGL Background Thread 3 ] DEBUG Engine               - ticksPerSecond: -1
11:02:15.116 [FXGL Background Thread 3 ] DEBUG Engine               - title: Soot(sin)
11:02:15.116 [FXGL Background Thread 3 ] DEBUG Engine               - urlGithub: https://github.com/AlmasB/FXGL
11:02:15.116 [FXGL Background Thread 3 ] DEBUG Engine               - urlLeaderboard: http://fxgl-top.herokuapp.com/
11:02:15.116 [FXGL Background Thread 3 ] DEBUG Engine               - urlPOM: https://raw.githubusercontent.com/AlmasB/FXGL/release/README.md
11:02:15.116 [FXGL Background Thread 3 ] DEBUG Engine               - userAppClass: class com.example.proj.SootApp
11:02:15.116 [FXGL Background Thread 3 ] DEBUG Engine               - version: 0.0
11:02:15.116 [FXGL Background Thread 3 ] DEBUG Engine               - versionCheckDays: 7
11:02:15.116 [FXGL Background Thread 3 ] DEBUG Engine               - width: 800
11:02:15.117 [FXGL Background Thread 3 ] DEBUG Engine               - Logging services
11:02:15.117 [FXGL Background Thread 3 ] DEBUG Engine               - class com.almasb.fxgl.app.services.FXGLAssetLoaderService
11:02:15.117 [FXGL Background Thread 3 ] DEBUG Engine               - class com.almasb.fxgl.app.FXGLApplication$GameApplicationService
11:02:15.117 [FXGL Background Thread 3 ] DEBUG Engine               - class com.almasb.fxgl.app.services.FXGLDialogService
11:02:15.117 [FXGL Background Thread 3 ] DEBUG Engine               - class com.almasb.fxgl.app.services.IOTaskExecutorService
11:02:15.117 [FXGL Background Thread 3 ] DEBUG Engine               - class com.almasb.fxgl.io.FileSystemService
11:02:15.117 [FXGL Background Thread 3 ] DEBUG Engine               - class com.almasb.fxgl.localization.LocalizationService
11:02:15.117 [FXGL Background Thread 3 ] DEBUG Engine               - class com.almasb.fxgl.app.services.SystemBundleService
11:02:15.117 [FXGL Background Thread 3 ] DEBUG Engine               - class com.almasb.fxgl.profile.SaveLoadService
11:02:15.117 [FXGL Background Thread 3 ] DEBUG Engine               - class com.almasb.fxgl.ui.FXGLUIFactoryServiceProvider
11:02:15.117 [FXGL Background Thread 3 ] DEBUG Engine               - class com.almasb.fxgl.ui.FXGLDialogFactoryServiceProvider
11:02:15.117 [FXGL Background Thread 3 ] DEBUG Engine               - class com.almasb.fxgl.audio.AudioPlayer
11:02:15.117 [FXGL Background Thread 3 ] DEBUG Engine               - class com.almasb.fxgl.notification.impl.NotificationServiceProvider
11:02:15.117 [FXGL Background Thread 3 ] DEBUG Engine               - class com.almasb.fxgl.achievement.AchievementService
11:02:15.117 [FXGL Background Thread 3 ] DEBUG Engine               - class com.almasb.fxgl.cutscene.CutsceneService
11:02:15.117 [FXGL Background Thread 3 ] DEBUG Engine               - class com.almasb.fxgl.minigames.MiniGameService
11:02:15.117 [FXGL Background Thread 3 ] DEBUG Engine               - class com.almasb.fxgl.net.NetService
11:02:15.117 [FXGL Background Thread 3 ] DEBUG Engine               - class com.almasb.fxgl.app.services.UpdaterService
11:02:15.117 [FXGL Background Thread 3 ] DEBUG Engine               - class com.almasb.fxgl.dev.DevService
11:02:32.302 [JavaFX Application Thread] DEBUG TMXLevelLoader       - Parsed TiledMap: file:/Users/olive/Documents/GitHub/Project-Winter/proj/target/classes/assets/levels/tmx/Plat2Temp.tmx
11:02:32.302 [JavaFX Application Thread] DEBUG TMXLevelLoader       - Creating tile layer entities
11:02:32.303 [JavaFX Application Thread] DEBUG TilesetLoader        - Loading view for layer Tile Layer 1
11:02:32.303 [JavaFX Application Thread] DEBUG TilesetLoader        - Created buffer with size 810.0x360.0
11:02:32.308 [JavaFX Application Thread] DEBUG TMXLevelLoader       - Creating object layer entities
11:02:32.312 [JavaFX Application Thread] DEBUG GameWorld            - Clearing removable entities
11:02:32.314 [JavaFX Application Thread] DEBUG GameWorld            - Setting level: com.almasb.fxgl.entity.level.Level@782a12e
11:02:43.342 [JavaFX Application Thread] DEBUG FXGLApplication      - Exiting FXGL
11:02:43.342 [JavaFX Application Thread] DEBUG LoopRunner           - Stopping loop
11:02:43.342 [JavaFX Application Thread] DEBUG SystemBundleService  - Saving FXGL system data
11:02:43.345 [JavaFX Application Thread] DEBUG FileSystemAccess     - Writing to: /Users/olive/Documents/GitHub/Project-Winter/system/fxgl.bundle
11:02:43.346 [JavaFX Application Thread] DEBUG Async                - Shutting down background threads
11:02:43.346 [JavaFX Application Thread] DEBUG PrimaryStageWindow   - Closing main window
11:02:43.349 [JavaFX Application Thread] DEBUG Logger               - Closing Logger
