23:21:43.638 [main                     ] DEBUG Logger               - Configured Logger
23:21:43.658 [main                     ] DEBUG GameApplication      - Logging settings
Title: Soot(sin)
Version: 0.0
Width: 800
Height: 360
Fullscreen: false
Intro: false
Profiling: false
Single step:false
App Mode: DEVELOPER
Menu Key: ESCAPE
Stage Style: DECORATED
Scene Factory: class com.almasb.fxgl.app.scene.SceneFactory

23:21:44.011 [JavaFX Application Thread] DEBUG FXGLApplication      - Initializing FXGL
23:21:44.014 [JavaFX Application Thread] INFO  Engine               - FXGL-17.2 (20.08.2022 16.50) on MAC (J:18.0.2.1 FX:18.0.2)
23:21:44.015 [JavaFX Application Thread] DEBUG Engine               - JRE Vendor Name: Oracle Corporation
23:21:44.015 [JavaFX Application Thread] DEBUG Engine               - Running on OS: Mac OS X version 13.4.1
23:21:44.015 [JavaFX Application Thread] DEBUG Engine               - Architecture: aarch64
23:21:44.015 [JavaFX Application Thread] INFO  Engine               - Source code and latest versions at: https://github.com/AlmasB/FXGL
23:21:44.015 [JavaFX Application Thread] INFO  Engine               -       Ask questions and discuss at: https://github.com/AlmasB/FXGL/discussions
23:21:44.015 [JavaFX Application Thread] INFO  Engine               -              Join the FXGL chat at: https://gitter.im/AlmasB/FXGL
23:21:44.078 [JavaFX Application Thread] DEBUG PrimaryStageWindow   - Creating a JavaFX scene
23:21:44.110 [JavaFX Application Thread] DEBUG PrimaryStageWindow   - Target settings size: 800.0 x 360.0
23:21:44.110 [JavaFX Application Thread] DEBUG PrimaryStageWindow   - Scaled scene size:    800.0 x 360.0
23:21:44.111 [JavaFX Application Thread] DEBUG PrimaryStageWindow   - Scaled ratio: (1.0, 1.0)
23:21:44.111 [JavaFX Application Thread] DEBUG PrimaryStageWindow   - Set initial scene to FXGLStartupScene
23:21:44.115 [JavaFX Application Thread] DEBUG PrimaryStageWindow   - Opening main window
23:21:44.291 [JavaFX Application Thread] DEBUG PrimaryStageWindow   - Window border size: (0.0, 28.0)
23:21:44.292 [JavaFX Application Thread] DEBUG PrimaryStageWindow   - Scaled size: 800.0 x 360.0
23:21:44.292 [JavaFX Application Thread] DEBUG PrimaryStageWindow   - Scaled ratio: (1.0, 1.0)
23:21:44.292 [JavaFX Application Thread] DEBUG PrimaryStageWindow   - Scene size: 800.0 x 360.0
23:21:44.292 [JavaFX Application Thread] DEBUG PrimaryStageWindow   - Stage size: 800.0 x 388.0
23:21:44.300 [FXGL Background Thread 1 ] DEBUG Engine               - Initializing environment variables
23:21:44.410 [FXGL Background Thread 1 ] DEBUG FXGLAssetLoaderServi - User app class for loading assets: class com.example.proj.SootApp
23:21:44.410 [FXGL Background Thread 1 ] DEBUG GameApplicationServi - Applying CSS: fxgl_dark.css
23:21:44.411 [FXGL Background Thread 1 ] DEBUG FXGLAssetLoaderServi - Loading from file system: jar:file:///Users/olive/.m2/repository/com/github/almasb/fxgl/17.2/fxgl-17.2.jar!/fxglassets/ui/css/fxgl_dark.css
23:21:44.471 [FXGL Background Thread 1 ] DEBUG GameApplicationServi - Initializing application scenes
23:21:44.663 [FXGL Background Thread 1 ] DEBUG GameWorld            - Game world initialized
23:21:44.700 [FXGL Background Thread 1 ] DEBUG PhysicsWorld         - Physics world initialized: appHeight=360, physics.ppm=50.0
23:21:44.700 [FXGL Background Thread 1 ] DEBUG PhysicsWorld         - Using strategy: BRUTE_FORCE
23:21:44.702 [FXGL Background Thread 1 ] DEBUG GameScene            - Game scene initialized: 800x360
23:21:44.708 [FXGL Background Thread 1 ] WARN  FXGL.DefaultMenu     - FXGLDefaultMenu is not designed for resolutions < 800x600
23:21:44.709 [FXGL Background Thread 1 ] DEBUG FXGL.DefaultMenu     - createMenuBodyGameMenu()
23:21:44.717 [FXGL Background Thread 1 ] DEBUG FXGL.DefaultMenu     - createOptionsMenu()
23:21:44.723 [FXGL Background Thread 1 ] DEBUG FXGLAssetLoaderServi - Loading from file system: jar:file:///Users/olive/.m2/repository/com/github/almasb/fxgl/17.2/fxgl-17.2.jar!/fxglassets/textures/particles/smoke.png
23:21:44.817 [FXGL Background Thread 1 ] DEBUG FXGLAssetLoaderServi - Loading from file system: jar:file:///Users/olive/.m2/repository/com/github/almasb/fxgl/17.2/fxgl-17.2.jar!/fxglassets/textures/particles/trace_horizontal.png
23:21:44.857 [FXGL Background Thread 1 ] DEBUG GameApplicationServi - Application scenes initialized
23:21:44.873 [FXGL Background Thread 1 ] DEBUG SystemBundleService  - Loading FXGL system data
23:21:44.880 [FXGL Background Thread 1 ] DEBUG FileSystemAccess     - Reading from: /Users/olive/Documents/GitHub/Project-Winter/system/fxgl.bundle
23:21:44.896 [FXGL Background Thread 1 ] DEBUG SystemBundleService  - Bundle FXGL: {}
23:21:44.896 [FXGL Background Thread 1 ] DEBUG UpdaterService       - Checking for updates
23:21:44.905 [FXGL Background Thread 1 ] DEBUG FXGLApplication      - Loading default localization
23:21:44.905 [FXGL Background Thread 4 ] DEBUG FXGLApplication      - Loading fonts
23:21:44.905 [FXGL Background Thread 1 ] DEBUG FXGLAssetLoaderServi - Loading from file system: jar:file:///Users/olive/.m2/repository/com/github/almasb/fxgl/17.2/fxgl-17.2.jar!/fxglassets/languages/english.lang
23:21:44.905 [FXGL Background Thread 4 ] DEBUG FXGLAssetLoaderServi - Loading from file system: jar:file:///Users/olive/.m2/repository/com/github/almasb/fxgl/17.2/fxgl-17.2.jar!/fxglassets/ui/fonts/VarelaRound-Regular.ttf
23:21:44.926 [FXGL Background Thread 1 ] INFO  FXGLApplication      - FXGL initialization took: 0.626 sec
23:21:44.933 [FXGL Background Thread 4 ] DEBUG FXGLAssetLoaderServi - Loading from file system: jar:file:///Users/olive/.m2/repository/com/github/almasb/fxgl/17.2/fxgl-17.2.jar!/fxglassets/ui/fonts/Abel-Regular.ttf
23:21:44.935 [FXGL Background Thread 4 ] DEBUG FXGLAssetLoaderServi - Loading from file system: jar:file:///Users/olive/.m2/repository/com/github/almasb/fxgl/17.2/fxgl-17.2.jar!/fxglassets/ui/fonts/TerminalLandMono-Regular.otf
23:21:44.938 [JavaFX Application Thread] DEBUG Input                - Registered new binding: left - Left
23:21:44.938 [JavaFX Application Thread] DEBUG Input                - Registered new binding: right - Right
23:21:44.938 [JavaFX Application Thread] DEBUG Input                - Registered new binding: jump - Up
23:21:44.938 [JavaFX Application Thread] DEBUG FXGLAssetLoaderServi - Loading from file system: jar:file:///Users/olive/.m2/repository/com/github/almasb/fxgl/17.2/fxgl-17.2.jar!/fxglassets/textures/fxgl_icon.png
23:21:44.947 [FXGL Background Thread 4 ] DEBUG FXGLAssetLoaderServi - Loading from file system: jar:file:///Users/olive/.m2/repository/com/github/almasb/fxgl/17.2/fxgl-17.2.jar!/fxglassets/ui/fonts/Courier-Prime.ttf
23:21:44.970 [JavaFX Application Thread] DEBUG FXGLAssetLoaderServi - Loading from file system: jar:file:///Users/olive/.m2/repository/com/github/almasb/fxgl/17.2/fxgl-17.2.jar!/fxglassets/textures/fxgl_default_cursor.png
23:21:44.972 [JavaFX Application Thread] DEBUG Input                - Registered new binding: Screenshot - CTRL+8
23:21:44.972 [JavaFX Application Thread] DEBUG Input                - Registered new binding: System info dump - CTRL+9
23:21:44.972 [JavaFX Application Thread] DEBUG Input                - Registered new binding: Restart - CTRL+R
23:21:44.972 [JavaFX Application Thread] DEBUG Input                - Registered new binding: Toggle Debug Camera - CTRL+7
23:21:44.973 [JavaFX Application Thread] DEBUG LoopRunner           - Starting loop
23:21:44.973 [JavaFX Application Thread] DEBUG LoopRunner           - Initializing JavaFX AnimationTimerLoop
23:21:44.974 [JavaFX Application Thread] DEBUG GameApplicationServi - Starting new game
23:21:44.974 [JavaFX Application Thread] DEBUG Input                - Clearing active input actions
23:21:44.981 [JavaFX Application Thread] DEBUG GameApplicationServi - Removing overlay from FXGLStartupScene and adding to FXGLLoadingScene
23:21:44.982 [JavaFX Application Thread] DEBUG PrimaryStageWindow   - FXGLStartupScene -> FXGLLoadingScene
23:21:44.982 [JavaFX Application Thread] DEBUG GameApplicationServi - Clearing previous game
23:21:44.982 [JavaFX Application Thread] DEBUG GameScene            - Clearing game scene
23:21:44.982 [JavaFX Application Thread] DEBUG GameWorld            - Clearing game world
23:21:44.982 [JavaFX Application Thread] DEBUG PhysicsWorld         - Clearing physics world
23:21:44.983 [FXGL Background Thread 4 ] DEBUG FXGLApplication      - Initializing game
23:21:45.026 [JavaFX Application Thread] DEBUG FXGLApplication      - Registering font factories with UI factory
23:21:45.063 [FXGL Background Thread 4 ] DEBUG TMXLevelLoader       - Parsed TiledMap: file:/Users/olive/Documents/GitHub/Project-Winter/proj/target/classes/assets/levels/tmx/Plat1.9.0.tmx
23:21:45.064 [FXGL Background Thread 4 ] DEBUG TMXLevelLoader       - Creating tile layer entities
23:21:45.065 [FXGL Background Thread 4 ] DEBUG TilesetLoader        - Loading view for layer Tile Layer 1
23:21:45.066 [FXGL Background Thread 4 ] DEBUG TilesetLoader        - Created buffer with size 810.0x360.0
23:21:45.155 [FXGL Background Thread 4 ] DEBUG TMXLevelLoader       - Creating object layer entities
23:21:45.203 [FXGL Background Thread 4 ] DEBUG GameWorld            - Clearing removable entities
23:21:45.204 [FXGL Background Thread 4 ] DEBUG GameWorld            - Setting level: com.almasb.fxgl.entity.level.Level@3b9b380d
23:21:45.228 [FXGL Background Thread 4 ] DEBUG FXGLAssetLoaderServi - Loading from file system: file:/Users/olive/Documents/GitHub/Project-Winter/proj/target/classes/assets/textures/finalSOOT.gif
23:21:45.231 [FXGL Background Thread 4 ] WARN  Entity               - Entity already has component: com.example.proj.component.PlayerControl
23:21:45.252 [FXGL Background Thread 4 ] DEBUG FXGLAssetLoaderServi - Loading from file system: file:/Users/olive/Documents/GitHub/Project-Winter/proj/target/classes/assets/textures/heart.png
23:21:45.256 [FXGL Background Thread 4 ] INFO  FXGLApplication      - Game initialization took: 0.273 sec
23:21:45.273 [JavaFX Application Thread] DEBUG Input                - Clearing active input actions
23:21:45.282 [JavaFX Application Thread] DEBUG GameApplicationServi - Removing overlay from FXGLLoadingScene and adding to GameScene
23:21:45.282 [JavaFX Application Thread] DEBUG PrimaryStageWindow   - FXGLLoadingScene -> GameScene
23:21:45.498 [FXGL Background Thread 2 ] INFO  UpdaterService       - Your current version:  17.2
23:21:45.498 [FXGL Background Thread 2 ] INFO  UpdaterService       - Latest stable version: 21
23:21:46.318 [JavaFX Application Thread] DEBUG PrimaryStageWindow   - Push state: DialogSubScene
23:21:46.318 [JavaFX Application Thread] DEBUG Input                - Clearing active input actions
23:21:46.320 [JavaFX Application Thread] DEBUG GameApplicationServi - Removing overlay from GameScene and adding to DialogSubScene
23:21:46.321 [JavaFX Application Thread] DEBUG PrimaryStageWindow   - GameScene -> DialogSubScene
23:21:47.907 [FXGL Background Thread 3 ] DEBUG Engine               - Logging environment variables
23:21:47.908 [FXGL Background Thread 3 ] DEBUG Engine               - achievements: []
23:21:47.908 [FXGL Background Thread 3 ] DEBUG Engine               - actualHeight: 360.0
23:21:47.909 [FXGL Background Thread 3 ] DEBUG Engine               - actualHeightProperty: ReadOnlyDoubleProperty [value: 360.0]
23:21:47.909 [FXGL Background Thread 3 ] DEBUG Engine               - actualWidth: 800.0
23:21:47.909 [FXGL Background Thread 3 ] DEBUG Engine               - actualWidthProperty: ReadOnlyDoubleProperty [value: 800.0]
23:21:47.909 [FXGL Background Thread 3 ] DEBUG Engine               - appIcon: fxgl_icon.png
23:21:47.909 [FXGL Background Thread 3 ] DEBUG Engine               - applicationMode: DEVELOPER
23:21:47.909 [FXGL Background Thread 3 ] DEBUG Engine               - cSSList: [fxgl_dark.css]
23:21:47.909 [FXGL Background Thread 3 ] DEBUG Engine               - collisionDetectionStrategy: BRUTE_FORCE
23:21:47.909 [FXGL Background Thread 3 ] DEBUG Engine               - configClass: Optional.empty
23:21:47.909 [FXGL Background Thread 3 ] DEBUG Engine               - credits: []
23:21:47.910 [FXGL Background Thread 3 ] DEBUG Engine               - defaultCursor: CursorInfo(imageName=fxgl_default_cursor.png, hotspotX=7.0, hotspotY=6.0)
23:21:47.910 [FXGL Background Thread 3 ] DEBUG Engine               - devBBoxColorProperty: ObjectProperty [value: 0xff0000ff]
23:21:47.910 [FXGL Background Thread 3 ] DEBUG Engine               - devEnableDebugCameraProperty: BooleanProperty [value: false]
23:21:47.910 [FXGL Background Thread 3 ] DEBUG Engine               - devSensorColorProperty: ObjectProperty [value: 0xffff00ff]
23:21:47.910 [FXGL Background Thread 3 ] DEBUG Engine               - devShowBBoxProperty: BooleanProperty [value: false]
23:21:47.910 [FXGL Background Thread 3 ] DEBUG Engine               - devShowPositionProperty: BooleanProperty [value: false]
23:21:47.910 [FXGL Background Thread 3 ] DEBUG Engine               - enabledMenuItems: []
23:21:47.911 [FXGL Background Thread 3 ] DEBUG Engine               - engineServices: [class com.almasb.fxgl.app.services.FXGLAssetLoaderService, class com.almasb.fxgl.app.FXGLApplication$GameApplicationService, class com.almasb.fxgl.app.services.FXGLDialogService, class com.almasb.fxgl.app.services.IOTaskExecutorService, class com.almasb.fxgl.io.FileSystemService, class com.almasb.fxgl.localization.LocalizationService, class com.almasb.fxgl.app.services.SystemBundleService, class com.almasb.fxgl.profile.SaveLoadService, class com.almasb.fxgl.ui.FXGLUIFactoryServiceProvider, class com.almasb.fxgl.ui.FXGLDialogFactoryServiceProvider, class com.almasb.fxgl.audio.AudioPlayer, class com.almasb.fxgl.notification.impl.NotificationServiceProvider, class com.almasb.fxgl.achievement.AchievementService, class com.almasb.fxgl.cutscene.CutsceneService, class com.almasb.fxgl.minigames.MiniGameService, class com.almasb.fxgl.net.NetService, class com.almasb.fxgl.app.services.UpdaterService, class com.almasb.fxgl.dev.DevService]
23:21:47.911 [FXGL Background Thread 3 ] DEBUG Engine               - fontGame: Abel-Regular.ttf
23:21:47.911 [FXGL Background Thread 3 ] DEBUG Engine               - fontMono: TerminalLandMono-Regular.otf
23:21:47.911 [FXGL Background Thread 3 ] DEBUG Engine               - fontText: Courier-Prime.ttf
23:21:47.911 [FXGL Background Thread 3 ] DEBUG Engine               - fontUI: VarelaRound-Regular.ttf
23:21:47.911 [FXGL Background Thread 3 ] DEBUG Engine               - fullScreen: BooleanProperty [value: false]
23:21:47.911 [FXGL Background Thread 3 ] DEBUG Engine               - gameDifficulty: MEDIUM
23:21:47.911 [FXGL Background Thread 3 ] DEBUG Engine               - gameDifficultyProperty: ObjectProperty [value: MEDIUM]
23:21:47.911 [FXGL Background Thread 3 ] DEBUG Engine               - globalMusicVolume: 0.5
23:21:47.911 [FXGL Background Thread 3 ] DEBUG Engine               - globalMusicVolumeProperty: DoubleProperty [value: 0.5]
23:21:47.911 [FXGL Background Thread 3 ] DEBUG Engine               - globalSoundVolume: 0.5
23:21:47.911 [FXGL Background Thread 3 ] DEBUG Engine               - globalSoundVolumeProperty: DoubleProperty [value: 0.5]
23:21:47.911 [FXGL Background Thread 3 ] DEBUG Engine               - height: 360
23:21:47.911 [FXGL Background Thread 3 ] DEBUG Engine               - is3D: false
23:21:47.911 [FXGL Background Thread 3 ] DEBUG Engine               - isAndroid: false
23:21:47.911 [FXGL Background Thread 3 ] DEBUG Engine               - isBrowser: false
23:21:47.912 [FXGL Background Thread 3 ] DEBUG Engine               - isClickFeedbackEnabled: false
23:21:47.912 [FXGL Background Thread 3 ] DEBUG Engine               - isCloseConfirmation: false
23:21:47.912 [FXGL Background Thread 3 ] DEBUG Engine               - isDesktop: true
23:21:47.912 [FXGL Background Thread 3 ] DEBUG Engine               - isDeveloperMenuEnabled: false
23:21:47.912 [FXGL Background Thread 3 ] DEBUG Engine               - isEmbedded: false
23:21:47.912 [FXGL Background Thread 3 ] DEBUG Engine               - isEntityPreloadEnabled: true
23:21:47.912 [FXGL Background Thread 3 ] DEBUG Engine               - isExperimentalTiledLargeMap: false
23:21:47.912 [FXGL Background Thread 3 ] DEBUG Engine               - isFileSystemWriteAllowed: true
23:21:47.912 [FXGL Background Thread 3 ] DEBUG Engine               - isFullScreenAllowed: false
23:21:47.912 [FXGL Background Thread 3 ] DEBUG Engine               - isFullScreenFromStart: false
23:21:47.912 [FXGL Background Thread 3 ] DEBUG Engine               - isGameMenuEnabled: true
23:21:47.912 [FXGL Background Thread 3 ] DEBUG Engine               - isIOS: false
23:21:47.912 [FXGL Background Thread 3 ] DEBUG Engine               - isIntroEnabled: false
23:21:47.912 [FXGL Background Thread 3 ] DEBUG Engine               - isLinux: false
23:21:47.912 [FXGL Background Thread 3 ] DEBUG Engine               - isMac: true
23:21:47.913 [FXGL Background Thread 3 ] DEBUG Engine               - isMainMenuEnabled: false
23:21:47.913 [FXGL Background Thread 3 ] DEBUG Engine               - isManualResizeEnabled: false
23:21:47.913 [FXGL Background Thread 3 ] DEBUG Engine               - isMobile: false
23:21:47.913 [FXGL Background Thread 3 ] DEBUG Engine               - isNative: false
23:21:47.913 [FXGL Background Thread 3 ] DEBUG Engine               - isPauseMusicWhenMinimized: true
23:21:47.913 [FXGL Background Thread 3 ] DEBUG Engine               - isPreserveResizeRatio: false
23:21:47.913 [FXGL Background Thread 3 ] DEBUG Engine               - isProfilingEnabled: false
23:21:47.913 [FXGL Background Thread 3 ] DEBUG Engine               - isScaleAffectedOnResize: true
23:21:47.913 [FXGL Background Thread 3 ] DEBUG Engine               - isSingleStep: false
23:21:47.913 [FXGL Background Thread 3 ] DEBUG Engine               - isUserProfileEnabled: false
23:21:47.913 [FXGL Background Thread 3 ] DEBUG Engine               - isWindows: false
23:21:47.913 [FXGL Background Thread 3 ] DEBUG Engine               - language: ObjectProperty [value: ENGLISH]
23:21:47.913 [FXGL Background Thread 3 ] DEBUG Engine               - menuKey: ESCAPE
23:21:47.913 [FXGL Background Thread 3 ] DEBUG Engine               - mouseSensitivity: 0.2
23:21:47.913 [FXGL Background Thread 3 ] DEBUG Engine               - notificationViewClass: class com.almasb.fxgl.notification.view.XboxNotificationView
23:21:47.913 [FXGL Background Thread 3 ] DEBUG Engine               - pixelsPerMeter: 50.0
23:21:47.913 [FXGL Background Thread 3 ] DEBUG Engine               - platform: MAC
23:21:47.913 [FXGL Background Thread 3 ] DEBUG Engine               - prefHeightProperty: ReadOnlyDoubleProperty [value: 360.0]
23:21:47.913 [FXGL Background Thread 3 ] DEBUG Engine               - prefWidthProperty: ReadOnlyDoubleProperty [value: 800.0]
23:21:47.913 [FXGL Background Thread 3 ] DEBUG Engine               - profileDir: profiles/
23:21:47.914 [FXGL Background Thread 3 ] DEBUG Engine               - profileName: StringProperty [value: DEFAULT]
23:21:47.914 [FXGL Background Thread 3 ] DEBUG Engine               - randomSeed: -1
23:21:47.914 [FXGL Background Thread 3 ] DEBUG Engine               - runtimeInfo: RuntimeInfo(platform=MAC, version=17.2, build=20.08.2022 16.50)
23:21:47.914 [FXGL Background Thread 3 ] DEBUG Engine               - saveFileExt: sav
23:21:47.914 [FXGL Background Thread 3 ] DEBUG Engine               - scaledHeightProp$fxgl: DoubleProperty [bound, value: 360.0]
23:21:47.914 [FXGL Background Thread 3 ] DEBUG Engine               - scaledWidthProp$fxgl: DoubleProperty [bound, value: 800.0]
23:21:47.914 [FXGL Background Thread 3 ] DEBUG Engine               - sceneFactory: com.almasb.fxgl.app.scene.SceneFactory@20861c0d
23:21:47.914 [FXGL Background Thread 3 ] DEBUG Engine               - secondsIn24h: 60
23:21:47.914 [FXGL Background Thread 3 ] DEBUG Engine               - soundMenuBack: menu/back.wav
23:21:47.914 [FXGL Background Thread 3 ] DEBUG Engine               - soundMenuPress: menu/press.wav
23:21:47.914 [FXGL Background Thread 3 ] DEBUG Engine               - soundMenuSelect: menu/select.wav
23:21:47.915 [FXGL Background Thread 3 ] DEBUG Engine               - soundNotification: core/notification.wav
23:21:47.915 [FXGL Background Thread 3 ] DEBUG Engine               - stageStyle: DECORATED
23:21:47.915 [FXGL Background Thread 3 ] DEBUG Engine               - supportedLanguages: [ENGLISH, FRENCH, GERMAN, HUNGARIAN, RUSSIAN]
23:21:47.915 [FXGL Background Thread 3 ] DEBUG Engine               - ticksPerSecond: -1
23:21:47.915 [FXGL Background Thread 3 ] DEBUG Engine               - title: Soot(sin)
23:21:47.915 [FXGL Background Thread 3 ] DEBUG Engine               - urlGithub: https://github.com/AlmasB/FXGL
23:21:47.915 [FXGL Background Thread 3 ] DEBUG Engine               - urlLeaderboard: http://fxgl-top.herokuapp.com/
23:21:47.915 [FXGL Background Thread 3 ] DEBUG Engine               - urlPOM: https://raw.githubusercontent.com/AlmasB/FXGL/release/README.md
23:21:47.915 [FXGL Background Thread 3 ] DEBUG Engine               - userAppClass: class com.example.proj.SootApp
23:21:47.915 [FXGL Background Thread 3 ] DEBUG Engine               - version: 0.0
23:21:47.915 [FXGL Background Thread 3 ] DEBUG Engine               - versionCheckDays: 7
23:21:47.915 [FXGL Background Thread 3 ] DEBUG Engine               - width: 800
23:21:47.915 [FXGL Background Thread 3 ] DEBUG Engine               - Logging services
23:21:47.915 [FXGL Background Thread 3 ] DEBUG Engine               - class com.almasb.fxgl.app.services.FXGLAssetLoaderService
23:21:47.915 [FXGL Background Thread 3 ] DEBUG Engine               - class com.almasb.fxgl.app.FXGLApplication$GameApplicationService
23:21:47.915 [FXGL Background Thread 3 ] DEBUG Engine               - class com.almasb.fxgl.app.services.FXGLDialogService
23:21:47.915 [FXGL Background Thread 3 ] DEBUG Engine               - class com.almasb.fxgl.app.services.IOTaskExecutorService
23:21:47.915 [FXGL Background Thread 3 ] DEBUG Engine               - class com.almasb.fxgl.io.FileSystemService
23:21:47.915 [FXGL Background Thread 3 ] DEBUG Engine               - class com.almasb.fxgl.localization.LocalizationService
23:21:47.915 [FXGL Background Thread 3 ] DEBUG Engine               - class com.almasb.fxgl.app.services.SystemBundleService
23:21:47.915 [FXGL Background Thread 3 ] DEBUG Engine               - class com.almasb.fxgl.profile.SaveLoadService
23:21:47.915 [FXGL Background Thread 3 ] DEBUG Engine               - class com.almasb.fxgl.ui.FXGLUIFactoryServiceProvider
23:21:47.915 [FXGL Background Thread 3 ] DEBUG Engine               - class com.almasb.fxgl.ui.FXGLDialogFactoryServiceProvider
23:21:47.915 [FXGL Background Thread 3 ] DEBUG Engine               - class com.almasb.fxgl.audio.AudioPlayer
23:21:47.915 [FXGL Background Thread 3 ] DEBUG Engine               - class com.almasb.fxgl.notification.impl.NotificationServiceProvider
23:21:47.916 [FXGL Background Thread 3 ] DEBUG Engine               - class com.almasb.fxgl.achievement.AchievementService
23:21:47.916 [FXGL Background Thread 3 ] DEBUG Engine               - class com.almasb.fxgl.cutscene.CutsceneService
23:21:47.916 [FXGL Background Thread 3 ] DEBUG Engine               - class com.almasb.fxgl.minigames.MiniGameService
23:21:47.916 [FXGL Background Thread 3 ] DEBUG Engine               - class com.almasb.fxgl.net.NetService
23:21:47.916 [FXGL Background Thread 3 ] DEBUG Engine               - class com.almasb.fxgl.app.services.UpdaterService
23:21:47.916 [FXGL Background Thread 3 ] DEBUG Engine               - class com.almasb.fxgl.dev.DevService
23:21:52.752 [JavaFX Application Thread] DEBUG PrimaryStageWindow   - Pop state: DialogSubScene
23:21:52.753 [JavaFX Application Thread] DEBUG Input                - Clearing active input actions
23:21:52.754 [JavaFX Application Thread] DEBUG GameApplicationServi - Removing overlay from DialogSubScene and adding to GameScene
23:21:52.755 [JavaFX Application Thread] DEBUG PrimaryStageWindow   - GameScene <- DialogSubScene
23:21:54.618 [JavaFX Application Thread] DEBUG PrimaryStageWindow   - Push state: DialogSubScene
23:21:54.619 [JavaFX Application Thread] DEBUG Input                - Clearing active input actions
23:21:54.621 [JavaFX Application Thread] DEBUG GameApplicationServi - Removing overlay from GameScene and adding to DialogSubScene
23:21:54.621 [JavaFX Application Thread] DEBUG PrimaryStageWindow   - GameScene -> DialogSubScene
23:22:00.757 [JavaFX Application Thread] DEBUG PrimaryStageWindow   - Pop state: DialogSubScene
23:22:00.757 [JavaFX Application Thread] DEBUG Input                - Clearing active input actions
23:22:00.758 [JavaFX Application Thread] DEBUG GameApplicationServi - Removing overlay from DialogSubScene and adding to GameScene
23:22:00.759 [JavaFX Application Thread] DEBUG PrimaryStageWindow   - GameScene <- DialogSubScene
23:22:02.278 [JavaFX Application Thread] DEBUG PrimaryStageWindow   - Push state: DialogSubScene
23:22:02.278 [JavaFX Application Thread] DEBUG Input                - Clearing active input actions
23:22:02.279 [JavaFX Application Thread] DEBUG GameApplicationServi - Removing overlay from GameScene and adding to DialogSubScene
23:22:02.279 [JavaFX Application Thread] DEBUG PrimaryStageWindow   - GameScene -> DialogSubScene
23:22:08.738 [JavaFX Application Thread] DEBUG PrimaryStageWindow   - Pop state: DialogSubScene
23:22:08.738 [JavaFX Application Thread] DEBUG Input                - Clearing active input actions
23:22:08.739 [JavaFX Application Thread] DEBUG GameApplicationServi - Removing overlay from DialogSubScene and adding to GameScene
23:22:08.740 [JavaFX Application Thread] DEBUG PrimaryStageWindow   - GameScene <- DialogSubScene
23:22:12.367 [JavaFX Application Thread] DEBUG FXGLApplication      - Exiting FXGL
23:22:12.367 [JavaFX Application Thread] DEBUG LoopRunner           - Stopping loop
23:22:12.367 [JavaFX Application Thread] DEBUG SystemBundleService  - Saving FXGL system data
23:22:12.370 [JavaFX Application Thread] DEBUG FileSystemAccess     - Writing to: /Users/olive/Documents/GitHub/Project-Winter/system/fxgl.bundle
23:22:12.372 [JavaFX Application Thread] DEBUG Async                - Shutting down background threads
23:22:12.372 [JavaFX Application Thread] DEBUG PrimaryStageWindow   - Closing main window
23:22:12.380 [JavaFX Application Thread] DEBUG Logger               - Closing Logger
