19:23:19.389 [main                     ] DEBUG Logger               - Configured Logger
19:23:19.426 [main                     ] DEBUG GameApplication      - Logging settings
Title: Soot(sin)
Version: 0.0
Width: 450
Height: 360
Fullscreen: false
Intro: false
Profiling: false
Single step:false
App Mode: DEVELOPER
Menu Key: ESCAPE
Stage Style: DECORATED
Scene Factory: class com.almasb.fxgl.app.scene.SceneFactory

19:23:19.814 [JavaFX Application Thread] DEBUG FXGLApplication      - Initializing FXGL
19:23:19.822 [JavaFX Application Thread] INFO  Engine               - FXGL-17.2 (20.08.2022 16.50) on WINDOWS (J:18.0.2.1 FX:18.0.2)
19:23:19.823 [JavaFX Application Thread] DEBUG Engine               - JRE Vendor Name: Oracle Corporation
19:23:19.823 [JavaFX Application Thread] DEBUG Engine               - Running on OS: Windows 11 version 10.0
19:23:19.824 [JavaFX Application Thread] DEBUG Engine               - Architecture: amd64
19:23:19.824 [JavaFX Application Thread] INFO  Engine               - Source code and latest versions at: https://github.com/AlmasB/FXGL
19:23:19.824 [JavaFX Application Thread] INFO  Engine               -       Ask questions and discuss at: https://github.com/AlmasB/FXGL/discussions
19:23:19.824 [JavaFX Application Thread] INFO  Engine               -              Join the FXGL chat at: https://gitter.im/AlmasB/FXGL
19:23:19.935 [JavaFX Application Thread] DEBUG PrimaryStageWindow   - Creating a JavaFX scene
19:23:19.993 [JavaFX Application Thread] DEBUG PrimaryStageWindow   - Target settings size: 450.0 x 360.0
19:23:19.994 [JavaFX Application Thread] DEBUG PrimaryStageWindow   - Scaled scene size:    450.0 x 360.0
19:23:19.994 [JavaFX Application Thread] DEBUG PrimaryStageWindow   - Scaled ratio: (1.0, 1.0)
19:23:19.996 [JavaFX Application Thread] DEBUG PrimaryStageWindow   - Set initial scene to FXGLStartupScene
19:23:20.009 [JavaFX Application Thread] DEBUG PrimaryStageWindow   - Opening main window
19:23:20.148 [JavaFX Application Thread] DEBUG PrimaryStageWindow   - Window border size: (14.666656494140625, 37.333343505859375)
19:23:20.148 [JavaFX Application Thread] DEBUG PrimaryStageWindow   - Scaled size: 450.0 x 360.0
19:23:20.148 [JavaFX Application Thread] DEBUG PrimaryStageWindow   - Scaled ratio: (1.0, 1.0)
19:23:20.149 [JavaFX Application Thread] DEBUG PrimaryStageWindow   - Scene size: 450.0 x 360.0
19:23:20.150 [JavaFX Application Thread] DEBUG PrimaryStageWindow   - Stage size: 464.6666564941406 x 397.3333435058594
19:23:20.161 [FXGL Background Thread 1 ] DEBUG Engine               - Initializing environment variables
19:23:20.244 [FXGL Background Thread 1 ] DEBUG FXGLAssetLoaderServi - User app class for loading assets: class com.example.proj.SootApp
19:23:20.245 [FXGL Background Thread 1 ] DEBUG GameApplicationServi - Applying CSS: fxgl_dark.css
19:23:20.246 [FXGL Background Thread 1 ] DEBUG FXGLAssetLoaderServi - Loading from file system: jar:file:///C:/Users/aasth/.m2/repository/com/github/almasb/fxgl/17.2/fxgl-17.2.jar!/fxglassets/ui/css/fxgl_dark.css
19:23:20.317 [FXGL Background Thread 1 ] DEBUG GameApplicationServi - Initializing application scenes
19:23:20.363 [FXGL Background Thread 1 ] DEBUG GameWorld            - Game world initialized
19:23:20.443 [FXGL Background Thread 1 ] DEBUG PhysicsWorld         - Physics world initialized: appHeight=360, physics.ppm=50.0
19:23:20.444 [FXGL Background Thread 1 ] DEBUG PhysicsWorld         - Using strategy: BRUTE_FORCE
19:23:20.451 [FXGL Background Thread 1 ] DEBUG GameScene            - Game scene initialized: 450x360
19:23:20.467 [FXGL Background Thread 1 ] WARN  FXGL.DefaultMenu     - FXGLDefaultMenu is not designed for resolutions < 800x600
19:23:20.467 [FXGL Background Thread 1 ] DEBUG FXGL.DefaultMenu     - createMenuBodyGameMenu()
19:23:20.482 [FXGL Background Thread 1 ] DEBUG FXGL.DefaultMenu     - createOptionsMenu()
19:23:20.499 [FXGL Background Thread 1 ] DEBUG FXGLAssetLoaderServi - Loading from file system: jar:file:///C:/Users/aasth/.m2/repository/com/github/almasb/fxgl/17.2/fxgl-17.2.jar!/fxglassets/textures/particles/smoke.png
19:23:20.606 [FXGL Background Thread 1 ] DEBUG FXGLAssetLoaderServi - Loading from file system: jar:file:///C:/Users/aasth/.m2/repository/com/github/almasb/fxgl/17.2/fxgl-17.2.jar!/fxglassets/textures/particles/trace_horizontal.png
19:23:20.648 [FXGL Background Thread 1 ] DEBUG GameApplicationServi - Application scenes initialized
19:23:20.668 [FXGL Background Thread 1 ] DEBUG SystemBundleService  - Loading FXGL system data
19:23:20.679 [FXGL Background Thread 1 ] DEBUG FileSystemAccess     - Reading from: C:\Users\aasth\OneDrive\Documents\GitHub\Project-Winter\system\fxgl.bundle
19:23:20.695 [FXGL Background Thread 1 ] DEBUG SystemBundleService  - Bundle FXGL: {}
19:23:20.696 [FXGL Background Thread 1 ] DEBUG UpdaterService       - Checking for updates
19:23:20.701 [FXGL Background Thread 4 ] DEBUG FXGLApplication      - Loading fonts
19:23:20.701 [FXGL Background Thread 1 ] DEBUG FXGLApplication      - Loading default localization
19:23:20.701 [FXGL Background Thread 4 ] DEBUG FXGLAssetLoaderServi - Loading from file system: jar:file:///C:/Users/aasth/.m2/repository/com/github/almasb/fxgl/17.2/fxgl-17.2.jar!/fxglassets/ui/fonts/VarelaRound-Regular.ttf
19:23:20.703 [FXGL Background Thread 1 ] DEBUG FXGLAssetLoaderServi - Loading from file system: jar:file:///C:/Users/aasth/.m2/repository/com/github/almasb/fxgl/17.2/fxgl-17.2.jar!/fxglassets/languages/english.lang
19:23:20.733 [FXGL Background Thread 1 ] INFO  FXGLApplication      - FXGL initialization took: 0.571 sec
19:23:20.755 [JavaFX Application Thread] DEBUG Input                - Registered new binding: left - Left
19:23:20.755 [JavaFX Application Thread] DEBUG Input                - Registered new binding: right - Right
19:23:20.755 [JavaFX Application Thread] DEBUG Input                - Registered new binding: jump - Up
19:23:20.756 [JavaFX Application Thread] DEBUG FXGLAssetLoaderServi - Loading from file system: jar:file:///C:/Users/aasth/.m2/repository/com/github/almasb/fxgl/17.2/fxgl-17.2.jar!/fxglassets/textures/fxgl_icon.png
19:23:20.793 [JavaFX Application Thread] DEBUG FXGLAssetLoaderServi - Loading from file system: jar:file:///C:/Users/aasth/.m2/repository/com/github/almasb/fxgl/17.2/fxgl-17.2.jar!/fxglassets/textures/fxgl_default_cursor.png
19:23:20.798 [JavaFX Application Thread] DEBUG Input                - Registered new binding: Screenshot - CTRL+8
19:23:20.801 [JavaFX Application Thread] DEBUG Input                - Registered new binding: System info dump - CTRL+9
19:23:20.802 [JavaFX Application Thread] DEBUG Input                - Registered new binding: Restart - CTRL+R
19:23:20.805 [JavaFX Application Thread] DEBUG Input                - Registered new binding: Toggle Debug Camera - CTRL+7
19:23:20.809 [JavaFX Application Thread] DEBUG LoopRunner           - Starting loop
19:23:20.809 [JavaFX Application Thread] DEBUG LoopRunner           - Initializing JavaFX AnimationTimerLoop
19:23:20.812 [JavaFX Application Thread] DEBUG GameApplicationServi - Starting new game
19:23:20.814 [JavaFX Application Thread] DEBUG Input                - Clearing active input actions
19:23:20.821 [FXGL Background Thread 4 ] DEBUG FXGLAssetLoaderServi - Loading from file system: jar:file:///C:/Users/aasth/.m2/repository/com/github/almasb/fxgl/17.2/fxgl-17.2.jar!/fxglassets/ui/fonts/Abel-Regular.ttf
19:23:20.825 [FXGL Background Thread 4 ] DEBUG FXGLAssetLoaderServi - Loading from file system: jar:file:///C:/Users/aasth/.m2/repository/com/github/almasb/fxgl/17.2/fxgl-17.2.jar!/fxglassets/ui/fonts/TerminalLandMono-Regular.otf
19:23:20.831 [FXGL Background Thread 4 ] DEBUG FXGLAssetLoaderServi - Loading from file system: jar:file:///C:/Users/aasth/.m2/repository/com/github/almasb/fxgl/17.2/fxgl-17.2.jar!/fxglassets/ui/fonts/Courier-Prime.ttf
19:23:20.832 [JavaFX Application Thread] DEBUG GameApplicationServi - Removing overlay from FXGLStartupScene and adding to FXGLLoadingScene
19:23:20.833 [JavaFX Application Thread] DEBUG PrimaryStageWindow   - FXGLStartupScene -> FXGLLoadingScene
19:23:20.833 [JavaFX Application Thread] DEBUG GameApplicationServi - Clearing previous game
19:23:20.833 [JavaFX Application Thread] DEBUG GameScene            - Clearing game scene
19:23:20.833 [JavaFX Application Thread] DEBUG GameWorld            - Clearing game world
19:23:20.833 [JavaFX Application Thread] DEBUG PhysicsWorld         - Clearing physics world
19:23:20.838 [FXGL Background Thread 1 ] DEBUG FXGLApplication      - Initializing game
19:23:20.908 [JavaFX Application Thread] DEBUG FXGLApplication      - Registering font factories with UI factory
19:23:20.989 [FXGL Background Thread 1 ] DEBUG TMXLevelLoader       - Parsed TiledMap: file:/C:/Users/aasth/OneDrive/Documents/GitHub/Project-Winter/proj/target/classes/assets/levels/tmx/Plat1.9.0.tmx
19:23:20.991 [FXGL Background Thread 1 ] DEBUG TMXLevelLoader       - Creating tile layer entities
19:23:20.994 [FXGL Background Thread 1 ] DEBUG TilesetLoader        - Loading view for layer Tile Layer 1
19:23:21.005 [FXGL Background Thread 1 ] DEBUG TilesetLoader        - Created buffer with size 450.0x360.0
19:23:21.027 [FXGL Background Thread 1 ] DEBUG TMXLevelLoader       - Creating object layer entities
19:23:21.073 [FXGL Background Thread 1 ] DEBUG GameWorld            - Clearing removable entities
19:23:21.074 [FXGL Background Thread 1 ] DEBUG GameWorld            - Setting level: com.almasb.fxgl.entity.level.Level@7bfb0097
19:23:21.089 [FXGL Background Thread 1 ] DEBUG FXGLAssetLoaderServi - Loading from file system: file:/C:/Users/aasth/OneDrive/Documents/GitHub/Project-Winter/proj/target/classes/assets/textures/finalSOOT.gif
19:23:21.104 [FXGL Background Thread 1 ] WARN  Entity               - Entity already has component: com.example.proj.component.PlayerControl
19:23:21.105 [FXGL Background Thread 1 ] INFO  FXGLApplication      - Game initialization took: 0.268 sec
19:23:21.110 [JavaFX Application Thread] DEBUG Input                - Clearing active input actions
19:23:21.143 [JavaFX Application Thread] DEBUG GameApplicationServi - Removing overlay from FXGLLoadingScene and adding to GameScene
19:23:21.143 [JavaFX Application Thread] DEBUG PrimaryStageWindow   - FXGLLoadingScene -> GameScene
19:23:21.513 [FXGL Background Thread 2 ] INFO  UpdaterService       - Your current version:  17.2
19:23:21.514 [FXGL Background Thread 2 ] INFO  UpdaterService       - Latest stable version: 21
19:23:23.699 [FXGL Background Thread 3 ] DEBUG Engine               - Logging environment variables
19:23:23.701 [FXGL Background Thread 3 ] DEBUG Engine               - achievements: []
19:23:23.701 [FXGL Background Thread 3 ] DEBUG Engine               - actualHeight: 360.0
19:23:23.701 [FXGL Background Thread 3 ] DEBUG Engine               - actualHeightProperty: ReadOnlyDoubleProperty [value: 360.0]
19:23:23.701 [FXGL Background Thread 3 ] DEBUG Engine               - actualWidth: 450.0
19:23:23.701 [FXGL Background Thread 3 ] DEBUG Engine               - actualWidthProperty: ReadOnlyDoubleProperty [value: 450.0]
19:23:23.702 [FXGL Background Thread 3 ] DEBUG Engine               - appIcon: fxgl_icon.png
19:23:23.702 [FXGL Background Thread 3 ] DEBUG Engine               - applicationMode: DEVELOPER
19:23:23.702 [FXGL Background Thread 3 ] DEBUG Engine               - cSSList: [fxgl_dark.css]
19:23:23.702 [FXGL Background Thread 3 ] DEBUG Engine               - collisionDetectionStrategy: BRUTE_FORCE
19:23:23.702 [FXGL Background Thread 3 ] DEBUG Engine               - configClass: Optional.empty
19:23:23.702 [FXGL Background Thread 3 ] DEBUG Engine               - credits: []
19:23:23.703 [FXGL Background Thread 3 ] DEBUG Engine               - defaultCursor: CursorInfo(imageName=fxgl_default_cursor.png, hotspotX=7.0, hotspotY=6.0)
19:23:23.703 [FXGL Background Thread 3 ] DEBUG Engine               - devBBoxColorProperty: ObjectProperty [value: 0xff0000ff]
19:23:23.703 [FXGL Background Thread 3 ] DEBUG Engine               - devEnableDebugCameraProperty: BooleanProperty [value: false]
19:23:23.704 [FXGL Background Thread 3 ] DEBUG Engine               - devSensorColorProperty: ObjectProperty [value: 0xffff00ff]
19:23:23.704 [FXGL Background Thread 3 ] DEBUG Engine               - devShowBBoxProperty: BooleanProperty [value: false]
19:23:23.704 [FXGL Background Thread 3 ] DEBUG Engine               - devShowPositionProperty: BooleanProperty [value: false]
19:23:23.704 [FXGL Background Thread 3 ] DEBUG Engine               - enabledMenuItems: []
19:23:23.704 [FXGL Background Thread 3 ] DEBUG Engine               - engineServices: [class com.almasb.fxgl.app.services.FXGLAssetLoaderService, class com.almasb.fxgl.app.FXGLApplication$GameApplicationService, class com.almasb.fxgl.app.services.FXGLDialogService, class com.almasb.fxgl.app.services.IOTaskExecutorService, class com.almasb.fxgl.io.FileSystemService, class com.almasb.fxgl.localization.LocalizationService, class com.almasb.fxgl.app.services.SystemBundleService, class com.almasb.fxgl.profile.SaveLoadService, class com.almasb.fxgl.ui.FXGLUIFactoryServiceProvider, class com.almasb.fxgl.ui.FXGLDialogFactoryServiceProvider, class com.almasb.fxgl.audio.AudioPlayer, class com.almasb.fxgl.notification.impl.NotificationServiceProvider, class com.almasb.fxgl.achievement.AchievementService, class com.almasb.fxgl.cutscene.CutsceneService, class com.almasb.fxgl.minigames.MiniGameService, class com.almasb.fxgl.net.NetService, class com.almasb.fxgl.app.services.UpdaterService, class com.almasb.fxgl.dev.DevService]
19:23:23.705 [FXGL Background Thread 3 ] DEBUG Engine               - fontGame: Abel-Regular.ttf
19:23:23.705 [FXGL Background Thread 3 ] DEBUG Engine               - fontMono: TerminalLandMono-Regular.otf
19:23:23.705 [FXGL Background Thread 3 ] DEBUG Engine               - fontText: Courier-Prime.ttf
19:23:23.705 [FXGL Background Thread 3 ] DEBUG Engine               - fontUI: VarelaRound-Regular.ttf
19:23:23.705 [FXGL Background Thread 3 ] DEBUG Engine               - fullScreen: BooleanProperty [value: false]
19:23:23.705 [FXGL Background Thread 3 ] DEBUG Engine               - gameDifficulty: MEDIUM
19:23:23.706 [FXGL Background Thread 3 ] DEBUG Engine               - gameDifficultyProperty: ObjectProperty [value: MEDIUM]
19:23:23.706 [FXGL Background Thread 3 ] DEBUG Engine               - globalMusicVolume: 0.5
19:23:23.706 [FXGL Background Thread 3 ] DEBUG Engine               - globalMusicVolumeProperty: DoubleProperty [value: 0.5]
19:23:23.706 [FXGL Background Thread 3 ] DEBUG Engine               - globalSoundVolume: 0.5
19:23:23.706 [FXGL Background Thread 3 ] DEBUG Engine               - globalSoundVolumeProperty: DoubleProperty [value: 0.5]
19:23:23.706 [FXGL Background Thread 3 ] DEBUG Engine               - height: 360
19:23:23.706 [FXGL Background Thread 3 ] DEBUG Engine               - is3D: false
19:23:23.706 [FXGL Background Thread 3 ] DEBUG Engine               - isAndroid: false
19:23:23.706 [FXGL Background Thread 3 ] DEBUG Engine               - isBrowser: false
19:23:23.706 [FXGL Background Thread 3 ] DEBUG Engine               - isClickFeedbackEnabled: false
19:23:23.707 [FXGL Background Thread 3 ] DEBUG Engine               - isCloseConfirmation: false
19:23:23.707 [FXGL Background Thread 3 ] DEBUG Engine               - isDesktop: true
19:23:23.707 [FXGL Background Thread 3 ] DEBUG Engine               - isDeveloperMenuEnabled: false
19:23:23.707 [FXGL Background Thread 3 ] DEBUG Engine               - isEmbedded: false
19:23:23.707 [FXGL Background Thread 3 ] DEBUG Engine               - isEntityPreloadEnabled: true
19:23:23.707 [FXGL Background Thread 3 ] DEBUG Engine               - isExperimentalTiledLargeMap: false
19:23:23.707 [FXGL Background Thread 3 ] DEBUG Engine               - isFileSystemWriteAllowed: true
19:23:23.707 [FXGL Background Thread 3 ] DEBUG Engine               - isFullScreenAllowed: false
19:23:23.707 [FXGL Background Thread 3 ] DEBUG Engine               - isFullScreenFromStart: false
19:23:23.707 [FXGL Background Thread 3 ] DEBUG Engine               - isGameMenuEnabled: true
19:23:23.707 [FXGL Background Thread 3 ] DEBUG Engine               - isIOS: false
19:23:23.708 [FXGL Background Thread 3 ] DEBUG Engine               - isIntroEnabled: false
19:23:23.708 [FXGL Background Thread 3 ] DEBUG Engine               - isLinux: false
19:23:23.708 [FXGL Background Thread 3 ] DEBUG Engine               - isMac: false
19:23:23.708 [FXGL Background Thread 3 ] DEBUG Engine               - isMainMenuEnabled: false
19:23:23.708 [FXGL Background Thread 3 ] DEBUG Engine               - isManualResizeEnabled: false
19:23:23.708 [FXGL Background Thread 3 ] DEBUG Engine               - isMobile: false
19:23:23.708 [FXGL Background Thread 3 ] DEBUG Engine               - isNative: false
19:23:23.708 [FXGL Background Thread 3 ] DEBUG Engine               - isPauseMusicWhenMinimized: true
19:23:23.708 [FXGL Background Thread 3 ] DEBUG Engine               - isPreserveResizeRatio: false
19:23:23.709 [FXGL Background Thread 3 ] DEBUG Engine               - isProfilingEnabled: false
19:23:23.709 [FXGL Background Thread 3 ] DEBUG Engine               - isScaleAffectedOnResize: true
19:23:23.709 [FXGL Background Thread 3 ] DEBUG Engine               - isSingleStep: false
19:23:23.709 [FXGL Background Thread 3 ] DEBUG Engine               - isUserProfileEnabled: false
19:23:23.709 [FXGL Background Thread 3 ] DEBUG Engine               - isWindows: true
19:23:23.709 [FXGL Background Thread 3 ] DEBUG Engine               - language: ObjectProperty [value: ENGLISH]
19:23:23.709 [FXGL Background Thread 3 ] DEBUG Engine               - menuKey: ESCAPE
19:23:23.709 [FXGL Background Thread 3 ] DEBUG Engine               - mouseSensitivity: 0.2
19:23:23.709 [FXGL Background Thread 3 ] DEBUG Engine               - notificationViewClass: class com.almasb.fxgl.notification.view.XboxNotificationView
19:23:23.709 [FXGL Background Thread 3 ] DEBUG Engine               - pixelsPerMeter: 50.0
19:23:23.709 [FXGL Background Thread 3 ] DEBUG Engine               - platform: WINDOWS
19:23:23.709 [FXGL Background Thread 3 ] DEBUG Engine               - prefHeightProperty: ReadOnlyDoubleProperty [value: 360.0]
19:23:23.710 [FXGL Background Thread 3 ] DEBUG Engine               - prefWidthProperty: ReadOnlyDoubleProperty [value: 450.0]
19:23:23.710 [FXGL Background Thread 3 ] DEBUG Engine               - profileDir: profiles/
19:23:23.710 [FXGL Background Thread 3 ] DEBUG Engine               - profileName: StringProperty [value: DEFAULT]
19:23:23.710 [FXGL Background Thread 3 ] DEBUG Engine               - randomSeed: -1
19:23:23.710 [FXGL Background Thread 3 ] DEBUG Engine               - runtimeInfo: RuntimeInfo(platform=WINDOWS, version=17.2, build=20.08.2022 16.50)
19:23:23.710 [FXGL Background Thread 3 ] DEBUG Engine               - saveFileExt: sav
19:23:23.710 [FXGL Background Thread 3 ] DEBUG Engine               - scaledHeightProp$fxgl: DoubleProperty [bound, value: 360.0]
19:23:23.710 [FXGL Background Thread 3 ] DEBUG Engine               - scaledWidthProp$fxgl: DoubleProperty [bound, value: 450.0]
19:23:23.710 [FXGL Background Thread 3 ] DEBUG Engine               - sceneFactory: com.almasb.fxgl.app.scene.SceneFactory@3d3ef9c8
19:23:23.710 [FXGL Background Thread 3 ] DEBUG Engine               - secondsIn24h: 60
19:23:23.710 [FXGL Background Thread 3 ] DEBUG Engine               - soundMenuBack: menu/back.wav
19:23:23.711 [FXGL Background Thread 3 ] DEBUG Engine               - soundMenuPress: menu/press.wav
19:23:23.711 [FXGL Background Thread 3 ] DEBUG Engine               - soundMenuSelect: menu/select.wav
19:23:23.711 [FXGL Background Thread 3 ] DEBUG Engine               - soundNotification: core/notification.wav
19:23:23.711 [FXGL Background Thread 3 ] DEBUG Engine               - stageStyle: DECORATED
19:23:23.711 [FXGL Background Thread 3 ] DEBUG Engine               - supportedLanguages: [ENGLISH, FRENCH, GERMAN, HUNGARIAN, RUSSIAN]
19:23:23.711 [FXGL Background Thread 3 ] DEBUG Engine               - ticksPerSecond: -1
19:23:23.711 [FXGL Background Thread 3 ] DEBUG Engine               - title: Soot(sin)
19:23:23.711 [FXGL Background Thread 3 ] DEBUG Engine               - urlGithub: https://github.com/AlmasB/FXGL
19:23:23.711 [FXGL Background Thread 3 ] DEBUG Engine               - urlLeaderboard: http://fxgl-top.herokuapp.com/
19:23:23.711 [FXGL Background Thread 3 ] DEBUG Engine               - urlPOM: https://raw.githubusercontent.com/AlmasB/FXGL/release/README.md
19:23:23.711 [FXGL Background Thread 3 ] DEBUG Engine               - userAppClass: class com.example.proj.SootApp
19:23:23.711 [FXGL Background Thread 3 ] DEBUG Engine               - version: 0.0
19:23:23.711 [FXGL Background Thread 3 ] DEBUG Engine               - versionCheckDays: 7
19:23:23.711 [FXGL Background Thread 3 ] DEBUG Engine               - width: 450
19:23:23.711 [FXGL Background Thread 3 ] DEBUG Engine               - Logging services
19:23:23.711 [FXGL Background Thread 3 ] DEBUG Engine               - class com.almasb.fxgl.app.services.FXGLAssetLoaderService
19:23:23.711 [FXGL Background Thread 3 ] DEBUG Engine               - class com.almasb.fxgl.app.FXGLApplication$GameApplicationService
19:23:23.711 [FXGL Background Thread 3 ] DEBUG Engine               - class com.almasb.fxgl.app.services.FXGLDialogService
19:23:23.711 [FXGL Background Thread 3 ] DEBUG Engine               - class com.almasb.fxgl.app.services.IOTaskExecutorService
19:23:23.711 [FXGL Background Thread 3 ] DEBUG Engine               - class com.almasb.fxgl.io.FileSystemService
19:23:23.711 [FXGL Background Thread 3 ] DEBUG Engine               - class com.almasb.fxgl.localization.LocalizationService
19:23:23.712 [FXGL Background Thread 3 ] DEBUG Engine               - class com.almasb.fxgl.app.services.SystemBundleService
19:23:23.712 [FXGL Background Thread 3 ] DEBUG Engine               - class com.almasb.fxgl.profile.SaveLoadService
19:23:23.712 [FXGL Background Thread 3 ] DEBUG Engine               - class com.almasb.fxgl.ui.FXGLUIFactoryServiceProvider
19:23:23.712 [FXGL Background Thread 3 ] DEBUG Engine               - class com.almasb.fxgl.ui.FXGLDialogFactoryServiceProvider
19:23:23.712 [FXGL Background Thread 3 ] DEBUG Engine               - class com.almasb.fxgl.audio.AudioPlayer
19:23:23.712 [FXGL Background Thread 3 ] DEBUG Engine               - class com.almasb.fxgl.notification.impl.NotificationServiceProvider
19:23:23.712 [FXGL Background Thread 3 ] DEBUG Engine               - class com.almasb.fxgl.achievement.AchievementService
19:23:23.712 [FXGL Background Thread 3 ] DEBUG Engine               - class com.almasb.fxgl.cutscene.CutsceneService
19:23:23.712 [FXGL Background Thread 3 ] DEBUG Engine               - class com.almasb.fxgl.minigames.MiniGameService
19:23:23.712 [FXGL Background Thread 3 ] DEBUG Engine               - class com.almasb.fxgl.net.NetService
19:23:23.712 [FXGL Background Thread 3 ] DEBUG Engine               - class com.almasb.fxgl.app.services.UpdaterService
19:23:23.712 [FXGL Background Thread 3 ] DEBUG Engine               - class com.almasb.fxgl.dev.DevService
19:23:31.150 [JavaFX Application Thread] DEBUG PrimaryStageWindow   - Push state: DialogSubScene
19:23:31.151 [JavaFX Application Thread] DEBUG Input                - Clearing active input actions
19:23:31.154 [JavaFX Application Thread] DEBUG GameApplicationServi - Removing overlay from GameScene and adding to DialogSubScene
19:23:31.155 [JavaFX Application Thread] DEBUG PrimaryStageWindow   - GameScene -> DialogSubScene
19:23:31.158 [JavaFX Application Thread] DEBUG LoopRunner           - Stopping loop
19:23:31.159 [JavaFX Application Thread] FATAL FXGLApplication      - Uncaught Exception:
java.lang.NullPointerException: Parameter specified as non-null is null: method com.almasb.fxgl.app.scene.GameScene.removeUINode, parameter n
	at com.almasb.fxgl.all@17.2/com.almasb.fxgl.app.scene.GameScene.removeUINode(GameScene.kt)
	at com.example.proj.main/com.example.proj.SootApp$6.onCollisionBegin(SootApp.java:181)
	at com.almasb.fxgl.entity@17.2/com.almasb.fxgl.physics.CollisionPair.collisionBegin(CollisionPair.java:37)
	at com.almasb.fxgl.entity@17.2/com.almasb.fxgl.physics.PhysicsWorld.collisionBeginFor(PhysicsWorld.java:453)
	at com.almasb.fxgl.entity@17.2/com.almasb.fxgl.physics.PhysicsWorld.beginContact(PhysicsWorld.java:235)
	at com.almasb.fxgl.entity@17.2/com.almasb.fxgl.physics.box2d.dynamics.contacts.Contact.update(Contact.java:269)
	at com.almasb.fxgl.entity@17.2/com.almasb.fxgl.physics.box2d.dynamics.ContactManager.collide(ContactManager.java:303)
	at com.almasb.fxgl.entity@17.2/com.almasb.fxgl.physics.box2d.dynamics.World.step(World.java:272)
	at com.almasb.fxgl.entity@17.2/com.almasb.fxgl.physics.PhysicsWorld.onUpdate(PhysicsWorld.java:176)
	at com.almasb.fxgl.all@17.2/com.almasb.fxgl.app.scene.GameScene.step(GameScene.kt:229)
	at com.almasb.fxgl.all@17.2/com.almasb.fxgl.app.scene.GameScene.onUpdate(GameScene.kt:224)
	at com.almasb.fxgl.scene@17.2/com.almasb.fxgl.scene.Scene.update(Scene.kt:105)
	at com.almasb.fxgl.all@17.2/com.almasb.fxgl.app.MainWindow$update$1.invoke(MainWindow.kt:115)
	at com.almasb.fxgl.all@17.2/com.almasb.fxgl.app.MainWindow$update$1.invoke(MainWindow.kt:115)
	at com.almasb.fxgl.core@17.2/com.almasb.fxgl.core.fsm.StateMachine.runOnActiveStates(StateMachine.kt:69)
	at com.almasb.fxgl.all@17.2/com.almasb.fxgl.app.MainWindow.update(MainWindow.kt:115)
	at com.almasb.fxgl.all@17.2/com.almasb.fxgl.app.FXGLApplication$GameApplicationService.onUpdate(FXGLApplication.kt:426)
	at com.almasb.fxgl.all@17.2/com.almasb.fxgl.app.Engine.loop(Engine.kt:134)
	at com.almasb.fxgl.all@17.2/com.almasb.fxgl.app.Engine.access$loop(Engine.kt:24)
	at com.almasb.fxgl.all@17.2/com.almasb.fxgl.app.Engine$loop$1.invoke(Engine.kt:28)
	at com.almasb.fxgl.all@17.2/com.almasb.fxgl.app.Engine$loop$1.invoke(Engine.kt:28)
	at com.almasb.fxgl.all@17.2/com.almasb.fxgl.app.LoopRunner.frame(LoopRunner.kt:103)
	at com.almasb.fxgl.all@17.2/com.almasb.fxgl.app.LoopRunner.access$frame(LoopRunner.kt:23)
	at com.almasb.fxgl.all@17.2/com.almasb.fxgl.app.LoopRunner$impl$2$1.onTick(LoopRunner.kt:57)
	at com.almasb.fxgl.all@17.2/com.almasb.fxgl.app.AnimationTimerLoop$timer$1.handle(LoopRunner.kt:137)
	at javafx.graphics@18.0.2/javafx.animation.AnimationTimer$AnimationTimerReceiver.lambda$handle$0(AnimationTimer.java:58)
	at java.base/java.security.AccessController.doPrivileged(AccessController.java:399)
	at javafx.graphics@18.0.2/javafx.animation.AnimationTimer$AnimationTimerReceiver.handle(AnimationTimer.java:57)
	at javafx.graphics@18.0.2/com.sun.scenario.animation.AbstractPrimaryTimer.timePulseImpl(AbstractPrimaryTimer.java:356)
	at javafx.graphics@18.0.2/com.sun.scenario.animation.AbstractPrimaryTimer$MainLoop.run(AbstractPrimaryTimer.java:266)
	at javafx.graphics@18.0.2/com.sun.javafx.tk.quantum.QuantumToolkit.pulse(QuantumToolkit.java:571)
	at javafx.graphics@18.0.2/com.sun.javafx.tk.quantum.QuantumToolkit.pulse(QuantumToolkit.java:555)
	at javafx.graphics@18.0.2/com.sun.javafx.tk.quantum.QuantumToolkit.pulseFromQueue(QuantumToolkit.java:548)
	at javafx.graphics@18.0.2/com.sun.javafx.tk.quantum.QuantumToolkit.lambda$runToolkit$11(QuantumToolkit.java:352)
	at javafx.graphics@18.0.2/com.sun.glass.ui.InvokeLaterDispatcher$Future.run(InvokeLaterDispatcher.java:96)
	at javafx.graphics@18.0.2/com.sun.glass.ui.win.WinApplication._runLoop(Native Method)
	at javafx.graphics@18.0.2/com.sun.glass.ui.win.WinApplication.lambda$runLoop$3(WinApplication.java:184)
	at java.base/java.lang.Thread.run(Thread.java:833)

19:23:31.159 [JavaFX Application Thread] FATAL FXGLApplication      - Application will now exit
19:23:31.176 [JavaFX Application Thread] DEBUG PrimaryStageWindow   - Push state: ErrorSubScene
19:23:31.176 [JavaFX Application Thread] DEBUG Input                - Clearing active input actions
19:23:31.178 [JavaFX Application Thread] DEBUG GameApplicationServi - Removing overlay from DialogSubScene and adding to ErrorSubScene
19:23:31.178 [JavaFX Application Thread] DEBUG PrimaryStageWindow   - DialogSubScene -> ErrorSubScene
19:23:38.988 [JavaFX Application Thread] DEBUG FXGLApplication      - Exiting FXGL
19:23:38.988 [JavaFX Application Thread] DEBUG Async                - Shutting down background threads
19:23:38.988 [JavaFX Application Thread] DEBUG PrimaryStageWindow   - Closing main window
19:23:39.007 [JavaFX Application Thread] DEBUG Logger               - Closing Logger
