10:02:01.579 [main                     ] DEBUG Logger               - Configured Logger
10:02:01.617 [main                     ] DEBUG GameApplication      - Logging settings
Title: Untitled
Version: 0.0
Width: 800
Height: 600
Fullscreen: false
Intro: false
Profiling: false
Single step:false
App Mode: DEVELOPER
Menu Key: ESCAPE
Stage Style: DECORATED
Scene Factory: class com.almasb.fxgl.app.scene.SceneFactory

10:02:01.948 [JavaFX Application Thread] DEBUG FXGLApplication      - Initializing FXGL
10:02:01.956 [JavaFX Application Thread] INFO  Engine               - FXGL-17.2 (20.08.2022 16.50) on WINDOWS (J:18.0.1.1 FX:18.0.2)
10:02:01.956 [JavaFX Application Thread] DEBUG Engine               - JRE Vendor Name: Oracle Corporation
10:02:01.957 [JavaFX Application Thread] DEBUG Engine               - Running on OS: Windows 10 version 10.0
10:02:01.957 [JavaFX Application Thread] DEBUG Engine               - Architecture: amd64
10:02:01.957 [JavaFX Application Thread] INFO  Engine               - Source code and latest versions at: https://github.com/AlmasB/FXGL
10:02:01.957 [JavaFX Application Thread] INFO  Engine               -       Ask questions and discuss at: https://github.com/AlmasB/FXGL/discussions
10:02:01.958 [JavaFX Application Thread] INFO  Engine               -              Join the FXGL chat at: https://gitter.im/AlmasB/FXGL
10:02:02.074 [JavaFX Application Thread] DEBUG PrimaryStageWindow   - Creating a JavaFX scene
10:02:02.124 [JavaFX Application Thread] DEBUG PrimaryStageWindow   - Target settings size: 800.0 x 600.0
10:02:02.124 [JavaFX Application Thread] DEBUG PrimaryStageWindow   - Scaled scene size:    800.0 x 600.0
10:02:02.125 [JavaFX Application Thread] DEBUG PrimaryStageWindow   - Scaled ratio: (1.0, 1.0)
10:02:02.126 [JavaFX Application Thread] DEBUG PrimaryStageWindow   - Set initial scene to FXGLStartupScene
10:02:02.135 [JavaFX Application Thread] DEBUG PrimaryStageWindow   - Opening main window
10:02:02.221 [JavaFX Application Thread] DEBUG PrimaryStageWindow   - Window border size: (16.0, 39.0)
10:02:02.221 [JavaFX Application Thread] DEBUG PrimaryStageWindow   - Scaled size: 800.0 x 600.0
10:02:02.222 [JavaFX Application Thread] DEBUG PrimaryStageWindow   - Scaled ratio: (1.0, 1.0)
10:02:02.222 [JavaFX Application Thread] DEBUG PrimaryStageWindow   - Scene size: 800.0 x 600.0
10:02:02.223 [JavaFX Application Thread] DEBUG PrimaryStageWindow   - Stage size: 816.0 x 639.0
10:02:02.232 [FXGL Background Thread 1 ] DEBUG Engine               - Initializing environment variables
10:02:02.295 [FXGL Background Thread 1 ] DEBUG FXGLAssetLoaderServi - User app class for loading assets: class com.example.proj.SootApp
10:02:02.295 [FXGL Background Thread 1 ] DEBUG GameApplicationServi - Applying CSS: fxgl_dark.css
10:02:02.296 [FXGL Background Thread 1 ] DEBUG FXGLAssetLoaderServi - Loading from file system: jar:file:///C:/Users/2268518/.m2/repository/com/github/almasb/fxgl/17.2/fxgl-17.2.jar!/fxglassets/ui/css/fxgl_dark.css
10:02:02.362 [FXGL Background Thread 1 ] DEBUG GameApplicationServi - Initializing application scenes
10:02:02.403 [FXGL Background Thread 1 ] DEBUG GameWorld            - Game world initialized
10:02:02.476 [FXGL Background Thread 1 ] DEBUG PhysicsWorld         - Physics world initialized: appHeight=600, physics.ppm=50.0
10:02:02.476 [FXGL Background Thread 1 ] DEBUG PhysicsWorld         - Using strategy: BRUTE_FORCE
10:02:02.481 [FXGL Background Thread 1 ] DEBUG GameScene            - Game scene initialized: 800x600
10:02:02.496 [FXGL Background Thread 1 ] DEBUG FXGL.DefaultMenu     - createMenuBodyGameMenu()
10:02:02.511 [FXGL Background Thread 1 ] DEBUG FXGL.DefaultMenu     - createOptionsMenu()
10:02:02.524 [FXGL Background Thread 1 ] DEBUG FXGLAssetLoaderServi - Loading from file system: jar:file:///C:/Users/2268518/.m2/repository/com/github/almasb/fxgl/17.2/fxgl-17.2.jar!/fxglassets/textures/particles/smoke.png
10:02:02.640 [FXGL Background Thread 1 ] DEBUG FXGLAssetLoaderServi - Loading from file system: jar:file:///C:/Users/2268518/.m2/repository/com/github/almasb/fxgl/17.2/fxgl-17.2.jar!/fxglassets/textures/particles/trace_horizontal.png
10:02:02.675 [FXGL Background Thread 1 ] DEBUG GameApplicationServi - Application scenes initialized
10:02:02.687 [FXGL Background Thread 1 ] DEBUG SystemBundleService  - Loading FXGL system data
10:02:02.692 [FXGL Background Thread 1 ] DEBUG FileSystemAccess     - Reading from: C:\Users\2268518\Documents\GitHub\Project-Winter\proj\system\fxgl.bundle
10:02:02.700 [FXGL Background Thread 1 ] DEBUG SystemBundleService  - Bundle FXGL: {}
10:02:02.701 [FXGL Background Thread 1 ] DEBUG UpdaterService       - Checking for updates
10:02:02.705 [FXGL Background Thread 4 ] DEBUG FXGLApplication      - Loading fonts
10:02:02.705 [FXGL Background Thread 1 ] DEBUG FXGLApplication      - Loading default localization
10:02:02.705 [FXGL Background Thread 4 ] DEBUG FXGLAssetLoaderServi - Loading from file system: jar:file:///C:/Users/2268518/.m2/repository/com/github/almasb/fxgl/17.2/fxgl-17.2.jar!/fxglassets/ui/fonts/VarelaRound-Regular.ttf
10:02:02.705 [FXGL Background Thread 1 ] DEBUG FXGLAssetLoaderServi - Loading from file system: jar:file:///C:/Users/2268518/.m2/repository/com/github/almasb/fxgl/17.2/fxgl-17.2.jar!/fxglassets/languages/english.lang
10:02:02.728 [FXGL Background Thread 1 ] INFO  FXGLApplication      - FXGL initialization took: 0.496 sec
10:02:02.729 [JavaFX Application Thread] DEBUG FXGLAssetLoaderServi - Loading from file system: jar:file:///C:/Users/2268518/.m2/repository/com/github/almasb/fxgl/17.2/fxgl-17.2.jar!/fxglassets/textures/fxgl_icon.png
10:02:02.761 [JavaFX Application Thread] DEBUG FXGLAssetLoaderServi - Loading from file system: jar:file:///C:/Users/2268518/.m2/repository/com/github/almasb/fxgl/17.2/fxgl-17.2.jar!/fxglassets/textures/fxgl_default_cursor.png
10:02:02.764 [FXGL Background Thread 4 ] DEBUG FXGLAssetLoaderServi - Loading from file system: jar:file:///C:/Users/2268518/.m2/repository/com/github/almasb/fxgl/17.2/fxgl-17.2.jar!/fxglassets/ui/fonts/Abel-Regular.ttf
10:02:02.768 [FXGL Background Thread 4 ] DEBUG FXGLAssetLoaderServi - Loading from file system: jar:file:///C:/Users/2268518/.m2/repository/com/github/almasb/fxgl/17.2/fxgl-17.2.jar!/fxglassets/ui/fonts/TerminalLandMono-Regular.otf
10:02:02.773 [FXGL Background Thread 4 ] DEBUG FXGLAssetLoaderServi - Loading from file system: jar:file:///C:/Users/2268518/.m2/repository/com/github/almasb/fxgl/17.2/fxgl-17.2.jar!/fxglassets/ui/fonts/Courier-Prime.ttf
10:02:02.781 [JavaFX Application Thread] DEBUG Input                - Registered new binding: Screenshot - CTRL+8
10:02:02.782 [JavaFX Application Thread] DEBUG Input                - Registered new binding: System info dump - CTRL+9
10:02:02.783 [JavaFX Application Thread] DEBUG Input                - Registered new binding: Restart - CTRL+R
10:02:02.784 [JavaFX Application Thread] DEBUG Input                - Registered new binding: Toggle Debug Camera - CTRL+7
10:02:02.788 [JavaFX Application Thread] DEBUG LoopRunner           - Starting loop
10:02:02.788 [JavaFX Application Thread] DEBUG LoopRunner           - Initializing JavaFX AnimationTimerLoop
10:02:02.790 [JavaFX Application Thread] DEBUG GameApplicationServi - Starting new game
10:02:02.790 [JavaFX Application Thread] DEBUG Input                - Clearing active input actions
10:02:02.803 [JavaFX Application Thread] DEBUG GameApplicationServi - Removing overlay from FXGLStartupScene and adding to FXGLLoadingScene
10:02:02.803 [JavaFX Application Thread] DEBUG PrimaryStageWindow   - FXGLStartupScene -> FXGLLoadingScene
10:02:02.803 [JavaFX Application Thread] DEBUG GameApplicationServi - Clearing previous game
10:02:02.803 [JavaFX Application Thread] DEBUG GameScene            - Clearing game scene
10:02:02.804 [JavaFX Application Thread] DEBUG GameWorld            - Clearing game world
10:02:02.804 [JavaFX Application Thread] DEBUG PhysicsWorld         - Clearing physics world
10:02:02.806 [JavaFX Application Thread] DEBUG FXGLApplication      - Registering font factories with UI factory
10:02:02.807 [FXGL Background Thread 4 ] INFO  FXGLApplication      - Game initialization took: 0.001 sec
10:02:02.849 [JavaFX Application Thread] DEBUG Input                - Clearing active input actions
10:02:02.856 [JavaFX Application Thread] DEBUG GameApplicationServi - Removing overlay from FXGLLoadingScene and adding to GameScene
10:02:02.857 [JavaFX Application Thread] DEBUG PrimaryStageWindow   - FXGLLoadingScene -> GameScene
10:02:03.155 [FXGL Background Thread 2 ] INFO  UpdaterService       - Your current version:  17.2
10:02:03.155 [FXGL Background Thread 2 ] INFO  UpdaterService       - Latest stable version: 21
10:02:05.285 [JavaFX Application Thread] DEBUG FXGLApplication      - Exiting FXGL
10:02:05.285 [JavaFX Application Thread] DEBUG LoopRunner           - Stopping loop
10:02:05.285 [JavaFX Application Thread] DEBUG SystemBundleService  - Saving FXGL system data
10:02:05.287 [JavaFX Application Thread] DEBUG FileSystemAccess     - Writing to: C:\Users\2268518\Documents\GitHub\Project-Winter\proj\system\fxgl.bundle
10:02:05.288 [JavaFX Application Thread] DEBUG Async                - Shutting down background threads
10:02:05.289 [JavaFX Application Thread] DEBUG PrimaryStageWindow   - Closing main window
10:02:05.299 [JavaFX Application Thread] DEBUG Logger               - Closing Logger
