10:01:55.409 [main                     ] DEBUG Logger               - Configured Logger
10:01:55.443 [main                     ] DEBUG GameApplication      - Logging settings
Title: Untitled
Version: 0.0
Width: 800
Height: 600
Fullscreen: false
Intro: false
Profiling: false
Single step:false
App Mode: DEVELOPER
Menu Key: ESCAPE
Stage Style: DECORATED
Scene Factory: class com.almasb.fxgl.app.scene.SceneFactory

10:01:55.718 [JavaFX Application Thread] DEBUG FXGLApplication      - Initializing FXGL
10:01:55.724 [JavaFX Application Thread] INFO  Engine               - FXGL-17.2 (20.08.2022 16.50) on WINDOWS (J:18.0.1.1 FX:18.0.2)
10:01:55.724 [JavaFX Application Thread] DEBUG Engine               - JRE Vendor Name: Oracle Corporation
10:01:55.725 [JavaFX Application Thread] DEBUG Engine               - Running on OS: Windows 10 version 10.0
10:01:55.725 [JavaFX Application Thread] DEBUG Engine               - Architecture: amd64
10:01:55.725 [JavaFX Application Thread] INFO  Engine               - Source code and latest versions at: https://github.com/AlmasB/FXGL
10:01:55.725 [JavaFX Application Thread] INFO  Engine               -       Ask questions and discuss at: https://github.com/AlmasB/FXGL/discussions
10:01:55.725 [JavaFX Application Thread] INFO  Engine               -              Join the FXGL chat at: https://gitter.im/AlmasB/FXGL
10:01:55.810 [JavaFX Application Thread] DEBUG PrimaryStageWindow   - Creating a JavaFX scene
10:01:55.847 [JavaFX Application Thread] DEBUG PrimaryStageWindow   - Target settings size: 800.0 x 600.0
10:01:55.847 [JavaFX Application Thread] DEBUG PrimaryStageWindow   - Scaled scene size:    800.0 x 600.0
10:01:55.848 [JavaFX Application Thread] DEBUG PrimaryStageWindow   - Scaled ratio: (1.0, 1.0)
10:01:55.849 [JavaFX Application Thread] DEBUG PrimaryStageWindow   - Set initial scene to FXGLStartupScene
10:01:55.856 [JavaFX Application Thread] DEBUG PrimaryStageWindow   - Opening main window
10:01:55.927 [JavaFX Application Thread] DEBUG PrimaryStageWindow   - Window border size: (16.0, 39.0)
10:01:55.928 [JavaFX Application Thread] DEBUG PrimaryStageWindow   - Scaled size: 800.0 x 600.0
10:01:55.928 [JavaFX Application Thread] DEBUG PrimaryStageWindow   - Scaled ratio: (1.0, 1.0)
10:01:55.928 [JavaFX Application Thread] DEBUG PrimaryStageWindow   - Scene size: 800.0 x 600.0
10:01:55.928 [JavaFX Application Thread] DEBUG PrimaryStageWindow   - Stage size: 816.0 x 639.0
10:01:55.936 [FXGL Background Thread 1 ] DEBUG Engine               - Initializing environment variables
10:01:55.996 [FXGL Background Thread 1 ] DEBUG FXGLAssetLoaderServi - User app class for loading assets: class com.example.proj.SootApp
10:01:55.996 [FXGL Background Thread 1 ] DEBUG GameApplicationServi - Applying CSS: fxgl_dark.css
10:01:55.997 [FXGL Background Thread 1 ] DEBUG FXGLAssetLoaderServi - Loading from file system: jar:file:///C:/Users/2268518/.m2/repository/com/github/almasb/fxgl/17.2/fxgl-17.2.jar!/fxglassets/ui/css/fxgl_dark.css
10:01:56.055 [FXGL Background Thread 1 ] DEBUG GameApplicationServi - Initializing application scenes
10:01:56.097 [FXGL Background Thread 1 ] DEBUG GameWorld            - Game world initialized
10:01:56.159 [FXGL Background Thread 1 ] DEBUG PhysicsWorld         - Physics world initialized: appHeight=600, physics.ppm=50.0
10:01:56.160 [FXGL Background Thread 1 ] DEBUG PhysicsWorld         - Using strategy: BRUTE_FORCE
10:01:56.165 [FXGL Background Thread 1 ] DEBUG GameScene            - Game scene initialized: 800x600
10:01:56.181 [FXGL Background Thread 1 ] DEBUG FXGL.DefaultMenu     - createMenuBodyGameMenu()
10:01:56.197 [FXGL Background Thread 1 ] DEBUG FXGL.DefaultMenu     - createOptionsMenu()
10:01:56.208 [FXGL Background Thread 1 ] DEBUG FXGLAssetLoaderServi - Loading from file system: jar:file:///C:/Users/2268518/.m2/repository/com/github/almasb/fxgl/17.2/fxgl-17.2.jar!/fxglassets/textures/particles/smoke.png
10:01:56.315 [FXGL Background Thread 1 ] DEBUG FXGLAssetLoaderServi - Loading from file system: jar:file:///C:/Users/2268518/.m2/repository/com/github/almasb/fxgl/17.2/fxgl-17.2.jar!/fxglassets/textures/particles/trace_horizontal.png
10:01:56.346 [FXGL Background Thread 1 ] DEBUG GameApplicationServi - Application scenes initialized
10:01:56.356 [FXGL Background Thread 1 ] DEBUG SystemBundleService  - Loading FXGL system data
10:01:56.360 [FXGL Background Thread 1 ] DEBUG FileSystemAccess     - Reading from: C:\Users\2268518\Documents\GitHub\Project-Winter\proj\system\fxgl.bundle
10:01:56.367 [FXGL Background Thread 1 ] DEBUG SystemBundleService  - Bundle FXGL: {}
10:01:56.367 [FXGL Background Thread 1 ] DEBUG UpdaterService       - Checking for updates
10:01:56.371 [FXGL Background Thread 4 ] DEBUG FXGLApplication      - Loading fonts
10:01:56.371 [FXGL Background Thread 1 ] DEBUG FXGLApplication      - Loading default localization
10:01:56.371 [FXGL Background Thread 4 ] DEBUG FXGLAssetLoaderServi - Loading from file system: jar:file:///C:/Users/2268518/.m2/repository/com/github/almasb/fxgl/17.2/fxgl-17.2.jar!/fxglassets/ui/fonts/VarelaRound-Regular.ttf
10:01:56.371 [FXGL Background Thread 1 ] DEBUG FXGLAssetLoaderServi - Loading from file system: jar:file:///C:/Users/2268518/.m2/repository/com/github/almasb/fxgl/17.2/fxgl-17.2.jar!/fxglassets/languages/english.lang
10:01:56.393 [FXGL Background Thread 1 ] INFO  FXGLApplication      - FXGL initialization took: 0.457 sec
10:01:56.394 [JavaFX Application Thread] DEBUG FXGLAssetLoaderServi - Loading from file system: jar:file:///C:/Users/2268518/.m2/repository/com/github/almasb/fxgl/17.2/fxgl-17.2.jar!/fxglassets/textures/fxgl_icon.png
10:01:56.421 [JavaFX Application Thread] DEBUG FXGLAssetLoaderServi - Loading from file system: jar:file:///C:/Users/2268518/.m2/repository/com/github/almasb/fxgl/17.2/fxgl-17.2.jar!/fxglassets/textures/fxgl_default_cursor.png
10:01:56.423 [FXGL Background Thread 4 ] DEBUG FXGLAssetLoaderServi - Loading from file system: jar:file:///C:/Users/2268518/.m2/repository/com/github/almasb/fxgl/17.2/fxgl-17.2.jar!/fxglassets/ui/fonts/Abel-Regular.ttf
10:01:56.427 [FXGL Background Thread 4 ] DEBUG FXGLAssetLoaderServi - Loading from file system: jar:file:///C:/Users/2268518/.m2/repository/com/github/almasb/fxgl/17.2/fxgl-17.2.jar!/fxglassets/ui/fonts/TerminalLandMono-Regular.otf
10:01:56.432 [FXGL Background Thread 4 ] DEBUG FXGLAssetLoaderServi - Loading from file system: jar:file:///C:/Users/2268518/.m2/repository/com/github/almasb/fxgl/17.2/fxgl-17.2.jar!/fxglassets/ui/fonts/Courier-Prime.ttf
10:01:56.433 [JavaFX Application Thread] DEBUG Input                - Registered new binding: Screenshot - CTRL+8
10:01:56.434 [JavaFX Application Thread] DEBUG Input                - Registered new binding: System info dump - CTRL+9
10:01:56.434 [JavaFX Application Thread] DEBUG Input                - Registered new binding: Restart - CTRL+R
10:01:56.435 [JavaFX Application Thread] DEBUG Input                - Registered new binding: Toggle Debug Camera - CTRL+7
10:01:56.438 [JavaFX Application Thread] DEBUG LoopRunner           - Starting loop
10:01:56.438 [JavaFX Application Thread] DEBUG LoopRunner           - Initializing JavaFX AnimationTimerLoop
10:01:56.439 [JavaFX Application Thread] DEBUG GameApplicationServi - Starting new game
10:01:56.440 [JavaFX Application Thread] DEBUG Input                - Clearing active input actions
10:01:56.452 [JavaFX Application Thread] DEBUG GameApplicationServi - Removing overlay from FXGLStartupScene and adding to FXGLLoadingScene
10:01:56.452 [JavaFX Application Thread] DEBUG PrimaryStageWindow   - FXGLStartupScene -> FXGLLoadingScene
10:01:56.452 [JavaFX Application Thread] DEBUG GameApplicationServi - Clearing previous game
10:01:56.452 [JavaFX Application Thread] DEBUG GameScene            - Clearing game scene
10:01:56.452 [JavaFX Application Thread] DEBUG GameWorld            - Clearing game world
10:01:56.452 [JavaFX Application Thread] DEBUG PhysicsWorld         - Clearing physics world
10:01:56.454 [JavaFX Application Thread] DEBUG FXGLApplication      - Registering font factories with UI factory
10:01:56.454 [FXGL Background Thread 4 ] DEBUG FXGLApplication      - Initializing game
10:01:56.455 [FXGL Background Thread 4 ] INFO  FXGLApplication      - Game initialization took: 0.001 sec
10:01:56.490 [JavaFX Application Thread] DEBUG Input                - Clearing active input actions
10:01:56.497 [JavaFX Application Thread] DEBUG GameApplicationServi - Removing overlay from FXGLLoadingScene and adding to GameScene
10:01:56.497 [JavaFX Application Thread] DEBUG PrimaryStageWindow   - FXGLLoadingScene -> GameScene
10:01:56.791 [FXGL Background Thread 2 ] INFO  UpdaterService       - Your current version:  17.2
10:01:56.791 [FXGL Background Thread 2 ] INFO  UpdaterService       - Latest stable version: 21
10:01:57.757 [JavaFX Application Thread] DEBUG FXGLApplication      - Exiting FXGL
10:01:57.757 [JavaFX Application Thread] DEBUG LoopRunner           - Stopping loop
10:01:57.757 [JavaFX Application Thread] DEBUG SystemBundleService  - Saving FXGL system data
10:01:57.759 [JavaFX Application Thread] DEBUG FileSystemAccess     - Writing to: C:\Users\2268518\Documents\GitHub\Project-Winter\proj\system\fxgl.bundle
10:01:57.761 [JavaFX Application Thread] DEBUG Async                - Shutting down background threads
10:01:57.762 [JavaFX Application Thread] DEBUG PrimaryStageWindow   - Closing main window
10:01:57.774 [JavaFX Application Thread] DEBUG Logger               - Closing Logger
