10:15:09.450 [main                     ] DEBUG Logger               - Configured Logger
10:15:09.475 [main                     ] DEBUG GameApplication      - Logging settings
Title: Untitled
Version: 0.0
Width: 800
Height: 600
Fullscreen: false
Intro: false
Profiling: false
Single step:false
App Mode: DEVELOPER
Menu Key: ESCAPE
Stage Style: DECORATED
Scene Factory: class com.almasb.fxgl.app.scene.SceneFactory

10:15:09.754 [JavaFX Application Thread] DEBUG FXGLApplication      - Initializing FXGL
10:15:09.761 [JavaFX Application Thread] INFO  Engine               - FXGL-17.2 (20.08.2022 16.50) on WINDOWS (J:18.0.1.1 FX:18.0.2)
10:15:09.762 [JavaFX Application Thread] DEBUG Engine               - JRE Vendor Name: Oracle Corporation
10:15:09.762 [JavaFX Application Thread] DEBUG Engine               - Running on OS: Windows 10 version 10.0
10:15:09.762 [JavaFX Application Thread] DEBUG Engine               - Architecture: amd64
10:15:09.763 [JavaFX Application Thread] INFO  Engine               - Source code and latest versions at: https://github.com/AlmasB/FXGL
10:15:09.763 [JavaFX Application Thread] INFO  Engine               -       Ask questions and discuss at: https://github.com/AlmasB/FXGL/discussions
10:15:09.763 [JavaFX Application Thread] INFO  Engine               -              Join the FXGL chat at: https://gitter.im/AlmasB/FXGL
10:15:09.849 [JavaFX Application Thread] DEBUG PrimaryStageWindow   - Creating a JavaFX scene
10:15:09.892 [JavaFX Application Thread] DEBUG PrimaryStageWindow   - Target settings size: 800.0 x 600.0
10:15:09.892 [JavaFX Application Thread] DEBUG PrimaryStageWindow   - Scaled scene size:    800.0 x 600.0
10:15:09.892 [JavaFX Application Thread] DEBUG PrimaryStageWindow   - Scaled ratio: (1.0, 1.0)
10:15:09.894 [JavaFX Application Thread] DEBUG PrimaryStageWindow   - Set initial scene to FXGLStartupScene
10:15:09.901 [JavaFX Application Thread] DEBUG PrimaryStageWindow   - Opening main window
10:15:09.972 [JavaFX Application Thread] DEBUG PrimaryStageWindow   - Window border size: (16.0, 39.0)
10:15:09.972 [JavaFX Application Thread] DEBUG PrimaryStageWindow   - Scaled size: 800.0 x 600.0
10:15:09.973 [JavaFX Application Thread] DEBUG PrimaryStageWindow   - Scaled ratio: (1.0, 1.0)
10:15:09.973 [JavaFX Application Thread] DEBUG PrimaryStageWindow   - Scene size: 800.0 x 600.0
10:15:09.974 [JavaFX Application Thread] DEBUG PrimaryStageWindow   - Stage size: 816.0 x 639.0
10:15:09.982 [FXGL Background Thread 1 ] DEBUG Engine               - Initializing environment variables
10:15:10.031 [FXGL Background Thread 1 ] DEBUG FXGLAssetLoaderServi - User app class for loading assets: class com.example.proj.SootApp
10:15:10.031 [FXGL Background Thread 1 ] DEBUG GameApplicationServi - Applying CSS: fxgl_dark.css
10:15:10.032 [FXGL Background Thread 1 ] DEBUG FXGLAssetLoaderServi - Loading from file system: jar:file:///C:/Users/2268518/.m2/repository/com/github/almasb/fxgl/17.2/fxgl-17.2.jar!/fxglassets/ui/css/fxgl_dark.css
10:15:10.084 [FXGL Background Thread 1 ] DEBUG GameApplicationServi - Initializing application scenes
10:15:10.122 [FXGL Background Thread 1 ] DEBUG GameWorld            - Game world initialized
10:15:10.173 [FXGL Background Thread 1 ] DEBUG PhysicsWorld         - Physics world initialized: appHeight=600, physics.ppm=50.0
10:15:10.173 [FXGL Background Thread 1 ] DEBUG PhysicsWorld         - Using strategy: BRUTE_FORCE
10:15:10.178 [FXGL Background Thread 1 ] DEBUG GameScene            - Game scene initialized: 800x600
10:15:10.192 [FXGL Background Thread 1 ] DEBUG FXGL.DefaultMenu     - createMenuBodyGameMenu()
10:15:10.208 [FXGL Background Thread 1 ] DEBUG FXGL.DefaultMenu     - createOptionsMenu()
10:15:10.217 [FXGL Background Thread 1 ] DEBUG FXGLAssetLoaderServi - Loading from file system: jar:file:///C:/Users/2268518/.m2/repository/com/github/almasb/fxgl/17.2/fxgl-17.2.jar!/fxglassets/textures/particles/smoke.png
10:15:10.304 [FXGL Background Thread 1 ] DEBUG FXGLAssetLoaderServi - Loading from file system: jar:file:///C:/Users/2268518/.m2/repository/com/github/almasb/fxgl/17.2/fxgl-17.2.jar!/fxglassets/textures/particles/trace_horizontal.png
10:15:10.333 [FXGL Background Thread 1 ] DEBUG GameApplicationServi - Application scenes initialized
10:15:10.343 [FXGL Background Thread 1 ] DEBUG SystemBundleService  - Loading FXGL system data
10:15:10.346 [FXGL Background Thread 1 ] DEBUG FileSystemAccess     - Reading from: C:\Users\2268518\Documents\GitHub\Project-Winter\proj\system\fxgl.bundle
10:15:10.352 [FXGL Background Thread 1 ] DEBUG SystemBundleService  - Bundle FXGL: {}
10:15:10.352 [FXGL Background Thread 1 ] DEBUG UpdaterService       - Checking for updates
10:15:10.356 [FXGL Background Thread 4 ] DEBUG FXGLApplication      - Loading fonts
10:15:10.356 [FXGL Background Thread 1 ] DEBUG FXGLApplication      - Loading default localization
10:15:10.356 [FXGL Background Thread 4 ] DEBUG FXGLAssetLoaderServi - Loading from file system: jar:file:///C:/Users/2268518/.m2/repository/com/github/almasb/fxgl/17.2/fxgl-17.2.jar!/fxglassets/ui/fonts/VarelaRound-Regular.ttf
10:15:10.356 [FXGL Background Thread 1 ] DEBUG FXGLAssetLoaderServi - Loading from file system: jar:file:///C:/Users/2268518/.m2/repository/com/github/almasb/fxgl/17.2/fxgl-17.2.jar!/fxglassets/languages/english.lang
10:15:10.377 [FXGL Background Thread 1 ] INFO  FXGLApplication      - FXGL initialization took: 0.395 sec
10:15:10.377 [JavaFX Application Thread] DEBUG FXGLAssetLoaderServi - Loading from file system: jar:file:///C:/Users/2268518/.m2/repository/com/github/almasb/fxgl/17.2/fxgl-17.2.jar!/fxglassets/textures/fxgl_icon.png
10:15:10.399 [FXGL Background Thread 4 ] DEBUG FXGLAssetLoaderServi - Loading from file system: jar:file:///C:/Users/2268518/.m2/repository/com/github/almasb/fxgl/17.2/fxgl-17.2.jar!/fxglassets/ui/fonts/Abel-Regular.ttf
10:15:10.402 [FXGL Background Thread 4 ] DEBUG FXGLAssetLoaderServi - Loading from file system: jar:file:///C:/Users/2268518/.m2/repository/com/github/almasb/fxgl/17.2/fxgl-17.2.jar!/fxglassets/ui/fonts/TerminalLandMono-Regular.otf
10:15:10.405 [JavaFX Application Thread] DEBUG FXGLAssetLoaderServi - Loading from file system: jar:file:///C:/Users/2268518/.m2/repository/com/github/almasb/fxgl/17.2/fxgl-17.2.jar!/fxglassets/textures/fxgl_default_cursor.png
10:15:10.406 [FXGL Background Thread 4 ] DEBUG FXGLAssetLoaderServi - Loading from file system: jar:file:///C:/Users/2268518/.m2/repository/com/github/almasb/fxgl/17.2/fxgl-17.2.jar!/fxglassets/ui/fonts/Courier-Prime.ttf
10:15:10.419 [JavaFX Application Thread] DEBUG Input                - Registered new binding: Screenshot - CTRL+8
10:15:10.419 [JavaFX Application Thread] DEBUG Input                - Registered new binding: System info dump - CTRL+9
10:15:10.420 [JavaFX Application Thread] DEBUG Input                - Registered new binding: Restart - CTRL+R
10:15:10.420 [JavaFX Application Thread] DEBUG Input                - Registered new binding: Toggle Debug Camera - CTRL+7
10:15:10.423 [JavaFX Application Thread] DEBUG LoopRunner           - Starting loop
10:15:10.424 [JavaFX Application Thread] DEBUG LoopRunner           - Initializing JavaFX AnimationTimerLoop
10:15:10.425 [JavaFX Application Thread] DEBUG GameApplicationServi - Starting new game
10:15:10.425 [JavaFX Application Thread] DEBUG Input                - Clearing active input actions
10:15:10.434 [JavaFX Application Thread] DEBUG GameApplicationServi - Removing overlay from FXGLStartupScene and adding to FXGLLoadingScene
10:15:10.435 [JavaFX Application Thread] DEBUG PrimaryStageWindow   - FXGLStartupScene -> FXGLLoadingScene
10:15:10.435 [JavaFX Application Thread] DEBUG GameApplicationServi - Clearing previous game
10:15:10.435 [JavaFX Application Thread] DEBUG GameScene            - Clearing game scene
10:15:10.435 [JavaFX Application Thread] DEBUG GameWorld            - Clearing game world
10:15:10.435 [JavaFX Application Thread] DEBUG PhysicsWorld         - Clearing physics world
10:15:10.437 [JavaFX Application Thread] DEBUG FXGLApplication      - Registering font factories with UI factory
10:15:10.437 [FXGL Background Thread 4 ] DEBUG FXGLApplication      - Initializing game
10:15:10.438 [FXGL Background Thread 4 ] INFO  FXGLApplication      - Game initialization took: 0.001 sec
10:15:10.468 [JavaFX Application Thread] DEBUG Input                - Clearing active input actions
10:15:10.479 [JavaFX Application Thread] DEBUG GameApplicationServi - Removing overlay from FXGLLoadingScene and adding to GameScene
10:15:10.480 [JavaFX Application Thread] DEBUG PrimaryStageWindow   - FXGLLoadingScene -> GameScene
10:15:10.742 [FXGL Background Thread 2 ] INFO  UpdaterService       - Your current version:  17.2
10:15:10.742 [FXGL Background Thread 2 ] INFO  UpdaterService       - Latest stable version: 21
10:15:13.356 [FXGL Background Thread 3 ] DEBUG Engine               - Logging environment variables
10:15:13.356 [FXGL Background Thread 3 ] DEBUG Engine               - achievements: []
10:15:13.356 [FXGL Background Thread 3 ] DEBUG Engine               - actualHeight: 600.0
10:15:13.356 [FXGL Background Thread 3 ] DEBUG Engine               - actualHeightProperty: ReadOnlyDoubleProperty [value: 600.0]
10:15:13.356 [FXGL Background Thread 3 ] DEBUG Engine               - actualWidth: 800.0
10:15:13.357 [FXGL Background Thread 3 ] DEBUG Engine               - actualWidthProperty: ReadOnlyDoubleProperty [value: 800.0]
10:15:13.357 [FXGL Background Thread 3 ] DEBUG Engine               - appIcon: fxgl_icon.png
10:15:13.357 [FXGL Background Thread 3 ] DEBUG Engine               - applicationMode: DEVELOPER
10:15:13.357 [FXGL Background Thread 3 ] DEBUG Engine               - cSSList: [fxgl_dark.css]
10:15:13.357 [FXGL Background Thread 3 ] DEBUG Engine               - collisionDetectionStrategy: BRUTE_FORCE
10:15:13.357 [FXGL Background Thread 3 ] DEBUG Engine               - configClass: Optional.empty
10:15:13.357 [FXGL Background Thread 3 ] DEBUG Engine               - credits: []
10:15:13.358 [FXGL Background Thread 3 ] DEBUG Engine               - defaultCursor: CursorInfo(imageName=fxgl_default_cursor.png, hotspotX=7.0, hotspotY=6.0)
10:15:13.358 [FXGL Background Thread 3 ] DEBUG Engine               - devBBoxColorProperty: ObjectProperty [value: 0xff0000ff]
10:15:13.358 [FXGL Background Thread 3 ] DEBUG Engine               - devEnableDebugCameraProperty: BooleanProperty [value: false]
10:15:13.358 [FXGL Background Thread 3 ] DEBUG Engine               - devSensorColorProperty: ObjectProperty [value: 0xffff00ff]
10:15:13.358 [FXGL Background Thread 3 ] DEBUG Engine               - devShowBBoxProperty: BooleanProperty [value: false]
10:15:13.358 [FXGL Background Thread 3 ] DEBUG Engine               - devShowPositionProperty: BooleanProperty [value: false]
10:15:13.358 [FXGL Background Thread 3 ] DEBUG Engine               - enabledMenuItems: []
10:15:13.358 [FXGL Background Thread 3 ] DEBUG Engine               - engineServices: [class com.almasb.fxgl.app.services.FXGLAssetLoaderService, class com.almasb.fxgl.app.FXGLApplication$GameApplicationService, class com.almasb.fxgl.app.services.FXGLDialogService, class com.almasb.fxgl.app.services.IOTaskExecutorService, class com.almasb.fxgl.io.FileSystemService, class com.almasb.fxgl.localization.LocalizationService, class com.almasb.fxgl.app.services.SystemBundleService, class com.almasb.fxgl.profile.SaveLoadService, class com.almasb.fxgl.ui.FXGLUIFactoryServiceProvider, class com.almasb.fxgl.ui.FXGLDialogFactoryServiceProvider, class com.almasb.fxgl.audio.AudioPlayer, class com.almasb.fxgl.notification.impl.NotificationServiceProvider, class com.almasb.fxgl.achievement.AchievementService, class com.almasb.fxgl.cutscene.CutsceneService, class com.almasb.fxgl.minigames.MiniGameService, class com.almasb.fxgl.net.NetService, class com.almasb.fxgl.app.services.UpdaterService, class com.almasb.fxgl.dev.DevService]
10:15:13.358 [FXGL Background Thread 3 ] DEBUG Engine               - fontGame: Abel-Regular.ttf
10:15:13.358 [FXGL Background Thread 3 ] DEBUG Engine               - fontMono: TerminalLandMono-Regular.otf
10:15:13.358 [FXGL Background Thread 3 ] DEBUG Engine               - fontText: Courier-Prime.ttf
10:15:13.358 [FXGL Background Thread 3 ] DEBUG Engine               - fontUI: VarelaRound-Regular.ttf
10:15:13.358 [FXGL Background Thread 3 ] DEBUG Engine               - fullScreen: BooleanProperty [value: false]
10:15:13.358 [FXGL Background Thread 3 ] DEBUG Engine               - gameDifficulty: MEDIUM
10:15:13.358 [FXGL Background Thread 3 ] DEBUG Engine               - gameDifficultyProperty: ObjectProperty [value: MEDIUM]
10:15:13.358 [FXGL Background Thread 3 ] DEBUG Engine               - globalMusicVolume: 0.5
10:15:13.359 [FXGL Background Thread 3 ] DEBUG Engine               - globalMusicVolumeProperty: DoubleProperty [value: 0.5]
10:15:13.359 [FXGL Background Thread 3 ] DEBUG Engine               - globalSoundVolume: 0.5
10:15:13.359 [FXGL Background Thread 3 ] DEBUG Engine               - globalSoundVolumeProperty: DoubleProperty [value: 0.5]
10:15:13.359 [FXGL Background Thread 3 ] DEBUG Engine               - height: 600
10:15:13.359 [FXGL Background Thread 3 ] DEBUG Engine               - is3D: false
10:15:13.359 [FXGL Background Thread 3 ] DEBUG Engine               - isAndroid: false
10:15:13.359 [FXGL Background Thread 3 ] DEBUG Engine               - isBrowser: false
10:15:13.359 [FXGL Background Thread 3 ] DEBUG Engine               - isClickFeedbackEnabled: false
10:15:13.359 [FXGL Background Thread 3 ] DEBUG Engine               - isCloseConfirmation: false
10:15:13.359 [FXGL Background Thread 3 ] DEBUG Engine               - isDesktop: true
10:15:13.359 [FXGL Background Thread 3 ] DEBUG Engine               - isDeveloperMenuEnabled: false
10:15:13.359 [FXGL Background Thread 3 ] DEBUG Engine               - isEmbedded: false
10:15:13.359 [FXGL Background Thread 3 ] DEBUG Engine               - isEntityPreloadEnabled: true
10:15:13.359 [FXGL Background Thread 3 ] DEBUG Engine               - isExperimentalTiledLargeMap: false
10:15:13.359 [FXGL Background Thread 3 ] DEBUG Engine               - isFileSystemWriteAllowed: true
10:15:13.359 [FXGL Background Thread 3 ] DEBUG Engine               - isFullScreenAllowed: false
10:15:13.359 [FXGL Background Thread 3 ] DEBUG Engine               - isFullScreenFromStart: false
10:15:13.359 [FXGL Background Thread 3 ] DEBUG Engine               - isGameMenuEnabled: true
10:15:13.359 [FXGL Background Thread 3 ] DEBUG Engine               - isIOS: false
10:15:13.359 [FXGL Background Thread 3 ] DEBUG Engine               - isIntroEnabled: false
10:15:13.360 [FXGL Background Thread 3 ] DEBUG Engine               - isLinux: false
10:15:13.360 [FXGL Background Thread 3 ] DEBUG Engine               - isMac: false
10:15:13.360 [FXGL Background Thread 3 ] DEBUG Engine               - isMainMenuEnabled: false
10:15:13.360 [FXGL Background Thread 3 ] DEBUG Engine               - isManualResizeEnabled: false
10:15:13.360 [FXGL Background Thread 3 ] DEBUG Engine               - isMobile: false
10:15:13.360 [FXGL Background Thread 3 ] DEBUG Engine               - isNative: false
10:15:13.360 [FXGL Background Thread 3 ] DEBUG Engine               - isPauseMusicWhenMinimized: true
10:15:13.360 [FXGL Background Thread 3 ] DEBUG Engine               - isPreserveResizeRatio: false
10:15:13.360 [FXGL Background Thread 3 ] DEBUG Engine               - isProfilingEnabled: false
10:15:13.360 [FXGL Background Thread 3 ] DEBUG Engine               - isScaleAffectedOnResize: true
10:15:13.360 [FXGL Background Thread 3 ] DEBUG Engine               - isSingleStep: false
10:15:13.360 [FXGL Background Thread 3 ] DEBUG Engine               - isUserProfileEnabled: false
10:15:13.360 [FXGL Background Thread 3 ] DEBUG Engine               - isWindows: true
10:15:13.360 [FXGL Background Thread 3 ] DEBUG Engine               - language: ObjectProperty [value: ENGLISH]
10:15:13.360 [FXGL Background Thread 3 ] DEBUG Engine               - menuKey: ESCAPE
10:15:13.360 [FXGL Background Thread 3 ] DEBUG Engine               - mouseSensitivity: 0.2
10:15:13.360 [FXGL Background Thread 3 ] DEBUG Engine               - notificationViewClass: class com.almasb.fxgl.notification.view.XboxNotificationView
10:15:13.360 [FXGL Background Thread 3 ] DEBUG Engine               - pixelsPerMeter: 50.0
10:15:13.360 [FXGL Background Thread 3 ] DEBUG Engine               - platform: WINDOWS
10:15:13.360 [FXGL Background Thread 3 ] DEBUG Engine               - prefHeightProperty: ReadOnlyDoubleProperty [value: 600.0]
10:15:13.361 [FXGL Background Thread 3 ] DEBUG Engine               - prefWidthProperty: ReadOnlyDoubleProperty [value: 800.0]
10:15:13.361 [FXGL Background Thread 3 ] DEBUG Engine               - profileDir: profiles/
10:15:13.361 [FXGL Background Thread 3 ] DEBUG Engine               - profileName: StringProperty [value: DEFAULT]
10:15:13.361 [FXGL Background Thread 3 ] DEBUG Engine               - randomSeed: -1
10:15:13.361 [FXGL Background Thread 3 ] DEBUG Engine               - runtimeInfo: RuntimeInfo(platform=WINDOWS, version=17.2, build=20.08.2022 16.50)
10:15:13.361 [FXGL Background Thread 3 ] DEBUG Engine               - saveFileExt: sav
10:15:13.361 [FXGL Background Thread 3 ] DEBUG Engine               - scaledHeightProp$fxgl: DoubleProperty [bound, value: 600.0]
10:15:13.361 [FXGL Background Thread 3 ] DEBUG Engine               - scaledWidthProp$fxgl: DoubleProperty [bound, value: 800.0]
10:15:13.361 [FXGL Background Thread 3 ] DEBUG Engine               - sceneFactory: com.almasb.fxgl.app.scene.SceneFactory@44d42855
10:15:13.361 [FXGL Background Thread 3 ] DEBUG Engine               - secondsIn24h: 60
10:15:13.361 [FXGL Background Thread 3 ] DEBUG Engine               - soundMenuBack: menu/back.wav
10:15:13.361 [FXGL Background Thread 3 ] DEBUG Engine               - soundMenuPress: menu/press.wav
10:15:13.361 [FXGL Background Thread 3 ] DEBUG Engine               - soundMenuSelect: menu/select.wav
10:15:13.361 [FXGL Background Thread 3 ] DEBUG Engine               - soundNotification: core/notification.wav
10:15:13.361 [FXGL Background Thread 3 ] DEBUG Engine               - stageStyle: DECORATED
10:15:13.361 [FXGL Background Thread 3 ] DEBUG Engine               - supportedLanguages: [ENGLISH, FRENCH, GERMAN, HUNGARIAN, RUSSIAN]
10:15:13.361 [FXGL Background Thread 3 ] DEBUG Engine               - ticksPerSecond: -1
10:15:13.362 [FXGL Background Thread 3 ] DEBUG Engine               - title: Untitled
10:15:13.362 [FXGL Background Thread 3 ] DEBUG Engine               - urlGithub: https://github.com/AlmasB/FXGL
10:15:13.362 [FXGL Background Thread 3 ] DEBUG Engine               - urlLeaderboard: http://fxgl-top.herokuapp.com/
10:15:13.362 [FXGL Background Thread 3 ] DEBUG Engine               - urlPOM: https://raw.githubusercontent.com/AlmasB/FXGL/release/README.md
10:15:13.362 [FXGL Background Thread 3 ] DEBUG Engine               - userAppClass: class com.example.proj.SootApp
10:15:13.362 [FXGL Background Thread 3 ] DEBUG Engine               - version: 0.0
10:15:13.362 [FXGL Background Thread 3 ] DEBUG Engine               - versionCheckDays: 7
10:15:13.362 [FXGL Background Thread 3 ] DEBUG Engine               - width: 800
10:15:13.362 [FXGL Background Thread 3 ] DEBUG Engine               - Logging services
10:15:13.362 [FXGL Background Thread 3 ] DEBUG Engine               - class com.almasb.fxgl.app.services.FXGLAssetLoaderService
10:15:13.362 [FXGL Background Thread 3 ] DEBUG Engine               - class com.almasb.fxgl.app.FXGLApplication$GameApplicationService
10:15:13.362 [FXGL Background Thread 3 ] DEBUG Engine               - class com.almasb.fxgl.app.services.FXGLDialogService
10:15:13.362 [FXGL Background Thread 3 ] DEBUG Engine               - class com.almasb.fxgl.app.services.IOTaskExecutorService
10:15:13.362 [FXGL Background Thread 3 ] DEBUG Engine               - class com.almasb.fxgl.io.FileSystemService
10:15:13.362 [FXGL Background Thread 3 ] DEBUG Engine               - class com.almasb.fxgl.localization.LocalizationService
10:15:13.362 [FXGL Background Thread 3 ] DEBUG Engine               - class com.almasb.fxgl.app.services.SystemBundleService
10:15:13.362 [FXGL Background Thread 3 ] DEBUG Engine               - class com.almasb.fxgl.profile.SaveLoadService
10:15:13.362 [FXGL Background Thread 3 ] DEBUG Engine               - class com.almasb.fxgl.ui.FXGLUIFactoryServiceProvider
10:15:13.362 [FXGL Background Thread 3 ] DEBUG Engine               - class com.almasb.fxgl.ui.FXGLDialogFactoryServiceProvider
10:15:13.362 [FXGL Background Thread 3 ] DEBUG Engine               - class com.almasb.fxgl.audio.AudioPlayer
10:15:13.362 [FXGL Background Thread 3 ] DEBUG Engine               - class com.almasb.fxgl.notification.impl.NotificationServiceProvider
10:15:13.362 [FXGL Background Thread 3 ] DEBUG Engine               - class com.almasb.fxgl.achievement.AchievementService
10:15:13.362 [FXGL Background Thread 3 ] DEBUG Engine               - class com.almasb.fxgl.cutscene.CutsceneService
10:15:13.362 [FXGL Background Thread 3 ] DEBUG Engine               - class com.almasb.fxgl.minigames.MiniGameService
10:15:13.362 [FXGL Background Thread 3 ] DEBUG Engine               - class com.almasb.fxgl.net.NetService
10:15:13.362 [FXGL Background Thread 3 ] DEBUG Engine               - class com.almasb.fxgl.app.services.UpdaterService
10:15:13.363 [FXGL Background Thread 3 ] DEBUG Engine               - class com.almasb.fxgl.dev.DevService
10:15:14.523 [JavaFX Application Thread] DEBUG FXGLApplication      - Exiting FXGL
10:15:14.523 [JavaFX Application Thread] DEBUG LoopRunner           - Stopping loop
10:15:14.523 [JavaFX Application Thread] DEBUG SystemBundleService  - Saving FXGL system data
10:15:14.525 [JavaFX Application Thread] DEBUG FileSystemAccess     - Writing to: C:\Users\2268518\Documents\GitHub\Project-Winter\proj\system\fxgl.bundle
10:15:14.526 [JavaFX Application Thread] DEBUG Async                - Shutting down background threads
10:15:14.527 [JavaFX Application Thread] DEBUG PrimaryStageWindow   - Closing main window
10:15:14.545 [JavaFX Application Thread] DEBUG Logger               - Closing Logger
