10:01:49.109 [main                     ] DEBUG Logger               - Configured Logger
10:01:49.148 [main                     ] DEBUG GameApplication      - Logging settings
Title: Untitled
Version: 0.0
Width: 800
Height: 600
Fullscreen: false
Intro: false
Profiling: false
Single step:false
App Mode: DEVELOPER
Menu Key: ESCAPE
Stage Style: DECORATED
Scene Factory: class com.almasb.fxgl.app.scene.SceneFactory

10:01:49.463 [JavaFX Application Thread] DEBUG FXGLApplication      - Initializing FXGL
10:01:49.470 [JavaFX Application Thread] INFO  Engine               - FXGL-17.2 (20.08.2022 16.50) on WINDOWS (J:18.0.1.1 FX:18.0.2)
10:01:49.470 [JavaFX Application Thread] DEBUG Engine               - JRE Vendor Name: Oracle Corporation
10:01:49.470 [JavaFX Application Thread] DEBUG Engine               - Running on OS: Windows 10 version 10.0
10:01:49.470 [JavaFX Application Thread] DEBUG Engine               - Architecture: amd64
10:01:49.470 [JavaFX Application Thread] INFO  Engine               - Source code and latest versions at: https://github.com/AlmasB/FXGL
10:01:49.471 [JavaFX Application Thread] INFO  Engine               -       Ask questions and discuss at: https://github.com/AlmasB/FXGL/discussions
10:01:49.471 [JavaFX Application Thread] INFO  Engine               -              Join the FXGL chat at: https://gitter.im/AlmasB/FXGL
10:01:49.555 [JavaFX Application Thread] DEBUG PrimaryStageWindow   - Creating a JavaFX scene
10:01:49.600 [JavaFX Application Thread] DEBUG PrimaryStageWindow   - Target settings size: 800.0 x 600.0
10:01:49.600 [JavaFX Application Thread] DEBUG PrimaryStageWindow   - Scaled scene size:    800.0 x 600.0
10:01:49.600 [JavaFX Application Thread] DEBUG PrimaryStageWindow   - Scaled ratio: (1.0, 1.0)
10:01:49.601 [JavaFX Application Thread] DEBUG PrimaryStageWindow   - Set initial scene to FXGLStartupScene
10:01:49.609 [JavaFX Application Thread] DEBUG PrimaryStageWindow   - Opening main window
10:01:49.689 [JavaFX Application Thread] DEBUG PrimaryStageWindow   - Window border size: (16.0, 39.0)
10:01:49.689 [JavaFX Application Thread] DEBUG PrimaryStageWindow   - Scaled size: 800.0 x 600.0
10:01:49.689 [JavaFX Application Thread] DEBUG PrimaryStageWindow   - Scaled ratio: (1.0, 1.0)
10:01:49.690 [JavaFX Application Thread] DEBUG PrimaryStageWindow   - Scene size: 800.0 x 600.0
10:01:49.690 [JavaFX Application Thread] DEBUG PrimaryStageWindow   - Stage size: 816.0 x 639.0
10:01:49.698 [FXGL Background Thread 1 ] DEBUG Engine               - Initializing environment variables
10:01:49.755 [FXGL Background Thread 1 ] DEBUG FXGLAssetLoaderServi - User app class for loading assets: class com.example.proj.SootApp
10:01:49.755 [FXGL Background Thread 1 ] DEBUG GameApplicationServi - Applying CSS: fxgl_dark.css
10:01:49.756 [FXGL Background Thread 1 ] DEBUG FXGLAssetLoaderServi - Loading from file system: jar:file:///C:/Users/2268518/.m2/repository/com/github/almasb/fxgl/17.2/fxgl-17.2.jar!/fxglassets/ui/css/fxgl_dark.css
10:01:49.808 [FXGL Background Thread 1 ] DEBUG GameApplicationServi - Initializing application scenes
10:01:49.845 [FXGL Background Thread 1 ] DEBUG GameWorld            - Game world initialized
10:01:49.912 [FXGL Background Thread 1 ] DEBUG PhysicsWorld         - Physics world initialized: appHeight=600, physics.ppm=50.0
10:01:49.912 [FXGL Background Thread 1 ] DEBUG PhysicsWorld         - Using strategy: BRUTE_FORCE
10:01:49.917 [FXGL Background Thread 1 ] DEBUG GameScene            - Game scene initialized: 800x600
10:01:49.929 [FXGL Background Thread 1 ] DEBUG FXGL.DefaultMenu     - createMenuBodyGameMenu()
10:01:49.942 [FXGL Background Thread 1 ] DEBUG FXGL.DefaultMenu     - createOptionsMenu()
10:01:49.952 [FXGL Background Thread 1 ] DEBUG FXGLAssetLoaderServi - Loading from file system: jar:file:///C:/Users/2268518/.m2/repository/com/github/almasb/fxgl/17.2/fxgl-17.2.jar!/fxglassets/textures/particles/smoke.png
10:01:50.061 [FXGL Background Thread 1 ] DEBUG FXGLAssetLoaderServi - Loading from file system: jar:file:///C:/Users/2268518/.m2/repository/com/github/almasb/fxgl/17.2/fxgl-17.2.jar!/fxglassets/textures/particles/trace_horizontal.png
10:01:50.096 [FXGL Background Thread 1 ] DEBUG GameApplicationServi - Application scenes initialized
10:01:50.107 [FXGL Background Thread 1 ] DEBUG SystemBundleService  - Loading FXGL system data
10:01:50.111 [FXGL Background Thread 1 ] DEBUG FileSystemAccess     - Reading from: C:\Users\2268518\Documents\GitHub\Project-Winter\proj\system\fxgl.bundle
10:01:50.118 [FXGL Background Thread 1 ] DEBUG SystemBundleService  - Bundle FXGL: {}
10:01:50.119 [FXGL Background Thread 1 ] DEBUG UpdaterService       - Checking for updates
10:01:50.122 [FXGL Background Thread 4 ] DEBUG FXGLApplication      - Loading fonts
10:01:50.122 [FXGL Background Thread 1 ] DEBUG FXGLApplication      - Loading default localization
10:01:50.122 [FXGL Background Thread 4 ] DEBUG FXGLAssetLoaderServi - Loading from file system: jar:file:///C:/Users/2268518/.m2/repository/com/github/almasb/fxgl/17.2/fxgl-17.2.jar!/fxglassets/ui/fonts/VarelaRound-Regular.ttf
10:01:50.122 [FXGL Background Thread 1 ] DEBUG FXGLAssetLoaderServi - Loading from file system: jar:file:///C:/Users/2268518/.m2/repository/com/github/almasb/fxgl/17.2/fxgl-17.2.jar!/fxglassets/languages/english.lang
10:01:50.145 [FXGL Background Thread 1 ] INFO  FXGLApplication      - FXGL initialization took: 0.446 sec
10:01:50.145 [JavaFX Application Thread] DEBUG FXGLAssetLoaderServi - Loading from file system: jar:file:///C:/Users/2268518/.m2/repository/com/github/almasb/fxgl/17.2/fxgl-17.2.jar!/fxglassets/textures/fxgl_icon.png
10:01:50.172 [FXGL Background Thread 4 ] DEBUG FXGLAssetLoaderServi - Loading from file system: jar:file:///C:/Users/2268518/.m2/repository/com/github/almasb/fxgl/17.2/fxgl-17.2.jar!/fxglassets/ui/fonts/Abel-Regular.ttf
10:01:50.176 [FXGL Background Thread 4 ] DEBUG FXGLAssetLoaderServi - Loading from file system: jar:file:///C:/Users/2268518/.m2/repository/com/github/almasb/fxgl/17.2/fxgl-17.2.jar!/fxglassets/ui/fonts/TerminalLandMono-Regular.otf
10:01:50.178 [JavaFX Application Thread] DEBUG FXGLAssetLoaderServi - Loading from file system: jar:file:///C:/Users/2268518/.m2/repository/com/github/almasb/fxgl/17.2/fxgl-17.2.jar!/fxglassets/textures/fxgl_default_cursor.png
10:01:50.180 [FXGL Background Thread 4 ] DEBUG FXGLAssetLoaderServi - Loading from file system: jar:file:///C:/Users/2268518/.m2/repository/com/github/almasb/fxgl/17.2/fxgl-17.2.jar!/fxglassets/ui/fonts/Courier-Prime.ttf
10:01:50.194 [JavaFX Application Thread] DEBUG Input                - Registered new binding: Screenshot - CTRL+8
10:01:50.195 [JavaFX Application Thread] DEBUG Input                - Registered new binding: System info dump - CTRL+9
10:01:50.195 [JavaFX Application Thread] DEBUG Input                - Registered new binding: Restart - CTRL+R
10:01:50.196 [JavaFX Application Thread] DEBUG Input                - Registered new binding: Toggle Debug Camera - CTRL+7
10:01:50.198 [JavaFX Application Thread] DEBUG LoopRunner           - Starting loop
10:01:50.198 [JavaFX Application Thread] DEBUG LoopRunner           - Initializing JavaFX AnimationTimerLoop
10:01:50.201 [JavaFX Application Thread] DEBUG GameApplicationServi - Starting new game
10:01:50.202 [JavaFX Application Thread] DEBUG Input                - Clearing active input actions
10:01:50.214 [JavaFX Application Thread] DEBUG GameApplicationServi - Removing overlay from FXGLStartupScene and adding to FXGLLoadingScene
10:01:50.214 [JavaFX Application Thread] DEBUG PrimaryStageWindow   - FXGLStartupScene -> FXGLLoadingScene
10:01:50.214 [JavaFX Application Thread] DEBUG GameApplicationServi - Clearing previous game
10:01:50.215 [JavaFX Application Thread] DEBUG GameScene            - Clearing game scene
10:01:50.215 [JavaFX Application Thread] DEBUG GameWorld            - Clearing game world
10:01:50.215 [JavaFX Application Thread] DEBUG PhysicsWorld         - Clearing physics world
10:01:50.216 [FXGL Background Thread 4 ] DEBUG FXGLApplication      - Initializing game
10:01:50.217 [JavaFX Application Thread] DEBUG FXGLApplication      - Registering font factories with UI factory
10:01:50.218 [FXGL Background Thread 4 ] INFO  FXGLApplication      - Game initialization took: 0.001 sec
10:01:50.257 [JavaFX Application Thread] DEBUG Input                - Clearing active input actions
10:01:50.268 [JavaFX Application Thread] DEBUG GameApplicationServi - Removing overlay from FXGLLoadingScene and adding to GameScene
10:01:50.269 [JavaFX Application Thread] DEBUG PrimaryStageWindow   - FXGLLoadingScene -> GameScene
10:01:50.583 [FXGL Background Thread 2 ] INFO  UpdaterService       - Your current version:  17.2
10:01:50.583 [FXGL Background Thread 2 ] INFO  UpdaterService       - Latest stable version: 21
10:01:51.244 [JavaFX Application Thread] DEBUG FXGLApplication      - Exiting FXGL
10:01:51.244 [JavaFX Application Thread] DEBUG LoopRunner           - Stopping loop
10:01:51.244 [JavaFX Application Thread] DEBUG SystemBundleService  - Saving FXGL system data
10:01:51.246 [JavaFX Application Thread] DEBUG FileSystemAccess     - Writing to: C:\Users\2268518\Documents\GitHub\Project-Winter\proj\system\fxgl.bundle
10:01:51.248 [JavaFX Application Thread] DEBUG Async                - Shutting down background threads
10:01:51.248 [JavaFX Application Thread] DEBUG PrimaryStageWindow   - Closing main window
10:01:51.260 [JavaFX Application Thread] DEBUG Logger               - Closing Logger
