10:19:53.895 [main                     ] DEBUG Logger               - Configured Logger
10:19:53.921 [main                     ] DEBUG GameApplication      - Logging settings
Title: Untitled
Version: 0.0
Width: 800
Height: 600
Fullscreen: false
Intro: false
Profiling: false
Single step:false
App Mode: DEVELOPER
Menu Key: ESCAPE
Stage Style: DECORATED
Scene Factory: class com.almasb.fxgl.app.scene.SceneFactory

10:19:54.199 [JavaFX Application Thread] DEBUG FXGLApplication      - Initializing FXGL
10:19:54.205 [JavaFX Application Thread] INFO  Engine               - FXGL-17.2 (20.08.2022 16.50) on WINDOWS (J:18.0.1.1 FX:18.0.2)
10:19:54.206 [JavaFX Application Thread] DEBUG Engine               - JRE Vendor Name: Oracle Corporation
10:19:54.206 [JavaFX Application Thread] DEBUG Engine               - Running on OS: Windows 10 version 10.0
10:19:54.206 [JavaFX Application Thread] DEBUG Engine               - Architecture: amd64
10:19:54.206 [JavaFX Application Thread] INFO  Engine               - Source code and latest versions at: https://github.com/AlmasB/FXGL
10:19:54.206 [JavaFX Application Thread] INFO  Engine               -       Ask questions and discuss at: https://github.com/AlmasB/FXGL/discussions
10:19:54.206 [JavaFX Application Thread] INFO  Engine               -              Join the FXGL chat at: https://gitter.im/AlmasB/FXGL
10:19:54.289 [JavaFX Application Thread] DEBUG PrimaryStageWindow   - Creating a JavaFX scene
10:19:54.333 [JavaFX Application Thread] DEBUG PrimaryStageWindow   - Target settings size: 800.0 x 600.0
10:19:54.334 [JavaFX Application Thread] DEBUG PrimaryStageWindow   - Scaled scene size:    800.0 x 600.0
10:19:54.334 [JavaFX Application Thread] DEBUG PrimaryStageWindow   - Scaled ratio: (1.0, 1.0)
10:19:54.335 [JavaFX Application Thread] DEBUG PrimaryStageWindow   - Set initial scene to FXGLStartupScene
10:19:54.342 [JavaFX Application Thread] DEBUG PrimaryStageWindow   - Opening main window
10:19:54.409 [JavaFX Application Thread] DEBUG PrimaryStageWindow   - Window border size: (16.0, 39.0)
10:19:54.409 [JavaFX Application Thread] DEBUG PrimaryStageWindow   - Scaled size: 800.0 x 600.0
10:19:54.410 [JavaFX Application Thread] DEBUG PrimaryStageWindow   - Scaled ratio: (1.0, 1.0)
10:19:54.410 [JavaFX Application Thread] DEBUG PrimaryStageWindow   - Scene size: 800.0 x 600.0
10:19:54.411 [JavaFX Application Thread] DEBUG PrimaryStageWindow   - Stage size: 816.0 x 639.0
10:19:54.419 [FXGL Background Thread 1 ] DEBUG Engine               - Initializing environment variables
10:19:54.465 [FXGL Background Thread 1 ] DEBUG FXGLAssetLoaderServi - User app class for loading assets: class com.example.trials.HelloApplication
10:19:54.466 [FXGL Background Thread 1 ] DEBUG GameApplicationServi - Applying CSS: fxgl_dark.css
10:19:54.466 [FXGL Background Thread 1 ] DEBUG FXGLAssetLoaderServi - Loading from file system: jar:file:///C:/Users/2268518/.m2/repository/com/github/almasb/fxgl/17.2/fxgl-17.2.jar!/fxglassets/ui/css/fxgl_dark.css
10:19:54.512 [FXGL Background Thread 1 ] DEBUG GameApplicationServi - Initializing application scenes
10:19:54.549 [FXGL Background Thread 1 ] DEBUG GameWorld            - Game world initialized
10:19:54.597 [FXGL Background Thread 1 ] DEBUG PhysicsWorld         - Physics world initialized: appHeight=600, physics.ppm=50.0
10:19:54.598 [FXGL Background Thread 1 ] DEBUG PhysicsWorld         - Using strategy: BRUTE_FORCE
10:19:54.601 [FXGL Background Thread 1 ] DEBUG GameScene            - Game scene initialized: 800x600
10:19:54.613 [FXGL Background Thread 1 ] DEBUG FXGL.DefaultMenu     - createMenuBodyGameMenu()
10:19:54.628 [FXGL Background Thread 1 ] DEBUG FXGL.DefaultMenu     - createOptionsMenu()
10:19:54.642 [FXGL Background Thread 1 ] DEBUG FXGLAssetLoaderServi - Loading from file system: jar:file:///C:/Users/2268518/.m2/repository/com/github/almasb/fxgl/17.2/fxgl-17.2.jar!/fxglassets/textures/particles/smoke.png
10:19:54.730 [FXGL Background Thread 1 ] DEBUG FXGLAssetLoaderServi - Loading from file system: jar:file:///C:/Users/2268518/.m2/repository/com/github/almasb/fxgl/17.2/fxgl-17.2.jar!/fxglassets/textures/particles/trace_horizontal.png
10:19:54.753 [FXGL Background Thread 1 ] DEBUG GameApplicationServi - Application scenes initialized
10:19:54.769 [FXGL Background Thread 1 ] DEBUG SystemBundleService  - Loading default FXGL system data
10:19:54.770 [FXGL Background Thread 1 ] DEBUG UpdaterService       - Checking for updates
10:19:54.773 [FXGL Background Thread 4 ] DEBUG FXGLApplication      - Loading fonts
10:19:54.774 [FXGL Background Thread 1 ] DEBUG FXGLApplication      - Loading default localization
10:19:54.774 [FXGL Background Thread 4 ] DEBUG FXGLAssetLoaderServi - Loading from file system: jar:file:///C:/Users/2268518/.m2/repository/com/github/almasb/fxgl/17.2/fxgl-17.2.jar!/fxglassets/ui/fonts/VarelaRound-Regular.ttf
10:19:54.774 [FXGL Background Thread 1 ] DEBUG FXGLAssetLoaderServi - Loading from file system: jar:file:///C:/Users/2268518/.m2/repository/com/github/almasb/fxgl/17.2/fxgl-17.2.jar!/fxglassets/languages/english.lang
10:19:54.792 [FXGL Background Thread 1 ] INFO  FXGLApplication      - FXGL initialization took: 0.373 sec
10:19:54.793 [JavaFX Application Thread] DEBUG FXGLAssetLoaderServi - Loading from file system: jar:file:///C:/Users/2268518/.m2/repository/com/github/almasb/fxgl/17.2/fxgl-17.2.jar!/fxglassets/textures/fxgl_icon.png
10:19:54.813 [JavaFX Application Thread] DEBUG FXGLAssetLoaderServi - Loading from file system: jar:file:///C:/Users/2268518/.m2/repository/com/github/almasb/fxgl/17.2/fxgl-17.2.jar!/fxglassets/textures/fxgl_default_cursor.png
10:19:54.818 [FXGL Background Thread 4 ] DEBUG FXGLAssetLoaderServi - Loading from file system: jar:file:///C:/Users/2268518/.m2/repository/com/github/almasb/fxgl/17.2/fxgl-17.2.jar!/fxglassets/ui/fonts/Abel-Regular.ttf
10:19:54.822 [FXGL Background Thread 4 ] DEBUG FXGLAssetLoaderServi - Loading from file system: jar:file:///C:/Users/2268518/.m2/repository/com/github/almasb/fxgl/17.2/fxgl-17.2.jar!/fxglassets/ui/fonts/TerminalLandMono-Regular.otf
10:19:54.825 [FXGL Background Thread 4 ] DEBUG FXGLAssetLoaderServi - Loading from file system: jar:file:///C:/Users/2268518/.m2/repository/com/github/almasb/fxgl/17.2/fxgl-17.2.jar!/fxglassets/ui/fonts/Courier-Prime.ttf
10:19:54.828 [JavaFX Application Thread] DEBUG Input                - Registered new binding: Screenshot - CTRL+8
10:19:54.829 [JavaFX Application Thread] DEBUG Input                - Registered new binding: System info dump - CTRL+9
10:19:54.829 [JavaFX Application Thread] DEBUG Input                - Registered new binding: Restart - CTRL+R
10:19:54.830 [JavaFX Application Thread] DEBUG Input                - Registered new binding: Toggle Debug Camera - CTRL+7
10:19:54.833 [JavaFX Application Thread] DEBUG LoopRunner           - Starting loop
10:19:54.833 [JavaFX Application Thread] DEBUG LoopRunner           - Initializing JavaFX AnimationTimerLoop
10:19:54.836 [JavaFX Application Thread] DEBUG GameApplicationServi - Starting new game
10:19:54.836 [JavaFX Application Thread] DEBUG Input                - Clearing active input actions
10:19:54.844 [JavaFX Application Thread] DEBUG GameApplicationServi - Removing overlay from FXGLStartupScene and adding to FXGLLoadingScene
10:19:54.844 [JavaFX Application Thread] DEBUG PrimaryStageWindow   - FXGLStartupScene -> FXGLLoadingScene
10:19:54.845 [JavaFX Application Thread] DEBUG GameApplicationServi - Clearing previous game
10:19:54.845 [JavaFX Application Thread] DEBUG GameScene            - Clearing game scene
10:19:54.845 [JavaFX Application Thread] DEBUG GameWorld            - Clearing game world
10:19:54.845 [JavaFX Application Thread] DEBUG PhysicsWorld         - Clearing physics world
10:19:54.846 [FXGL Background Thread 4 ] DEBUG FXGLApplication      - Initializing game
10:19:54.847 [FXGL Background Thread 4 ] INFO  FXGLApplication      - Game initialization took: 0.001 sec
10:19:54.852 [JavaFX Application Thread] DEBUG FXGLApplication      - Registering font factories with UI factory
10:19:54.884 [JavaFX Application Thread] DEBUG Input                - Clearing active input actions
10:19:54.893 [JavaFX Application Thread] DEBUG GameApplicationServi - Removing overlay from FXGLLoadingScene and adding to GameScene
10:19:54.893 [JavaFX Application Thread] DEBUG PrimaryStageWindow   - FXGLLoadingScene -> GameScene
10:19:55.194 [FXGL Background Thread 2 ] INFO  UpdaterService       - Your current version:  17.2
10:19:55.194 [FXGL Background Thread 2 ] INFO  UpdaterService       - Latest stable version: 21
10:19:57.261 [JavaFX Application Thread] DEBUG FXGLApplication      - Exiting FXGL
10:19:57.261 [JavaFX Application Thread] DEBUG LoopRunner           - Stopping loop
10:19:57.262 [JavaFX Application Thread] DEBUG SystemBundleService  - Saving FXGL system data
10:19:57.263 [JavaFX Application Thread] DEBUG FileSystemAccess     - Writing to: C:\Users\2268518\Documents\GitHub\Project-Winter\Trials\system\fxgl.bundle
10:19:57.269 [JavaFX Application Thread] DEBUG Async                - Shutting down background threads
10:19:57.269 [JavaFX Application Thread] DEBUG PrimaryStageWindow   - Closing main window
10:19:57.283 [JavaFX Application Thread] DEBUG Logger               - Closing Logger
